[2024-07-31T12:08:53.189+0000] {processor.py:161} INFO - Started process (PID=94) to work on /home/airflow/.local/lib/python3.12/site-packages/airflow/example_dags/example_sensor_decorator.py
[2024-07-31T12:08:53.189+0000] {processor.py:830} INFO - Processing file /home/airflow/.local/lib/python3.12/site-packages/airflow/example_dags/example_sensor_decorator.py for tasks to queue
[2024-07-31T12:08:53.191+0000] {logging_mixin.py:188} INFO - [2024-07-31T12:08:53.190+0000] {dagbag.py:545} INFO - Filling up the DagBag from /home/airflow/.local/lib/python3.12/site-packages/airflow/example_dags/example_sensor_decorator.py
[2024-07-31T12:08:53.200+0000] {processor.py:840} INFO - DAG(s) 'example_sensor_decorator' retrieved from /home/airflow/.local/lib/python3.12/site-packages/airflow/example_dags/example_sensor_decorator.py
[2024-07-31T12:08:53.347+0000] {logging_mixin.py:188} INFO - [2024-07-31T12:08:53.346+0000] {override.py:1858} INFO - Created Permission View: can delete on DAG:example_sensor_decorator
[2024-07-31T12:08:53.355+0000] {logging_mixin.py:188} INFO - [2024-07-31T12:08:53.355+0000] {override.py:1858} INFO - Created Permission View: can read on DAG:example_sensor_decorator
[2024-07-31T12:08:53.360+0000] {logging_mixin.py:188} INFO - [2024-07-31T12:08:53.360+0000] {override.py:1858} INFO - Created Permission View: can edit on DAG:example_sensor_decorator
[2024-07-31T12:08:53.361+0000] {logging_mixin.py:188} INFO - [2024-07-31T12:08:53.360+0000] {dag.py:3089} INFO - Sync 1 DAGs
[2024-07-31T12:08:53.372+0000] {logging_mixin.py:188} INFO - [2024-07-31T12:08:53.372+0000] {dag.py:3111} INFO - Creating ORM DAG for example_sensor_decorator
[2024-07-31T12:08:53.373+0000] {logging_mixin.py:188} INFO - [2024-07-31T12:08:53.373+0000] {dag.py:3947} INFO - Setting next_dagrun for example_sensor_decorator to None, run_after=None
[2024-07-31T12:08:53.396+0000] {processor.py:183} INFO - Processing /home/airflow/.local/lib/python3.12/site-packages/airflow/example_dags/example_sensor_decorator.py took 0.213 seconds
[2024-07-31T12:09:24.221+0000] {processor.py:161} INFO - Started process (PID=152) to work on /home/airflow/.local/lib/python3.12/site-packages/airflow/example_dags/example_sensor_decorator.py
[2024-07-31T12:09:24.222+0000] {processor.py:830} INFO - Processing file /home/airflow/.local/lib/python3.12/site-packages/airflow/example_dags/example_sensor_decorator.py for tasks to queue
[2024-07-31T12:09:24.224+0000] {logging_mixin.py:188} INFO - [2024-07-31T12:09:24.223+0000] {dagbag.py:545} INFO - Filling up the DagBag from /home/airflow/.local/lib/python3.12/site-packages/airflow/example_dags/example_sensor_decorator.py
[2024-07-31T12:09:24.234+0000] {processor.py:840} INFO - DAG(s) 'example_sensor_decorator' retrieved from /home/airflow/.local/lib/python3.12/site-packages/airflow/example_dags/example_sensor_decorator.py
[2024-07-31T12:09:24.265+0000] {logging_mixin.py:188} INFO - [2024-07-31T12:09:24.265+0000] {dag.py:3089} INFO - Sync 1 DAGs
[2024-07-31T12:09:24.285+0000] {logging_mixin.py:188} INFO - [2024-07-31T12:09:24.284+0000] {dag.py:3947} INFO - Setting next_dagrun for example_sensor_decorator to None, run_after=None
[2024-07-31T12:09:24.315+0000] {processor.py:183} INFO - Processing /home/airflow/.local/lib/python3.12/site-packages/airflow/example_dags/example_sensor_decorator.py took 0.103 seconds
[2024-07-31T12:09:54.631+0000] {processor.py:161} INFO - Started process (PID=210) to work on /home/airflow/.local/lib/python3.12/site-packages/airflow/example_dags/example_sensor_decorator.py
[2024-07-31T12:09:54.632+0000] {processor.py:830} INFO - Processing file /home/airflow/.local/lib/python3.12/site-packages/airflow/example_dags/example_sensor_decorator.py for tasks to queue
[2024-07-31T12:09:54.633+0000] {logging_mixin.py:188} INFO - [2024-07-31T12:09:54.633+0000] {dagbag.py:545} INFO - Filling up the DagBag from /home/airflow/.local/lib/python3.12/site-packages/airflow/example_dags/example_sensor_decorator.py
[2024-07-31T12:09:54.639+0000] {processor.py:840} INFO - DAG(s) 'example_sensor_decorator' retrieved from /home/airflow/.local/lib/python3.12/site-packages/airflow/example_dags/example_sensor_decorator.py
[2024-07-31T12:09:54.661+0000] {logging_mixin.py:188} INFO - [2024-07-31T12:09:54.661+0000] {dag.py:3089} INFO - Sync 1 DAGs
[2024-07-31T12:09:54.678+0000] {logging_mixin.py:188} INFO - [2024-07-31T12:09:54.678+0000] {dag.py:3947} INFO - Setting next_dagrun for example_sensor_decorator to None, run_after=None
[2024-07-31T12:09:54.704+0000] {processor.py:183} INFO - Processing /home/airflow/.local/lib/python3.12/site-packages/airflow/example_dags/example_sensor_decorator.py took 0.079 seconds
[2024-07-31T12:10:25.262+0000] {processor.py:161} INFO - Started process (PID=274) to work on /home/airflow/.local/lib/python3.12/site-packages/airflow/example_dags/example_sensor_decorator.py
[2024-07-31T12:10:25.263+0000] {processor.py:830} INFO - Processing file /home/airflow/.local/lib/python3.12/site-packages/airflow/example_dags/example_sensor_decorator.py for tasks to queue
[2024-07-31T12:10:25.264+0000] {logging_mixin.py:188} INFO - [2024-07-31T12:10:25.264+0000] {dagbag.py:545} INFO - Filling up the DagBag from /home/airflow/.local/lib/python3.12/site-packages/airflow/example_dags/example_sensor_decorator.py
[2024-07-31T12:10:25.269+0000] {processor.py:840} INFO - DAG(s) 'example_sensor_decorator' retrieved from /home/airflow/.local/lib/python3.12/site-packages/airflow/example_dags/example_sensor_decorator.py
[2024-07-31T12:10:25.292+0000] {logging_mixin.py:188} INFO - [2024-07-31T12:10:25.291+0000] {dag.py:3089} INFO - Sync 1 DAGs
[2024-07-31T12:10:25.307+0000] {logging_mixin.py:188} INFO - [2024-07-31T12:10:25.307+0000] {dag.py:3947} INFO - Setting next_dagrun for example_sensor_decorator to None, run_after=None
[2024-07-31T12:10:25.328+0000] {processor.py:183} INFO - Processing /home/airflow/.local/lib/python3.12/site-packages/airflow/example_dags/example_sensor_decorator.py took 0.071 seconds
[2024-07-31T12:10:55.380+0000] {processor.py:161} INFO - Started process (PID=331) to work on /home/airflow/.local/lib/python3.12/site-packages/airflow/example_dags/example_sensor_decorator.py
[2024-07-31T12:10:55.381+0000] {processor.py:830} INFO - Processing file /home/airflow/.local/lib/python3.12/site-packages/airflow/example_dags/example_sensor_decorator.py for tasks to queue
[2024-07-31T12:10:55.383+0000] {logging_mixin.py:188} INFO - [2024-07-31T12:10:55.382+0000] {dagbag.py:545} INFO - Filling up the DagBag from /home/airflow/.local/lib/python3.12/site-packages/airflow/example_dags/example_sensor_decorator.py
[2024-07-31T12:10:55.390+0000] {processor.py:840} INFO - DAG(s) 'example_sensor_decorator' retrieved from /home/airflow/.local/lib/python3.12/site-packages/airflow/example_dags/example_sensor_decorator.py
[2024-07-31T12:10:55.408+0000] {logging_mixin.py:188} INFO - [2024-07-31T12:10:55.408+0000] {dag.py:3089} INFO - Sync 1 DAGs
[2024-07-31T12:10:55.420+0000] {logging_mixin.py:188} INFO - [2024-07-31T12:10:55.420+0000] {dag.py:3947} INFO - Setting next_dagrun for example_sensor_decorator to None, run_after=None
[2024-07-31T12:10:55.441+0000] {processor.py:183} INFO - Processing /home/airflow/.local/lib/python3.12/site-packages/airflow/example_dags/example_sensor_decorator.py took 0.067 seconds
[2024-07-31T12:11:26.125+0000] {processor.py:161} INFO - Started process (PID=389) to work on /home/airflow/.local/lib/python3.12/site-packages/airflow/example_dags/example_sensor_decorator.py
[2024-07-31T12:11:26.125+0000] {processor.py:830} INFO - Processing file /home/airflow/.local/lib/python3.12/site-packages/airflow/example_dags/example_sensor_decorator.py for tasks to queue
[2024-07-31T12:11:26.127+0000] {logging_mixin.py:188} INFO - [2024-07-31T12:11:26.127+0000] {dagbag.py:545} INFO - Filling up the DagBag from /home/airflow/.local/lib/python3.12/site-packages/airflow/example_dags/example_sensor_decorator.py
[2024-07-31T12:11:26.134+0000] {processor.py:840} INFO - DAG(s) 'example_sensor_decorator' retrieved from /home/airflow/.local/lib/python3.12/site-packages/airflow/example_dags/example_sensor_decorator.py
[2024-07-31T12:11:26.159+0000] {logging_mixin.py:188} INFO - [2024-07-31T12:11:26.159+0000] {dag.py:3089} INFO - Sync 1 DAGs
[2024-07-31T12:11:26.178+0000] {logging_mixin.py:188} INFO - [2024-07-31T12:11:26.177+0000] {dag.py:3947} INFO - Setting next_dagrun for example_sensor_decorator to None, run_after=None
[2024-07-31T12:11:26.201+0000] {processor.py:183} INFO - Processing /home/airflow/.local/lib/python3.12/site-packages/airflow/example_dags/example_sensor_decorator.py took 0.082 seconds
[2024-07-31T12:11:56.632+0000] {processor.py:161} INFO - Started process (PID=447) to work on /home/airflow/.local/lib/python3.12/site-packages/airflow/example_dags/example_sensor_decorator.py
[2024-07-31T12:11:56.637+0000] {processor.py:830} INFO - Processing file /home/airflow/.local/lib/python3.12/site-packages/airflow/example_dags/example_sensor_decorator.py for tasks to queue
[2024-07-31T12:11:56.639+0000] {logging_mixin.py:188} INFO - [2024-07-31T12:11:56.639+0000] {dagbag.py:545} INFO - Filling up the DagBag from /home/airflow/.local/lib/python3.12/site-packages/airflow/example_dags/example_sensor_decorator.py
[2024-07-31T12:11:56.645+0000] {processor.py:840} INFO - DAG(s) 'example_sensor_decorator' retrieved from /home/airflow/.local/lib/python3.12/site-packages/airflow/example_dags/example_sensor_decorator.py
[2024-07-31T12:11:56.663+0000] {logging_mixin.py:188} INFO - [2024-07-31T12:11:56.663+0000] {dag.py:3089} INFO - Sync 1 DAGs
[2024-07-31T12:11:56.676+0000] {logging_mixin.py:188} INFO - [2024-07-31T12:11:56.675+0000] {dag.py:3947} INFO - Setting next_dagrun for example_sensor_decorator to None, run_after=None
[2024-07-31T12:11:56.697+0000] {processor.py:183} INFO - Processing /home/airflow/.local/lib/python3.12/site-packages/airflow/example_dags/example_sensor_decorator.py took 0.072 seconds
[2024-07-31T12:12:26.771+0000] {processor.py:161} INFO - Started process (PID=504) to work on /home/airflow/.local/lib/python3.12/site-packages/airflow/example_dags/example_sensor_decorator.py
[2024-07-31T12:12:26.772+0000] {processor.py:830} INFO - Processing file /home/airflow/.local/lib/python3.12/site-packages/airflow/example_dags/example_sensor_decorator.py for tasks to queue
[2024-07-31T12:12:26.774+0000] {logging_mixin.py:188} INFO - [2024-07-31T12:12:26.774+0000] {dagbag.py:545} INFO - Filling up the DagBag from /home/airflow/.local/lib/python3.12/site-packages/airflow/example_dags/example_sensor_decorator.py
[2024-07-31T12:12:26.780+0000] {processor.py:840} INFO - DAG(s) 'example_sensor_decorator' retrieved from /home/airflow/.local/lib/python3.12/site-packages/airflow/example_dags/example_sensor_decorator.py
[2024-07-31T12:12:26.799+0000] {logging_mixin.py:188} INFO - [2024-07-31T12:12:26.799+0000] {dag.py:3089} INFO - Sync 1 DAGs
[2024-07-31T12:12:26.812+0000] {logging_mixin.py:188} INFO - [2024-07-31T12:12:26.812+0000] {dag.py:3947} INFO - Setting next_dagrun for example_sensor_decorator to None, run_after=None
[2024-07-31T12:12:26.838+0000] {processor.py:183} INFO - Processing /home/airflow/.local/lib/python3.12/site-packages/airflow/example_dags/example_sensor_decorator.py took 0.072 seconds
[2024-07-31T12:12:57.489+0000] {processor.py:161} INFO - Started process (PID=562) to work on /home/airflow/.local/lib/python3.12/site-packages/airflow/example_dags/example_sensor_decorator.py
[2024-07-31T12:12:57.490+0000] {processor.py:830} INFO - Processing file /home/airflow/.local/lib/python3.12/site-packages/airflow/example_dags/example_sensor_decorator.py for tasks to queue
[2024-07-31T12:12:57.491+0000] {logging_mixin.py:188} INFO - [2024-07-31T12:12:57.491+0000] {dagbag.py:545} INFO - Filling up the DagBag from /home/airflow/.local/lib/python3.12/site-packages/airflow/example_dags/example_sensor_decorator.py
[2024-07-31T12:12:57.499+0000] {processor.py:840} INFO - DAG(s) 'example_sensor_decorator' retrieved from /home/airflow/.local/lib/python3.12/site-packages/airflow/example_dags/example_sensor_decorator.py
[2024-07-31T12:12:57.520+0000] {logging_mixin.py:188} INFO - [2024-07-31T12:12:57.520+0000] {dag.py:3089} INFO - Sync 1 DAGs
[2024-07-31T12:12:57.538+0000] {logging_mixin.py:188} INFO - [2024-07-31T12:12:57.538+0000] {dag.py:3947} INFO - Setting next_dagrun for example_sensor_decorator to None, run_after=None
[2024-07-31T12:12:57.565+0000] {processor.py:183} INFO - Processing /home/airflow/.local/lib/python3.12/site-packages/airflow/example_dags/example_sensor_decorator.py took 0.081 seconds
[2024-07-31T12:13:28.041+0000] {processor.py:161} INFO - Started process (PID=619) to work on /home/airflow/.local/lib/python3.12/site-packages/airflow/example_dags/example_sensor_decorator.py
[2024-07-31T12:13:28.043+0000] {processor.py:830} INFO - Processing file /home/airflow/.local/lib/python3.12/site-packages/airflow/example_dags/example_sensor_decorator.py for tasks to queue
[2024-07-31T12:13:28.045+0000] {logging_mixin.py:188} INFO - [2024-07-31T12:13:28.045+0000] {dagbag.py:545} INFO - Filling up the DagBag from /home/airflow/.local/lib/python3.12/site-packages/airflow/example_dags/example_sensor_decorator.py
[2024-07-31T12:13:28.052+0000] {processor.py:840} INFO - DAG(s) 'example_sensor_decorator' retrieved from /home/airflow/.local/lib/python3.12/site-packages/airflow/example_dags/example_sensor_decorator.py
[2024-07-31T12:13:28.077+0000] {logging_mixin.py:188} INFO - [2024-07-31T12:13:28.077+0000] {dag.py:3089} INFO - Sync 1 DAGs
[2024-07-31T12:13:28.096+0000] {logging_mixin.py:188} INFO - [2024-07-31T12:13:28.096+0000] {dag.py:3947} INFO - Setting next_dagrun for example_sensor_decorator to None, run_after=None
[2024-07-31T12:13:28.131+0000] {processor.py:183} INFO - Processing /home/airflow/.local/lib/python3.12/site-packages/airflow/example_dags/example_sensor_decorator.py took 0.097 seconds
[2024-07-31T12:13:59.283+0000] {processor.py:161} INFO - Started process (PID=677) to work on /home/airflow/.local/lib/python3.12/site-packages/airflow/example_dags/example_sensor_decorator.py
[2024-07-31T12:13:59.284+0000] {processor.py:830} INFO - Processing file /home/airflow/.local/lib/python3.12/site-packages/airflow/example_dags/example_sensor_decorator.py for tasks to queue
[2024-07-31T12:13:59.286+0000] {logging_mixin.py:188} INFO - [2024-07-31T12:13:59.285+0000] {dagbag.py:545} INFO - Filling up the DagBag from /home/airflow/.local/lib/python3.12/site-packages/airflow/example_dags/example_sensor_decorator.py
[2024-07-31T12:13:59.293+0000] {processor.py:840} INFO - DAG(s) 'example_sensor_decorator' retrieved from /home/airflow/.local/lib/python3.12/site-packages/airflow/example_dags/example_sensor_decorator.py
[2024-07-31T12:13:59.324+0000] {logging_mixin.py:188} INFO - [2024-07-31T12:13:59.324+0000] {dag.py:3089} INFO - Sync 1 DAGs
[2024-07-31T12:13:59.342+0000] {logging_mixin.py:188} INFO - [2024-07-31T12:13:59.342+0000] {dag.py:3947} INFO - Setting next_dagrun for example_sensor_decorator to None, run_after=None
[2024-07-31T12:13:59.377+0000] {processor.py:183} INFO - Processing /home/airflow/.local/lib/python3.12/site-packages/airflow/example_dags/example_sensor_decorator.py took 0.102 seconds
[2024-07-31T12:14:30.258+0000] {processor.py:161} INFO - Started process (PID=735) to work on /home/airflow/.local/lib/python3.12/site-packages/airflow/example_dags/example_sensor_decorator.py
[2024-07-31T12:14:30.258+0000] {processor.py:830} INFO - Processing file /home/airflow/.local/lib/python3.12/site-packages/airflow/example_dags/example_sensor_decorator.py for tasks to queue
[2024-07-31T12:14:30.260+0000] {logging_mixin.py:188} INFO - [2024-07-31T12:14:30.259+0000] {dagbag.py:545} INFO - Filling up the DagBag from /home/airflow/.local/lib/python3.12/site-packages/airflow/example_dags/example_sensor_decorator.py
[2024-07-31T12:14:30.264+0000] {processor.py:840} INFO - DAG(s) 'example_sensor_decorator' retrieved from /home/airflow/.local/lib/python3.12/site-packages/airflow/example_dags/example_sensor_decorator.py
[2024-07-31T12:14:30.290+0000] {logging_mixin.py:188} INFO - [2024-07-31T12:14:30.289+0000] {dag.py:3089} INFO - Sync 1 DAGs
[2024-07-31T12:14:30.309+0000] {logging_mixin.py:188} INFO - [2024-07-31T12:14:30.309+0000] {dag.py:3947} INFO - Setting next_dagrun for example_sensor_decorator to None, run_after=None
[2024-07-31T12:14:30.338+0000] {processor.py:183} INFO - Processing /home/airflow/.local/lib/python3.12/site-packages/airflow/example_dags/example_sensor_decorator.py took 0.086 seconds
[2024-07-31T12:15:00.594+0000] {processor.py:161} INFO - Started process (PID=793) to work on /home/airflow/.local/lib/python3.12/site-packages/airflow/example_dags/example_sensor_decorator.py
[2024-07-31T12:15:00.594+0000] {processor.py:830} INFO - Processing file /home/airflow/.local/lib/python3.12/site-packages/airflow/example_dags/example_sensor_decorator.py for tasks to queue
[2024-07-31T12:15:00.596+0000] {logging_mixin.py:188} INFO - [2024-07-31T12:15:00.595+0000] {dagbag.py:545} INFO - Filling up the DagBag from /home/airflow/.local/lib/python3.12/site-packages/airflow/example_dags/example_sensor_decorator.py
[2024-07-31T12:15:00.600+0000] {processor.py:840} INFO - DAG(s) 'example_sensor_decorator' retrieved from /home/airflow/.local/lib/python3.12/site-packages/airflow/example_dags/example_sensor_decorator.py
[2024-07-31T12:15:00.624+0000] {logging_mixin.py:188} INFO - [2024-07-31T12:15:00.624+0000] {dag.py:3089} INFO - Sync 1 DAGs
[2024-07-31T12:15:00.643+0000] {logging_mixin.py:188} INFO - [2024-07-31T12:15:00.642+0000] {dag.py:3947} INFO - Setting next_dagrun for example_sensor_decorator to None, run_after=None
[2024-07-31T12:15:00.672+0000] {processor.py:183} INFO - Processing /home/airflow/.local/lib/python3.12/site-packages/airflow/example_dags/example_sensor_decorator.py took 0.084 seconds
[2024-07-31T12:15:31.100+0000] {processor.py:161} INFO - Started process (PID=850) to work on /home/airflow/.local/lib/python3.12/site-packages/airflow/example_dags/example_sensor_decorator.py
[2024-07-31T12:15:31.101+0000] {processor.py:830} INFO - Processing file /home/airflow/.local/lib/python3.12/site-packages/airflow/example_dags/example_sensor_decorator.py for tasks to queue
[2024-07-31T12:15:31.103+0000] {logging_mixin.py:188} INFO - [2024-07-31T12:15:31.103+0000] {dagbag.py:545} INFO - Filling up the DagBag from /home/airflow/.local/lib/python3.12/site-packages/airflow/example_dags/example_sensor_decorator.py
[2024-07-31T12:15:31.109+0000] {processor.py:840} INFO - DAG(s) 'example_sensor_decorator' retrieved from /home/airflow/.local/lib/python3.12/site-packages/airflow/example_dags/example_sensor_decorator.py
[2024-07-31T12:15:31.132+0000] {logging_mixin.py:188} INFO - [2024-07-31T12:15:31.131+0000] {dag.py:3089} INFO - Sync 1 DAGs
[2024-07-31T12:15:31.146+0000] {logging_mixin.py:188} INFO - [2024-07-31T12:15:31.145+0000] {dag.py:3947} INFO - Setting next_dagrun for example_sensor_decorator to None, run_after=None
[2024-07-31T12:15:31.175+0000] {processor.py:183} INFO - Processing /home/airflow/.local/lib/python3.12/site-packages/airflow/example_dags/example_sensor_decorator.py took 0.083 seconds
[2024-07-31T12:16:01.252+0000] {processor.py:161} INFO - Started process (PID=907) to work on /home/airflow/.local/lib/python3.12/site-packages/airflow/example_dags/example_sensor_decorator.py
[2024-07-31T12:16:01.253+0000] {processor.py:830} INFO - Processing file /home/airflow/.local/lib/python3.12/site-packages/airflow/example_dags/example_sensor_decorator.py for tasks to queue
[2024-07-31T12:16:01.254+0000] {logging_mixin.py:188} INFO - [2024-07-31T12:16:01.254+0000] {dagbag.py:545} INFO - Filling up the DagBag from /home/airflow/.local/lib/python3.12/site-packages/airflow/example_dags/example_sensor_decorator.py
[2024-07-31T12:16:01.259+0000] {processor.py:840} INFO - DAG(s) 'example_sensor_decorator' retrieved from /home/airflow/.local/lib/python3.12/site-packages/airflow/example_dags/example_sensor_decorator.py
[2024-07-31T12:16:01.285+0000] {logging_mixin.py:188} INFO - [2024-07-31T12:16:01.284+0000] {dag.py:3089} INFO - Sync 1 DAGs
[2024-07-31T12:16:01.305+0000] {logging_mixin.py:188} INFO - [2024-07-31T12:16:01.304+0000] {dag.py:3947} INFO - Setting next_dagrun for example_sensor_decorator to None, run_after=None
[2024-07-31T12:16:01.336+0000] {processor.py:183} INFO - Processing /home/airflow/.local/lib/python3.12/site-packages/airflow/example_dags/example_sensor_decorator.py took 0.090 seconds
[2024-07-31T12:16:31.662+0000] {processor.py:161} INFO - Started process (PID=964) to work on /home/airflow/.local/lib/python3.12/site-packages/airflow/example_dags/example_sensor_decorator.py
[2024-07-31T12:16:31.663+0000] {processor.py:830} INFO - Processing file /home/airflow/.local/lib/python3.12/site-packages/airflow/example_dags/example_sensor_decorator.py for tasks to queue
[2024-07-31T12:16:31.664+0000] {logging_mixin.py:188} INFO - [2024-07-31T12:16:31.664+0000] {dagbag.py:545} INFO - Filling up the DagBag from /home/airflow/.local/lib/python3.12/site-packages/airflow/example_dags/example_sensor_decorator.py
[2024-07-31T12:16:31.669+0000] {processor.py:840} INFO - DAG(s) 'example_sensor_decorator' retrieved from /home/airflow/.local/lib/python3.12/site-packages/airflow/example_dags/example_sensor_decorator.py
[2024-07-31T12:16:31.695+0000] {logging_mixin.py:188} INFO - [2024-07-31T12:16:31.694+0000] {dag.py:3089} INFO - Sync 1 DAGs
[2024-07-31T12:16:31.714+0000] {logging_mixin.py:188} INFO - [2024-07-31T12:16:31.713+0000] {dag.py:3947} INFO - Setting next_dagrun for example_sensor_decorator to None, run_after=None
[2024-07-31T12:16:31.739+0000] {processor.py:183} INFO - Processing /home/airflow/.local/lib/python3.12/site-packages/airflow/example_dags/example_sensor_decorator.py took 0.082 seconds
[2024-07-31T12:17:02.713+0000] {processor.py:161} INFO - Started process (PID=1021) to work on /home/airflow/.local/lib/python3.12/site-packages/airflow/example_dags/example_sensor_decorator.py
[2024-07-31T12:17:02.715+0000] {processor.py:830} INFO - Processing file /home/airflow/.local/lib/python3.12/site-packages/airflow/example_dags/example_sensor_decorator.py for tasks to queue
[2024-07-31T12:17:02.717+0000] {logging_mixin.py:188} INFO - [2024-07-31T12:17:02.716+0000] {dagbag.py:545} INFO - Filling up the DagBag from /home/airflow/.local/lib/python3.12/site-packages/airflow/example_dags/example_sensor_decorator.py
[2024-07-31T12:17:02.724+0000] {processor.py:840} INFO - DAG(s) 'example_sensor_decorator' retrieved from /home/airflow/.local/lib/python3.12/site-packages/airflow/example_dags/example_sensor_decorator.py
[2024-07-31T12:17:02.750+0000] {logging_mixin.py:188} INFO - [2024-07-31T12:17:02.749+0000] {dag.py:3089} INFO - Sync 1 DAGs
[2024-07-31T12:17:02.768+0000] {logging_mixin.py:188} INFO - [2024-07-31T12:17:02.768+0000] {dag.py:3947} INFO - Setting next_dagrun for example_sensor_decorator to None, run_after=None
[2024-07-31T12:17:02.798+0000] {processor.py:183} INFO - Processing /home/airflow/.local/lib/python3.12/site-packages/airflow/example_dags/example_sensor_decorator.py took 0.093 seconds
[2024-07-31T12:17:33.667+0000] {processor.py:161} INFO - Started process (PID=1079) to work on /home/airflow/.local/lib/python3.12/site-packages/airflow/example_dags/example_sensor_decorator.py
[2024-07-31T12:17:33.667+0000] {processor.py:830} INFO - Processing file /home/airflow/.local/lib/python3.12/site-packages/airflow/example_dags/example_sensor_decorator.py for tasks to queue
[2024-07-31T12:17:33.669+0000] {logging_mixin.py:188} INFO - [2024-07-31T12:17:33.668+0000] {dagbag.py:545} INFO - Filling up the DagBag from /home/airflow/.local/lib/python3.12/site-packages/airflow/example_dags/example_sensor_decorator.py
[2024-07-31T12:17:33.673+0000] {processor.py:840} INFO - DAG(s) 'example_sensor_decorator' retrieved from /home/airflow/.local/lib/python3.12/site-packages/airflow/example_dags/example_sensor_decorator.py
[2024-07-31T12:17:33.690+0000] {logging_mixin.py:188} INFO - [2024-07-31T12:17:33.690+0000] {dag.py:3089} INFO - Sync 1 DAGs
[2024-07-31T12:17:33.702+0000] {logging_mixin.py:188} INFO - [2024-07-31T12:17:33.701+0000] {dag.py:3947} INFO - Setting next_dagrun for example_sensor_decorator to None, run_after=None
[2024-07-31T12:17:33.726+0000] {processor.py:183} INFO - Processing /home/airflow/.local/lib/python3.12/site-packages/airflow/example_dags/example_sensor_decorator.py took 0.066 seconds
[2024-07-31T12:18:04.300+0000] {processor.py:161} INFO - Started process (PID=1137) to work on /home/airflow/.local/lib/python3.12/site-packages/airflow/example_dags/example_sensor_decorator.py
[2024-07-31T12:18:04.301+0000] {processor.py:830} INFO - Processing file /home/airflow/.local/lib/python3.12/site-packages/airflow/example_dags/example_sensor_decorator.py for tasks to queue
[2024-07-31T12:18:04.303+0000] {logging_mixin.py:188} INFO - [2024-07-31T12:18:04.302+0000] {dagbag.py:545} INFO - Filling up the DagBag from /home/airflow/.local/lib/python3.12/site-packages/airflow/example_dags/example_sensor_decorator.py
[2024-07-31T12:18:04.308+0000] {processor.py:840} INFO - DAG(s) 'example_sensor_decorator' retrieved from /home/airflow/.local/lib/python3.12/site-packages/airflow/example_dags/example_sensor_decorator.py
[2024-07-31T12:18:04.340+0000] {logging_mixin.py:188} INFO - [2024-07-31T12:18:04.339+0000] {dag.py:3089} INFO - Sync 1 DAGs
[2024-07-31T12:18:04.367+0000] {logging_mixin.py:188} INFO - [2024-07-31T12:18:04.366+0000] {dag.py:3947} INFO - Setting next_dagrun for example_sensor_decorator to None, run_after=None
[2024-07-31T12:18:04.393+0000] {processor.py:183} INFO - Processing /home/airflow/.local/lib/python3.12/site-packages/airflow/example_dags/example_sensor_decorator.py took 0.098 seconds
[2024-07-31T12:18:34.880+0000] {processor.py:161} INFO - Started process (PID=1195) to work on /home/airflow/.local/lib/python3.12/site-packages/airflow/example_dags/example_sensor_decorator.py
[2024-07-31T12:18:34.881+0000] {processor.py:830} INFO - Processing file /home/airflow/.local/lib/python3.12/site-packages/airflow/example_dags/example_sensor_decorator.py for tasks to queue
[2024-07-31T12:18:34.883+0000] {logging_mixin.py:188} INFO - [2024-07-31T12:18:34.883+0000] {dagbag.py:545} INFO - Filling up the DagBag from /home/airflow/.local/lib/python3.12/site-packages/airflow/example_dags/example_sensor_decorator.py
[2024-07-31T12:18:34.891+0000] {processor.py:840} INFO - DAG(s) 'example_sensor_decorator' retrieved from /home/airflow/.local/lib/python3.12/site-packages/airflow/example_dags/example_sensor_decorator.py
[2024-07-31T12:18:34.917+0000] {logging_mixin.py:188} INFO - [2024-07-31T12:18:34.917+0000] {dag.py:3089} INFO - Sync 1 DAGs
[2024-07-31T12:18:34.933+0000] {logging_mixin.py:188} INFO - [2024-07-31T12:18:34.933+0000] {dag.py:3947} INFO - Setting next_dagrun for example_sensor_decorator to None, run_after=None
[2024-07-31T12:18:34.960+0000] {processor.py:183} INFO - Processing /home/airflow/.local/lib/python3.12/site-packages/airflow/example_dags/example_sensor_decorator.py took 0.088 seconds
[2024-07-31T12:19:05.953+0000] {processor.py:161} INFO - Started process (PID=1253) to work on /home/airflow/.local/lib/python3.12/site-packages/airflow/example_dags/example_sensor_decorator.py
[2024-07-31T12:19:05.954+0000] {processor.py:830} INFO - Processing file /home/airflow/.local/lib/python3.12/site-packages/airflow/example_dags/example_sensor_decorator.py for tasks to queue
[2024-07-31T12:19:05.955+0000] {logging_mixin.py:188} INFO - [2024-07-31T12:19:05.955+0000] {dagbag.py:545} INFO - Filling up the DagBag from /home/airflow/.local/lib/python3.12/site-packages/airflow/example_dags/example_sensor_decorator.py
[2024-07-31T12:19:05.961+0000] {processor.py:840} INFO - DAG(s) 'example_sensor_decorator' retrieved from /home/airflow/.local/lib/python3.12/site-packages/airflow/example_dags/example_sensor_decorator.py
[2024-07-31T12:19:05.981+0000] {logging_mixin.py:188} INFO - [2024-07-31T12:19:05.981+0000] {dag.py:3089} INFO - Sync 1 DAGs
[2024-07-31T12:19:05.994+0000] {logging_mixin.py:188} INFO - [2024-07-31T12:19:05.994+0000] {dag.py:3947} INFO - Setting next_dagrun for example_sensor_decorator to None, run_after=None
[2024-07-31T12:19:06.019+0000] {processor.py:183} INFO - Processing /home/airflow/.local/lib/python3.12/site-packages/airflow/example_dags/example_sensor_decorator.py took 0.071 seconds
[2024-07-31T12:19:36.082+0000] {processor.py:161} INFO - Started process (PID=1310) to work on /home/airflow/.local/lib/python3.12/site-packages/airflow/example_dags/example_sensor_decorator.py
[2024-07-31T12:19:36.083+0000] {processor.py:830} INFO - Processing file /home/airflow/.local/lib/python3.12/site-packages/airflow/example_dags/example_sensor_decorator.py for tasks to queue
[2024-07-31T12:19:36.084+0000] {logging_mixin.py:188} INFO - [2024-07-31T12:19:36.084+0000] {dagbag.py:545} INFO - Filling up the DagBag from /home/airflow/.local/lib/python3.12/site-packages/airflow/example_dags/example_sensor_decorator.py
[2024-07-31T12:19:36.089+0000] {processor.py:840} INFO - DAG(s) 'example_sensor_decorator' retrieved from /home/airflow/.local/lib/python3.12/site-packages/airflow/example_dags/example_sensor_decorator.py
[2024-07-31T12:19:36.121+0000] {logging_mixin.py:188} INFO - [2024-07-31T12:19:36.120+0000] {dag.py:3089} INFO - Sync 1 DAGs
[2024-07-31T12:19:36.139+0000] {logging_mixin.py:188} INFO - [2024-07-31T12:19:36.139+0000] {dag.py:3947} INFO - Setting next_dagrun for example_sensor_decorator to None, run_after=None
[2024-07-31T12:19:36.165+0000] {processor.py:183} INFO - Processing /home/airflow/.local/lib/python3.12/site-packages/airflow/example_dags/example_sensor_decorator.py took 0.088 seconds
[2024-07-31T12:20:06.495+0000] {processor.py:161} INFO - Started process (PID=1368) to work on /home/airflow/.local/lib/python3.12/site-packages/airflow/example_dags/example_sensor_decorator.py
[2024-07-31T12:20:06.496+0000] {processor.py:830} INFO - Processing file /home/airflow/.local/lib/python3.12/site-packages/airflow/example_dags/example_sensor_decorator.py for tasks to queue
[2024-07-31T12:20:06.498+0000] {logging_mixin.py:188} INFO - [2024-07-31T12:20:06.497+0000] {dagbag.py:545} INFO - Filling up the DagBag from /home/airflow/.local/lib/python3.12/site-packages/airflow/example_dags/example_sensor_decorator.py
[2024-07-31T12:20:06.505+0000] {processor.py:840} INFO - DAG(s) 'example_sensor_decorator' retrieved from /home/airflow/.local/lib/python3.12/site-packages/airflow/example_dags/example_sensor_decorator.py
[2024-07-31T12:20:06.525+0000] {logging_mixin.py:188} INFO - [2024-07-31T12:20:06.525+0000] {dag.py:3089} INFO - Sync 1 DAGs
[2024-07-31T12:20:06.537+0000] {logging_mixin.py:188} INFO - [2024-07-31T12:20:06.537+0000] {dag.py:3947} INFO - Setting next_dagrun for example_sensor_decorator to None, run_after=None
[2024-07-31T12:20:06.558+0000] {processor.py:183} INFO - Processing /home/airflow/.local/lib/python3.12/site-packages/airflow/example_dags/example_sensor_decorator.py took 0.070 seconds
[2024-07-31T12:20:36.875+0000] {processor.py:161} INFO - Started process (PID=1426) to work on /home/airflow/.local/lib/python3.12/site-packages/airflow/example_dags/example_sensor_decorator.py
[2024-07-31T12:20:36.875+0000] {processor.py:830} INFO - Processing file /home/airflow/.local/lib/python3.12/site-packages/airflow/example_dags/example_sensor_decorator.py for tasks to queue
[2024-07-31T12:20:36.878+0000] {logging_mixin.py:188} INFO - [2024-07-31T12:20:36.877+0000] {dagbag.py:545} INFO - Filling up the DagBag from /home/airflow/.local/lib/python3.12/site-packages/airflow/example_dags/example_sensor_decorator.py
[2024-07-31T12:20:36.883+0000] {processor.py:840} INFO - DAG(s) 'example_sensor_decorator' retrieved from /home/airflow/.local/lib/python3.12/site-packages/airflow/example_dags/example_sensor_decorator.py
[2024-07-31T12:20:36.900+0000] {logging_mixin.py:188} INFO - [2024-07-31T12:20:36.900+0000] {dag.py:3089} INFO - Sync 1 DAGs
[2024-07-31T12:20:36.913+0000] {logging_mixin.py:188} INFO - [2024-07-31T12:20:36.913+0000] {dag.py:3947} INFO - Setting next_dagrun for example_sensor_decorator to None, run_after=None
[2024-07-31T12:20:36.934+0000] {processor.py:183} INFO - Processing /home/airflow/.local/lib/python3.12/site-packages/airflow/example_dags/example_sensor_decorator.py took 0.065 seconds
[2024-07-31T12:21:07.342+0000] {processor.py:161} INFO - Started process (PID=1484) to work on /home/airflow/.local/lib/python3.12/site-packages/airflow/example_dags/example_sensor_decorator.py
[2024-07-31T12:21:07.343+0000] {processor.py:830} INFO - Processing file /home/airflow/.local/lib/python3.12/site-packages/airflow/example_dags/example_sensor_decorator.py for tasks to queue
[2024-07-31T12:21:07.344+0000] {logging_mixin.py:188} INFO - [2024-07-31T12:21:07.344+0000] {dagbag.py:545} INFO - Filling up the DagBag from /home/airflow/.local/lib/python3.12/site-packages/airflow/example_dags/example_sensor_decorator.py
[2024-07-31T12:21:07.350+0000] {processor.py:840} INFO - DAG(s) 'example_sensor_decorator' retrieved from /home/airflow/.local/lib/python3.12/site-packages/airflow/example_dags/example_sensor_decorator.py
[2024-07-31T12:21:07.369+0000] {logging_mixin.py:188} INFO - [2024-07-31T12:21:07.369+0000] {dag.py:3089} INFO - Sync 1 DAGs
[2024-07-31T12:21:07.381+0000] {logging_mixin.py:188} INFO - [2024-07-31T12:21:07.380+0000] {dag.py:3947} INFO - Setting next_dagrun for example_sensor_decorator to None, run_after=None
[2024-07-31T12:21:07.401+0000] {processor.py:183} INFO - Processing /home/airflow/.local/lib/python3.12/site-packages/airflow/example_dags/example_sensor_decorator.py took 0.066 seconds
[2024-07-31T12:21:37.585+0000] {processor.py:161} INFO - Started process (PID=1542) to work on /home/airflow/.local/lib/python3.12/site-packages/airflow/example_dags/example_sensor_decorator.py
[2024-07-31T12:21:37.586+0000] {processor.py:830} INFO - Processing file /home/airflow/.local/lib/python3.12/site-packages/airflow/example_dags/example_sensor_decorator.py for tasks to queue
[2024-07-31T12:21:37.587+0000] {logging_mixin.py:188} INFO - [2024-07-31T12:21:37.587+0000] {dagbag.py:545} INFO - Filling up the DagBag from /home/airflow/.local/lib/python3.12/site-packages/airflow/example_dags/example_sensor_decorator.py
[2024-07-31T12:21:37.592+0000] {processor.py:840} INFO - DAG(s) 'example_sensor_decorator' retrieved from /home/airflow/.local/lib/python3.12/site-packages/airflow/example_dags/example_sensor_decorator.py
[2024-07-31T12:21:37.615+0000] {logging_mixin.py:188} INFO - [2024-07-31T12:21:37.615+0000] {dag.py:3089} INFO - Sync 1 DAGs
[2024-07-31T12:21:37.635+0000] {logging_mixin.py:188} INFO - [2024-07-31T12:21:37.635+0000] {dag.py:3947} INFO - Setting next_dagrun for example_sensor_decorator to None, run_after=None
[2024-07-31T12:21:37.656+0000] {processor.py:183} INFO - Processing /home/airflow/.local/lib/python3.12/site-packages/airflow/example_dags/example_sensor_decorator.py took 0.076 seconds
[2024-07-31T12:22:08.093+0000] {processor.py:161} INFO - Started process (PID=1600) to work on /home/airflow/.local/lib/python3.12/site-packages/airflow/example_dags/example_sensor_decorator.py
[2024-07-31T12:22:08.094+0000] {processor.py:830} INFO - Processing file /home/airflow/.local/lib/python3.12/site-packages/airflow/example_dags/example_sensor_decorator.py for tasks to queue
[2024-07-31T12:22:08.096+0000] {logging_mixin.py:188} INFO - [2024-07-31T12:22:08.095+0000] {dagbag.py:545} INFO - Filling up the DagBag from /home/airflow/.local/lib/python3.12/site-packages/airflow/example_dags/example_sensor_decorator.py
[2024-07-31T12:22:08.102+0000] {processor.py:840} INFO - DAG(s) 'example_sensor_decorator' retrieved from /home/airflow/.local/lib/python3.12/site-packages/airflow/example_dags/example_sensor_decorator.py
[2024-07-31T12:22:08.128+0000] {logging_mixin.py:188} INFO - [2024-07-31T12:22:08.128+0000] {dag.py:3089} INFO - Sync 1 DAGs
[2024-07-31T12:22:08.147+0000] {logging_mixin.py:188} INFO - [2024-07-31T12:22:08.147+0000] {dag.py:3947} INFO - Setting next_dagrun for example_sensor_decorator to None, run_after=None
[2024-07-31T12:22:08.175+0000] {processor.py:183} INFO - Processing /home/airflow/.local/lib/python3.12/site-packages/airflow/example_dags/example_sensor_decorator.py took 0.087 seconds
[2024-07-31T12:22:38.738+0000] {processor.py:161} INFO - Started process (PID=1658) to work on /home/airflow/.local/lib/python3.12/site-packages/airflow/example_dags/example_sensor_decorator.py
[2024-07-31T12:22:38.739+0000] {processor.py:830} INFO - Processing file /home/airflow/.local/lib/python3.12/site-packages/airflow/example_dags/example_sensor_decorator.py for tasks to queue
[2024-07-31T12:22:38.741+0000] {logging_mixin.py:188} INFO - [2024-07-31T12:22:38.741+0000] {dagbag.py:545} INFO - Filling up the DagBag from /home/airflow/.local/lib/python3.12/site-packages/airflow/example_dags/example_sensor_decorator.py
[2024-07-31T12:22:38.746+0000] {processor.py:840} INFO - DAG(s) 'example_sensor_decorator' retrieved from /home/airflow/.local/lib/python3.12/site-packages/airflow/example_dags/example_sensor_decorator.py
[2024-07-31T12:22:38.771+0000] {logging_mixin.py:188} INFO - [2024-07-31T12:22:38.770+0000] {dag.py:3089} INFO - Sync 1 DAGs
[2024-07-31T12:22:38.789+0000] {logging_mixin.py:188} INFO - [2024-07-31T12:22:38.789+0000] {dag.py:3947} INFO - Setting next_dagrun for example_sensor_decorator to None, run_after=None
[2024-07-31T12:22:38.818+0000] {processor.py:183} INFO - Processing /home/airflow/.local/lib/python3.12/site-packages/airflow/example_dags/example_sensor_decorator.py took 0.086 seconds
[2024-07-31T12:23:09.063+0000] {processor.py:161} INFO - Started process (PID=1715) to work on /home/airflow/.local/lib/python3.12/site-packages/airflow/example_dags/example_sensor_decorator.py
[2024-07-31T12:23:09.064+0000] {processor.py:830} INFO - Processing file /home/airflow/.local/lib/python3.12/site-packages/airflow/example_dags/example_sensor_decorator.py for tasks to queue
[2024-07-31T12:23:09.065+0000] {logging_mixin.py:188} INFO - [2024-07-31T12:23:09.065+0000] {dagbag.py:545} INFO - Filling up the DagBag from /home/airflow/.local/lib/python3.12/site-packages/airflow/example_dags/example_sensor_decorator.py
[2024-07-31T12:23:09.071+0000] {processor.py:840} INFO - DAG(s) 'example_sensor_decorator' retrieved from /home/airflow/.local/lib/python3.12/site-packages/airflow/example_dags/example_sensor_decorator.py
[2024-07-31T12:23:09.097+0000] {logging_mixin.py:188} INFO - [2024-07-31T12:23:09.097+0000] {dag.py:3089} INFO - Sync 1 DAGs
[2024-07-31T12:23:09.124+0000] {logging_mixin.py:188} INFO - [2024-07-31T12:23:09.124+0000] {dag.py:3947} INFO - Setting next_dagrun for example_sensor_decorator to None, run_after=None
[2024-07-31T12:23:09.159+0000] {processor.py:183} INFO - Processing /home/airflow/.local/lib/python3.12/site-packages/airflow/example_dags/example_sensor_decorator.py took 0.101 seconds
[2024-07-31T12:23:39.235+0000] {processor.py:161} INFO - Started process (PID=1772) to work on /home/airflow/.local/lib/python3.12/site-packages/airflow/example_dags/example_sensor_decorator.py
[2024-07-31T12:23:39.235+0000] {processor.py:830} INFO - Processing file /home/airflow/.local/lib/python3.12/site-packages/airflow/example_dags/example_sensor_decorator.py for tasks to queue
[2024-07-31T12:23:39.237+0000] {logging_mixin.py:188} INFO - [2024-07-31T12:23:39.237+0000] {dagbag.py:545} INFO - Filling up the DagBag from /home/airflow/.local/lib/python3.12/site-packages/airflow/example_dags/example_sensor_decorator.py
[2024-07-31T12:23:39.243+0000] {processor.py:840} INFO - DAG(s) 'example_sensor_decorator' retrieved from /home/airflow/.local/lib/python3.12/site-packages/airflow/example_dags/example_sensor_decorator.py
[2024-07-31T12:23:39.266+0000] {logging_mixin.py:188} INFO - [2024-07-31T12:23:39.265+0000] {dag.py:3089} INFO - Sync 1 DAGs
[2024-07-31T12:23:39.280+0000] {logging_mixin.py:188} INFO - [2024-07-31T12:23:39.280+0000] {dag.py:3947} INFO - Setting next_dagrun for example_sensor_decorator to None, run_after=None
[2024-07-31T12:23:39.309+0000] {processor.py:183} INFO - Processing /home/airflow/.local/lib/python3.12/site-packages/airflow/example_dags/example_sensor_decorator.py took 0.081 seconds
[2024-07-31T12:24:09.672+0000] {processor.py:161} INFO - Started process (PID=1830) to work on /home/airflow/.local/lib/python3.12/site-packages/airflow/example_dags/example_sensor_decorator.py
[2024-07-31T12:24:09.675+0000] {processor.py:830} INFO - Processing file /home/airflow/.local/lib/python3.12/site-packages/airflow/example_dags/example_sensor_decorator.py for tasks to queue
[2024-07-31T12:24:09.676+0000] {logging_mixin.py:188} INFO - [2024-07-31T12:24:09.676+0000] {dagbag.py:545} INFO - Filling up the DagBag from /home/airflow/.local/lib/python3.12/site-packages/airflow/example_dags/example_sensor_decorator.py
[2024-07-31T12:24:09.690+0000] {processor.py:840} INFO - DAG(s) 'example_sensor_decorator' retrieved from /home/airflow/.local/lib/python3.12/site-packages/airflow/example_dags/example_sensor_decorator.py
[2024-07-31T12:24:09.734+0000] {logging_mixin.py:188} INFO - [2024-07-31T12:24:09.733+0000] {dag.py:3089} INFO - Sync 1 DAGs
[2024-07-31T12:24:09.763+0000] {logging_mixin.py:188} INFO - [2024-07-31T12:24:09.763+0000] {dag.py:3947} INFO - Setting next_dagrun for example_sensor_decorator to None, run_after=None
[2024-07-31T12:24:09.793+0000] {processor.py:183} INFO - Processing /home/airflow/.local/lib/python3.12/site-packages/airflow/example_dags/example_sensor_decorator.py took 0.130 seconds
[2024-07-31T12:24:39.901+0000] {processor.py:161} INFO - Started process (PID=1888) to work on /home/airflow/.local/lib/python3.12/site-packages/airflow/example_dags/example_sensor_decorator.py
[2024-07-31T12:24:39.902+0000] {processor.py:830} INFO - Processing file /home/airflow/.local/lib/python3.12/site-packages/airflow/example_dags/example_sensor_decorator.py for tasks to queue
[2024-07-31T12:24:39.905+0000] {logging_mixin.py:188} INFO - [2024-07-31T12:24:39.904+0000] {dagbag.py:545} INFO - Filling up the DagBag from /home/airflow/.local/lib/python3.12/site-packages/airflow/example_dags/example_sensor_decorator.py
[2024-07-31T12:24:39.914+0000] {processor.py:840} INFO - DAG(s) 'example_sensor_decorator' retrieved from /home/airflow/.local/lib/python3.12/site-packages/airflow/example_dags/example_sensor_decorator.py
[2024-07-31T12:24:39.940+0000] {logging_mixin.py:188} INFO - [2024-07-31T12:24:39.940+0000] {dag.py:3089} INFO - Sync 1 DAGs
[2024-07-31T12:24:39.960+0000] {logging_mixin.py:188} INFO - [2024-07-31T12:24:39.960+0000] {dag.py:3947} INFO - Setting next_dagrun for example_sensor_decorator to None, run_after=None
[2024-07-31T12:24:39.990+0000] {processor.py:183} INFO - Processing /home/airflow/.local/lib/python3.12/site-packages/airflow/example_dags/example_sensor_decorator.py took 0.098 seconds
[2024-07-31T12:25:10.780+0000] {processor.py:161} INFO - Started process (PID=1946) to work on /home/airflow/.local/lib/python3.12/site-packages/airflow/example_dags/example_sensor_decorator.py
[2024-07-31T12:25:10.780+0000] {processor.py:830} INFO - Processing file /home/airflow/.local/lib/python3.12/site-packages/airflow/example_dags/example_sensor_decorator.py for tasks to queue
[2024-07-31T12:25:10.782+0000] {logging_mixin.py:188} INFO - [2024-07-31T12:25:10.781+0000] {dagbag.py:545} INFO - Filling up the DagBag from /home/airflow/.local/lib/python3.12/site-packages/airflow/example_dags/example_sensor_decorator.py
[2024-07-31T12:25:10.787+0000] {processor.py:840} INFO - DAG(s) 'example_sensor_decorator' retrieved from /home/airflow/.local/lib/python3.12/site-packages/airflow/example_dags/example_sensor_decorator.py
[2024-07-31T12:25:10.807+0000] {logging_mixin.py:188} INFO - [2024-07-31T12:25:10.806+0000] {dag.py:3089} INFO - Sync 1 DAGs
[2024-07-31T12:25:10.820+0000] {logging_mixin.py:188} INFO - [2024-07-31T12:25:10.820+0000] {dag.py:3947} INFO - Setting next_dagrun for example_sensor_decorator to None, run_after=None
[2024-07-31T12:25:10.844+0000] {processor.py:183} INFO - Processing /home/airflow/.local/lib/python3.12/site-packages/airflow/example_dags/example_sensor_decorator.py took 0.072 seconds
[2024-07-31T12:25:41.532+0000] {processor.py:161} INFO - Started process (PID=2004) to work on /home/airflow/.local/lib/python3.12/site-packages/airflow/example_dags/example_sensor_decorator.py
[2024-07-31T12:25:41.533+0000] {processor.py:830} INFO - Processing file /home/airflow/.local/lib/python3.12/site-packages/airflow/example_dags/example_sensor_decorator.py for tasks to queue
[2024-07-31T12:25:41.535+0000] {logging_mixin.py:188} INFO - [2024-07-31T12:25:41.534+0000] {dagbag.py:545} INFO - Filling up the DagBag from /home/airflow/.local/lib/python3.12/site-packages/airflow/example_dags/example_sensor_decorator.py
[2024-07-31T12:25:41.541+0000] {processor.py:840} INFO - DAG(s) 'example_sensor_decorator' retrieved from /home/airflow/.local/lib/python3.12/site-packages/airflow/example_dags/example_sensor_decorator.py
[2024-07-31T12:25:41.561+0000] {logging_mixin.py:188} INFO - [2024-07-31T12:25:41.561+0000] {dag.py:3089} INFO - Sync 1 DAGs
[2024-07-31T12:25:41.573+0000] {logging_mixin.py:188} INFO - [2024-07-31T12:25:41.573+0000] {dag.py:3947} INFO - Setting next_dagrun for example_sensor_decorator to None, run_after=None
[2024-07-31T12:25:41.595+0000] {processor.py:183} INFO - Processing /home/airflow/.local/lib/python3.12/site-packages/airflow/example_dags/example_sensor_decorator.py took 0.068 seconds
[2024-07-31T12:26:12.068+0000] {processor.py:161} INFO - Started process (PID=2062) to work on /home/airflow/.local/lib/python3.12/site-packages/airflow/example_dags/example_sensor_decorator.py
[2024-07-31T12:26:12.068+0000] {processor.py:830} INFO - Processing file /home/airflow/.local/lib/python3.12/site-packages/airflow/example_dags/example_sensor_decorator.py for tasks to queue
[2024-07-31T12:26:12.070+0000] {logging_mixin.py:188} INFO - [2024-07-31T12:26:12.070+0000] {dagbag.py:545} INFO - Filling up the DagBag from /home/airflow/.local/lib/python3.12/site-packages/airflow/example_dags/example_sensor_decorator.py
[2024-07-31T12:26:12.078+0000] {processor.py:840} INFO - DAG(s) 'example_sensor_decorator' retrieved from /home/airflow/.local/lib/python3.12/site-packages/airflow/example_dags/example_sensor_decorator.py
[2024-07-31T12:26:12.098+0000] {logging_mixin.py:188} INFO - [2024-07-31T12:26:12.098+0000] {dag.py:3089} INFO - Sync 1 DAGs
[2024-07-31T12:26:12.119+0000] {logging_mixin.py:188} INFO - [2024-07-31T12:26:12.118+0000] {dag.py:3947} INFO - Setting next_dagrun for example_sensor_decorator to None, run_after=None
[2024-07-31T12:26:12.155+0000] {processor.py:183} INFO - Processing /home/airflow/.local/lib/python3.12/site-packages/airflow/example_dags/example_sensor_decorator.py took 0.094 seconds
[2024-07-31T12:26:42.876+0000] {processor.py:161} INFO - Started process (PID=2119) to work on /home/airflow/.local/lib/python3.12/site-packages/airflow/example_dags/example_sensor_decorator.py
[2024-07-31T12:26:42.877+0000] {processor.py:830} INFO - Processing file /home/airflow/.local/lib/python3.12/site-packages/airflow/example_dags/example_sensor_decorator.py for tasks to queue
[2024-07-31T12:26:42.878+0000] {logging_mixin.py:188} INFO - [2024-07-31T12:26:42.878+0000] {dagbag.py:545} INFO - Filling up the DagBag from /home/airflow/.local/lib/python3.12/site-packages/airflow/example_dags/example_sensor_decorator.py
[2024-07-31T12:26:42.883+0000] {processor.py:840} INFO - DAG(s) 'example_sensor_decorator' retrieved from /home/airflow/.local/lib/python3.12/site-packages/airflow/example_dags/example_sensor_decorator.py
[2024-07-31T12:26:42.905+0000] {logging_mixin.py:188} INFO - [2024-07-31T12:26:42.905+0000] {dag.py:3089} INFO - Sync 1 DAGs
[2024-07-31T12:26:42.923+0000] {logging_mixin.py:188} INFO - [2024-07-31T12:26:42.922+0000] {dag.py:3947} INFO - Setting next_dagrun for example_sensor_decorator to None, run_after=None
[2024-07-31T12:26:42.943+0000] {processor.py:183} INFO - Processing /home/airflow/.local/lib/python3.12/site-packages/airflow/example_dags/example_sensor_decorator.py took 0.073 seconds
[2024-07-31T12:27:13.097+0000] {processor.py:161} INFO - Started process (PID=2177) to work on /home/airflow/.local/lib/python3.12/site-packages/airflow/example_dags/example_sensor_decorator.py
[2024-07-31T12:27:13.098+0000] {processor.py:830} INFO - Processing file /home/airflow/.local/lib/python3.12/site-packages/airflow/example_dags/example_sensor_decorator.py for tasks to queue
[2024-07-31T12:27:13.099+0000] {logging_mixin.py:188} INFO - [2024-07-31T12:27:13.099+0000] {dagbag.py:545} INFO - Filling up the DagBag from /home/airflow/.local/lib/python3.12/site-packages/airflow/example_dags/example_sensor_decorator.py
[2024-07-31T12:27:13.105+0000] {processor.py:840} INFO - DAG(s) 'example_sensor_decorator' retrieved from /home/airflow/.local/lib/python3.12/site-packages/airflow/example_dags/example_sensor_decorator.py
[2024-07-31T12:27:13.122+0000] {logging_mixin.py:188} INFO - [2024-07-31T12:27:13.121+0000] {dag.py:3089} INFO - Sync 1 DAGs
[2024-07-31T12:27:13.134+0000] {logging_mixin.py:188} INFO - [2024-07-31T12:27:13.134+0000] {dag.py:3947} INFO - Setting next_dagrun for example_sensor_decorator to None, run_after=None
[2024-07-31T12:27:13.154+0000] {processor.py:183} INFO - Processing /home/airflow/.local/lib/python3.12/site-packages/airflow/example_dags/example_sensor_decorator.py took 0.062 seconds
[2024-07-31T12:27:43.763+0000] {processor.py:161} INFO - Started process (PID=2235) to work on /home/airflow/.local/lib/python3.12/site-packages/airflow/example_dags/example_sensor_decorator.py
[2024-07-31T12:27:43.766+0000] {processor.py:830} INFO - Processing file /home/airflow/.local/lib/python3.12/site-packages/airflow/example_dags/example_sensor_decorator.py for tasks to queue
[2024-07-31T12:27:43.767+0000] {logging_mixin.py:188} INFO - [2024-07-31T12:27:43.767+0000] {dagbag.py:545} INFO - Filling up the DagBag from /home/airflow/.local/lib/python3.12/site-packages/airflow/example_dags/example_sensor_decorator.py
[2024-07-31T12:27:43.772+0000] {processor.py:840} INFO - DAG(s) 'example_sensor_decorator' retrieved from /home/airflow/.local/lib/python3.12/site-packages/airflow/example_dags/example_sensor_decorator.py
[2024-07-31T12:27:43.801+0000] {logging_mixin.py:188} INFO - [2024-07-31T12:27:43.801+0000] {dag.py:3089} INFO - Sync 1 DAGs
[2024-07-31T12:27:43.820+0000] {logging_mixin.py:188} INFO - [2024-07-31T12:27:43.819+0000] {dag.py:3947} INFO - Setting next_dagrun for example_sensor_decorator to None, run_after=None
[2024-07-31T12:27:43.848+0000] {processor.py:183} INFO - Processing /home/airflow/.local/lib/python3.12/site-packages/airflow/example_dags/example_sensor_decorator.py took 0.090 seconds
[2024-07-31T12:28:14.766+0000] {processor.py:161} INFO - Started process (PID=2293) to work on /home/airflow/.local/lib/python3.12/site-packages/airflow/example_dags/example_sensor_decorator.py
[2024-07-31T12:28:14.767+0000] {processor.py:830} INFO - Processing file /home/airflow/.local/lib/python3.12/site-packages/airflow/example_dags/example_sensor_decorator.py for tasks to queue
[2024-07-31T12:28:14.769+0000] {logging_mixin.py:188} INFO - [2024-07-31T12:28:14.769+0000] {dagbag.py:545} INFO - Filling up the DagBag from /home/airflow/.local/lib/python3.12/site-packages/airflow/example_dags/example_sensor_decorator.py
[2024-07-31T12:28:14.775+0000] {processor.py:840} INFO - DAG(s) 'example_sensor_decorator' retrieved from /home/airflow/.local/lib/python3.12/site-packages/airflow/example_dags/example_sensor_decorator.py
[2024-07-31T12:28:14.796+0000] {logging_mixin.py:188} INFO - [2024-07-31T12:28:14.796+0000] {dag.py:3089} INFO - Sync 1 DAGs
[2024-07-31T12:28:14.814+0000] {logging_mixin.py:188} INFO - [2024-07-31T12:28:14.813+0000] {dag.py:3947} INFO - Setting next_dagrun for example_sensor_decorator to None, run_after=None
[2024-07-31T12:28:14.840+0000] {processor.py:183} INFO - Processing /home/airflow/.local/lib/python3.12/site-packages/airflow/example_dags/example_sensor_decorator.py took 0.080 seconds
[2024-07-31T12:28:45.100+0000] {processor.py:161} INFO - Started process (PID=2351) to work on /home/airflow/.local/lib/python3.12/site-packages/airflow/example_dags/example_sensor_decorator.py
[2024-07-31T12:28:45.102+0000] {processor.py:830} INFO - Processing file /home/airflow/.local/lib/python3.12/site-packages/airflow/example_dags/example_sensor_decorator.py for tasks to queue
[2024-07-31T12:28:45.104+0000] {logging_mixin.py:188} INFO - [2024-07-31T12:28:45.103+0000] {dagbag.py:545} INFO - Filling up the DagBag from /home/airflow/.local/lib/python3.12/site-packages/airflow/example_dags/example_sensor_decorator.py
[2024-07-31T12:28:45.111+0000] {processor.py:840} INFO - DAG(s) 'example_sensor_decorator' retrieved from /home/airflow/.local/lib/python3.12/site-packages/airflow/example_dags/example_sensor_decorator.py
[2024-07-31T12:28:45.138+0000] {logging_mixin.py:188} INFO - [2024-07-31T12:28:45.138+0000] {dag.py:3089} INFO - Sync 1 DAGs
[2024-07-31T12:28:45.160+0000] {logging_mixin.py:188} INFO - [2024-07-31T12:28:45.159+0000] {dag.py:3947} INFO - Setting next_dagrun for example_sensor_decorator to None, run_after=None
[2024-07-31T12:28:45.200+0000] {processor.py:183} INFO - Processing /home/airflow/.local/lib/python3.12/site-packages/airflow/example_dags/example_sensor_decorator.py took 0.106 seconds
[2024-07-31T12:29:15.785+0000] {processor.py:161} INFO - Started process (PID=2409) to work on /home/airflow/.local/lib/python3.12/site-packages/airflow/example_dags/example_sensor_decorator.py
[2024-07-31T12:29:15.786+0000] {processor.py:830} INFO - Processing file /home/airflow/.local/lib/python3.12/site-packages/airflow/example_dags/example_sensor_decorator.py for tasks to queue
[2024-07-31T12:29:15.787+0000] {logging_mixin.py:188} INFO - [2024-07-31T12:29:15.787+0000] {dagbag.py:545} INFO - Filling up the DagBag from /home/airflow/.local/lib/python3.12/site-packages/airflow/example_dags/example_sensor_decorator.py
[2024-07-31T12:29:15.793+0000] {processor.py:840} INFO - DAG(s) 'example_sensor_decorator' retrieved from /home/airflow/.local/lib/python3.12/site-packages/airflow/example_dags/example_sensor_decorator.py
[2024-07-31T12:29:15.814+0000] {logging_mixin.py:188} INFO - [2024-07-31T12:29:15.813+0000] {dag.py:3089} INFO - Sync 1 DAGs
[2024-07-31T12:29:15.828+0000] {logging_mixin.py:188} INFO - [2024-07-31T12:29:15.828+0000] {dag.py:3947} INFO - Setting next_dagrun for example_sensor_decorator to None, run_after=None
[2024-07-31T12:29:15.853+0000] {processor.py:183} INFO - Processing /home/airflow/.local/lib/python3.12/site-packages/airflow/example_dags/example_sensor_decorator.py took 0.074 seconds
[2024-07-31T12:29:46.383+0000] {processor.py:161} INFO - Started process (PID=2466) to work on /home/airflow/.local/lib/python3.12/site-packages/airflow/example_dags/example_sensor_decorator.py
[2024-07-31T12:29:46.385+0000] {processor.py:830} INFO - Processing file /home/airflow/.local/lib/python3.12/site-packages/airflow/example_dags/example_sensor_decorator.py for tasks to queue
[2024-07-31T12:29:46.386+0000] {logging_mixin.py:188} INFO - [2024-07-31T12:29:46.386+0000] {dagbag.py:545} INFO - Filling up the DagBag from /home/airflow/.local/lib/python3.12/site-packages/airflow/example_dags/example_sensor_decorator.py
[2024-07-31T12:29:46.392+0000] {processor.py:840} INFO - DAG(s) 'example_sensor_decorator' retrieved from /home/airflow/.local/lib/python3.12/site-packages/airflow/example_dags/example_sensor_decorator.py
[2024-07-31T12:29:46.425+0000] {logging_mixin.py:188} INFO - [2024-07-31T12:29:46.424+0000] {dag.py:3089} INFO - Sync 1 DAGs
[2024-07-31T12:29:46.444+0000] {logging_mixin.py:188} INFO - [2024-07-31T12:29:46.444+0000] {dag.py:3947} INFO - Setting next_dagrun for example_sensor_decorator to None, run_after=None
[2024-07-31T12:29:46.481+0000] {processor.py:183} INFO - Processing /home/airflow/.local/lib/python3.12/site-packages/airflow/example_dags/example_sensor_decorator.py took 0.103 seconds
[2024-07-31T12:30:17.113+0000] {processor.py:161} INFO - Started process (PID=2524) to work on /home/airflow/.local/lib/python3.12/site-packages/airflow/example_dags/example_sensor_decorator.py
[2024-07-31T12:30:17.114+0000] {processor.py:830} INFO - Processing file /home/airflow/.local/lib/python3.12/site-packages/airflow/example_dags/example_sensor_decorator.py for tasks to queue
[2024-07-31T12:30:17.117+0000] {logging_mixin.py:188} INFO - [2024-07-31T12:30:17.116+0000] {dagbag.py:545} INFO - Filling up the DagBag from /home/airflow/.local/lib/python3.12/site-packages/airflow/example_dags/example_sensor_decorator.py
[2024-07-31T12:30:17.125+0000] {processor.py:840} INFO - DAG(s) 'example_sensor_decorator' retrieved from /home/airflow/.local/lib/python3.12/site-packages/airflow/example_dags/example_sensor_decorator.py
[2024-07-31T12:30:17.154+0000] {logging_mixin.py:188} INFO - [2024-07-31T12:30:17.153+0000] {dag.py:3089} INFO - Sync 1 DAGs
[2024-07-31T12:30:17.171+0000] {logging_mixin.py:188} INFO - [2024-07-31T12:30:17.171+0000] {dag.py:3947} INFO - Setting next_dagrun for example_sensor_decorator to None, run_after=None
[2024-07-31T12:30:17.206+0000] {processor.py:183} INFO - Processing /home/airflow/.local/lib/python3.12/site-packages/airflow/example_dags/example_sensor_decorator.py took 0.100 seconds
[2024-07-31T12:30:47.678+0000] {processor.py:161} INFO - Started process (PID=2582) to work on /home/airflow/.local/lib/python3.12/site-packages/airflow/example_dags/example_sensor_decorator.py
[2024-07-31T12:30:47.681+0000] {processor.py:830} INFO - Processing file /home/airflow/.local/lib/python3.12/site-packages/airflow/example_dags/example_sensor_decorator.py for tasks to queue
[2024-07-31T12:30:47.683+0000] {logging_mixin.py:188} INFO - [2024-07-31T12:30:47.683+0000] {dagbag.py:545} INFO - Filling up the DagBag from /home/airflow/.local/lib/python3.12/site-packages/airflow/example_dags/example_sensor_decorator.py
[2024-07-31T12:30:47.691+0000] {processor.py:840} INFO - DAG(s) 'example_sensor_decorator' retrieved from /home/airflow/.local/lib/python3.12/site-packages/airflow/example_dags/example_sensor_decorator.py
[2024-07-31T12:30:47.713+0000] {logging_mixin.py:188} INFO - [2024-07-31T12:30:47.713+0000] {dag.py:3089} INFO - Sync 1 DAGs
[2024-07-31T12:30:47.727+0000] {logging_mixin.py:188} INFO - [2024-07-31T12:30:47.727+0000] {dag.py:3947} INFO - Setting next_dagrun for example_sensor_decorator to None, run_after=None
[2024-07-31T12:30:47.754+0000] {processor.py:183} INFO - Processing /home/airflow/.local/lib/python3.12/site-packages/airflow/example_dags/example_sensor_decorator.py took 0.082 seconds
[2024-07-31T12:31:18.214+0000] {processor.py:161} INFO - Started process (PID=2639) to work on /home/airflow/.local/lib/python3.12/site-packages/airflow/example_dags/example_sensor_decorator.py
[2024-07-31T12:31:18.215+0000] {processor.py:830} INFO - Processing file /home/airflow/.local/lib/python3.12/site-packages/airflow/example_dags/example_sensor_decorator.py for tasks to queue
[2024-07-31T12:31:18.219+0000] {logging_mixin.py:188} INFO - [2024-07-31T12:31:18.218+0000] {dagbag.py:545} INFO - Filling up the DagBag from /home/airflow/.local/lib/python3.12/site-packages/airflow/example_dags/example_sensor_decorator.py
[2024-07-31T12:31:18.229+0000] {processor.py:840} INFO - DAG(s) 'example_sensor_decorator' retrieved from /home/airflow/.local/lib/python3.12/site-packages/airflow/example_dags/example_sensor_decorator.py
[2024-07-31T12:31:18.285+0000] {logging_mixin.py:188} INFO - [2024-07-31T12:31:18.285+0000] {dag.py:3089} INFO - Sync 1 DAGs
[2024-07-31T12:31:18.308+0000] {logging_mixin.py:188} INFO - [2024-07-31T12:31:18.308+0000] {dag.py:3947} INFO - Setting next_dagrun for example_sensor_decorator to None, run_after=None
[2024-07-31T12:31:18.346+0000] {processor.py:183} INFO - Processing /home/airflow/.local/lib/python3.12/site-packages/airflow/example_dags/example_sensor_decorator.py took 0.146 seconds
[2024-07-31T12:31:48.670+0000] {processor.py:161} INFO - Started process (PID=2697) to work on /home/airflow/.local/lib/python3.12/site-packages/airflow/example_dags/example_sensor_decorator.py
[2024-07-31T12:31:48.671+0000] {processor.py:830} INFO - Processing file /home/airflow/.local/lib/python3.12/site-packages/airflow/example_dags/example_sensor_decorator.py for tasks to queue
[2024-07-31T12:31:48.674+0000] {logging_mixin.py:188} INFO - [2024-07-31T12:31:48.674+0000] {dagbag.py:545} INFO - Filling up the DagBag from /home/airflow/.local/lib/python3.12/site-packages/airflow/example_dags/example_sensor_decorator.py
[2024-07-31T12:31:48.681+0000] {processor.py:840} INFO - DAG(s) 'example_sensor_decorator' retrieved from /home/airflow/.local/lib/python3.12/site-packages/airflow/example_dags/example_sensor_decorator.py
[2024-07-31T12:31:48.716+0000] {logging_mixin.py:188} INFO - [2024-07-31T12:31:48.715+0000] {dag.py:3089} INFO - Sync 1 DAGs
[2024-07-31T12:31:48.743+0000] {logging_mixin.py:188} INFO - [2024-07-31T12:31:48.742+0000] {dag.py:3947} INFO - Setting next_dagrun for example_sensor_decorator to None, run_after=None
[2024-07-31T12:31:48.781+0000] {processor.py:183} INFO - Processing /home/airflow/.local/lib/python3.12/site-packages/airflow/example_dags/example_sensor_decorator.py took 0.120 seconds
[2024-07-31T12:32:18.907+0000] {processor.py:161} INFO - Started process (PID=2755) to work on /home/airflow/.local/lib/python3.12/site-packages/airflow/example_dags/example_sensor_decorator.py
[2024-07-31T12:32:18.908+0000] {processor.py:830} INFO - Processing file /home/airflow/.local/lib/python3.12/site-packages/airflow/example_dags/example_sensor_decorator.py for tasks to queue
[2024-07-31T12:32:18.910+0000] {logging_mixin.py:188} INFO - [2024-07-31T12:32:18.910+0000] {dagbag.py:545} INFO - Filling up the DagBag from /home/airflow/.local/lib/python3.12/site-packages/airflow/example_dags/example_sensor_decorator.py
[2024-07-31T12:32:18.919+0000] {processor.py:840} INFO - DAG(s) 'example_sensor_decorator' retrieved from /home/airflow/.local/lib/python3.12/site-packages/airflow/example_dags/example_sensor_decorator.py
[2024-07-31T12:32:18.951+0000] {logging_mixin.py:188} INFO - [2024-07-31T12:32:18.951+0000] {dag.py:3089} INFO - Sync 1 DAGs
[2024-07-31T12:32:18.970+0000] {logging_mixin.py:188} INFO - [2024-07-31T12:32:18.970+0000] {dag.py:3947} INFO - Setting next_dagrun for example_sensor_decorator to None, run_after=None
[2024-07-31T12:32:19.001+0000] {processor.py:183} INFO - Processing /home/airflow/.local/lib/python3.12/site-packages/airflow/example_dags/example_sensor_decorator.py took 0.100 seconds
[2024-07-31T12:32:49.357+0000] {processor.py:161} INFO - Started process (PID=2813) to work on /home/airflow/.local/lib/python3.12/site-packages/airflow/example_dags/example_sensor_decorator.py
[2024-07-31T12:32:49.360+0000] {processor.py:830} INFO - Processing file /home/airflow/.local/lib/python3.12/site-packages/airflow/example_dags/example_sensor_decorator.py for tasks to queue
[2024-07-31T12:32:49.361+0000] {logging_mixin.py:188} INFO - [2024-07-31T12:32:49.361+0000] {dagbag.py:545} INFO - Filling up the DagBag from /home/airflow/.local/lib/python3.12/site-packages/airflow/example_dags/example_sensor_decorator.py
[2024-07-31T12:32:49.367+0000] {processor.py:840} INFO - DAG(s) 'example_sensor_decorator' retrieved from /home/airflow/.local/lib/python3.12/site-packages/airflow/example_dags/example_sensor_decorator.py
[2024-07-31T12:32:49.388+0000] {logging_mixin.py:188} INFO - [2024-07-31T12:32:49.387+0000] {dag.py:3089} INFO - Sync 1 DAGs
[2024-07-31T12:32:49.401+0000] {logging_mixin.py:188} INFO - [2024-07-31T12:32:49.401+0000] {dag.py:3947} INFO - Setting next_dagrun for example_sensor_decorator to None, run_after=None
[2024-07-31T12:32:49.437+0000] {processor.py:183} INFO - Processing /home/airflow/.local/lib/python3.12/site-packages/airflow/example_dags/example_sensor_decorator.py took 0.085 seconds
[2024-07-31T12:33:20.235+0000] {processor.py:161} INFO - Started process (PID=2871) to work on /home/airflow/.local/lib/python3.12/site-packages/airflow/example_dags/example_sensor_decorator.py
[2024-07-31T12:33:20.236+0000] {processor.py:830} INFO - Processing file /home/airflow/.local/lib/python3.12/site-packages/airflow/example_dags/example_sensor_decorator.py for tasks to queue
[2024-07-31T12:33:20.238+0000] {logging_mixin.py:188} INFO - [2024-07-31T12:33:20.237+0000] {dagbag.py:545} INFO - Filling up the DagBag from /home/airflow/.local/lib/python3.12/site-packages/airflow/example_dags/example_sensor_decorator.py
[2024-07-31T12:33:20.244+0000] {processor.py:840} INFO - DAG(s) 'example_sensor_decorator' retrieved from /home/airflow/.local/lib/python3.12/site-packages/airflow/example_dags/example_sensor_decorator.py
[2024-07-31T12:33:20.264+0000] {logging_mixin.py:188} INFO - [2024-07-31T12:33:20.264+0000] {dag.py:3089} INFO - Sync 1 DAGs
[2024-07-31T12:33:20.279+0000] {logging_mixin.py:188} INFO - [2024-07-31T12:33:20.279+0000] {dag.py:3947} INFO - Setting next_dagrun for example_sensor_decorator to None, run_after=None
[2024-07-31T12:33:20.305+0000] {processor.py:183} INFO - Processing /home/airflow/.local/lib/python3.12/site-packages/airflow/example_dags/example_sensor_decorator.py took 0.081 seconds
[2024-07-31T12:33:50.695+0000] {processor.py:161} INFO - Started process (PID=2929) to work on /home/airflow/.local/lib/python3.12/site-packages/airflow/example_dags/example_sensor_decorator.py
[2024-07-31T12:33:50.698+0000] {processor.py:830} INFO - Processing file /home/airflow/.local/lib/python3.12/site-packages/airflow/example_dags/example_sensor_decorator.py for tasks to queue
[2024-07-31T12:33:50.700+0000] {logging_mixin.py:188} INFO - [2024-07-31T12:33:50.699+0000] {dagbag.py:545} INFO - Filling up the DagBag from /home/airflow/.local/lib/python3.12/site-packages/airflow/example_dags/example_sensor_decorator.py
[2024-07-31T12:33:50.707+0000] {processor.py:840} INFO - DAG(s) 'example_sensor_decorator' retrieved from /home/airflow/.local/lib/python3.12/site-packages/airflow/example_dags/example_sensor_decorator.py
[2024-07-31T12:33:50.733+0000] {logging_mixin.py:188} INFO - [2024-07-31T12:33:50.732+0000] {dag.py:3089} INFO - Sync 1 DAGs
[2024-07-31T12:33:50.752+0000] {logging_mixin.py:188} INFO - [2024-07-31T12:33:50.752+0000] {dag.py:3947} INFO - Setting next_dagrun for example_sensor_decorator to None, run_after=None
[2024-07-31T12:33:50.783+0000] {processor.py:183} INFO - Processing /home/airflow/.local/lib/python3.12/site-packages/airflow/example_dags/example_sensor_decorator.py took 0.094 seconds
[2024-07-31T12:34:21.136+0000] {processor.py:161} INFO - Started process (PID=2987) to work on /home/airflow/.local/lib/python3.12/site-packages/airflow/example_dags/example_sensor_decorator.py
[2024-07-31T12:34:21.136+0000] {processor.py:830} INFO - Processing file /home/airflow/.local/lib/python3.12/site-packages/airflow/example_dags/example_sensor_decorator.py for tasks to queue
[2024-07-31T12:34:21.138+0000] {logging_mixin.py:188} INFO - [2024-07-31T12:34:21.138+0000] {dagbag.py:545} INFO - Filling up the DagBag from /home/airflow/.local/lib/python3.12/site-packages/airflow/example_dags/example_sensor_decorator.py
[2024-07-31T12:34:21.144+0000] {processor.py:840} INFO - DAG(s) 'example_sensor_decorator' retrieved from /home/airflow/.local/lib/python3.12/site-packages/airflow/example_dags/example_sensor_decorator.py
[2024-07-31T12:34:21.167+0000] {logging_mixin.py:188} INFO - [2024-07-31T12:34:21.166+0000] {dag.py:3089} INFO - Sync 1 DAGs
[2024-07-31T12:34:21.185+0000] {logging_mixin.py:188} INFO - [2024-07-31T12:34:21.184+0000] {dag.py:3947} INFO - Setting next_dagrun for example_sensor_decorator to None, run_after=None
[2024-07-31T12:34:21.213+0000] {processor.py:183} INFO - Processing /home/airflow/.local/lib/python3.12/site-packages/airflow/example_dags/example_sensor_decorator.py took 0.084 seconds
[2024-07-31T12:34:51.368+0000] {processor.py:161} INFO - Started process (PID=3044) to work on /home/airflow/.local/lib/python3.12/site-packages/airflow/example_dags/example_sensor_decorator.py
[2024-07-31T12:34:51.370+0000] {processor.py:830} INFO - Processing file /home/airflow/.local/lib/python3.12/site-packages/airflow/example_dags/example_sensor_decorator.py for tasks to queue
[2024-07-31T12:34:51.372+0000] {logging_mixin.py:188} INFO - [2024-07-31T12:34:51.372+0000] {dagbag.py:545} INFO - Filling up the DagBag from /home/airflow/.local/lib/python3.12/site-packages/airflow/example_dags/example_sensor_decorator.py
[2024-07-31T12:34:51.378+0000] {processor.py:840} INFO - DAG(s) 'example_sensor_decorator' retrieved from /home/airflow/.local/lib/python3.12/site-packages/airflow/example_dags/example_sensor_decorator.py
[2024-07-31T12:34:51.405+0000] {logging_mixin.py:188} INFO - [2024-07-31T12:34:51.405+0000] {dag.py:3089} INFO - Sync 1 DAGs
[2024-07-31T12:34:51.425+0000] {logging_mixin.py:188} INFO - [2024-07-31T12:34:51.424+0000] {dag.py:3947} INFO - Setting next_dagrun for example_sensor_decorator to None, run_after=None
[2024-07-31T12:34:51.455+0000] {processor.py:183} INFO - Processing /home/airflow/.local/lib/python3.12/site-packages/airflow/example_dags/example_sensor_decorator.py took 0.093 seconds
[2024-07-31T12:35:21.548+0000] {processor.py:161} INFO - Started process (PID=3101) to work on /home/airflow/.local/lib/python3.12/site-packages/airflow/example_dags/example_sensor_decorator.py
[2024-07-31T12:35:21.549+0000] {processor.py:830} INFO - Processing file /home/airflow/.local/lib/python3.12/site-packages/airflow/example_dags/example_sensor_decorator.py for tasks to queue
[2024-07-31T12:35:21.551+0000] {logging_mixin.py:188} INFO - [2024-07-31T12:35:21.550+0000] {dagbag.py:545} INFO - Filling up the DagBag from /home/airflow/.local/lib/python3.12/site-packages/airflow/example_dags/example_sensor_decorator.py
[2024-07-31T12:35:21.557+0000] {processor.py:840} INFO - DAG(s) 'example_sensor_decorator' retrieved from /home/airflow/.local/lib/python3.12/site-packages/airflow/example_dags/example_sensor_decorator.py
[2024-07-31T12:35:21.582+0000] {logging_mixin.py:188} INFO - [2024-07-31T12:35:21.581+0000] {dag.py:3089} INFO - Sync 1 DAGs
[2024-07-31T12:35:21.598+0000] {logging_mixin.py:188} INFO - [2024-07-31T12:35:21.598+0000] {dag.py:3947} INFO - Setting next_dagrun for example_sensor_decorator to None, run_after=None
[2024-07-31T12:35:21.627+0000] {processor.py:183} INFO - Processing /home/airflow/.local/lib/python3.12/site-packages/airflow/example_dags/example_sensor_decorator.py took 0.084 seconds
[2024-07-31T12:35:51.861+0000] {processor.py:161} INFO - Started process (PID=3156) to work on /home/airflow/.local/lib/python3.12/site-packages/airflow/example_dags/example_sensor_decorator.py
[2024-07-31T12:35:51.864+0000] {processor.py:830} INFO - Processing file /home/airflow/.local/lib/python3.12/site-packages/airflow/example_dags/example_sensor_decorator.py for tasks to queue
[2024-07-31T12:35:51.867+0000] {logging_mixin.py:188} INFO - [2024-07-31T12:35:51.866+0000] {dagbag.py:545} INFO - Filling up the DagBag from /home/airflow/.local/lib/python3.12/site-packages/airflow/example_dags/example_sensor_decorator.py
[2024-07-31T12:35:51.875+0000] {processor.py:840} INFO - DAG(s) 'example_sensor_decorator' retrieved from /home/airflow/.local/lib/python3.12/site-packages/airflow/example_dags/example_sensor_decorator.py
[2024-07-31T12:35:51.896+0000] {logging_mixin.py:188} INFO - [2024-07-31T12:35:51.895+0000] {dag.py:3089} INFO - Sync 1 DAGs
[2024-07-31T12:35:51.913+0000] {logging_mixin.py:188} INFO - [2024-07-31T12:35:51.913+0000] {dag.py:3947} INFO - Setting next_dagrun for example_sensor_decorator to None, run_after=None
[2024-07-31T12:35:51.942+0000] {processor.py:183} INFO - Processing /home/airflow/.local/lib/python3.12/site-packages/airflow/example_dags/example_sensor_decorator.py took 0.088 seconds
[2024-07-31T12:36:22.174+0000] {processor.py:161} INFO - Started process (PID=3213) to work on /home/airflow/.local/lib/python3.12/site-packages/airflow/example_dags/example_sensor_decorator.py
[2024-07-31T12:36:22.175+0000] {processor.py:830} INFO - Processing file /home/airflow/.local/lib/python3.12/site-packages/airflow/example_dags/example_sensor_decorator.py for tasks to queue
[2024-07-31T12:36:22.177+0000] {logging_mixin.py:188} INFO - [2024-07-31T12:36:22.177+0000] {dagbag.py:545} INFO - Filling up the DagBag from /home/airflow/.local/lib/python3.12/site-packages/airflow/example_dags/example_sensor_decorator.py
[2024-07-31T12:36:22.186+0000] {processor.py:840} INFO - DAG(s) 'example_sensor_decorator' retrieved from /home/airflow/.local/lib/python3.12/site-packages/airflow/example_dags/example_sensor_decorator.py
[2024-07-31T12:36:22.210+0000] {logging_mixin.py:188} INFO - [2024-07-31T12:36:22.210+0000] {dag.py:3089} INFO - Sync 1 DAGs
[2024-07-31T12:36:22.227+0000] {logging_mixin.py:188} INFO - [2024-07-31T12:36:22.226+0000] {dag.py:3947} INFO - Setting next_dagrun for example_sensor_decorator to None, run_after=None
[2024-07-31T12:36:22.264+0000] {processor.py:183} INFO - Processing /home/airflow/.local/lib/python3.12/site-packages/airflow/example_dags/example_sensor_decorator.py took 0.098 seconds
[2024-07-31T12:36:52.561+0000] {processor.py:161} INFO - Started process (PID=3270) to work on /home/airflow/.local/lib/python3.12/site-packages/airflow/example_dags/example_sensor_decorator.py
[2024-07-31T12:36:52.563+0000] {processor.py:830} INFO - Processing file /home/airflow/.local/lib/python3.12/site-packages/airflow/example_dags/example_sensor_decorator.py for tasks to queue
[2024-07-31T12:36:52.565+0000] {logging_mixin.py:188} INFO - [2024-07-31T12:36:52.564+0000] {dagbag.py:545} INFO - Filling up the DagBag from /home/airflow/.local/lib/python3.12/site-packages/airflow/example_dags/example_sensor_decorator.py
[2024-07-31T12:36:52.571+0000] {processor.py:840} INFO - DAG(s) 'example_sensor_decorator' retrieved from /home/airflow/.local/lib/python3.12/site-packages/airflow/example_dags/example_sensor_decorator.py
[2024-07-31T12:36:52.596+0000] {logging_mixin.py:188} INFO - [2024-07-31T12:36:52.595+0000] {dag.py:3089} INFO - Sync 1 DAGs
[2024-07-31T12:36:52.610+0000] {logging_mixin.py:188} INFO - [2024-07-31T12:36:52.610+0000] {dag.py:3947} INFO - Setting next_dagrun for example_sensor_decorator to None, run_after=None
[2024-07-31T12:36:52.640+0000] {processor.py:183} INFO - Processing /home/airflow/.local/lib/python3.12/site-packages/airflow/example_dags/example_sensor_decorator.py took 0.085 seconds
[2024-07-31T12:37:22.827+0000] {processor.py:161} INFO - Started process (PID=3328) to work on /home/airflow/.local/lib/python3.12/site-packages/airflow/example_dags/example_sensor_decorator.py
[2024-07-31T12:37:22.828+0000] {processor.py:830} INFO - Processing file /home/airflow/.local/lib/python3.12/site-packages/airflow/example_dags/example_sensor_decorator.py for tasks to queue
[2024-07-31T12:37:22.829+0000] {logging_mixin.py:188} INFO - [2024-07-31T12:37:22.829+0000] {dagbag.py:545} INFO - Filling up the DagBag from /home/airflow/.local/lib/python3.12/site-packages/airflow/example_dags/example_sensor_decorator.py
[2024-07-31T12:37:22.835+0000] {processor.py:840} INFO - DAG(s) 'example_sensor_decorator' retrieved from /home/airflow/.local/lib/python3.12/site-packages/airflow/example_dags/example_sensor_decorator.py
[2024-07-31T12:37:22.855+0000] {logging_mixin.py:188} INFO - [2024-07-31T12:37:22.854+0000] {dag.py:3089} INFO - Sync 1 DAGs
[2024-07-31T12:37:22.870+0000] {logging_mixin.py:188} INFO - [2024-07-31T12:37:22.869+0000] {dag.py:3947} INFO - Setting next_dagrun for example_sensor_decorator to None, run_after=None
[2024-07-31T12:37:22.892+0000] {processor.py:183} INFO - Processing /home/airflow/.local/lib/python3.12/site-packages/airflow/example_dags/example_sensor_decorator.py took 0.072 seconds
[2024-07-31T12:37:53.635+0000] {processor.py:161} INFO - Started process (PID=3385) to work on /home/airflow/.local/lib/python3.12/site-packages/airflow/example_dags/example_sensor_decorator.py
[2024-07-31T12:37:53.638+0000] {processor.py:830} INFO - Processing file /home/airflow/.local/lib/python3.12/site-packages/airflow/example_dags/example_sensor_decorator.py for tasks to queue
[2024-07-31T12:37:53.639+0000] {logging_mixin.py:188} INFO - [2024-07-31T12:37:53.639+0000] {dagbag.py:545} INFO - Filling up the DagBag from /home/airflow/.local/lib/python3.12/site-packages/airflow/example_dags/example_sensor_decorator.py
[2024-07-31T12:37:53.648+0000] {processor.py:840} INFO - DAG(s) 'example_sensor_decorator' retrieved from /home/airflow/.local/lib/python3.12/site-packages/airflow/example_dags/example_sensor_decorator.py
[2024-07-31T12:37:53.676+0000] {logging_mixin.py:188} INFO - [2024-07-31T12:37:53.676+0000] {dag.py:3089} INFO - Sync 1 DAGs
[2024-07-31T12:37:53.702+0000] {logging_mixin.py:188} INFO - [2024-07-31T12:37:53.702+0000] {dag.py:3947} INFO - Setting next_dagrun for example_sensor_decorator to None, run_after=None
[2024-07-31T12:37:53.730+0000] {processor.py:183} INFO - Processing /home/airflow/.local/lib/python3.12/site-packages/airflow/example_dags/example_sensor_decorator.py took 0.104 seconds
[2024-07-31T12:38:24.534+0000] {processor.py:161} INFO - Started process (PID=3443) to work on /home/airflow/.local/lib/python3.12/site-packages/airflow/example_dags/example_sensor_decorator.py
[2024-07-31T12:38:24.536+0000] {processor.py:830} INFO - Processing file /home/airflow/.local/lib/python3.12/site-packages/airflow/example_dags/example_sensor_decorator.py for tasks to queue
[2024-07-31T12:38:24.539+0000] {logging_mixin.py:188} INFO - [2024-07-31T12:38:24.539+0000] {dagbag.py:545} INFO - Filling up the DagBag from /home/airflow/.local/lib/python3.12/site-packages/airflow/example_dags/example_sensor_decorator.py
[2024-07-31T12:38:24.550+0000] {processor.py:840} INFO - DAG(s) 'example_sensor_decorator' retrieved from /home/airflow/.local/lib/python3.12/site-packages/airflow/example_dags/example_sensor_decorator.py
[2024-07-31T12:38:24.579+0000] {logging_mixin.py:188} INFO - [2024-07-31T12:38:24.579+0000] {dag.py:3089} INFO - Sync 1 DAGs
[2024-07-31T12:38:24.598+0000] {logging_mixin.py:188} INFO - [2024-07-31T12:38:24.598+0000] {dag.py:3947} INFO - Setting next_dagrun for example_sensor_decorator to None, run_after=None
[2024-07-31T12:38:24.627+0000] {processor.py:183} INFO - Processing /home/airflow/.local/lib/python3.12/site-packages/airflow/example_dags/example_sensor_decorator.py took 0.105 seconds
[2024-07-31T16:44:29.917+0000] {processor.py:161} INFO - Started process (PID=103) to work on /home/airflow/.local/lib/python3.12/site-packages/airflow/example_dags/example_sensor_decorator.py
[2024-07-31T16:44:29.918+0000] {processor.py:830} INFO - Processing file /home/airflow/.local/lib/python3.12/site-packages/airflow/example_dags/example_sensor_decorator.py for tasks to queue
[2024-07-31T16:44:29.919+0000] {logging_mixin.py:188} INFO - [2024-07-31T16:44:29.918+0000] {dagbag.py:545} INFO - Filling up the DagBag from /home/airflow/.local/lib/python3.12/site-packages/airflow/example_dags/example_sensor_decorator.py
[2024-07-31T16:44:29.928+0000] {processor.py:840} INFO - DAG(s) 'example_sensor_decorator' retrieved from /home/airflow/.local/lib/python3.12/site-packages/airflow/example_dags/example_sensor_decorator.py
[2024-07-31T16:44:30.054+0000] {logging_mixin.py:188} INFO - [2024-07-31T16:44:30.053+0000] {dag.py:3089} INFO - Sync 1 DAGs
[2024-07-31T16:44:30.069+0000] {logging_mixin.py:188} INFO - [2024-07-31T16:44:30.069+0000] {dag.py:3947} INFO - Setting next_dagrun for example_sensor_decorator to None, run_after=None
[2024-07-31T16:44:30.095+0000] {processor.py:183} INFO - Processing /home/airflow/.local/lib/python3.12/site-packages/airflow/example_dags/example_sensor_decorator.py took 0.186 seconds
[2024-07-31T16:45:00.467+0000] {processor.py:161} INFO - Started process (PID=160) to work on /home/airflow/.local/lib/python3.12/site-packages/airflow/example_dags/example_sensor_decorator.py
[2024-07-31T16:45:00.468+0000] {processor.py:830} INFO - Processing file /home/airflow/.local/lib/python3.12/site-packages/airflow/example_dags/example_sensor_decorator.py for tasks to queue
[2024-07-31T16:45:00.469+0000] {logging_mixin.py:188} INFO - [2024-07-31T16:45:00.469+0000] {dagbag.py:545} INFO - Filling up the DagBag from /home/airflow/.local/lib/python3.12/site-packages/airflow/example_dags/example_sensor_decorator.py
[2024-07-31T16:45:00.497+0000] {processor.py:840} INFO - DAG(s) 'example_sensor_decorator' retrieved from /home/airflow/.local/lib/python3.12/site-packages/airflow/example_dags/example_sensor_decorator.py
[2024-07-31T16:45:00.554+0000] {logging_mixin.py:188} INFO - [2024-07-31T16:45:00.553+0000] {dag.py:3089} INFO - Sync 1 DAGs
[2024-07-31T16:45:00.584+0000] {logging_mixin.py:188} INFO - [2024-07-31T16:45:00.582+0000] {dag.py:3947} INFO - Setting next_dagrun for example_sensor_decorator to None, run_after=None
[2024-07-31T16:45:00.679+0000] {processor.py:183} INFO - Processing /home/airflow/.local/lib/python3.12/site-packages/airflow/example_dags/example_sensor_decorator.py took 0.235 seconds
[2024-07-31T16:45:30.792+0000] {processor.py:161} INFO - Started process (PID=218) to work on /home/airflow/.local/lib/python3.12/site-packages/airflow/example_dags/example_sensor_decorator.py
[2024-07-31T16:45:30.797+0000] {processor.py:830} INFO - Processing file /home/airflow/.local/lib/python3.12/site-packages/airflow/example_dags/example_sensor_decorator.py for tasks to queue
[2024-07-31T16:45:30.798+0000] {logging_mixin.py:188} INFO - [2024-07-31T16:45:30.797+0000] {dagbag.py:545} INFO - Filling up the DagBag from /home/airflow/.local/lib/python3.12/site-packages/airflow/example_dags/example_sensor_decorator.py
[2024-07-31T16:45:30.820+0000] {processor.py:840} INFO - DAG(s) 'example_sensor_decorator' retrieved from /home/airflow/.local/lib/python3.12/site-packages/airflow/example_dags/example_sensor_decorator.py
[2024-07-31T16:45:30.917+0000] {logging_mixin.py:188} INFO - [2024-07-31T16:45:30.916+0000] {dag.py:3089} INFO - Sync 1 DAGs
[2024-07-31T16:45:30.939+0000] {logging_mixin.py:188} INFO - [2024-07-31T16:45:30.939+0000] {dag.py:3947} INFO - Setting next_dagrun for example_sensor_decorator to None, run_after=None
[2024-07-31T16:45:31.048+0000] {processor.py:183} INFO - Processing /home/airflow/.local/lib/python3.12/site-packages/airflow/example_dags/example_sensor_decorator.py took 0.277 seconds
[2024-07-31T16:46:01.381+0000] {processor.py:161} INFO - Started process (PID=276) to work on /home/airflow/.local/lib/python3.12/site-packages/airflow/example_dags/example_sensor_decorator.py
[2024-07-31T16:46:01.382+0000] {processor.py:830} INFO - Processing file /home/airflow/.local/lib/python3.12/site-packages/airflow/example_dags/example_sensor_decorator.py for tasks to queue
[2024-07-31T16:46:01.383+0000] {logging_mixin.py:188} INFO - [2024-07-31T16:46:01.382+0000] {dagbag.py:545} INFO - Filling up the DagBag from /home/airflow/.local/lib/python3.12/site-packages/airflow/example_dags/example_sensor_decorator.py
[2024-07-31T16:46:01.389+0000] {processor.py:840} INFO - DAG(s) 'example_sensor_decorator' retrieved from /home/airflow/.local/lib/python3.12/site-packages/airflow/example_dags/example_sensor_decorator.py
[2024-07-31T16:46:01.411+0000] {logging_mixin.py:188} INFO - [2024-07-31T16:46:01.411+0000] {dag.py:3089} INFO - Sync 1 DAGs
[2024-07-31T16:46:01.423+0000] {logging_mixin.py:188} INFO - [2024-07-31T16:46:01.423+0000] {dag.py:3947} INFO - Setting next_dagrun for example_sensor_decorator to None, run_after=None
[2024-07-31T16:46:01.445+0000] {processor.py:183} INFO - Processing /home/airflow/.local/lib/python3.12/site-packages/airflow/example_dags/example_sensor_decorator.py took 0.070 seconds
