[2024-07-31T12:08:51.299+0000] {processor.py:161} INFO - Started process (PID=81) to work on /home/airflow/.local/lib/python3.12/site-packages/airflow/example_dags/example_task_group_decorator.py
[2024-07-31T12:08:51.299+0000] {processor.py:830} INFO - Processing file /home/airflow/.local/lib/python3.12/site-packages/airflow/example_dags/example_task_group_decorator.py for tasks to queue
[2024-07-31T12:08:51.301+0000] {logging_mixin.py:188} INFO - [2024-07-31T12:08:51.300+0000] {dagbag.py:545} INFO - Filling up the DagBag from /home/airflow/.local/lib/python3.12/site-packages/airflow/example_dags/example_task_group_decorator.py
[2024-07-31T12:08:51.318+0000] {processor.py:840} INFO - DAG(s) 'example_task_group_decorator' retrieved from /home/airflow/.local/lib/python3.12/site-packages/airflow/example_dags/example_task_group_decorator.py
[2024-07-31T12:08:51.449+0000] {logging_mixin.py:188} INFO - [2024-07-31T12:08:51.448+0000] {override.py:1858} INFO - Created Permission View: can delete on DAG:example_task_group_decorator
[2024-07-31T12:08:51.458+0000] {logging_mixin.py:188} INFO - [2024-07-31T12:08:51.458+0000] {override.py:1858} INFO - Created Permission View: can read on DAG:example_task_group_decorator
[2024-07-31T12:08:51.464+0000] {logging_mixin.py:188} INFO - [2024-07-31T12:08:51.463+0000] {override.py:1858} INFO - Created Permission View: can edit on DAG:example_task_group_decorator
[2024-07-31T12:08:51.464+0000] {logging_mixin.py:188} INFO - [2024-07-31T12:08:51.464+0000] {dag.py:3089} INFO - Sync 1 DAGs
[2024-07-31T12:08:51.476+0000] {logging_mixin.py:188} INFO - [2024-07-31T12:08:51.476+0000] {dag.py:3111} INFO - Creating ORM DAG for example_task_group_decorator
[2024-07-31T12:08:51.487+0000] {logging_mixin.py:188} INFO - [2024-07-31T12:08:51.486+0000] {dag.py:3947} INFO - Setting next_dagrun for example_task_group_decorator to 2024-07-30 00:00:00+00:00, run_after=2024-07-31 00:00:00+00:00
[2024-07-31T12:08:51.506+0000] {processor.py:183} INFO - Processing /home/airflow/.local/lib/python3.12/site-packages/airflow/example_dags/example_task_group_decorator.py took 0.213 seconds
[2024-07-31T12:09:22.282+0000] {processor.py:161} INFO - Started process (PID=139) to work on /home/airflow/.local/lib/python3.12/site-packages/airflow/example_dags/example_task_group_decorator.py
[2024-07-31T12:09:22.283+0000] {processor.py:830} INFO - Processing file /home/airflow/.local/lib/python3.12/site-packages/airflow/example_dags/example_task_group_decorator.py for tasks to queue
[2024-07-31T12:09:22.286+0000] {logging_mixin.py:188} INFO - [2024-07-31T12:09:22.285+0000] {dagbag.py:545} INFO - Filling up the DagBag from /home/airflow/.local/lib/python3.12/site-packages/airflow/example_dags/example_task_group_decorator.py
[2024-07-31T12:09:22.309+0000] {processor.py:840} INFO - DAG(s) 'example_task_group_decorator' retrieved from /home/airflow/.local/lib/python3.12/site-packages/airflow/example_dags/example_task_group_decorator.py
[2024-07-31T12:09:22.339+0000] {logging_mixin.py:188} INFO - [2024-07-31T12:09:22.339+0000] {dag.py:3089} INFO - Sync 1 DAGs
[2024-07-31T12:09:22.364+0000] {logging_mixin.py:188} INFO - [2024-07-31T12:09:22.363+0000] {dag.py:3947} INFO - Setting next_dagrun for example_task_group_decorator to 2024-07-30 00:00:00+00:00, run_after=2024-07-31 00:00:00+00:00
[2024-07-31T12:09:22.383+0000] {processor.py:183} INFO - Processing /home/airflow/.local/lib/python3.12/site-packages/airflow/example_dags/example_task_group_decorator.py took 0.110 seconds
[2024-07-31T12:09:52.923+0000] {processor.py:161} INFO - Started process (PID=197) to work on /home/airflow/.local/lib/python3.12/site-packages/airflow/example_dags/example_task_group_decorator.py
[2024-07-31T12:09:52.924+0000] {processor.py:830} INFO - Processing file /home/airflow/.local/lib/python3.12/site-packages/airflow/example_dags/example_task_group_decorator.py for tasks to queue
[2024-07-31T12:09:52.926+0000] {logging_mixin.py:188} INFO - [2024-07-31T12:09:52.926+0000] {dagbag.py:545} INFO - Filling up the DagBag from /home/airflow/.local/lib/python3.12/site-packages/airflow/example_dags/example_task_group_decorator.py
[2024-07-31T12:09:52.940+0000] {processor.py:840} INFO - DAG(s) 'example_task_group_decorator' retrieved from /home/airflow/.local/lib/python3.12/site-packages/airflow/example_dags/example_task_group_decorator.py
[2024-07-31T12:09:52.964+0000] {logging_mixin.py:188} INFO - [2024-07-31T12:09:52.964+0000] {dag.py:3089} INFO - Sync 1 DAGs
[2024-07-31T12:09:52.984+0000] {logging_mixin.py:188} INFO - [2024-07-31T12:09:52.984+0000] {dag.py:3947} INFO - Setting next_dagrun for example_task_group_decorator to 2024-07-30 00:00:00+00:00, run_after=2024-07-31 00:00:00+00:00
[2024-07-31T12:09:53.005+0000] {processor.py:183} INFO - Processing /home/airflow/.local/lib/python3.12/site-packages/airflow/example_dags/example_task_group_decorator.py took 0.088 seconds
[2024-07-31T12:10:23.428+0000] {processor.py:161} INFO - Started process (PID=255) to work on /home/airflow/.local/lib/python3.12/site-packages/airflow/example_dags/example_task_group_decorator.py
[2024-07-31T12:10:23.430+0000] {processor.py:830} INFO - Processing file /home/airflow/.local/lib/python3.12/site-packages/airflow/example_dags/example_task_group_decorator.py for tasks to queue
[2024-07-31T12:10:23.433+0000] {logging_mixin.py:188} INFO - [2024-07-31T12:10:23.433+0000] {dagbag.py:545} INFO - Filling up the DagBag from /home/airflow/.local/lib/python3.12/site-packages/airflow/example_dags/example_task_group_decorator.py
[2024-07-31T12:10:23.457+0000] {processor.py:840} INFO - DAG(s) 'example_task_group_decorator' retrieved from /home/airflow/.local/lib/python3.12/site-packages/airflow/example_dags/example_task_group_decorator.py
[2024-07-31T12:10:23.492+0000] {logging_mixin.py:188} INFO - [2024-07-31T12:10:23.492+0000] {dag.py:3089} INFO - Sync 1 DAGs
[2024-07-31T12:10:23.523+0000] {logging_mixin.py:188} INFO - [2024-07-31T12:10:23.523+0000] {dag.py:3947} INFO - Setting next_dagrun for example_task_group_decorator to 2024-07-30 00:00:00+00:00, run_after=2024-07-31 00:00:00+00:00
[2024-07-31T12:10:23.550+0000] {processor.py:183} INFO - Processing /home/airflow/.local/lib/python3.12/site-packages/airflow/example_dags/example_task_group_decorator.py took 0.136 seconds
[2024-07-31T12:10:53.717+0000] {processor.py:161} INFO - Started process (PID=313) to work on /home/airflow/.local/lib/python3.12/site-packages/airflow/example_dags/example_task_group_decorator.py
[2024-07-31T12:10:53.719+0000] {processor.py:830} INFO - Processing file /home/airflow/.local/lib/python3.12/site-packages/airflow/example_dags/example_task_group_decorator.py for tasks to queue
[2024-07-31T12:10:53.720+0000] {logging_mixin.py:188} INFO - [2024-07-31T12:10:53.720+0000] {dagbag.py:545} INFO - Filling up the DagBag from /home/airflow/.local/lib/python3.12/site-packages/airflow/example_dags/example_task_group_decorator.py
[2024-07-31T12:10:53.734+0000] {processor.py:840} INFO - DAG(s) 'example_task_group_decorator' retrieved from /home/airflow/.local/lib/python3.12/site-packages/airflow/example_dags/example_task_group_decorator.py
[2024-07-31T12:10:53.761+0000] {logging_mixin.py:188} INFO - [2024-07-31T12:10:53.761+0000] {dag.py:3089} INFO - Sync 1 DAGs
[2024-07-31T12:10:53.783+0000] {logging_mixin.py:188} INFO - [2024-07-31T12:10:53.783+0000] {dag.py:3947} INFO - Setting next_dagrun for example_task_group_decorator to 2024-07-30 00:00:00+00:00, run_after=2024-07-31 00:00:00+00:00
[2024-07-31T12:10:53.805+0000] {processor.py:183} INFO - Processing /home/airflow/.local/lib/python3.12/site-packages/airflow/example_dags/example_task_group_decorator.py took 0.093 seconds
[2024-07-31T12:11:24.422+0000] {processor.py:161} INFO - Started process (PID=370) to work on /home/airflow/.local/lib/python3.12/site-packages/airflow/example_dags/example_task_group_decorator.py
[2024-07-31T12:11:24.423+0000] {processor.py:830} INFO - Processing file /home/airflow/.local/lib/python3.12/site-packages/airflow/example_dags/example_task_group_decorator.py for tasks to queue
[2024-07-31T12:11:24.425+0000] {logging_mixin.py:188} INFO - [2024-07-31T12:11:24.424+0000] {dagbag.py:545} INFO - Filling up the DagBag from /home/airflow/.local/lib/python3.12/site-packages/airflow/example_dags/example_task_group_decorator.py
[2024-07-31T12:11:24.446+0000] {processor.py:840} INFO - DAG(s) 'example_task_group_decorator' retrieved from /home/airflow/.local/lib/python3.12/site-packages/airflow/example_dags/example_task_group_decorator.py
[2024-07-31T12:11:24.473+0000] {logging_mixin.py:188} INFO - [2024-07-31T12:11:24.472+0000] {dag.py:3089} INFO - Sync 1 DAGs
[2024-07-31T12:11:24.497+0000] {logging_mixin.py:188} INFO - [2024-07-31T12:11:24.496+0000] {dag.py:3947} INFO - Setting next_dagrun for example_task_group_decorator to 2024-07-30 00:00:00+00:00, run_after=2024-07-31 00:00:00+00:00
[2024-07-31T12:11:24.525+0000] {processor.py:183} INFO - Processing /home/airflow/.local/lib/python3.12/site-packages/airflow/example_dags/example_task_group_decorator.py took 0.111 seconds
[2024-07-31T12:11:55.408+0000] {processor.py:161} INFO - Started process (PID=434) to work on /home/airflow/.local/lib/python3.12/site-packages/airflow/example_dags/example_task_group_decorator.py
[2024-07-31T12:11:55.409+0000] {processor.py:830} INFO - Processing file /home/airflow/.local/lib/python3.12/site-packages/airflow/example_dags/example_task_group_decorator.py for tasks to queue
[2024-07-31T12:11:55.410+0000] {logging_mixin.py:188} INFO - [2024-07-31T12:11:55.410+0000] {dagbag.py:545} INFO - Filling up the DagBag from /home/airflow/.local/lib/python3.12/site-packages/airflow/example_dags/example_task_group_decorator.py
[2024-07-31T12:11:55.425+0000] {processor.py:840} INFO - DAG(s) 'example_task_group_decorator' retrieved from /home/airflow/.local/lib/python3.12/site-packages/airflow/example_dags/example_task_group_decorator.py
[2024-07-31T12:11:55.450+0000] {logging_mixin.py:188} INFO - [2024-07-31T12:11:55.449+0000] {dag.py:3089} INFO - Sync 1 DAGs
[2024-07-31T12:11:55.473+0000] {logging_mixin.py:188} INFO - [2024-07-31T12:11:55.473+0000] {dag.py:3947} INFO - Setting next_dagrun for example_task_group_decorator to 2024-07-30 00:00:00+00:00, run_after=2024-07-31 00:00:00+00:00
[2024-07-31T12:11:55.493+0000] {processor.py:183} INFO - Processing /home/airflow/.local/lib/python3.12/site-packages/airflow/example_dags/example_task_group_decorator.py took 0.091 seconds
[2024-07-31T12:12:25.963+0000] {processor.py:161} INFO - Started process (PID=491) to work on /home/airflow/.local/lib/python3.12/site-packages/airflow/example_dags/example_task_group_decorator.py
[2024-07-31T12:12:25.965+0000] {processor.py:830} INFO - Processing file /home/airflow/.local/lib/python3.12/site-packages/airflow/example_dags/example_task_group_decorator.py for tasks to queue
[2024-07-31T12:12:25.967+0000] {logging_mixin.py:188} INFO - [2024-07-31T12:12:25.966+0000] {dagbag.py:545} INFO - Filling up the DagBag from /home/airflow/.local/lib/python3.12/site-packages/airflow/example_dags/example_task_group_decorator.py
[2024-07-31T12:12:25.992+0000] {processor.py:840} INFO - DAG(s) 'example_task_group_decorator' retrieved from /home/airflow/.local/lib/python3.12/site-packages/airflow/example_dags/example_task_group_decorator.py
[2024-07-31T12:12:26.021+0000] {logging_mixin.py:188} INFO - [2024-07-31T12:12:26.021+0000] {dag.py:3089} INFO - Sync 1 DAGs
[2024-07-31T12:12:26.045+0000] {logging_mixin.py:188} INFO - [2024-07-31T12:12:26.044+0000] {dag.py:3947} INFO - Setting next_dagrun for example_task_group_decorator to 2024-07-30 00:00:00+00:00, run_after=2024-07-31 00:00:00+00:00
[2024-07-31T12:12:26.066+0000] {processor.py:183} INFO - Processing /home/airflow/.local/lib/python3.12/site-packages/airflow/example_dags/example_task_group_decorator.py took 0.110 seconds
[2024-07-31T12:12:56.678+0000] {processor.py:161} INFO - Started process (PID=549) to work on /home/airflow/.local/lib/python3.12/site-packages/airflow/example_dags/example_task_group_decorator.py
[2024-07-31T12:12:56.679+0000] {processor.py:830} INFO - Processing file /home/airflow/.local/lib/python3.12/site-packages/airflow/example_dags/example_task_group_decorator.py for tasks to queue
[2024-07-31T12:12:56.681+0000] {logging_mixin.py:188} INFO - [2024-07-31T12:12:56.681+0000] {dagbag.py:545} INFO - Filling up the DagBag from /home/airflow/.local/lib/python3.12/site-packages/airflow/example_dags/example_task_group_decorator.py
[2024-07-31T12:12:56.699+0000] {processor.py:840} INFO - DAG(s) 'example_task_group_decorator' retrieved from /home/airflow/.local/lib/python3.12/site-packages/airflow/example_dags/example_task_group_decorator.py
[2024-07-31T12:12:56.726+0000] {logging_mixin.py:188} INFO - [2024-07-31T12:12:56.726+0000] {dag.py:3089} INFO - Sync 1 DAGs
[2024-07-31T12:12:56.750+0000] {logging_mixin.py:188} INFO - [2024-07-31T12:12:56.750+0000] {dag.py:3947} INFO - Setting next_dagrun for example_task_group_decorator to 2024-07-30 00:00:00+00:00, run_after=2024-07-31 00:00:00+00:00
[2024-07-31T12:12:56.772+0000] {processor.py:183} INFO - Processing /home/airflow/.local/lib/python3.12/site-packages/airflow/example_dags/example_task_group_decorator.py took 0.100 seconds
[2024-07-31T12:13:27.225+0000] {processor.py:161} INFO - Started process (PID=606) to work on /home/airflow/.local/lib/python3.12/site-packages/airflow/example_dags/example_task_group_decorator.py
[2024-07-31T12:13:27.226+0000] {processor.py:830} INFO - Processing file /home/airflow/.local/lib/python3.12/site-packages/airflow/example_dags/example_task_group_decorator.py for tasks to queue
[2024-07-31T12:13:27.228+0000] {logging_mixin.py:188} INFO - [2024-07-31T12:13:27.228+0000] {dagbag.py:545} INFO - Filling up the DagBag from /home/airflow/.local/lib/python3.12/site-packages/airflow/example_dags/example_task_group_decorator.py
[2024-07-31T12:13:27.243+0000] {processor.py:840} INFO - DAG(s) 'example_task_group_decorator' retrieved from /home/airflow/.local/lib/python3.12/site-packages/airflow/example_dags/example_task_group_decorator.py
[2024-07-31T12:13:27.271+0000] {logging_mixin.py:188} INFO - [2024-07-31T12:13:27.271+0000] {dag.py:3089} INFO - Sync 1 DAGs
[2024-07-31T12:13:27.296+0000] {logging_mixin.py:188} INFO - [2024-07-31T12:13:27.296+0000] {dag.py:3947} INFO - Setting next_dagrun for example_task_group_decorator to 2024-07-30 00:00:00+00:00, run_after=2024-07-31 00:00:00+00:00
[2024-07-31T12:13:27.324+0000] {processor.py:183} INFO - Processing /home/airflow/.local/lib/python3.12/site-packages/airflow/example_dags/example_task_group_decorator.py took 0.105 seconds
[2024-07-31T12:13:57.973+0000] {processor.py:161} INFO - Started process (PID=664) to work on /home/airflow/.local/lib/python3.12/site-packages/airflow/example_dags/example_task_group_decorator.py
[2024-07-31T12:13:57.973+0000] {processor.py:830} INFO - Processing file /home/airflow/.local/lib/python3.12/site-packages/airflow/example_dags/example_task_group_decorator.py for tasks to queue
[2024-07-31T12:13:57.975+0000] {logging_mixin.py:188} INFO - [2024-07-31T12:13:57.975+0000] {dagbag.py:545} INFO - Filling up the DagBag from /home/airflow/.local/lib/python3.12/site-packages/airflow/example_dags/example_task_group_decorator.py
[2024-07-31T12:13:57.990+0000] {processor.py:840} INFO - DAG(s) 'example_task_group_decorator' retrieved from /home/airflow/.local/lib/python3.12/site-packages/airflow/example_dags/example_task_group_decorator.py
[2024-07-31T12:13:58.025+0000] {logging_mixin.py:188} INFO - [2024-07-31T12:13:58.025+0000] {dag.py:3089} INFO - Sync 1 DAGs
[2024-07-31T12:13:58.059+0000] {logging_mixin.py:188} INFO - [2024-07-31T12:13:58.059+0000] {dag.py:3947} INFO - Setting next_dagrun for example_task_group_decorator to 2024-07-30 00:00:00+00:00, run_after=2024-07-31 00:00:00+00:00
[2024-07-31T12:13:58.092+0000] {processor.py:183} INFO - Processing /home/airflow/.local/lib/python3.12/site-packages/airflow/example_dags/example_task_group_decorator.py took 0.126 seconds
[2024-07-31T12:14:28.308+0000] {processor.py:161} INFO - Started process (PID=722) to work on /home/airflow/.local/lib/python3.12/site-packages/airflow/example_dags/example_task_group_decorator.py
[2024-07-31T12:14:28.309+0000] {processor.py:830} INFO - Processing file /home/airflow/.local/lib/python3.12/site-packages/airflow/example_dags/example_task_group_decorator.py for tasks to queue
[2024-07-31T12:14:28.311+0000] {logging_mixin.py:188} INFO - [2024-07-31T12:14:28.311+0000] {dagbag.py:545} INFO - Filling up the DagBag from /home/airflow/.local/lib/python3.12/site-packages/airflow/example_dags/example_task_group_decorator.py
[2024-07-31T12:14:28.338+0000] {processor.py:840} INFO - DAG(s) 'example_task_group_decorator' retrieved from /home/airflow/.local/lib/python3.12/site-packages/airflow/example_dags/example_task_group_decorator.py
[2024-07-31T12:14:28.363+0000] {logging_mixin.py:188} INFO - [2024-07-31T12:14:28.363+0000] {dag.py:3089} INFO - Sync 1 DAGs
[2024-07-31T12:14:28.388+0000] {logging_mixin.py:188} INFO - [2024-07-31T12:14:28.388+0000] {dag.py:3947} INFO - Setting next_dagrun for example_task_group_decorator to 2024-07-30 00:00:00+00:00, run_after=2024-07-31 00:00:00+00:00
[2024-07-31T12:14:28.411+0000] {processor.py:183} INFO - Processing /home/airflow/.local/lib/python3.12/site-packages/airflow/example_dags/example_task_group_decorator.py took 0.109 seconds
[2024-07-31T12:14:58.653+0000] {processor.py:161} INFO - Started process (PID=779) to work on /home/airflow/.local/lib/python3.12/site-packages/airflow/example_dags/example_task_group_decorator.py
[2024-07-31T12:14:58.654+0000] {processor.py:830} INFO - Processing file /home/airflow/.local/lib/python3.12/site-packages/airflow/example_dags/example_task_group_decorator.py for tasks to queue
[2024-07-31T12:14:58.655+0000] {logging_mixin.py:188} INFO - [2024-07-31T12:14:58.655+0000] {dagbag.py:545} INFO - Filling up the DagBag from /home/airflow/.local/lib/python3.12/site-packages/airflow/example_dags/example_task_group_decorator.py
[2024-07-31T12:14:58.669+0000] {processor.py:840} INFO - DAG(s) 'example_task_group_decorator' retrieved from /home/airflow/.local/lib/python3.12/site-packages/airflow/example_dags/example_task_group_decorator.py
[2024-07-31T12:14:58.701+0000] {logging_mixin.py:188} INFO - [2024-07-31T12:14:58.701+0000] {dag.py:3089} INFO - Sync 1 DAGs
[2024-07-31T12:14:58.734+0000] {logging_mixin.py:188} INFO - [2024-07-31T12:14:58.733+0000] {dag.py:3947} INFO - Setting next_dagrun for example_task_group_decorator to 2024-07-30 00:00:00+00:00, run_after=2024-07-31 00:00:00+00:00
[2024-07-31T12:14:58.761+0000] {processor.py:183} INFO - Processing /home/airflow/.local/lib/python3.12/site-packages/airflow/example_dags/example_task_group_decorator.py took 0.113 seconds
[2024-07-31T12:15:28.897+0000] {processor.py:161} INFO - Started process (PID=836) to work on /home/airflow/.local/lib/python3.12/site-packages/airflow/example_dags/example_task_group_decorator.py
[2024-07-31T12:15:28.899+0000] {processor.py:830} INFO - Processing file /home/airflow/.local/lib/python3.12/site-packages/airflow/example_dags/example_task_group_decorator.py for tasks to queue
[2024-07-31T12:15:28.900+0000] {logging_mixin.py:188} INFO - [2024-07-31T12:15:28.900+0000] {dagbag.py:545} INFO - Filling up the DagBag from /home/airflow/.local/lib/python3.12/site-packages/airflow/example_dags/example_task_group_decorator.py
[2024-07-31T12:15:28.917+0000] {processor.py:840} INFO - DAG(s) 'example_task_group_decorator' retrieved from /home/airflow/.local/lib/python3.12/site-packages/airflow/example_dags/example_task_group_decorator.py
[2024-07-31T12:15:28.947+0000] {logging_mixin.py:188} INFO - [2024-07-31T12:15:28.946+0000] {dag.py:3089} INFO - Sync 1 DAGs
[2024-07-31T12:15:28.976+0000] {logging_mixin.py:188} INFO - [2024-07-31T12:15:28.976+0000] {dag.py:3947} INFO - Setting next_dagrun for example_task_group_decorator to 2024-07-30 00:00:00+00:00, run_after=2024-07-31 00:00:00+00:00
[2024-07-31T12:15:29.006+0000] {processor.py:183} INFO - Processing /home/airflow/.local/lib/python3.12/site-packages/airflow/example_dags/example_task_group_decorator.py took 0.116 seconds
[2024-07-31T12:15:59.199+0000] {processor.py:161} INFO - Started process (PID=893) to work on /home/airflow/.local/lib/python3.12/site-packages/airflow/example_dags/example_task_group_decorator.py
[2024-07-31T12:15:59.201+0000] {processor.py:830} INFO - Processing file /home/airflow/.local/lib/python3.12/site-packages/airflow/example_dags/example_task_group_decorator.py for tasks to queue
[2024-07-31T12:15:59.203+0000] {logging_mixin.py:188} INFO - [2024-07-31T12:15:59.202+0000] {dagbag.py:545} INFO - Filling up the DagBag from /home/airflow/.local/lib/python3.12/site-packages/airflow/example_dags/example_task_group_decorator.py
[2024-07-31T12:15:59.215+0000] {processor.py:840} INFO - DAG(s) 'example_task_group_decorator' retrieved from /home/airflow/.local/lib/python3.12/site-packages/airflow/example_dags/example_task_group_decorator.py
[2024-07-31T12:15:59.239+0000] {logging_mixin.py:188} INFO - [2024-07-31T12:15:59.239+0000] {dag.py:3089} INFO - Sync 1 DAGs
[2024-07-31T12:15:59.261+0000] {logging_mixin.py:188} INFO - [2024-07-31T12:15:59.261+0000] {dag.py:3947} INFO - Setting next_dagrun for example_task_group_decorator to 2024-07-30 00:00:00+00:00, run_after=2024-07-31 00:00:00+00:00
[2024-07-31T12:15:59.285+0000] {processor.py:183} INFO - Processing /home/airflow/.local/lib/python3.12/site-packages/airflow/example_dags/example_task_group_decorator.py took 0.091 seconds
[2024-07-31T12:16:29.585+0000] {processor.py:161} INFO - Started process (PID=950) to work on /home/airflow/.local/lib/python3.12/site-packages/airflow/example_dags/example_task_group_decorator.py
[2024-07-31T12:16:29.585+0000] {processor.py:830} INFO - Processing file /home/airflow/.local/lib/python3.12/site-packages/airflow/example_dags/example_task_group_decorator.py for tasks to queue
[2024-07-31T12:16:29.588+0000] {logging_mixin.py:188} INFO - [2024-07-31T12:16:29.587+0000] {dagbag.py:545} INFO - Filling up the DagBag from /home/airflow/.local/lib/python3.12/site-packages/airflow/example_dags/example_task_group_decorator.py
[2024-07-31T12:16:29.602+0000] {processor.py:840} INFO - DAG(s) 'example_task_group_decorator' retrieved from /home/airflow/.local/lib/python3.12/site-packages/airflow/example_dags/example_task_group_decorator.py
[2024-07-31T12:16:29.636+0000] {logging_mixin.py:188} INFO - [2024-07-31T12:16:29.636+0000] {dag.py:3089} INFO - Sync 1 DAGs
[2024-07-31T12:16:29.658+0000] {logging_mixin.py:188} INFO - [2024-07-31T12:16:29.657+0000] {dag.py:3947} INFO - Setting next_dagrun for example_task_group_decorator to 2024-07-30 00:00:00+00:00, run_after=2024-07-31 00:00:00+00:00
[2024-07-31T12:16:29.686+0000] {processor.py:183} INFO - Processing /home/airflow/.local/lib/python3.12/site-packages/airflow/example_dags/example_task_group_decorator.py took 0.108 seconds
[2024-07-31T12:16:59.716+0000] {processor.py:161} INFO - Started process (PID=1007) to work on /home/airflow/.local/lib/python3.12/site-packages/airflow/example_dags/example_task_group_decorator.py
[2024-07-31T12:16:59.717+0000] {processor.py:830} INFO - Processing file /home/airflow/.local/lib/python3.12/site-packages/airflow/example_dags/example_task_group_decorator.py for tasks to queue
[2024-07-31T12:16:59.719+0000] {logging_mixin.py:188} INFO - [2024-07-31T12:16:59.718+0000] {dagbag.py:545} INFO - Filling up the DagBag from /home/airflow/.local/lib/python3.12/site-packages/airflow/example_dags/example_task_group_decorator.py
[2024-07-31T12:16:59.733+0000] {processor.py:840} INFO - DAG(s) 'example_task_group_decorator' retrieved from /home/airflow/.local/lib/python3.12/site-packages/airflow/example_dags/example_task_group_decorator.py
[2024-07-31T12:16:59.759+0000] {logging_mixin.py:188} INFO - [2024-07-31T12:16:59.759+0000] {dag.py:3089} INFO - Sync 1 DAGs
[2024-07-31T12:16:59.786+0000] {logging_mixin.py:188} INFO - [2024-07-31T12:16:59.785+0000] {dag.py:3947} INFO - Setting next_dagrun for example_task_group_decorator to 2024-07-30 00:00:00+00:00, run_after=2024-07-31 00:00:00+00:00
[2024-07-31T12:16:59.811+0000] {processor.py:183} INFO - Processing /home/airflow/.local/lib/python3.12/site-packages/airflow/example_dags/example_task_group_decorator.py took 0.101 seconds
[2024-07-31T12:17:30.715+0000] {processor.py:161} INFO - Started process (PID=1065) to work on /home/airflow/.local/lib/python3.12/site-packages/airflow/example_dags/example_task_group_decorator.py
[2024-07-31T12:17:30.716+0000] {processor.py:830} INFO - Processing file /home/airflow/.local/lib/python3.12/site-packages/airflow/example_dags/example_task_group_decorator.py for tasks to queue
[2024-07-31T12:17:30.717+0000] {logging_mixin.py:188} INFO - [2024-07-31T12:17:30.717+0000] {dagbag.py:545} INFO - Filling up the DagBag from /home/airflow/.local/lib/python3.12/site-packages/airflow/example_dags/example_task_group_decorator.py
[2024-07-31T12:17:30.731+0000] {processor.py:840} INFO - DAG(s) 'example_task_group_decorator' retrieved from /home/airflow/.local/lib/python3.12/site-packages/airflow/example_dags/example_task_group_decorator.py
[2024-07-31T12:17:30.753+0000] {logging_mixin.py:188} INFO - [2024-07-31T12:17:30.753+0000] {dag.py:3089} INFO - Sync 1 DAGs
[2024-07-31T12:17:30.776+0000] {logging_mixin.py:188} INFO - [2024-07-31T12:17:30.775+0000] {dag.py:3947} INFO - Setting next_dagrun for example_task_group_decorator to 2024-07-30 00:00:00+00:00, run_after=2024-07-31 00:00:00+00:00
[2024-07-31T12:17:30.799+0000] {processor.py:183} INFO - Processing /home/airflow/.local/lib/python3.12/site-packages/airflow/example_dags/example_task_group_decorator.py took 0.089 seconds
[2024-07-31T12:18:01.281+0000] {processor.py:161} INFO - Started process (PID=1123) to work on /home/airflow/.local/lib/python3.12/site-packages/airflow/example_dags/example_task_group_decorator.py
[2024-07-31T12:18:01.282+0000] {processor.py:830} INFO - Processing file /home/airflow/.local/lib/python3.12/site-packages/airflow/example_dags/example_task_group_decorator.py for tasks to queue
[2024-07-31T12:18:01.283+0000] {logging_mixin.py:188} INFO - [2024-07-31T12:18:01.283+0000] {dagbag.py:545} INFO - Filling up the DagBag from /home/airflow/.local/lib/python3.12/site-packages/airflow/example_dags/example_task_group_decorator.py
[2024-07-31T12:18:01.296+0000] {processor.py:840} INFO - DAG(s) 'example_task_group_decorator' retrieved from /home/airflow/.local/lib/python3.12/site-packages/airflow/example_dags/example_task_group_decorator.py
[2024-07-31T12:18:01.325+0000] {logging_mixin.py:188} INFO - [2024-07-31T12:18:01.325+0000] {dag.py:3089} INFO - Sync 1 DAGs
[2024-07-31T12:18:01.355+0000] {logging_mixin.py:188} INFO - [2024-07-31T12:18:01.354+0000] {dag.py:3947} INFO - Setting next_dagrun for example_task_group_decorator to 2024-07-30 00:00:00+00:00, run_after=2024-07-31 00:00:00+00:00
[2024-07-31T12:18:01.378+0000] {processor.py:183} INFO - Processing /home/airflow/.local/lib/python3.12/site-packages/airflow/example_dags/example_task_group_decorator.py took 0.103 seconds
[2024-07-31T12:18:31.873+0000] {processor.py:161} INFO - Started process (PID=1181) to work on /home/airflow/.local/lib/python3.12/site-packages/airflow/example_dags/example_task_group_decorator.py
[2024-07-31T12:18:31.874+0000] {processor.py:830} INFO - Processing file /home/airflow/.local/lib/python3.12/site-packages/airflow/example_dags/example_task_group_decorator.py for tasks to queue
[2024-07-31T12:18:31.877+0000] {logging_mixin.py:188} INFO - [2024-07-31T12:18:31.876+0000] {dagbag.py:545} INFO - Filling up the DagBag from /home/airflow/.local/lib/python3.12/site-packages/airflow/example_dags/example_task_group_decorator.py
[2024-07-31T12:18:31.904+0000] {processor.py:840} INFO - DAG(s) 'example_task_group_decorator' retrieved from /home/airflow/.local/lib/python3.12/site-packages/airflow/example_dags/example_task_group_decorator.py
[2024-07-31T12:18:31.968+0000] {logging_mixin.py:188} INFO - [2024-07-31T12:18:31.968+0000] {dag.py:3089} INFO - Sync 1 DAGs
[2024-07-31T12:18:32.000+0000] {logging_mixin.py:188} INFO - [2024-07-31T12:18:32.000+0000] {dag.py:3947} INFO - Setting next_dagrun for example_task_group_decorator to 2024-07-30 00:00:00+00:00, run_after=2024-07-31 00:00:00+00:00
[2024-07-31T12:18:32.028+0000] {processor.py:183} INFO - Processing /home/airflow/.local/lib/python3.12/site-packages/airflow/example_dags/example_task_group_decorator.py took 0.163 seconds
[2024-07-31T12:19:02.060+0000] {processor.py:161} INFO - Started process (PID=1239) to work on /home/airflow/.local/lib/python3.12/site-packages/airflow/example_dags/example_task_group_decorator.py
[2024-07-31T12:19:02.061+0000] {processor.py:830} INFO - Processing file /home/airflow/.local/lib/python3.12/site-packages/airflow/example_dags/example_task_group_decorator.py for tasks to queue
[2024-07-31T12:19:02.063+0000] {logging_mixin.py:188} INFO - [2024-07-31T12:19:02.063+0000] {dagbag.py:545} INFO - Filling up the DagBag from /home/airflow/.local/lib/python3.12/site-packages/airflow/example_dags/example_task_group_decorator.py
[2024-07-31T12:19:02.085+0000] {processor.py:840} INFO - DAG(s) 'example_task_group_decorator' retrieved from /home/airflow/.local/lib/python3.12/site-packages/airflow/example_dags/example_task_group_decorator.py
[2024-07-31T12:19:02.111+0000] {logging_mixin.py:188} INFO - [2024-07-31T12:19:02.111+0000] {dag.py:3089} INFO - Sync 1 DAGs
[2024-07-31T12:19:02.136+0000] {logging_mixin.py:188} INFO - [2024-07-31T12:19:02.136+0000] {dag.py:3947} INFO - Setting next_dagrun for example_task_group_decorator to 2024-07-30 00:00:00+00:00, run_after=2024-07-31 00:00:00+00:00
[2024-07-31T12:19:02.165+0000] {processor.py:183} INFO - Processing /home/airflow/.local/lib/python3.12/site-packages/airflow/example_dags/example_task_group_decorator.py took 0.113 seconds
[2024-07-31T12:19:32.273+0000] {processor.py:161} INFO - Started process (PID=1297) to work on /home/airflow/.local/lib/python3.12/site-packages/airflow/example_dags/example_task_group_decorator.py
[2024-07-31T12:19:32.273+0000] {processor.py:830} INFO - Processing file /home/airflow/.local/lib/python3.12/site-packages/airflow/example_dags/example_task_group_decorator.py for tasks to queue
[2024-07-31T12:19:32.275+0000] {logging_mixin.py:188} INFO - [2024-07-31T12:19:32.274+0000] {dagbag.py:545} INFO - Filling up the DagBag from /home/airflow/.local/lib/python3.12/site-packages/airflow/example_dags/example_task_group_decorator.py
[2024-07-31T12:19:32.290+0000] {processor.py:840} INFO - DAG(s) 'example_task_group_decorator' retrieved from /home/airflow/.local/lib/python3.12/site-packages/airflow/example_dags/example_task_group_decorator.py
[2024-07-31T12:19:32.321+0000] {logging_mixin.py:188} INFO - [2024-07-31T12:19:32.321+0000] {dag.py:3089} INFO - Sync 1 DAGs
[2024-07-31T12:19:32.349+0000] {logging_mixin.py:188} INFO - [2024-07-31T12:19:32.349+0000] {dag.py:3947} INFO - Setting next_dagrun for example_task_group_decorator to 2024-07-30 00:00:00+00:00, run_after=2024-07-31 00:00:00+00:00
[2024-07-31T12:19:32.375+0000] {processor.py:183} INFO - Processing /home/airflow/.local/lib/python3.12/site-packages/airflow/example_dags/example_task_group_decorator.py took 0.108 seconds
[2024-07-31T12:20:02.737+0000] {processor.py:161} INFO - Started process (PID=1355) to work on /home/airflow/.local/lib/python3.12/site-packages/airflow/example_dags/example_task_group_decorator.py
[2024-07-31T12:20:02.738+0000] {processor.py:830} INFO - Processing file /home/airflow/.local/lib/python3.12/site-packages/airflow/example_dags/example_task_group_decorator.py for tasks to queue
[2024-07-31T12:20:02.740+0000] {logging_mixin.py:188} INFO - [2024-07-31T12:20:02.740+0000] {dagbag.py:545} INFO - Filling up the DagBag from /home/airflow/.local/lib/python3.12/site-packages/airflow/example_dags/example_task_group_decorator.py
[2024-07-31T12:20:02.754+0000] {processor.py:840} INFO - DAG(s) 'example_task_group_decorator' retrieved from /home/airflow/.local/lib/python3.12/site-packages/airflow/example_dags/example_task_group_decorator.py
[2024-07-31T12:20:02.785+0000] {logging_mixin.py:188} INFO - [2024-07-31T12:20:02.785+0000] {dag.py:3089} INFO - Sync 1 DAGs
[2024-07-31T12:20:02.818+0000] {logging_mixin.py:188} INFO - [2024-07-31T12:20:02.818+0000] {dag.py:3947} INFO - Setting next_dagrun for example_task_group_decorator to 2024-07-30 00:00:00+00:00, run_after=2024-07-31 00:00:00+00:00
[2024-07-31T12:20:02.843+0000] {processor.py:183} INFO - Processing /home/airflow/.local/lib/python3.12/site-packages/airflow/example_dags/example_task_group_decorator.py took 0.112 seconds
[2024-07-31T12:20:33.175+0000] {processor.py:161} INFO - Started process (PID=1413) to work on /home/airflow/.local/lib/python3.12/site-packages/airflow/example_dags/example_task_group_decorator.py
[2024-07-31T12:20:33.176+0000] {processor.py:830} INFO - Processing file /home/airflow/.local/lib/python3.12/site-packages/airflow/example_dags/example_task_group_decorator.py for tasks to queue
[2024-07-31T12:20:33.177+0000] {logging_mixin.py:188} INFO - [2024-07-31T12:20:33.177+0000] {dagbag.py:545} INFO - Filling up the DagBag from /home/airflow/.local/lib/python3.12/site-packages/airflow/example_dags/example_task_group_decorator.py
[2024-07-31T12:20:33.197+0000] {processor.py:840} INFO - DAG(s) 'example_task_group_decorator' retrieved from /home/airflow/.local/lib/python3.12/site-packages/airflow/example_dags/example_task_group_decorator.py
[2024-07-31T12:20:33.229+0000] {logging_mixin.py:188} INFO - [2024-07-31T12:20:33.229+0000] {dag.py:3089} INFO - Sync 1 DAGs
[2024-07-31T12:20:33.255+0000] {logging_mixin.py:188} INFO - [2024-07-31T12:20:33.255+0000] {dag.py:3947} INFO - Setting next_dagrun for example_task_group_decorator to 2024-07-30 00:00:00+00:00, run_after=2024-07-31 00:00:00+00:00
[2024-07-31T12:20:33.279+0000] {processor.py:183} INFO - Processing /home/airflow/.local/lib/python3.12/site-packages/airflow/example_dags/example_task_group_decorator.py took 0.110 seconds
[2024-07-31T12:21:03.634+0000] {processor.py:161} INFO - Started process (PID=1471) to work on /home/airflow/.local/lib/python3.12/site-packages/airflow/example_dags/example_task_group_decorator.py
[2024-07-31T12:21:03.635+0000] {processor.py:830} INFO - Processing file /home/airflow/.local/lib/python3.12/site-packages/airflow/example_dags/example_task_group_decorator.py for tasks to queue
[2024-07-31T12:21:03.637+0000] {logging_mixin.py:188} INFO - [2024-07-31T12:21:03.636+0000] {dagbag.py:545} INFO - Filling up the DagBag from /home/airflow/.local/lib/python3.12/site-packages/airflow/example_dags/example_task_group_decorator.py
[2024-07-31T12:21:03.655+0000] {processor.py:840} INFO - DAG(s) 'example_task_group_decorator' retrieved from /home/airflow/.local/lib/python3.12/site-packages/airflow/example_dags/example_task_group_decorator.py
[2024-07-31T12:21:03.693+0000] {logging_mixin.py:188} INFO - [2024-07-31T12:21:03.693+0000] {dag.py:3089} INFO - Sync 1 DAGs
[2024-07-31T12:21:03.718+0000] {logging_mixin.py:188} INFO - [2024-07-31T12:21:03.718+0000] {dag.py:3947} INFO - Setting next_dagrun for example_task_group_decorator to 2024-07-30 00:00:00+00:00, run_after=2024-07-31 00:00:00+00:00
[2024-07-31T12:21:03.744+0000] {processor.py:183} INFO - Processing /home/airflow/.local/lib/python3.12/site-packages/airflow/example_dags/example_task_group_decorator.py took 0.116 seconds
[2024-07-31T12:21:33.814+0000] {processor.py:161} INFO - Started process (PID=1529) to work on /home/airflow/.local/lib/python3.12/site-packages/airflow/example_dags/example_task_group_decorator.py
[2024-07-31T12:21:33.815+0000] {processor.py:830} INFO - Processing file /home/airflow/.local/lib/python3.12/site-packages/airflow/example_dags/example_task_group_decorator.py for tasks to queue
[2024-07-31T12:21:33.818+0000] {logging_mixin.py:188} INFO - [2024-07-31T12:21:33.817+0000] {dagbag.py:545} INFO - Filling up the DagBag from /home/airflow/.local/lib/python3.12/site-packages/airflow/example_dags/example_task_group_decorator.py
[2024-07-31T12:21:33.838+0000] {processor.py:840} INFO - DAG(s) 'example_task_group_decorator' retrieved from /home/airflow/.local/lib/python3.12/site-packages/airflow/example_dags/example_task_group_decorator.py
[2024-07-31T12:21:33.865+0000] {logging_mixin.py:188} INFO - [2024-07-31T12:21:33.865+0000] {dag.py:3089} INFO - Sync 1 DAGs
[2024-07-31T12:21:33.895+0000] {logging_mixin.py:188} INFO - [2024-07-31T12:21:33.895+0000] {dag.py:3947} INFO - Setting next_dagrun for example_task_group_decorator to 2024-07-30 00:00:00+00:00, run_after=2024-07-31 00:00:00+00:00
[2024-07-31T12:21:33.917+0000] {processor.py:183} INFO - Processing /home/airflow/.local/lib/python3.12/site-packages/airflow/example_dags/example_task_group_decorator.py took 0.111 seconds
[2024-07-31T12:22:04.135+0000] {processor.py:161} INFO - Started process (PID=1587) to work on /home/airflow/.local/lib/python3.12/site-packages/airflow/example_dags/example_task_group_decorator.py
[2024-07-31T12:22:04.136+0000] {processor.py:830} INFO - Processing file /home/airflow/.local/lib/python3.12/site-packages/airflow/example_dags/example_task_group_decorator.py for tasks to queue
[2024-07-31T12:22:04.137+0000] {logging_mixin.py:188} INFO - [2024-07-31T12:22:04.137+0000] {dagbag.py:545} INFO - Filling up the DagBag from /home/airflow/.local/lib/python3.12/site-packages/airflow/example_dags/example_task_group_decorator.py
[2024-07-31T12:22:04.152+0000] {processor.py:840} INFO - DAG(s) 'example_task_group_decorator' retrieved from /home/airflow/.local/lib/python3.12/site-packages/airflow/example_dags/example_task_group_decorator.py
[2024-07-31T12:22:04.177+0000] {logging_mixin.py:188} INFO - [2024-07-31T12:22:04.176+0000] {dag.py:3089} INFO - Sync 1 DAGs
[2024-07-31T12:22:04.199+0000] {logging_mixin.py:188} INFO - [2024-07-31T12:22:04.199+0000] {dag.py:3947} INFO - Setting next_dagrun for example_task_group_decorator to 2024-07-30 00:00:00+00:00, run_after=2024-07-31 00:00:00+00:00
[2024-07-31T12:22:04.224+0000] {processor.py:183} INFO - Processing /home/airflow/.local/lib/python3.12/site-packages/airflow/example_dags/example_task_group_decorator.py took 0.096 seconds
[2024-07-31T12:22:34.718+0000] {processor.py:161} INFO - Started process (PID=1645) to work on /home/airflow/.local/lib/python3.12/site-packages/airflow/example_dags/example_task_group_decorator.py
[2024-07-31T12:22:34.719+0000] {processor.py:830} INFO - Processing file /home/airflow/.local/lib/python3.12/site-packages/airflow/example_dags/example_task_group_decorator.py for tasks to queue
[2024-07-31T12:22:34.720+0000] {logging_mixin.py:188} INFO - [2024-07-31T12:22:34.720+0000] {dagbag.py:545} INFO - Filling up the DagBag from /home/airflow/.local/lib/python3.12/site-packages/airflow/example_dags/example_task_group_decorator.py
[2024-07-31T12:22:34.735+0000] {processor.py:840} INFO - DAG(s) 'example_task_group_decorator' retrieved from /home/airflow/.local/lib/python3.12/site-packages/airflow/example_dags/example_task_group_decorator.py
[2024-07-31T12:22:34.788+0000] {logging_mixin.py:188} INFO - [2024-07-31T12:22:34.787+0000] {dag.py:3089} INFO - Sync 1 DAGs
[2024-07-31T12:22:34.835+0000] {logging_mixin.py:188} INFO - [2024-07-31T12:22:34.835+0000] {dag.py:3947} INFO - Setting next_dagrun for example_task_group_decorator to 2024-07-30 00:00:00+00:00, run_after=2024-07-31 00:00:00+00:00
[2024-07-31T12:22:34.863+0000] {processor.py:183} INFO - Processing /home/airflow/.local/lib/python3.12/site-packages/airflow/example_dags/example_task_group_decorator.py took 0.151 seconds
[2024-07-31T12:23:04.946+0000] {processor.py:161} INFO - Started process (PID=1702) to work on /home/airflow/.local/lib/python3.12/site-packages/airflow/example_dags/example_task_group_decorator.py
[2024-07-31T12:23:04.947+0000] {processor.py:830} INFO - Processing file /home/airflow/.local/lib/python3.12/site-packages/airflow/example_dags/example_task_group_decorator.py for tasks to queue
[2024-07-31T12:23:04.950+0000] {logging_mixin.py:188} INFO - [2024-07-31T12:23:04.949+0000] {dagbag.py:545} INFO - Filling up the DagBag from /home/airflow/.local/lib/python3.12/site-packages/airflow/example_dags/example_task_group_decorator.py
[2024-07-31T12:23:04.967+0000] {processor.py:840} INFO - DAG(s) 'example_task_group_decorator' retrieved from /home/airflow/.local/lib/python3.12/site-packages/airflow/example_dags/example_task_group_decorator.py
[2024-07-31T12:23:04.997+0000] {logging_mixin.py:188} INFO - [2024-07-31T12:23:04.997+0000] {dag.py:3089} INFO - Sync 1 DAGs
[2024-07-31T12:23:05.028+0000] {logging_mixin.py:188} INFO - [2024-07-31T12:23:05.028+0000] {dag.py:3947} INFO - Setting next_dagrun for example_task_group_decorator to 2024-07-30 00:00:00+00:00, run_after=2024-07-31 00:00:00+00:00
[2024-07-31T12:23:05.057+0000] {processor.py:183} INFO - Processing /home/airflow/.local/lib/python3.12/site-packages/airflow/example_dags/example_task_group_decorator.py took 0.116 seconds
[2024-07-31T12:23:35.253+0000] {processor.py:161} INFO - Started process (PID=1760) to work on /home/airflow/.local/lib/python3.12/site-packages/airflow/example_dags/example_task_group_decorator.py
[2024-07-31T12:23:35.254+0000] {processor.py:830} INFO - Processing file /home/airflow/.local/lib/python3.12/site-packages/airflow/example_dags/example_task_group_decorator.py for tasks to queue
[2024-07-31T12:23:35.255+0000] {logging_mixin.py:188} INFO - [2024-07-31T12:23:35.255+0000] {dagbag.py:545} INFO - Filling up the DagBag from /home/airflow/.local/lib/python3.12/site-packages/airflow/example_dags/example_task_group_decorator.py
[2024-07-31T12:23:35.267+0000] {processor.py:840} INFO - DAG(s) 'example_task_group_decorator' retrieved from /home/airflow/.local/lib/python3.12/site-packages/airflow/example_dags/example_task_group_decorator.py
[2024-07-31T12:23:35.290+0000] {logging_mixin.py:188} INFO - [2024-07-31T12:23:35.290+0000] {dag.py:3089} INFO - Sync 1 DAGs
[2024-07-31T12:23:35.311+0000] {logging_mixin.py:188} INFO - [2024-07-31T12:23:35.311+0000] {dag.py:3947} INFO - Setting next_dagrun for example_task_group_decorator to 2024-07-30 00:00:00+00:00, run_after=2024-07-31 00:00:00+00:00
[2024-07-31T12:23:35.334+0000] {processor.py:183} INFO - Processing /home/airflow/.local/lib/python3.12/site-packages/airflow/example_dags/example_task_group_decorator.py took 0.086 seconds
[2024-07-31T12:24:05.748+0000] {processor.py:161} INFO - Started process (PID=1818) to work on /home/airflow/.local/lib/python3.12/site-packages/airflow/example_dags/example_task_group_decorator.py
[2024-07-31T12:24:05.750+0000] {processor.py:830} INFO - Processing file /home/airflow/.local/lib/python3.12/site-packages/airflow/example_dags/example_task_group_decorator.py for tasks to queue
[2024-07-31T12:24:05.752+0000] {logging_mixin.py:188} INFO - [2024-07-31T12:24:05.751+0000] {dagbag.py:545} INFO - Filling up the DagBag from /home/airflow/.local/lib/python3.12/site-packages/airflow/example_dags/example_task_group_decorator.py
[2024-07-31T12:24:05.771+0000] {processor.py:840} INFO - DAG(s) 'example_task_group_decorator' retrieved from /home/airflow/.local/lib/python3.12/site-packages/airflow/example_dags/example_task_group_decorator.py
[2024-07-31T12:24:05.802+0000] {logging_mixin.py:188} INFO - [2024-07-31T12:24:05.802+0000] {dag.py:3089} INFO - Sync 1 DAGs
[2024-07-31T12:24:05.833+0000] {logging_mixin.py:188} INFO - [2024-07-31T12:24:05.833+0000] {dag.py:3947} INFO - Setting next_dagrun for example_task_group_decorator to 2024-07-30 00:00:00+00:00, run_after=2024-07-31 00:00:00+00:00
[2024-07-31T12:24:05.859+0000] {processor.py:183} INFO - Processing /home/airflow/.local/lib/python3.12/site-packages/airflow/example_dags/example_task_group_decorator.py took 0.118 seconds
[2024-07-31T12:24:35.994+0000] {processor.py:161} INFO - Started process (PID=1876) to work on /home/airflow/.local/lib/python3.12/site-packages/airflow/example_dags/example_task_group_decorator.py
[2024-07-31T12:24:35.995+0000] {processor.py:830} INFO - Processing file /home/airflow/.local/lib/python3.12/site-packages/airflow/example_dags/example_task_group_decorator.py for tasks to queue
[2024-07-31T12:24:35.997+0000] {logging_mixin.py:188} INFO - [2024-07-31T12:24:35.997+0000] {dagbag.py:545} INFO - Filling up the DagBag from /home/airflow/.local/lib/python3.12/site-packages/airflow/example_dags/example_task_group_decorator.py
[2024-07-31T12:24:36.012+0000] {processor.py:840} INFO - DAG(s) 'example_task_group_decorator' retrieved from /home/airflow/.local/lib/python3.12/site-packages/airflow/example_dags/example_task_group_decorator.py
[2024-07-31T12:24:36.041+0000] {logging_mixin.py:188} INFO - [2024-07-31T12:24:36.041+0000] {dag.py:3089} INFO - Sync 1 DAGs
[2024-07-31T12:24:36.070+0000] {logging_mixin.py:188} INFO - [2024-07-31T12:24:36.069+0000] {dag.py:3947} INFO - Setting next_dagrun for example_task_group_decorator to 2024-07-30 00:00:00+00:00, run_after=2024-07-31 00:00:00+00:00
[2024-07-31T12:24:36.102+0000] {processor.py:183} INFO - Processing /home/airflow/.local/lib/python3.12/site-packages/airflow/example_dags/example_task_group_decorator.py took 0.116 seconds
[2024-07-31T12:25:06.370+0000] {processor.py:161} INFO - Started process (PID=1934) to work on /home/airflow/.local/lib/python3.12/site-packages/airflow/example_dags/example_task_group_decorator.py
[2024-07-31T12:25:06.370+0000] {processor.py:830} INFO - Processing file /home/airflow/.local/lib/python3.12/site-packages/airflow/example_dags/example_task_group_decorator.py for tasks to queue
[2024-07-31T12:25:06.372+0000] {logging_mixin.py:188} INFO - [2024-07-31T12:25:06.372+0000] {dagbag.py:545} INFO - Filling up the DagBag from /home/airflow/.local/lib/python3.12/site-packages/airflow/example_dags/example_task_group_decorator.py
[2024-07-31T12:25:06.560+0000] {processor.py:840} INFO - DAG(s) 'example_task_group_decorator' retrieved from /home/airflow/.local/lib/python3.12/site-packages/airflow/example_dags/example_task_group_decorator.py
[2024-07-31T12:25:06.590+0000] {logging_mixin.py:188} INFO - [2024-07-31T12:25:06.590+0000] {dag.py:3089} INFO - Sync 1 DAGs
[2024-07-31T12:25:06.612+0000] {logging_mixin.py:188} INFO - [2024-07-31T12:25:06.612+0000] {dag.py:3947} INFO - Setting next_dagrun for example_task_group_decorator to 2024-07-30 00:00:00+00:00, run_after=2024-07-31 00:00:00+00:00
[2024-07-31T12:25:06.633+0000] {processor.py:183} INFO - Processing /home/airflow/.local/lib/python3.12/site-packages/airflow/example_dags/example_task_group_decorator.py took 0.269 seconds
[2024-07-31T12:25:36.771+0000] {processor.py:161} INFO - Started process (PID=1992) to work on /home/airflow/.local/lib/python3.12/site-packages/airflow/example_dags/example_task_group_decorator.py
[2024-07-31T12:25:36.773+0000] {processor.py:830} INFO - Processing file /home/airflow/.local/lib/python3.12/site-packages/airflow/example_dags/example_task_group_decorator.py for tasks to queue
[2024-07-31T12:25:36.774+0000] {logging_mixin.py:188} INFO - [2024-07-31T12:25:36.774+0000] {dagbag.py:545} INFO - Filling up the DagBag from /home/airflow/.local/lib/python3.12/site-packages/airflow/example_dags/example_task_group_decorator.py
[2024-07-31T12:25:36.793+0000] {processor.py:840} INFO - DAG(s) 'example_task_group_decorator' retrieved from /home/airflow/.local/lib/python3.12/site-packages/airflow/example_dags/example_task_group_decorator.py
[2024-07-31T12:25:36.821+0000] {logging_mixin.py:188} INFO - [2024-07-31T12:25:36.820+0000] {dag.py:3089} INFO - Sync 1 DAGs
[2024-07-31T12:25:36.842+0000] {logging_mixin.py:188} INFO - [2024-07-31T12:25:36.842+0000] {dag.py:3947} INFO - Setting next_dagrun for example_task_group_decorator to 2024-07-30 00:00:00+00:00, run_after=2024-07-31 00:00:00+00:00
[2024-07-31T12:25:36.865+0000] {processor.py:183} INFO - Processing /home/airflow/.local/lib/python3.12/site-packages/airflow/example_dags/example_task_group_decorator.py took 0.099 seconds
[2024-07-31T12:26:07.121+0000] {processor.py:161} INFO - Started process (PID=2050) to work on /home/airflow/.local/lib/python3.12/site-packages/airflow/example_dags/example_task_group_decorator.py
[2024-07-31T12:26:07.122+0000] {processor.py:830} INFO - Processing file /home/airflow/.local/lib/python3.12/site-packages/airflow/example_dags/example_task_group_decorator.py for tasks to queue
[2024-07-31T12:26:07.124+0000] {logging_mixin.py:188} INFO - [2024-07-31T12:26:07.123+0000] {dagbag.py:545} INFO - Filling up the DagBag from /home/airflow/.local/lib/python3.12/site-packages/airflow/example_dags/example_task_group_decorator.py
[2024-07-31T12:26:07.138+0000] {processor.py:840} INFO - DAG(s) 'example_task_group_decorator' retrieved from /home/airflow/.local/lib/python3.12/site-packages/airflow/example_dags/example_task_group_decorator.py
[2024-07-31T12:26:07.166+0000] {logging_mixin.py:188} INFO - [2024-07-31T12:26:07.166+0000] {dag.py:3089} INFO - Sync 1 DAGs
[2024-07-31T12:26:07.191+0000] {logging_mixin.py:188} INFO - [2024-07-31T12:26:07.191+0000] {dag.py:3947} INFO - Setting next_dagrun for example_task_group_decorator to 2024-07-30 00:00:00+00:00, run_after=2024-07-31 00:00:00+00:00
[2024-07-31T12:26:07.214+0000] {processor.py:183} INFO - Processing /home/airflow/.local/lib/python3.12/site-packages/airflow/example_dags/example_task_group_decorator.py took 0.098 seconds
[2024-07-31T12:26:37.966+0000] {processor.py:161} INFO - Started process (PID=2107) to work on /home/airflow/.local/lib/python3.12/site-packages/airflow/example_dags/example_task_group_decorator.py
[2024-07-31T12:26:37.967+0000] {processor.py:830} INFO - Processing file /home/airflow/.local/lib/python3.12/site-packages/airflow/example_dags/example_task_group_decorator.py for tasks to queue
[2024-07-31T12:26:37.969+0000] {logging_mixin.py:188} INFO - [2024-07-31T12:26:37.968+0000] {dagbag.py:545} INFO - Filling up the DagBag from /home/airflow/.local/lib/python3.12/site-packages/airflow/example_dags/example_task_group_decorator.py
[2024-07-31T12:26:37.990+0000] {processor.py:840} INFO - DAG(s) 'example_task_group_decorator' retrieved from /home/airflow/.local/lib/python3.12/site-packages/airflow/example_dags/example_task_group_decorator.py
[2024-07-31T12:26:38.034+0000] {logging_mixin.py:188} INFO - [2024-07-31T12:26:38.034+0000] {dag.py:3089} INFO - Sync 1 DAGs
[2024-07-31T12:26:38.065+0000] {logging_mixin.py:188} INFO - [2024-07-31T12:26:38.065+0000] {dag.py:3947} INFO - Setting next_dagrun for example_task_group_decorator to 2024-07-30 00:00:00+00:00, run_after=2024-07-31 00:00:00+00:00
[2024-07-31T12:26:38.101+0000] {processor.py:183} INFO - Processing /home/airflow/.local/lib/python3.12/site-packages/airflow/example_dags/example_task_group_decorator.py took 0.142 seconds
[2024-07-31T12:27:08.416+0000] {processor.py:161} INFO - Started process (PID=2165) to work on /home/airflow/.local/lib/python3.12/site-packages/airflow/example_dags/example_task_group_decorator.py
[2024-07-31T12:27:08.417+0000] {processor.py:830} INFO - Processing file /home/airflow/.local/lib/python3.12/site-packages/airflow/example_dags/example_task_group_decorator.py for tasks to queue
[2024-07-31T12:27:08.419+0000] {logging_mixin.py:188} INFO - [2024-07-31T12:27:08.418+0000] {dagbag.py:545} INFO - Filling up the DagBag from /home/airflow/.local/lib/python3.12/site-packages/airflow/example_dags/example_task_group_decorator.py
[2024-07-31T12:27:08.433+0000] {processor.py:840} INFO - DAG(s) 'example_task_group_decorator' retrieved from /home/airflow/.local/lib/python3.12/site-packages/airflow/example_dags/example_task_group_decorator.py
[2024-07-31T12:27:08.463+0000] {logging_mixin.py:188} INFO - [2024-07-31T12:27:08.463+0000] {dag.py:3089} INFO - Sync 1 DAGs
[2024-07-31T12:27:08.492+0000] {logging_mixin.py:188} INFO - [2024-07-31T12:27:08.492+0000] {dag.py:3947} INFO - Setting next_dagrun for example_task_group_decorator to 2024-07-30 00:00:00+00:00, run_after=2024-07-31 00:00:00+00:00
[2024-07-31T12:27:08.517+0000] {processor.py:183} INFO - Processing /home/airflow/.local/lib/python3.12/site-packages/airflow/example_dags/example_task_group_decorator.py took 0.108 seconds
[2024-07-31T12:27:38.997+0000] {processor.py:161} INFO - Started process (PID=2223) to work on /home/airflow/.local/lib/python3.12/site-packages/airflow/example_dags/example_task_group_decorator.py
[2024-07-31T12:27:38.999+0000] {processor.py:830} INFO - Processing file /home/airflow/.local/lib/python3.12/site-packages/airflow/example_dags/example_task_group_decorator.py for tasks to queue
[2024-07-31T12:27:39.000+0000] {logging_mixin.py:188} INFO - [2024-07-31T12:27:39.000+0000] {dagbag.py:545} INFO - Filling up the DagBag from /home/airflow/.local/lib/python3.12/site-packages/airflow/example_dags/example_task_group_decorator.py
[2024-07-31T12:27:39.016+0000] {processor.py:840} INFO - DAG(s) 'example_task_group_decorator' retrieved from /home/airflow/.local/lib/python3.12/site-packages/airflow/example_dags/example_task_group_decorator.py
[2024-07-31T12:27:39.050+0000] {logging_mixin.py:188} INFO - [2024-07-31T12:27:39.049+0000] {dag.py:3089} INFO - Sync 1 DAGs
[2024-07-31T12:27:39.079+0000] {logging_mixin.py:188} INFO - [2024-07-31T12:27:39.078+0000] {dag.py:3947} INFO - Setting next_dagrun for example_task_group_decorator to 2024-07-30 00:00:00+00:00, run_after=2024-07-31 00:00:00+00:00
[2024-07-31T12:27:39.115+0000] {processor.py:183} INFO - Processing /home/airflow/.local/lib/python3.12/site-packages/airflow/example_dags/example_task_group_decorator.py took 0.125 seconds
[2024-07-31T12:28:09.821+0000] {processor.py:161} INFO - Started process (PID=2281) to work on /home/airflow/.local/lib/python3.12/site-packages/airflow/example_dags/example_task_group_decorator.py
[2024-07-31T12:28:09.822+0000] {processor.py:830} INFO - Processing file /home/airflow/.local/lib/python3.12/site-packages/airflow/example_dags/example_task_group_decorator.py for tasks to queue
[2024-07-31T12:28:09.825+0000] {logging_mixin.py:188} INFO - [2024-07-31T12:28:09.824+0000] {dagbag.py:545} INFO - Filling up the DagBag from /home/airflow/.local/lib/python3.12/site-packages/airflow/example_dags/example_task_group_decorator.py
[2024-07-31T12:28:09.851+0000] {processor.py:840} INFO - DAG(s) 'example_task_group_decorator' retrieved from /home/airflow/.local/lib/python3.12/site-packages/airflow/example_dags/example_task_group_decorator.py
[2024-07-31T12:28:09.889+0000] {logging_mixin.py:188} INFO - [2024-07-31T12:28:09.889+0000] {dag.py:3089} INFO - Sync 1 DAGs
[2024-07-31T12:28:09.919+0000] {logging_mixin.py:188} INFO - [2024-07-31T12:28:09.919+0000] {dag.py:3947} INFO - Setting next_dagrun for example_task_group_decorator to 2024-07-30 00:00:00+00:00, run_after=2024-07-31 00:00:00+00:00
[2024-07-31T12:28:09.950+0000] {processor.py:183} INFO - Processing /home/airflow/.local/lib/python3.12/site-packages/airflow/example_dags/example_task_group_decorator.py took 0.138 seconds
[2024-07-31T12:28:40.275+0000] {processor.py:161} INFO - Started process (PID=2339) to work on /home/airflow/.local/lib/python3.12/site-packages/airflow/example_dags/example_task_group_decorator.py
[2024-07-31T12:28:40.277+0000] {processor.py:830} INFO - Processing file /home/airflow/.local/lib/python3.12/site-packages/airflow/example_dags/example_task_group_decorator.py for tasks to queue
[2024-07-31T12:28:40.279+0000] {logging_mixin.py:188} INFO - [2024-07-31T12:28:40.279+0000] {dagbag.py:545} INFO - Filling up the DagBag from /home/airflow/.local/lib/python3.12/site-packages/airflow/example_dags/example_task_group_decorator.py
[2024-07-31T12:28:40.303+0000] {processor.py:840} INFO - DAG(s) 'example_task_group_decorator' retrieved from /home/airflow/.local/lib/python3.12/site-packages/airflow/example_dags/example_task_group_decorator.py
[2024-07-31T12:28:40.334+0000] {logging_mixin.py:188} INFO - [2024-07-31T12:28:40.333+0000] {dag.py:3089} INFO - Sync 1 DAGs
[2024-07-31T12:28:40.371+0000] {logging_mixin.py:188} INFO - [2024-07-31T12:28:40.370+0000] {dag.py:3947} INFO - Setting next_dagrun for example_task_group_decorator to 2024-07-30 00:00:00+00:00, run_after=2024-07-31 00:00:00+00:00
[2024-07-31T12:28:40.409+0000] {processor.py:183} INFO - Processing /home/airflow/.local/lib/python3.12/site-packages/airflow/example_dags/example_task_group_decorator.py took 0.142 seconds
[2024-07-31T12:29:10.767+0000] {processor.py:161} INFO - Started process (PID=2397) to work on /home/airflow/.local/lib/python3.12/site-packages/airflow/example_dags/example_task_group_decorator.py
[2024-07-31T12:29:10.769+0000] {processor.py:830} INFO - Processing file /home/airflow/.local/lib/python3.12/site-packages/airflow/example_dags/example_task_group_decorator.py for tasks to queue
[2024-07-31T12:29:10.772+0000] {logging_mixin.py:188} INFO - [2024-07-31T12:29:10.772+0000] {dagbag.py:545} INFO - Filling up the DagBag from /home/airflow/.local/lib/python3.12/site-packages/airflow/example_dags/example_task_group_decorator.py
[2024-07-31T12:29:10.802+0000] {processor.py:840} INFO - DAG(s) 'example_task_group_decorator' retrieved from /home/airflow/.local/lib/python3.12/site-packages/airflow/example_dags/example_task_group_decorator.py
[2024-07-31T12:29:10.844+0000] {logging_mixin.py:188} INFO - [2024-07-31T12:29:10.844+0000] {dag.py:3089} INFO - Sync 1 DAGs
[2024-07-31T12:29:10.893+0000] {logging_mixin.py:188} INFO - [2024-07-31T12:29:10.893+0000] {dag.py:3947} INFO - Setting next_dagrun for example_task_group_decorator to 2024-07-30 00:00:00+00:00, run_after=2024-07-31 00:00:00+00:00
[2024-07-31T12:29:10.931+0000] {processor.py:183} INFO - Processing /home/airflow/.local/lib/python3.12/site-packages/airflow/example_dags/example_task_group_decorator.py took 0.171 seconds
[2024-07-31T12:29:41.546+0000] {processor.py:161} INFO - Started process (PID=2454) to work on /home/airflow/.local/lib/python3.12/site-packages/airflow/example_dags/example_task_group_decorator.py
[2024-07-31T12:29:41.548+0000] {processor.py:830} INFO - Processing file /home/airflow/.local/lib/python3.12/site-packages/airflow/example_dags/example_task_group_decorator.py for tasks to queue
[2024-07-31T12:29:41.550+0000] {logging_mixin.py:188} INFO - [2024-07-31T12:29:41.549+0000] {dagbag.py:545} INFO - Filling up the DagBag from /home/airflow/.local/lib/python3.12/site-packages/airflow/example_dags/example_task_group_decorator.py
[2024-07-31T12:29:41.571+0000] {processor.py:840} INFO - DAG(s) 'example_task_group_decorator' retrieved from /home/airflow/.local/lib/python3.12/site-packages/airflow/example_dags/example_task_group_decorator.py
[2024-07-31T12:29:41.602+0000] {logging_mixin.py:188} INFO - [2024-07-31T12:29:41.602+0000] {dag.py:3089} INFO - Sync 1 DAGs
[2024-07-31T12:29:41.627+0000] {logging_mixin.py:188} INFO - [2024-07-31T12:29:41.627+0000] {dag.py:3947} INFO - Setting next_dagrun for example_task_group_decorator to 2024-07-30 00:00:00+00:00, run_after=2024-07-31 00:00:00+00:00
[2024-07-31T12:29:41.653+0000] {processor.py:183} INFO - Processing /home/airflow/.local/lib/python3.12/site-packages/airflow/example_dags/example_task_group_decorator.py took 0.117 seconds
[2024-07-31T12:30:12.139+0000] {processor.py:161} INFO - Started process (PID=2510) to work on /home/airflow/.local/lib/python3.12/site-packages/airflow/example_dags/example_task_group_decorator.py
[2024-07-31T12:30:12.140+0000] {processor.py:830} INFO - Processing file /home/airflow/.local/lib/python3.12/site-packages/airflow/example_dags/example_task_group_decorator.py for tasks to queue
[2024-07-31T12:30:12.142+0000] {logging_mixin.py:188} INFO - [2024-07-31T12:30:12.142+0000] {dagbag.py:545} INFO - Filling up the DagBag from /home/airflow/.local/lib/python3.12/site-packages/airflow/example_dags/example_task_group_decorator.py
[2024-07-31T12:30:12.163+0000] {processor.py:840} INFO - DAG(s) 'example_task_group_decorator' retrieved from /home/airflow/.local/lib/python3.12/site-packages/airflow/example_dags/example_task_group_decorator.py
[2024-07-31T12:30:12.197+0000] {logging_mixin.py:188} INFO - [2024-07-31T12:30:12.197+0000] {dag.py:3089} INFO - Sync 1 DAGs
[2024-07-31T12:30:12.223+0000] {logging_mixin.py:188} INFO - [2024-07-31T12:30:12.223+0000] {dag.py:3947} INFO - Setting next_dagrun for example_task_group_decorator to 2024-07-30 00:00:00+00:00, run_after=2024-07-31 00:00:00+00:00
[2024-07-31T12:30:12.249+0000] {processor.py:183} INFO - Processing /home/airflow/.local/lib/python3.12/site-packages/airflow/example_dags/example_task_group_decorator.py took 0.118 seconds
[2024-07-31T12:30:42.754+0000] {processor.py:161} INFO - Started process (PID=2568) to work on /home/airflow/.local/lib/python3.12/site-packages/airflow/example_dags/example_task_group_decorator.py
[2024-07-31T12:30:42.755+0000] {processor.py:830} INFO - Processing file /home/airflow/.local/lib/python3.12/site-packages/airflow/example_dags/example_task_group_decorator.py for tasks to queue
[2024-07-31T12:30:42.757+0000] {logging_mixin.py:188} INFO - [2024-07-31T12:30:42.756+0000] {dagbag.py:545} INFO - Filling up the DagBag from /home/airflow/.local/lib/python3.12/site-packages/airflow/example_dags/example_task_group_decorator.py
[2024-07-31T12:30:42.774+0000] {processor.py:840} INFO - DAG(s) 'example_task_group_decorator' retrieved from /home/airflow/.local/lib/python3.12/site-packages/airflow/example_dags/example_task_group_decorator.py
[2024-07-31T12:30:42.809+0000] {logging_mixin.py:188} INFO - [2024-07-31T12:30:42.809+0000] {dag.py:3089} INFO - Sync 1 DAGs
[2024-07-31T12:30:42.839+0000] {logging_mixin.py:188} INFO - [2024-07-31T12:30:42.839+0000] {dag.py:3947} INFO - Setting next_dagrun for example_task_group_decorator to 2024-07-30 00:00:00+00:00, run_after=2024-07-31 00:00:00+00:00
[2024-07-31T12:30:42.867+0000] {processor.py:183} INFO - Processing /home/airflow/.local/lib/python3.12/site-packages/airflow/example_dags/example_task_group_decorator.py took 0.119 seconds
[2024-07-31T12:31:13.601+0000] {processor.py:161} INFO - Started process (PID=2625) to work on /home/airflow/.local/lib/python3.12/site-packages/airflow/example_dags/example_task_group_decorator.py
[2024-07-31T12:31:13.602+0000] {processor.py:830} INFO - Processing file /home/airflow/.local/lib/python3.12/site-packages/airflow/example_dags/example_task_group_decorator.py for tasks to queue
[2024-07-31T12:31:13.605+0000] {logging_mixin.py:188} INFO - [2024-07-31T12:31:13.604+0000] {dagbag.py:545} INFO - Filling up the DagBag from /home/airflow/.local/lib/python3.12/site-packages/airflow/example_dags/example_task_group_decorator.py
[2024-07-31T12:31:13.630+0000] {processor.py:840} INFO - DAG(s) 'example_task_group_decorator' retrieved from /home/airflow/.local/lib/python3.12/site-packages/airflow/example_dags/example_task_group_decorator.py
[2024-07-31T12:31:13.679+0000] {logging_mixin.py:188} INFO - [2024-07-31T12:31:13.678+0000] {dag.py:3089} INFO - Sync 1 DAGs
[2024-07-31T12:31:13.709+0000] {logging_mixin.py:188} INFO - [2024-07-31T12:31:13.709+0000] {dag.py:3947} INFO - Setting next_dagrun for example_task_group_decorator to 2024-07-30 00:00:00+00:00, run_after=2024-07-31 00:00:00+00:00
[2024-07-31T12:31:13.742+0000] {processor.py:183} INFO - Processing /home/airflow/.local/lib/python3.12/site-packages/airflow/example_dags/example_task_group_decorator.py took 0.148 seconds
[2024-07-31T12:31:44.177+0000] {processor.py:161} INFO - Started process (PID=2683) to work on /home/airflow/.local/lib/python3.12/site-packages/airflow/example_dags/example_task_group_decorator.py
[2024-07-31T12:31:44.180+0000] {processor.py:830} INFO - Processing file /home/airflow/.local/lib/python3.12/site-packages/airflow/example_dags/example_task_group_decorator.py for tasks to queue
[2024-07-31T12:31:44.183+0000] {logging_mixin.py:188} INFO - [2024-07-31T12:31:44.182+0000] {dagbag.py:545} INFO - Filling up the DagBag from /home/airflow/.local/lib/python3.12/site-packages/airflow/example_dags/example_task_group_decorator.py
[2024-07-31T12:31:44.208+0000] {processor.py:840} INFO - DAG(s) 'example_task_group_decorator' retrieved from /home/airflow/.local/lib/python3.12/site-packages/airflow/example_dags/example_task_group_decorator.py
[2024-07-31T12:31:44.246+0000] {logging_mixin.py:188} INFO - [2024-07-31T12:31:44.245+0000] {dag.py:3089} INFO - Sync 1 DAGs
[2024-07-31T12:31:44.283+0000] {logging_mixin.py:188} INFO - [2024-07-31T12:31:44.283+0000] {dag.py:3947} INFO - Setting next_dagrun for example_task_group_decorator to 2024-07-30 00:00:00+00:00, run_after=2024-07-31 00:00:00+00:00
[2024-07-31T12:31:44.315+0000] {processor.py:183} INFO - Processing /home/airflow/.local/lib/python3.12/site-packages/airflow/example_dags/example_task_group_decorator.py took 0.148 seconds
[2024-07-31T12:32:14.693+0000] {processor.py:161} INFO - Started process (PID=2741) to work on /home/airflow/.local/lib/python3.12/site-packages/airflow/example_dags/example_task_group_decorator.py
[2024-07-31T12:32:14.694+0000] {processor.py:830} INFO - Processing file /home/airflow/.local/lib/python3.12/site-packages/airflow/example_dags/example_task_group_decorator.py for tasks to queue
[2024-07-31T12:32:14.696+0000] {logging_mixin.py:188} INFO - [2024-07-31T12:32:14.696+0000] {dagbag.py:545} INFO - Filling up the DagBag from /home/airflow/.local/lib/python3.12/site-packages/airflow/example_dags/example_task_group_decorator.py
[2024-07-31T12:32:14.713+0000] {processor.py:840} INFO - DAG(s) 'example_task_group_decorator' retrieved from /home/airflow/.local/lib/python3.12/site-packages/airflow/example_dags/example_task_group_decorator.py
[2024-07-31T12:32:14.753+0000] {logging_mixin.py:188} INFO - [2024-07-31T12:32:14.753+0000] {dag.py:3089} INFO - Sync 1 DAGs
[2024-07-31T12:32:14.782+0000] {logging_mixin.py:188} INFO - [2024-07-31T12:32:14.782+0000] {dag.py:3947} INFO - Setting next_dagrun for example_task_group_decorator to 2024-07-30 00:00:00+00:00, run_after=2024-07-31 00:00:00+00:00
[2024-07-31T12:32:14.809+0000] {processor.py:183} INFO - Processing /home/airflow/.local/lib/python3.12/site-packages/airflow/example_dags/example_task_group_decorator.py took 0.125 seconds
[2024-07-31T12:32:44.953+0000] {processor.py:161} INFO - Started process (PID=2799) to work on /home/airflow/.local/lib/python3.12/site-packages/airflow/example_dags/example_task_group_decorator.py
[2024-07-31T12:32:44.954+0000] {processor.py:830} INFO - Processing file /home/airflow/.local/lib/python3.12/site-packages/airflow/example_dags/example_task_group_decorator.py for tasks to queue
[2024-07-31T12:32:44.956+0000] {logging_mixin.py:188} INFO - [2024-07-31T12:32:44.956+0000] {dagbag.py:545} INFO - Filling up the DagBag from /home/airflow/.local/lib/python3.12/site-packages/airflow/example_dags/example_task_group_decorator.py
[2024-07-31T12:32:44.974+0000] {processor.py:840} INFO - DAG(s) 'example_task_group_decorator' retrieved from /home/airflow/.local/lib/python3.12/site-packages/airflow/example_dags/example_task_group_decorator.py
[2024-07-31T12:32:45.007+0000] {logging_mixin.py:188} INFO - [2024-07-31T12:32:45.007+0000] {dag.py:3089} INFO - Sync 1 DAGs
[2024-07-31T12:32:45.033+0000] {logging_mixin.py:188} INFO - [2024-07-31T12:32:45.033+0000] {dag.py:3947} INFO - Setting next_dagrun for example_task_group_decorator to 2024-07-30 00:00:00+00:00, run_after=2024-07-31 00:00:00+00:00
[2024-07-31T12:32:45.064+0000] {processor.py:183} INFO - Processing /home/airflow/.local/lib/python3.12/site-packages/airflow/example_dags/example_task_group_decorator.py took 0.116 seconds
[2024-07-31T12:33:15.272+0000] {processor.py:161} INFO - Started process (PID=2857) to work on /home/airflow/.local/lib/python3.12/site-packages/airflow/example_dags/example_task_group_decorator.py
[2024-07-31T12:33:15.273+0000] {processor.py:830} INFO - Processing file /home/airflow/.local/lib/python3.12/site-packages/airflow/example_dags/example_task_group_decorator.py for tasks to queue
[2024-07-31T12:33:15.275+0000] {logging_mixin.py:188} INFO - [2024-07-31T12:33:15.275+0000] {dagbag.py:545} INFO - Filling up the DagBag from /home/airflow/.local/lib/python3.12/site-packages/airflow/example_dags/example_task_group_decorator.py
[2024-07-31T12:33:15.293+0000] {processor.py:840} INFO - DAG(s) 'example_task_group_decorator' retrieved from /home/airflow/.local/lib/python3.12/site-packages/airflow/example_dags/example_task_group_decorator.py
[2024-07-31T12:33:15.325+0000] {logging_mixin.py:188} INFO - [2024-07-31T12:33:15.324+0000] {dag.py:3089} INFO - Sync 1 DAGs
[2024-07-31T12:33:15.359+0000] {logging_mixin.py:188} INFO - [2024-07-31T12:33:15.358+0000] {dag.py:3947} INFO - Setting next_dagrun for example_task_group_decorator to 2024-07-30 00:00:00+00:00, run_after=2024-07-31 00:00:00+00:00
[2024-07-31T12:33:15.389+0000] {processor.py:183} INFO - Processing /home/airflow/.local/lib/python3.12/site-packages/airflow/example_dags/example_task_group_decorator.py took 0.125 seconds
[2024-07-31T12:33:46.314+0000] {processor.py:161} INFO - Started process (PID=2915) to work on /home/airflow/.local/lib/python3.12/site-packages/airflow/example_dags/example_task_group_decorator.py
[2024-07-31T12:33:46.315+0000] {processor.py:830} INFO - Processing file /home/airflow/.local/lib/python3.12/site-packages/airflow/example_dags/example_task_group_decorator.py for tasks to queue
[2024-07-31T12:33:46.318+0000] {logging_mixin.py:188} INFO - [2024-07-31T12:33:46.317+0000] {dagbag.py:545} INFO - Filling up the DagBag from /home/airflow/.local/lib/python3.12/site-packages/airflow/example_dags/example_task_group_decorator.py
[2024-07-31T12:33:46.339+0000] {processor.py:840} INFO - DAG(s) 'example_task_group_decorator' retrieved from /home/airflow/.local/lib/python3.12/site-packages/airflow/example_dags/example_task_group_decorator.py
[2024-07-31T12:33:46.373+0000] {logging_mixin.py:188} INFO - [2024-07-31T12:33:46.372+0000] {dag.py:3089} INFO - Sync 1 DAGs
[2024-07-31T12:33:46.409+0000] {logging_mixin.py:188} INFO - [2024-07-31T12:33:46.409+0000] {dag.py:3947} INFO - Setting next_dagrun for example_task_group_decorator to 2024-07-30 00:00:00+00:00, run_after=2024-07-31 00:00:00+00:00
[2024-07-31T12:33:46.436+0000] {processor.py:183} INFO - Processing /home/airflow/.local/lib/python3.12/site-packages/airflow/example_dags/example_task_group_decorator.py took 0.132 seconds
[2024-07-31T12:34:17.039+0000] {processor.py:161} INFO - Started process (PID=2973) to work on /home/airflow/.local/lib/python3.12/site-packages/airflow/example_dags/example_task_group_decorator.py
[2024-07-31T12:34:17.040+0000] {processor.py:830} INFO - Processing file /home/airflow/.local/lib/python3.12/site-packages/airflow/example_dags/example_task_group_decorator.py for tasks to queue
[2024-07-31T12:34:17.041+0000] {logging_mixin.py:188} INFO - [2024-07-31T12:34:17.041+0000] {dagbag.py:545} INFO - Filling up the DagBag from /home/airflow/.local/lib/python3.12/site-packages/airflow/example_dags/example_task_group_decorator.py
[2024-07-31T12:34:17.062+0000] {processor.py:840} INFO - DAG(s) 'example_task_group_decorator' retrieved from /home/airflow/.local/lib/python3.12/site-packages/airflow/example_dags/example_task_group_decorator.py
[2024-07-31T12:34:17.101+0000] {logging_mixin.py:188} INFO - [2024-07-31T12:34:17.100+0000] {dag.py:3089} INFO - Sync 1 DAGs
[2024-07-31T12:34:17.135+0000] {logging_mixin.py:188} INFO - [2024-07-31T12:34:17.135+0000] {dag.py:3947} INFO - Setting next_dagrun for example_task_group_decorator to 2024-07-30 00:00:00+00:00, run_after=2024-07-31 00:00:00+00:00
[2024-07-31T12:34:17.168+0000] {processor.py:183} INFO - Processing /home/airflow/.local/lib/python3.12/site-packages/airflow/example_dags/example_task_group_decorator.py took 0.137 seconds
[2024-07-31T12:34:47.282+0000] {processor.py:161} INFO - Started process (PID=3030) to work on /home/airflow/.local/lib/python3.12/site-packages/airflow/example_dags/example_task_group_decorator.py
[2024-07-31T12:34:47.284+0000] {processor.py:830} INFO - Processing file /home/airflow/.local/lib/python3.12/site-packages/airflow/example_dags/example_task_group_decorator.py for tasks to queue
[2024-07-31T12:34:47.287+0000] {logging_mixin.py:188} INFO - [2024-07-31T12:34:47.286+0000] {dagbag.py:545} INFO - Filling up the DagBag from /home/airflow/.local/lib/python3.12/site-packages/airflow/example_dags/example_task_group_decorator.py
[2024-07-31T12:34:47.309+0000] {processor.py:840} INFO - DAG(s) 'example_task_group_decorator' retrieved from /home/airflow/.local/lib/python3.12/site-packages/airflow/example_dags/example_task_group_decorator.py
[2024-07-31T12:34:47.353+0000] {logging_mixin.py:188} INFO - [2024-07-31T12:34:47.353+0000] {dag.py:3089} INFO - Sync 1 DAGs
[2024-07-31T12:34:47.390+0000] {logging_mixin.py:188} INFO - [2024-07-31T12:34:47.390+0000] {dag.py:3947} INFO - Setting next_dagrun for example_task_group_decorator to 2024-07-30 00:00:00+00:00, run_after=2024-07-31 00:00:00+00:00
[2024-07-31T12:34:47.427+0000] {processor.py:183} INFO - Processing /home/airflow/.local/lib/python3.12/site-packages/airflow/example_dags/example_task_group_decorator.py took 0.153 seconds
[2024-07-31T12:35:17.512+0000] {processor.py:161} INFO - Started process (PID=3087) to work on /home/airflow/.local/lib/python3.12/site-packages/airflow/example_dags/example_task_group_decorator.py
[2024-07-31T12:35:17.513+0000] {processor.py:830} INFO - Processing file /home/airflow/.local/lib/python3.12/site-packages/airflow/example_dags/example_task_group_decorator.py for tasks to queue
[2024-07-31T12:35:17.515+0000] {logging_mixin.py:188} INFO - [2024-07-31T12:35:17.514+0000] {dagbag.py:545} INFO - Filling up the DagBag from /home/airflow/.local/lib/python3.12/site-packages/airflow/example_dags/example_task_group_decorator.py
[2024-07-31T12:35:17.530+0000] {processor.py:840} INFO - DAG(s) 'example_task_group_decorator' retrieved from /home/airflow/.local/lib/python3.12/site-packages/airflow/example_dags/example_task_group_decorator.py
[2024-07-31T12:35:17.567+0000] {logging_mixin.py:188} INFO - [2024-07-31T12:35:17.567+0000] {dag.py:3089} INFO - Sync 1 DAGs
[2024-07-31T12:35:17.593+0000] {logging_mixin.py:188} INFO - [2024-07-31T12:35:17.593+0000] {dag.py:3947} INFO - Setting next_dagrun for example_task_group_decorator to 2024-07-30 00:00:00+00:00, run_after=2024-07-31 00:00:00+00:00
[2024-07-31T12:35:17.631+0000] {processor.py:183} INFO - Processing /home/airflow/.local/lib/python3.12/site-packages/airflow/example_dags/example_task_group_decorator.py took 0.124 seconds
[2024-07-31T12:35:47.877+0000] {processor.py:161} INFO - Started process (PID=3144) to work on /home/airflow/.local/lib/python3.12/site-packages/airflow/example_dags/example_task_group_decorator.py
[2024-07-31T12:35:47.879+0000] {processor.py:830} INFO - Processing file /home/airflow/.local/lib/python3.12/site-packages/airflow/example_dags/example_task_group_decorator.py for tasks to queue
[2024-07-31T12:35:47.881+0000] {logging_mixin.py:188} INFO - [2024-07-31T12:35:47.880+0000] {dagbag.py:545} INFO - Filling up the DagBag from /home/airflow/.local/lib/python3.12/site-packages/airflow/example_dags/example_task_group_decorator.py
[2024-07-31T12:35:47.896+0000] {processor.py:840} INFO - DAG(s) 'example_task_group_decorator' retrieved from /home/airflow/.local/lib/python3.12/site-packages/airflow/example_dags/example_task_group_decorator.py
[2024-07-31T12:35:47.936+0000] {logging_mixin.py:188} INFO - [2024-07-31T12:35:47.935+0000] {dag.py:3089} INFO - Sync 1 DAGs
[2024-07-31T12:35:47.964+0000] {logging_mixin.py:188} INFO - [2024-07-31T12:35:47.964+0000] {dag.py:3947} INFO - Setting next_dagrun for example_task_group_decorator to 2024-07-30 00:00:00+00:00, run_after=2024-07-31 00:00:00+00:00
[2024-07-31T12:35:47.995+0000] {processor.py:183} INFO - Processing /home/airflow/.local/lib/python3.12/site-packages/airflow/example_dags/example_task_group_decorator.py took 0.124 seconds
[2024-07-31T12:36:18.408+0000] {processor.py:161} INFO - Started process (PID=3201) to work on /home/airflow/.local/lib/python3.12/site-packages/airflow/example_dags/example_task_group_decorator.py
[2024-07-31T12:36:18.409+0000] {processor.py:830} INFO - Processing file /home/airflow/.local/lib/python3.12/site-packages/airflow/example_dags/example_task_group_decorator.py for tasks to queue
[2024-07-31T12:36:18.411+0000] {logging_mixin.py:188} INFO - [2024-07-31T12:36:18.411+0000] {dagbag.py:545} INFO - Filling up the DagBag from /home/airflow/.local/lib/python3.12/site-packages/airflow/example_dags/example_task_group_decorator.py
[2024-07-31T12:36:18.433+0000] {processor.py:840} INFO - DAG(s) 'example_task_group_decorator' retrieved from /home/airflow/.local/lib/python3.12/site-packages/airflow/example_dags/example_task_group_decorator.py
[2024-07-31T12:36:18.468+0000] {logging_mixin.py:188} INFO - [2024-07-31T12:36:18.467+0000] {dag.py:3089} INFO - Sync 1 DAGs
[2024-07-31T12:36:18.512+0000] {logging_mixin.py:188} INFO - [2024-07-31T12:36:18.511+0000] {dag.py:3947} INFO - Setting next_dagrun for example_task_group_decorator to 2024-07-30 00:00:00+00:00, run_after=2024-07-31 00:00:00+00:00
[2024-07-31T12:36:18.559+0000] {processor.py:183} INFO - Processing /home/airflow/.local/lib/python3.12/site-packages/airflow/example_dags/example_task_group_decorator.py took 0.157 seconds
[2024-07-31T12:36:48.710+0000] {processor.py:161} INFO - Started process (PID=3258) to work on /home/airflow/.local/lib/python3.12/site-packages/airflow/example_dags/example_task_group_decorator.py
[2024-07-31T12:36:48.711+0000] {processor.py:830} INFO - Processing file /home/airflow/.local/lib/python3.12/site-packages/airflow/example_dags/example_task_group_decorator.py for tasks to queue
[2024-07-31T12:36:48.715+0000] {logging_mixin.py:188} INFO - [2024-07-31T12:36:48.714+0000] {dagbag.py:545} INFO - Filling up the DagBag from /home/airflow/.local/lib/python3.12/site-packages/airflow/example_dags/example_task_group_decorator.py
[2024-07-31T12:36:48.736+0000] {processor.py:840} INFO - DAG(s) 'example_task_group_decorator' retrieved from /home/airflow/.local/lib/python3.12/site-packages/airflow/example_dags/example_task_group_decorator.py
[2024-07-31T12:36:48.783+0000] {logging_mixin.py:188} INFO - [2024-07-31T12:36:48.782+0000] {dag.py:3089} INFO - Sync 1 DAGs
[2024-07-31T12:36:48.823+0000] {logging_mixin.py:188} INFO - [2024-07-31T12:36:48.823+0000] {dag.py:3947} INFO - Setting next_dagrun for example_task_group_decorator to 2024-07-30 00:00:00+00:00, run_after=2024-07-31 00:00:00+00:00
[2024-07-31T12:36:48.860+0000] {processor.py:183} INFO - Processing /home/airflow/.local/lib/python3.12/site-packages/airflow/example_dags/example_task_group_decorator.py took 0.159 seconds
[2024-07-31T12:37:19.015+0000] {processor.py:161} INFO - Started process (PID=3316) to work on /home/airflow/.local/lib/python3.12/site-packages/airflow/example_dags/example_task_group_decorator.py
[2024-07-31T12:37:19.016+0000] {processor.py:830} INFO - Processing file /home/airflow/.local/lib/python3.12/site-packages/airflow/example_dags/example_task_group_decorator.py for tasks to queue
[2024-07-31T12:37:19.018+0000] {logging_mixin.py:188} INFO - [2024-07-31T12:37:19.018+0000] {dagbag.py:545} INFO - Filling up the DagBag from /home/airflow/.local/lib/python3.12/site-packages/airflow/example_dags/example_task_group_decorator.py
[2024-07-31T12:37:19.036+0000] {processor.py:840} INFO - DAG(s) 'example_task_group_decorator' retrieved from /home/airflow/.local/lib/python3.12/site-packages/airflow/example_dags/example_task_group_decorator.py
[2024-07-31T12:37:19.062+0000] {logging_mixin.py:188} INFO - [2024-07-31T12:37:19.062+0000] {dag.py:3089} INFO - Sync 1 DAGs
[2024-07-31T12:37:19.089+0000] {logging_mixin.py:188} INFO - [2024-07-31T12:37:19.088+0000] {dag.py:3947} INFO - Setting next_dagrun for example_task_group_decorator to 2024-07-30 00:00:00+00:00, run_after=2024-07-31 00:00:00+00:00
[2024-07-31T12:37:19.117+0000] {processor.py:183} INFO - Processing /home/airflow/.local/lib/python3.12/site-packages/airflow/example_dags/example_task_group_decorator.py took 0.109 seconds
[2024-07-31T12:37:49.873+0000] {processor.py:161} INFO - Started process (PID=3373) to work on /home/airflow/.local/lib/python3.12/site-packages/airflow/example_dags/example_task_group_decorator.py
[2024-07-31T12:37:49.875+0000] {processor.py:830} INFO - Processing file /home/airflow/.local/lib/python3.12/site-packages/airflow/example_dags/example_task_group_decorator.py for tasks to queue
[2024-07-31T12:37:49.877+0000] {logging_mixin.py:188} INFO - [2024-07-31T12:37:49.877+0000] {dagbag.py:545} INFO - Filling up the DagBag from /home/airflow/.local/lib/python3.12/site-packages/airflow/example_dags/example_task_group_decorator.py
[2024-07-31T12:37:49.898+0000] {processor.py:840} INFO - DAG(s) 'example_task_group_decorator' retrieved from /home/airflow/.local/lib/python3.12/site-packages/airflow/example_dags/example_task_group_decorator.py
[2024-07-31T12:37:49.938+0000] {logging_mixin.py:188} INFO - [2024-07-31T12:37:49.937+0000] {dag.py:3089} INFO - Sync 1 DAGs
[2024-07-31T12:37:49.968+0000] {logging_mixin.py:188} INFO - [2024-07-31T12:37:49.968+0000] {dag.py:3947} INFO - Setting next_dagrun for example_task_group_decorator to 2024-07-30 00:00:00+00:00, run_after=2024-07-31 00:00:00+00:00
[2024-07-31T12:37:49.994+0000] {processor.py:183} INFO - Processing /home/airflow/.local/lib/python3.12/site-packages/airflow/example_dags/example_task_group_decorator.py took 0.132 seconds
[2024-07-31T12:38:20.498+0000] {processor.py:161} INFO - Started process (PID=3431) to work on /home/airflow/.local/lib/python3.12/site-packages/airflow/example_dags/example_task_group_decorator.py
[2024-07-31T12:38:20.499+0000] {processor.py:830} INFO - Processing file /home/airflow/.local/lib/python3.12/site-packages/airflow/example_dags/example_task_group_decorator.py for tasks to queue
[2024-07-31T12:38:20.500+0000] {logging_mixin.py:188} INFO - [2024-07-31T12:38:20.500+0000] {dagbag.py:545} INFO - Filling up the DagBag from /home/airflow/.local/lib/python3.12/site-packages/airflow/example_dags/example_task_group_decorator.py
[2024-07-31T12:38:20.514+0000] {processor.py:840} INFO - DAG(s) 'example_task_group_decorator' retrieved from /home/airflow/.local/lib/python3.12/site-packages/airflow/example_dags/example_task_group_decorator.py
[2024-07-31T12:38:20.556+0000] {logging_mixin.py:188} INFO - [2024-07-31T12:38:20.555+0000] {dag.py:3089} INFO - Sync 1 DAGs
[2024-07-31T12:38:20.581+0000] {logging_mixin.py:188} INFO - [2024-07-31T12:38:20.581+0000] {dag.py:3947} INFO - Setting next_dagrun for example_task_group_decorator to 2024-07-30 00:00:00+00:00, run_after=2024-07-31 00:00:00+00:00
[2024-07-31T12:38:20.616+0000] {processor.py:183} INFO - Processing /home/airflow/.local/lib/python3.12/site-packages/airflow/example_dags/example_task_group_decorator.py took 0.123 seconds
[2024-07-31T16:44:27.508+0000] {processor.py:161} INFO - Started process (PID=90) to work on /home/airflow/.local/lib/python3.12/site-packages/airflow/example_dags/example_task_group_decorator.py
[2024-07-31T16:44:27.509+0000] {processor.py:830} INFO - Processing file /home/airflow/.local/lib/python3.12/site-packages/airflow/example_dags/example_task_group_decorator.py for tasks to queue
[2024-07-31T16:44:27.510+0000] {logging_mixin.py:188} INFO - [2024-07-31T16:44:27.509+0000] {dagbag.py:545} INFO - Filling up the DagBag from /home/airflow/.local/lib/python3.12/site-packages/airflow/example_dags/example_task_group_decorator.py
[2024-07-31T16:44:27.536+0000] {processor.py:840} INFO - DAG(s) 'example_task_group_decorator' retrieved from /home/airflow/.local/lib/python3.12/site-packages/airflow/example_dags/example_task_group_decorator.py
[2024-07-31T16:44:27.694+0000] {logging_mixin.py:188} INFO - [2024-07-31T16:44:27.694+0000] {dag.py:3089} INFO - Sync 1 DAGs
[2024-07-31T16:44:27.721+0000] {logging_mixin.py:188} INFO - [2024-07-31T16:44:27.721+0000] {dag.py:3947} INFO - Setting next_dagrun for example_task_group_decorator to 2024-07-30 00:00:00+00:00, run_after=2024-07-31 00:00:00+00:00
[2024-07-31T16:44:27.761+0000] {processor.py:183} INFO - Processing /home/airflow/.local/lib/python3.12/site-packages/airflow/example_dags/example_task_group_decorator.py took 0.261 seconds
[2024-07-31T16:44:58.114+0000] {processor.py:161} INFO - Started process (PID=147) to work on /home/airflow/.local/lib/python3.12/site-packages/airflow/example_dags/example_task_group_decorator.py
[2024-07-31T16:44:58.115+0000] {processor.py:830} INFO - Processing file /home/airflow/.local/lib/python3.12/site-packages/airflow/example_dags/example_task_group_decorator.py for tasks to queue
[2024-07-31T16:44:58.116+0000] {logging_mixin.py:188} INFO - [2024-07-31T16:44:58.116+0000] {dagbag.py:545} INFO - Filling up the DagBag from /home/airflow/.local/lib/python3.12/site-packages/airflow/example_dags/example_task_group_decorator.py
[2024-07-31T16:44:58.144+0000] {processor.py:840} INFO - DAG(s) 'example_task_group_decorator' retrieved from /home/airflow/.local/lib/python3.12/site-packages/airflow/example_dags/example_task_group_decorator.py
[2024-07-31T16:44:58.219+0000] {logging_mixin.py:188} INFO - [2024-07-31T16:44:58.218+0000] {dag.py:3089} INFO - Sync 1 DAGs
[2024-07-31T16:44:58.264+0000] {logging_mixin.py:188} INFO - [2024-07-31T16:44:58.264+0000] {dag.py:3947} INFO - Setting next_dagrun for example_task_group_decorator to 2024-07-30 00:00:00+00:00, run_after=2024-07-31 00:00:00+00:00
[2024-07-31T16:44:58.301+0000] {processor.py:183} INFO - Processing /home/airflow/.local/lib/python3.12/site-packages/airflow/example_dags/example_task_group_decorator.py took 0.196 seconds
[2024-07-31T16:45:28.966+0000] {processor.py:161} INFO - Started process (PID=205) to work on /home/airflow/.local/lib/python3.12/site-packages/airflow/example_dags/example_task_group_decorator.py
[2024-07-31T16:45:28.967+0000] {processor.py:830} INFO - Processing file /home/airflow/.local/lib/python3.12/site-packages/airflow/example_dags/example_task_group_decorator.py for tasks to queue
[2024-07-31T16:45:28.969+0000] {logging_mixin.py:188} INFO - [2024-07-31T16:45:28.968+0000] {dagbag.py:545} INFO - Filling up the DagBag from /home/airflow/.local/lib/python3.12/site-packages/airflow/example_dags/example_task_group_decorator.py
[2024-07-31T16:45:28.991+0000] {processor.py:840} INFO - DAG(s) 'example_task_group_decorator' retrieved from /home/airflow/.local/lib/python3.12/site-packages/airflow/example_dags/example_task_group_decorator.py
[2024-07-31T16:45:29.038+0000] {logging_mixin.py:188} INFO - [2024-07-31T16:45:29.037+0000] {dag.py:3089} INFO - Sync 1 DAGs
[2024-07-31T16:45:29.071+0000] {logging_mixin.py:188} INFO - [2024-07-31T16:45:29.071+0000] {dag.py:3947} INFO - Setting next_dagrun for example_task_group_decorator to 2024-07-30 00:00:00+00:00, run_after=2024-07-31 00:00:00+00:00
[2024-07-31T16:45:29.117+0000] {processor.py:183} INFO - Processing /home/airflow/.local/lib/python3.12/site-packages/airflow/example_dags/example_task_group_decorator.py took 0.158 seconds
[2024-07-31T16:46:00.221+0000] {processor.py:161} INFO - Started process (PID=263) to work on /home/airflow/.local/lib/python3.12/site-packages/airflow/example_dags/example_task_group_decorator.py
[2024-07-31T16:46:00.222+0000] {processor.py:830} INFO - Processing file /home/airflow/.local/lib/python3.12/site-packages/airflow/example_dags/example_task_group_decorator.py for tasks to queue
[2024-07-31T16:46:00.222+0000] {logging_mixin.py:188} INFO - [2024-07-31T16:46:00.222+0000] {dagbag.py:545} INFO - Filling up the DagBag from /home/airflow/.local/lib/python3.12/site-packages/airflow/example_dags/example_task_group_decorator.py
[2024-07-31T16:46:00.240+0000] {processor.py:840} INFO - DAG(s) 'example_task_group_decorator' retrieved from /home/airflow/.local/lib/python3.12/site-packages/airflow/example_dags/example_task_group_decorator.py
[2024-07-31T16:46:00.265+0000] {logging_mixin.py:188} INFO - [2024-07-31T16:46:00.265+0000] {dag.py:3089} INFO - Sync 1 DAGs
[2024-07-31T16:46:00.292+0000] {logging_mixin.py:188} INFO - [2024-07-31T16:46:00.292+0000] {dag.py:3947} INFO - Setting next_dagrun for example_task_group_decorator to 2024-07-30 00:00:00+00:00, run_after=2024-07-31 00:00:00+00:00
[2024-07-31T16:46:00.315+0000] {processor.py:183} INFO - Processing /home/airflow/.local/lib/python3.12/site-packages/airflow/example_dags/example_task_group_decorator.py took 0.101 seconds
