[2024-07-31T12:08:49.956+0000] {processor.py:161} INFO - Started process (PID=74) to work on /home/airflow/.local/lib/python3.12/site-packages/airflow/example_dags/example_python_operator.py
[2024-07-31T12:08:49.957+0000] {processor.py:830} INFO - Processing file /home/airflow/.local/lib/python3.12/site-packages/airflow/example_dags/example_python_operator.py for tasks to queue
[2024-07-31T12:08:49.958+0000] {logging_mixin.py:188} INFO - [2024-07-31T12:08:49.958+0000] {dagbag.py:545} INFO - Filling up the DagBag from /home/airflow/.local/lib/python3.12/site-packages/airflow/example_dags/example_python_operator.py
[2024-07-31T12:08:49.974+0000] {processor.py:840} INFO - DAG(s) 'example_python_operator' retrieved from /home/airflow/.local/lib/python3.12/site-packages/airflow/example_dags/example_python_operator.py
[2024-07-31T12:08:50.109+0000] {logging_mixin.py:188} INFO - [2024-07-31T12:08:50.108+0000] {override.py:1858} INFO - Created Permission View: can delete on DAG:example_python_operator
[2024-07-31T12:08:50.123+0000] {logging_mixin.py:188} INFO - [2024-07-31T12:08:50.123+0000] {override.py:1858} INFO - Created Permission View: can read on DAG:example_python_operator
[2024-07-31T12:08:50.133+0000] {logging_mixin.py:188} INFO - [2024-07-31T12:08:50.132+0000] {override.py:1858} INFO - Created Permission View: can edit on DAG:example_python_operator
[2024-07-31T12:08:50.134+0000] {logging_mixin.py:188} INFO - [2024-07-31T12:08:50.133+0000] {dag.py:3089} INFO - Sync 1 DAGs
[2024-07-31T12:08:50.147+0000] {logging_mixin.py:188} INFO - [2024-07-31T12:08:50.146+0000] {dag.py:3111} INFO - Creating ORM DAG for example_python_operator
[2024-07-31T12:08:50.148+0000] {logging_mixin.py:188} INFO - [2024-07-31T12:08:50.147+0000] {dag.py:3947} INFO - Setting next_dagrun for example_python_operator to None, run_after=None
[2024-07-31T12:08:50.167+0000] {processor.py:183} INFO - Processing /home/airflow/.local/lib/python3.12/site-packages/airflow/example_dags/example_python_operator.py took 0.216 seconds
[2024-07-31T12:09:20.405+0000] {processor.py:161} INFO - Started process (PID=131) to work on /home/airflow/.local/lib/python3.12/site-packages/airflow/example_dags/example_python_operator.py
[2024-07-31T12:09:20.406+0000] {processor.py:830} INFO - Processing file /home/airflow/.local/lib/python3.12/site-packages/airflow/example_dags/example_python_operator.py for tasks to queue
[2024-07-31T12:09:20.408+0000] {logging_mixin.py:188} INFO - [2024-07-31T12:09:20.407+0000] {dagbag.py:545} INFO - Filling up the DagBag from /home/airflow/.local/lib/python3.12/site-packages/airflow/example_dags/example_python_operator.py
[2024-07-31T12:09:20.422+0000] {processor.py:840} INFO - DAG(s) 'example_python_operator' retrieved from /home/airflow/.local/lib/python3.12/site-packages/airflow/example_dags/example_python_operator.py
[2024-07-31T12:09:20.451+0000] {logging_mixin.py:188} INFO - [2024-07-31T12:09:20.451+0000] {dag.py:3089} INFO - Sync 1 DAGs
[2024-07-31T12:09:20.468+0000] {logging_mixin.py:188} INFO - [2024-07-31T12:09:20.468+0000] {dag.py:3947} INFO - Setting next_dagrun for example_python_operator to None, run_after=None
[2024-07-31T12:09:20.496+0000] {processor.py:183} INFO - Processing /home/airflow/.local/lib/python3.12/site-packages/airflow/example_dags/example_python_operator.py took 0.099 seconds
[2024-07-31T12:09:51.377+0000] {processor.py:161} INFO - Started process (PID=189) to work on /home/airflow/.local/lib/python3.12/site-packages/airflow/example_dags/example_python_operator.py
[2024-07-31T12:09:51.380+0000] {processor.py:830} INFO - Processing file /home/airflow/.local/lib/python3.12/site-packages/airflow/example_dags/example_python_operator.py for tasks to queue
[2024-07-31T12:09:51.382+0000] {logging_mixin.py:188} INFO - [2024-07-31T12:09:51.382+0000] {dagbag.py:545} INFO - Filling up the DagBag from /home/airflow/.local/lib/python3.12/site-packages/airflow/example_dags/example_python_operator.py
[2024-07-31T12:09:51.391+0000] {processor.py:840} INFO - DAG(s) 'example_python_operator' retrieved from /home/airflow/.local/lib/python3.12/site-packages/airflow/example_dags/example_python_operator.py
[2024-07-31T12:09:51.418+0000] {logging_mixin.py:188} INFO - [2024-07-31T12:09:51.418+0000] {dag.py:3089} INFO - Sync 1 DAGs
[2024-07-31T12:09:51.432+0000] {logging_mixin.py:188} INFO - [2024-07-31T12:09:51.432+0000] {dag.py:3947} INFO - Setting next_dagrun for example_python_operator to None, run_after=None
[2024-07-31T12:09:51.457+0000] {processor.py:183} INFO - Processing /home/airflow/.local/lib/python3.12/site-packages/airflow/example_dags/example_python_operator.py took 0.094 seconds
[2024-07-31T12:10:21.904+0000] {processor.py:161} INFO - Started process (PID=247) to work on /home/airflow/.local/lib/python3.12/site-packages/airflow/example_dags/example_python_operator.py
[2024-07-31T12:10:21.905+0000] {processor.py:830} INFO - Processing file /home/airflow/.local/lib/python3.12/site-packages/airflow/example_dags/example_python_operator.py for tasks to queue
[2024-07-31T12:10:21.906+0000] {logging_mixin.py:188} INFO - [2024-07-31T12:10:21.906+0000] {dagbag.py:545} INFO - Filling up the DagBag from /home/airflow/.local/lib/python3.12/site-packages/airflow/example_dags/example_python_operator.py
[2024-07-31T12:10:21.916+0000] {processor.py:840} INFO - DAG(s) 'example_python_operator' retrieved from /home/airflow/.local/lib/python3.12/site-packages/airflow/example_dags/example_python_operator.py
[2024-07-31T12:10:21.945+0000] {logging_mixin.py:188} INFO - [2024-07-31T12:10:21.945+0000] {dag.py:3089} INFO - Sync 1 DAGs
[2024-07-31T12:10:21.963+0000] {logging_mixin.py:188} INFO - [2024-07-31T12:10:21.963+0000] {dag.py:3947} INFO - Setting next_dagrun for example_python_operator to None, run_after=None
[2024-07-31T12:10:21.994+0000] {processor.py:183} INFO - Processing /home/airflow/.local/lib/python3.12/site-packages/airflow/example_dags/example_python_operator.py took 0.096 seconds
[2024-07-31T12:10:52.102+0000] {processor.py:161} INFO - Started process (PID=305) to work on /home/airflow/.local/lib/python3.12/site-packages/airflow/example_dags/example_python_operator.py
[2024-07-31T12:10:52.103+0000] {processor.py:830} INFO - Processing file /home/airflow/.local/lib/python3.12/site-packages/airflow/example_dags/example_python_operator.py for tasks to queue
[2024-07-31T12:10:52.105+0000] {logging_mixin.py:188} INFO - [2024-07-31T12:10:52.104+0000] {dagbag.py:545} INFO - Filling up the DagBag from /home/airflow/.local/lib/python3.12/site-packages/airflow/example_dags/example_python_operator.py
[2024-07-31T12:10:52.113+0000] {processor.py:840} INFO - DAG(s) 'example_python_operator' retrieved from /home/airflow/.local/lib/python3.12/site-packages/airflow/example_dags/example_python_operator.py
[2024-07-31T12:10:52.134+0000] {logging_mixin.py:188} INFO - [2024-07-31T12:10:52.133+0000] {dag.py:3089} INFO - Sync 1 DAGs
[2024-07-31T12:10:52.152+0000] {logging_mixin.py:188} INFO - [2024-07-31T12:10:52.152+0000] {dag.py:3947} INFO - Setting next_dagrun for example_python_operator to None, run_after=None
[2024-07-31T12:10:52.194+0000] {processor.py:183} INFO - Processing /home/airflow/.local/lib/python3.12/site-packages/airflow/example_dags/example_python_operator.py took 0.096 seconds
[2024-07-31T12:11:22.678+0000] {processor.py:161} INFO - Started process (PID=362) to work on /home/airflow/.local/lib/python3.12/site-packages/airflow/example_dags/example_python_operator.py
[2024-07-31T12:11:22.678+0000] {processor.py:830} INFO - Processing file /home/airflow/.local/lib/python3.12/site-packages/airflow/example_dags/example_python_operator.py for tasks to queue
[2024-07-31T12:11:22.680+0000] {logging_mixin.py:188} INFO - [2024-07-31T12:11:22.679+0000] {dagbag.py:545} INFO - Filling up the DagBag from /home/airflow/.local/lib/python3.12/site-packages/airflow/example_dags/example_python_operator.py
[2024-07-31T12:11:22.690+0000] {processor.py:840} INFO - DAG(s) 'example_python_operator' retrieved from /home/airflow/.local/lib/python3.12/site-packages/airflow/example_dags/example_python_operator.py
[2024-07-31T12:11:22.718+0000] {logging_mixin.py:188} INFO - [2024-07-31T12:11:22.718+0000] {dag.py:3089} INFO - Sync 1 DAGs
[2024-07-31T12:11:22.731+0000] {logging_mixin.py:188} INFO - [2024-07-31T12:11:22.731+0000] {dag.py:3947} INFO - Setting next_dagrun for example_python_operator to None, run_after=None
[2024-07-31T12:11:22.755+0000] {processor.py:183} INFO - Processing /home/airflow/.local/lib/python3.12/site-packages/airflow/example_dags/example_python_operator.py took 0.083 seconds
[2024-07-31T12:11:52.832+0000] {processor.py:161} INFO - Started process (PID=420) to work on /home/airflow/.local/lib/python3.12/site-packages/airflow/example_dags/example_python_operator.py
[2024-07-31T12:11:52.833+0000] {processor.py:830} INFO - Processing file /home/airflow/.local/lib/python3.12/site-packages/airflow/example_dags/example_python_operator.py for tasks to queue
[2024-07-31T12:11:52.835+0000] {logging_mixin.py:188} INFO - [2024-07-31T12:11:52.835+0000] {dagbag.py:545} INFO - Filling up the DagBag from /home/airflow/.local/lib/python3.12/site-packages/airflow/example_dags/example_python_operator.py
[2024-07-31T12:11:52.848+0000] {processor.py:840} INFO - DAG(s) 'example_python_operator' retrieved from /home/airflow/.local/lib/python3.12/site-packages/airflow/example_dags/example_python_operator.py
[2024-07-31T12:11:52.873+0000] {logging_mixin.py:188} INFO - [2024-07-31T12:11:52.873+0000] {dag.py:3089} INFO - Sync 1 DAGs
[2024-07-31T12:11:52.889+0000] {logging_mixin.py:188} INFO - [2024-07-31T12:11:52.889+0000] {dag.py:3947} INFO - Setting next_dagrun for example_python_operator to None, run_after=None
[2024-07-31T12:11:52.915+0000] {processor.py:183} INFO - Processing /home/airflow/.local/lib/python3.12/site-packages/airflow/example_dags/example_python_operator.py took 0.089 seconds
[2024-07-31T12:12:23.457+0000] {processor.py:161} INFO - Started process (PID=478) to work on /home/airflow/.local/lib/python3.12/site-packages/airflow/example_dags/example_python_operator.py
[2024-07-31T12:12:23.457+0000] {processor.py:830} INFO - Processing file /home/airflow/.local/lib/python3.12/site-packages/airflow/example_dags/example_python_operator.py for tasks to queue
[2024-07-31T12:12:23.459+0000] {logging_mixin.py:188} INFO - [2024-07-31T12:12:23.458+0000] {dagbag.py:545} INFO - Filling up the DagBag from /home/airflow/.local/lib/python3.12/site-packages/airflow/example_dags/example_python_operator.py
[2024-07-31T12:12:23.468+0000] {processor.py:840} INFO - DAG(s) 'example_python_operator' retrieved from /home/airflow/.local/lib/python3.12/site-packages/airflow/example_dags/example_python_operator.py
[2024-07-31T12:12:23.496+0000] {logging_mixin.py:188} INFO - [2024-07-31T12:12:23.495+0000] {dag.py:3089} INFO - Sync 1 DAGs
[2024-07-31T12:12:23.510+0000] {logging_mixin.py:188} INFO - [2024-07-31T12:12:23.510+0000] {dag.py:3947} INFO - Setting next_dagrun for example_python_operator to None, run_after=None
[2024-07-31T12:12:23.534+0000] {processor.py:183} INFO - Processing /home/airflow/.local/lib/python3.12/site-packages/airflow/example_dags/example_python_operator.py took 0.082 seconds
[2024-07-31T12:12:54.144+0000] {processor.py:161} INFO - Started process (PID=535) to work on /home/airflow/.local/lib/python3.12/site-packages/airflow/example_dags/example_python_operator.py
[2024-07-31T12:12:54.145+0000] {processor.py:830} INFO - Processing file /home/airflow/.local/lib/python3.12/site-packages/airflow/example_dags/example_python_operator.py for tasks to queue
[2024-07-31T12:12:54.147+0000] {logging_mixin.py:188} INFO - [2024-07-31T12:12:54.146+0000] {dagbag.py:545} INFO - Filling up the DagBag from /home/airflow/.local/lib/python3.12/site-packages/airflow/example_dags/example_python_operator.py
[2024-07-31T12:12:54.161+0000] {processor.py:840} INFO - DAG(s) 'example_python_operator' retrieved from /home/airflow/.local/lib/python3.12/site-packages/airflow/example_dags/example_python_operator.py
[2024-07-31T12:12:54.187+0000] {logging_mixin.py:188} INFO - [2024-07-31T12:12:54.187+0000] {dag.py:3089} INFO - Sync 1 DAGs
[2024-07-31T12:12:54.199+0000] {logging_mixin.py:188} INFO - [2024-07-31T12:12:54.199+0000] {dag.py:3947} INFO - Setting next_dagrun for example_python_operator to None, run_after=None
[2024-07-31T12:12:54.222+0000] {processor.py:183} INFO - Processing /home/airflow/.local/lib/python3.12/site-packages/airflow/example_dags/example_python_operator.py took 0.084 seconds
[2024-07-31T12:13:24.312+0000] {processor.py:161} INFO - Started process (PID=593) to work on /home/airflow/.local/lib/python3.12/site-packages/airflow/example_dags/example_python_operator.py
[2024-07-31T12:13:24.313+0000] {processor.py:830} INFO - Processing file /home/airflow/.local/lib/python3.12/site-packages/airflow/example_dags/example_python_operator.py for tasks to queue
[2024-07-31T12:13:24.315+0000] {logging_mixin.py:188} INFO - [2024-07-31T12:13:24.315+0000] {dagbag.py:545} INFO - Filling up the DagBag from /home/airflow/.local/lib/python3.12/site-packages/airflow/example_dags/example_python_operator.py
[2024-07-31T12:13:24.325+0000] {processor.py:840} INFO - DAG(s) 'example_python_operator' retrieved from /home/airflow/.local/lib/python3.12/site-packages/airflow/example_dags/example_python_operator.py
[2024-07-31T12:13:24.355+0000] {logging_mixin.py:188} INFO - [2024-07-31T12:13:24.355+0000] {dag.py:3089} INFO - Sync 1 DAGs
[2024-07-31T12:13:24.371+0000] {logging_mixin.py:188} INFO - [2024-07-31T12:13:24.371+0000] {dag.py:3947} INFO - Setting next_dagrun for example_python_operator to None, run_after=None
[2024-07-31T12:13:24.397+0000] {processor.py:183} INFO - Processing /home/airflow/.local/lib/python3.12/site-packages/airflow/example_dags/example_python_operator.py took 0.096 seconds
[2024-07-31T12:13:55.255+0000] {processor.py:161} INFO - Started process (PID=650) to work on /home/airflow/.local/lib/python3.12/site-packages/airflow/example_dags/example_python_operator.py
[2024-07-31T12:13:55.256+0000] {processor.py:830} INFO - Processing file /home/airflow/.local/lib/python3.12/site-packages/airflow/example_dags/example_python_operator.py for tasks to queue
[2024-07-31T12:13:55.258+0000] {logging_mixin.py:188} INFO - [2024-07-31T12:13:55.257+0000] {dagbag.py:545} INFO - Filling up the DagBag from /home/airflow/.local/lib/python3.12/site-packages/airflow/example_dags/example_python_operator.py
[2024-07-31T12:13:55.271+0000] {processor.py:840} INFO - DAG(s) 'example_python_operator' retrieved from /home/airflow/.local/lib/python3.12/site-packages/airflow/example_dags/example_python_operator.py
[2024-07-31T12:13:55.296+0000] {logging_mixin.py:188} INFO - [2024-07-31T12:13:55.296+0000] {dag.py:3089} INFO - Sync 1 DAGs
[2024-07-31T12:13:55.311+0000] {logging_mixin.py:188} INFO - [2024-07-31T12:13:55.310+0000] {dag.py:3947} INFO - Setting next_dagrun for example_python_operator to None, run_after=None
[2024-07-31T12:13:55.335+0000] {processor.py:183} INFO - Processing /home/airflow/.local/lib/python3.12/site-packages/airflow/example_dags/example_python_operator.py took 0.087 seconds
[2024-07-31T12:14:25.799+0000] {processor.py:161} INFO - Started process (PID=708) to work on /home/airflow/.local/lib/python3.12/site-packages/airflow/example_dags/example_python_operator.py
[2024-07-31T12:14:25.804+0000] {processor.py:830} INFO - Processing file /home/airflow/.local/lib/python3.12/site-packages/airflow/example_dags/example_python_operator.py for tasks to queue
[2024-07-31T12:14:25.810+0000] {logging_mixin.py:188} INFO - [2024-07-31T12:14:25.808+0000] {dagbag.py:545} INFO - Filling up the DagBag from /home/airflow/.local/lib/python3.12/site-packages/airflow/example_dags/example_python_operator.py
[2024-07-31T12:14:25.822+0000] {processor.py:840} INFO - DAG(s) 'example_python_operator' retrieved from /home/airflow/.local/lib/python3.12/site-packages/airflow/example_dags/example_python_operator.py
[2024-07-31T12:14:25.856+0000] {logging_mixin.py:188} INFO - [2024-07-31T12:14:25.856+0000] {dag.py:3089} INFO - Sync 1 DAGs
[2024-07-31T12:14:25.877+0000] {logging_mixin.py:188} INFO - [2024-07-31T12:14:25.877+0000] {dag.py:3947} INFO - Setting next_dagrun for example_python_operator to None, run_after=None
[2024-07-31T12:14:25.937+0000] {processor.py:183} INFO - Processing /home/airflow/.local/lib/python3.12/site-packages/airflow/example_dags/example_python_operator.py took 0.153 seconds
[2024-07-31T12:14:56.265+0000] {processor.py:161} INFO - Started process (PID=772) to work on /home/airflow/.local/lib/python3.12/site-packages/airflow/example_dags/example_python_operator.py
[2024-07-31T12:14:56.265+0000] {processor.py:830} INFO - Processing file /home/airflow/.local/lib/python3.12/site-packages/airflow/example_dags/example_python_operator.py for tasks to queue
[2024-07-31T12:14:56.267+0000] {logging_mixin.py:188} INFO - [2024-07-31T12:14:56.267+0000] {dagbag.py:545} INFO - Filling up the DagBag from /home/airflow/.local/lib/python3.12/site-packages/airflow/example_dags/example_python_operator.py
[2024-07-31T12:14:56.278+0000] {processor.py:840} INFO - DAG(s) 'example_python_operator' retrieved from /home/airflow/.local/lib/python3.12/site-packages/airflow/example_dags/example_python_operator.py
[2024-07-31T12:14:56.301+0000] {logging_mixin.py:188} INFO - [2024-07-31T12:14:56.301+0000] {dag.py:3089} INFO - Sync 1 DAGs
[2024-07-31T12:14:56.315+0000] {logging_mixin.py:188} INFO - [2024-07-31T12:14:56.315+0000] {dag.py:3947} INFO - Setting next_dagrun for example_python_operator to None, run_after=None
[2024-07-31T12:14:56.340+0000] {processor.py:183} INFO - Processing /home/airflow/.local/lib/python3.12/site-packages/airflow/example_dags/example_python_operator.py took 0.082 seconds
[2024-07-31T12:15:26.495+0000] {processor.py:161} INFO - Started process (PID=829) to work on /home/airflow/.local/lib/python3.12/site-packages/airflow/example_dags/example_python_operator.py
[2024-07-31T12:15:26.497+0000] {processor.py:830} INFO - Processing file /home/airflow/.local/lib/python3.12/site-packages/airflow/example_dags/example_python_operator.py for tasks to queue
[2024-07-31T12:15:26.500+0000] {logging_mixin.py:188} INFO - [2024-07-31T12:15:26.499+0000] {dagbag.py:545} INFO - Filling up the DagBag from /home/airflow/.local/lib/python3.12/site-packages/airflow/example_dags/example_python_operator.py
[2024-07-31T12:15:26.515+0000] {processor.py:840} INFO - DAG(s) 'example_python_operator' retrieved from /home/airflow/.local/lib/python3.12/site-packages/airflow/example_dags/example_python_operator.py
[2024-07-31T12:15:26.546+0000] {logging_mixin.py:188} INFO - [2024-07-31T12:15:26.545+0000] {dag.py:3089} INFO - Sync 1 DAGs
[2024-07-31T12:15:26.568+0000] {logging_mixin.py:188} INFO - [2024-07-31T12:15:26.567+0000] {dag.py:3947} INFO - Setting next_dagrun for example_python_operator to None, run_after=None
[2024-07-31T12:15:26.602+0000] {processor.py:183} INFO - Processing /home/airflow/.local/lib/python3.12/site-packages/airflow/example_dags/example_python_operator.py took 0.115 seconds
[2024-07-31T12:15:56.925+0000] {processor.py:161} INFO - Started process (PID=886) to work on /home/airflow/.local/lib/python3.12/site-packages/airflow/example_dags/example_python_operator.py
[2024-07-31T12:15:56.926+0000] {processor.py:830} INFO - Processing file /home/airflow/.local/lib/python3.12/site-packages/airflow/example_dags/example_python_operator.py for tasks to queue
[2024-07-31T12:15:56.929+0000] {logging_mixin.py:188} INFO - [2024-07-31T12:15:56.928+0000] {dagbag.py:545} INFO - Filling up the DagBag from /home/airflow/.local/lib/python3.12/site-packages/airflow/example_dags/example_python_operator.py
[2024-07-31T12:15:56.942+0000] {processor.py:840} INFO - DAG(s) 'example_python_operator' retrieved from /home/airflow/.local/lib/python3.12/site-packages/airflow/example_dags/example_python_operator.py
[2024-07-31T12:15:56.967+0000] {logging_mixin.py:188} INFO - [2024-07-31T12:15:56.967+0000] {dag.py:3089} INFO - Sync 1 DAGs
[2024-07-31T12:15:56.980+0000] {logging_mixin.py:188} INFO - [2024-07-31T12:15:56.979+0000] {dag.py:3947} INFO - Setting next_dagrun for example_python_operator to None, run_after=None
[2024-07-31T12:15:57.004+0000] {processor.py:183} INFO - Processing /home/airflow/.local/lib/python3.12/site-packages/airflow/example_dags/example_python_operator.py took 0.085 seconds
[2024-07-31T12:16:27.158+0000] {processor.py:161} INFO - Started process (PID=943) to work on /home/airflow/.local/lib/python3.12/site-packages/airflow/example_dags/example_python_operator.py
[2024-07-31T12:16:27.159+0000] {processor.py:830} INFO - Processing file /home/airflow/.local/lib/python3.12/site-packages/airflow/example_dags/example_python_operator.py for tasks to queue
[2024-07-31T12:16:27.161+0000] {logging_mixin.py:188} INFO - [2024-07-31T12:16:27.161+0000] {dagbag.py:545} INFO - Filling up the DagBag from /home/airflow/.local/lib/python3.12/site-packages/airflow/example_dags/example_python_operator.py
[2024-07-31T12:16:27.176+0000] {processor.py:840} INFO - DAG(s) 'example_python_operator' retrieved from /home/airflow/.local/lib/python3.12/site-packages/airflow/example_dags/example_python_operator.py
[2024-07-31T12:16:27.208+0000] {logging_mixin.py:188} INFO - [2024-07-31T12:16:27.208+0000] {dag.py:3089} INFO - Sync 1 DAGs
[2024-07-31T12:16:27.227+0000] {logging_mixin.py:188} INFO - [2024-07-31T12:16:27.227+0000] {dag.py:3947} INFO - Setting next_dagrun for example_python_operator to None, run_after=None
[2024-07-31T12:16:27.255+0000] {processor.py:183} INFO - Processing /home/airflow/.local/lib/python3.12/site-packages/airflow/example_dags/example_python_operator.py took 0.105 seconds
[2024-07-31T12:16:57.353+0000] {processor.py:161} INFO - Started process (PID=1000) to work on /home/airflow/.local/lib/python3.12/site-packages/airflow/example_dags/example_python_operator.py
[2024-07-31T12:16:57.355+0000] {processor.py:830} INFO - Processing file /home/airflow/.local/lib/python3.12/site-packages/airflow/example_dags/example_python_operator.py for tasks to queue
[2024-07-31T12:16:57.356+0000] {logging_mixin.py:188} INFO - [2024-07-31T12:16:57.356+0000] {dagbag.py:545} INFO - Filling up the DagBag from /home/airflow/.local/lib/python3.12/site-packages/airflow/example_dags/example_python_operator.py
[2024-07-31T12:16:57.366+0000] {processor.py:840} INFO - DAG(s) 'example_python_operator' retrieved from /home/airflow/.local/lib/python3.12/site-packages/airflow/example_dags/example_python_operator.py
[2024-07-31T12:16:57.391+0000] {logging_mixin.py:188} INFO - [2024-07-31T12:16:57.391+0000] {dag.py:3089} INFO - Sync 1 DAGs
[2024-07-31T12:16:57.406+0000] {logging_mixin.py:188} INFO - [2024-07-31T12:16:57.405+0000] {dag.py:3947} INFO - Setting next_dagrun for example_python_operator to None, run_after=None
[2024-07-31T12:16:57.427+0000] {processor.py:183} INFO - Processing /home/airflow/.local/lib/python3.12/site-packages/airflow/example_dags/example_python_operator.py took 0.080 seconds
[2024-07-31T12:17:28.344+0000] {processor.py:161} INFO - Started process (PID=1058) to work on /home/airflow/.local/lib/python3.12/site-packages/airflow/example_dags/example_python_operator.py
[2024-07-31T12:17:28.345+0000] {processor.py:830} INFO - Processing file /home/airflow/.local/lib/python3.12/site-packages/airflow/example_dags/example_python_operator.py for tasks to queue
[2024-07-31T12:17:28.347+0000] {logging_mixin.py:188} INFO - [2024-07-31T12:17:28.346+0000] {dagbag.py:545} INFO - Filling up the DagBag from /home/airflow/.local/lib/python3.12/site-packages/airflow/example_dags/example_python_operator.py
[2024-07-31T12:17:28.356+0000] {processor.py:840} INFO - DAG(s) 'example_python_operator' retrieved from /home/airflow/.local/lib/python3.12/site-packages/airflow/example_dags/example_python_operator.py
[2024-07-31T12:17:28.376+0000] {logging_mixin.py:188} INFO - [2024-07-31T12:17:28.376+0000] {dag.py:3089} INFO - Sync 1 DAGs
[2024-07-31T12:17:28.389+0000] {logging_mixin.py:188} INFO - [2024-07-31T12:17:28.389+0000] {dag.py:3947} INFO - Setting next_dagrun for example_python_operator to None, run_after=None
[2024-07-31T12:17:28.413+0000] {processor.py:183} INFO - Processing /home/airflow/.local/lib/python3.12/site-packages/airflow/example_dags/example_python_operator.py took 0.074 seconds
[2024-07-31T12:17:58.947+0000] {processor.py:161} INFO - Started process (PID=1116) to work on /home/airflow/.local/lib/python3.12/site-packages/airflow/example_dags/example_python_operator.py
[2024-07-31T12:17:58.948+0000] {processor.py:830} INFO - Processing file /home/airflow/.local/lib/python3.12/site-packages/airflow/example_dags/example_python_operator.py for tasks to queue
[2024-07-31T12:17:58.949+0000] {logging_mixin.py:188} INFO - [2024-07-31T12:17:58.949+0000] {dagbag.py:545} INFO - Filling up the DagBag from /home/airflow/.local/lib/python3.12/site-packages/airflow/example_dags/example_python_operator.py
[2024-07-31T12:17:58.960+0000] {processor.py:840} INFO - DAG(s) 'example_python_operator' retrieved from /home/airflow/.local/lib/python3.12/site-packages/airflow/example_dags/example_python_operator.py
[2024-07-31T12:17:58.987+0000] {logging_mixin.py:188} INFO - [2024-07-31T12:17:58.987+0000] {dag.py:3089} INFO - Sync 1 DAGs
[2024-07-31T12:17:59.004+0000] {logging_mixin.py:188} INFO - [2024-07-31T12:17:59.003+0000] {dag.py:3947} INFO - Setting next_dagrun for example_python_operator to None, run_after=None
[2024-07-31T12:17:59.031+0000] {processor.py:183} INFO - Processing /home/airflow/.local/lib/python3.12/site-packages/airflow/example_dags/example_python_operator.py took 0.091 seconds
[2024-07-31T12:18:29.351+0000] {processor.py:161} INFO - Started process (PID=1174) to work on /home/airflow/.local/lib/python3.12/site-packages/airflow/example_dags/example_python_operator.py
[2024-07-31T12:18:29.352+0000] {processor.py:830} INFO - Processing file /home/airflow/.local/lib/python3.12/site-packages/airflow/example_dags/example_python_operator.py for tasks to queue
[2024-07-31T12:18:29.354+0000] {logging_mixin.py:188} INFO - [2024-07-31T12:18:29.354+0000] {dagbag.py:545} INFO - Filling up the DagBag from /home/airflow/.local/lib/python3.12/site-packages/airflow/example_dags/example_python_operator.py
[2024-07-31T12:18:29.369+0000] {processor.py:840} INFO - DAG(s) 'example_python_operator' retrieved from /home/airflow/.local/lib/python3.12/site-packages/airflow/example_dags/example_python_operator.py
[2024-07-31T12:18:29.395+0000] {logging_mixin.py:188} INFO - [2024-07-31T12:18:29.395+0000] {dag.py:3089} INFO - Sync 1 DAGs
[2024-07-31T12:18:29.408+0000] {logging_mixin.py:188} INFO - [2024-07-31T12:18:29.407+0000] {dag.py:3947} INFO - Setting next_dagrun for example_python_operator to None, run_after=None
[2024-07-31T12:18:29.432+0000] {processor.py:183} INFO - Processing /home/airflow/.local/lib/python3.12/site-packages/airflow/example_dags/example_python_operator.py took 0.091 seconds
[2024-07-31T12:18:59.659+0000] {processor.py:161} INFO - Started process (PID=1232) to work on /home/airflow/.local/lib/python3.12/site-packages/airflow/example_dags/example_python_operator.py
[2024-07-31T12:18:59.660+0000] {processor.py:830} INFO - Processing file /home/airflow/.local/lib/python3.12/site-packages/airflow/example_dags/example_python_operator.py for tasks to queue
[2024-07-31T12:18:59.662+0000] {logging_mixin.py:188} INFO - [2024-07-31T12:18:59.662+0000] {dagbag.py:545} INFO - Filling up the DagBag from /home/airflow/.local/lib/python3.12/site-packages/airflow/example_dags/example_python_operator.py
[2024-07-31T12:18:59.671+0000] {processor.py:840} INFO - DAG(s) 'example_python_operator' retrieved from /home/airflow/.local/lib/python3.12/site-packages/airflow/example_dags/example_python_operator.py
[2024-07-31T12:18:59.692+0000] {logging_mixin.py:188} INFO - [2024-07-31T12:18:59.691+0000] {dag.py:3089} INFO - Sync 1 DAGs
[2024-07-31T12:18:59.703+0000] {logging_mixin.py:188} INFO - [2024-07-31T12:18:59.703+0000] {dag.py:3947} INFO - Setting next_dagrun for example_python_operator to None, run_after=None
[2024-07-31T12:18:59.728+0000] {processor.py:183} INFO - Processing /home/airflow/.local/lib/python3.12/site-packages/airflow/example_dags/example_python_operator.py took 0.076 seconds
[2024-07-31T12:19:29.925+0000] {processor.py:161} INFO - Started process (PID=1290) to work on /home/airflow/.local/lib/python3.12/site-packages/airflow/example_dags/example_python_operator.py
[2024-07-31T12:19:29.926+0000] {processor.py:830} INFO - Processing file /home/airflow/.local/lib/python3.12/site-packages/airflow/example_dags/example_python_operator.py for tasks to queue
[2024-07-31T12:19:29.927+0000] {logging_mixin.py:188} INFO - [2024-07-31T12:19:29.927+0000] {dagbag.py:545} INFO - Filling up the DagBag from /home/airflow/.local/lib/python3.12/site-packages/airflow/example_dags/example_python_operator.py
[2024-07-31T12:19:29.937+0000] {processor.py:840} INFO - DAG(s) 'example_python_operator' retrieved from /home/airflow/.local/lib/python3.12/site-packages/airflow/example_dags/example_python_operator.py
[2024-07-31T12:19:29.965+0000] {logging_mixin.py:188} INFO - [2024-07-31T12:19:29.964+0000] {dag.py:3089} INFO - Sync 1 DAGs
[2024-07-31T12:19:29.981+0000] {logging_mixin.py:188} INFO - [2024-07-31T12:19:29.981+0000] {dag.py:3947} INFO - Setting next_dagrun for example_python_operator to None, run_after=None
[2024-07-31T12:19:30.003+0000] {processor.py:183} INFO - Processing /home/airflow/.local/lib/python3.12/site-packages/airflow/example_dags/example_python_operator.py took 0.083 seconds
[2024-07-31T12:20:00.376+0000] {processor.py:161} INFO - Started process (PID=1348) to work on /home/airflow/.local/lib/python3.12/site-packages/airflow/example_dags/example_python_operator.py
[2024-07-31T12:20:00.377+0000] {processor.py:830} INFO - Processing file /home/airflow/.local/lib/python3.12/site-packages/airflow/example_dags/example_python_operator.py for tasks to queue
[2024-07-31T12:20:00.378+0000] {logging_mixin.py:188} INFO - [2024-07-31T12:20:00.378+0000] {dagbag.py:545} INFO - Filling up the DagBag from /home/airflow/.local/lib/python3.12/site-packages/airflow/example_dags/example_python_operator.py
[2024-07-31T12:20:00.388+0000] {processor.py:840} INFO - DAG(s) 'example_python_operator' retrieved from /home/airflow/.local/lib/python3.12/site-packages/airflow/example_dags/example_python_operator.py
[2024-07-31T12:20:00.409+0000] {logging_mixin.py:188} INFO - [2024-07-31T12:20:00.409+0000] {dag.py:3089} INFO - Sync 1 DAGs
[2024-07-31T12:20:00.422+0000] {logging_mixin.py:188} INFO - [2024-07-31T12:20:00.421+0000] {dag.py:3947} INFO - Setting next_dagrun for example_python_operator to None, run_after=None
[2024-07-31T12:20:00.444+0000] {processor.py:183} INFO - Processing /home/airflow/.local/lib/python3.12/site-packages/airflow/example_dags/example_python_operator.py took 0.074 seconds
[2024-07-31T12:20:30.769+0000] {processor.py:161} INFO - Started process (PID=1406) to work on /home/airflow/.local/lib/python3.12/site-packages/airflow/example_dags/example_python_operator.py
[2024-07-31T12:20:30.770+0000] {processor.py:830} INFO - Processing file /home/airflow/.local/lib/python3.12/site-packages/airflow/example_dags/example_python_operator.py for tasks to queue
[2024-07-31T12:20:30.772+0000] {logging_mixin.py:188} INFO - [2024-07-31T12:20:30.772+0000] {dagbag.py:545} INFO - Filling up the DagBag from /home/airflow/.local/lib/python3.12/site-packages/airflow/example_dags/example_python_operator.py
[2024-07-31T12:20:30.787+0000] {processor.py:840} INFO - DAG(s) 'example_python_operator' retrieved from /home/airflow/.local/lib/python3.12/site-packages/airflow/example_dags/example_python_operator.py
[2024-07-31T12:20:30.822+0000] {logging_mixin.py:188} INFO - [2024-07-31T12:20:30.821+0000] {dag.py:3089} INFO - Sync 1 DAGs
[2024-07-31T12:20:30.836+0000] {logging_mixin.py:188} INFO - [2024-07-31T12:20:30.836+0000] {dag.py:3947} INFO - Setting next_dagrun for example_python_operator to None, run_after=None
[2024-07-31T12:20:30.857+0000] {processor.py:183} INFO - Processing /home/airflow/.local/lib/python3.12/site-packages/airflow/example_dags/example_python_operator.py took 0.098 seconds
[2024-07-31T12:21:01.238+0000] {processor.py:161} INFO - Started process (PID=1464) to work on /home/airflow/.local/lib/python3.12/site-packages/airflow/example_dags/example_python_operator.py
[2024-07-31T12:21:01.239+0000] {processor.py:830} INFO - Processing file /home/airflow/.local/lib/python3.12/site-packages/airflow/example_dags/example_python_operator.py for tasks to queue
[2024-07-31T12:21:01.241+0000] {logging_mixin.py:188} INFO - [2024-07-31T12:21:01.241+0000] {dagbag.py:545} INFO - Filling up the DagBag from /home/airflow/.local/lib/python3.12/site-packages/airflow/example_dags/example_python_operator.py
[2024-07-31T12:21:01.256+0000] {processor.py:840} INFO - DAG(s) 'example_python_operator' retrieved from /home/airflow/.local/lib/python3.12/site-packages/airflow/example_dags/example_python_operator.py
[2024-07-31T12:21:01.282+0000] {logging_mixin.py:188} INFO - [2024-07-31T12:21:01.282+0000] {dag.py:3089} INFO - Sync 1 DAGs
[2024-07-31T12:21:01.298+0000] {logging_mixin.py:188} INFO - [2024-07-31T12:21:01.298+0000] {dag.py:3947} INFO - Setting next_dagrun for example_python_operator to None, run_after=None
[2024-07-31T12:21:01.334+0000] {processor.py:183} INFO - Processing /home/airflow/.local/lib/python3.12/site-packages/airflow/example_dags/example_python_operator.py took 0.104 seconds
[2024-07-31T12:21:31.394+0000] {processor.py:161} INFO - Started process (PID=1522) to work on /home/airflow/.local/lib/python3.12/site-packages/airflow/example_dags/example_python_operator.py
[2024-07-31T12:21:31.395+0000] {processor.py:830} INFO - Processing file /home/airflow/.local/lib/python3.12/site-packages/airflow/example_dags/example_python_operator.py for tasks to queue
[2024-07-31T12:21:31.396+0000] {logging_mixin.py:188} INFO - [2024-07-31T12:21:31.396+0000] {dagbag.py:545} INFO - Filling up the DagBag from /home/airflow/.local/lib/python3.12/site-packages/airflow/example_dags/example_python_operator.py
[2024-07-31T12:21:31.405+0000] {processor.py:840} INFO - DAG(s) 'example_python_operator' retrieved from /home/airflow/.local/lib/python3.12/site-packages/airflow/example_dags/example_python_operator.py
[2024-07-31T12:21:31.438+0000] {logging_mixin.py:188} INFO - [2024-07-31T12:21:31.438+0000] {dag.py:3089} INFO - Sync 1 DAGs
[2024-07-31T12:21:31.458+0000] {logging_mixin.py:188} INFO - [2024-07-31T12:21:31.458+0000] {dag.py:3947} INFO - Setting next_dagrun for example_python_operator to None, run_after=None
[2024-07-31T12:21:31.500+0000] {processor.py:183} INFO - Processing /home/airflow/.local/lib/python3.12/site-packages/airflow/example_dags/example_python_operator.py took 0.112 seconds
[2024-07-31T12:22:01.673+0000] {processor.py:161} INFO - Started process (PID=1580) to work on /home/airflow/.local/lib/python3.12/site-packages/airflow/example_dags/example_python_operator.py
[2024-07-31T12:22:01.674+0000] {processor.py:830} INFO - Processing file /home/airflow/.local/lib/python3.12/site-packages/airflow/example_dags/example_python_operator.py for tasks to queue
[2024-07-31T12:22:01.675+0000] {logging_mixin.py:188} INFO - [2024-07-31T12:22:01.675+0000] {dagbag.py:545} INFO - Filling up the DagBag from /home/airflow/.local/lib/python3.12/site-packages/airflow/example_dags/example_python_operator.py
[2024-07-31T12:22:01.685+0000] {processor.py:840} INFO - DAG(s) 'example_python_operator' retrieved from /home/airflow/.local/lib/python3.12/site-packages/airflow/example_dags/example_python_operator.py
[2024-07-31T12:22:01.706+0000] {logging_mixin.py:188} INFO - [2024-07-31T12:22:01.706+0000] {dag.py:3089} INFO - Sync 1 DAGs
[2024-07-31T12:22:01.719+0000] {logging_mixin.py:188} INFO - [2024-07-31T12:22:01.719+0000] {dag.py:3947} INFO - Setting next_dagrun for example_python_operator to None, run_after=None
[2024-07-31T12:22:01.741+0000] {processor.py:183} INFO - Processing /home/airflow/.local/lib/python3.12/site-packages/airflow/example_dags/example_python_operator.py took 0.074 seconds
[2024-07-31T12:22:32.218+0000] {processor.py:161} INFO - Started process (PID=1638) to work on /home/airflow/.local/lib/python3.12/site-packages/airflow/example_dags/example_python_operator.py
[2024-07-31T12:22:32.219+0000] {processor.py:830} INFO - Processing file /home/airflow/.local/lib/python3.12/site-packages/airflow/example_dags/example_python_operator.py for tasks to queue
[2024-07-31T12:22:32.222+0000] {logging_mixin.py:188} INFO - [2024-07-31T12:22:32.221+0000] {dagbag.py:545} INFO - Filling up the DagBag from /home/airflow/.local/lib/python3.12/site-packages/airflow/example_dags/example_python_operator.py
[2024-07-31T12:22:32.248+0000] {processor.py:840} INFO - DAG(s) 'example_python_operator' retrieved from /home/airflow/.local/lib/python3.12/site-packages/airflow/example_dags/example_python_operator.py
[2024-07-31T12:22:32.287+0000] {logging_mixin.py:188} INFO - [2024-07-31T12:22:32.287+0000] {dag.py:3089} INFO - Sync 1 DAGs
[2024-07-31T12:22:32.301+0000] {logging_mixin.py:188} INFO - [2024-07-31T12:22:32.301+0000] {dag.py:3947} INFO - Setting next_dagrun for example_python_operator to None, run_after=None
[2024-07-31T12:22:32.324+0000] {processor.py:183} INFO - Processing /home/airflow/.local/lib/python3.12/site-packages/airflow/example_dags/example_python_operator.py took 0.113 seconds
[2024-07-31T12:23:02.468+0000] {processor.py:161} INFO - Started process (PID=1695) to work on /home/airflow/.local/lib/python3.12/site-packages/airflow/example_dags/example_python_operator.py
[2024-07-31T12:23:02.470+0000] {processor.py:830} INFO - Processing file /home/airflow/.local/lib/python3.12/site-packages/airflow/example_dags/example_python_operator.py for tasks to queue
[2024-07-31T12:23:02.472+0000] {logging_mixin.py:188} INFO - [2024-07-31T12:23:02.471+0000] {dagbag.py:545} INFO - Filling up the DagBag from /home/airflow/.local/lib/python3.12/site-packages/airflow/example_dags/example_python_operator.py
[2024-07-31T12:23:02.484+0000] {processor.py:840} INFO - DAG(s) 'example_python_operator' retrieved from /home/airflow/.local/lib/python3.12/site-packages/airflow/example_dags/example_python_operator.py
[2024-07-31T12:23:02.511+0000] {logging_mixin.py:188} INFO - [2024-07-31T12:23:02.510+0000] {dag.py:3089} INFO - Sync 1 DAGs
[2024-07-31T12:23:02.526+0000] {logging_mixin.py:188} INFO - [2024-07-31T12:23:02.525+0000] {dag.py:3947} INFO - Setting next_dagrun for example_python_operator to None, run_after=None
[2024-07-31T12:23:02.553+0000] {processor.py:183} INFO - Processing /home/airflow/.local/lib/python3.12/site-packages/airflow/example_dags/example_python_operator.py took 0.093 seconds
[2024-07-31T12:23:32.613+0000] {processor.py:161} INFO - Started process (PID=1752) to work on /home/airflow/.local/lib/python3.12/site-packages/airflow/example_dags/example_python_operator.py
[2024-07-31T12:23:32.614+0000] {processor.py:830} INFO - Processing file /home/airflow/.local/lib/python3.12/site-packages/airflow/example_dags/example_python_operator.py for tasks to queue
[2024-07-31T12:23:32.619+0000] {logging_mixin.py:188} INFO - [2024-07-31T12:23:32.618+0000] {dagbag.py:545} INFO - Filling up the DagBag from /home/airflow/.local/lib/python3.12/site-packages/airflow/example_dags/example_python_operator.py
[2024-07-31T12:23:32.642+0000] {processor.py:840} INFO - DAG(s) 'example_python_operator' retrieved from /home/airflow/.local/lib/python3.12/site-packages/airflow/example_dags/example_python_operator.py
[2024-07-31T12:23:32.689+0000] {logging_mixin.py:188} INFO - [2024-07-31T12:23:32.689+0000] {dag.py:3089} INFO - Sync 1 DAGs
[2024-07-31T12:23:32.705+0000] {logging_mixin.py:188} INFO - [2024-07-31T12:23:32.705+0000] {dag.py:3947} INFO - Setting next_dagrun for example_python_operator to None, run_after=None
[2024-07-31T12:23:32.748+0000] {processor.py:183} INFO - Processing /home/airflow/.local/lib/python3.12/site-packages/airflow/example_dags/example_python_operator.py took 0.142 seconds
[2024-07-31T12:24:03.285+0000] {processor.py:161} INFO - Started process (PID=1811) to work on /home/airflow/.local/lib/python3.12/site-packages/airflow/example_dags/example_python_operator.py
[2024-07-31T12:24:03.286+0000] {processor.py:830} INFO - Processing file /home/airflow/.local/lib/python3.12/site-packages/airflow/example_dags/example_python_operator.py for tasks to queue
[2024-07-31T12:24:03.289+0000] {logging_mixin.py:188} INFO - [2024-07-31T12:24:03.288+0000] {dagbag.py:545} INFO - Filling up the DagBag from /home/airflow/.local/lib/python3.12/site-packages/airflow/example_dags/example_python_operator.py
[2024-07-31T12:24:03.304+0000] {processor.py:840} INFO - DAG(s) 'example_python_operator' retrieved from /home/airflow/.local/lib/python3.12/site-packages/airflow/example_dags/example_python_operator.py
[2024-07-31T12:24:03.340+0000] {logging_mixin.py:188} INFO - [2024-07-31T12:24:03.340+0000] {dag.py:3089} INFO - Sync 1 DAGs
[2024-07-31T12:24:03.358+0000] {logging_mixin.py:188} INFO - [2024-07-31T12:24:03.358+0000] {dag.py:3947} INFO - Setting next_dagrun for example_python_operator to None, run_after=None
[2024-07-31T12:24:03.390+0000] {processor.py:183} INFO - Processing /home/airflow/.local/lib/python3.12/site-packages/airflow/example_dags/example_python_operator.py took 0.113 seconds
[2024-07-31T12:24:33.547+0000] {processor.py:161} INFO - Started process (PID=1869) to work on /home/airflow/.local/lib/python3.12/site-packages/airflow/example_dags/example_python_operator.py
[2024-07-31T12:24:33.548+0000] {processor.py:830} INFO - Processing file /home/airflow/.local/lib/python3.12/site-packages/airflow/example_dags/example_python_operator.py for tasks to queue
[2024-07-31T12:24:33.550+0000] {logging_mixin.py:188} INFO - [2024-07-31T12:24:33.550+0000] {dagbag.py:545} INFO - Filling up the DagBag from /home/airflow/.local/lib/python3.12/site-packages/airflow/example_dags/example_python_operator.py
[2024-07-31T12:24:33.566+0000] {processor.py:840} INFO - DAG(s) 'example_python_operator' retrieved from /home/airflow/.local/lib/python3.12/site-packages/airflow/example_dags/example_python_operator.py
[2024-07-31T12:24:33.596+0000] {logging_mixin.py:188} INFO - [2024-07-31T12:24:33.596+0000] {dag.py:3089} INFO - Sync 1 DAGs
[2024-07-31T12:24:33.610+0000] {logging_mixin.py:188} INFO - [2024-07-31T12:24:33.609+0000] {dag.py:3947} INFO - Setting next_dagrun for example_python_operator to None, run_after=None
[2024-07-31T12:24:33.643+0000] {processor.py:183} INFO - Processing /home/airflow/.local/lib/python3.12/site-packages/airflow/example_dags/example_python_operator.py took 0.105 seconds
[2024-07-31T12:25:04.989+0000] {processor.py:161} INFO - Started process (PID=1927) to work on /home/airflow/.local/lib/python3.12/site-packages/airflow/example_dags/example_python_operator.py
[2024-07-31T12:25:04.990+0000] {processor.py:830} INFO - Processing file /home/airflow/.local/lib/python3.12/site-packages/airflow/example_dags/example_python_operator.py for tasks to queue
[2024-07-31T12:25:04.993+0000] {logging_mixin.py:188} INFO - [2024-07-31T12:25:04.993+0000] {dagbag.py:545} INFO - Filling up the DagBag from /home/airflow/.local/lib/python3.12/site-packages/airflow/example_dags/example_python_operator.py
[2024-07-31T12:25:05.018+0000] {processor.py:840} INFO - DAG(s) 'example_python_operator' retrieved from /home/airflow/.local/lib/python3.12/site-packages/airflow/example_dags/example_python_operator.py
[2024-07-31T12:25:05.365+0000] {logging_mixin.py:188} INFO - [2024-07-31T12:25:05.365+0000] {dag.py:3089} INFO - Sync 1 DAGs
[2024-07-31T12:25:05.384+0000] {logging_mixin.py:188} INFO - [2024-07-31T12:25:05.384+0000] {dag.py:3947} INFO - Setting next_dagrun for example_python_operator to None, run_after=None
[2024-07-31T12:25:05.432+0000] {processor.py:183} INFO - Processing /home/airflow/.local/lib/python3.12/site-packages/airflow/example_dags/example_python_operator.py took 0.451 seconds
[2024-07-31T12:25:35.958+0000] {processor.py:161} INFO - Started process (PID=1985) to work on /home/airflow/.local/lib/python3.12/site-packages/airflow/example_dags/example_python_operator.py
[2024-07-31T12:25:35.959+0000] {processor.py:830} INFO - Processing file /home/airflow/.local/lib/python3.12/site-packages/airflow/example_dags/example_python_operator.py for tasks to queue
[2024-07-31T12:25:35.960+0000] {logging_mixin.py:188} INFO - [2024-07-31T12:25:35.960+0000] {dagbag.py:545} INFO - Filling up the DagBag from /home/airflow/.local/lib/python3.12/site-packages/airflow/example_dags/example_python_operator.py
[2024-07-31T12:25:35.970+0000] {processor.py:840} INFO - DAG(s) 'example_python_operator' retrieved from /home/airflow/.local/lib/python3.12/site-packages/airflow/example_dags/example_python_operator.py
[2024-07-31T12:25:35.998+0000] {logging_mixin.py:188} INFO - [2024-07-31T12:25:35.997+0000] {dag.py:3089} INFO - Sync 1 DAGs
[2024-07-31T12:25:36.016+0000] {logging_mixin.py:188} INFO - [2024-07-31T12:25:36.015+0000] {dag.py:3947} INFO - Setting next_dagrun for example_python_operator to None, run_after=None
[2024-07-31T12:25:36.041+0000] {processor.py:183} INFO - Processing /home/airflow/.local/lib/python3.12/site-packages/airflow/example_dags/example_python_operator.py took 0.088 seconds
[2024-07-31T12:26:06.637+0000] {processor.py:161} INFO - Started process (PID=2043) to work on /home/airflow/.local/lib/python3.12/site-packages/airflow/example_dags/example_python_operator.py
[2024-07-31T12:26:06.638+0000] {processor.py:830} INFO - Processing file /home/airflow/.local/lib/python3.12/site-packages/airflow/example_dags/example_python_operator.py for tasks to queue
[2024-07-31T12:26:06.640+0000] {logging_mixin.py:188} INFO - [2024-07-31T12:26:06.639+0000] {dagbag.py:545} INFO - Filling up the DagBag from /home/airflow/.local/lib/python3.12/site-packages/airflow/example_dags/example_python_operator.py
[2024-07-31T12:26:06.652+0000] {processor.py:840} INFO - DAG(s) 'example_python_operator' retrieved from /home/airflow/.local/lib/python3.12/site-packages/airflow/example_dags/example_python_operator.py
[2024-07-31T12:26:06.676+0000] {logging_mixin.py:188} INFO - [2024-07-31T12:26:06.676+0000] {dag.py:3089} INFO - Sync 1 DAGs
[2024-07-31T12:26:06.689+0000] {logging_mixin.py:188} INFO - [2024-07-31T12:26:06.689+0000] {dag.py:3947} INFO - Setting next_dagrun for example_python_operator to None, run_after=None
[2024-07-31T12:26:06.716+0000] {processor.py:183} INFO - Processing /home/airflow/.local/lib/python3.12/site-packages/airflow/example_dags/example_python_operator.py took 0.085 seconds
[2024-07-31T12:26:37.436+0000] {processor.py:161} INFO - Started process (PID=2100) to work on /home/airflow/.local/lib/python3.12/site-packages/airflow/example_dags/example_python_operator.py
[2024-07-31T12:26:37.437+0000] {processor.py:830} INFO - Processing file /home/airflow/.local/lib/python3.12/site-packages/airflow/example_dags/example_python_operator.py for tasks to queue
[2024-07-31T12:26:37.438+0000] {logging_mixin.py:188} INFO - [2024-07-31T12:26:37.438+0000] {dagbag.py:545} INFO - Filling up the DagBag from /home/airflow/.local/lib/python3.12/site-packages/airflow/example_dags/example_python_operator.py
[2024-07-31T12:26:37.449+0000] {processor.py:840} INFO - DAG(s) 'example_python_operator' retrieved from /home/airflow/.local/lib/python3.12/site-packages/airflow/example_dags/example_python_operator.py
[2024-07-31T12:26:37.470+0000] {logging_mixin.py:188} INFO - [2024-07-31T12:26:37.470+0000] {dag.py:3089} INFO - Sync 1 DAGs
[2024-07-31T12:26:37.482+0000] {logging_mixin.py:188} INFO - [2024-07-31T12:26:37.481+0000] {dag.py:3947} INFO - Setting next_dagrun for example_python_operator to None, run_after=None
[2024-07-31T12:26:37.504+0000] {processor.py:183} INFO - Processing /home/airflow/.local/lib/python3.12/site-packages/airflow/example_dags/example_python_operator.py took 0.073 seconds
[2024-07-31T12:27:07.922+0000] {processor.py:161} INFO - Started process (PID=2158) to work on /home/airflow/.local/lib/python3.12/site-packages/airflow/example_dags/example_python_operator.py
[2024-07-31T12:27:07.923+0000] {processor.py:830} INFO - Processing file /home/airflow/.local/lib/python3.12/site-packages/airflow/example_dags/example_python_operator.py for tasks to queue
[2024-07-31T12:27:07.925+0000] {logging_mixin.py:188} INFO - [2024-07-31T12:27:07.925+0000] {dagbag.py:545} INFO - Filling up the DagBag from /home/airflow/.local/lib/python3.12/site-packages/airflow/example_dags/example_python_operator.py
[2024-07-31T12:27:07.939+0000] {processor.py:840} INFO - DAG(s) 'example_python_operator' retrieved from /home/airflow/.local/lib/python3.12/site-packages/airflow/example_dags/example_python_operator.py
[2024-07-31T12:27:07.980+0000] {logging_mixin.py:188} INFO - [2024-07-31T12:27:07.980+0000] {dag.py:3089} INFO - Sync 1 DAGs
[2024-07-31T12:27:07.996+0000] {logging_mixin.py:188} INFO - [2024-07-31T12:27:07.996+0000] {dag.py:3947} INFO - Setting next_dagrun for example_python_operator to None, run_after=None
[2024-07-31T12:27:08.023+0000] {processor.py:183} INFO - Processing /home/airflow/.local/lib/python3.12/site-packages/airflow/example_dags/example_python_operator.py took 0.108 seconds
[2024-07-31T12:27:38.366+0000] {processor.py:161} INFO - Started process (PID=2216) to work on /home/airflow/.local/lib/python3.12/site-packages/airflow/example_dags/example_python_operator.py
[2024-07-31T12:27:38.367+0000] {processor.py:830} INFO - Processing file /home/airflow/.local/lib/python3.12/site-packages/airflow/example_dags/example_python_operator.py for tasks to queue
[2024-07-31T12:27:38.368+0000] {logging_mixin.py:188} INFO - [2024-07-31T12:27:38.368+0000] {dagbag.py:545} INFO - Filling up the DagBag from /home/airflow/.local/lib/python3.12/site-packages/airflow/example_dags/example_python_operator.py
[2024-07-31T12:27:38.378+0000] {processor.py:840} INFO - DAG(s) 'example_python_operator' retrieved from /home/airflow/.local/lib/python3.12/site-packages/airflow/example_dags/example_python_operator.py
[2024-07-31T12:27:38.404+0000] {logging_mixin.py:188} INFO - [2024-07-31T12:27:38.404+0000] {dag.py:3089} INFO - Sync 1 DAGs
[2024-07-31T12:27:38.419+0000] {logging_mixin.py:188} INFO - [2024-07-31T12:27:38.418+0000] {dag.py:3947} INFO - Setting next_dagrun for example_python_operator to None, run_after=None
[2024-07-31T12:27:38.446+0000] {processor.py:183} INFO - Processing /home/airflow/.local/lib/python3.12/site-packages/airflow/example_dags/example_python_operator.py took 0.085 seconds
[2024-07-31T12:28:09.194+0000] {processor.py:161} INFO - Started process (PID=2274) to work on /home/airflow/.local/lib/python3.12/site-packages/airflow/example_dags/example_python_operator.py
[2024-07-31T12:28:09.195+0000] {processor.py:830} INFO - Processing file /home/airflow/.local/lib/python3.12/site-packages/airflow/example_dags/example_python_operator.py for tasks to queue
[2024-07-31T12:28:09.198+0000] {logging_mixin.py:188} INFO - [2024-07-31T12:28:09.197+0000] {dagbag.py:545} INFO - Filling up the DagBag from /home/airflow/.local/lib/python3.12/site-packages/airflow/example_dags/example_python_operator.py
[2024-07-31T12:28:09.214+0000] {processor.py:840} INFO - DAG(s) 'example_python_operator' retrieved from /home/airflow/.local/lib/python3.12/site-packages/airflow/example_dags/example_python_operator.py
[2024-07-31T12:28:09.245+0000] {logging_mixin.py:188} INFO - [2024-07-31T12:28:09.245+0000] {dag.py:3089} INFO - Sync 1 DAGs
[2024-07-31T12:28:09.260+0000] {logging_mixin.py:188} INFO - [2024-07-31T12:28:09.260+0000] {dag.py:3947} INFO - Setting next_dagrun for example_python_operator to None, run_after=None
[2024-07-31T12:28:09.291+0000] {processor.py:183} INFO - Processing /home/airflow/.local/lib/python3.12/site-packages/airflow/example_dags/example_python_operator.py took 0.105 seconds
[2024-07-31T12:28:39.525+0000] {processor.py:161} INFO - Started process (PID=2332) to work on /home/airflow/.local/lib/python3.12/site-packages/airflow/example_dags/example_python_operator.py
[2024-07-31T12:28:39.527+0000] {processor.py:830} INFO - Processing file /home/airflow/.local/lib/python3.12/site-packages/airflow/example_dags/example_python_operator.py for tasks to queue
[2024-07-31T12:28:39.529+0000] {logging_mixin.py:188} INFO - [2024-07-31T12:28:39.529+0000] {dagbag.py:545} INFO - Filling up the DagBag from /home/airflow/.local/lib/python3.12/site-packages/airflow/example_dags/example_python_operator.py
[2024-07-31T12:28:39.541+0000] {processor.py:840} INFO - DAG(s) 'example_python_operator' retrieved from /home/airflow/.local/lib/python3.12/site-packages/airflow/example_dags/example_python_operator.py
[2024-07-31T12:28:39.575+0000] {logging_mixin.py:188} INFO - [2024-07-31T12:28:39.575+0000] {dag.py:3089} INFO - Sync 1 DAGs
[2024-07-31T12:28:39.593+0000] {logging_mixin.py:188} INFO - [2024-07-31T12:28:39.593+0000] {dag.py:3947} INFO - Setting next_dagrun for example_python_operator to None, run_after=None
[2024-07-31T12:28:39.622+0000] {processor.py:183} INFO - Processing /home/airflow/.local/lib/python3.12/site-packages/airflow/example_dags/example_python_operator.py took 0.108 seconds
[2024-07-31T12:29:10.007+0000] {processor.py:161} INFO - Started process (PID=2390) to work on /home/airflow/.local/lib/python3.12/site-packages/airflow/example_dags/example_python_operator.py
[2024-07-31T12:29:10.008+0000] {processor.py:830} INFO - Processing file /home/airflow/.local/lib/python3.12/site-packages/airflow/example_dags/example_python_operator.py for tasks to queue
[2024-07-31T12:29:10.012+0000] {logging_mixin.py:188} INFO - [2024-07-31T12:29:10.011+0000] {dagbag.py:545} INFO - Filling up the DagBag from /home/airflow/.local/lib/python3.12/site-packages/airflow/example_dags/example_python_operator.py
[2024-07-31T12:29:10.030+0000] {processor.py:840} INFO - DAG(s) 'example_python_operator' retrieved from /home/airflow/.local/lib/python3.12/site-packages/airflow/example_dags/example_python_operator.py
[2024-07-31T12:29:10.075+0000] {logging_mixin.py:188} INFO - [2024-07-31T12:29:10.075+0000] {dag.py:3089} INFO - Sync 1 DAGs
[2024-07-31T12:29:10.096+0000] {logging_mixin.py:188} INFO - [2024-07-31T12:29:10.096+0000] {dag.py:3947} INFO - Setting next_dagrun for example_python_operator to None, run_after=None
[2024-07-31T12:29:10.153+0000] {processor.py:183} INFO - Processing /home/airflow/.local/lib/python3.12/site-packages/airflow/example_dags/example_python_operator.py took 0.156 seconds
[2024-07-31T12:29:40.833+0000] {processor.py:161} INFO - Started process (PID=2445) to work on /home/airflow/.local/lib/python3.12/site-packages/airflow/example_dags/example_python_operator.py
[2024-07-31T12:29:40.835+0000] {processor.py:830} INFO - Processing file /home/airflow/.local/lib/python3.12/site-packages/airflow/example_dags/example_python_operator.py for tasks to queue
[2024-07-31T12:29:40.838+0000] {logging_mixin.py:188} INFO - [2024-07-31T12:29:40.838+0000] {dagbag.py:545} INFO - Filling up the DagBag from /home/airflow/.local/lib/python3.12/site-packages/airflow/example_dags/example_python_operator.py
[2024-07-31T12:29:40.851+0000] {processor.py:840} INFO - DAG(s) 'example_python_operator' retrieved from /home/airflow/.local/lib/python3.12/site-packages/airflow/example_dags/example_python_operator.py
[2024-07-31T12:29:40.886+0000] {logging_mixin.py:188} INFO - [2024-07-31T12:29:40.885+0000] {dag.py:3089} INFO - Sync 1 DAGs
[2024-07-31T12:29:40.905+0000] {logging_mixin.py:188} INFO - [2024-07-31T12:29:40.904+0000] {dag.py:3947} INFO - Setting next_dagrun for example_python_operator to None, run_after=None
[2024-07-31T12:29:40.935+0000] {processor.py:183} INFO - Processing /home/airflow/.local/lib/python3.12/site-packages/airflow/example_dags/example_python_operator.py took 0.109 seconds
[2024-07-31T12:30:11.504+0000] {processor.py:161} INFO - Started process (PID=2503) to work on /home/airflow/.local/lib/python3.12/site-packages/airflow/example_dags/example_python_operator.py
[2024-07-31T12:30:11.505+0000] {processor.py:830} INFO - Processing file /home/airflow/.local/lib/python3.12/site-packages/airflow/example_dags/example_python_operator.py for tasks to queue
[2024-07-31T12:30:11.507+0000] {logging_mixin.py:188} INFO - [2024-07-31T12:30:11.506+0000] {dagbag.py:545} INFO - Filling up the DagBag from /home/airflow/.local/lib/python3.12/site-packages/airflow/example_dags/example_python_operator.py
[2024-07-31T12:30:11.520+0000] {processor.py:840} INFO - DAG(s) 'example_python_operator' retrieved from /home/airflow/.local/lib/python3.12/site-packages/airflow/example_dags/example_python_operator.py
[2024-07-31T12:30:11.552+0000] {logging_mixin.py:188} INFO - [2024-07-31T12:30:11.551+0000] {dag.py:3089} INFO - Sync 1 DAGs
[2024-07-31T12:30:11.583+0000] {logging_mixin.py:188} INFO - [2024-07-31T12:30:11.583+0000] {dag.py:3947} INFO - Setting next_dagrun for example_python_operator to None, run_after=None
[2024-07-31T12:30:11.647+0000] {processor.py:183} INFO - Processing /home/airflow/.local/lib/python3.12/site-packages/airflow/example_dags/example_python_operator.py took 0.151 seconds
[2024-07-31T12:30:42.257+0000] {processor.py:161} INFO - Started process (PID=2561) to work on /home/airflow/.local/lib/python3.12/site-packages/airflow/example_dags/example_python_operator.py
[2024-07-31T12:30:42.258+0000] {processor.py:830} INFO - Processing file /home/airflow/.local/lib/python3.12/site-packages/airflow/example_dags/example_python_operator.py for tasks to queue
[2024-07-31T12:30:42.260+0000] {logging_mixin.py:188} INFO - [2024-07-31T12:30:42.260+0000] {dagbag.py:545} INFO - Filling up the DagBag from /home/airflow/.local/lib/python3.12/site-packages/airflow/example_dags/example_python_operator.py
[2024-07-31T12:30:42.272+0000] {processor.py:840} INFO - DAG(s) 'example_python_operator' retrieved from /home/airflow/.local/lib/python3.12/site-packages/airflow/example_dags/example_python_operator.py
[2024-07-31T12:30:42.297+0000] {logging_mixin.py:188} INFO - [2024-07-31T12:30:42.296+0000] {dag.py:3089} INFO - Sync 1 DAGs
[2024-07-31T12:30:42.312+0000] {logging_mixin.py:188} INFO - [2024-07-31T12:30:42.312+0000] {dag.py:3947} INFO - Setting next_dagrun for example_python_operator to None, run_after=None
[2024-07-31T12:30:42.341+0000] {processor.py:183} INFO - Processing /home/airflow/.local/lib/python3.12/site-packages/airflow/example_dags/example_python_operator.py took 0.092 seconds
[2024-07-31T12:31:12.926+0000] {processor.py:161} INFO - Started process (PID=2618) to work on /home/airflow/.local/lib/python3.12/site-packages/airflow/example_dags/example_python_operator.py
[2024-07-31T12:31:12.928+0000] {processor.py:830} INFO - Processing file /home/airflow/.local/lib/python3.12/site-packages/airflow/example_dags/example_python_operator.py for tasks to queue
[2024-07-31T12:31:12.930+0000] {logging_mixin.py:188} INFO - [2024-07-31T12:31:12.930+0000] {dagbag.py:545} INFO - Filling up the DagBag from /home/airflow/.local/lib/python3.12/site-packages/airflow/example_dags/example_python_operator.py
[2024-07-31T12:31:12.950+0000] {processor.py:840} INFO - DAG(s) 'example_python_operator' retrieved from /home/airflow/.local/lib/python3.12/site-packages/airflow/example_dags/example_python_operator.py
[2024-07-31T12:31:12.991+0000] {logging_mixin.py:188} INFO - [2024-07-31T12:31:12.991+0000] {dag.py:3089} INFO - Sync 1 DAGs
[2024-07-31T12:31:13.009+0000] {logging_mixin.py:188} INFO - [2024-07-31T12:31:13.008+0000] {dag.py:3947} INFO - Setting next_dagrun for example_python_operator to None, run_after=None
[2024-07-31T12:31:13.051+0000] {processor.py:183} INFO - Processing /home/airflow/.local/lib/python3.12/site-packages/airflow/example_dags/example_python_operator.py took 0.135 seconds
[2024-07-31T12:31:43.610+0000] {processor.py:161} INFO - Started process (PID=2676) to work on /home/airflow/.local/lib/python3.12/site-packages/airflow/example_dags/example_python_operator.py
[2024-07-31T12:31:43.611+0000] {processor.py:830} INFO - Processing file /home/airflow/.local/lib/python3.12/site-packages/airflow/example_dags/example_python_operator.py for tasks to queue
[2024-07-31T12:31:43.614+0000] {logging_mixin.py:188} INFO - [2024-07-31T12:31:43.613+0000] {dagbag.py:545} INFO - Filling up the DagBag from /home/airflow/.local/lib/python3.12/site-packages/airflow/example_dags/example_python_operator.py
[2024-07-31T12:31:43.633+0000] {processor.py:840} INFO - DAG(s) 'example_python_operator' retrieved from /home/airflow/.local/lib/python3.12/site-packages/airflow/example_dags/example_python_operator.py
[2024-07-31T12:31:43.676+0000] {logging_mixin.py:188} INFO - [2024-07-31T12:31:43.676+0000] {dag.py:3089} INFO - Sync 1 DAGs
[2024-07-31T12:31:43.696+0000] {logging_mixin.py:188} INFO - [2024-07-31T12:31:43.695+0000] {dag.py:3947} INFO - Setting next_dagrun for example_python_operator to None, run_after=None
[2024-07-31T12:31:43.734+0000] {processor.py:183} INFO - Processing /home/airflow/.local/lib/python3.12/site-packages/airflow/example_dags/example_python_operator.py took 0.135 seconds
[2024-07-31T12:32:14.139+0000] {processor.py:161} INFO - Started process (PID=2734) to work on /home/airflow/.local/lib/python3.12/site-packages/airflow/example_dags/example_python_operator.py
[2024-07-31T12:32:14.139+0000] {processor.py:830} INFO - Processing file /home/airflow/.local/lib/python3.12/site-packages/airflow/example_dags/example_python_operator.py for tasks to queue
[2024-07-31T12:32:14.142+0000] {logging_mixin.py:188} INFO - [2024-07-31T12:32:14.141+0000] {dagbag.py:545} INFO - Filling up the DagBag from /home/airflow/.local/lib/python3.12/site-packages/airflow/example_dags/example_python_operator.py
[2024-07-31T12:32:14.154+0000] {processor.py:840} INFO - DAG(s) 'example_python_operator' retrieved from /home/airflow/.local/lib/python3.12/site-packages/airflow/example_dags/example_python_operator.py
[2024-07-31T12:32:14.182+0000] {logging_mixin.py:188} INFO - [2024-07-31T12:32:14.182+0000] {dag.py:3089} INFO - Sync 1 DAGs
[2024-07-31T12:32:14.202+0000] {logging_mixin.py:188} INFO - [2024-07-31T12:32:14.201+0000] {dag.py:3947} INFO - Setting next_dagrun for example_python_operator to None, run_after=None
[2024-07-31T12:32:14.229+0000] {processor.py:183} INFO - Processing /home/airflow/.local/lib/python3.12/site-packages/airflow/example_dags/example_python_operator.py took 0.099 seconds
[2024-07-31T12:32:44.367+0000] {processor.py:161} INFO - Started process (PID=2792) to work on /home/airflow/.local/lib/python3.12/site-packages/airflow/example_dags/example_python_operator.py
[2024-07-31T12:32:44.368+0000] {processor.py:830} INFO - Processing file /home/airflow/.local/lib/python3.12/site-packages/airflow/example_dags/example_python_operator.py for tasks to queue
[2024-07-31T12:32:44.369+0000] {logging_mixin.py:188} INFO - [2024-07-31T12:32:44.369+0000] {dagbag.py:545} INFO - Filling up the DagBag from /home/airflow/.local/lib/python3.12/site-packages/airflow/example_dags/example_python_operator.py
[2024-07-31T12:32:44.381+0000] {processor.py:840} INFO - DAG(s) 'example_python_operator' retrieved from /home/airflow/.local/lib/python3.12/site-packages/airflow/example_dags/example_python_operator.py
[2024-07-31T12:32:44.408+0000] {logging_mixin.py:188} INFO - [2024-07-31T12:32:44.407+0000] {dag.py:3089} INFO - Sync 1 DAGs
[2024-07-31T12:32:44.424+0000] {logging_mixin.py:188} INFO - [2024-07-31T12:32:44.424+0000] {dag.py:3947} INFO - Setting next_dagrun for example_python_operator to None, run_after=None
[2024-07-31T12:32:44.449+0000] {processor.py:183} INFO - Processing /home/airflow/.local/lib/python3.12/site-packages/airflow/example_dags/example_python_operator.py took 0.088 seconds
[2024-07-31T12:33:14.652+0000] {processor.py:161} INFO - Started process (PID=2850) to work on /home/airflow/.local/lib/python3.12/site-packages/airflow/example_dags/example_python_operator.py
[2024-07-31T12:33:14.653+0000] {processor.py:830} INFO - Processing file /home/airflow/.local/lib/python3.12/site-packages/airflow/example_dags/example_python_operator.py for tasks to queue
[2024-07-31T12:33:14.655+0000] {logging_mixin.py:188} INFO - [2024-07-31T12:33:14.655+0000] {dagbag.py:545} INFO - Filling up the DagBag from /home/airflow/.local/lib/python3.12/site-packages/airflow/example_dags/example_python_operator.py
[2024-07-31T12:33:14.668+0000] {processor.py:840} INFO - DAG(s) 'example_python_operator' retrieved from /home/airflow/.local/lib/python3.12/site-packages/airflow/example_dags/example_python_operator.py
[2024-07-31T12:33:14.694+0000] {logging_mixin.py:188} INFO - [2024-07-31T12:33:14.694+0000] {dag.py:3089} INFO - Sync 1 DAGs
[2024-07-31T12:33:14.708+0000] {logging_mixin.py:188} INFO - [2024-07-31T12:33:14.708+0000] {dag.py:3947} INFO - Setting next_dagrun for example_python_operator to None, run_after=None
[2024-07-31T12:33:14.747+0000] {processor.py:183} INFO - Processing /home/airflow/.local/lib/python3.12/site-packages/airflow/example_dags/example_python_operator.py took 0.101 seconds
[2024-07-31T12:33:45.636+0000] {processor.py:161} INFO - Started process (PID=2908) to work on /home/airflow/.local/lib/python3.12/site-packages/airflow/example_dags/example_python_operator.py
[2024-07-31T12:33:45.637+0000] {processor.py:830} INFO - Processing file /home/airflow/.local/lib/python3.12/site-packages/airflow/example_dags/example_python_operator.py for tasks to queue
[2024-07-31T12:33:45.640+0000] {logging_mixin.py:188} INFO - [2024-07-31T12:33:45.639+0000] {dagbag.py:545} INFO - Filling up the DagBag from /home/airflow/.local/lib/python3.12/site-packages/airflow/example_dags/example_python_operator.py
[2024-07-31T12:33:45.655+0000] {processor.py:840} INFO - DAG(s) 'example_python_operator' retrieved from /home/airflow/.local/lib/python3.12/site-packages/airflow/example_dags/example_python_operator.py
[2024-07-31T12:33:45.688+0000] {logging_mixin.py:188} INFO - [2024-07-31T12:33:45.688+0000] {dag.py:3089} INFO - Sync 1 DAGs
[2024-07-31T12:33:45.707+0000] {logging_mixin.py:188} INFO - [2024-07-31T12:33:45.706+0000] {dag.py:3947} INFO - Setting next_dagrun for example_python_operator to None, run_after=None
[2024-07-31T12:33:45.747+0000] {processor.py:183} INFO - Processing /home/airflow/.local/lib/python3.12/site-packages/airflow/example_dags/example_python_operator.py took 0.119 seconds
[2024-07-31T12:34:16.096+0000] {processor.py:161} INFO - Started process (PID=2966) to work on /home/airflow/.local/lib/python3.12/site-packages/airflow/example_dags/example_python_operator.py
[2024-07-31T12:34:16.097+0000] {processor.py:830} INFO - Processing file /home/airflow/.local/lib/python3.12/site-packages/airflow/example_dags/example_python_operator.py for tasks to queue
[2024-07-31T12:34:16.100+0000] {logging_mixin.py:188} INFO - [2024-07-31T12:34:16.100+0000] {dagbag.py:545} INFO - Filling up the DagBag from /home/airflow/.local/lib/python3.12/site-packages/airflow/example_dags/example_python_operator.py
[2024-07-31T12:34:16.119+0000] {processor.py:840} INFO - DAG(s) 'example_python_operator' retrieved from /home/airflow/.local/lib/python3.12/site-packages/airflow/example_dags/example_python_operator.py
[2024-07-31T12:34:16.160+0000] {logging_mixin.py:188} INFO - [2024-07-31T12:34:16.159+0000] {dag.py:3089} INFO - Sync 1 DAGs
[2024-07-31T12:34:16.210+0000] {logging_mixin.py:188} INFO - [2024-07-31T12:34:16.209+0000] {dag.py:3947} INFO - Setting next_dagrun for example_python_operator to None, run_after=None
[2024-07-31T12:34:16.281+0000] {processor.py:183} INFO - Processing /home/airflow/.local/lib/python3.12/site-packages/airflow/example_dags/example_python_operator.py took 0.197 seconds
[2024-07-31T12:34:46.473+0000] {processor.py:161} INFO - Started process (PID=3023) to work on /home/airflow/.local/lib/python3.12/site-packages/airflow/example_dags/example_python_operator.py
[2024-07-31T12:34:46.477+0000] {processor.py:830} INFO - Processing file /home/airflow/.local/lib/python3.12/site-packages/airflow/example_dags/example_python_operator.py for tasks to queue
[2024-07-31T12:34:46.479+0000] {logging_mixin.py:188} INFO - [2024-07-31T12:34:46.479+0000] {dagbag.py:545} INFO - Filling up the DagBag from /home/airflow/.local/lib/python3.12/site-packages/airflow/example_dags/example_python_operator.py
[2024-07-31T12:34:46.497+0000] {processor.py:840} INFO - DAG(s) 'example_python_operator' retrieved from /home/airflow/.local/lib/python3.12/site-packages/airflow/example_dags/example_python_operator.py
[2024-07-31T12:34:46.535+0000] {logging_mixin.py:188} INFO - [2024-07-31T12:34:46.535+0000] {dag.py:3089} INFO - Sync 1 DAGs
[2024-07-31T12:34:46.555+0000] {logging_mixin.py:188} INFO - [2024-07-31T12:34:46.555+0000] {dag.py:3947} INFO - Setting next_dagrun for example_python_operator to None, run_after=None
[2024-07-31T12:34:46.586+0000] {processor.py:183} INFO - Processing /home/airflow/.local/lib/python3.12/site-packages/airflow/example_dags/example_python_operator.py took 0.123 seconds
[2024-07-31T12:35:16.973+0000] {processor.py:161} INFO - Started process (PID=3080) to work on /home/airflow/.local/lib/python3.12/site-packages/airflow/example_dags/example_python_operator.py
[2024-07-31T12:35:16.974+0000] {processor.py:830} INFO - Processing file /home/airflow/.local/lib/python3.12/site-packages/airflow/example_dags/example_python_operator.py for tasks to queue
[2024-07-31T12:35:16.975+0000] {logging_mixin.py:188} INFO - [2024-07-31T12:35:16.975+0000] {dagbag.py:545} INFO - Filling up the DagBag from /home/airflow/.local/lib/python3.12/site-packages/airflow/example_dags/example_python_operator.py
[2024-07-31T12:35:16.988+0000] {processor.py:840} INFO - DAG(s) 'example_python_operator' retrieved from /home/airflow/.local/lib/python3.12/site-packages/airflow/example_dags/example_python_operator.py
[2024-07-31T12:35:17.010+0000] {logging_mixin.py:188} INFO - [2024-07-31T12:35:17.009+0000] {dag.py:3089} INFO - Sync 1 DAGs
[2024-07-31T12:35:17.027+0000] {logging_mixin.py:188} INFO - [2024-07-31T12:35:17.027+0000] {dag.py:3947} INFO - Setting next_dagrun for example_python_operator to None, run_after=None
[2024-07-31T12:35:17.061+0000] {processor.py:183} INFO - Processing /home/airflow/.local/lib/python3.12/site-packages/airflow/example_dags/example_python_operator.py took 0.094 seconds
[2024-07-31T12:35:47.310+0000] {processor.py:161} INFO - Started process (PID=3137) to work on /home/airflow/.local/lib/python3.12/site-packages/airflow/example_dags/example_python_operator.py
[2024-07-31T12:35:47.311+0000] {processor.py:830} INFO - Processing file /home/airflow/.local/lib/python3.12/site-packages/airflow/example_dags/example_python_operator.py for tasks to queue
[2024-07-31T12:35:47.313+0000] {logging_mixin.py:188} INFO - [2024-07-31T12:35:47.313+0000] {dagbag.py:545} INFO - Filling up the DagBag from /home/airflow/.local/lib/python3.12/site-packages/airflow/example_dags/example_python_operator.py
[2024-07-31T12:35:47.328+0000] {processor.py:840} INFO - DAG(s) 'example_python_operator' retrieved from /home/airflow/.local/lib/python3.12/site-packages/airflow/example_dags/example_python_operator.py
[2024-07-31T12:35:47.364+0000] {logging_mixin.py:188} INFO - [2024-07-31T12:35:47.363+0000] {dag.py:3089} INFO - Sync 1 DAGs
[2024-07-31T12:35:47.378+0000] {logging_mixin.py:188} INFO - [2024-07-31T12:35:47.378+0000] {dag.py:3947} INFO - Setting next_dagrun for example_python_operator to None, run_after=None
[2024-07-31T12:35:47.406+0000] {processor.py:183} INFO - Processing /home/airflow/.local/lib/python3.12/site-packages/airflow/example_dags/example_python_operator.py took 0.104 seconds
[2024-07-31T12:36:17.771+0000] {processor.py:161} INFO - Started process (PID=3194) to work on /home/airflow/.local/lib/python3.12/site-packages/airflow/example_dags/example_python_operator.py
[2024-07-31T12:36:17.771+0000] {processor.py:830} INFO - Processing file /home/airflow/.local/lib/python3.12/site-packages/airflow/example_dags/example_python_operator.py for tasks to queue
[2024-07-31T12:36:17.776+0000] {logging_mixin.py:188} INFO - [2024-07-31T12:36:17.775+0000] {dagbag.py:545} INFO - Filling up the DagBag from /home/airflow/.local/lib/python3.12/site-packages/airflow/example_dags/example_python_operator.py
[2024-07-31T12:36:17.804+0000] {processor.py:840} INFO - DAG(s) 'example_python_operator' retrieved from /home/airflow/.local/lib/python3.12/site-packages/airflow/example_dags/example_python_operator.py
[2024-07-31T12:36:17.842+0000] {logging_mixin.py:188} INFO - [2024-07-31T12:36:17.842+0000] {dag.py:3089} INFO - Sync 1 DAGs
[2024-07-31T12:36:17.858+0000] {logging_mixin.py:188} INFO - [2024-07-31T12:36:17.858+0000] {dag.py:3947} INFO - Setting next_dagrun for example_python_operator to None, run_after=None
[2024-07-31T12:36:17.890+0000] {processor.py:183} INFO - Processing /home/airflow/.local/lib/python3.12/site-packages/airflow/example_dags/example_python_operator.py took 0.131 seconds
[2024-07-31T12:36:48.083+0000] {processor.py:161} INFO - Started process (PID=3251) to work on /home/airflow/.local/lib/python3.12/site-packages/airflow/example_dags/example_python_operator.py
[2024-07-31T12:36:48.085+0000] {processor.py:830} INFO - Processing file /home/airflow/.local/lib/python3.12/site-packages/airflow/example_dags/example_python_operator.py for tasks to queue
[2024-07-31T12:36:48.088+0000] {logging_mixin.py:188} INFO - [2024-07-31T12:36:48.087+0000] {dagbag.py:545} INFO - Filling up the DagBag from /home/airflow/.local/lib/python3.12/site-packages/airflow/example_dags/example_python_operator.py
[2024-07-31T12:36:48.100+0000] {processor.py:840} INFO - DAG(s) 'example_python_operator' retrieved from /home/airflow/.local/lib/python3.12/site-packages/airflow/example_dags/example_python_operator.py
[2024-07-31T12:36:48.126+0000] {logging_mixin.py:188} INFO - [2024-07-31T12:36:48.125+0000] {dag.py:3089} INFO - Sync 1 DAGs
[2024-07-31T12:36:48.143+0000] {logging_mixin.py:188} INFO - [2024-07-31T12:36:48.142+0000] {dag.py:3947} INFO - Setting next_dagrun for example_python_operator to None, run_after=None
[2024-07-31T12:36:48.181+0000] {processor.py:183} INFO - Processing /home/airflow/.local/lib/python3.12/site-packages/airflow/example_dags/example_python_operator.py took 0.111 seconds
[2024-07-31T12:37:18.339+0000] {processor.py:161} INFO - Started process (PID=3309) to work on /home/airflow/.local/lib/python3.12/site-packages/airflow/example_dags/example_python_operator.py
[2024-07-31T12:37:18.340+0000] {processor.py:830} INFO - Processing file /home/airflow/.local/lib/python3.12/site-packages/airflow/example_dags/example_python_operator.py for tasks to queue
[2024-07-31T12:37:18.343+0000] {logging_mixin.py:188} INFO - [2024-07-31T12:37:18.342+0000] {dagbag.py:545} INFO - Filling up the DagBag from /home/airflow/.local/lib/python3.12/site-packages/airflow/example_dags/example_python_operator.py
[2024-07-31T12:37:18.358+0000] {processor.py:840} INFO - DAG(s) 'example_python_operator' retrieved from /home/airflow/.local/lib/python3.12/site-packages/airflow/example_dags/example_python_operator.py
[2024-07-31T12:37:18.397+0000] {logging_mixin.py:188} INFO - [2024-07-31T12:37:18.397+0000] {dag.py:3089} INFO - Sync 1 DAGs
[2024-07-31T12:37:18.413+0000] {logging_mixin.py:188} INFO - [2024-07-31T12:37:18.413+0000] {dag.py:3947} INFO - Setting next_dagrun for example_python_operator to None, run_after=None
[2024-07-31T12:37:18.464+0000] {processor.py:183} INFO - Processing /home/airflow/.local/lib/python3.12/site-packages/airflow/example_dags/example_python_operator.py took 0.137 seconds
[2024-07-31T12:37:49.355+0000] {processor.py:161} INFO - Started process (PID=3366) to work on /home/airflow/.local/lib/python3.12/site-packages/airflow/example_dags/example_python_operator.py
[2024-07-31T12:37:49.356+0000] {processor.py:830} INFO - Processing file /home/airflow/.local/lib/python3.12/site-packages/airflow/example_dags/example_python_operator.py for tasks to queue
[2024-07-31T12:37:49.357+0000] {logging_mixin.py:188} INFO - [2024-07-31T12:37:49.357+0000] {dagbag.py:545} INFO - Filling up the DagBag from /home/airflow/.local/lib/python3.12/site-packages/airflow/example_dags/example_python_operator.py
[2024-07-31T12:37:49.369+0000] {processor.py:840} INFO - DAG(s) 'example_python_operator' retrieved from /home/airflow/.local/lib/python3.12/site-packages/airflow/example_dags/example_python_operator.py
[2024-07-31T12:37:49.393+0000] {logging_mixin.py:188} INFO - [2024-07-31T12:37:49.392+0000] {dag.py:3089} INFO - Sync 1 DAGs
[2024-07-31T12:37:49.411+0000] {logging_mixin.py:188} INFO - [2024-07-31T12:37:49.411+0000] {dag.py:3947} INFO - Setting next_dagrun for example_python_operator to None, run_after=None
[2024-07-31T12:37:49.438+0000] {processor.py:183} INFO - Processing /home/airflow/.local/lib/python3.12/site-packages/airflow/example_dags/example_python_operator.py took 0.089 seconds
[2024-07-31T12:38:19.916+0000] {processor.py:161} INFO - Started process (PID=3424) to work on /home/airflow/.local/lib/python3.12/site-packages/airflow/example_dags/example_python_operator.py
[2024-07-31T12:38:19.918+0000] {processor.py:830} INFO - Processing file /home/airflow/.local/lib/python3.12/site-packages/airflow/example_dags/example_python_operator.py for tasks to queue
[2024-07-31T12:38:19.921+0000] {logging_mixin.py:188} INFO - [2024-07-31T12:38:19.920+0000] {dagbag.py:545} INFO - Filling up the DagBag from /home/airflow/.local/lib/python3.12/site-packages/airflow/example_dags/example_python_operator.py
[2024-07-31T12:38:19.940+0000] {processor.py:840} INFO - DAG(s) 'example_python_operator' retrieved from /home/airflow/.local/lib/python3.12/site-packages/airflow/example_dags/example_python_operator.py
[2024-07-31T12:38:19.971+0000] {logging_mixin.py:188} INFO - [2024-07-31T12:38:19.971+0000] {dag.py:3089} INFO - Sync 1 DAGs
[2024-07-31T12:38:19.991+0000] {logging_mixin.py:188} INFO - [2024-07-31T12:38:19.991+0000] {dag.py:3947} INFO - Setting next_dagrun for example_python_operator to None, run_after=None
[2024-07-31T12:38:20.025+0000] {processor.py:183} INFO - Processing /home/airflow/.local/lib/python3.12/site-packages/airflow/example_dags/example_python_operator.py took 0.122 seconds
[2024-07-31T16:44:25.846+0000] {processor.py:161} INFO - Started process (PID=83) to work on /home/airflow/.local/lib/python3.12/site-packages/airflow/example_dags/example_python_operator.py
[2024-07-31T16:44:25.847+0000] {processor.py:830} INFO - Processing file /home/airflow/.local/lib/python3.12/site-packages/airflow/example_dags/example_python_operator.py for tasks to queue
[2024-07-31T16:44:25.848+0000] {logging_mixin.py:188} INFO - [2024-07-31T16:44:25.848+0000] {dagbag.py:545} INFO - Filling up the DagBag from /home/airflow/.local/lib/python3.12/site-packages/airflow/example_dags/example_python_operator.py
[2024-07-31T16:44:25.868+0000] {processor.py:840} INFO - DAG(s) 'example_python_operator' retrieved from /home/airflow/.local/lib/python3.12/site-packages/airflow/example_dags/example_python_operator.py
[2024-07-31T16:44:26.060+0000] {logging_mixin.py:188} INFO - [2024-07-31T16:44:26.060+0000] {dag.py:3089} INFO - Sync 1 DAGs
[2024-07-31T16:44:26.077+0000] {logging_mixin.py:188} INFO - [2024-07-31T16:44:26.076+0000] {dag.py:3947} INFO - Setting next_dagrun for example_python_operator to None, run_after=None
[2024-07-31T16:44:26.111+0000] {processor.py:183} INFO - Processing /home/airflow/.local/lib/python3.12/site-packages/airflow/example_dags/example_python_operator.py took 0.273 seconds
[2024-07-31T16:44:56.621+0000] {processor.py:161} INFO - Started process (PID=139) to work on /home/airflow/.local/lib/python3.12/site-packages/airflow/example_dags/example_python_operator.py
[2024-07-31T16:44:56.622+0000] {processor.py:830} INFO - Processing file /home/airflow/.local/lib/python3.12/site-packages/airflow/example_dags/example_python_operator.py for tasks to queue
[2024-07-31T16:44:56.623+0000] {logging_mixin.py:188} INFO - [2024-07-31T16:44:56.622+0000] {dagbag.py:545} INFO - Filling up the DagBag from /home/airflow/.local/lib/python3.12/site-packages/airflow/example_dags/example_python_operator.py
[2024-07-31T16:44:56.645+0000] {processor.py:840} INFO - DAG(s) 'example_python_operator' retrieved from /home/airflow/.local/lib/python3.12/site-packages/airflow/example_dags/example_python_operator.py
[2024-07-31T16:44:56.696+0000] {logging_mixin.py:188} INFO - [2024-07-31T16:44:56.695+0000] {dag.py:3089} INFO - Sync 1 DAGs
[2024-07-31T16:44:56.723+0000] {logging_mixin.py:188} INFO - [2024-07-31T16:44:56.722+0000] {dag.py:3947} INFO - Setting next_dagrun for example_python_operator to None, run_after=None
[2024-07-31T16:44:56.768+0000] {processor.py:183} INFO - Processing /home/airflow/.local/lib/python3.12/site-packages/airflow/example_dags/example_python_operator.py took 0.157 seconds
[2024-07-31T16:45:26.887+0000] {processor.py:161} INFO - Started process (PID=197) to work on /home/airflow/.local/lib/python3.12/site-packages/airflow/example_dags/example_python_operator.py
[2024-07-31T16:45:26.888+0000] {processor.py:830} INFO - Processing file /home/airflow/.local/lib/python3.12/site-packages/airflow/example_dags/example_python_operator.py for tasks to queue
[2024-07-31T16:45:26.889+0000] {logging_mixin.py:188} INFO - [2024-07-31T16:45:26.889+0000] {dagbag.py:545} INFO - Filling up the DagBag from /home/airflow/.local/lib/python3.12/site-packages/airflow/example_dags/example_python_operator.py
[2024-07-31T16:45:26.913+0000] {processor.py:840} INFO - DAG(s) 'example_python_operator' retrieved from /home/airflow/.local/lib/python3.12/site-packages/airflow/example_dags/example_python_operator.py
[2024-07-31T16:45:26.974+0000] {logging_mixin.py:188} INFO - [2024-07-31T16:45:26.973+0000] {dag.py:3089} INFO - Sync 1 DAGs
[2024-07-31T16:45:27.046+0000] {logging_mixin.py:188} INFO - [2024-07-31T16:45:27.045+0000] {dag.py:3947} INFO - Setting next_dagrun for example_python_operator to None, run_after=None
[2024-07-31T16:45:27.126+0000] {processor.py:183} INFO - Processing /home/airflow/.local/lib/python3.12/site-packages/airflow/example_dags/example_python_operator.py took 0.257 seconds
[2024-07-31T16:45:57.238+0000] {processor.py:161} INFO - Started process (PID=255) to work on /home/airflow/.local/lib/python3.12/site-packages/airflow/example_dags/example_python_operator.py
[2024-07-31T16:45:57.239+0000] {processor.py:830} INFO - Processing file /home/airflow/.local/lib/python3.12/site-packages/airflow/example_dags/example_python_operator.py for tasks to queue
[2024-07-31T16:45:57.240+0000] {logging_mixin.py:188} INFO - [2024-07-31T16:45:57.240+0000] {dagbag.py:545} INFO - Filling up the DagBag from /home/airflow/.local/lib/python3.12/site-packages/airflow/example_dags/example_python_operator.py
[2024-07-31T16:45:57.256+0000] {processor.py:840} INFO - DAG(s) 'example_python_operator' retrieved from /home/airflow/.local/lib/python3.12/site-packages/airflow/example_dags/example_python_operator.py
[2024-07-31T16:45:57.313+0000] {logging_mixin.py:188} INFO - [2024-07-31T16:45:57.312+0000] {dag.py:3089} INFO - Sync 1 DAGs
[2024-07-31T16:45:57.335+0000] {logging_mixin.py:188} INFO - [2024-07-31T16:45:57.334+0000] {dag.py:3947} INFO - Setting next_dagrun for example_python_operator to None, run_after=None
[2024-07-31T16:45:57.394+0000] {processor.py:183} INFO - Processing /home/airflow/.local/lib/python3.12/site-packages/airflow/example_dags/example_python_operator.py took 0.163 seconds
