[2024-07-31T12:08:53.182+0000] {processor.py:161} INFO - Started process (PID=93) to work on /home/airflow/.local/lib/python3.12/site-packages/airflow/example_dags/example_branch_operator.py
[2024-07-31T12:08:53.183+0000] {processor.py:830} INFO - Processing file /home/airflow/.local/lib/python3.12/site-packages/airflow/example_dags/example_branch_operator.py for tasks to queue
[2024-07-31T12:08:53.184+0000] {logging_mixin.py:188} INFO - [2024-07-31T12:08:53.184+0000] {dagbag.py:545} INFO - Filling up the DagBag from /home/airflow/.local/lib/python3.12/site-packages/airflow/example_dags/example_branch_operator.py
[2024-07-31T12:08:53.206+0000] {processor.py:840} INFO - DAG(s) 'example_branch_operator' retrieved from /home/airflow/.local/lib/python3.12/site-packages/airflow/example_dags/example_branch_operator.py
[2024-07-31T12:08:53.385+0000] {logging_mixin.py:188} INFO - [2024-07-31T12:08:53.384+0000] {override.py:1858} INFO - Created Permission View: can delete on DAG:example_branch_operator
[2024-07-31T12:08:53.397+0000] {logging_mixin.py:188} INFO - [2024-07-31T12:08:53.397+0000] {override.py:1858} INFO - Created Permission View: can read on DAG:example_branch_operator
[2024-07-31T12:08:53.405+0000] {logging_mixin.py:188} INFO - [2024-07-31T12:08:53.404+0000] {override.py:1858} INFO - Created Permission View: can edit on DAG:example_branch_operator
[2024-07-31T12:08:53.405+0000] {logging_mixin.py:188} INFO - [2024-07-31T12:08:53.405+0000] {dag.py:3089} INFO - Sync 1 DAGs
[2024-07-31T12:08:53.422+0000] {logging_mixin.py:188} INFO - [2024-07-31T12:08:53.421+0000] {dag.py:3111} INFO - Creating ORM DAG for example_branch_operator
[2024-07-31T12:08:53.435+0000] {logging_mixin.py:188} INFO - [2024-07-31T12:08:53.435+0000] {dag.py:3947} INFO - Setting next_dagrun for example_branch_operator to 2024-07-30 00:00:00+00:00, run_after=2024-07-31 00:00:00+00:00
[2024-07-31T12:08:53.457+0000] {processor.py:183} INFO - Processing /home/airflow/.local/lib/python3.12/site-packages/airflow/example_dags/example_branch_operator.py took 0.281 seconds
[2024-07-31T12:09:24.211+0000] {processor.py:161} INFO - Started process (PID=151) to work on /home/airflow/.local/lib/python3.12/site-packages/airflow/example_dags/example_branch_operator.py
[2024-07-31T12:09:24.212+0000] {processor.py:830} INFO - Processing file /home/airflow/.local/lib/python3.12/site-packages/airflow/example_dags/example_branch_operator.py for tasks to queue
[2024-07-31T12:09:24.214+0000] {logging_mixin.py:188} INFO - [2024-07-31T12:09:24.214+0000] {dagbag.py:545} INFO - Filling up the DagBag from /home/airflow/.local/lib/python3.12/site-packages/airflow/example_dags/example_branch_operator.py
[2024-07-31T12:09:24.245+0000] {processor.py:840} INFO - DAG(s) 'example_branch_operator' retrieved from /home/airflow/.local/lib/python3.12/site-packages/airflow/example_dags/example_branch_operator.py
[2024-07-31T12:09:24.277+0000] {logging_mixin.py:188} INFO - [2024-07-31T12:09:24.277+0000] {dag.py:3089} INFO - Sync 1 DAGs
[2024-07-31T12:09:24.312+0000] {logging_mixin.py:188} INFO - [2024-07-31T12:09:24.311+0000] {dag.py:3947} INFO - Setting next_dagrun for example_branch_operator to 2024-07-30 00:00:00+00:00, run_after=2024-07-31 00:00:00+00:00
[2024-07-31T12:09:24.344+0000] {processor.py:183} INFO - Processing /home/airflow/.local/lib/python3.12/site-packages/airflow/example_dags/example_branch_operator.py took 0.141 seconds
[2024-07-31T12:09:54.625+0000] {processor.py:161} INFO - Started process (PID=209) to work on /home/airflow/.local/lib/python3.12/site-packages/airflow/example_dags/example_branch_operator.py
[2024-07-31T12:09:54.628+0000] {processor.py:830} INFO - Processing file /home/airflow/.local/lib/python3.12/site-packages/airflow/example_dags/example_branch_operator.py for tasks to queue
[2024-07-31T12:09:54.629+0000] {logging_mixin.py:188} INFO - [2024-07-31T12:09:54.629+0000] {dagbag.py:545} INFO - Filling up the DagBag from /home/airflow/.local/lib/python3.12/site-packages/airflow/example_dags/example_branch_operator.py
[2024-07-31T12:09:54.646+0000] {processor.py:840} INFO - DAG(s) 'example_branch_operator' retrieved from /home/airflow/.local/lib/python3.12/site-packages/airflow/example_dags/example_branch_operator.py
[2024-07-31T12:09:54.682+0000] {logging_mixin.py:188} INFO - [2024-07-31T12:09:54.682+0000] {dag.py:3089} INFO - Sync 1 DAGs
[2024-07-31T12:09:54.710+0000] {logging_mixin.py:188} INFO - [2024-07-31T12:09:54.709+0000] {dag.py:3947} INFO - Setting next_dagrun for example_branch_operator to 2024-07-30 00:00:00+00:00, run_after=2024-07-31 00:00:00+00:00
[2024-07-31T12:09:54.743+0000] {processor.py:183} INFO - Processing /home/airflow/.local/lib/python3.12/site-packages/airflow/example_dags/example_branch_operator.py took 0.125 seconds
[2024-07-31T12:10:25.254+0000] {processor.py:161} INFO - Started process (PID=273) to work on /home/airflow/.local/lib/python3.12/site-packages/airflow/example_dags/example_branch_operator.py
[2024-07-31T12:10:25.254+0000] {processor.py:830} INFO - Processing file /home/airflow/.local/lib/python3.12/site-packages/airflow/example_dags/example_branch_operator.py for tasks to queue
[2024-07-31T12:10:25.256+0000] {logging_mixin.py:188} INFO - [2024-07-31T12:10:25.256+0000] {dagbag.py:545} INFO - Filling up the DagBag from /home/airflow/.local/lib/python3.12/site-packages/airflow/example_dags/example_branch_operator.py
[2024-07-31T12:10:25.270+0000] {processor.py:840} INFO - DAG(s) 'example_branch_operator' retrieved from /home/airflow/.local/lib/python3.12/site-packages/airflow/example_dags/example_branch_operator.py
[2024-07-31T12:10:25.296+0000] {logging_mixin.py:188} INFO - [2024-07-31T12:10:25.295+0000] {dag.py:3089} INFO - Sync 1 DAGs
[2024-07-31T12:10:25.318+0000] {logging_mixin.py:188} INFO - [2024-07-31T12:10:25.317+0000] {dag.py:3947} INFO - Setting next_dagrun for example_branch_operator to 2024-07-30 00:00:00+00:00, run_after=2024-07-31 00:00:00+00:00
[2024-07-31T12:10:25.338+0000] {processor.py:183} INFO - Processing /home/airflow/.local/lib/python3.12/site-packages/airflow/example_dags/example_branch_operator.py took 0.090 seconds
[2024-07-31T12:10:55.372+0000] {processor.py:161} INFO - Started process (PID=330) to work on /home/airflow/.local/lib/python3.12/site-packages/airflow/example_dags/example_branch_operator.py
[2024-07-31T12:10:55.375+0000] {processor.py:830} INFO - Processing file /home/airflow/.local/lib/python3.12/site-packages/airflow/example_dags/example_branch_operator.py for tasks to queue
[2024-07-31T12:10:55.376+0000] {logging_mixin.py:188} INFO - [2024-07-31T12:10:55.376+0000] {dagbag.py:545} INFO - Filling up the DagBag from /home/airflow/.local/lib/python3.12/site-packages/airflow/example_dags/example_branch_operator.py
[2024-07-31T12:10:55.398+0000] {processor.py:840} INFO - DAG(s) 'example_branch_operator' retrieved from /home/airflow/.local/lib/python3.12/site-packages/airflow/example_dags/example_branch_operator.py
[2024-07-31T12:10:55.424+0000] {logging_mixin.py:188} INFO - [2024-07-31T12:10:55.424+0000] {dag.py:3089} INFO - Sync 1 DAGs
[2024-07-31T12:10:55.451+0000] {logging_mixin.py:188} INFO - [2024-07-31T12:10:55.450+0000] {dag.py:3947} INFO - Setting next_dagrun for example_branch_operator to 2024-07-30 00:00:00+00:00, run_after=2024-07-31 00:00:00+00:00
[2024-07-31T12:10:55.481+0000] {processor.py:183} INFO - Processing /home/airflow/.local/lib/python3.12/site-packages/airflow/example_dags/example_branch_operator.py took 0.115 seconds
[2024-07-31T12:11:26.119+0000] {processor.py:161} INFO - Started process (PID=388) to work on /home/airflow/.local/lib/python3.12/site-packages/airflow/example_dags/example_branch_operator.py
[2024-07-31T12:11:26.120+0000] {processor.py:830} INFO - Processing file /home/airflow/.local/lib/python3.12/site-packages/airflow/example_dags/example_branch_operator.py for tasks to queue
[2024-07-31T12:11:26.122+0000] {logging_mixin.py:188} INFO - [2024-07-31T12:11:26.121+0000] {dagbag.py:545} INFO - Filling up the DagBag from /home/airflow/.local/lib/python3.12/site-packages/airflow/example_dags/example_branch_operator.py
[2024-07-31T12:11:26.143+0000] {processor.py:840} INFO - DAG(s) 'example_branch_operator' retrieved from /home/airflow/.local/lib/python3.12/site-packages/airflow/example_dags/example_branch_operator.py
[2024-07-31T12:11:26.184+0000] {logging_mixin.py:188} INFO - [2024-07-31T12:11:26.184+0000] {dag.py:3089} INFO - Sync 1 DAGs
[2024-07-31T12:11:26.214+0000] {logging_mixin.py:188} INFO - [2024-07-31T12:11:26.213+0000] {dag.py:3947} INFO - Setting next_dagrun for example_branch_operator to 2024-07-30 00:00:00+00:00, run_after=2024-07-31 00:00:00+00:00
[2024-07-31T12:11:26.234+0000] {processor.py:183} INFO - Processing /home/airflow/.local/lib/python3.12/site-packages/airflow/example_dags/example_branch_operator.py took 0.124 seconds
[2024-07-31T12:11:56.546+0000] {processor.py:161} INFO - Started process (PID=446) to work on /home/airflow/.local/lib/python3.12/site-packages/airflow/example_dags/example_branch_operator.py
[2024-07-31T12:11:56.546+0000] {processor.py:830} INFO - Processing file /home/airflow/.local/lib/python3.12/site-packages/airflow/example_dags/example_branch_operator.py for tasks to queue
[2024-07-31T12:11:56.548+0000] {logging_mixin.py:188} INFO - [2024-07-31T12:11:56.548+0000] {dagbag.py:545} INFO - Filling up the DagBag from /home/airflow/.local/lib/python3.12/site-packages/airflow/example_dags/example_branch_operator.py
[2024-07-31T12:11:56.562+0000] {processor.py:840} INFO - DAG(s) 'example_branch_operator' retrieved from /home/airflow/.local/lib/python3.12/site-packages/airflow/example_dags/example_branch_operator.py
[2024-07-31T12:11:56.601+0000] {logging_mixin.py:188} INFO - [2024-07-31T12:11:56.601+0000] {dag.py:3089} INFO - Sync 1 DAGs
[2024-07-31T12:11:56.633+0000] {logging_mixin.py:188} INFO - [2024-07-31T12:11:56.632+0000] {dag.py:3947} INFO - Setting next_dagrun for example_branch_operator to 2024-07-30 00:00:00+00:00, run_after=2024-07-31 00:00:00+00:00
[2024-07-31T12:11:56.659+0000] {processor.py:183} INFO - Processing /home/airflow/.local/lib/python3.12/site-packages/airflow/example_dags/example_branch_operator.py took 0.118 seconds
[2024-07-31T12:12:26.688+0000] {processor.py:161} INFO - Started process (PID=503) to work on /home/airflow/.local/lib/python3.12/site-packages/airflow/example_dags/example_branch_operator.py
[2024-07-31T12:12:26.689+0000] {processor.py:830} INFO - Processing file /home/airflow/.local/lib/python3.12/site-packages/airflow/example_dags/example_branch_operator.py for tasks to queue
[2024-07-31T12:12:26.691+0000] {logging_mixin.py:188} INFO - [2024-07-31T12:12:26.690+0000] {dagbag.py:545} INFO - Filling up the DagBag from /home/airflow/.local/lib/python3.12/site-packages/airflow/example_dags/example_branch_operator.py
[2024-07-31T12:12:26.706+0000] {processor.py:840} INFO - DAG(s) 'example_branch_operator' retrieved from /home/airflow/.local/lib/python3.12/site-packages/airflow/example_dags/example_branch_operator.py
[2024-07-31T12:12:26.733+0000] {logging_mixin.py:188} INFO - [2024-07-31T12:12:26.733+0000] {dag.py:3089} INFO - Sync 1 DAGs
[2024-07-31T12:12:26.755+0000] {logging_mixin.py:188} INFO - [2024-07-31T12:12:26.755+0000] {dag.py:3947} INFO - Setting next_dagrun for example_branch_operator to 2024-07-30 00:00:00+00:00, run_after=2024-07-31 00:00:00+00:00
[2024-07-31T12:12:26.777+0000] {processor.py:183} INFO - Processing /home/airflow/.local/lib/python3.12/site-packages/airflow/example_dags/example_branch_operator.py took 0.094 seconds
[2024-07-31T12:12:57.451+0000] {processor.py:161} INFO - Started process (PID=561) to work on /home/airflow/.local/lib/python3.12/site-packages/airflow/example_dags/example_branch_operator.py
[2024-07-31T12:12:57.451+0000] {processor.py:830} INFO - Processing file /home/airflow/.local/lib/python3.12/site-packages/airflow/example_dags/example_branch_operator.py for tasks to queue
[2024-07-31T12:12:57.453+0000] {logging_mixin.py:188} INFO - [2024-07-31T12:12:57.452+0000] {dagbag.py:545} INFO - Filling up the DagBag from /home/airflow/.local/lib/python3.12/site-packages/airflow/example_dags/example_branch_operator.py
[2024-07-31T12:12:57.471+0000] {processor.py:840} INFO - DAG(s) 'example_branch_operator' retrieved from /home/airflow/.local/lib/python3.12/site-packages/airflow/example_dags/example_branch_operator.py
[2024-07-31T12:12:57.515+0000] {logging_mixin.py:188} INFO - [2024-07-31T12:12:57.515+0000] {dag.py:3089} INFO - Sync 1 DAGs
[2024-07-31T12:12:57.547+0000] {logging_mixin.py:188} INFO - [2024-07-31T12:12:57.546+0000] {dag.py:3947} INFO - Setting next_dagrun for example_branch_operator to 2024-07-30 00:00:00+00:00, run_after=2024-07-31 00:00:00+00:00
[2024-07-31T12:12:57.572+0000] {processor.py:183} INFO - Processing /home/airflow/.local/lib/python3.12/site-packages/airflow/example_dags/example_branch_operator.py took 0.128 seconds
[2024-07-31T12:13:28.025+0000] {processor.py:161} INFO - Started process (PID=618) to work on /home/airflow/.local/lib/python3.12/site-packages/airflow/example_dags/example_branch_operator.py
[2024-07-31T12:13:28.026+0000] {processor.py:830} INFO - Processing file /home/airflow/.local/lib/python3.12/site-packages/airflow/example_dags/example_branch_operator.py for tasks to queue
[2024-07-31T12:13:28.028+0000] {logging_mixin.py:188} INFO - [2024-07-31T12:13:28.028+0000] {dagbag.py:545} INFO - Filling up the DagBag from /home/airflow/.local/lib/python3.12/site-packages/airflow/example_dags/example_branch_operator.py
[2024-07-31T12:13:28.048+0000] {processor.py:840} INFO - DAG(s) 'example_branch_operator' retrieved from /home/airflow/.local/lib/python3.12/site-packages/airflow/example_dags/example_branch_operator.py
[2024-07-31T12:13:28.076+0000] {logging_mixin.py:188} INFO - [2024-07-31T12:13:28.076+0000] {dag.py:3089} INFO - Sync 1 DAGs
[2024-07-31T12:13:28.101+0000] {logging_mixin.py:188} INFO - [2024-07-31T12:13:28.101+0000] {dag.py:3947} INFO - Setting next_dagrun for example_branch_operator to 2024-07-30 00:00:00+00:00, run_after=2024-07-31 00:00:00+00:00
[2024-07-31T12:13:28.124+0000] {processor.py:183} INFO - Processing /home/airflow/.local/lib/python3.12/site-packages/airflow/example_dags/example_branch_operator.py took 0.105 seconds
[2024-07-31T12:13:59.119+0000] {processor.py:161} INFO - Started process (PID=676) to work on /home/airflow/.local/lib/python3.12/site-packages/airflow/example_dags/example_branch_operator.py
[2024-07-31T12:13:59.120+0000] {processor.py:830} INFO - Processing file /home/airflow/.local/lib/python3.12/site-packages/airflow/example_dags/example_branch_operator.py for tasks to queue
[2024-07-31T12:13:59.122+0000] {logging_mixin.py:188} INFO - [2024-07-31T12:13:59.122+0000] {dagbag.py:545} INFO - Filling up the DagBag from /home/airflow/.local/lib/python3.12/site-packages/airflow/example_dags/example_branch_operator.py
[2024-07-31T12:13:59.141+0000] {processor.py:840} INFO - DAG(s) 'example_branch_operator' retrieved from /home/airflow/.local/lib/python3.12/site-packages/airflow/example_dags/example_branch_operator.py
[2024-07-31T12:13:59.178+0000] {logging_mixin.py:188} INFO - [2024-07-31T12:13:59.178+0000] {dag.py:3089} INFO - Sync 1 DAGs
[2024-07-31T12:13:59.219+0000] {logging_mixin.py:188} INFO - [2024-07-31T12:13:59.218+0000] {dag.py:3947} INFO - Setting next_dagrun for example_branch_operator to 2024-07-30 00:00:00+00:00, run_after=2024-07-31 00:00:00+00:00
[2024-07-31T12:13:59.248+0000] {processor.py:183} INFO - Processing /home/airflow/.local/lib/python3.12/site-packages/airflow/example_dags/example_branch_operator.py took 0.134 seconds
[2024-07-31T12:14:30.252+0000] {processor.py:161} INFO - Started process (PID=734) to work on /home/airflow/.local/lib/python3.12/site-packages/airflow/example_dags/example_branch_operator.py
[2024-07-31T12:14:30.254+0000] {processor.py:830} INFO - Processing file /home/airflow/.local/lib/python3.12/site-packages/airflow/example_dags/example_branch_operator.py for tasks to queue
[2024-07-31T12:14:30.256+0000] {logging_mixin.py:188} INFO - [2024-07-31T12:14:30.256+0000] {dagbag.py:545} INFO - Filling up the DagBag from /home/airflow/.local/lib/python3.12/site-packages/airflow/example_dags/example_branch_operator.py
[2024-07-31T12:14:30.272+0000] {processor.py:840} INFO - DAG(s) 'example_branch_operator' retrieved from /home/airflow/.local/lib/python3.12/site-packages/airflow/example_dags/example_branch_operator.py
[2024-07-31T12:14:30.301+0000] {logging_mixin.py:188} INFO - [2024-07-31T12:14:30.300+0000] {dag.py:3089} INFO - Sync 1 DAGs
[2024-07-31T12:14:30.326+0000] {logging_mixin.py:188} INFO - [2024-07-31T12:14:30.326+0000] {dag.py:3947} INFO - Setting next_dagrun for example_branch_operator to 2024-07-30 00:00:00+00:00, run_after=2024-07-31 00:00:00+00:00
[2024-07-31T12:14:30.346+0000] {processor.py:183} INFO - Processing /home/airflow/.local/lib/python3.12/site-packages/airflow/example_dags/example_branch_operator.py took 0.100 seconds
[2024-07-31T12:15:00.587+0000] {processor.py:161} INFO - Started process (PID=792) to work on /home/airflow/.local/lib/python3.12/site-packages/airflow/example_dags/example_branch_operator.py
[2024-07-31T12:15:00.588+0000] {processor.py:830} INFO - Processing file /home/airflow/.local/lib/python3.12/site-packages/airflow/example_dags/example_branch_operator.py for tasks to queue
[2024-07-31T12:15:00.589+0000] {logging_mixin.py:188} INFO - [2024-07-31T12:15:00.589+0000] {dagbag.py:545} INFO - Filling up the DagBag from /home/airflow/.local/lib/python3.12/site-packages/airflow/example_dags/example_branch_operator.py
[2024-07-31T12:15:00.604+0000] {processor.py:840} INFO - DAG(s) 'example_branch_operator' retrieved from /home/airflow/.local/lib/python3.12/site-packages/airflow/example_dags/example_branch_operator.py
[2024-07-31T12:15:00.632+0000] {logging_mixin.py:188} INFO - [2024-07-31T12:15:00.632+0000] {dag.py:3089} INFO - Sync 1 DAGs
[2024-07-31T12:15:00.655+0000] {logging_mixin.py:188} INFO - [2024-07-31T12:15:00.655+0000] {dag.py:3947} INFO - Setting next_dagrun for example_branch_operator to 2024-07-30 00:00:00+00:00, run_after=2024-07-31 00:00:00+00:00
[2024-07-31T12:15:00.679+0000] {processor.py:183} INFO - Processing /home/airflow/.local/lib/python3.12/site-packages/airflow/example_dags/example_branch_operator.py took 0.098 seconds
[2024-07-31T12:15:31.089+0000] {processor.py:161} INFO - Started process (PID=849) to work on /home/airflow/.local/lib/python3.12/site-packages/airflow/example_dags/example_branch_operator.py
[2024-07-31T12:15:31.090+0000] {processor.py:830} INFO - Processing file /home/airflow/.local/lib/python3.12/site-packages/airflow/example_dags/example_branch_operator.py for tasks to queue
[2024-07-31T12:15:31.093+0000] {logging_mixin.py:188} INFO - [2024-07-31T12:15:31.092+0000] {dagbag.py:545} INFO - Filling up the DagBag from /home/airflow/.local/lib/python3.12/site-packages/airflow/example_dags/example_branch_operator.py
[2024-07-31T12:15:31.116+0000] {processor.py:840} INFO - DAG(s) 'example_branch_operator' retrieved from /home/airflow/.local/lib/python3.12/site-packages/airflow/example_dags/example_branch_operator.py
[2024-07-31T12:15:31.146+0000] {logging_mixin.py:188} INFO - [2024-07-31T12:15:31.146+0000] {dag.py:3089} INFO - Sync 1 DAGs
[2024-07-31T12:15:31.175+0000] {logging_mixin.py:188} INFO - [2024-07-31T12:15:31.175+0000] {dag.py:3947} INFO - Setting next_dagrun for example_branch_operator to 2024-07-30 00:00:00+00:00, run_after=2024-07-31 00:00:00+00:00
[2024-07-31T12:15:31.209+0000] {processor.py:183} INFO - Processing /home/airflow/.local/lib/python3.12/site-packages/airflow/example_dags/example_branch_operator.py took 0.129 seconds
[2024-07-31T12:16:01.245+0000] {processor.py:161} INFO - Started process (PID=906) to work on /home/airflow/.local/lib/python3.12/site-packages/airflow/example_dags/example_branch_operator.py
[2024-07-31T12:16:01.246+0000] {processor.py:830} INFO - Processing file /home/airflow/.local/lib/python3.12/site-packages/airflow/example_dags/example_branch_operator.py for tasks to queue
[2024-07-31T12:16:01.247+0000] {logging_mixin.py:188} INFO - [2024-07-31T12:16:01.247+0000] {dagbag.py:545} INFO - Filling up the DagBag from /home/airflow/.local/lib/python3.12/site-packages/airflow/example_dags/example_branch_operator.py
[2024-07-31T12:16:01.265+0000] {processor.py:840} INFO - DAG(s) 'example_branch_operator' retrieved from /home/airflow/.local/lib/python3.12/site-packages/airflow/example_dags/example_branch_operator.py
[2024-07-31T12:16:01.293+0000] {logging_mixin.py:188} INFO - [2024-07-31T12:16:01.293+0000] {dag.py:3089} INFO - Sync 1 DAGs
[2024-07-31T12:16:01.323+0000] {logging_mixin.py:188} INFO - [2024-07-31T12:16:01.323+0000] {dag.py:3947} INFO - Setting next_dagrun for example_branch_operator to 2024-07-30 00:00:00+00:00, run_after=2024-07-31 00:00:00+00:00
[2024-07-31T12:16:01.352+0000] {processor.py:183} INFO - Processing /home/airflow/.local/lib/python3.12/site-packages/airflow/example_dags/example_branch_operator.py took 0.112 seconds
[2024-07-31T12:16:31.518+0000] {processor.py:161} INFO - Started process (PID=963) to work on /home/airflow/.local/lib/python3.12/site-packages/airflow/example_dags/example_branch_operator.py
[2024-07-31T12:16:31.519+0000] {processor.py:830} INFO - Processing file /home/airflow/.local/lib/python3.12/site-packages/airflow/example_dags/example_branch_operator.py for tasks to queue
[2024-07-31T12:16:31.522+0000] {logging_mixin.py:188} INFO - [2024-07-31T12:16:31.521+0000] {dagbag.py:545} INFO - Filling up the DagBag from /home/airflow/.local/lib/python3.12/site-packages/airflow/example_dags/example_branch_operator.py
[2024-07-31T12:16:31.545+0000] {processor.py:840} INFO - DAG(s) 'example_branch_operator' retrieved from /home/airflow/.local/lib/python3.12/site-packages/airflow/example_dags/example_branch_operator.py
[2024-07-31T12:16:31.586+0000] {logging_mixin.py:188} INFO - [2024-07-31T12:16:31.586+0000] {dag.py:3089} INFO - Sync 1 DAGs
[2024-07-31T12:16:31.622+0000] {logging_mixin.py:188} INFO - [2024-07-31T12:16:31.621+0000] {dag.py:3947} INFO - Setting next_dagrun for example_branch_operator to 2024-07-30 00:00:00+00:00, run_after=2024-07-31 00:00:00+00:00
[2024-07-31T12:16:31.649+0000] {processor.py:183} INFO - Processing /home/airflow/.local/lib/python3.12/site-packages/airflow/example_dags/example_branch_operator.py took 0.138 seconds
[2024-07-31T12:17:02.576+0000] {processor.py:161} INFO - Started process (PID=1020) to work on /home/airflow/.local/lib/python3.12/site-packages/airflow/example_dags/example_branch_operator.py
[2024-07-31T12:17:02.577+0000] {processor.py:830} INFO - Processing file /home/airflow/.local/lib/python3.12/site-packages/airflow/example_dags/example_branch_operator.py for tasks to queue
[2024-07-31T12:17:02.579+0000] {logging_mixin.py:188} INFO - [2024-07-31T12:17:02.578+0000] {dagbag.py:545} INFO - Filling up the DagBag from /home/airflow/.local/lib/python3.12/site-packages/airflow/example_dags/example_branch_operator.py
[2024-07-31T12:17:02.595+0000] {processor.py:840} INFO - DAG(s) 'example_branch_operator' retrieved from /home/airflow/.local/lib/python3.12/site-packages/airflow/example_dags/example_branch_operator.py
[2024-07-31T12:17:02.630+0000] {logging_mixin.py:188} INFO - [2024-07-31T12:17:02.629+0000] {dag.py:3089} INFO - Sync 1 DAGs
[2024-07-31T12:17:02.655+0000] {logging_mixin.py:188} INFO - [2024-07-31T12:17:02.654+0000] {dag.py:3947} INFO - Setting next_dagrun for example_branch_operator to 2024-07-30 00:00:00+00:00, run_after=2024-07-31 00:00:00+00:00
[2024-07-31T12:17:02.681+0000] {processor.py:183} INFO - Processing /home/airflow/.local/lib/python3.12/site-packages/airflow/example_dags/example_branch_operator.py took 0.110 seconds
[2024-07-31T12:17:33.549+0000] {processor.py:161} INFO - Started process (PID=1078) to work on /home/airflow/.local/lib/python3.12/site-packages/airflow/example_dags/example_branch_operator.py
[2024-07-31T12:17:33.549+0000] {processor.py:830} INFO - Processing file /home/airflow/.local/lib/python3.12/site-packages/airflow/example_dags/example_branch_operator.py for tasks to queue
[2024-07-31T12:17:33.551+0000] {logging_mixin.py:188} INFO - [2024-07-31T12:17:33.550+0000] {dagbag.py:545} INFO - Filling up the DagBag from /home/airflow/.local/lib/python3.12/site-packages/airflow/example_dags/example_branch_operator.py
[2024-07-31T12:17:33.570+0000] {processor.py:840} INFO - DAG(s) 'example_branch_operator' retrieved from /home/airflow/.local/lib/python3.12/site-packages/airflow/example_dags/example_branch_operator.py
[2024-07-31T12:17:33.598+0000] {logging_mixin.py:188} INFO - [2024-07-31T12:17:33.598+0000] {dag.py:3089} INFO - Sync 1 DAGs
[2024-07-31T12:17:33.621+0000] {logging_mixin.py:188} INFO - [2024-07-31T12:17:33.621+0000] {dag.py:3947} INFO - Setting next_dagrun for example_branch_operator to 2024-07-30 00:00:00+00:00, run_after=2024-07-31 00:00:00+00:00
[2024-07-31T12:17:33.643+0000] {processor.py:183} INFO - Processing /home/airflow/.local/lib/python3.12/site-packages/airflow/example_dags/example_branch_operator.py took 0.100 seconds
[2024-07-31T12:18:04.145+0000] {processor.py:161} INFO - Started process (PID=1136) to work on /home/airflow/.local/lib/python3.12/site-packages/airflow/example_dags/example_branch_operator.py
[2024-07-31T12:18:04.146+0000] {processor.py:830} INFO - Processing file /home/airflow/.local/lib/python3.12/site-packages/airflow/example_dags/example_branch_operator.py for tasks to queue
[2024-07-31T12:18:04.149+0000] {logging_mixin.py:188} INFO - [2024-07-31T12:18:04.148+0000] {dagbag.py:545} INFO - Filling up the DagBag from /home/airflow/.local/lib/python3.12/site-packages/airflow/example_dags/example_branch_operator.py
[2024-07-31T12:18:04.177+0000] {processor.py:840} INFO - DAG(s) 'example_branch_operator' retrieved from /home/airflow/.local/lib/python3.12/site-packages/airflow/example_dags/example_branch_operator.py
[2024-07-31T12:18:04.225+0000] {logging_mixin.py:188} INFO - [2024-07-31T12:18:04.225+0000] {dag.py:3089} INFO - Sync 1 DAGs
[2024-07-31T12:18:04.250+0000] {logging_mixin.py:188} INFO - [2024-07-31T12:18:04.250+0000] {dag.py:3947} INFO - Setting next_dagrun for example_branch_operator to 2024-07-30 00:00:00+00:00, run_after=2024-07-31 00:00:00+00:00
[2024-07-31T12:18:04.274+0000] {processor.py:183} INFO - Processing /home/airflow/.local/lib/python3.12/site-packages/airflow/example_dags/example_branch_operator.py took 0.140 seconds
[2024-07-31T12:18:34.685+0000] {processor.py:161} INFO - Started process (PID=1194) to work on /home/airflow/.local/lib/python3.12/site-packages/airflow/example_dags/example_branch_operator.py
[2024-07-31T12:18:34.686+0000] {processor.py:830} INFO - Processing file /home/airflow/.local/lib/python3.12/site-packages/airflow/example_dags/example_branch_operator.py for tasks to queue
[2024-07-31T12:18:34.688+0000] {logging_mixin.py:188} INFO - [2024-07-31T12:18:34.688+0000] {dagbag.py:545} INFO - Filling up the DagBag from /home/airflow/.local/lib/python3.12/site-packages/airflow/example_dags/example_branch_operator.py
[2024-07-31T12:18:34.713+0000] {processor.py:840} INFO - DAG(s) 'example_branch_operator' retrieved from /home/airflow/.local/lib/python3.12/site-packages/airflow/example_dags/example_branch_operator.py
[2024-07-31T12:18:34.756+0000] {logging_mixin.py:188} INFO - [2024-07-31T12:18:34.756+0000] {dag.py:3089} INFO - Sync 1 DAGs
[2024-07-31T12:18:34.795+0000] {logging_mixin.py:188} INFO - [2024-07-31T12:18:34.795+0000] {dag.py:3947} INFO - Setting next_dagrun for example_branch_operator to 2024-07-30 00:00:00+00:00, run_after=2024-07-31 00:00:00+00:00
[2024-07-31T12:18:34.841+0000] {processor.py:183} INFO - Processing /home/airflow/.local/lib/python3.12/site-packages/airflow/example_dags/example_branch_operator.py took 0.161 seconds
[2024-07-31T12:19:05.838+0000] {processor.py:161} INFO - Started process (PID=1252) to work on /home/airflow/.local/lib/python3.12/site-packages/airflow/example_dags/example_branch_operator.py
[2024-07-31T12:19:05.839+0000] {processor.py:830} INFO - Processing file /home/airflow/.local/lib/python3.12/site-packages/airflow/example_dags/example_branch_operator.py for tasks to queue
[2024-07-31T12:19:05.840+0000] {logging_mixin.py:188} INFO - [2024-07-31T12:19:05.840+0000] {dagbag.py:545} INFO - Filling up the DagBag from /home/airflow/.local/lib/python3.12/site-packages/airflow/example_dags/example_branch_operator.py
[2024-07-31T12:19:05.859+0000] {processor.py:840} INFO - DAG(s) 'example_branch_operator' retrieved from /home/airflow/.local/lib/python3.12/site-packages/airflow/example_dags/example_branch_operator.py
[2024-07-31T12:19:05.885+0000] {logging_mixin.py:188} INFO - [2024-07-31T12:19:05.884+0000] {dag.py:3089} INFO - Sync 1 DAGs
[2024-07-31T12:19:05.909+0000] {logging_mixin.py:188} INFO - [2024-07-31T12:19:05.908+0000] {dag.py:3947} INFO - Setting next_dagrun for example_branch_operator to 2024-07-30 00:00:00+00:00, run_after=2024-07-31 00:00:00+00:00
[2024-07-31T12:19:05.930+0000] {processor.py:183} INFO - Processing /home/airflow/.local/lib/python3.12/site-packages/airflow/example_dags/example_branch_operator.py took 0.097 seconds
[2024-07-31T12:19:36.074+0000] {processor.py:161} INFO - Started process (PID=1309) to work on /home/airflow/.local/lib/python3.12/site-packages/airflow/example_dags/example_branch_operator.py
[2024-07-31T12:19:36.074+0000] {processor.py:830} INFO - Processing file /home/airflow/.local/lib/python3.12/site-packages/airflow/example_dags/example_branch_operator.py for tasks to queue
[2024-07-31T12:19:36.076+0000] {logging_mixin.py:188} INFO - [2024-07-31T12:19:36.076+0000] {dagbag.py:545} INFO - Filling up the DagBag from /home/airflow/.local/lib/python3.12/site-packages/airflow/example_dags/example_branch_operator.py
[2024-07-31T12:19:36.093+0000] {processor.py:840} INFO - DAG(s) 'example_branch_operator' retrieved from /home/airflow/.local/lib/python3.12/site-packages/airflow/example_dags/example_branch_operator.py
[2024-07-31T12:19:36.125+0000] {logging_mixin.py:188} INFO - [2024-07-31T12:19:36.125+0000] {dag.py:3089} INFO - Sync 1 DAGs
[2024-07-31T12:19:36.147+0000] {logging_mixin.py:188} INFO - [2024-07-31T12:19:36.147+0000] {dag.py:3947} INFO - Setting next_dagrun for example_branch_operator to 2024-07-30 00:00:00+00:00, run_after=2024-07-31 00:00:00+00:00
[2024-07-31T12:19:36.170+0000] {processor.py:183} INFO - Processing /home/airflow/.local/lib/python3.12/site-packages/airflow/example_dags/example_branch_operator.py took 0.102 seconds
[2024-07-31T12:20:06.483+0000] {processor.py:161} INFO - Started process (PID=1367) to work on /home/airflow/.local/lib/python3.12/site-packages/airflow/example_dags/example_branch_operator.py
[2024-07-31T12:20:06.485+0000] {processor.py:830} INFO - Processing file /home/airflow/.local/lib/python3.12/site-packages/airflow/example_dags/example_branch_operator.py for tasks to queue
[2024-07-31T12:20:06.488+0000] {logging_mixin.py:188} INFO - [2024-07-31T12:20:06.487+0000] {dagbag.py:545} INFO - Filling up the DagBag from /home/airflow/.local/lib/python3.12/site-packages/airflow/example_dags/example_branch_operator.py
[2024-07-31T12:20:06.510+0000] {processor.py:840} INFO - DAG(s) 'example_branch_operator' retrieved from /home/airflow/.local/lib/python3.12/site-packages/airflow/example_dags/example_branch_operator.py
[2024-07-31T12:20:06.550+0000] {logging_mixin.py:188} INFO - [2024-07-31T12:20:06.550+0000] {dag.py:3089} INFO - Sync 1 DAGs
[2024-07-31T12:20:06.579+0000] {logging_mixin.py:188} INFO - [2024-07-31T12:20:06.579+0000] {dag.py:3947} INFO - Setting next_dagrun for example_branch_operator to 2024-07-30 00:00:00+00:00, run_after=2024-07-31 00:00:00+00:00
[2024-07-31T12:20:06.610+0000] {processor.py:183} INFO - Processing /home/airflow/.local/lib/python3.12/site-packages/airflow/example_dags/example_branch_operator.py took 0.132 seconds
[2024-07-31T12:20:36.868+0000] {processor.py:161} INFO - Started process (PID=1425) to work on /home/airflow/.local/lib/python3.12/site-packages/airflow/example_dags/example_branch_operator.py
[2024-07-31T12:20:36.869+0000] {processor.py:830} INFO - Processing file /home/airflow/.local/lib/python3.12/site-packages/airflow/example_dags/example_branch_operator.py for tasks to queue
[2024-07-31T12:20:36.870+0000] {logging_mixin.py:188} INFO - [2024-07-31T12:20:36.870+0000] {dagbag.py:545} INFO - Filling up the DagBag from /home/airflow/.local/lib/python3.12/site-packages/airflow/example_dags/example_branch_operator.py
[2024-07-31T12:20:36.886+0000] {processor.py:840} INFO - DAG(s) 'example_branch_operator' retrieved from /home/airflow/.local/lib/python3.12/site-packages/airflow/example_dags/example_branch_operator.py
[2024-07-31T12:20:36.911+0000] {logging_mixin.py:188} INFO - [2024-07-31T12:20:36.911+0000] {dag.py:3089} INFO - Sync 1 DAGs
[2024-07-31T12:20:36.934+0000] {logging_mixin.py:188} INFO - [2024-07-31T12:20:36.934+0000] {dag.py:3947} INFO - Setting next_dagrun for example_branch_operator to 2024-07-30 00:00:00+00:00, run_after=2024-07-31 00:00:00+00:00
[2024-07-31T12:20:36.958+0000] {processor.py:183} INFO - Processing /home/airflow/.local/lib/python3.12/site-packages/airflow/example_dags/example_branch_operator.py took 0.095 seconds
[2024-07-31T12:21:07.333+0000] {processor.py:161} INFO - Started process (PID=1483) to work on /home/airflow/.local/lib/python3.12/site-packages/airflow/example_dags/example_branch_operator.py
[2024-07-31T12:21:07.334+0000] {processor.py:830} INFO - Processing file /home/airflow/.local/lib/python3.12/site-packages/airflow/example_dags/example_branch_operator.py for tasks to queue
[2024-07-31T12:21:07.336+0000] {logging_mixin.py:188} INFO - [2024-07-31T12:21:07.336+0000] {dagbag.py:545} INFO - Filling up the DagBag from /home/airflow/.local/lib/python3.12/site-packages/airflow/example_dags/example_branch_operator.py
[2024-07-31T12:21:07.351+0000] {processor.py:840} INFO - DAG(s) 'example_branch_operator' retrieved from /home/airflow/.local/lib/python3.12/site-packages/airflow/example_dags/example_branch_operator.py
[2024-07-31T12:21:07.377+0000] {logging_mixin.py:188} INFO - [2024-07-31T12:21:07.377+0000] {dag.py:3089} INFO - Sync 1 DAGs
[2024-07-31T12:21:07.400+0000] {logging_mixin.py:188} INFO - [2024-07-31T12:21:07.400+0000] {dag.py:3947} INFO - Setting next_dagrun for example_branch_operator to 2024-07-30 00:00:00+00:00, run_after=2024-07-31 00:00:00+00:00
[2024-07-31T12:21:07.428+0000] {processor.py:183} INFO - Processing /home/airflow/.local/lib/python3.12/site-packages/airflow/example_dags/example_branch_operator.py took 0.102 seconds
[2024-07-31T12:21:37.578+0000] {processor.py:161} INFO - Started process (PID=1541) to work on /home/airflow/.local/lib/python3.12/site-packages/airflow/example_dags/example_branch_operator.py
[2024-07-31T12:21:37.578+0000] {processor.py:830} INFO - Processing file /home/airflow/.local/lib/python3.12/site-packages/airflow/example_dags/example_branch_operator.py for tasks to queue
[2024-07-31T12:21:37.580+0000] {logging_mixin.py:188} INFO - [2024-07-31T12:21:37.579+0000] {dagbag.py:545} INFO - Filling up the DagBag from /home/airflow/.local/lib/python3.12/site-packages/airflow/example_dags/example_branch_operator.py
[2024-07-31T12:21:37.595+0000] {processor.py:840} INFO - DAG(s) 'example_branch_operator' retrieved from /home/airflow/.local/lib/python3.12/site-packages/airflow/example_dags/example_branch_operator.py
[2024-07-31T12:21:37.623+0000] {logging_mixin.py:188} INFO - [2024-07-31T12:21:37.622+0000] {dag.py:3089} INFO - Sync 1 DAGs
[2024-07-31T12:21:37.645+0000] {logging_mixin.py:188} INFO - [2024-07-31T12:21:37.644+0000] {dag.py:3947} INFO - Setting next_dagrun for example_branch_operator to 2024-07-30 00:00:00+00:00, run_after=2024-07-31 00:00:00+00:00
[2024-07-31T12:21:37.668+0000] {processor.py:183} INFO - Processing /home/airflow/.local/lib/python3.12/site-packages/airflow/example_dags/example_branch_operator.py took 0.095 seconds
[2024-07-31T12:22:08.087+0000] {processor.py:161} INFO - Started process (PID=1599) to work on /home/airflow/.local/lib/python3.12/site-packages/airflow/example_dags/example_branch_operator.py
[2024-07-31T12:22:08.088+0000] {processor.py:830} INFO - Processing file /home/airflow/.local/lib/python3.12/site-packages/airflow/example_dags/example_branch_operator.py for tasks to queue
[2024-07-31T12:22:08.090+0000] {logging_mixin.py:188} INFO - [2024-07-31T12:22:08.089+0000] {dagbag.py:545} INFO - Filling up the DagBag from /home/airflow/.local/lib/python3.12/site-packages/airflow/example_dags/example_branch_operator.py
[2024-07-31T12:22:08.111+0000] {processor.py:840} INFO - DAG(s) 'example_branch_operator' retrieved from /home/airflow/.local/lib/python3.12/site-packages/airflow/example_dags/example_branch_operator.py
[2024-07-31T12:22:08.139+0000] {logging_mixin.py:188} INFO - [2024-07-31T12:22:08.139+0000] {dag.py:3089} INFO - Sync 1 DAGs
[2024-07-31T12:22:08.167+0000] {logging_mixin.py:188} INFO - [2024-07-31T12:22:08.167+0000] {dag.py:3947} INFO - Setting next_dagrun for example_branch_operator to 2024-07-30 00:00:00+00:00, run_after=2024-07-31 00:00:00+00:00
[2024-07-31T12:22:08.194+0000] {processor.py:183} INFO - Processing /home/airflow/.local/lib/python3.12/site-packages/airflow/example_dags/example_branch_operator.py took 0.115 seconds
[2024-07-31T12:22:38.729+0000] {processor.py:161} INFO - Started process (PID=1657) to work on /home/airflow/.local/lib/python3.12/site-packages/airflow/example_dags/example_branch_operator.py
[2024-07-31T12:22:38.732+0000] {processor.py:830} INFO - Processing file /home/airflow/.local/lib/python3.12/site-packages/airflow/example_dags/example_branch_operator.py for tasks to queue
[2024-07-31T12:22:38.734+0000] {logging_mixin.py:188} INFO - [2024-07-31T12:22:38.733+0000] {dagbag.py:545} INFO - Filling up the DagBag from /home/airflow/.local/lib/python3.12/site-packages/airflow/example_dags/example_branch_operator.py
[2024-07-31T12:22:38.752+0000] {processor.py:840} INFO - DAG(s) 'example_branch_operator' retrieved from /home/airflow/.local/lib/python3.12/site-packages/airflow/example_dags/example_branch_operator.py
[2024-07-31T12:22:38.789+0000] {logging_mixin.py:188} INFO - [2024-07-31T12:22:38.789+0000] {dag.py:3089} INFO - Sync 1 DAGs
[2024-07-31T12:22:38.822+0000] {logging_mixin.py:188} INFO - [2024-07-31T12:22:38.821+0000] {dag.py:3947} INFO - Setting next_dagrun for example_branch_operator to 2024-07-30 00:00:00+00:00, run_after=2024-07-31 00:00:00+00:00
[2024-07-31T12:22:38.848+0000] {processor.py:183} INFO - Processing /home/airflow/.local/lib/python3.12/site-packages/airflow/example_dags/example_branch_operator.py took 0.125 seconds
[2024-07-31T12:23:09.054+0000] {processor.py:161} INFO - Started process (PID=1714) to work on /home/airflow/.local/lib/python3.12/site-packages/airflow/example_dags/example_branch_operator.py
[2024-07-31T12:23:09.056+0000] {processor.py:830} INFO - Processing file /home/airflow/.local/lib/python3.12/site-packages/airflow/example_dags/example_branch_operator.py for tasks to queue
[2024-07-31T12:23:09.059+0000] {logging_mixin.py:188} INFO - [2024-07-31T12:23:09.058+0000] {dagbag.py:545} INFO - Filling up the DagBag from /home/airflow/.local/lib/python3.12/site-packages/airflow/example_dags/example_branch_operator.py
[2024-07-31T12:23:09.082+0000] {processor.py:840} INFO - DAG(s) 'example_branch_operator' retrieved from /home/airflow/.local/lib/python3.12/site-packages/airflow/example_dags/example_branch_operator.py
[2024-07-31T12:23:09.126+0000] {logging_mixin.py:188} INFO - [2024-07-31T12:23:09.126+0000] {dag.py:3089} INFO - Sync 1 DAGs
[2024-07-31T12:23:09.345+0000] {logging_mixin.py:188} INFO - [2024-07-31T12:23:09.345+0000] {dag.py:3947} INFO - Setting next_dagrun for example_branch_operator to 2024-07-30 00:00:00+00:00, run_after=2024-07-31 00:00:00+00:00
[2024-07-31T12:23:09.390+0000] {processor.py:183} INFO - Processing /home/airflow/.local/lib/python3.12/site-packages/airflow/example_dags/example_branch_operator.py took 0.341 seconds
[2024-07-31T12:23:40.244+0000] {processor.py:161} INFO - Started process (PID=1773) to work on /home/airflow/.local/lib/python3.12/site-packages/airflow/example_dags/example_branch_operator.py
[2024-07-31T12:23:40.245+0000] {processor.py:830} INFO - Processing file /home/airflow/.local/lib/python3.12/site-packages/airflow/example_dags/example_branch_operator.py for tasks to queue
[2024-07-31T12:23:40.247+0000] {logging_mixin.py:188} INFO - [2024-07-31T12:23:40.246+0000] {dagbag.py:545} INFO - Filling up the DagBag from /home/airflow/.local/lib/python3.12/site-packages/airflow/example_dags/example_branch_operator.py
[2024-07-31T12:23:40.268+0000] {processor.py:840} INFO - DAG(s) 'example_branch_operator' retrieved from /home/airflow/.local/lib/python3.12/site-packages/airflow/example_dags/example_branch_operator.py
[2024-07-31T12:23:40.313+0000] {logging_mixin.py:188} INFO - [2024-07-31T12:23:40.313+0000] {dag.py:3089} INFO - Sync 1 DAGs
[2024-07-31T12:23:40.344+0000] {logging_mixin.py:188} INFO - [2024-07-31T12:23:40.344+0000] {dag.py:3947} INFO - Setting next_dagrun for example_branch_operator to 2024-07-30 00:00:00+00:00, run_after=2024-07-31 00:00:00+00:00
[2024-07-31T12:23:40.554+0000] {processor.py:183} INFO - Processing /home/airflow/.local/lib/python3.12/site-packages/airflow/example_dags/example_branch_operator.py took 0.315 seconds
[2024-07-31T12:24:10.812+0000] {processor.py:161} INFO - Started process (PID=1831) to work on /home/airflow/.local/lib/python3.12/site-packages/airflow/example_dags/example_branch_operator.py
[2024-07-31T12:24:10.815+0000] {processor.py:830} INFO - Processing file /home/airflow/.local/lib/python3.12/site-packages/airflow/example_dags/example_branch_operator.py for tasks to queue
[2024-07-31T12:24:10.817+0000] {logging_mixin.py:188} INFO - [2024-07-31T12:24:10.816+0000] {dagbag.py:545} INFO - Filling up the DagBag from /home/airflow/.local/lib/python3.12/site-packages/airflow/example_dags/example_branch_operator.py
[2024-07-31T12:24:10.834+0000] {processor.py:840} INFO - DAG(s) 'example_branch_operator' retrieved from /home/airflow/.local/lib/python3.12/site-packages/airflow/example_dags/example_branch_operator.py
[2024-07-31T12:24:10.870+0000] {logging_mixin.py:188} INFO - [2024-07-31T12:24:10.870+0000] {dag.py:3089} INFO - Sync 1 DAGs
[2024-07-31T12:24:10.898+0000] {logging_mixin.py:188} INFO - [2024-07-31T12:24:10.898+0000] {dag.py:3947} INFO - Setting next_dagrun for example_branch_operator to 2024-07-30 00:00:00+00:00, run_after=2024-07-31 00:00:00+00:00
[2024-07-31T12:24:11.117+0000] {processor.py:183} INFO - Processing /home/airflow/.local/lib/python3.12/site-packages/airflow/example_dags/example_branch_operator.py took 0.313 seconds
[2024-07-31T12:24:42.033+0000] {processor.py:161} INFO - Started process (PID=1890) to work on /home/airflow/.local/lib/python3.12/site-packages/airflow/example_dags/example_branch_operator.py
[2024-07-31T12:24:42.036+0000] {processor.py:830} INFO - Processing file /home/airflow/.local/lib/python3.12/site-packages/airflow/example_dags/example_branch_operator.py for tasks to queue
[2024-07-31T12:24:42.037+0000] {logging_mixin.py:188} INFO - [2024-07-31T12:24:42.037+0000] {dagbag.py:545} INFO - Filling up the DagBag from /home/airflow/.local/lib/python3.12/site-packages/airflow/example_dags/example_branch_operator.py
[2024-07-31T12:24:42.054+0000] {processor.py:840} INFO - DAG(s) 'example_branch_operator' retrieved from /home/airflow/.local/lib/python3.12/site-packages/airflow/example_dags/example_branch_operator.py
[2024-07-31T12:24:42.084+0000] {logging_mixin.py:188} INFO - [2024-07-31T12:24:42.084+0000] {dag.py:3089} INFO - Sync 1 DAGs
[2024-07-31T12:24:42.116+0000] {logging_mixin.py:188} INFO - [2024-07-31T12:24:42.115+0000] {dag.py:3947} INFO - Setting next_dagrun for example_branch_operator to 2024-07-30 00:00:00+00:00, run_after=2024-07-31 00:00:00+00:00
[2024-07-31T12:24:42.140+0000] {processor.py:183} INFO - Processing /home/airflow/.local/lib/python3.12/site-packages/airflow/example_dags/example_branch_operator.py took 0.113 seconds
[2024-07-31T12:25:12.884+0000] {processor.py:161} INFO - Started process (PID=1948) to work on /home/airflow/.local/lib/python3.12/site-packages/airflow/example_dags/example_branch_operator.py
[2024-07-31T12:25:12.885+0000] {processor.py:830} INFO - Processing file /home/airflow/.local/lib/python3.12/site-packages/airflow/example_dags/example_branch_operator.py for tasks to queue
[2024-07-31T12:25:12.887+0000] {logging_mixin.py:188} INFO - [2024-07-31T12:25:12.887+0000] {dagbag.py:545} INFO - Filling up the DagBag from /home/airflow/.local/lib/python3.12/site-packages/airflow/example_dags/example_branch_operator.py
[2024-07-31T12:25:12.911+0000] {processor.py:840} INFO - DAG(s) 'example_branch_operator' retrieved from /home/airflow/.local/lib/python3.12/site-packages/airflow/example_dags/example_branch_operator.py
[2024-07-31T12:25:12.952+0000] {logging_mixin.py:188} INFO - [2024-07-31T12:25:12.952+0000] {dag.py:3089} INFO - Sync 1 DAGs
[2024-07-31T12:25:12.984+0000] {logging_mixin.py:188} INFO - [2024-07-31T12:25:12.984+0000] {dag.py:3947} INFO - Setting next_dagrun for example_branch_operator to 2024-07-30 00:00:00+00:00, run_after=2024-07-31 00:00:00+00:00
[2024-07-31T12:25:13.014+0000] {processor.py:183} INFO - Processing /home/airflow/.local/lib/python3.12/site-packages/airflow/example_dags/example_branch_operator.py took 0.139 seconds
[2024-07-31T12:25:43.630+0000] {processor.py:161} INFO - Started process (PID=2006) to work on /home/airflow/.local/lib/python3.12/site-packages/airflow/example_dags/example_branch_operator.py
[2024-07-31T12:25:43.631+0000] {processor.py:830} INFO - Processing file /home/airflow/.local/lib/python3.12/site-packages/airflow/example_dags/example_branch_operator.py for tasks to queue
[2024-07-31T12:25:43.633+0000] {logging_mixin.py:188} INFO - [2024-07-31T12:25:43.632+0000] {dagbag.py:545} INFO - Filling up the DagBag from /home/airflow/.local/lib/python3.12/site-packages/airflow/example_dags/example_branch_operator.py
[2024-07-31T12:25:43.647+0000] {processor.py:840} INFO - DAG(s) 'example_branch_operator' retrieved from /home/airflow/.local/lib/python3.12/site-packages/airflow/example_dags/example_branch_operator.py
[2024-07-31T12:25:43.675+0000] {logging_mixin.py:188} INFO - [2024-07-31T12:25:43.675+0000] {dag.py:3089} INFO - Sync 1 DAGs
[2024-07-31T12:25:43.699+0000] {logging_mixin.py:188} INFO - [2024-07-31T12:25:43.699+0000] {dag.py:3947} INFO - Setting next_dagrun for example_branch_operator to 2024-07-30 00:00:00+00:00, run_after=2024-07-31 00:00:00+00:00
[2024-07-31T12:25:43.724+0000] {processor.py:183} INFO - Processing /home/airflow/.local/lib/python3.12/site-packages/airflow/example_dags/example_branch_operator.py took 0.101 seconds
[2024-07-31T12:26:14.211+0000] {processor.py:161} INFO - Started process (PID=2064) to work on /home/airflow/.local/lib/python3.12/site-packages/airflow/example_dags/example_branch_operator.py
[2024-07-31T12:26:14.212+0000] {processor.py:830} INFO - Processing file /home/airflow/.local/lib/python3.12/site-packages/airflow/example_dags/example_branch_operator.py for tasks to queue
[2024-07-31T12:26:14.213+0000] {logging_mixin.py:188} INFO - [2024-07-31T12:26:14.213+0000] {dagbag.py:545} INFO - Filling up the DagBag from /home/airflow/.local/lib/python3.12/site-packages/airflow/example_dags/example_branch_operator.py
[2024-07-31T12:26:14.234+0000] {processor.py:840} INFO - DAG(s) 'example_branch_operator' retrieved from /home/airflow/.local/lib/python3.12/site-packages/airflow/example_dags/example_branch_operator.py
[2024-07-31T12:26:14.270+0000] {logging_mixin.py:188} INFO - [2024-07-31T12:26:14.269+0000] {dag.py:3089} INFO - Sync 1 DAGs
[2024-07-31T12:26:14.301+0000] {logging_mixin.py:188} INFO - [2024-07-31T12:26:14.300+0000] {dag.py:3947} INFO - Setting next_dagrun for example_branch_operator to 2024-07-30 00:00:00+00:00, run_after=2024-07-31 00:00:00+00:00
[2024-07-31T12:26:14.345+0000] {processor.py:183} INFO - Processing /home/airflow/.local/lib/python3.12/site-packages/airflow/example_dags/example_branch_operator.py took 0.144 seconds
[2024-07-31T12:26:44.977+0000] {processor.py:161} INFO - Started process (PID=2121) to work on /home/airflow/.local/lib/python3.12/site-packages/airflow/example_dags/example_branch_operator.py
[2024-07-31T12:26:44.979+0000] {processor.py:830} INFO - Processing file /home/airflow/.local/lib/python3.12/site-packages/airflow/example_dags/example_branch_operator.py for tasks to queue
[2024-07-31T12:26:44.981+0000] {logging_mixin.py:188} INFO - [2024-07-31T12:26:44.981+0000] {dagbag.py:545} INFO - Filling up the DagBag from /home/airflow/.local/lib/python3.12/site-packages/airflow/example_dags/example_branch_operator.py
[2024-07-31T12:26:44.997+0000] {processor.py:840} INFO - DAG(s) 'example_branch_operator' retrieved from /home/airflow/.local/lib/python3.12/site-packages/airflow/example_dags/example_branch_operator.py
[2024-07-31T12:26:45.044+0000] {logging_mixin.py:188} INFO - [2024-07-31T12:26:45.043+0000] {dag.py:3089} INFO - Sync 1 DAGs
[2024-07-31T12:26:45.080+0000] {logging_mixin.py:188} INFO - [2024-07-31T12:26:45.079+0000] {dag.py:3947} INFO - Setting next_dagrun for example_branch_operator to 2024-07-30 00:00:00+00:00, run_after=2024-07-31 00:00:00+00:00
[2024-07-31T12:26:45.112+0000] {processor.py:183} INFO - Processing /home/airflow/.local/lib/python3.12/site-packages/airflow/example_dags/example_branch_operator.py took 0.142 seconds
[2024-07-31T12:27:15.197+0000] {processor.py:161} INFO - Started process (PID=2179) to work on /home/airflow/.local/lib/python3.12/site-packages/airflow/example_dags/example_branch_operator.py
[2024-07-31T12:27:15.198+0000] {processor.py:830} INFO - Processing file /home/airflow/.local/lib/python3.12/site-packages/airflow/example_dags/example_branch_operator.py for tasks to queue
[2024-07-31T12:27:15.199+0000] {logging_mixin.py:188} INFO - [2024-07-31T12:27:15.199+0000] {dagbag.py:545} INFO - Filling up the DagBag from /home/airflow/.local/lib/python3.12/site-packages/airflow/example_dags/example_branch_operator.py
[2024-07-31T12:27:15.226+0000] {processor.py:840} INFO - DAG(s) 'example_branch_operator' retrieved from /home/airflow/.local/lib/python3.12/site-packages/airflow/example_dags/example_branch_operator.py
[2024-07-31T12:27:15.261+0000] {logging_mixin.py:188} INFO - [2024-07-31T12:27:15.261+0000] {dag.py:3089} INFO - Sync 1 DAGs
[2024-07-31T12:27:15.289+0000] {logging_mixin.py:188} INFO - [2024-07-31T12:27:15.289+0000] {dag.py:3947} INFO - Setting next_dagrun for example_branch_operator to 2024-07-30 00:00:00+00:00, run_after=2024-07-31 00:00:00+00:00
[2024-07-31T12:27:15.319+0000] {processor.py:183} INFO - Processing /home/airflow/.local/lib/python3.12/site-packages/airflow/example_dags/example_branch_operator.py took 0.127 seconds
[2024-07-31T12:27:45.896+0000] {processor.py:161} INFO - Started process (PID=2237) to work on /home/airflow/.local/lib/python3.12/site-packages/airflow/example_dags/example_branch_operator.py
[2024-07-31T12:27:45.898+0000] {processor.py:830} INFO - Processing file /home/airflow/.local/lib/python3.12/site-packages/airflow/example_dags/example_branch_operator.py for tasks to queue
[2024-07-31T12:27:45.901+0000] {logging_mixin.py:188} INFO - [2024-07-31T12:27:45.900+0000] {dagbag.py:545} INFO - Filling up the DagBag from /home/airflow/.local/lib/python3.12/site-packages/airflow/example_dags/example_branch_operator.py
[2024-07-31T12:27:45.930+0000] {processor.py:840} INFO - DAG(s) 'example_branch_operator' retrieved from /home/airflow/.local/lib/python3.12/site-packages/airflow/example_dags/example_branch_operator.py
[2024-07-31T12:27:45.975+0000] {logging_mixin.py:188} INFO - [2024-07-31T12:27:45.974+0000] {dag.py:3089} INFO - Sync 1 DAGs
[2024-07-31T12:27:46.023+0000] {logging_mixin.py:188} INFO - [2024-07-31T12:27:46.023+0000] {dag.py:3947} INFO - Setting next_dagrun for example_branch_operator to 2024-07-30 00:00:00+00:00, run_after=2024-07-31 00:00:00+00:00
[2024-07-31T12:27:46.066+0000] {processor.py:183} INFO - Processing /home/airflow/.local/lib/python3.12/site-packages/airflow/example_dags/example_branch_operator.py took 0.181 seconds
[2024-07-31T12:28:16.883+0000] {processor.py:161} INFO - Started process (PID=2295) to work on /home/airflow/.local/lib/python3.12/site-packages/airflow/example_dags/example_branch_operator.py
[2024-07-31T12:28:16.884+0000] {processor.py:830} INFO - Processing file /home/airflow/.local/lib/python3.12/site-packages/airflow/example_dags/example_branch_operator.py for tasks to queue
[2024-07-31T12:28:16.888+0000] {logging_mixin.py:188} INFO - [2024-07-31T12:28:16.887+0000] {dagbag.py:545} INFO - Filling up the DagBag from /home/airflow/.local/lib/python3.12/site-packages/airflow/example_dags/example_branch_operator.py
[2024-07-31T12:28:16.916+0000] {processor.py:840} INFO - DAG(s) 'example_branch_operator' retrieved from /home/airflow/.local/lib/python3.12/site-packages/airflow/example_dags/example_branch_operator.py
[2024-07-31T12:28:16.953+0000] {logging_mixin.py:188} INFO - [2024-07-31T12:28:16.952+0000] {dag.py:3089} INFO - Sync 1 DAGs
[2024-07-31T12:28:16.987+0000] {logging_mixin.py:188} INFO - [2024-07-31T12:28:16.986+0000] {dag.py:3947} INFO - Setting next_dagrun for example_branch_operator to 2024-07-30 00:00:00+00:00, run_after=2024-07-31 00:00:00+00:00
[2024-07-31T12:28:17.031+0000] {processor.py:183} INFO - Processing /home/airflow/.local/lib/python3.12/site-packages/airflow/example_dags/example_branch_operator.py took 0.156 seconds
[2024-07-31T12:28:47.254+0000] {processor.py:161} INFO - Started process (PID=2353) to work on /home/airflow/.local/lib/python3.12/site-packages/airflow/example_dags/example_branch_operator.py
[2024-07-31T12:28:47.257+0000] {processor.py:830} INFO - Processing file /home/airflow/.local/lib/python3.12/site-packages/airflow/example_dags/example_branch_operator.py for tasks to queue
[2024-07-31T12:28:47.260+0000] {logging_mixin.py:188} INFO - [2024-07-31T12:28:47.259+0000] {dagbag.py:545} INFO - Filling up the DagBag from /home/airflow/.local/lib/python3.12/site-packages/airflow/example_dags/example_branch_operator.py
[2024-07-31T12:28:47.285+0000] {processor.py:840} INFO - DAG(s) 'example_branch_operator' retrieved from /home/airflow/.local/lib/python3.12/site-packages/airflow/example_dags/example_branch_operator.py
[2024-07-31T12:28:47.333+0000] {logging_mixin.py:188} INFO - [2024-07-31T12:28:47.333+0000] {dag.py:3089} INFO - Sync 1 DAGs
[2024-07-31T12:28:47.369+0000] {logging_mixin.py:188} INFO - [2024-07-31T12:28:47.369+0000] {dag.py:3947} INFO - Setting next_dagrun for example_branch_operator to 2024-07-30 00:00:00+00:00, run_after=2024-07-31 00:00:00+00:00
[2024-07-31T12:28:47.408+0000] {processor.py:183} INFO - Processing /home/airflow/.local/lib/python3.12/site-packages/airflow/example_dags/example_branch_operator.py took 0.160 seconds
[2024-07-31T12:29:17.891+0000] {processor.py:161} INFO - Started process (PID=2411) to work on /home/airflow/.local/lib/python3.12/site-packages/airflow/example_dags/example_branch_operator.py
[2024-07-31T12:29:17.892+0000] {processor.py:830} INFO - Processing file /home/airflow/.local/lib/python3.12/site-packages/airflow/example_dags/example_branch_operator.py for tasks to queue
[2024-07-31T12:29:17.893+0000] {logging_mixin.py:188} INFO - [2024-07-31T12:29:17.893+0000] {dagbag.py:545} INFO - Filling up the DagBag from /home/airflow/.local/lib/python3.12/site-packages/airflow/example_dags/example_branch_operator.py
[2024-07-31T12:29:17.909+0000] {processor.py:840} INFO - DAG(s) 'example_branch_operator' retrieved from /home/airflow/.local/lib/python3.12/site-packages/airflow/example_dags/example_branch_operator.py
[2024-07-31T12:29:17.957+0000] {logging_mixin.py:188} INFO - [2024-07-31T12:29:17.957+0000] {dag.py:3089} INFO - Sync 1 DAGs
[2024-07-31T12:29:18.001+0000] {logging_mixin.py:188} INFO - [2024-07-31T12:29:18.001+0000] {dag.py:3947} INFO - Setting next_dagrun for example_branch_operator to 2024-07-30 00:00:00+00:00, run_after=2024-07-31 00:00:00+00:00
[2024-07-31T12:29:18.035+0000] {processor.py:183} INFO - Processing /home/airflow/.local/lib/python3.12/site-packages/airflow/example_dags/example_branch_operator.py took 0.151 seconds
[2024-07-31T12:29:48.523+0000] {processor.py:161} INFO - Started process (PID=2468) to work on /home/airflow/.local/lib/python3.12/site-packages/airflow/example_dags/example_branch_operator.py
[2024-07-31T12:29:48.525+0000] {processor.py:830} INFO - Processing file /home/airflow/.local/lib/python3.12/site-packages/airflow/example_dags/example_branch_operator.py for tasks to queue
[2024-07-31T12:29:48.527+0000] {logging_mixin.py:188} INFO - [2024-07-31T12:29:48.526+0000] {dagbag.py:545} INFO - Filling up the DagBag from /home/airflow/.local/lib/python3.12/site-packages/airflow/example_dags/example_branch_operator.py
[2024-07-31T12:29:48.544+0000] {processor.py:840} INFO - DAG(s) 'example_branch_operator' retrieved from /home/airflow/.local/lib/python3.12/site-packages/airflow/example_dags/example_branch_operator.py
[2024-07-31T12:29:48.573+0000] {logging_mixin.py:188} INFO - [2024-07-31T12:29:48.572+0000] {dag.py:3089} INFO - Sync 1 DAGs
[2024-07-31T12:29:48.606+0000] {logging_mixin.py:188} INFO - [2024-07-31T12:29:48.606+0000] {dag.py:3947} INFO - Setting next_dagrun for example_branch_operator to 2024-07-30 00:00:00+00:00, run_after=2024-07-31 00:00:00+00:00
[2024-07-31T12:29:48.633+0000] {processor.py:183} INFO - Processing /home/airflow/.local/lib/python3.12/site-packages/airflow/example_dags/example_branch_operator.py took 0.116 seconds
[2024-07-31T12:30:19.251+0000] {processor.py:161} INFO - Started process (PID=2526) to work on /home/airflow/.local/lib/python3.12/site-packages/airflow/example_dags/example_branch_operator.py
[2024-07-31T12:30:19.252+0000] {processor.py:830} INFO - Processing file /home/airflow/.local/lib/python3.12/site-packages/airflow/example_dags/example_branch_operator.py for tasks to queue
[2024-07-31T12:30:19.254+0000] {logging_mixin.py:188} INFO - [2024-07-31T12:30:19.254+0000] {dagbag.py:545} INFO - Filling up the DagBag from /home/airflow/.local/lib/python3.12/site-packages/airflow/example_dags/example_branch_operator.py
[2024-07-31T12:30:19.271+0000] {processor.py:840} INFO - DAG(s) 'example_branch_operator' retrieved from /home/airflow/.local/lib/python3.12/site-packages/airflow/example_dags/example_branch_operator.py
[2024-07-31T12:30:19.301+0000] {logging_mixin.py:188} INFO - [2024-07-31T12:30:19.301+0000] {dag.py:3089} INFO - Sync 1 DAGs
[2024-07-31T12:30:19.328+0000] {logging_mixin.py:188} INFO - [2024-07-31T12:30:19.328+0000] {dag.py:3947} INFO - Setting next_dagrun for example_branch_operator to 2024-07-30 00:00:00+00:00, run_after=2024-07-31 00:00:00+00:00
[2024-07-31T12:30:19.357+0000] {processor.py:183} INFO - Processing /home/airflow/.local/lib/python3.12/site-packages/airflow/example_dags/example_branch_operator.py took 0.112 seconds
[2024-07-31T12:30:49.793+0000] {processor.py:161} INFO - Started process (PID=2584) to work on /home/airflow/.local/lib/python3.12/site-packages/airflow/example_dags/example_branch_operator.py
[2024-07-31T12:30:49.795+0000] {processor.py:830} INFO - Processing file /home/airflow/.local/lib/python3.12/site-packages/airflow/example_dags/example_branch_operator.py for tasks to queue
[2024-07-31T12:30:49.797+0000] {logging_mixin.py:188} INFO - [2024-07-31T12:30:49.797+0000] {dagbag.py:545} INFO - Filling up the DagBag from /home/airflow/.local/lib/python3.12/site-packages/airflow/example_dags/example_branch_operator.py
[2024-07-31T12:30:49.818+0000] {processor.py:840} INFO - DAG(s) 'example_branch_operator' retrieved from /home/airflow/.local/lib/python3.12/site-packages/airflow/example_dags/example_branch_operator.py
[2024-07-31T12:30:49.869+0000] {logging_mixin.py:188} INFO - [2024-07-31T12:30:49.869+0000] {dag.py:3089} INFO - Sync 1 DAGs
[2024-07-31T12:30:49.921+0000] {logging_mixin.py:188} INFO - [2024-07-31T12:30:49.921+0000] {dag.py:3947} INFO - Setting next_dagrun for example_branch_operator to 2024-07-30 00:00:00+00:00, run_after=2024-07-31 00:00:00+00:00
[2024-07-31T12:30:49.980+0000] {processor.py:183} INFO - Processing /home/airflow/.local/lib/python3.12/site-packages/airflow/example_dags/example_branch_operator.py took 0.194 seconds
[2024-07-31T12:31:20.395+0000] {processor.py:161} INFO - Started process (PID=2641) to work on /home/airflow/.local/lib/python3.12/site-packages/airflow/example_dags/example_branch_operator.py
[2024-07-31T12:31:20.396+0000] {processor.py:830} INFO - Processing file /home/airflow/.local/lib/python3.12/site-packages/airflow/example_dags/example_branch_operator.py for tasks to queue
[2024-07-31T12:31:20.399+0000] {logging_mixin.py:188} INFO - [2024-07-31T12:31:20.398+0000] {dagbag.py:545} INFO - Filling up the DagBag from /home/airflow/.local/lib/python3.12/site-packages/airflow/example_dags/example_branch_operator.py
[2024-07-31T12:31:20.425+0000] {processor.py:840} INFO - DAG(s) 'example_branch_operator' retrieved from /home/airflow/.local/lib/python3.12/site-packages/airflow/example_dags/example_branch_operator.py
[2024-07-31T12:31:20.466+0000] {logging_mixin.py:188} INFO - [2024-07-31T12:31:20.466+0000] {dag.py:3089} INFO - Sync 1 DAGs
[2024-07-31T12:31:20.494+0000] {logging_mixin.py:188} INFO - [2024-07-31T12:31:20.493+0000] {dag.py:3947} INFO - Setting next_dagrun for example_branch_operator to 2024-07-30 00:00:00+00:00, run_after=2024-07-31 00:00:00+00:00
[2024-07-31T12:31:20.522+0000] {processor.py:183} INFO - Processing /home/airflow/.local/lib/python3.12/site-packages/airflow/example_dags/example_branch_operator.py took 0.135 seconds
[2024-07-31T12:31:50.850+0000] {processor.py:161} INFO - Started process (PID=2699) to work on /home/airflow/.local/lib/python3.12/site-packages/airflow/example_dags/example_branch_operator.py
[2024-07-31T12:31:50.851+0000] {processor.py:830} INFO - Processing file /home/airflow/.local/lib/python3.12/site-packages/airflow/example_dags/example_branch_operator.py for tasks to queue
[2024-07-31T12:31:50.855+0000] {logging_mixin.py:188} INFO - [2024-07-31T12:31:50.855+0000] {dagbag.py:545} INFO - Filling up the DagBag from /home/airflow/.local/lib/python3.12/site-packages/airflow/example_dags/example_branch_operator.py
[2024-07-31T12:31:50.893+0000] {processor.py:840} INFO - DAG(s) 'example_branch_operator' retrieved from /home/airflow/.local/lib/python3.12/site-packages/airflow/example_dags/example_branch_operator.py
[2024-07-31T12:31:50.930+0000] {logging_mixin.py:188} INFO - [2024-07-31T12:31:50.930+0000] {dag.py:3089} INFO - Sync 1 DAGs
[2024-07-31T12:31:50.957+0000] {logging_mixin.py:188} INFO - [2024-07-31T12:31:50.957+0000] {dag.py:3947} INFO - Setting next_dagrun for example_branch_operator to 2024-07-30 00:00:00+00:00, run_after=2024-07-31 00:00:00+00:00
[2024-07-31T12:31:50.982+0000] {processor.py:183} INFO - Processing /home/airflow/.local/lib/python3.12/site-packages/airflow/example_dags/example_branch_operator.py took 0.148 seconds
[2024-07-31T12:32:21.047+0000] {processor.py:161} INFO - Started process (PID=2757) to work on /home/airflow/.local/lib/python3.12/site-packages/airflow/example_dags/example_branch_operator.py
[2024-07-31T12:32:21.048+0000] {processor.py:830} INFO - Processing file /home/airflow/.local/lib/python3.12/site-packages/airflow/example_dags/example_branch_operator.py for tasks to queue
[2024-07-31T12:32:21.050+0000] {logging_mixin.py:188} INFO - [2024-07-31T12:32:21.049+0000] {dagbag.py:545} INFO - Filling up the DagBag from /home/airflow/.local/lib/python3.12/site-packages/airflow/example_dags/example_branch_operator.py
[2024-07-31T12:32:21.077+0000] {processor.py:840} INFO - DAG(s) 'example_branch_operator' retrieved from /home/airflow/.local/lib/python3.12/site-packages/airflow/example_dags/example_branch_operator.py
[2024-07-31T12:32:21.121+0000] {logging_mixin.py:188} INFO - [2024-07-31T12:32:21.121+0000] {dag.py:3089} INFO - Sync 1 DAGs
[2024-07-31T12:32:21.150+0000] {logging_mixin.py:188} INFO - [2024-07-31T12:32:21.150+0000] {dag.py:3947} INFO - Setting next_dagrun for example_branch_operator to 2024-07-30 00:00:00+00:00, run_after=2024-07-31 00:00:00+00:00
[2024-07-31T12:32:21.180+0000] {processor.py:183} INFO - Processing /home/airflow/.local/lib/python3.12/site-packages/airflow/example_dags/example_branch_operator.py took 0.139 seconds
[2024-07-31T12:32:51.480+0000] {processor.py:161} INFO - Started process (PID=2815) to work on /home/airflow/.local/lib/python3.12/site-packages/airflow/example_dags/example_branch_operator.py
[2024-07-31T12:32:51.483+0000] {processor.py:830} INFO - Processing file /home/airflow/.local/lib/python3.12/site-packages/airflow/example_dags/example_branch_operator.py for tasks to queue
[2024-07-31T12:32:51.485+0000] {logging_mixin.py:188} INFO - [2024-07-31T12:32:51.484+0000] {dagbag.py:545} INFO - Filling up the DagBag from /home/airflow/.local/lib/python3.12/site-packages/airflow/example_dags/example_branch_operator.py
[2024-07-31T12:32:51.504+0000] {processor.py:840} INFO - DAG(s) 'example_branch_operator' retrieved from /home/airflow/.local/lib/python3.12/site-packages/airflow/example_dags/example_branch_operator.py
[2024-07-31T12:32:51.535+0000] {logging_mixin.py:188} INFO - [2024-07-31T12:32:51.535+0000] {dag.py:3089} INFO - Sync 1 DAGs
[2024-07-31T12:32:51.561+0000] {logging_mixin.py:188} INFO - [2024-07-31T12:32:51.560+0000] {dag.py:3947} INFO - Setting next_dagrun for example_branch_operator to 2024-07-30 00:00:00+00:00, run_after=2024-07-31 00:00:00+00:00
[2024-07-31T12:32:51.595+0000] {processor.py:183} INFO - Processing /home/airflow/.local/lib/python3.12/site-packages/airflow/example_dags/example_branch_operator.py took 0.122 seconds
[2024-07-31T12:33:22.361+0000] {processor.py:161} INFO - Started process (PID=2873) to work on /home/airflow/.local/lib/python3.12/site-packages/airflow/example_dags/example_branch_operator.py
[2024-07-31T12:33:22.362+0000] {processor.py:830} INFO - Processing file /home/airflow/.local/lib/python3.12/site-packages/airflow/example_dags/example_branch_operator.py for tasks to queue
[2024-07-31T12:33:22.365+0000] {logging_mixin.py:188} INFO - [2024-07-31T12:33:22.364+0000] {dagbag.py:545} INFO - Filling up the DagBag from /home/airflow/.local/lib/python3.12/site-packages/airflow/example_dags/example_branch_operator.py
[2024-07-31T12:33:22.382+0000] {processor.py:840} INFO - DAG(s) 'example_branch_operator' retrieved from /home/airflow/.local/lib/python3.12/site-packages/airflow/example_dags/example_branch_operator.py
[2024-07-31T12:33:22.416+0000] {logging_mixin.py:188} INFO - [2024-07-31T12:33:22.416+0000] {dag.py:3089} INFO - Sync 1 DAGs
[2024-07-31T12:33:22.456+0000] {logging_mixin.py:188} INFO - [2024-07-31T12:33:22.455+0000] {dag.py:3947} INFO - Setting next_dagrun for example_branch_operator to 2024-07-30 00:00:00+00:00, run_after=2024-07-31 00:00:00+00:00
[2024-07-31T12:33:22.493+0000] {processor.py:183} INFO - Processing /home/airflow/.local/lib/python3.12/site-packages/airflow/example_dags/example_branch_operator.py took 0.140 seconds
[2024-07-31T12:33:52.841+0000] {processor.py:161} INFO - Started process (PID=2931) to work on /home/airflow/.local/lib/python3.12/site-packages/airflow/example_dags/example_branch_operator.py
[2024-07-31T12:33:52.844+0000] {processor.py:830} INFO - Processing file /home/airflow/.local/lib/python3.12/site-packages/airflow/example_dags/example_branch_operator.py for tasks to queue
[2024-07-31T12:33:52.848+0000] {logging_mixin.py:188} INFO - [2024-07-31T12:33:52.847+0000] {dagbag.py:545} INFO - Filling up the DagBag from /home/airflow/.local/lib/python3.12/site-packages/airflow/example_dags/example_branch_operator.py
[2024-07-31T12:33:52.874+0000] {processor.py:840} INFO - DAG(s) 'example_branch_operator' retrieved from /home/airflow/.local/lib/python3.12/site-packages/airflow/example_dags/example_branch_operator.py
[2024-07-31T12:33:52.917+0000] {logging_mixin.py:188} INFO - [2024-07-31T12:33:52.917+0000] {dag.py:3089} INFO - Sync 1 DAGs
[2024-07-31T12:33:52.948+0000] {logging_mixin.py:188} INFO - [2024-07-31T12:33:52.948+0000] {dag.py:3947} INFO - Setting next_dagrun for example_branch_operator to 2024-07-30 00:00:00+00:00, run_after=2024-07-31 00:00:00+00:00
[2024-07-31T12:33:52.975+0000] {processor.py:183} INFO - Processing /home/airflow/.local/lib/python3.12/site-packages/airflow/example_dags/example_branch_operator.py took 0.147 seconds
[2024-07-31T12:34:23.262+0000] {processor.py:161} INFO - Started process (PID=2989) to work on /home/airflow/.local/lib/python3.12/site-packages/airflow/example_dags/example_branch_operator.py
[2024-07-31T12:34:23.263+0000] {processor.py:830} INFO - Processing file /home/airflow/.local/lib/python3.12/site-packages/airflow/example_dags/example_branch_operator.py for tasks to queue
[2024-07-31T12:34:23.266+0000] {logging_mixin.py:188} INFO - [2024-07-31T12:34:23.265+0000] {dagbag.py:545} INFO - Filling up the DagBag from /home/airflow/.local/lib/python3.12/site-packages/airflow/example_dags/example_branch_operator.py
[2024-07-31T12:34:23.292+0000] {processor.py:840} INFO - DAG(s) 'example_branch_operator' retrieved from /home/airflow/.local/lib/python3.12/site-packages/airflow/example_dags/example_branch_operator.py
[2024-07-31T12:34:23.339+0000] {logging_mixin.py:188} INFO - [2024-07-31T12:34:23.339+0000] {dag.py:3089} INFO - Sync 1 DAGs
[2024-07-31T12:34:23.382+0000] {logging_mixin.py:188} INFO - [2024-07-31T12:34:23.382+0000] {dag.py:3947} INFO - Setting next_dagrun for example_branch_operator to 2024-07-30 00:00:00+00:00, run_after=2024-07-31 00:00:00+00:00
[2024-07-31T12:34:23.425+0000] {processor.py:183} INFO - Processing /home/airflow/.local/lib/python3.12/site-packages/airflow/example_dags/example_branch_operator.py took 0.174 seconds
[2024-07-31T12:34:53.505+0000] {processor.py:161} INFO - Started process (PID=3046) to work on /home/airflow/.local/lib/python3.12/site-packages/airflow/example_dags/example_branch_operator.py
[2024-07-31T12:34:53.508+0000] {processor.py:830} INFO - Processing file /home/airflow/.local/lib/python3.12/site-packages/airflow/example_dags/example_branch_operator.py for tasks to queue
[2024-07-31T12:34:53.510+0000] {logging_mixin.py:188} INFO - [2024-07-31T12:34:53.510+0000] {dagbag.py:545} INFO - Filling up the DagBag from /home/airflow/.local/lib/python3.12/site-packages/airflow/example_dags/example_branch_operator.py
[2024-07-31T12:34:53.534+0000] {processor.py:840} INFO - DAG(s) 'example_branch_operator' retrieved from /home/airflow/.local/lib/python3.12/site-packages/airflow/example_dags/example_branch_operator.py
[2024-07-31T12:34:53.581+0000] {logging_mixin.py:188} INFO - [2024-07-31T12:34:53.580+0000] {dag.py:3089} INFO - Sync 1 DAGs
[2024-07-31T12:34:53.614+0000] {logging_mixin.py:188} INFO - [2024-07-31T12:34:53.614+0000] {dag.py:3947} INFO - Setting next_dagrun for example_branch_operator to 2024-07-30 00:00:00+00:00, run_after=2024-07-31 00:00:00+00:00
[2024-07-31T12:34:53.651+0000] {processor.py:183} INFO - Processing /home/airflow/.local/lib/python3.12/site-packages/airflow/example_dags/example_branch_operator.py took 0.156 seconds
[2024-07-31T12:35:23.822+0000] {processor.py:161} INFO - Started process (PID=3104) to work on /home/airflow/.local/lib/python3.12/site-packages/airflow/example_dags/example_branch_operator.py
[2024-07-31T12:35:23.823+0000] {processor.py:830} INFO - Processing file /home/airflow/.local/lib/python3.12/site-packages/airflow/example_dags/example_branch_operator.py for tasks to queue
[2024-07-31T12:35:23.827+0000] {logging_mixin.py:188} INFO - [2024-07-31T12:35:23.826+0000] {dagbag.py:545} INFO - Filling up the DagBag from /home/airflow/.local/lib/python3.12/site-packages/airflow/example_dags/example_branch_operator.py
[2024-07-31T12:35:23.873+0000] {processor.py:840} INFO - DAG(s) 'example_branch_operator' retrieved from /home/airflow/.local/lib/python3.12/site-packages/airflow/example_dags/example_branch_operator.py
[2024-07-31T12:35:23.937+0000] {logging_mixin.py:188} INFO - [2024-07-31T12:35:23.937+0000] {dag.py:3089} INFO - Sync 1 DAGs
[2024-07-31T12:35:23.969+0000] {logging_mixin.py:188} INFO - [2024-07-31T12:35:23.969+0000] {dag.py:3947} INFO - Setting next_dagrun for example_branch_operator to 2024-07-30 00:00:00+00:00, run_after=2024-07-31 00:00:00+00:00
[2024-07-31T12:35:24.006+0000] {processor.py:183} INFO - Processing /home/airflow/.local/lib/python3.12/site-packages/airflow/example_dags/example_branch_operator.py took 0.195 seconds
[2024-07-31T12:35:54.115+0000] {processor.py:161} INFO - Started process (PID=3161) to work on /home/airflow/.local/lib/python3.12/site-packages/airflow/example_dags/example_branch_operator.py
[2024-07-31T12:35:54.116+0000] {processor.py:830} INFO - Processing file /home/airflow/.local/lib/python3.12/site-packages/airflow/example_dags/example_branch_operator.py for tasks to queue
[2024-07-31T12:35:54.118+0000] {logging_mixin.py:188} INFO - [2024-07-31T12:35:54.117+0000] {dagbag.py:545} INFO - Filling up the DagBag from /home/airflow/.local/lib/python3.12/site-packages/airflow/example_dags/example_branch_operator.py
[2024-07-31T12:35:54.137+0000] {processor.py:840} INFO - DAG(s) 'example_branch_operator' retrieved from /home/airflow/.local/lib/python3.12/site-packages/airflow/example_dags/example_branch_operator.py
[2024-07-31T12:35:54.187+0000] {logging_mixin.py:188} INFO - [2024-07-31T12:35:54.186+0000] {dag.py:3089} INFO - Sync 1 DAGs
[2024-07-31T12:35:54.219+0000] {logging_mixin.py:188} INFO - [2024-07-31T12:35:54.218+0000] {dag.py:3947} INFO - Setting next_dagrun for example_branch_operator to 2024-07-30 00:00:00+00:00, run_after=2024-07-31 00:00:00+00:00
[2024-07-31T12:35:54.275+0000] {processor.py:183} INFO - Processing /home/airflow/.local/lib/python3.12/site-packages/airflow/example_dags/example_branch_operator.py took 0.168 seconds
[2024-07-31T12:36:24.361+0000] {processor.py:161} INFO - Started process (PID=3217) to work on /home/airflow/.local/lib/python3.12/site-packages/airflow/example_dags/example_branch_operator.py
[2024-07-31T12:36:24.361+0000] {processor.py:830} INFO - Processing file /home/airflow/.local/lib/python3.12/site-packages/airflow/example_dags/example_branch_operator.py for tasks to queue
[2024-07-31T12:36:24.363+0000] {logging_mixin.py:188} INFO - [2024-07-31T12:36:24.363+0000] {dagbag.py:545} INFO - Filling up the DagBag from /home/airflow/.local/lib/python3.12/site-packages/airflow/example_dags/example_branch_operator.py
[2024-07-31T12:36:24.386+0000] {processor.py:840} INFO - DAG(s) 'example_branch_operator' retrieved from /home/airflow/.local/lib/python3.12/site-packages/airflow/example_dags/example_branch_operator.py
[2024-07-31T12:36:24.424+0000] {logging_mixin.py:188} INFO - [2024-07-31T12:36:24.424+0000] {dag.py:3089} INFO - Sync 1 DAGs
[2024-07-31T12:36:24.455+0000] {logging_mixin.py:188} INFO - [2024-07-31T12:36:24.455+0000] {dag.py:3947} INFO - Setting next_dagrun for example_branch_operator to 2024-07-30 00:00:00+00:00, run_after=2024-07-31 00:00:00+00:00
[2024-07-31T12:36:24.484+0000] {processor.py:183} INFO - Processing /home/airflow/.local/lib/python3.12/site-packages/airflow/example_dags/example_branch_operator.py took 0.130 seconds
[2024-07-31T12:36:54.819+0000] {processor.py:161} INFO - Started process (PID=3274) to work on /home/airflow/.local/lib/python3.12/site-packages/airflow/example_dags/example_branch_operator.py
[2024-07-31T12:36:54.821+0000] {processor.py:830} INFO - Processing file /home/airflow/.local/lib/python3.12/site-packages/airflow/example_dags/example_branch_operator.py for tasks to queue
[2024-07-31T12:36:54.824+0000] {logging_mixin.py:188} INFO - [2024-07-31T12:36:54.823+0000] {dagbag.py:545} INFO - Filling up the DagBag from /home/airflow/.local/lib/python3.12/site-packages/airflow/example_dags/example_branch_operator.py
[2024-07-31T12:36:54.859+0000] {processor.py:840} INFO - DAG(s) 'example_branch_operator' retrieved from /home/airflow/.local/lib/python3.12/site-packages/airflow/example_dags/example_branch_operator.py
[2024-07-31T12:36:54.904+0000] {logging_mixin.py:188} INFO - [2024-07-31T12:36:54.904+0000] {dag.py:3089} INFO - Sync 1 DAGs
[2024-07-31T12:36:54.941+0000] {logging_mixin.py:188} INFO - [2024-07-31T12:36:54.941+0000] {dag.py:3947} INFO - Setting next_dagrun for example_branch_operator to 2024-07-30 00:00:00+00:00, run_after=2024-07-31 00:00:00+00:00
[2024-07-31T12:36:54.976+0000] {processor.py:183} INFO - Processing /home/airflow/.local/lib/python3.12/site-packages/airflow/example_dags/example_branch_operator.py took 0.167 seconds
[2024-07-31T12:37:25.362+0000] {processor.py:161} INFO - Started process (PID=3332) to work on /home/airflow/.local/lib/python3.12/site-packages/airflow/example_dags/example_branch_operator.py
[2024-07-31T12:37:25.363+0000] {processor.py:830} INFO - Processing file /home/airflow/.local/lib/python3.12/site-packages/airflow/example_dags/example_branch_operator.py for tasks to queue
[2024-07-31T12:37:25.364+0000] {logging_mixin.py:188} INFO - [2024-07-31T12:37:25.364+0000] {dagbag.py:545} INFO - Filling up the DagBag from /home/airflow/.local/lib/python3.12/site-packages/airflow/example_dags/example_branch_operator.py
[2024-07-31T12:37:25.383+0000] {processor.py:840} INFO - DAG(s) 'example_branch_operator' retrieved from /home/airflow/.local/lib/python3.12/site-packages/airflow/example_dags/example_branch_operator.py
[2024-07-31T12:37:25.415+0000] {logging_mixin.py:188} INFO - [2024-07-31T12:37:25.414+0000] {dag.py:3089} INFO - Sync 1 DAGs
[2024-07-31T12:37:25.447+0000] {logging_mixin.py:188} INFO - [2024-07-31T12:37:25.446+0000] {dag.py:3947} INFO - Setting next_dagrun for example_branch_operator to 2024-07-30 00:00:00+00:00, run_after=2024-07-31 00:00:00+00:00
[2024-07-31T12:37:25.487+0000] {processor.py:183} INFO - Processing /home/airflow/.local/lib/python3.12/site-packages/airflow/example_dags/example_branch_operator.py took 0.131 seconds
[2024-07-31T12:37:55.767+0000] {processor.py:161} INFO - Started process (PID=3387) to work on /home/airflow/.local/lib/python3.12/site-packages/airflow/example_dags/example_branch_operator.py
[2024-07-31T12:37:55.770+0000] {processor.py:830} INFO - Processing file /home/airflow/.local/lib/python3.12/site-packages/airflow/example_dags/example_branch_operator.py for tasks to queue
[2024-07-31T12:37:55.771+0000] {logging_mixin.py:188} INFO - [2024-07-31T12:37:55.771+0000] {dagbag.py:545} INFO - Filling up the DagBag from /home/airflow/.local/lib/python3.12/site-packages/airflow/example_dags/example_branch_operator.py
[2024-07-31T12:37:55.790+0000] {processor.py:840} INFO - DAG(s) 'example_branch_operator' retrieved from /home/airflow/.local/lib/python3.12/site-packages/airflow/example_dags/example_branch_operator.py
[2024-07-31T12:37:55.829+0000] {logging_mixin.py:188} INFO - [2024-07-31T12:37:55.829+0000] {dag.py:3089} INFO - Sync 1 DAGs
[2024-07-31T12:37:55.867+0000] {logging_mixin.py:188} INFO - [2024-07-31T12:37:55.867+0000] {dag.py:3947} INFO - Setting next_dagrun for example_branch_operator to 2024-07-30 00:00:00+00:00, run_after=2024-07-31 00:00:00+00:00
[2024-07-31T12:37:55.913+0000] {processor.py:183} INFO - Processing /home/airflow/.local/lib/python3.12/site-packages/airflow/example_dags/example_branch_operator.py took 0.153 seconds
[2024-07-31T12:38:26.677+0000] {processor.py:161} INFO - Started process (PID=3445) to work on /home/airflow/.local/lib/python3.12/site-packages/airflow/example_dags/example_branch_operator.py
[2024-07-31T12:38:26.677+0000] {processor.py:830} INFO - Processing file /home/airflow/.local/lib/python3.12/site-packages/airflow/example_dags/example_branch_operator.py for tasks to queue
[2024-07-31T12:38:26.680+0000] {logging_mixin.py:188} INFO - [2024-07-31T12:38:26.680+0000] {dagbag.py:545} INFO - Filling up the DagBag from /home/airflow/.local/lib/python3.12/site-packages/airflow/example_dags/example_branch_operator.py
[2024-07-31T12:38:26.703+0000] {processor.py:840} INFO - DAG(s) 'example_branch_operator' retrieved from /home/airflow/.local/lib/python3.12/site-packages/airflow/example_dags/example_branch_operator.py
[2024-07-31T12:38:26.738+0000] {logging_mixin.py:188} INFO - [2024-07-31T12:38:26.737+0000] {dag.py:3089} INFO - Sync 1 DAGs
[2024-07-31T12:38:26.763+0000] {logging_mixin.py:188} INFO - [2024-07-31T12:38:26.763+0000] {dag.py:3947} INFO - Setting next_dagrun for example_branch_operator to 2024-07-30 00:00:00+00:00, run_after=2024-07-31 00:00:00+00:00
[2024-07-31T12:38:26.798+0000] {processor.py:183} INFO - Processing /home/airflow/.local/lib/python3.12/site-packages/airflow/example_dags/example_branch_operator.py took 0.130 seconds
[2024-07-31T16:44:29.907+0000] {processor.py:161} INFO - Started process (PID=102) to work on /home/airflow/.local/lib/python3.12/site-packages/airflow/example_dags/example_branch_operator.py
[2024-07-31T16:44:29.908+0000] {processor.py:830} INFO - Processing file /home/airflow/.local/lib/python3.12/site-packages/airflow/example_dags/example_branch_operator.py for tasks to queue
[2024-07-31T16:44:29.909+0000] {logging_mixin.py:188} INFO - [2024-07-31T16:44:29.909+0000] {dagbag.py:545} INFO - Filling up the DagBag from /home/airflow/.local/lib/python3.12/site-packages/airflow/example_dags/example_branch_operator.py
[2024-07-31T16:44:29.932+0000] {processor.py:840} INFO - DAG(s) 'example_branch_operator' retrieved from /home/airflow/.local/lib/python3.12/site-packages/airflow/example_dags/example_branch_operator.py
[2024-07-31T16:44:30.087+0000] {logging_mixin.py:188} INFO - [2024-07-31T16:44:30.087+0000] {dag.py:3089} INFO - Sync 1 DAGs
[2024-07-31T16:44:30.112+0000] {logging_mixin.py:188} INFO - [2024-07-31T16:44:30.111+0000] {dag.py:3947} INFO - Setting next_dagrun for example_branch_operator to 2024-07-30 00:00:00+00:00, run_after=2024-07-31 00:00:00+00:00
[2024-07-31T16:44:30.138+0000] {processor.py:183} INFO - Processing /home/airflow/.local/lib/python3.12/site-packages/airflow/example_dags/example_branch_operator.py took 0.242 seconds
[2024-07-31T16:45:00.356+0000] {processor.py:161} INFO - Started process (PID=159) to work on /home/airflow/.local/lib/python3.12/site-packages/airflow/example_dags/example_branch_operator.py
[2024-07-31T16:45:00.357+0000] {processor.py:830} INFO - Processing file /home/airflow/.local/lib/python3.12/site-packages/airflow/example_dags/example_branch_operator.py for tasks to queue
[2024-07-31T16:45:00.367+0000] {logging_mixin.py:188} INFO - [2024-07-31T16:45:00.358+0000] {dagbag.py:545} INFO - Filling up the DagBag from /home/airflow/.local/lib/python3.12/site-packages/airflow/example_dags/example_branch_operator.py
[2024-07-31T16:45:00.411+0000] {processor.py:840} INFO - DAG(s) 'example_branch_operator' retrieved from /home/airflow/.local/lib/python3.12/site-packages/airflow/example_dags/example_branch_operator.py
[2024-07-31T16:45:00.468+0000] {logging_mixin.py:188} INFO - [2024-07-31T16:45:00.467+0000] {dag.py:3089} INFO - Sync 1 DAGs
[2024-07-31T16:45:00.549+0000] {logging_mixin.py:188} INFO - [2024-07-31T16:45:00.548+0000] {dag.py:3947} INFO - Setting next_dagrun for example_branch_operator to 2024-07-30 00:00:00+00:00, run_after=2024-07-31 00:00:00+00:00
[2024-07-31T16:45:00.591+0000] {processor.py:183} INFO - Processing /home/airflow/.local/lib/python3.12/site-packages/airflow/example_dags/example_branch_operator.py took 0.246 seconds
[2024-07-31T16:45:30.692+0000] {processor.py:161} INFO - Started process (PID=217) to work on /home/airflow/.local/lib/python3.12/site-packages/airflow/example_dags/example_branch_operator.py
[2024-07-31T16:45:30.696+0000] {processor.py:830} INFO - Processing file /home/airflow/.local/lib/python3.12/site-packages/airflow/example_dags/example_branch_operator.py for tasks to queue
[2024-07-31T16:45:30.697+0000] {logging_mixin.py:188} INFO - [2024-07-31T16:45:30.697+0000] {dagbag.py:545} INFO - Filling up the DagBag from /home/airflow/.local/lib/python3.12/site-packages/airflow/example_dags/example_branch_operator.py
[2024-07-31T16:45:30.751+0000] {processor.py:840} INFO - DAG(s) 'example_branch_operator' retrieved from /home/airflow/.local/lib/python3.12/site-packages/airflow/example_dags/example_branch_operator.py
[2024-07-31T16:45:30.855+0000] {logging_mixin.py:188} INFO - [2024-07-31T16:45:30.849+0000] {dag.py:3089} INFO - Sync 1 DAGs
[2024-07-31T16:45:30.935+0000] {logging_mixin.py:188} INFO - [2024-07-31T16:45:30.935+0000] {dag.py:3947} INFO - Setting next_dagrun for example_branch_operator to 2024-07-30 00:00:00+00:00, run_after=2024-07-31 00:00:00+00:00
[2024-07-31T16:45:31.012+0000] {processor.py:183} INFO - Processing /home/airflow/.local/lib/python3.12/site-packages/airflow/example_dags/example_branch_operator.py took 0.365 seconds
[2024-07-31T16:46:01.370+0000] {processor.py:161} INFO - Started process (PID=275) to work on /home/airflow/.local/lib/python3.12/site-packages/airflow/example_dags/example_branch_operator.py
[2024-07-31T16:46:01.371+0000] {processor.py:830} INFO - Processing file /home/airflow/.local/lib/python3.12/site-packages/airflow/example_dags/example_branch_operator.py for tasks to queue
[2024-07-31T16:46:01.372+0000] {logging_mixin.py:188} INFO - [2024-07-31T16:46:01.371+0000] {dagbag.py:545} INFO - Filling up the DagBag from /home/airflow/.local/lib/python3.12/site-packages/airflow/example_dags/example_branch_operator.py
[2024-07-31T16:46:01.391+0000] {processor.py:840} INFO - DAG(s) 'example_branch_operator' retrieved from /home/airflow/.local/lib/python3.12/site-packages/airflow/example_dags/example_branch_operator.py
[2024-07-31T16:46:01.426+0000] {logging_mixin.py:188} INFO - [2024-07-31T16:46:01.426+0000] {dag.py:3089} INFO - Sync 1 DAGs
[2024-07-31T16:46:01.451+0000] {logging_mixin.py:188} INFO - [2024-07-31T16:46:01.451+0000] {dag.py:3947} INFO - Setting next_dagrun for example_branch_operator to 2024-07-30 00:00:00+00:00, run_after=2024-07-31 00:00:00+00:00
[2024-07-31T16:46:01.485+0000] {processor.py:183} INFO - Processing /home/airflow/.local/lib/python3.12/site-packages/airflow/example_dags/example_branch_operator.py took 0.121 seconds
