[2024-07-31T12:08:49.442+0000] {processor.py:161} INFO - Started process (PID=72) to work on /home/airflow/.local/lib/python3.12/site-packages/airflow/example_dags/example_dag_decorator.py
[2024-07-31T12:08:49.443+0000] {processor.py:830} INFO - Processing file /home/airflow/.local/lib/python3.12/site-packages/airflow/example_dags/example_dag_decorator.py for tasks to queue
[2024-07-31T12:08:49.444+0000] {logging_mixin.py:188} INFO - [2024-07-31T12:08:49.444+0000] {dagbag.py:545} INFO - Filling up the DagBag from /home/airflow/.local/lib/python3.12/site-packages/airflow/example_dags/example_dag_decorator.py
[2024-07-31T12:08:50.616+0000] {processor.py:840} INFO - DAG(s) 'example_dag_decorator' retrieved from /home/airflow/.local/lib/python3.12/site-packages/airflow/example_dags/example_dag_decorator.py
[2024-07-31T12:08:50.755+0000] {logging_mixin.py:188} INFO - [2024-07-31T12:08:50.755+0000] {override.py:1858} INFO - Created Permission View: can delete on DAG:example_dag_decorator
[2024-07-31T12:08:50.765+0000] {logging_mixin.py:188} INFO - [2024-07-31T12:08:50.764+0000] {override.py:1858} INFO - Created Permission View: can read on DAG:example_dag_decorator
[2024-07-31T12:08:50.770+0000] {logging_mixin.py:188} INFO - [2024-07-31T12:08:50.770+0000] {override.py:1858} INFO - Created Permission View: can edit on DAG:example_dag_decorator
[2024-07-31T12:08:50.771+0000] {logging_mixin.py:188} INFO - [2024-07-31T12:08:50.771+0000] {dag.py:3089} INFO - Sync 1 DAGs
[2024-07-31T12:08:50.784+0000] {logging_mixin.py:188} INFO - [2024-07-31T12:08:50.784+0000] {dag.py:3111} INFO - Creating ORM DAG for example_dag_decorator
[2024-07-31T12:08:50.785+0000] {logging_mixin.py:188} INFO - [2024-07-31T12:08:50.785+0000] {dag.py:3947} INFO - Setting next_dagrun for example_dag_decorator to None, run_after=None
[2024-07-31T12:08:50.804+0000] {processor.py:183} INFO - Processing /home/airflow/.local/lib/python3.12/site-packages/airflow/example_dags/example_dag_decorator.py took 1.368 seconds
[2024-07-31T12:09:21.535+0000] {processor.py:161} INFO - Started process (PID=133) to work on /home/airflow/.local/lib/python3.12/site-packages/airflow/example_dags/example_dag_decorator.py
[2024-07-31T12:09:21.536+0000] {processor.py:830} INFO - Processing file /home/airflow/.local/lib/python3.12/site-packages/airflow/example_dags/example_dag_decorator.py for tasks to queue
[2024-07-31T12:09:21.538+0000] {logging_mixin.py:188} INFO - [2024-07-31T12:09:21.538+0000] {dagbag.py:545} INFO - Filling up the DagBag from /home/airflow/.local/lib/python3.12/site-packages/airflow/example_dags/example_dag_decorator.py
[2024-07-31T12:09:22.063+0000] {processor.py:840} INFO - DAG(s) 'example_dag_decorator' retrieved from /home/airflow/.local/lib/python3.12/site-packages/airflow/example_dags/example_dag_decorator.py
[2024-07-31T12:09:22.208+0000] {logging_mixin.py:188} INFO - [2024-07-31T12:09:22.208+0000] {dag.py:3089} INFO - Sync 1 DAGs
[2024-07-31T12:09:22.222+0000] {logging_mixin.py:188} INFO - [2024-07-31T12:09:22.222+0000] {dag.py:3947} INFO - Setting next_dagrun for example_dag_decorator to None, run_after=None
[2024-07-31T12:09:22.254+0000] {processor.py:183} INFO - Processing /home/airflow/.local/lib/python3.12/site-packages/airflow/example_dags/example_dag_decorator.py took 0.727 seconds
[2024-07-31T12:09:52.490+0000] {processor.py:161} INFO - Started process (PID=191) to work on /home/airflow/.local/lib/python3.12/site-packages/airflow/example_dags/example_dag_decorator.py
[2024-07-31T12:09:52.492+0000] {processor.py:830} INFO - Processing file /home/airflow/.local/lib/python3.12/site-packages/airflow/example_dags/example_dag_decorator.py for tasks to queue
[2024-07-31T12:09:52.494+0000] {logging_mixin.py:188} INFO - [2024-07-31T12:09:52.494+0000] {dagbag.py:545} INFO - Filling up the DagBag from /home/airflow/.local/lib/python3.12/site-packages/airflow/example_dags/example_dag_decorator.py
[2024-07-31T12:09:52.629+0000] {processor.py:840} INFO - DAG(s) 'example_dag_decorator' retrieved from /home/airflow/.local/lib/python3.12/site-packages/airflow/example_dags/example_dag_decorator.py
[2024-07-31T12:09:52.770+0000] {logging_mixin.py:188} INFO - [2024-07-31T12:09:52.770+0000] {dag.py:3089} INFO - Sync 1 DAGs
[2024-07-31T12:09:52.784+0000] {logging_mixin.py:188} INFO - [2024-07-31T12:09:52.783+0000] {dag.py:3947} INFO - Setting next_dagrun for example_dag_decorator to None, run_after=None
[2024-07-31T12:09:52.808+0000] {processor.py:183} INFO - Processing /home/airflow/.local/lib/python3.12/site-packages/airflow/example_dags/example_dag_decorator.py took 0.325 seconds
[2024-07-31T12:10:23.013+0000] {processor.py:161} INFO - Started process (PID=249) to work on /home/airflow/.local/lib/python3.12/site-packages/airflow/example_dags/example_dag_decorator.py
[2024-07-31T12:10:23.013+0000] {processor.py:830} INFO - Processing file /home/airflow/.local/lib/python3.12/site-packages/airflow/example_dags/example_dag_decorator.py for tasks to queue
[2024-07-31T12:10:23.015+0000] {logging_mixin.py:188} INFO - [2024-07-31T12:10:23.015+0000] {dagbag.py:545} INFO - Filling up the DagBag from /home/airflow/.local/lib/python3.12/site-packages/airflow/example_dags/example_dag_decorator.py
[2024-07-31T12:10:23.117+0000] {processor.py:840} INFO - DAG(s) 'example_dag_decorator' retrieved from /home/airflow/.local/lib/python3.12/site-packages/airflow/example_dags/example_dag_decorator.py
[2024-07-31T12:10:23.249+0000] {logging_mixin.py:188} INFO - [2024-07-31T12:10:23.249+0000] {dag.py:3089} INFO - Sync 1 DAGs
[2024-07-31T12:10:23.266+0000] {logging_mixin.py:188} INFO - [2024-07-31T12:10:23.266+0000] {dag.py:3947} INFO - Setting next_dagrun for example_dag_decorator to None, run_after=None
[2024-07-31T12:10:23.291+0000] {processor.py:183} INFO - Processing /home/airflow/.local/lib/python3.12/site-packages/airflow/example_dags/example_dag_decorator.py took 0.283 seconds
[2024-07-31T12:10:53.447+0000] {processor.py:161} INFO - Started process (PID=310) to work on /home/airflow/.local/lib/python3.12/site-packages/airflow/example_dags/example_dag_decorator.py
[2024-07-31T12:10:53.448+0000] {processor.py:830} INFO - Processing file /home/airflow/.local/lib/python3.12/site-packages/airflow/example_dags/example_dag_decorator.py for tasks to queue
[2024-07-31T12:10:53.450+0000] {logging_mixin.py:188} INFO - [2024-07-31T12:10:53.449+0000] {dagbag.py:545} INFO - Filling up the DagBag from /home/airflow/.local/lib/python3.12/site-packages/airflow/example_dags/example_dag_decorator.py
[2024-07-31T12:10:53.606+0000] {processor.py:840} INFO - DAG(s) 'example_dag_decorator' retrieved from /home/airflow/.local/lib/python3.12/site-packages/airflow/example_dags/example_dag_decorator.py
[2024-07-31T12:10:53.725+0000] {logging_mixin.py:188} INFO - [2024-07-31T12:10:53.725+0000] {dag.py:3089} INFO - Sync 1 DAGs
[2024-07-31T12:10:53.737+0000] {logging_mixin.py:188} INFO - [2024-07-31T12:10:53.737+0000] {dag.py:3947} INFO - Setting next_dagrun for example_dag_decorator to None, run_after=None
[2024-07-31T12:10:53.762+0000] {processor.py:183} INFO - Processing /home/airflow/.local/lib/python3.12/site-packages/airflow/example_dags/example_dag_decorator.py took 0.320 seconds
[2024-07-31T12:11:23.787+0000] {processor.py:161} INFO - Started process (PID=364) to work on /home/airflow/.local/lib/python3.12/site-packages/airflow/example_dags/example_dag_decorator.py
[2024-07-31T12:11:23.787+0000] {processor.py:830} INFO - Processing file /home/airflow/.local/lib/python3.12/site-packages/airflow/example_dags/example_dag_decorator.py for tasks to queue
[2024-07-31T12:11:23.789+0000] {logging_mixin.py:188} INFO - [2024-07-31T12:11:23.789+0000] {dagbag.py:545} INFO - Filling up the DagBag from /home/airflow/.local/lib/python3.12/site-packages/airflow/example_dags/example_dag_decorator.py
[2024-07-31T12:11:23.906+0000] {processor.py:840} INFO - DAG(s) 'example_dag_decorator' retrieved from /home/airflow/.local/lib/python3.12/site-packages/airflow/example_dags/example_dag_decorator.py
[2024-07-31T12:11:24.029+0000] {logging_mixin.py:188} INFO - [2024-07-31T12:11:24.029+0000] {dag.py:3089} INFO - Sync 1 DAGs
[2024-07-31T12:11:24.046+0000] {logging_mixin.py:188} INFO - [2024-07-31T12:11:24.046+0000] {dag.py:3947} INFO - Setting next_dagrun for example_dag_decorator to None, run_after=None
[2024-07-31T12:11:24.112+0000] {processor.py:183} INFO - Processing /home/airflow/.local/lib/python3.12/site-packages/airflow/example_dags/example_dag_decorator.py took 0.332 seconds
[2024-07-31T12:11:55.072+0000] {processor.py:161} INFO - Started process (PID=424) to work on /home/airflow/.local/lib/python3.12/site-packages/airflow/example_dags/example_dag_decorator.py
[2024-07-31T12:11:55.073+0000] {processor.py:830} INFO - Processing file /home/airflow/.local/lib/python3.12/site-packages/airflow/example_dags/example_dag_decorator.py for tasks to queue
[2024-07-31T12:11:55.075+0000] {logging_mixin.py:188} INFO - [2024-07-31T12:11:55.075+0000] {dagbag.py:545} INFO - Filling up the DagBag from /home/airflow/.local/lib/python3.12/site-packages/airflow/example_dags/example_dag_decorator.py
[2024-07-31T12:11:55.235+0000] {processor.py:840} INFO - DAG(s) 'example_dag_decorator' retrieved from /home/airflow/.local/lib/python3.12/site-packages/airflow/example_dags/example_dag_decorator.py
[2024-07-31T12:11:55.348+0000] {logging_mixin.py:188} INFO - [2024-07-31T12:11:55.348+0000] {dag.py:3089} INFO - Sync 1 DAGs
[2024-07-31T12:11:55.358+0000] {logging_mixin.py:188} INFO - [2024-07-31T12:11:55.358+0000] {dag.py:3947} INFO - Setting next_dagrun for example_dag_decorator to None, run_after=None
[2024-07-31T12:11:55.380+0000] {processor.py:183} INFO - Processing /home/airflow/.local/lib/python3.12/site-packages/airflow/example_dags/example_dag_decorator.py took 0.314 seconds
[2024-07-31T12:12:25.659+0000] {processor.py:161} INFO - Started process (PID=487) to work on /home/airflow/.local/lib/python3.12/site-packages/airflow/example_dags/example_dag_decorator.py
[2024-07-31T12:12:25.662+0000] {processor.py:830} INFO - Processing file /home/airflow/.local/lib/python3.12/site-packages/airflow/example_dags/example_dag_decorator.py for tasks to queue
[2024-07-31T12:12:25.664+0000] {logging_mixin.py:188} INFO - [2024-07-31T12:12:25.663+0000] {dagbag.py:545} INFO - Filling up the DagBag from /home/airflow/.local/lib/python3.12/site-packages/airflow/example_dags/example_dag_decorator.py
[2024-07-31T12:12:25.768+0000] {processor.py:840} INFO - DAG(s) 'example_dag_decorator' retrieved from /home/airflow/.local/lib/python3.12/site-packages/airflow/example_dags/example_dag_decorator.py
[2024-07-31T12:12:25.895+0000] {logging_mixin.py:188} INFO - [2024-07-31T12:12:25.894+0000] {dag.py:3089} INFO - Sync 1 DAGs
[2024-07-31T12:12:25.905+0000] {logging_mixin.py:188} INFO - [2024-07-31T12:12:25.905+0000] {dag.py:3947} INFO - Setting next_dagrun for example_dag_decorator to None, run_after=None
[2024-07-31T12:12:25.930+0000] {processor.py:183} INFO - Processing /home/airflow/.local/lib/python3.12/site-packages/airflow/example_dags/example_dag_decorator.py took 0.277 seconds
[2024-07-31T12:12:56.367+0000] {processor.py:161} INFO - Started process (PID=545) to work on /home/airflow/.local/lib/python3.12/site-packages/airflow/example_dags/example_dag_decorator.py
[2024-07-31T12:12:56.367+0000] {processor.py:830} INFO - Processing file /home/airflow/.local/lib/python3.12/site-packages/airflow/example_dags/example_dag_decorator.py for tasks to queue
[2024-07-31T12:12:56.369+0000] {logging_mixin.py:188} INFO - [2024-07-31T12:12:56.369+0000] {dagbag.py:545} INFO - Filling up the DagBag from /home/airflow/.local/lib/python3.12/site-packages/airflow/example_dags/example_dag_decorator.py
[2024-07-31T12:12:56.475+0000] {processor.py:840} INFO - DAG(s) 'example_dag_decorator' retrieved from /home/airflow/.local/lib/python3.12/site-packages/airflow/example_dags/example_dag_decorator.py
[2024-07-31T12:12:56.614+0000] {logging_mixin.py:188} INFO - [2024-07-31T12:12:56.614+0000] {dag.py:3089} INFO - Sync 1 DAGs
[2024-07-31T12:12:56.625+0000] {logging_mixin.py:188} INFO - [2024-07-31T12:12:56.625+0000] {dag.py:3947} INFO - Setting next_dagrun for example_dag_decorator to None, run_after=None
[2024-07-31T12:12:56.649+0000] {processor.py:183} INFO - Processing /home/airflow/.local/lib/python3.12/site-packages/airflow/example_dags/example_dag_decorator.py took 0.289 seconds
[2024-07-31T12:13:26.690+0000] {processor.py:161} INFO - Started process (PID=602) to work on /home/airflow/.local/lib/python3.12/site-packages/airflow/example_dags/example_dag_decorator.py
[2024-07-31T12:13:26.692+0000] {processor.py:830} INFO - Processing file /home/airflow/.local/lib/python3.12/site-packages/airflow/example_dags/example_dag_decorator.py for tasks to queue
[2024-07-31T12:13:26.694+0000] {logging_mixin.py:188} INFO - [2024-07-31T12:13:26.693+0000] {dagbag.py:545} INFO - Filling up the DagBag from /home/airflow/.local/lib/python3.12/site-packages/airflow/example_dags/example_dag_decorator.py
[2024-07-31T12:13:26.893+0000] {processor.py:840} INFO - DAG(s) 'example_dag_decorator' retrieved from /home/airflow/.local/lib/python3.12/site-packages/airflow/example_dags/example_dag_decorator.py
[2024-07-31T12:13:27.148+0000] {logging_mixin.py:188} INFO - [2024-07-31T12:13:27.148+0000] {dag.py:3089} INFO - Sync 1 DAGs
[2024-07-31T12:13:27.164+0000] {logging_mixin.py:188} INFO - [2024-07-31T12:13:27.163+0000] {dag.py:3947} INFO - Setting next_dagrun for example_dag_decorator to None, run_after=None
[2024-07-31T12:13:27.195+0000] {processor.py:183} INFO - Processing /home/airflow/.local/lib/python3.12/site-packages/airflow/example_dags/example_dag_decorator.py took 0.514 seconds
[2024-07-31T12:13:57.523+0000] {processor.py:161} INFO - Started process (PID=660) to work on /home/airflow/.local/lib/python3.12/site-packages/airflow/example_dags/example_dag_decorator.py
[2024-07-31T12:13:57.524+0000] {processor.py:830} INFO - Processing file /home/airflow/.local/lib/python3.12/site-packages/airflow/example_dags/example_dag_decorator.py for tasks to queue
[2024-07-31T12:13:57.526+0000] {logging_mixin.py:188} INFO - [2024-07-31T12:13:57.525+0000] {dagbag.py:545} INFO - Filling up the DagBag from /home/airflow/.local/lib/python3.12/site-packages/airflow/example_dags/example_dag_decorator.py
[2024-07-31T12:13:57.675+0000] {processor.py:840} INFO - DAG(s) 'example_dag_decorator' retrieved from /home/airflow/.local/lib/python3.12/site-packages/airflow/example_dags/example_dag_decorator.py
[2024-07-31T12:13:58.013+0000] {logging_mixin.py:188} INFO - [2024-07-31T12:13:58.013+0000] {dag.py:3089} INFO - Sync 1 DAGs
[2024-07-31T12:13:58.029+0000] {logging_mixin.py:188} INFO - [2024-07-31T12:13:58.028+0000] {dag.py:3947} INFO - Setting next_dagrun for example_dag_decorator to None, run_after=None
[2024-07-31T12:13:58.059+0000] {processor.py:183} INFO - Processing /home/airflow/.local/lib/python3.12/site-packages/airflow/example_dags/example_dag_decorator.py took 0.543 seconds
[2024-07-31T12:14:28.231+0000] {processor.py:161} INFO - Started process (PID=721) to work on /home/airflow/.local/lib/python3.12/site-packages/airflow/example_dags/example_dag_decorator.py
[2024-07-31T12:14:28.232+0000] {processor.py:830} INFO - Processing file /home/airflow/.local/lib/python3.12/site-packages/airflow/example_dags/example_dag_decorator.py for tasks to queue
[2024-07-31T12:14:28.234+0000] {logging_mixin.py:188} INFO - [2024-07-31T12:14:28.234+0000] {dagbag.py:545} INFO - Filling up the DagBag from /home/airflow/.local/lib/python3.12/site-packages/airflow/example_dags/example_dag_decorator.py
[2024-07-31T12:14:28.384+0000] {processor.py:840} INFO - DAG(s) 'example_dag_decorator' retrieved from /home/airflow/.local/lib/python3.12/site-packages/airflow/example_dags/example_dag_decorator.py
[2024-07-31T12:14:28.643+0000] {logging_mixin.py:188} INFO - [2024-07-31T12:14:28.643+0000] {dag.py:3089} INFO - Sync 1 DAGs
[2024-07-31T12:14:28.658+0000] {logging_mixin.py:188} INFO - [2024-07-31T12:14:28.657+0000] {dag.py:3947} INFO - Setting next_dagrun for example_dag_decorator to None, run_after=None
[2024-07-31T12:14:28.683+0000] {processor.py:183} INFO - Processing /home/airflow/.local/lib/python3.12/site-packages/airflow/example_dags/example_dag_decorator.py took 0.459 seconds
[2024-07-31T12:14:58.860+0000] {processor.py:161} INFO - Started process (PID=782) to work on /home/airflow/.local/lib/python3.12/site-packages/airflow/example_dags/example_dag_decorator.py
[2024-07-31T12:14:58.861+0000] {processor.py:830} INFO - Processing file /home/airflow/.local/lib/python3.12/site-packages/airflow/example_dags/example_dag_decorator.py for tasks to queue
[2024-07-31T12:14:58.863+0000] {logging_mixin.py:188} INFO - [2024-07-31T12:14:58.862+0000] {dagbag.py:545} INFO - Filling up the DagBag from /home/airflow/.local/lib/python3.12/site-packages/airflow/example_dags/example_dag_decorator.py
[2024-07-31T12:14:58.974+0000] {processor.py:840} INFO - DAG(s) 'example_dag_decorator' retrieved from /home/airflow/.local/lib/python3.12/site-packages/airflow/example_dags/example_dag_decorator.py
[2024-07-31T12:14:59.236+0000] {logging_mixin.py:188} INFO - [2024-07-31T12:14:59.235+0000] {dag.py:3089} INFO - Sync 1 DAGs
[2024-07-31T12:14:59.247+0000] {logging_mixin.py:188} INFO - [2024-07-31T12:14:59.247+0000] {dag.py:3947} INFO - Setting next_dagrun for example_dag_decorator to None, run_after=None
[2024-07-31T12:14:59.270+0000] {processor.py:183} INFO - Processing /home/airflow/.local/lib/python3.12/site-packages/airflow/example_dags/example_dag_decorator.py took 0.417 seconds
[2024-07-31T12:15:29.444+0000] {processor.py:161} INFO - Started process (PID=842) to work on /home/airflow/.local/lib/python3.12/site-packages/airflow/example_dags/example_dag_decorator.py
[2024-07-31T12:15:29.445+0000] {processor.py:830} INFO - Processing file /home/airflow/.local/lib/python3.12/site-packages/airflow/example_dags/example_dag_decorator.py for tasks to queue
[2024-07-31T12:15:29.447+0000] {logging_mixin.py:188} INFO - [2024-07-31T12:15:29.447+0000] {dagbag.py:545} INFO - Filling up the DagBag from /home/airflow/.local/lib/python3.12/site-packages/airflow/example_dags/example_dag_decorator.py
[2024-07-31T12:15:29.586+0000] {processor.py:840} INFO - DAG(s) 'example_dag_decorator' retrieved from /home/airflow/.local/lib/python3.12/site-packages/airflow/example_dags/example_dag_decorator.py
[2024-07-31T12:15:29.897+0000] {logging_mixin.py:188} INFO - [2024-07-31T12:15:29.897+0000] {dag.py:3089} INFO - Sync 1 DAGs
[2024-07-31T12:15:29.908+0000] {logging_mixin.py:188} INFO - [2024-07-31T12:15:29.908+0000] {dag.py:3947} INFO - Setting next_dagrun for example_dag_decorator to None, run_after=None
[2024-07-31T12:15:29.933+0000] {processor.py:183} INFO - Processing /home/airflow/.local/lib/python3.12/site-packages/airflow/example_dags/example_dag_decorator.py took 0.496 seconds
[2024-07-31T12:16:00.673+0000] {processor.py:161} INFO - Started process (PID=900) to work on /home/airflow/.local/lib/python3.12/site-packages/airflow/example_dags/example_dag_decorator.py
[2024-07-31T12:16:00.676+0000] {processor.py:830} INFO - Processing file /home/airflow/.local/lib/python3.12/site-packages/airflow/example_dags/example_dag_decorator.py for tasks to queue
[2024-07-31T12:16:00.677+0000] {logging_mixin.py:188} INFO - [2024-07-31T12:16:00.677+0000] {dagbag.py:545} INFO - Filling up the DagBag from /home/airflow/.local/lib/python3.12/site-packages/airflow/example_dags/example_dag_decorator.py
[2024-07-31T12:16:00.783+0000] {processor.py:840} INFO - DAG(s) 'example_dag_decorator' retrieved from /home/airflow/.local/lib/python3.12/site-packages/airflow/example_dags/example_dag_decorator.py
[2024-07-31T12:16:00.940+0000] {logging_mixin.py:188} INFO - [2024-07-31T12:16:00.940+0000] {dag.py:3089} INFO - Sync 1 DAGs
[2024-07-31T12:16:01.087+0000] {logging_mixin.py:188} INFO - [2024-07-31T12:16:01.087+0000] {dag.py:3947} INFO - Setting next_dagrun for example_dag_decorator to None, run_after=None
[2024-07-31T12:16:01.108+0000] {processor.py:183} INFO - Processing /home/airflow/.local/lib/python3.12/site-packages/airflow/example_dags/example_dag_decorator.py took 0.440 seconds
[2024-07-31T12:16:31.168+0000] {processor.py:161} INFO - Started process (PID=959) to work on /home/airflow/.local/lib/python3.12/site-packages/airflow/example_dags/example_dag_decorator.py
[2024-07-31T12:16:31.168+0000] {processor.py:830} INFO - Processing file /home/airflow/.local/lib/python3.12/site-packages/airflow/example_dags/example_dag_decorator.py for tasks to queue
[2024-07-31T12:16:31.170+0000] {logging_mixin.py:188} INFO - [2024-07-31T12:16:31.170+0000] {dagbag.py:545} INFO - Filling up the DagBag from /home/airflow/.local/lib/python3.12/site-packages/airflow/example_dags/example_dag_decorator.py
[2024-07-31T12:16:31.300+0000] {processor.py:840} INFO - DAG(s) 'example_dag_decorator' retrieved from /home/airflow/.local/lib/python3.12/site-packages/airflow/example_dags/example_dag_decorator.py
[2024-07-31T12:16:31.590+0000] {logging_mixin.py:188} INFO - [2024-07-31T12:16:31.590+0000] {dag.py:3089} INFO - Sync 1 DAGs
[2024-07-31T12:16:31.602+0000] {logging_mixin.py:188} INFO - [2024-07-31T12:16:31.601+0000] {dag.py:3947} INFO - Setting next_dagrun for example_dag_decorator to None, run_after=None
[2024-07-31T12:16:31.628+0000] {processor.py:183} INFO - Processing /home/airflow/.local/lib/python3.12/site-packages/airflow/example_dags/example_dag_decorator.py took 0.466 seconds
[2024-07-31T12:17:02.330+0000] {processor.py:161} INFO - Started process (PID=1017) to work on /home/airflow/.local/lib/python3.12/site-packages/airflow/example_dags/example_dag_decorator.py
[2024-07-31T12:17:02.332+0000] {processor.py:830} INFO - Processing file /home/airflow/.local/lib/python3.12/site-packages/airflow/example_dags/example_dag_decorator.py for tasks to queue
[2024-07-31T12:17:02.335+0000] {logging_mixin.py:188} INFO - [2024-07-31T12:17:02.334+0000] {dagbag.py:545} INFO - Filling up the DagBag from /home/airflow/.local/lib/python3.12/site-packages/airflow/example_dags/example_dag_decorator.py
[2024-07-31T12:17:02.479+0000] {processor.py:840} INFO - DAG(s) 'example_dag_decorator' retrieved from /home/airflow/.local/lib/python3.12/site-packages/airflow/example_dags/example_dag_decorator.py
[2024-07-31T12:17:02.776+0000] {logging_mixin.py:188} INFO - [2024-07-31T12:17:02.776+0000] {dag.py:3089} INFO - Sync 1 DAGs
[2024-07-31T12:17:02.790+0000] {logging_mixin.py:188} INFO - [2024-07-31T12:17:02.790+0000] {dag.py:3947} INFO - Setting next_dagrun for example_dag_decorator to None, run_after=None
[2024-07-31T12:17:02.819+0000] {processor.py:183} INFO - Processing /home/airflow/.local/lib/python3.12/site-packages/airflow/example_dags/example_dag_decorator.py took 0.494 seconds
[2024-07-31T12:17:33.320+0000] {processor.py:161} INFO - Started process (PID=1075) to work on /home/airflow/.local/lib/python3.12/site-packages/airflow/example_dags/example_dag_decorator.py
[2024-07-31T12:17:33.321+0000] {processor.py:830} INFO - Processing file /home/airflow/.local/lib/python3.12/site-packages/airflow/example_dags/example_dag_decorator.py for tasks to queue
[2024-07-31T12:17:33.323+0000] {logging_mixin.py:188} INFO - [2024-07-31T12:17:33.322+0000] {dagbag.py:545} INFO - Filling up the DagBag from /home/airflow/.local/lib/python3.12/site-packages/airflow/example_dags/example_dag_decorator.py
[2024-07-31T12:17:33.448+0000] {processor.py:840} INFO - DAG(s) 'example_dag_decorator' retrieved from /home/airflow/.local/lib/python3.12/site-packages/airflow/example_dags/example_dag_decorator.py
[2024-07-31T12:17:33.703+0000] {logging_mixin.py:188} INFO - [2024-07-31T12:17:33.703+0000] {dag.py:3089} INFO - Sync 1 DAGs
[2024-07-31T12:17:33.713+0000] {logging_mixin.py:188} INFO - [2024-07-31T12:17:33.713+0000] {dag.py:3947} INFO - Setting next_dagrun for example_dag_decorator to None, run_after=None
[2024-07-31T12:17:33.738+0000] {processor.py:183} INFO - Processing /home/airflow/.local/lib/python3.12/site-packages/airflow/example_dags/example_dag_decorator.py took 0.424 seconds
[2024-07-31T12:18:03.947+0000] {processor.py:161} INFO - Started process (PID=1133) to work on /home/airflow/.local/lib/python3.12/site-packages/airflow/example_dags/example_dag_decorator.py
[2024-07-31T12:18:03.947+0000] {processor.py:830} INFO - Processing file /home/airflow/.local/lib/python3.12/site-packages/airflow/example_dags/example_dag_decorator.py for tasks to queue
[2024-07-31T12:18:03.949+0000] {logging_mixin.py:188} INFO - [2024-07-31T12:18:03.948+0000] {dagbag.py:545} INFO - Filling up the DagBag from /home/airflow/.local/lib/python3.12/site-packages/airflow/example_dags/example_dag_decorator.py
[2024-07-31T12:18:04.064+0000] {processor.py:840} INFO - DAG(s) 'example_dag_decorator' retrieved from /home/airflow/.local/lib/python3.12/site-packages/airflow/example_dags/example_dag_decorator.py
[2024-07-31T12:18:04.329+0000] {logging_mixin.py:188} INFO - [2024-07-31T12:18:04.328+0000] {dag.py:3089} INFO - Sync 1 DAGs
[2024-07-31T12:18:04.347+0000] {logging_mixin.py:188} INFO - [2024-07-31T12:18:04.346+0000] {dag.py:3947} INFO - Setting next_dagrun for example_dag_decorator to None, run_after=None
[2024-07-31T12:18:04.372+0000] {processor.py:183} INFO - Processing /home/airflow/.local/lib/python3.12/site-packages/airflow/example_dags/example_dag_decorator.py took 0.431 seconds
[2024-07-31T12:18:34.470+0000] {processor.py:161} INFO - Started process (PID=1191) to work on /home/airflow/.local/lib/python3.12/site-packages/airflow/example_dags/example_dag_decorator.py
[2024-07-31T12:18:34.471+0000] {processor.py:830} INFO - Processing file /home/airflow/.local/lib/python3.12/site-packages/airflow/example_dags/example_dag_decorator.py for tasks to queue
[2024-07-31T12:18:34.473+0000] {logging_mixin.py:188} INFO - [2024-07-31T12:18:34.473+0000] {dagbag.py:545} INFO - Filling up the DagBag from /home/airflow/.local/lib/python3.12/site-packages/airflow/example_dags/example_dag_decorator.py
[2024-07-31T12:18:34.607+0000] {processor.py:840} INFO - DAG(s) 'example_dag_decorator' retrieved from /home/airflow/.local/lib/python3.12/site-packages/airflow/example_dags/example_dag_decorator.py
[2024-07-31T12:18:34.898+0000] {logging_mixin.py:188} INFO - [2024-07-31T12:18:34.898+0000] {dag.py:3089} INFO - Sync 1 DAGs
[2024-07-31T12:18:34.912+0000] {logging_mixin.py:188} INFO - [2024-07-31T12:18:34.912+0000] {dag.py:3947} INFO - Setting next_dagrun for example_dag_decorator to None, run_after=None
[2024-07-31T12:18:34.940+0000] {processor.py:183} INFO - Processing /home/airflow/.local/lib/python3.12/site-packages/airflow/example_dags/example_dag_decorator.py took 0.475 seconds
[2024-07-31T12:19:05.828+0000] {processor.py:161} INFO - Started process (PID=1251) to work on /home/airflow/.local/lib/python3.12/site-packages/airflow/example_dags/example_dag_decorator.py
[2024-07-31T12:19:05.829+0000] {processor.py:830} INFO - Processing file /home/airflow/.local/lib/python3.12/site-packages/airflow/example_dags/example_dag_decorator.py for tasks to queue
[2024-07-31T12:19:05.831+0000] {logging_mixin.py:188} INFO - [2024-07-31T12:19:05.830+0000] {dagbag.py:545} INFO - Filling up the DagBag from /home/airflow/.local/lib/python3.12/site-packages/airflow/example_dags/example_dag_decorator.py
[2024-07-31T12:19:05.955+0000] {processor.py:840} INFO - DAG(s) 'example_dag_decorator' retrieved from /home/airflow/.local/lib/python3.12/site-packages/airflow/example_dags/example_dag_decorator.py
[2024-07-31T12:19:06.223+0000] {logging_mixin.py:188} INFO - [2024-07-31T12:19:06.223+0000] {dag.py:3089} INFO - Sync 1 DAGs
[2024-07-31T12:19:06.235+0000] {logging_mixin.py:188} INFO - [2024-07-31T12:19:06.235+0000] {dag.py:3947} INFO - Setting next_dagrun for example_dag_decorator to None, run_after=None
[2024-07-31T12:19:06.257+0000] {processor.py:183} INFO - Processing /home/airflow/.local/lib/python3.12/site-packages/airflow/example_dags/example_dag_decorator.py took 0.436 seconds
[2024-07-31T12:19:36.293+0000] {processor.py:161} INFO - Started process (PID=1312) to work on /home/airflow/.local/lib/python3.12/site-packages/airflow/example_dags/example_dag_decorator.py
[2024-07-31T12:19:36.294+0000] {processor.py:830} INFO - Processing file /home/airflow/.local/lib/python3.12/site-packages/airflow/example_dags/example_dag_decorator.py for tasks to queue
[2024-07-31T12:19:36.295+0000] {logging_mixin.py:188} INFO - [2024-07-31T12:19:36.295+0000] {dagbag.py:545} INFO - Filling up the DagBag from /home/airflow/.local/lib/python3.12/site-packages/airflow/example_dags/example_dag_decorator.py
[2024-07-31T12:19:36.541+0000] {processor.py:840} INFO - DAG(s) 'example_dag_decorator' retrieved from /home/airflow/.local/lib/python3.12/site-packages/airflow/example_dags/example_dag_decorator.py
[2024-07-31T12:19:36.649+0000] {logging_mixin.py:188} INFO - [2024-07-31T12:19:36.649+0000] {dag.py:3089} INFO - Sync 1 DAGs
[2024-07-31T12:19:36.659+0000] {logging_mixin.py:188} INFO - [2024-07-31T12:19:36.659+0000] {dag.py:3947} INFO - Setting next_dagrun for example_dag_decorator to None, run_after=None
[2024-07-31T12:19:36.682+0000] {processor.py:183} INFO - Processing /home/airflow/.local/lib/python3.12/site-packages/airflow/example_dags/example_dag_decorator.py took 0.397 seconds
[2024-07-31T12:20:07.643+0000] {processor.py:161} INFO - Started process (PID=1370) to work on /home/airflow/.local/lib/python3.12/site-packages/airflow/example_dags/example_dag_decorator.py
[2024-07-31T12:20:07.645+0000] {processor.py:830} INFO - Processing file /home/airflow/.local/lib/python3.12/site-packages/airflow/example_dags/example_dag_decorator.py for tasks to queue
[2024-07-31T12:20:07.647+0000] {logging_mixin.py:188} INFO - [2024-07-31T12:20:07.646+0000] {dagbag.py:545} INFO - Filling up the DagBag from /home/airflow/.local/lib/python3.12/site-packages/airflow/example_dags/example_dag_decorator.py
[2024-07-31T12:20:07.961+0000] {processor.py:840} INFO - DAG(s) 'example_dag_decorator' retrieved from /home/airflow/.local/lib/python3.12/site-packages/airflow/example_dags/example_dag_decorator.py
[2024-07-31T12:20:08.093+0000] {logging_mixin.py:188} INFO - [2024-07-31T12:20:08.093+0000] {dag.py:3089} INFO - Sync 1 DAGs
[2024-07-31T12:20:08.108+0000] {logging_mixin.py:188} INFO - [2024-07-31T12:20:08.108+0000] {dag.py:3947} INFO - Setting next_dagrun for example_dag_decorator to None, run_after=None
[2024-07-31T12:20:08.139+0000] {processor.py:183} INFO - Processing /home/airflow/.local/lib/python3.12/site-packages/airflow/example_dags/example_dag_decorator.py took 0.502 seconds
[2024-07-31T12:20:38.242+0000] {processor.py:161} INFO - Started process (PID=1430) to work on /home/airflow/.local/lib/python3.12/site-packages/airflow/example_dags/example_dag_decorator.py
[2024-07-31T12:20:38.243+0000] {processor.py:830} INFO - Processing file /home/airflow/.local/lib/python3.12/site-packages/airflow/example_dags/example_dag_decorator.py for tasks to queue
[2024-07-31T12:20:38.245+0000] {logging_mixin.py:188} INFO - [2024-07-31T12:20:38.245+0000] {dagbag.py:545} INFO - Filling up the DagBag from /home/airflow/.local/lib/python3.12/site-packages/airflow/example_dags/example_dag_decorator.py
[2024-07-31T12:20:38.401+0000] {processor.py:840} INFO - DAG(s) 'example_dag_decorator' retrieved from /home/airflow/.local/lib/python3.12/site-packages/airflow/example_dags/example_dag_decorator.py
[2024-07-31T12:20:38.697+0000] {logging_mixin.py:188} INFO - [2024-07-31T12:20:38.696+0000] {dag.py:3089} INFO - Sync 1 DAGs
[2024-07-31T12:20:38.707+0000] {logging_mixin.py:188} INFO - [2024-07-31T12:20:38.707+0000] {dag.py:3947} INFO - Setting next_dagrun for example_dag_decorator to None, run_after=None
[2024-07-31T12:20:38.733+0000] {processor.py:183} INFO - Processing /home/airflow/.local/lib/python3.12/site-packages/airflow/example_dags/example_dag_decorator.py took 0.499 seconds
[2024-07-31T12:21:08.866+0000] {processor.py:161} INFO - Started process (PID=1491) to work on /home/airflow/.local/lib/python3.12/site-packages/airflow/example_dags/example_dag_decorator.py
[2024-07-31T12:21:08.867+0000] {processor.py:830} INFO - Processing file /home/airflow/.local/lib/python3.12/site-packages/airflow/example_dags/example_dag_decorator.py for tasks to queue
[2024-07-31T12:21:08.868+0000] {logging_mixin.py:188} INFO - [2024-07-31T12:21:08.868+0000] {dagbag.py:545} INFO - Filling up the DagBag from /home/airflow/.local/lib/python3.12/site-packages/airflow/example_dags/example_dag_decorator.py
[2024-07-31T12:21:09.001+0000] {processor.py:840} INFO - DAG(s) 'example_dag_decorator' retrieved from /home/airflow/.local/lib/python3.12/site-packages/airflow/example_dags/example_dag_decorator.py
[2024-07-31T12:21:09.296+0000] {logging_mixin.py:188} INFO - [2024-07-31T12:21:09.296+0000] {dag.py:3089} INFO - Sync 1 DAGs
[2024-07-31T12:21:09.312+0000] {logging_mixin.py:188} INFO - [2024-07-31T12:21:09.312+0000] {dag.py:3947} INFO - Setting next_dagrun for example_dag_decorator to None, run_after=None
[2024-07-31T12:21:09.339+0000] {processor.py:183} INFO - Processing /home/airflow/.local/lib/python3.12/site-packages/airflow/example_dags/example_dag_decorator.py took 0.480 seconds
[2024-07-31T12:21:39.396+0000] {processor.py:161} INFO - Started process (PID=1551) to work on /home/airflow/.local/lib/python3.12/site-packages/airflow/example_dags/example_dag_decorator.py
[2024-07-31T12:21:39.397+0000] {processor.py:830} INFO - Processing file /home/airflow/.local/lib/python3.12/site-packages/airflow/example_dags/example_dag_decorator.py for tasks to queue
[2024-07-31T12:21:39.399+0000] {logging_mixin.py:188} INFO - [2024-07-31T12:21:39.399+0000] {dagbag.py:545} INFO - Filling up the DagBag from /home/airflow/.local/lib/python3.12/site-packages/airflow/example_dags/example_dag_decorator.py
[2024-07-31T12:21:39.704+0000] {processor.py:840} INFO - DAG(s) 'example_dag_decorator' retrieved from /home/airflow/.local/lib/python3.12/site-packages/airflow/example_dags/example_dag_decorator.py
[2024-07-31T12:21:39.823+0000] {logging_mixin.py:188} INFO - [2024-07-31T12:21:39.822+0000] {dag.py:3089} INFO - Sync 1 DAGs
[2024-07-31T12:21:39.833+0000] {logging_mixin.py:188} INFO - [2024-07-31T12:21:39.832+0000] {dag.py:3947} INFO - Setting next_dagrun for example_dag_decorator to None, run_after=None
[2024-07-31T12:21:39.861+0000] {processor.py:183} INFO - Processing /home/airflow/.local/lib/python3.12/site-packages/airflow/example_dags/example_dag_decorator.py took 0.473 seconds
[2024-07-31T12:22:09.943+0000] {processor.py:161} INFO - Started process (PID=1611) to work on /home/airflow/.local/lib/python3.12/site-packages/airflow/example_dags/example_dag_decorator.py
[2024-07-31T12:22:09.944+0000] {processor.py:830} INFO - Processing file /home/airflow/.local/lib/python3.12/site-packages/airflow/example_dags/example_dag_decorator.py for tasks to queue
[2024-07-31T12:22:09.946+0000] {logging_mixin.py:188} INFO - [2024-07-31T12:22:09.945+0000] {dagbag.py:545} INFO - Filling up the DagBag from /home/airflow/.local/lib/python3.12/site-packages/airflow/example_dags/example_dag_decorator.py
[2024-07-31T12:22:10.241+0000] {processor.py:840} INFO - DAG(s) 'example_dag_decorator' retrieved from /home/airflow/.local/lib/python3.12/site-packages/airflow/example_dags/example_dag_decorator.py
[2024-07-31T12:22:10.378+0000] {logging_mixin.py:188} INFO - [2024-07-31T12:22:10.377+0000] {dag.py:3089} INFO - Sync 1 DAGs
[2024-07-31T12:22:10.398+0000] {logging_mixin.py:188} INFO - [2024-07-31T12:22:10.398+0000] {dag.py:3947} INFO - Setting next_dagrun for example_dag_decorator to None, run_after=None
[2024-07-31T12:22:10.428+0000] {processor.py:183} INFO - Processing /home/airflow/.local/lib/python3.12/site-packages/airflow/example_dags/example_dag_decorator.py took 0.496 seconds
[2024-07-31T12:22:40.578+0000] {processor.py:161} INFO - Started process (PID=1671) to work on /home/airflow/.local/lib/python3.12/site-packages/airflow/example_dags/example_dag_decorator.py
[2024-07-31T12:22:40.580+0000] {processor.py:830} INFO - Processing file /home/airflow/.local/lib/python3.12/site-packages/airflow/example_dags/example_dag_decorator.py for tasks to queue
[2024-07-31T12:22:40.581+0000] {logging_mixin.py:188} INFO - [2024-07-31T12:22:40.581+0000] {dagbag.py:545} INFO - Filling up the DagBag from /home/airflow/.local/lib/python3.12/site-packages/airflow/example_dags/example_dag_decorator.py
[2024-07-31T12:22:40.863+0000] {processor.py:840} INFO - DAG(s) 'example_dag_decorator' retrieved from /home/airflow/.local/lib/python3.12/site-packages/airflow/example_dags/example_dag_decorator.py
[2024-07-31T12:22:40.979+0000] {logging_mixin.py:188} INFO - [2024-07-31T12:22:40.979+0000] {dag.py:3089} INFO - Sync 1 DAGs
[2024-07-31T12:22:40.988+0000] {logging_mixin.py:188} INFO - [2024-07-31T12:22:40.988+0000] {dag.py:3947} INFO - Setting next_dagrun for example_dag_decorator to None, run_after=None
[2024-07-31T12:22:41.011+0000] {processor.py:183} INFO - Processing /home/airflow/.local/lib/python3.12/site-packages/airflow/example_dags/example_dag_decorator.py took 0.438 seconds
[2024-07-31T12:23:11.070+0000] {processor.py:161} INFO - Started process (PID=1724) to work on /home/airflow/.local/lib/python3.12/site-packages/airflow/example_dags/example_dag_decorator.py
[2024-07-31T12:23:11.071+0000] {processor.py:830} INFO - Processing file /home/airflow/.local/lib/python3.12/site-packages/airflow/example_dags/example_dag_decorator.py for tasks to queue
[2024-07-31T12:23:11.073+0000] {logging_mixin.py:188} INFO - [2024-07-31T12:23:11.072+0000] {dagbag.py:545} INFO - Filling up the DagBag from /home/airflow/.local/lib/python3.12/site-packages/airflow/example_dags/example_dag_decorator.py
[2024-07-31T12:23:11.335+0000] {processor.py:840} INFO - DAG(s) 'example_dag_decorator' retrieved from /home/airflow/.local/lib/python3.12/site-packages/airflow/example_dags/example_dag_decorator.py
[2024-07-31T12:23:11.504+0000] {logging_mixin.py:188} INFO - [2024-07-31T12:23:11.504+0000] {dag.py:3089} INFO - Sync 1 DAGs
[2024-07-31T12:23:11.514+0000] {logging_mixin.py:188} INFO - [2024-07-31T12:23:11.514+0000] {dag.py:3947} INFO - Setting next_dagrun for example_dag_decorator to None, run_after=None
[2024-07-31T12:23:11.541+0000] {processor.py:183} INFO - Processing /home/airflow/.local/lib/python3.12/site-packages/airflow/example_dags/example_dag_decorator.py took 0.478 seconds
[2024-07-31T12:23:42.601+0000] {processor.py:161} INFO - Started process (PID=1784) to work on /home/airflow/.local/lib/python3.12/site-packages/airflow/example_dags/example_dag_decorator.py
[2024-07-31T12:23:42.602+0000] {processor.py:830} INFO - Processing file /home/airflow/.local/lib/python3.12/site-packages/airflow/example_dags/example_dag_decorator.py for tasks to queue
[2024-07-31T12:23:42.604+0000] {logging_mixin.py:188} INFO - [2024-07-31T12:23:42.604+0000] {dagbag.py:545} INFO - Filling up the DagBag from /home/airflow/.local/lib/python3.12/site-packages/airflow/example_dags/example_dag_decorator.py
[2024-07-31T12:23:42.901+0000] {processor.py:840} INFO - DAG(s) 'example_dag_decorator' retrieved from /home/airflow/.local/lib/python3.12/site-packages/airflow/example_dags/example_dag_decorator.py
[2024-07-31T12:23:43.069+0000] {logging_mixin.py:188} INFO - [2024-07-31T12:23:43.069+0000] {dag.py:3089} INFO - Sync 1 DAGs
[2024-07-31T12:23:43.081+0000] {logging_mixin.py:188} INFO - [2024-07-31T12:23:43.081+0000] {dag.py:3947} INFO - Setting next_dagrun for example_dag_decorator to None, run_after=None
[2024-07-31T12:23:43.118+0000] {processor.py:183} INFO - Processing /home/airflow/.local/lib/python3.12/site-packages/airflow/example_dags/example_dag_decorator.py took 0.522 seconds
[2024-07-31T12:24:13.368+0000] {processor.py:161} INFO - Started process (PID=1842) to work on /home/airflow/.local/lib/python3.12/site-packages/airflow/example_dags/example_dag_decorator.py
[2024-07-31T12:24:13.370+0000] {processor.py:830} INFO - Processing file /home/airflow/.local/lib/python3.12/site-packages/airflow/example_dags/example_dag_decorator.py for tasks to queue
[2024-07-31T12:24:13.372+0000] {logging_mixin.py:188} INFO - [2024-07-31T12:24:13.371+0000] {dagbag.py:545} INFO - Filling up the DagBag from /home/airflow/.local/lib/python3.12/site-packages/airflow/example_dags/example_dag_decorator.py
[2024-07-31T12:24:13.644+0000] {processor.py:840} INFO - DAG(s) 'example_dag_decorator' retrieved from /home/airflow/.local/lib/python3.12/site-packages/airflow/example_dags/example_dag_decorator.py
[2024-07-31T12:24:13.748+0000] {logging_mixin.py:188} INFO - [2024-07-31T12:24:13.747+0000] {dag.py:3089} INFO - Sync 1 DAGs
[2024-07-31T12:24:13.762+0000] {logging_mixin.py:188} INFO - [2024-07-31T12:24:13.761+0000] {dag.py:3947} INFO - Setting next_dagrun for example_dag_decorator to None, run_after=None
[2024-07-31T12:24:13.790+0000] {processor.py:183} INFO - Processing /home/airflow/.local/lib/python3.12/site-packages/airflow/example_dags/example_dag_decorator.py took 0.431 seconds
[2024-07-31T12:24:44.038+0000] {processor.py:161} INFO - Started process (PID=1898) to work on /home/airflow/.local/lib/python3.12/site-packages/airflow/example_dags/example_dag_decorator.py
[2024-07-31T12:24:44.040+0000] {processor.py:830} INFO - Processing file /home/airflow/.local/lib/python3.12/site-packages/airflow/example_dags/example_dag_decorator.py for tasks to queue
[2024-07-31T12:24:44.042+0000] {logging_mixin.py:188} INFO - [2024-07-31T12:24:44.042+0000] {dagbag.py:545} INFO - Filling up the DagBag from /home/airflow/.local/lib/python3.12/site-packages/airflow/example_dags/example_dag_decorator.py
[2024-07-31T12:24:44.336+0000] {processor.py:840} INFO - DAG(s) 'example_dag_decorator' retrieved from /home/airflow/.local/lib/python3.12/site-packages/airflow/example_dags/example_dag_decorator.py
[2024-07-31T12:24:44.456+0000] {logging_mixin.py:188} INFO - [2024-07-31T12:24:44.456+0000] {dag.py:3089} INFO - Sync 1 DAGs
[2024-07-31T12:24:44.469+0000] {logging_mixin.py:188} INFO - [2024-07-31T12:24:44.469+0000] {dag.py:3947} INFO - Setting next_dagrun for example_dag_decorator to None, run_after=None
[2024-07-31T12:24:44.497+0000] {processor.py:183} INFO - Processing /home/airflow/.local/lib/python3.12/site-packages/airflow/example_dags/example_dag_decorator.py took 0.466 seconds
[2024-07-31T12:25:15.492+0000] {processor.py:161} INFO - Started process (PID=1959) to work on /home/airflow/.local/lib/python3.12/site-packages/airflow/example_dags/example_dag_decorator.py
[2024-07-31T12:25:15.493+0000] {processor.py:830} INFO - Processing file /home/airflow/.local/lib/python3.12/site-packages/airflow/example_dags/example_dag_decorator.py for tasks to queue
[2024-07-31T12:25:15.496+0000] {logging_mixin.py:188} INFO - [2024-07-31T12:25:15.495+0000] {dagbag.py:545} INFO - Filling up the DagBag from /home/airflow/.local/lib/python3.12/site-packages/airflow/example_dags/example_dag_decorator.py
[2024-07-31T12:25:15.670+0000] {processor.py:840} INFO - DAG(s) 'example_dag_decorator' retrieved from /home/airflow/.local/lib/python3.12/site-packages/airflow/example_dags/example_dag_decorator.py
[2024-07-31T12:25:15.830+0000] {logging_mixin.py:188} INFO - [2024-07-31T12:25:15.830+0000] {dag.py:3089} INFO - Sync 1 DAGs
[2024-07-31T12:25:15.850+0000] {logging_mixin.py:188} INFO - [2024-07-31T12:25:15.850+0000] {dag.py:3947} INFO - Setting next_dagrun for example_dag_decorator to None, run_after=None
[2024-07-31T12:25:15.885+0000] {processor.py:183} INFO - Processing /home/airflow/.local/lib/python3.12/site-packages/airflow/example_dags/example_dag_decorator.py took 0.403 seconds
[2024-07-31T12:25:46.316+0000] {processor.py:161} INFO - Started process (PID=2017) to work on /home/airflow/.local/lib/python3.12/site-packages/airflow/example_dags/example_dag_decorator.py
[2024-07-31T12:25:46.318+0000] {processor.py:830} INFO - Processing file /home/airflow/.local/lib/python3.12/site-packages/airflow/example_dags/example_dag_decorator.py for tasks to queue
[2024-07-31T12:25:46.320+0000] {logging_mixin.py:188} INFO - [2024-07-31T12:25:46.320+0000] {dagbag.py:545} INFO - Filling up the DagBag from /home/airflow/.local/lib/python3.12/site-packages/airflow/example_dags/example_dag_decorator.py
[2024-07-31T12:25:46.470+0000] {processor.py:840} INFO - DAG(s) 'example_dag_decorator' retrieved from /home/airflow/.local/lib/python3.12/site-packages/airflow/example_dags/example_dag_decorator.py
[2024-07-31T12:25:46.590+0000] {logging_mixin.py:188} INFO - [2024-07-31T12:25:46.589+0000] {dag.py:3089} INFO - Sync 1 DAGs
[2024-07-31T12:25:46.603+0000] {logging_mixin.py:188} INFO - [2024-07-31T12:25:46.602+0000] {dag.py:3947} INFO - Setting next_dagrun for example_dag_decorator to None, run_after=None
[2024-07-31T12:25:46.635+0000] {processor.py:183} INFO - Processing /home/airflow/.local/lib/python3.12/site-packages/airflow/example_dags/example_dag_decorator.py took 0.326 seconds
[2024-07-31T12:26:17.192+0000] {processor.py:161} INFO - Started process (PID=2075) to work on /home/airflow/.local/lib/python3.12/site-packages/airflow/example_dags/example_dag_decorator.py
[2024-07-31T12:26:17.193+0000] {processor.py:830} INFO - Processing file /home/airflow/.local/lib/python3.12/site-packages/airflow/example_dags/example_dag_decorator.py for tasks to queue
[2024-07-31T12:26:17.195+0000] {logging_mixin.py:188} INFO - [2024-07-31T12:26:17.195+0000] {dagbag.py:545} INFO - Filling up the DagBag from /home/airflow/.local/lib/python3.12/site-packages/airflow/example_dags/example_dag_decorator.py
[2024-07-31T12:26:17.367+0000] {processor.py:840} INFO - DAG(s) 'example_dag_decorator' retrieved from /home/airflow/.local/lib/python3.12/site-packages/airflow/example_dags/example_dag_decorator.py
[2024-07-31T12:26:17.548+0000] {logging_mixin.py:188} INFO - [2024-07-31T12:26:17.548+0000] {dag.py:3089} INFO - Sync 1 DAGs
[2024-07-31T12:26:17.565+0000] {logging_mixin.py:188} INFO - [2024-07-31T12:26:17.565+0000] {dag.py:3947} INFO - Setting next_dagrun for example_dag_decorator to None, run_after=None
[2024-07-31T12:26:17.595+0000] {processor.py:183} INFO - Processing /home/airflow/.local/lib/python3.12/site-packages/airflow/example_dags/example_dag_decorator.py took 0.412 seconds
[2024-07-31T12:26:47.662+0000] {processor.py:161} INFO - Started process (PID=2132) to work on /home/airflow/.local/lib/python3.12/site-packages/airflow/example_dags/example_dag_decorator.py
[2024-07-31T12:26:47.665+0000] {processor.py:830} INFO - Processing file /home/airflow/.local/lib/python3.12/site-packages/airflow/example_dags/example_dag_decorator.py for tasks to queue
[2024-07-31T12:26:47.666+0000] {logging_mixin.py:188} INFO - [2024-07-31T12:26:47.666+0000] {dagbag.py:545} INFO - Filling up the DagBag from /home/airflow/.local/lib/python3.12/site-packages/airflow/example_dags/example_dag_decorator.py
[2024-07-31T12:26:47.796+0000] {processor.py:840} INFO - DAG(s) 'example_dag_decorator' retrieved from /home/airflow/.local/lib/python3.12/site-packages/airflow/example_dags/example_dag_decorator.py
[2024-07-31T12:26:47.951+0000] {logging_mixin.py:188} INFO - [2024-07-31T12:26:47.951+0000] {dag.py:3089} INFO - Sync 1 DAGs
[2024-07-31T12:26:47.961+0000] {logging_mixin.py:188} INFO - [2024-07-31T12:26:47.961+0000] {dag.py:3947} INFO - Setting next_dagrun for example_dag_decorator to None, run_after=None
[2024-07-31T12:26:47.987+0000] {processor.py:183} INFO - Processing /home/airflow/.local/lib/python3.12/site-packages/airflow/example_dags/example_dag_decorator.py took 0.330 seconds
[2024-07-31T12:27:18.031+0000] {processor.py:161} INFO - Started process (PID=2190) to work on /home/airflow/.local/lib/python3.12/site-packages/airflow/example_dags/example_dag_decorator.py
[2024-07-31T12:27:18.031+0000] {processor.py:830} INFO - Processing file /home/airflow/.local/lib/python3.12/site-packages/airflow/example_dags/example_dag_decorator.py for tasks to queue
[2024-07-31T12:27:18.033+0000] {logging_mixin.py:188} INFO - [2024-07-31T12:27:18.033+0000] {dagbag.py:545} INFO - Filling up the DagBag from /home/airflow/.local/lib/python3.12/site-packages/airflow/example_dags/example_dag_decorator.py
[2024-07-31T12:27:18.136+0000] {processor.py:840} INFO - DAG(s) 'example_dag_decorator' retrieved from /home/airflow/.local/lib/python3.12/site-packages/airflow/example_dags/example_dag_decorator.py
[2024-07-31T12:27:18.263+0000] {logging_mixin.py:188} INFO - [2024-07-31T12:27:18.263+0000] {dag.py:3089} INFO - Sync 1 DAGs
[2024-07-31T12:27:18.281+0000] {logging_mixin.py:188} INFO - [2024-07-31T12:27:18.281+0000] {dag.py:3947} INFO - Setting next_dagrun for example_dag_decorator to None, run_after=None
[2024-07-31T12:27:18.321+0000] {processor.py:183} INFO - Processing /home/airflow/.local/lib/python3.12/site-packages/airflow/example_dags/example_dag_decorator.py took 0.295 seconds
[2024-07-31T12:27:48.737+0000] {processor.py:161} INFO - Started process (PID=2248) to work on /home/airflow/.local/lib/python3.12/site-packages/airflow/example_dags/example_dag_decorator.py
[2024-07-31T12:27:48.738+0000] {processor.py:830} INFO - Processing file /home/airflow/.local/lib/python3.12/site-packages/airflow/example_dags/example_dag_decorator.py for tasks to queue
[2024-07-31T12:27:48.741+0000] {logging_mixin.py:188} INFO - [2024-07-31T12:27:48.740+0000] {dagbag.py:545} INFO - Filling up the DagBag from /home/airflow/.local/lib/python3.12/site-packages/airflow/example_dags/example_dag_decorator.py
[2024-07-31T12:27:48.873+0000] {processor.py:840} INFO - DAG(s) 'example_dag_decorator' retrieved from /home/airflow/.local/lib/python3.12/site-packages/airflow/example_dags/example_dag_decorator.py
[2024-07-31T12:27:49.023+0000] {logging_mixin.py:188} INFO - [2024-07-31T12:27:49.023+0000] {dag.py:3089} INFO - Sync 1 DAGs
[2024-07-31T12:27:49.036+0000] {logging_mixin.py:188} INFO - [2024-07-31T12:27:49.035+0000] {dag.py:3947} INFO - Setting next_dagrun for example_dag_decorator to None, run_after=None
[2024-07-31T12:27:49.069+0000] {processor.py:183} INFO - Processing /home/airflow/.local/lib/python3.12/site-packages/airflow/example_dags/example_dag_decorator.py took 0.342 seconds
[2024-07-31T12:28:19.710+0000] {processor.py:161} INFO - Started process (PID=2306) to work on /home/airflow/.local/lib/python3.12/site-packages/airflow/example_dags/example_dag_decorator.py
[2024-07-31T12:28:19.713+0000] {processor.py:830} INFO - Processing file /home/airflow/.local/lib/python3.12/site-packages/airflow/example_dags/example_dag_decorator.py for tasks to queue
[2024-07-31T12:28:19.715+0000] {logging_mixin.py:188} INFO - [2024-07-31T12:28:19.714+0000] {dagbag.py:545} INFO - Filling up the DagBag from /home/airflow/.local/lib/python3.12/site-packages/airflow/example_dags/example_dag_decorator.py
[2024-07-31T12:28:19.866+0000] {processor.py:840} INFO - DAG(s) 'example_dag_decorator' retrieved from /home/airflow/.local/lib/python3.12/site-packages/airflow/example_dags/example_dag_decorator.py
[2024-07-31T12:28:19.993+0000] {logging_mixin.py:188} INFO - [2024-07-31T12:28:19.993+0000] {dag.py:3089} INFO - Sync 1 DAGs
[2024-07-31T12:28:20.006+0000] {logging_mixin.py:188} INFO - [2024-07-31T12:28:20.006+0000] {dag.py:3947} INFO - Setting next_dagrun for example_dag_decorator to None, run_after=None
[2024-07-31T12:28:20.032+0000] {processor.py:183} INFO - Processing /home/airflow/.local/lib/python3.12/site-packages/airflow/example_dags/example_dag_decorator.py took 0.328 seconds
[2024-07-31T12:28:50.166+0000] {processor.py:161} INFO - Started process (PID=2366) to work on /home/airflow/.local/lib/python3.12/site-packages/airflow/example_dags/example_dag_decorator.py
[2024-07-31T12:28:50.168+0000] {processor.py:830} INFO - Processing file /home/airflow/.local/lib/python3.12/site-packages/airflow/example_dags/example_dag_decorator.py for tasks to queue
[2024-07-31T12:28:50.170+0000] {logging_mixin.py:188} INFO - [2024-07-31T12:28:50.170+0000] {dagbag.py:545} INFO - Filling up the DagBag from /home/airflow/.local/lib/python3.12/site-packages/airflow/example_dags/example_dag_decorator.py
[2024-07-31T12:28:50.332+0000] {processor.py:840} INFO - DAG(s) 'example_dag_decorator' retrieved from /home/airflow/.local/lib/python3.12/site-packages/airflow/example_dags/example_dag_decorator.py
[2024-07-31T12:28:50.493+0000] {logging_mixin.py:188} INFO - [2024-07-31T12:28:50.493+0000] {dag.py:3089} INFO - Sync 1 DAGs
[2024-07-31T12:28:50.508+0000] {logging_mixin.py:188} INFO - [2024-07-31T12:28:50.508+0000] {dag.py:3947} INFO - Setting next_dagrun for example_dag_decorator to None, run_after=None
[2024-07-31T12:28:50.537+0000] {processor.py:183} INFO - Processing /home/airflow/.local/lib/python3.12/site-packages/airflow/example_dags/example_dag_decorator.py took 0.378 seconds
[2024-07-31T12:29:20.601+0000] {processor.py:161} INFO - Started process (PID=2422) to work on /home/airflow/.local/lib/python3.12/site-packages/airflow/example_dags/example_dag_decorator.py
[2024-07-31T12:29:20.601+0000] {processor.py:830} INFO - Processing file /home/airflow/.local/lib/python3.12/site-packages/airflow/example_dags/example_dag_decorator.py for tasks to queue
[2024-07-31T12:29:20.603+0000] {logging_mixin.py:188} INFO - [2024-07-31T12:29:20.603+0000] {dagbag.py:545} INFO - Filling up the DagBag from /home/airflow/.local/lib/python3.12/site-packages/airflow/example_dags/example_dag_decorator.py
[2024-07-31T12:29:20.720+0000] {processor.py:840} INFO - DAG(s) 'example_dag_decorator' retrieved from /home/airflow/.local/lib/python3.12/site-packages/airflow/example_dags/example_dag_decorator.py
[2024-07-31T12:29:20.865+0000] {logging_mixin.py:188} INFO - [2024-07-31T12:29:20.864+0000] {dag.py:3089} INFO - Sync 1 DAGs
[2024-07-31T12:29:20.880+0000] {logging_mixin.py:188} INFO - [2024-07-31T12:29:20.879+0000] {dag.py:3947} INFO - Setting next_dagrun for example_dag_decorator to None, run_after=None
[2024-07-31T12:29:20.914+0000] {processor.py:183} INFO - Processing /home/airflow/.local/lib/python3.12/site-packages/airflow/example_dags/example_dag_decorator.py took 0.319 seconds
[2024-07-31T12:29:51.293+0000] {processor.py:161} INFO - Started process (PID=2479) to work on /home/airflow/.local/lib/python3.12/site-packages/airflow/example_dags/example_dag_decorator.py
[2024-07-31T12:29:51.294+0000] {processor.py:830} INFO - Processing file /home/airflow/.local/lib/python3.12/site-packages/airflow/example_dags/example_dag_decorator.py for tasks to queue
[2024-07-31T12:29:51.296+0000] {logging_mixin.py:188} INFO - [2024-07-31T12:29:51.296+0000] {dagbag.py:545} INFO - Filling up the DagBag from /home/airflow/.local/lib/python3.12/site-packages/airflow/example_dags/example_dag_decorator.py
[2024-07-31T12:29:51.428+0000] {processor.py:840} INFO - DAG(s) 'example_dag_decorator' retrieved from /home/airflow/.local/lib/python3.12/site-packages/airflow/example_dags/example_dag_decorator.py
[2024-07-31T12:29:51.548+0000] {logging_mixin.py:188} INFO - [2024-07-31T12:29:51.548+0000] {dag.py:3089} INFO - Sync 1 DAGs
[2024-07-31T12:29:51.560+0000] {logging_mixin.py:188} INFO - [2024-07-31T12:29:51.560+0000] {dag.py:3947} INFO - Setting next_dagrun for example_dag_decorator to None, run_after=None
[2024-07-31T12:29:51.585+0000] {processor.py:183} INFO - Processing /home/airflow/.local/lib/python3.12/site-packages/airflow/example_dags/example_dag_decorator.py took 0.301 seconds
[2024-07-31T12:30:22.027+0000] {processor.py:161} INFO - Started process (PID=2537) to work on /home/airflow/.local/lib/python3.12/site-packages/airflow/example_dags/example_dag_decorator.py
[2024-07-31T12:30:22.028+0000] {processor.py:830} INFO - Processing file /home/airflow/.local/lib/python3.12/site-packages/airflow/example_dags/example_dag_decorator.py for tasks to queue
[2024-07-31T12:30:22.030+0000] {logging_mixin.py:188} INFO - [2024-07-31T12:30:22.029+0000] {dagbag.py:545} INFO - Filling up the DagBag from /home/airflow/.local/lib/python3.12/site-packages/airflow/example_dags/example_dag_decorator.py
[2024-07-31T12:30:22.193+0000] {processor.py:840} INFO - DAG(s) 'example_dag_decorator' retrieved from /home/airflow/.local/lib/python3.12/site-packages/airflow/example_dags/example_dag_decorator.py
[2024-07-31T12:30:22.344+0000] {logging_mixin.py:188} INFO - [2024-07-31T12:30:22.344+0000] {dag.py:3089} INFO - Sync 1 DAGs
[2024-07-31T12:30:22.365+0000] {logging_mixin.py:188} INFO - [2024-07-31T12:30:22.365+0000] {dag.py:3947} INFO - Setting next_dagrun for example_dag_decorator to None, run_after=None
[2024-07-31T12:30:22.401+0000] {processor.py:183} INFO - Processing /home/airflow/.local/lib/python3.12/site-packages/airflow/example_dags/example_dag_decorator.py took 0.384 seconds
[2024-07-31T12:30:52.594+0000] {processor.py:161} INFO - Started process (PID=2595) to work on /home/airflow/.local/lib/python3.12/site-packages/airflow/example_dags/example_dag_decorator.py
[2024-07-31T12:30:52.596+0000] {processor.py:830} INFO - Processing file /home/airflow/.local/lib/python3.12/site-packages/airflow/example_dags/example_dag_decorator.py for tasks to queue
[2024-07-31T12:30:52.598+0000] {logging_mixin.py:188} INFO - [2024-07-31T12:30:52.598+0000] {dagbag.py:545} INFO - Filling up the DagBag from /home/airflow/.local/lib/python3.12/site-packages/airflow/example_dags/example_dag_decorator.py
[2024-07-31T12:30:52.736+0000] {processor.py:840} INFO - DAG(s) 'example_dag_decorator' retrieved from /home/airflow/.local/lib/python3.12/site-packages/airflow/example_dags/example_dag_decorator.py
[2024-07-31T12:30:52.893+0000] {logging_mixin.py:188} INFO - [2024-07-31T12:30:52.892+0000] {dag.py:3089} INFO - Sync 1 DAGs
[2024-07-31T12:30:52.915+0000] {logging_mixin.py:188} INFO - [2024-07-31T12:30:52.914+0000] {dag.py:3947} INFO - Setting next_dagrun for example_dag_decorator to None, run_after=None
[2024-07-31T12:30:52.945+0000] {processor.py:183} INFO - Processing /home/airflow/.local/lib/python3.12/site-packages/airflow/example_dags/example_dag_decorator.py took 0.357 seconds
[2024-07-31T12:31:23.190+0000] {processor.py:161} INFO - Started process (PID=2652) to work on /home/airflow/.local/lib/python3.12/site-packages/airflow/example_dags/example_dag_decorator.py
[2024-07-31T12:31:23.191+0000] {processor.py:830} INFO - Processing file /home/airflow/.local/lib/python3.12/site-packages/airflow/example_dags/example_dag_decorator.py for tasks to queue
[2024-07-31T12:31:23.193+0000] {logging_mixin.py:188} INFO - [2024-07-31T12:31:23.192+0000] {dagbag.py:545} INFO - Filling up the DagBag from /home/airflow/.local/lib/python3.12/site-packages/airflow/example_dags/example_dag_decorator.py
[2024-07-31T12:31:23.326+0000] {processor.py:840} INFO - DAG(s) 'example_dag_decorator' retrieved from /home/airflow/.local/lib/python3.12/site-packages/airflow/example_dags/example_dag_decorator.py
[2024-07-31T12:31:23.481+0000] {logging_mixin.py:188} INFO - [2024-07-31T12:31:23.480+0000] {dag.py:3089} INFO - Sync 1 DAGs
[2024-07-31T12:31:23.493+0000] {logging_mixin.py:188} INFO - [2024-07-31T12:31:23.493+0000] {dag.py:3947} INFO - Setting next_dagrun for example_dag_decorator to None, run_after=None
[2024-07-31T12:31:23.523+0000] {processor.py:183} INFO - Processing /home/airflow/.local/lib/python3.12/site-packages/airflow/example_dags/example_dag_decorator.py took 0.341 seconds
[2024-07-31T12:31:53.702+0000] {processor.py:161} INFO - Started process (PID=2710) to work on /home/airflow/.local/lib/python3.12/site-packages/airflow/example_dags/example_dag_decorator.py
[2024-07-31T12:31:53.704+0000] {processor.py:830} INFO - Processing file /home/airflow/.local/lib/python3.12/site-packages/airflow/example_dags/example_dag_decorator.py for tasks to queue
[2024-07-31T12:31:53.706+0000] {logging_mixin.py:188} INFO - [2024-07-31T12:31:53.706+0000] {dagbag.py:545} INFO - Filling up the DagBag from /home/airflow/.local/lib/python3.12/site-packages/airflow/example_dags/example_dag_decorator.py
[2024-07-31T12:31:53.867+0000] {processor.py:840} INFO - DAG(s) 'example_dag_decorator' retrieved from /home/airflow/.local/lib/python3.12/site-packages/airflow/example_dags/example_dag_decorator.py
[2024-07-31T12:31:54.034+0000] {logging_mixin.py:188} INFO - [2024-07-31T12:31:54.033+0000] {dag.py:3089} INFO - Sync 1 DAGs
[2024-07-31T12:31:54.050+0000] {logging_mixin.py:188} INFO - [2024-07-31T12:31:54.049+0000] {dag.py:3947} INFO - Setting next_dagrun for example_dag_decorator to None, run_after=None
[2024-07-31T12:31:54.083+0000] {processor.py:183} INFO - Processing /home/airflow/.local/lib/python3.12/site-packages/airflow/example_dags/example_dag_decorator.py took 0.387 seconds
[2024-07-31T12:32:24.220+0000] {processor.py:161} INFO - Started process (PID=2770) to work on /home/airflow/.local/lib/python3.12/site-packages/airflow/example_dags/example_dag_decorator.py
[2024-07-31T12:32:24.220+0000] {processor.py:830} INFO - Processing file /home/airflow/.local/lib/python3.12/site-packages/airflow/example_dags/example_dag_decorator.py for tasks to queue
[2024-07-31T12:32:24.222+0000] {logging_mixin.py:188} INFO - [2024-07-31T12:32:24.222+0000] {dagbag.py:545} INFO - Filling up the DagBag from /home/airflow/.local/lib/python3.12/site-packages/airflow/example_dags/example_dag_decorator.py
[2024-07-31T12:32:24.357+0000] {processor.py:840} INFO - DAG(s) 'example_dag_decorator' retrieved from /home/airflow/.local/lib/python3.12/site-packages/airflow/example_dags/example_dag_decorator.py
[2024-07-31T12:32:24.504+0000] {logging_mixin.py:188} INFO - [2024-07-31T12:32:24.503+0000] {dag.py:3089} INFO - Sync 1 DAGs
[2024-07-31T12:32:24.522+0000] {logging_mixin.py:188} INFO - [2024-07-31T12:32:24.521+0000] {dag.py:3947} INFO - Setting next_dagrun for example_dag_decorator to None, run_after=None
[2024-07-31T12:32:24.553+0000] {processor.py:183} INFO - Processing /home/airflow/.local/lib/python3.12/site-packages/airflow/example_dags/example_dag_decorator.py took 0.340 seconds
[2024-07-31T12:32:54.743+0000] {processor.py:161} INFO - Started process (PID=2830) to work on /home/airflow/.local/lib/python3.12/site-packages/airflow/example_dags/example_dag_decorator.py
[2024-07-31T12:32:54.744+0000] {processor.py:830} INFO - Processing file /home/airflow/.local/lib/python3.12/site-packages/airflow/example_dags/example_dag_decorator.py for tasks to queue
[2024-07-31T12:32:54.745+0000] {logging_mixin.py:188} INFO - [2024-07-31T12:32:54.745+0000] {dagbag.py:545} INFO - Filling up the DagBag from /home/airflow/.local/lib/python3.12/site-packages/airflow/example_dags/example_dag_decorator.py
[2024-07-31T12:32:54.871+0000] {processor.py:840} INFO - DAG(s) 'example_dag_decorator' retrieved from /home/airflow/.local/lib/python3.12/site-packages/airflow/example_dags/example_dag_decorator.py
[2024-07-31T12:32:55.004+0000] {logging_mixin.py:188} INFO - [2024-07-31T12:32:55.004+0000] {dag.py:3089} INFO - Sync 1 DAGs
[2024-07-31T12:32:55.026+0000] {logging_mixin.py:188} INFO - [2024-07-31T12:32:55.025+0000] {dag.py:3947} INFO - Setting next_dagrun for example_dag_decorator to None, run_after=None
[2024-07-31T12:32:55.059+0000] {processor.py:183} INFO - Processing /home/airflow/.local/lib/python3.12/site-packages/airflow/example_dags/example_dag_decorator.py took 0.322 seconds
[2024-07-31T12:33:25.689+0000] {processor.py:161} INFO - Started process (PID=2891) to work on /home/airflow/.local/lib/python3.12/site-packages/airflow/example_dags/example_dag_decorator.py
[2024-07-31T12:33:25.690+0000] {processor.py:830} INFO - Processing file /home/airflow/.local/lib/python3.12/site-packages/airflow/example_dags/example_dag_decorator.py for tasks to queue
[2024-07-31T12:33:25.692+0000] {logging_mixin.py:188} INFO - [2024-07-31T12:33:25.692+0000] {dagbag.py:545} INFO - Filling up the DagBag from /home/airflow/.local/lib/python3.12/site-packages/airflow/example_dags/example_dag_decorator.py
[2024-07-31T12:33:25.869+0000] {processor.py:840} INFO - DAG(s) 'example_dag_decorator' retrieved from /home/airflow/.local/lib/python3.12/site-packages/airflow/example_dags/example_dag_decorator.py
[2024-07-31T12:33:26.030+0000] {logging_mixin.py:188} INFO - [2024-07-31T12:33:26.029+0000] {dag.py:3089} INFO - Sync 1 DAGs
[2024-07-31T12:33:26.040+0000] {logging_mixin.py:188} INFO - [2024-07-31T12:33:26.040+0000] {dag.py:3947} INFO - Setting next_dagrun for example_dag_decorator to None, run_after=None
[2024-07-31T12:33:26.070+0000] {processor.py:183} INFO - Processing /home/airflow/.local/lib/python3.12/site-packages/airflow/example_dags/example_dag_decorator.py took 0.390 seconds
[2024-07-31T12:33:56.134+0000] {processor.py:161} INFO - Started process (PID=2952) to work on /home/airflow/.local/lib/python3.12/site-packages/airflow/example_dags/example_dag_decorator.py
[2024-07-31T12:33:56.135+0000] {processor.py:830} INFO - Processing file /home/airflow/.local/lib/python3.12/site-packages/airflow/example_dags/example_dag_decorator.py for tasks to queue
[2024-07-31T12:33:56.136+0000] {logging_mixin.py:188} INFO - [2024-07-31T12:33:56.136+0000] {dagbag.py:545} INFO - Filling up the DagBag from /home/airflow/.local/lib/python3.12/site-packages/airflow/example_dags/example_dag_decorator.py
[2024-07-31T12:33:56.278+0000] {processor.py:840} INFO - DAG(s) 'example_dag_decorator' retrieved from /home/airflow/.local/lib/python3.12/site-packages/airflow/example_dags/example_dag_decorator.py
[2024-07-31T12:33:56.393+0000] {logging_mixin.py:188} INFO - [2024-07-31T12:33:56.393+0000] {dag.py:3089} INFO - Sync 1 DAGs
[2024-07-31T12:33:56.403+0000] {logging_mixin.py:188} INFO - [2024-07-31T12:33:56.403+0000] {dag.py:3947} INFO - Setting next_dagrun for example_dag_decorator to None, run_after=None
[2024-07-31T12:33:56.432+0000] {processor.py:183} INFO - Processing /home/airflow/.local/lib/python3.12/site-packages/airflow/example_dags/example_dag_decorator.py took 0.306 seconds
[2024-07-31T12:34:26.531+0000] {processor.py:161} INFO - Started process (PID=3006) to work on /home/airflow/.local/lib/python3.12/site-packages/airflow/example_dags/example_dag_decorator.py
[2024-07-31T12:34:26.531+0000] {processor.py:830} INFO - Processing file /home/airflow/.local/lib/python3.12/site-packages/airflow/example_dags/example_dag_decorator.py for tasks to queue
[2024-07-31T12:34:26.533+0000] {logging_mixin.py:188} INFO - [2024-07-31T12:34:26.533+0000] {dagbag.py:545} INFO - Filling up the DagBag from /home/airflow/.local/lib/python3.12/site-packages/airflow/example_dags/example_dag_decorator.py
[2024-07-31T12:34:26.775+0000] {processor.py:840} INFO - DAG(s) 'example_dag_decorator' retrieved from /home/airflow/.local/lib/python3.12/site-packages/airflow/example_dags/example_dag_decorator.py
[2024-07-31T12:34:26.921+0000] {logging_mixin.py:188} INFO - [2024-07-31T12:34:26.921+0000] {dag.py:3089} INFO - Sync 1 DAGs
[2024-07-31T12:34:26.932+0000] {logging_mixin.py:188} INFO - [2024-07-31T12:34:26.932+0000] {dag.py:3947} INFO - Setting next_dagrun for example_dag_decorator to None, run_after=None
[2024-07-31T12:34:26.958+0000] {processor.py:183} INFO - Processing /home/airflow/.local/lib/python3.12/site-packages/airflow/example_dags/example_dag_decorator.py took 0.435 seconds
[2024-07-31T12:34:57.106+0000] {processor.py:161} INFO - Started process (PID=3063) to work on /home/airflow/.local/lib/python3.12/site-packages/airflow/example_dags/example_dag_decorator.py
[2024-07-31T12:34:57.108+0000] {processor.py:830} INFO - Processing file /home/airflow/.local/lib/python3.12/site-packages/airflow/example_dags/example_dag_decorator.py for tasks to queue
[2024-07-31T12:34:57.110+0000] {logging_mixin.py:188} INFO - [2024-07-31T12:34:57.109+0000] {dagbag.py:545} INFO - Filling up the DagBag from /home/airflow/.local/lib/python3.12/site-packages/airflow/example_dags/example_dag_decorator.py
[2024-07-31T12:34:57.266+0000] {processor.py:840} INFO - DAG(s) 'example_dag_decorator' retrieved from /home/airflow/.local/lib/python3.12/site-packages/airflow/example_dags/example_dag_decorator.py
[2024-07-31T12:34:57.390+0000] {logging_mixin.py:188} INFO - [2024-07-31T12:34:57.390+0000] {dag.py:3089} INFO - Sync 1 DAGs
[2024-07-31T12:34:57.401+0000] {logging_mixin.py:188} INFO - [2024-07-31T12:34:57.401+0000] {dag.py:3947} INFO - Setting next_dagrun for example_dag_decorator to None, run_after=None
[2024-07-31T12:34:57.427+0000] {processor.py:183} INFO - Processing /home/airflow/.local/lib/python3.12/site-packages/airflow/example_dags/example_dag_decorator.py took 0.327 seconds
[2024-07-31T12:35:28.401+0000] {processor.py:161} INFO - Started process (PID=3124) to work on /home/airflow/.local/lib/python3.12/site-packages/airflow/example_dags/example_dag_decorator.py
[2024-07-31T12:35:28.402+0000] {processor.py:830} INFO - Processing file /home/airflow/.local/lib/python3.12/site-packages/airflow/example_dags/example_dag_decorator.py for tasks to queue
[2024-07-31T12:35:28.404+0000] {logging_mixin.py:188} INFO - [2024-07-31T12:35:28.403+0000] {dagbag.py:545} INFO - Filling up the DagBag from /home/airflow/.local/lib/python3.12/site-packages/airflow/example_dags/example_dag_decorator.py
[2024-07-31T12:35:28.540+0000] {processor.py:840} INFO - DAG(s) 'example_dag_decorator' retrieved from /home/airflow/.local/lib/python3.12/site-packages/airflow/example_dags/example_dag_decorator.py
[2024-07-31T12:35:28.682+0000] {logging_mixin.py:188} INFO - [2024-07-31T12:35:28.682+0000] {dag.py:3089} INFO - Sync 1 DAGs
[2024-07-31T12:35:28.696+0000] {logging_mixin.py:188} INFO - [2024-07-31T12:35:28.696+0000] {dag.py:3947} INFO - Setting next_dagrun for example_dag_decorator to None, run_after=None
[2024-07-31T12:35:28.725+0000] {processor.py:183} INFO - Processing /home/airflow/.local/lib/python3.12/site-packages/airflow/example_dags/example_dag_decorator.py took 0.331 seconds
[2024-07-31T12:35:58.788+0000] {processor.py:161} INFO - Started process (PID=3181) to work on /home/airflow/.local/lib/python3.12/site-packages/airflow/example_dags/example_dag_decorator.py
[2024-07-31T12:35:58.789+0000] {processor.py:830} INFO - Processing file /home/airflow/.local/lib/python3.12/site-packages/airflow/example_dags/example_dag_decorator.py for tasks to queue
[2024-07-31T12:35:58.791+0000] {logging_mixin.py:188} INFO - [2024-07-31T12:35:58.791+0000] {dagbag.py:545} INFO - Filling up the DagBag from /home/airflow/.local/lib/python3.12/site-packages/airflow/example_dags/example_dag_decorator.py
[2024-07-31T12:35:58.938+0000] {processor.py:840} INFO - DAG(s) 'example_dag_decorator' retrieved from /home/airflow/.local/lib/python3.12/site-packages/airflow/example_dags/example_dag_decorator.py
[2024-07-31T12:35:59.068+0000] {logging_mixin.py:188} INFO - [2024-07-31T12:35:59.067+0000] {dag.py:3089} INFO - Sync 1 DAGs
[2024-07-31T12:35:59.080+0000] {logging_mixin.py:188} INFO - [2024-07-31T12:35:59.080+0000] {dag.py:3947} INFO - Setting next_dagrun for example_dag_decorator to None, run_after=None
[2024-07-31T12:35:59.110+0000] {processor.py:183} INFO - Processing /home/airflow/.local/lib/python3.12/site-packages/airflow/example_dags/example_dag_decorator.py took 0.328 seconds
[2024-07-31T12:36:29.264+0000] {processor.py:161} INFO - Started process (PID=3238) to work on /home/airflow/.local/lib/python3.12/site-packages/airflow/example_dags/example_dag_decorator.py
[2024-07-31T12:36:29.265+0000] {processor.py:830} INFO - Processing file /home/airflow/.local/lib/python3.12/site-packages/airflow/example_dags/example_dag_decorator.py for tasks to queue
[2024-07-31T12:36:29.267+0000] {logging_mixin.py:188} INFO - [2024-07-31T12:36:29.267+0000] {dagbag.py:545} INFO - Filling up the DagBag from /home/airflow/.local/lib/python3.12/site-packages/airflow/example_dags/example_dag_decorator.py
[2024-07-31T12:36:29.431+0000] {processor.py:840} INFO - DAG(s) 'example_dag_decorator' retrieved from /home/airflow/.local/lib/python3.12/site-packages/airflow/example_dags/example_dag_decorator.py
[2024-07-31T12:36:29.546+0000] {logging_mixin.py:188} INFO - [2024-07-31T12:36:29.546+0000] {dag.py:3089} INFO - Sync 1 DAGs
[2024-07-31T12:36:29.557+0000] {logging_mixin.py:188} INFO - [2024-07-31T12:36:29.556+0000] {dag.py:3947} INFO - Setting next_dagrun for example_dag_decorator to None, run_after=None
[2024-07-31T12:36:29.586+0000] {processor.py:183} INFO - Processing /home/airflow/.local/lib/python3.12/site-packages/airflow/example_dags/example_dag_decorator.py took 0.333 seconds
[2024-07-31T12:37:00.467+0000] {processor.py:161} INFO - Started process (PID=3295) to work on /home/airflow/.local/lib/python3.12/site-packages/airflow/example_dags/example_dag_decorator.py
[2024-07-31T12:37:00.469+0000] {processor.py:830} INFO - Processing file /home/airflow/.local/lib/python3.12/site-packages/airflow/example_dags/example_dag_decorator.py for tasks to queue
[2024-07-31T12:37:00.471+0000] {logging_mixin.py:188} INFO - [2024-07-31T12:37:00.470+0000] {dagbag.py:545} INFO - Filling up the DagBag from /home/airflow/.local/lib/python3.12/site-packages/airflow/example_dags/example_dag_decorator.py
[2024-07-31T12:37:00.599+0000] {processor.py:840} INFO - DAG(s) 'example_dag_decorator' retrieved from /home/airflow/.local/lib/python3.12/site-packages/airflow/example_dags/example_dag_decorator.py
[2024-07-31T12:37:00.748+0000] {logging_mixin.py:188} INFO - [2024-07-31T12:37:00.748+0000] {dag.py:3089} INFO - Sync 1 DAGs
[2024-07-31T12:37:00.763+0000] {logging_mixin.py:188} INFO - [2024-07-31T12:37:00.763+0000] {dag.py:3947} INFO - Setting next_dagrun for example_dag_decorator to None, run_after=None
[2024-07-31T12:37:00.801+0000] {processor.py:183} INFO - Processing /home/airflow/.local/lib/python3.12/site-packages/airflow/example_dags/example_dag_decorator.py took 0.340 seconds
[2024-07-31T12:37:31.759+0000] {processor.py:161} INFO - Started process (PID=3358) to work on /home/airflow/.local/lib/python3.12/site-packages/airflow/example_dags/example_dag_decorator.py
[2024-07-31T12:37:31.760+0000] {processor.py:830} INFO - Processing file /home/airflow/.local/lib/python3.12/site-packages/airflow/example_dags/example_dag_decorator.py for tasks to queue
[2024-07-31T12:37:31.764+0000] {logging_mixin.py:188} INFO - [2024-07-31T12:37:31.763+0000] {dagbag.py:545} INFO - Filling up the DagBag from /home/airflow/.local/lib/python3.12/site-packages/airflow/example_dags/example_dag_decorator.py
[2024-07-31T12:37:31.925+0000] {processor.py:840} INFO - DAG(s) 'example_dag_decorator' retrieved from /home/airflow/.local/lib/python3.12/site-packages/airflow/example_dags/example_dag_decorator.py
[2024-07-31T12:37:32.065+0000] {logging_mixin.py:188} INFO - [2024-07-31T12:37:32.065+0000] {dag.py:3089} INFO - Sync 1 DAGs
[2024-07-31T12:37:32.077+0000] {logging_mixin.py:188} INFO - [2024-07-31T12:37:32.077+0000] {dag.py:3947} INFO - Setting next_dagrun for example_dag_decorator to None, run_after=None
[2024-07-31T12:37:32.105+0000] {processor.py:183} INFO - Processing /home/airflow/.local/lib/python3.12/site-packages/airflow/example_dags/example_dag_decorator.py took 0.354 seconds
[2024-07-31T12:38:02.246+0000] {processor.py:161} INFO - Started process (PID=3416) to work on /home/airflow/.local/lib/python3.12/site-packages/airflow/example_dags/example_dag_decorator.py
[2024-07-31T12:38:02.248+0000] {processor.py:830} INFO - Processing file /home/airflow/.local/lib/python3.12/site-packages/airflow/example_dags/example_dag_decorator.py for tasks to queue
[2024-07-31T12:38:02.249+0000] {logging_mixin.py:188} INFO - [2024-07-31T12:38:02.249+0000] {dagbag.py:545} INFO - Filling up the DagBag from /home/airflow/.local/lib/python3.12/site-packages/airflow/example_dags/example_dag_decorator.py
[2024-07-31T12:38:02.372+0000] {processor.py:840} INFO - DAG(s) 'example_dag_decorator' retrieved from /home/airflow/.local/lib/python3.12/site-packages/airflow/example_dags/example_dag_decorator.py
[2024-07-31T12:38:02.513+0000] {logging_mixin.py:188} INFO - [2024-07-31T12:38:02.513+0000] {dag.py:3089} INFO - Sync 1 DAGs
[2024-07-31T12:38:02.527+0000] {logging_mixin.py:188} INFO - [2024-07-31T12:38:02.526+0000] {dag.py:3947} INFO - Setting next_dagrun for example_dag_decorator to None, run_after=None
[2024-07-31T12:38:02.551+0000] {processor.py:183} INFO - Processing /home/airflow/.local/lib/python3.12/site-packages/airflow/example_dags/example_dag_decorator.py took 0.311 seconds
[2024-07-31T16:44:25.169+0000] {processor.py:161} INFO - Started process (PID=81) to work on /home/airflow/.local/lib/python3.12/site-packages/airflow/example_dags/example_dag_decorator.py
[2024-07-31T16:44:25.169+0000] {processor.py:830} INFO - Processing file /home/airflow/.local/lib/python3.12/site-packages/airflow/example_dags/example_dag_decorator.py for tasks to queue
[2024-07-31T16:44:25.170+0000] {logging_mixin.py:188} INFO - [2024-07-31T16:44:25.170+0000] {dagbag.py:545} INFO - Filling up the DagBag from /home/airflow/.local/lib/python3.12/site-packages/airflow/example_dags/example_dag_decorator.py
[2024-07-31T16:44:26.530+0000] {processor.py:840} INFO - DAG(s) 'example_dag_decorator' retrieved from /home/airflow/.local/lib/python3.12/site-packages/airflow/example_dags/example_dag_decorator.py
[2024-07-31T16:44:26.702+0000] {logging_mixin.py:188} INFO - [2024-07-31T16:44:26.701+0000] {dag.py:3089} INFO - Sync 1 DAGs
[2024-07-31T16:44:26.721+0000] {logging_mixin.py:188} INFO - [2024-07-31T16:44:26.720+0000] {dag.py:3947} INFO - Setting next_dagrun for example_dag_decorator to None, run_after=None
[2024-07-31T16:44:26.754+0000] {processor.py:183} INFO - Processing /home/airflow/.local/lib/python3.12/site-packages/airflow/example_dags/example_dag_decorator.py took 1.593 seconds
[2024-07-31T16:44:56.995+0000] {processor.py:161} INFO - Started process (PID=141) to work on /home/airflow/.local/lib/python3.12/site-packages/airflow/example_dags/example_dag_decorator.py
[2024-07-31T16:44:56.996+0000] {processor.py:830} INFO - Processing file /home/airflow/.local/lib/python3.12/site-packages/airflow/example_dags/example_dag_decorator.py for tasks to queue
[2024-07-31T16:44:56.997+0000] {logging_mixin.py:188} INFO - [2024-07-31T16:44:56.996+0000] {dagbag.py:545} INFO - Filling up the DagBag from /home/airflow/.local/lib/python3.12/site-packages/airflow/example_dags/example_dag_decorator.py
[2024-07-31T16:44:57.491+0000] {processor.py:840} INFO - DAG(s) 'example_dag_decorator' retrieved from /home/airflow/.local/lib/python3.12/site-packages/airflow/example_dags/example_dag_decorator.py
[2024-07-31T16:44:57.728+0000] {logging_mixin.py:188} INFO - [2024-07-31T16:44:57.727+0000] {dag.py:3089} INFO - Sync 1 DAGs
[2024-07-31T16:44:57.748+0000] {logging_mixin.py:188} INFO - [2024-07-31T16:44:57.748+0000] {dag.py:3947} INFO - Setting next_dagrun for example_dag_decorator to None, run_after=None
[2024-07-31T16:44:57.791+0000] {processor.py:183} INFO - Processing /home/airflow/.local/lib/python3.12/site-packages/airflow/example_dags/example_dag_decorator.py took 0.804 seconds
[2024-07-31T16:45:28.384+0000] {processor.py:161} INFO - Started process (PID=200) to work on /home/airflow/.local/lib/python3.12/site-packages/airflow/example_dags/example_dag_decorator.py
[2024-07-31T16:45:28.386+0000] {processor.py:830} INFO - Processing file /home/airflow/.local/lib/python3.12/site-packages/airflow/example_dags/example_dag_decorator.py for tasks to queue
[2024-07-31T16:45:28.387+0000] {logging_mixin.py:188} INFO - [2024-07-31T16:45:28.386+0000] {dagbag.py:545} INFO - Filling up the DagBag from /home/airflow/.local/lib/python3.12/site-packages/airflow/example_dags/example_dag_decorator.py
[2024-07-31T16:45:28.615+0000] {processor.py:840} INFO - DAG(s) 'example_dag_decorator' retrieved from /home/airflow/.local/lib/python3.12/site-packages/airflow/example_dags/example_dag_decorator.py
[2024-07-31T16:45:28.854+0000] {logging_mixin.py:188} INFO - [2024-07-31T16:45:28.854+0000] {dag.py:3089} INFO - Sync 1 DAGs
[2024-07-31T16:45:28.875+0000] {logging_mixin.py:188} INFO - [2024-07-31T16:45:28.874+0000] {dag.py:3947} INFO - Setting next_dagrun for example_dag_decorator to None, run_after=None
[2024-07-31T16:45:28.927+0000] {processor.py:183} INFO - Processing /home/airflow/.local/lib/python3.12/site-packages/airflow/example_dags/example_dag_decorator.py took 0.551 seconds
[2024-07-31T16:45:59.723+0000] {processor.py:161} INFO - Started process (PID=259) to work on /home/airflow/.local/lib/python3.12/site-packages/airflow/example_dags/example_dag_decorator.py
[2024-07-31T16:45:59.724+0000] {processor.py:830} INFO - Processing file /home/airflow/.local/lib/python3.12/site-packages/airflow/example_dags/example_dag_decorator.py for tasks to queue
[2024-07-31T16:45:59.725+0000] {logging_mixin.py:188} INFO - [2024-07-31T16:45:59.724+0000] {dagbag.py:545} INFO - Filling up the DagBag from /home/airflow/.local/lib/python3.12/site-packages/airflow/example_dags/example_dag_decorator.py
[2024-07-31T16:45:59.885+0000] {processor.py:840} INFO - DAG(s) 'example_dag_decorator' retrieved from /home/airflow/.local/lib/python3.12/site-packages/airflow/example_dags/example_dag_decorator.py
[2024-07-31T16:46:00.119+0000] {logging_mixin.py:188} INFO - [2024-07-31T16:46:00.119+0000] {dag.py:3089} INFO - Sync 1 DAGs
[2024-07-31T16:46:00.137+0000] {logging_mixin.py:188} INFO - [2024-07-31T16:46:00.136+0000] {dag.py:3947} INFO - Setting next_dagrun for example_dag_decorator to None, run_after=None
[2024-07-31T16:46:00.182+0000] {processor.py:183} INFO - Processing /home/airflow/.local/lib/python3.12/site-packages/airflow/example_dags/example_dag_decorator.py took 0.465 seconds
