[2024-07-31T12:08:51.135+0000] {processor.py:161} INFO - Started process (PID=80) to work on /home/airflow/.local/lib/python3.12/site-packages/airflow/example_dags/example_task_group.py
[2024-07-31T12:08:51.136+0000] {processor.py:830} INFO - Processing file /home/airflow/.local/lib/python3.12/site-packages/airflow/example_dags/example_task_group.py for tasks to queue
[2024-07-31T12:08:51.139+0000] {logging_mixin.py:188} INFO - [2024-07-31T12:08:51.138+0000] {dagbag.py:545} INFO - Filling up the DagBag from /home/airflow/.local/lib/python3.12/site-packages/airflow/example_dags/example_task_group.py
[2024-07-31T12:08:51.153+0000] {processor.py:840} INFO - DAG(s) 'example_task_group' retrieved from /home/airflow/.local/lib/python3.12/site-packages/airflow/example_dags/example_task_group.py
[2024-07-31T12:08:51.305+0000] {logging_mixin.py:188} INFO - [2024-07-31T12:08:51.305+0000] {override.py:1858} INFO - Created Permission View: can delete on DAG:example_task_group
[2024-07-31T12:08:51.314+0000] {logging_mixin.py:188} INFO - [2024-07-31T12:08:51.314+0000] {override.py:1858} INFO - Created Permission View: can read on DAG:example_task_group
[2024-07-31T12:08:51.319+0000] {logging_mixin.py:188} INFO - [2024-07-31T12:08:51.319+0000] {override.py:1858} INFO - Created Permission View: can edit on DAG:example_task_group
[2024-07-31T12:08:51.320+0000] {logging_mixin.py:188} INFO - [2024-07-31T12:08:51.319+0000] {dag.py:3089} INFO - Sync 1 DAGs
[2024-07-31T12:08:51.333+0000] {logging_mixin.py:188} INFO - [2024-07-31T12:08:51.332+0000] {dag.py:3111} INFO - Creating ORM DAG for example_task_group
[2024-07-31T12:08:51.344+0000] {logging_mixin.py:188} INFO - [2024-07-31T12:08:51.344+0000] {dag.py:3947} INFO - Setting next_dagrun for example_task_group to 2024-07-30 00:00:00+00:00, run_after=2024-07-31 00:00:00+00:00
[2024-07-31T12:08:51.362+0000] {processor.py:183} INFO - Processing /home/airflow/.local/lib/python3.12/site-packages/airflow/example_dags/example_task_group.py took 0.235 seconds
[2024-07-31T12:09:22.141+0000] {processor.py:161} INFO - Started process (PID=138) to work on /home/airflow/.local/lib/python3.12/site-packages/airflow/example_dags/example_task_group.py
[2024-07-31T12:09:22.142+0000] {processor.py:830} INFO - Processing file /home/airflow/.local/lib/python3.12/site-packages/airflow/example_dags/example_task_group.py for tasks to queue
[2024-07-31T12:09:22.143+0000] {logging_mixin.py:188} INFO - [2024-07-31T12:09:22.143+0000] {dagbag.py:545} INFO - Filling up the DagBag from /home/airflow/.local/lib/python3.12/site-packages/airflow/example_dags/example_task_group.py
[2024-07-31T12:09:22.159+0000] {processor.py:840} INFO - DAG(s) 'example_task_group' retrieved from /home/airflow/.local/lib/python3.12/site-packages/airflow/example_dags/example_task_group.py
[2024-07-31T12:09:22.189+0000] {logging_mixin.py:188} INFO - [2024-07-31T12:09:22.189+0000] {dag.py:3089} INFO - Sync 1 DAGs
[2024-07-31T12:09:22.223+0000] {logging_mixin.py:188} INFO - [2024-07-31T12:09:22.222+0000] {dag.py:3947} INFO - Setting next_dagrun for example_task_group to 2024-07-30 00:00:00+00:00, run_after=2024-07-31 00:00:00+00:00
[2024-07-31T12:09:22.250+0000] {processor.py:183} INFO - Processing /home/airflow/.local/lib/python3.12/site-packages/airflow/example_dags/example_task_group.py took 0.118 seconds
[2024-07-31T12:09:52.835+0000] {processor.py:161} INFO - Started process (PID=196) to work on /home/airflow/.local/lib/python3.12/site-packages/airflow/example_dags/example_task_group.py
[2024-07-31T12:09:52.836+0000] {processor.py:830} INFO - Processing file /home/airflow/.local/lib/python3.12/site-packages/airflow/example_dags/example_task_group.py for tasks to queue
[2024-07-31T12:09:52.837+0000] {logging_mixin.py:188} INFO - [2024-07-31T12:09:52.837+0000] {dagbag.py:545} INFO - Filling up the DagBag from /home/airflow/.local/lib/python3.12/site-packages/airflow/example_dags/example_task_group.py
[2024-07-31T12:09:52.845+0000] {processor.py:840} INFO - DAG(s) 'example_task_group' retrieved from /home/airflow/.local/lib/python3.12/site-packages/airflow/example_dags/example_task_group.py
[2024-07-31T12:09:52.866+0000] {logging_mixin.py:188} INFO - [2024-07-31T12:09:52.866+0000] {dag.py:3089} INFO - Sync 1 DAGs
[2024-07-31T12:09:52.886+0000] {logging_mixin.py:188} INFO - [2024-07-31T12:09:52.886+0000] {dag.py:3947} INFO - Setting next_dagrun for example_task_group to 2024-07-30 00:00:00+00:00, run_after=2024-07-31 00:00:00+00:00
[2024-07-31T12:09:52.909+0000] {processor.py:183} INFO - Processing /home/airflow/.local/lib/python3.12/site-packages/airflow/example_dags/example_task_group.py took 0.080 seconds
[2024-07-31T12:10:23.320+0000] {processor.py:161} INFO - Started process (PID=254) to work on /home/airflow/.local/lib/python3.12/site-packages/airflow/example_dags/example_task_group.py
[2024-07-31T12:10:23.321+0000] {processor.py:830} INFO - Processing file /home/airflow/.local/lib/python3.12/site-packages/airflow/example_dags/example_task_group.py for tasks to queue
[2024-07-31T12:10:23.322+0000] {logging_mixin.py:188} INFO - [2024-07-31T12:10:23.322+0000] {dagbag.py:545} INFO - Filling up the DagBag from /home/airflow/.local/lib/python3.12/site-packages/airflow/example_dags/example_task_group.py
[2024-07-31T12:10:23.329+0000] {processor.py:840} INFO - DAG(s) 'example_task_group' retrieved from /home/airflow/.local/lib/python3.12/site-packages/airflow/example_dags/example_task_group.py
[2024-07-31T12:10:23.348+0000] {logging_mixin.py:188} INFO - [2024-07-31T12:10:23.348+0000] {dag.py:3089} INFO - Sync 1 DAGs
[2024-07-31T12:10:23.368+0000] {logging_mixin.py:188} INFO - [2024-07-31T12:10:23.368+0000] {dag.py:3947} INFO - Setting next_dagrun for example_task_group to 2024-07-30 00:00:00+00:00, run_after=2024-07-31 00:00:00+00:00
[2024-07-31T12:10:23.391+0000] {processor.py:183} INFO - Processing /home/airflow/.local/lib/python3.12/site-packages/airflow/example_dags/example_task_group.py took 0.076 seconds
[2024-07-31T12:10:53.608+0000] {processor.py:161} INFO - Started process (PID=312) to work on /home/airflow/.local/lib/python3.12/site-packages/airflow/example_dags/example_task_group.py
[2024-07-31T12:10:53.609+0000] {processor.py:830} INFO - Processing file /home/airflow/.local/lib/python3.12/site-packages/airflow/example_dags/example_task_group.py for tasks to queue
[2024-07-31T12:10:53.611+0000] {logging_mixin.py:188} INFO - [2024-07-31T12:10:53.610+0000] {dagbag.py:545} INFO - Filling up the DagBag from /home/airflow/.local/lib/python3.12/site-packages/airflow/example_dags/example_task_group.py
[2024-07-31T12:10:53.619+0000] {processor.py:840} INFO - DAG(s) 'example_task_group' retrieved from /home/airflow/.local/lib/python3.12/site-packages/airflow/example_dags/example_task_group.py
[2024-07-31T12:10:53.644+0000] {logging_mixin.py:188} INFO - [2024-07-31T12:10:53.644+0000] {dag.py:3089} INFO - Sync 1 DAGs
[2024-07-31T12:10:53.665+0000] {logging_mixin.py:188} INFO - [2024-07-31T12:10:53.665+0000] {dag.py:3947} INFO - Setting next_dagrun for example_task_group to 2024-07-30 00:00:00+00:00, run_after=2024-07-31 00:00:00+00:00
[2024-07-31T12:10:53.688+0000] {processor.py:183} INFO - Processing /home/airflow/.local/lib/python3.12/site-packages/airflow/example_dags/example_task_group.py took 0.086 seconds
[2024-07-31T12:11:24.294+0000] {processor.py:161} INFO - Started process (PID=369) to work on /home/airflow/.local/lib/python3.12/site-packages/airflow/example_dags/example_task_group.py
[2024-07-31T12:11:24.295+0000] {processor.py:830} INFO - Processing file /home/airflow/.local/lib/python3.12/site-packages/airflow/example_dags/example_task_group.py for tasks to queue
[2024-07-31T12:11:24.296+0000] {logging_mixin.py:188} INFO - [2024-07-31T12:11:24.296+0000] {dagbag.py:545} INFO - Filling up the DagBag from /home/airflow/.local/lib/python3.12/site-packages/airflow/example_dags/example_task_group.py
[2024-07-31T12:11:24.303+0000] {processor.py:840} INFO - DAG(s) 'example_task_group' retrieved from /home/airflow/.local/lib/python3.12/site-packages/airflow/example_dags/example_task_group.py
[2024-07-31T12:11:24.324+0000] {logging_mixin.py:188} INFO - [2024-07-31T12:11:24.324+0000] {dag.py:3089} INFO - Sync 1 DAGs
[2024-07-31T12:11:24.351+0000] {logging_mixin.py:188} INFO - [2024-07-31T12:11:24.351+0000] {dag.py:3947} INFO - Setting next_dagrun for example_task_group to 2024-07-30 00:00:00+00:00, run_after=2024-07-31 00:00:00+00:00
[2024-07-31T12:11:24.387+0000] {processor.py:183} INFO - Processing /home/airflow/.local/lib/python3.12/site-packages/airflow/example_dags/example_task_group.py took 0.098 seconds
[2024-07-31T12:11:55.339+0000] {processor.py:161} INFO - Started process (PID=433) to work on /home/airflow/.local/lib/python3.12/site-packages/airflow/example_dags/example_task_group.py
[2024-07-31T12:11:55.340+0000] {processor.py:830} INFO - Processing file /home/airflow/.local/lib/python3.12/site-packages/airflow/example_dags/example_task_group.py for tasks to queue
[2024-07-31T12:11:55.341+0000] {logging_mixin.py:188} INFO - [2024-07-31T12:11:55.341+0000] {dagbag.py:545} INFO - Filling up the DagBag from /home/airflow/.local/lib/python3.12/site-packages/airflow/example_dags/example_task_group.py
[2024-07-31T12:11:55.348+0000] {processor.py:840} INFO - DAG(s) 'example_task_group' retrieved from /home/airflow/.local/lib/python3.12/site-packages/airflow/example_dags/example_task_group.py
[2024-07-31T12:11:55.367+0000] {logging_mixin.py:188} INFO - [2024-07-31T12:11:55.367+0000] {dag.py:3089} INFO - Sync 1 DAGs
[2024-07-31T12:11:55.389+0000] {logging_mixin.py:188} INFO - [2024-07-31T12:11:55.389+0000] {dag.py:3947} INFO - Setting next_dagrun for example_task_group to 2024-07-30 00:00:00+00:00, run_after=2024-07-31 00:00:00+00:00
[2024-07-31T12:11:55.411+0000] {processor.py:183} INFO - Processing /home/airflow/.local/lib/python3.12/site-packages/airflow/example_dags/example_task_group.py took 0.078 seconds
[2024-07-31T12:12:25.895+0000] {processor.py:161} INFO - Started process (PID=490) to work on /home/airflow/.local/lib/python3.12/site-packages/airflow/example_dags/example_task_group.py
[2024-07-31T12:12:25.896+0000] {processor.py:830} INFO - Processing file /home/airflow/.local/lib/python3.12/site-packages/airflow/example_dags/example_task_group.py for tasks to queue
[2024-07-31T12:12:25.898+0000] {logging_mixin.py:188} INFO - [2024-07-31T12:12:25.898+0000] {dagbag.py:545} INFO - Filling up the DagBag from /home/airflow/.local/lib/python3.12/site-packages/airflow/example_dags/example_task_group.py
[2024-07-31T12:12:25.904+0000] {processor.py:840} INFO - DAG(s) 'example_task_group' retrieved from /home/airflow/.local/lib/python3.12/site-packages/airflow/example_dags/example_task_group.py
[2024-07-31T12:12:25.925+0000] {logging_mixin.py:188} INFO - [2024-07-31T12:12:25.925+0000] {dag.py:3089} INFO - Sync 1 DAGs
[2024-07-31T12:12:25.956+0000] {logging_mixin.py:188} INFO - [2024-07-31T12:12:25.956+0000] {dag.py:3947} INFO - Setting next_dagrun for example_task_group to 2024-07-30 00:00:00+00:00, run_after=2024-07-31 00:00:00+00:00
[2024-07-31T12:12:25.990+0000] {processor.py:183} INFO - Processing /home/airflow/.local/lib/python3.12/site-packages/airflow/example_dags/example_task_group.py took 0.100 seconds
[2024-07-31T12:12:56.607+0000] {processor.py:161} INFO - Started process (PID=548) to work on /home/airflow/.local/lib/python3.12/site-packages/airflow/example_dags/example_task_group.py
[2024-07-31T12:12:56.608+0000] {processor.py:830} INFO - Processing file /home/airflow/.local/lib/python3.12/site-packages/airflow/example_dags/example_task_group.py for tasks to queue
[2024-07-31T12:12:56.610+0000] {logging_mixin.py:188} INFO - [2024-07-31T12:12:56.610+0000] {dagbag.py:545} INFO - Filling up the DagBag from /home/airflow/.local/lib/python3.12/site-packages/airflow/example_dags/example_task_group.py
[2024-07-31T12:12:56.617+0000] {processor.py:840} INFO - DAG(s) 'example_task_group' retrieved from /home/airflow/.local/lib/python3.12/site-packages/airflow/example_dags/example_task_group.py
[2024-07-31T12:12:56.638+0000] {logging_mixin.py:188} INFO - [2024-07-31T12:12:56.637+0000] {dag.py:3089} INFO - Sync 1 DAGs
[2024-07-31T12:12:56.663+0000] {logging_mixin.py:188} INFO - [2024-07-31T12:12:56.663+0000] {dag.py:3947} INFO - Setting next_dagrun for example_task_group to 2024-07-30 00:00:00+00:00, run_after=2024-07-31 00:00:00+00:00
[2024-07-31T12:12:56.693+0000] {processor.py:183} INFO - Processing /home/airflow/.local/lib/python3.12/site-packages/airflow/example_dags/example_task_group.py took 0.092 seconds
[2024-07-31T12:13:27.140+0000] {processor.py:161} INFO - Started process (PID=605) to work on /home/airflow/.local/lib/python3.12/site-packages/airflow/example_dags/example_task_group.py
[2024-07-31T12:13:27.142+0000] {processor.py:830} INFO - Processing file /home/airflow/.local/lib/python3.12/site-packages/airflow/example_dags/example_task_group.py for tasks to queue
[2024-07-31T12:13:27.144+0000] {logging_mixin.py:188} INFO - [2024-07-31T12:13:27.144+0000] {dagbag.py:545} INFO - Filling up the DagBag from /home/airflow/.local/lib/python3.12/site-packages/airflow/example_dags/example_task_group.py
[2024-07-31T12:13:27.156+0000] {processor.py:840} INFO - DAG(s) 'example_task_group' retrieved from /home/airflow/.local/lib/python3.12/site-packages/airflow/example_dags/example_task_group.py
[2024-07-31T12:13:27.184+0000] {logging_mixin.py:188} INFO - [2024-07-31T12:13:27.183+0000] {dag.py:3089} INFO - Sync 1 DAGs
[2024-07-31T12:13:27.209+0000] {logging_mixin.py:188} INFO - [2024-07-31T12:13:27.209+0000] {dag.py:3947} INFO - Setting next_dagrun for example_task_group to 2024-07-30 00:00:00+00:00, run_after=2024-07-31 00:00:00+00:00
[2024-07-31T12:13:27.236+0000] {processor.py:183} INFO - Processing /home/airflow/.local/lib/python3.12/site-packages/airflow/example_dags/example_task_group.py took 0.103 seconds
[2024-07-31T12:13:57.836+0000] {processor.py:161} INFO - Started process (PID=663) to work on /home/airflow/.local/lib/python3.12/site-packages/airflow/example_dags/example_task_group.py
[2024-07-31T12:13:57.837+0000] {processor.py:830} INFO - Processing file /home/airflow/.local/lib/python3.12/site-packages/airflow/example_dags/example_task_group.py for tasks to queue
[2024-07-31T12:13:57.839+0000] {logging_mixin.py:188} INFO - [2024-07-31T12:13:57.839+0000] {dagbag.py:545} INFO - Filling up the DagBag from /home/airflow/.local/lib/python3.12/site-packages/airflow/example_dags/example_task_group.py
[2024-07-31T12:13:57.850+0000] {processor.py:840} INFO - DAG(s) 'example_task_group' retrieved from /home/airflow/.local/lib/python3.12/site-packages/airflow/example_dags/example_task_group.py
[2024-07-31T12:13:57.877+0000] {logging_mixin.py:188} INFO - [2024-07-31T12:13:57.876+0000] {dag.py:3089} INFO - Sync 1 DAGs
[2024-07-31T12:13:57.909+0000] {logging_mixin.py:188} INFO - [2024-07-31T12:13:57.908+0000] {dag.py:3947} INFO - Setting next_dagrun for example_task_group to 2024-07-30 00:00:00+00:00, run_after=2024-07-31 00:00:00+00:00
[2024-07-31T12:13:57.939+0000] {processor.py:183} INFO - Processing /home/airflow/.local/lib/python3.12/site-packages/airflow/example_dags/example_task_group.py took 0.111 seconds
[2024-07-31T12:14:28.202+0000] {processor.py:161} INFO - Started process (PID=720) to work on /home/airflow/.local/lib/python3.12/site-packages/airflow/example_dags/example_task_group.py
[2024-07-31T12:14:28.203+0000] {processor.py:830} INFO - Processing file /home/airflow/.local/lib/python3.12/site-packages/airflow/example_dags/example_task_group.py for tasks to queue
[2024-07-31T12:14:28.205+0000] {logging_mixin.py:188} INFO - [2024-07-31T12:14:28.205+0000] {dagbag.py:545} INFO - Filling up the DagBag from /home/airflow/.local/lib/python3.12/site-packages/airflow/example_dags/example_task_group.py
[2024-07-31T12:14:28.214+0000] {processor.py:840} INFO - DAG(s) 'example_task_group' retrieved from /home/airflow/.local/lib/python3.12/site-packages/airflow/example_dags/example_task_group.py
[2024-07-31T12:14:28.237+0000] {logging_mixin.py:188} INFO - [2024-07-31T12:14:28.237+0000] {dag.py:3089} INFO - Sync 1 DAGs
[2024-07-31T12:14:28.257+0000] {logging_mixin.py:188} INFO - [2024-07-31T12:14:28.257+0000] {dag.py:3947} INFO - Setting next_dagrun for example_task_group to 2024-07-30 00:00:00+00:00, run_after=2024-07-31 00:00:00+00:00
[2024-07-31T12:14:28.277+0000] {processor.py:183} INFO - Processing /home/airflow/.local/lib/python3.12/site-packages/airflow/example_dags/example_task_group.py took 0.086 seconds
[2024-07-31T12:14:58.604+0000] {processor.py:161} INFO - Started process (PID=778) to work on /home/airflow/.local/lib/python3.12/site-packages/airflow/example_dags/example_task_group.py
[2024-07-31T12:14:58.605+0000] {processor.py:830} INFO - Processing file /home/airflow/.local/lib/python3.12/site-packages/airflow/example_dags/example_task_group.py for tasks to queue
[2024-07-31T12:14:58.606+0000] {logging_mixin.py:188} INFO - [2024-07-31T12:14:58.606+0000] {dagbag.py:545} INFO - Filling up the DagBag from /home/airflow/.local/lib/python3.12/site-packages/airflow/example_dags/example_task_group.py
[2024-07-31T12:14:58.614+0000] {processor.py:840} INFO - DAG(s) 'example_task_group' retrieved from /home/airflow/.local/lib/python3.12/site-packages/airflow/example_dags/example_task_group.py
[2024-07-31T12:14:58.633+0000] {logging_mixin.py:188} INFO - [2024-07-31T12:14:58.633+0000] {dag.py:3089} INFO - Sync 1 DAGs
[2024-07-31T12:14:58.657+0000] {logging_mixin.py:188} INFO - [2024-07-31T12:14:58.657+0000] {dag.py:3947} INFO - Setting next_dagrun for example_task_group to 2024-07-30 00:00:00+00:00, run_after=2024-07-31 00:00:00+00:00
[2024-07-31T12:14:58.680+0000] {processor.py:183} INFO - Processing /home/airflow/.local/lib/python3.12/site-packages/airflow/example_dags/example_task_group.py took 0.081 seconds
[2024-07-31T12:15:28.869+0000] {processor.py:161} INFO - Started process (PID=835) to work on /home/airflow/.local/lib/python3.12/site-packages/airflow/example_dags/example_task_group.py
[2024-07-31T12:15:28.870+0000] {processor.py:830} INFO - Processing file /home/airflow/.local/lib/python3.12/site-packages/airflow/example_dags/example_task_group.py for tasks to queue
[2024-07-31T12:15:28.872+0000] {logging_mixin.py:188} INFO - [2024-07-31T12:15:28.871+0000] {dagbag.py:545} INFO - Filling up the DagBag from /home/airflow/.local/lib/python3.12/site-packages/airflow/example_dags/example_task_group.py
[2024-07-31T12:15:28.881+0000] {processor.py:840} INFO - DAG(s) 'example_task_group' retrieved from /home/airflow/.local/lib/python3.12/site-packages/airflow/example_dags/example_task_group.py
[2024-07-31T12:15:28.907+0000] {logging_mixin.py:188} INFO - [2024-07-31T12:15:28.906+0000] {dag.py:3089} INFO - Sync 1 DAGs
[2024-07-31T12:15:28.935+0000] {logging_mixin.py:188} INFO - [2024-07-31T12:15:28.934+0000] {dag.py:3947} INFO - Setting next_dagrun for example_task_group to 2024-07-30 00:00:00+00:00, run_after=2024-07-31 00:00:00+00:00
[2024-07-31T12:15:28.963+0000] {processor.py:183} INFO - Processing /home/airflow/.local/lib/python3.12/site-packages/airflow/example_dags/example_task_group.py took 0.103 seconds
[2024-07-31T12:15:59.181+0000] {processor.py:161} INFO - Started process (PID=892) to work on /home/airflow/.local/lib/python3.12/site-packages/airflow/example_dags/example_task_group.py
[2024-07-31T12:15:59.182+0000] {processor.py:830} INFO - Processing file /home/airflow/.local/lib/python3.12/site-packages/airflow/example_dags/example_task_group.py for tasks to queue
[2024-07-31T12:15:59.184+0000] {logging_mixin.py:188} INFO - [2024-07-31T12:15:59.184+0000] {dagbag.py:545} INFO - Filling up the DagBag from /home/airflow/.local/lib/python3.12/site-packages/airflow/example_dags/example_task_group.py
[2024-07-31T12:15:59.190+0000] {processor.py:840} INFO - DAG(s) 'example_task_group' retrieved from /home/airflow/.local/lib/python3.12/site-packages/airflow/example_dags/example_task_group.py
[2024-07-31T12:15:59.219+0000] {logging_mixin.py:188} INFO - [2024-07-31T12:15:59.219+0000] {dag.py:3089} INFO - Sync 1 DAGs
[2024-07-31T12:15:59.242+0000] {logging_mixin.py:188} INFO - [2024-07-31T12:15:59.242+0000] {dag.py:3947} INFO - Setting next_dagrun for example_task_group to 2024-07-30 00:00:00+00:00, run_after=2024-07-31 00:00:00+00:00
[2024-07-31T12:15:59.262+0000] {processor.py:183} INFO - Processing /home/airflow/.local/lib/python3.12/site-packages/airflow/example_dags/example_task_group.py took 0.086 seconds
[2024-07-31T12:16:29.564+0000] {processor.py:161} INFO - Started process (PID=949) to work on /home/airflow/.local/lib/python3.12/site-packages/airflow/example_dags/example_task_group.py
[2024-07-31T12:16:29.565+0000] {processor.py:830} INFO - Processing file /home/airflow/.local/lib/python3.12/site-packages/airflow/example_dags/example_task_group.py for tasks to queue
[2024-07-31T12:16:29.567+0000] {logging_mixin.py:188} INFO - [2024-07-31T12:16:29.566+0000] {dagbag.py:545} INFO - Filling up the DagBag from /home/airflow/.local/lib/python3.12/site-packages/airflow/example_dags/example_task_group.py
[2024-07-31T12:16:29.575+0000] {processor.py:840} INFO - DAG(s) 'example_task_group' retrieved from /home/airflow/.local/lib/python3.12/site-packages/airflow/example_dags/example_task_group.py
[2024-07-31T12:16:29.614+0000] {logging_mixin.py:188} INFO - [2024-07-31T12:16:29.613+0000] {dag.py:3089} INFO - Sync 1 DAGs
[2024-07-31T12:16:29.642+0000] {logging_mixin.py:188} INFO - [2024-07-31T12:16:29.641+0000] {dag.py:3947} INFO - Setting next_dagrun for example_task_group to 2024-07-30 00:00:00+00:00, run_after=2024-07-31 00:00:00+00:00
[2024-07-31T12:16:29.664+0000] {processor.py:183} INFO - Processing /home/airflow/.local/lib/python3.12/site-packages/airflow/example_dags/example_task_group.py took 0.110 seconds
[2024-07-31T12:16:59.709+0000] {processor.py:161} INFO - Started process (PID=1006) to work on /home/airflow/.local/lib/python3.12/site-packages/airflow/example_dags/example_task_group.py
[2024-07-31T12:16:59.711+0000] {processor.py:830} INFO - Processing file /home/airflow/.local/lib/python3.12/site-packages/airflow/example_dags/example_task_group.py for tasks to queue
[2024-07-31T12:16:59.712+0000] {logging_mixin.py:188} INFO - [2024-07-31T12:16:59.712+0000] {dagbag.py:545} INFO - Filling up the DagBag from /home/airflow/.local/lib/python3.12/site-packages/airflow/example_dags/example_task_group.py
[2024-07-31T12:16:59.719+0000] {processor.py:840} INFO - DAG(s) 'example_task_group' retrieved from /home/airflow/.local/lib/python3.12/site-packages/airflow/example_dags/example_task_group.py
[2024-07-31T12:16:59.739+0000] {logging_mixin.py:188} INFO - [2024-07-31T12:16:59.739+0000] {dag.py:3089} INFO - Sync 1 DAGs
[2024-07-31T12:16:59.766+0000] {logging_mixin.py:188} INFO - [2024-07-31T12:16:59.766+0000] {dag.py:3947} INFO - Setting next_dagrun for example_task_group to 2024-07-30 00:00:00+00:00, run_after=2024-07-31 00:00:00+00:00
[2024-07-31T12:16:59.792+0000] {processor.py:183} INFO - Processing /home/airflow/.local/lib/python3.12/site-packages/airflow/example_dags/example_task_group.py took 0.088 seconds
[2024-07-31T12:17:30.698+0000] {processor.py:161} INFO - Started process (PID=1064) to work on /home/airflow/.local/lib/python3.12/site-packages/airflow/example_dags/example_task_group.py
[2024-07-31T12:17:30.698+0000] {processor.py:830} INFO - Processing file /home/airflow/.local/lib/python3.12/site-packages/airflow/example_dags/example_task_group.py for tasks to queue
[2024-07-31T12:17:30.700+0000] {logging_mixin.py:188} INFO - [2024-07-31T12:17:30.699+0000] {dagbag.py:545} INFO - Filling up the DagBag from /home/airflow/.local/lib/python3.12/site-packages/airflow/example_dags/example_task_group.py
[2024-07-31T12:17:30.706+0000] {processor.py:840} INFO - DAG(s) 'example_task_group' retrieved from /home/airflow/.local/lib/python3.12/site-packages/airflow/example_dags/example_task_group.py
[2024-07-31T12:17:30.726+0000] {logging_mixin.py:188} INFO - [2024-07-31T12:17:30.726+0000] {dag.py:3089} INFO - Sync 1 DAGs
[2024-07-31T12:17:30.747+0000] {logging_mixin.py:188} INFO - [2024-07-31T12:17:30.747+0000] {dag.py:3947} INFO - Setting next_dagrun for example_task_group to 2024-07-30 00:00:00+00:00, run_after=2024-07-31 00:00:00+00:00
[2024-07-31T12:17:30.767+0000] {processor.py:183} INFO - Processing /home/airflow/.local/lib/python3.12/site-packages/airflow/example_dags/example_task_group.py took 0.076 seconds
[2024-07-31T12:18:01.254+0000] {processor.py:161} INFO - Started process (PID=1122) to work on /home/airflow/.local/lib/python3.12/site-packages/airflow/example_dags/example_task_group.py
[2024-07-31T12:18:01.255+0000] {processor.py:830} INFO - Processing file /home/airflow/.local/lib/python3.12/site-packages/airflow/example_dags/example_task_group.py for tasks to queue
[2024-07-31T12:18:01.257+0000] {logging_mixin.py:188} INFO - [2024-07-31T12:18:01.257+0000] {dagbag.py:545} INFO - Filling up the DagBag from /home/airflow/.local/lib/python3.12/site-packages/airflow/example_dags/example_task_group.py
[2024-07-31T12:18:01.263+0000] {processor.py:840} INFO - DAG(s) 'example_task_group' retrieved from /home/airflow/.local/lib/python3.12/site-packages/airflow/example_dags/example_task_group.py
[2024-07-31T12:18:01.283+0000] {logging_mixin.py:188} INFO - [2024-07-31T12:18:01.282+0000] {dag.py:3089} INFO - Sync 1 DAGs
[2024-07-31T12:18:01.305+0000] {logging_mixin.py:188} INFO - [2024-07-31T12:18:01.305+0000] {dag.py:3947} INFO - Setting next_dagrun for example_task_group to 2024-07-30 00:00:00+00:00, run_after=2024-07-31 00:00:00+00:00
[2024-07-31T12:18:01.335+0000] {processor.py:183} INFO - Processing /home/airflow/.local/lib/python3.12/site-packages/airflow/example_dags/example_task_group.py took 0.086 seconds
[2024-07-31T12:18:31.710+0000] {processor.py:161} INFO - Started process (PID=1180) to work on /home/airflow/.local/lib/python3.12/site-packages/airflow/example_dags/example_task_group.py
[2024-07-31T12:18:31.711+0000] {processor.py:830} INFO - Processing file /home/airflow/.local/lib/python3.12/site-packages/airflow/example_dags/example_task_group.py for tasks to queue
[2024-07-31T12:18:31.714+0000] {logging_mixin.py:188} INFO - [2024-07-31T12:18:31.713+0000] {dagbag.py:545} INFO - Filling up the DagBag from /home/airflow/.local/lib/python3.12/site-packages/airflow/example_dags/example_task_group.py
[2024-07-31T12:18:31.726+0000] {processor.py:840} INFO - DAG(s) 'example_task_group' retrieved from /home/airflow/.local/lib/python3.12/site-packages/airflow/example_dags/example_task_group.py
[2024-07-31T12:18:31.762+0000] {logging_mixin.py:188} INFO - [2024-07-31T12:18:31.762+0000] {dag.py:3089} INFO - Sync 1 DAGs
[2024-07-31T12:18:31.804+0000] {logging_mixin.py:188} INFO - [2024-07-31T12:18:31.803+0000] {dag.py:3947} INFO - Setting next_dagrun for example_task_group to 2024-07-30 00:00:00+00:00, run_after=2024-07-31 00:00:00+00:00
[2024-07-31T12:18:31.843+0000] {processor.py:183} INFO - Processing /home/airflow/.local/lib/python3.12/site-packages/airflow/example_dags/example_task_group.py took 0.139 seconds
[2024-07-31T12:19:02.003+0000] {processor.py:161} INFO - Started process (PID=1238) to work on /home/airflow/.local/lib/python3.12/site-packages/airflow/example_dags/example_task_group.py
[2024-07-31T12:19:02.004+0000] {processor.py:830} INFO - Processing file /home/airflow/.local/lib/python3.12/site-packages/airflow/example_dags/example_task_group.py for tasks to queue
[2024-07-31T12:19:02.006+0000] {logging_mixin.py:188} INFO - [2024-07-31T12:19:02.005+0000] {dagbag.py:545} INFO - Filling up the DagBag from /home/airflow/.local/lib/python3.12/site-packages/airflow/example_dags/example_task_group.py
[2024-07-31T12:19:02.016+0000] {processor.py:840} INFO - DAG(s) 'example_task_group' retrieved from /home/airflow/.local/lib/python3.12/site-packages/airflow/example_dags/example_task_group.py
[2024-07-31T12:19:02.048+0000] {logging_mixin.py:188} INFO - [2024-07-31T12:19:02.048+0000] {dag.py:3089} INFO - Sync 1 DAGs
[2024-07-31T12:19:02.082+0000] {logging_mixin.py:188} INFO - [2024-07-31T12:19:02.082+0000] {dag.py:3947} INFO - Setting next_dagrun for example_task_group to 2024-07-30 00:00:00+00:00, run_after=2024-07-31 00:00:00+00:00
[2024-07-31T12:19:02.108+0000] {processor.py:183} INFO - Processing /home/airflow/.local/lib/python3.12/site-packages/airflow/example_dags/example_task_group.py took 0.111 seconds
[2024-07-31T12:19:32.238+0000] {processor.py:161} INFO - Started process (PID=1296) to work on /home/airflow/.local/lib/python3.12/site-packages/airflow/example_dags/example_task_group.py
[2024-07-31T12:19:32.239+0000] {processor.py:830} INFO - Processing file /home/airflow/.local/lib/python3.12/site-packages/airflow/example_dags/example_task_group.py for tasks to queue
[2024-07-31T12:19:32.241+0000] {logging_mixin.py:188} INFO - [2024-07-31T12:19:32.241+0000] {dagbag.py:545} INFO - Filling up the DagBag from /home/airflow/.local/lib/python3.12/site-packages/airflow/example_dags/example_task_group.py
[2024-07-31T12:19:32.250+0000] {processor.py:840} INFO - DAG(s) 'example_task_group' retrieved from /home/airflow/.local/lib/python3.12/site-packages/airflow/example_dags/example_task_group.py
[2024-07-31T12:19:32.277+0000] {logging_mixin.py:188} INFO - [2024-07-31T12:19:32.277+0000] {dag.py:3089} INFO - Sync 1 DAGs
[2024-07-31T12:19:32.308+0000] {logging_mixin.py:188} INFO - [2024-07-31T12:19:32.308+0000] {dag.py:3947} INFO - Setting next_dagrun for example_task_group to 2024-07-30 00:00:00+00:00, run_after=2024-07-31 00:00:00+00:00
[2024-07-31T12:19:32.341+0000] {processor.py:183} INFO - Processing /home/airflow/.local/lib/python3.12/site-packages/airflow/example_dags/example_task_group.py took 0.109 seconds
[2024-07-31T12:20:02.716+0000] {processor.py:161} INFO - Started process (PID=1354) to work on /home/airflow/.local/lib/python3.12/site-packages/airflow/example_dags/example_task_group.py
[2024-07-31T12:20:02.717+0000] {processor.py:830} INFO - Processing file /home/airflow/.local/lib/python3.12/site-packages/airflow/example_dags/example_task_group.py for tasks to queue
[2024-07-31T12:20:02.719+0000] {logging_mixin.py:188} INFO - [2024-07-31T12:20:02.718+0000] {dagbag.py:545} INFO - Filling up the DagBag from /home/airflow/.local/lib/python3.12/site-packages/airflow/example_dags/example_task_group.py
[2024-07-31T12:20:02.725+0000] {processor.py:840} INFO - DAG(s) 'example_task_group' retrieved from /home/airflow/.local/lib/python3.12/site-packages/airflow/example_dags/example_task_group.py
[2024-07-31T12:20:02.748+0000] {logging_mixin.py:188} INFO - [2024-07-31T12:20:02.747+0000] {dag.py:3089} INFO - Sync 1 DAGs
[2024-07-31T12:20:02.774+0000] {logging_mixin.py:188} INFO - [2024-07-31T12:20:02.774+0000] {dag.py:3947} INFO - Setting next_dagrun for example_task_group to 2024-07-30 00:00:00+00:00, run_after=2024-07-31 00:00:00+00:00
[2024-07-31T12:20:02.802+0000] {processor.py:183} INFO - Processing /home/airflow/.local/lib/python3.12/site-packages/airflow/example_dags/example_task_group.py took 0.093 seconds
[2024-07-31T12:20:33.134+0000] {processor.py:161} INFO - Started process (PID=1412) to work on /home/airflow/.local/lib/python3.12/site-packages/airflow/example_dags/example_task_group.py
[2024-07-31T12:20:33.134+0000] {processor.py:830} INFO - Processing file /home/airflow/.local/lib/python3.12/site-packages/airflow/example_dags/example_task_group.py for tasks to queue
[2024-07-31T12:20:33.136+0000] {logging_mixin.py:188} INFO - [2024-07-31T12:20:33.135+0000] {dagbag.py:545} INFO - Filling up the DagBag from /home/airflow/.local/lib/python3.12/site-packages/airflow/example_dags/example_task_group.py
[2024-07-31T12:20:33.142+0000] {processor.py:840} INFO - DAG(s) 'example_task_group' retrieved from /home/airflow/.local/lib/python3.12/site-packages/airflow/example_dags/example_task_group.py
[2024-07-31T12:20:33.172+0000] {logging_mixin.py:188} INFO - [2024-07-31T12:20:33.171+0000] {dag.py:3089} INFO - Sync 1 DAGs
[2024-07-31T12:20:33.198+0000] {logging_mixin.py:188} INFO - [2024-07-31T12:20:33.198+0000] {dag.py:3947} INFO - Setting next_dagrun for example_task_group to 2024-07-30 00:00:00+00:00, run_after=2024-07-31 00:00:00+00:00
[2024-07-31T12:20:33.231+0000] {processor.py:183} INFO - Processing /home/airflow/.local/lib/python3.12/site-packages/airflow/example_dags/example_task_group.py took 0.103 seconds
[2024-07-31T12:21:03.593+0000] {processor.py:161} INFO - Started process (PID=1470) to work on /home/airflow/.local/lib/python3.12/site-packages/airflow/example_dags/example_task_group.py
[2024-07-31T12:21:03.594+0000] {processor.py:830} INFO - Processing file /home/airflow/.local/lib/python3.12/site-packages/airflow/example_dags/example_task_group.py for tasks to queue
[2024-07-31T12:21:03.595+0000] {logging_mixin.py:188} INFO - [2024-07-31T12:21:03.595+0000] {dagbag.py:545} INFO - Filling up the DagBag from /home/airflow/.local/lib/python3.12/site-packages/airflow/example_dags/example_task_group.py
[2024-07-31T12:21:03.602+0000] {processor.py:840} INFO - DAG(s) 'example_task_group' retrieved from /home/airflow/.local/lib/python3.12/site-packages/airflow/example_dags/example_task_group.py
[2024-07-31T12:21:03.629+0000] {logging_mixin.py:188} INFO - [2024-07-31T12:21:03.629+0000] {dag.py:3089} INFO - Sync 1 DAGs
[2024-07-31T12:21:03.659+0000] {logging_mixin.py:188} INFO - [2024-07-31T12:21:03.658+0000] {dag.py:3947} INFO - Setting next_dagrun for example_task_group to 2024-07-30 00:00:00+00:00, run_after=2024-07-31 00:00:00+00:00
[2024-07-31T12:21:03.687+0000] {processor.py:183} INFO - Processing /home/airflow/.local/lib/python3.12/site-packages/airflow/example_dags/example_task_group.py took 0.100 seconds
[2024-07-31T12:21:33.770+0000] {processor.py:161} INFO - Started process (PID=1528) to work on /home/airflow/.local/lib/python3.12/site-packages/airflow/example_dags/example_task_group.py
[2024-07-31T12:21:33.770+0000] {processor.py:830} INFO - Processing file /home/airflow/.local/lib/python3.12/site-packages/airflow/example_dags/example_task_group.py for tasks to queue
[2024-07-31T12:21:33.772+0000] {logging_mixin.py:188} INFO - [2024-07-31T12:21:33.772+0000] {dagbag.py:545} INFO - Filling up the DagBag from /home/airflow/.local/lib/python3.12/site-packages/airflow/example_dags/example_task_group.py
[2024-07-31T12:21:33.780+0000] {processor.py:840} INFO - DAG(s) 'example_task_group' retrieved from /home/airflow/.local/lib/python3.12/site-packages/airflow/example_dags/example_task_group.py
[2024-07-31T12:21:33.811+0000] {logging_mixin.py:188} INFO - [2024-07-31T12:21:33.810+0000] {dag.py:3089} INFO - Sync 1 DAGs
[2024-07-31T12:21:33.849+0000] {logging_mixin.py:188} INFO - [2024-07-31T12:21:33.848+0000] {dag.py:3947} INFO - Setting next_dagrun for example_task_group to 2024-07-30 00:00:00+00:00, run_after=2024-07-31 00:00:00+00:00
[2024-07-31T12:21:33.877+0000] {processor.py:183} INFO - Processing /home/airflow/.local/lib/python3.12/site-packages/airflow/example_dags/example_task_group.py took 0.113 seconds
[2024-07-31T12:22:04.019+0000] {processor.py:161} INFO - Started process (PID=1586) to work on /home/airflow/.local/lib/python3.12/site-packages/airflow/example_dags/example_task_group.py
[2024-07-31T12:22:04.020+0000] {processor.py:830} INFO - Processing file /home/airflow/.local/lib/python3.12/site-packages/airflow/example_dags/example_task_group.py for tasks to queue
[2024-07-31T12:22:04.022+0000] {logging_mixin.py:188} INFO - [2024-07-31T12:22:04.022+0000] {dagbag.py:545} INFO - Filling up the DagBag from /home/airflow/.local/lib/python3.12/site-packages/airflow/example_dags/example_task_group.py
[2024-07-31T12:22:04.029+0000] {processor.py:840} INFO - DAG(s) 'example_task_group' retrieved from /home/airflow/.local/lib/python3.12/site-packages/airflow/example_dags/example_task_group.py
[2024-07-31T12:22:04.055+0000] {logging_mixin.py:188} INFO - [2024-07-31T12:22:04.055+0000] {dag.py:3089} INFO - Sync 1 DAGs
[2024-07-31T12:22:04.084+0000] {logging_mixin.py:188} INFO - [2024-07-31T12:22:04.084+0000] {dag.py:3947} INFO - Setting next_dagrun for example_task_group to 2024-07-30 00:00:00+00:00, run_after=2024-07-31 00:00:00+00:00
[2024-07-31T12:22:04.106+0000] {processor.py:183} INFO - Processing /home/airflow/.local/lib/python3.12/site-packages/airflow/example_dags/example_task_group.py took 0.093 seconds
[2024-07-31T12:22:34.670+0000] {processor.py:161} INFO - Started process (PID=1644) to work on /home/airflow/.local/lib/python3.12/site-packages/airflow/example_dags/example_task_group.py
[2024-07-31T12:22:34.671+0000] {processor.py:830} INFO - Processing file /home/airflow/.local/lib/python3.12/site-packages/airflow/example_dags/example_task_group.py for tasks to queue
[2024-07-31T12:22:34.673+0000] {logging_mixin.py:188} INFO - [2024-07-31T12:22:34.672+0000] {dagbag.py:545} INFO - Filling up the DagBag from /home/airflow/.local/lib/python3.12/site-packages/airflow/example_dags/example_task_group.py
[2024-07-31T12:22:34.682+0000] {processor.py:840} INFO - DAG(s) 'example_task_group' retrieved from /home/airflow/.local/lib/python3.12/site-packages/airflow/example_dags/example_task_group.py
[2024-07-31T12:22:34.706+0000] {logging_mixin.py:188} INFO - [2024-07-31T12:22:34.705+0000] {dag.py:3089} INFO - Sync 1 DAGs
[2024-07-31T12:22:34.730+0000] {logging_mixin.py:188} INFO - [2024-07-31T12:22:34.730+0000] {dag.py:3947} INFO - Setting next_dagrun for example_task_group to 2024-07-30 00:00:00+00:00, run_after=2024-07-31 00:00:00+00:00
[2024-07-31T12:22:34.754+0000] {processor.py:183} INFO - Processing /home/airflow/.local/lib/python3.12/site-packages/airflow/example_dags/example_task_group.py took 0.093 seconds
[2024-07-31T12:23:04.907+0000] {processor.py:161} INFO - Started process (PID=1701) to work on /home/airflow/.local/lib/python3.12/site-packages/airflow/example_dags/example_task_group.py
[2024-07-31T12:23:04.908+0000] {processor.py:830} INFO - Processing file /home/airflow/.local/lib/python3.12/site-packages/airflow/example_dags/example_task_group.py for tasks to queue
[2024-07-31T12:23:04.910+0000] {logging_mixin.py:188} INFO - [2024-07-31T12:23:04.910+0000] {dagbag.py:545} INFO - Filling up the DagBag from /home/airflow/.local/lib/python3.12/site-packages/airflow/example_dags/example_task_group.py
[2024-07-31T12:23:04.921+0000] {processor.py:840} INFO - DAG(s) 'example_task_group' retrieved from /home/airflow/.local/lib/python3.12/site-packages/airflow/example_dags/example_task_group.py
[2024-07-31T12:23:04.946+0000] {logging_mixin.py:188} INFO - [2024-07-31T12:23:04.946+0000] {dag.py:3089} INFO - Sync 1 DAGs
[2024-07-31T12:23:04.975+0000] {logging_mixin.py:188} INFO - [2024-07-31T12:23:04.975+0000] {dag.py:3947} INFO - Setting next_dagrun for example_task_group to 2024-07-30 00:00:00+00:00, run_after=2024-07-31 00:00:00+00:00
[2024-07-31T12:23:05.007+0000] {processor.py:183} INFO - Processing /home/airflow/.local/lib/python3.12/site-packages/airflow/example_dags/example_task_group.py took 0.107 seconds
[2024-07-31T12:23:35.224+0000] {processor.py:161} INFO - Started process (PID=1759) to work on /home/airflow/.local/lib/python3.12/site-packages/airflow/example_dags/example_task_group.py
[2024-07-31T12:23:35.224+0000] {processor.py:830} INFO - Processing file /home/airflow/.local/lib/python3.12/site-packages/airflow/example_dags/example_task_group.py for tasks to queue
[2024-07-31T12:23:35.226+0000] {logging_mixin.py:188} INFO - [2024-07-31T12:23:35.226+0000] {dagbag.py:545} INFO - Filling up the DagBag from /home/airflow/.local/lib/python3.12/site-packages/airflow/example_dags/example_task_group.py
[2024-07-31T12:23:35.233+0000] {processor.py:840} INFO - DAG(s) 'example_task_group' retrieved from /home/airflow/.local/lib/python3.12/site-packages/airflow/example_dags/example_task_group.py
[2024-07-31T12:23:35.261+0000] {logging_mixin.py:188} INFO - [2024-07-31T12:23:35.261+0000] {dag.py:3089} INFO - Sync 1 DAGs
[2024-07-31T12:23:35.291+0000] {logging_mixin.py:188} INFO - [2024-07-31T12:23:35.291+0000] {dag.py:3947} INFO - Setting next_dagrun for example_task_group to 2024-07-30 00:00:00+00:00, run_after=2024-07-31 00:00:00+00:00
[2024-07-31T12:23:35.315+0000] {processor.py:183} INFO - Processing /home/airflow/.local/lib/python3.12/site-packages/airflow/example_dags/example_task_group.py took 0.098 seconds
[2024-07-31T12:24:05.699+0000] {processor.py:161} INFO - Started process (PID=1817) to work on /home/airflow/.local/lib/python3.12/site-packages/airflow/example_dags/example_task_group.py
[2024-07-31T12:24:05.700+0000] {processor.py:830} INFO - Processing file /home/airflow/.local/lib/python3.12/site-packages/airflow/example_dags/example_task_group.py for tasks to queue
[2024-07-31T12:24:05.702+0000] {logging_mixin.py:188} INFO - [2024-07-31T12:24:05.702+0000] {dagbag.py:545} INFO - Filling up the DagBag from /home/airflow/.local/lib/python3.12/site-packages/airflow/example_dags/example_task_group.py
[2024-07-31T12:24:05.711+0000] {processor.py:840} INFO - DAG(s) 'example_task_group' retrieved from /home/airflow/.local/lib/python3.12/site-packages/airflow/example_dags/example_task_group.py
[2024-07-31T12:24:05.742+0000] {logging_mixin.py:188} INFO - [2024-07-31T12:24:05.741+0000] {dag.py:3089} INFO - Sync 1 DAGs
[2024-07-31T12:24:05.773+0000] {logging_mixin.py:188} INFO - [2024-07-31T12:24:05.773+0000] {dag.py:3947} INFO - Setting next_dagrun for example_task_group to 2024-07-30 00:00:00+00:00, run_after=2024-07-31 00:00:00+00:00
[2024-07-31T12:24:05.802+0000] {processor.py:183} INFO - Processing /home/airflow/.local/lib/python3.12/site-packages/airflow/example_dags/example_task_group.py took 0.110 seconds
[2024-07-31T12:24:35.956+0000] {processor.py:161} INFO - Started process (PID=1875) to work on /home/airflow/.local/lib/python3.12/site-packages/airflow/example_dags/example_task_group.py
[2024-07-31T12:24:35.957+0000] {processor.py:830} INFO - Processing file /home/airflow/.local/lib/python3.12/site-packages/airflow/example_dags/example_task_group.py for tasks to queue
[2024-07-31T12:24:35.960+0000] {logging_mixin.py:188} INFO - [2024-07-31T12:24:35.960+0000] {dagbag.py:545} INFO - Filling up the DagBag from /home/airflow/.local/lib/python3.12/site-packages/airflow/example_dags/example_task_group.py
[2024-07-31T12:24:35.971+0000] {processor.py:840} INFO - DAG(s) 'example_task_group' retrieved from /home/airflow/.local/lib/python3.12/site-packages/airflow/example_dags/example_task_group.py
[2024-07-31T12:24:36.004+0000] {logging_mixin.py:188} INFO - [2024-07-31T12:24:36.004+0000] {dag.py:3089} INFO - Sync 1 DAGs
[2024-07-31T12:24:36.037+0000] {logging_mixin.py:188} INFO - [2024-07-31T12:24:36.037+0000] {dag.py:3947} INFO - Setting next_dagrun for example_task_group to 2024-07-30 00:00:00+00:00, run_after=2024-07-31 00:00:00+00:00
[2024-07-31T12:24:36.071+0000] {processor.py:183} INFO - Processing /home/airflow/.local/lib/python3.12/site-packages/airflow/example_dags/example_task_group.py took 0.124 seconds
[2024-07-31T12:25:06.308+0000] {processor.py:161} INFO - Started process (PID=1933) to work on /home/airflow/.local/lib/python3.12/site-packages/airflow/example_dags/example_task_group.py
[2024-07-31T12:25:06.309+0000] {processor.py:830} INFO - Processing file /home/airflow/.local/lib/python3.12/site-packages/airflow/example_dags/example_task_group.py for tasks to queue
[2024-07-31T12:25:06.311+0000] {logging_mixin.py:188} INFO - [2024-07-31T12:25:06.310+0000] {dagbag.py:545} INFO - Filling up the DagBag from /home/airflow/.local/lib/python3.12/site-packages/airflow/example_dags/example_task_group.py
[2024-07-31T12:25:06.482+0000] {processor.py:840} INFO - DAG(s) 'example_task_group' retrieved from /home/airflow/.local/lib/python3.12/site-packages/airflow/example_dags/example_task_group.py
[2024-07-31T12:25:06.503+0000] {logging_mixin.py:188} INFO - [2024-07-31T12:25:06.503+0000] {dag.py:3089} INFO - Sync 1 DAGs
[2024-07-31T12:25:06.523+0000] {logging_mixin.py:188} INFO - [2024-07-31T12:25:06.523+0000] {dag.py:3947} INFO - Setting next_dagrun for example_task_group to 2024-07-30 00:00:00+00:00, run_after=2024-07-31 00:00:00+00:00
[2024-07-31T12:25:06.545+0000] {processor.py:183} INFO - Processing /home/airflow/.local/lib/python3.12/site-packages/airflow/example_dags/example_task_group.py took 0.244 seconds
[2024-07-31T12:25:36.662+0000] {processor.py:161} INFO - Started process (PID=1991) to work on /home/airflow/.local/lib/python3.12/site-packages/airflow/example_dags/example_task_group.py
[2024-07-31T12:25:36.663+0000] {processor.py:830} INFO - Processing file /home/airflow/.local/lib/python3.12/site-packages/airflow/example_dags/example_task_group.py for tasks to queue
[2024-07-31T12:25:36.665+0000] {logging_mixin.py:188} INFO - [2024-07-31T12:25:36.665+0000] {dagbag.py:545} INFO - Filling up the DagBag from /home/airflow/.local/lib/python3.12/site-packages/airflow/example_dags/example_task_group.py
[2024-07-31T12:25:36.673+0000] {processor.py:840} INFO - DAG(s) 'example_task_group' retrieved from /home/airflow/.local/lib/python3.12/site-packages/airflow/example_dags/example_task_group.py
[2024-07-31T12:25:36.696+0000] {logging_mixin.py:188} INFO - [2024-07-31T12:25:36.696+0000] {dag.py:3089} INFO - Sync 1 DAGs
[2024-07-31T12:25:36.722+0000] {logging_mixin.py:188} INFO - [2024-07-31T12:25:36.721+0000] {dag.py:3947} INFO - Setting next_dagrun for example_task_group to 2024-07-30 00:00:00+00:00, run_after=2024-07-31 00:00:00+00:00
[2024-07-31T12:25:36.745+0000] {processor.py:183} INFO - Processing /home/airflow/.local/lib/python3.12/site-packages/airflow/example_dags/example_task_group.py took 0.090 seconds
[2024-07-31T12:26:07.017+0000] {processor.py:161} INFO - Started process (PID=2049) to work on /home/airflow/.local/lib/python3.12/site-packages/airflow/example_dags/example_task_group.py
[2024-07-31T12:26:07.018+0000] {processor.py:830} INFO - Processing file /home/airflow/.local/lib/python3.12/site-packages/airflow/example_dags/example_task_group.py for tasks to queue
[2024-07-31T12:26:07.020+0000] {logging_mixin.py:188} INFO - [2024-07-31T12:26:07.019+0000] {dagbag.py:545} INFO - Filling up the DagBag from /home/airflow/.local/lib/python3.12/site-packages/airflow/example_dags/example_task_group.py
[2024-07-31T12:26:07.030+0000] {processor.py:840} INFO - DAG(s) 'example_task_group' retrieved from /home/airflow/.local/lib/python3.12/site-packages/airflow/example_dags/example_task_group.py
[2024-07-31T12:26:07.061+0000] {logging_mixin.py:188} INFO - [2024-07-31T12:26:07.060+0000] {dag.py:3089} INFO - Sync 1 DAGs
[2024-07-31T12:26:07.090+0000] {logging_mixin.py:188} INFO - [2024-07-31T12:26:07.090+0000] {dag.py:3947} INFO - Setting next_dagrun for example_task_group to 2024-07-30 00:00:00+00:00, run_after=2024-07-31 00:00:00+00:00
[2024-07-31T12:26:07.118+0000] {processor.py:183} INFO - Processing /home/airflow/.local/lib/python3.12/site-packages/airflow/example_dags/example_task_group.py took 0.108 seconds
[2024-07-31T12:26:37.957+0000] {processor.py:161} INFO - Started process (PID=2106) to work on /home/airflow/.local/lib/python3.12/site-packages/airflow/example_dags/example_task_group.py
[2024-07-31T12:26:37.958+0000] {processor.py:830} INFO - Processing file /home/airflow/.local/lib/python3.12/site-packages/airflow/example_dags/example_task_group.py for tasks to queue
[2024-07-31T12:26:37.961+0000] {logging_mixin.py:188} INFO - [2024-07-31T12:26:37.960+0000] {dagbag.py:545} INFO - Filling up the DagBag from /home/airflow/.local/lib/python3.12/site-packages/airflow/example_dags/example_task_group.py
[2024-07-31T12:26:37.969+0000] {processor.py:840} INFO - DAG(s) 'example_task_group' retrieved from /home/airflow/.local/lib/python3.12/site-packages/airflow/example_dags/example_task_group.py
[2024-07-31T12:26:37.999+0000] {logging_mixin.py:188} INFO - [2024-07-31T12:26:37.998+0000] {dag.py:3089} INFO - Sync 1 DAGs
[2024-07-31T12:26:38.043+0000] {logging_mixin.py:188} INFO - [2024-07-31T12:26:38.042+0000] {dag.py:3947} INFO - Setting next_dagrun for example_task_group to 2024-07-30 00:00:00+00:00, run_after=2024-07-31 00:00:00+00:00
[2024-07-31T12:26:38.069+0000] {processor.py:183} INFO - Processing /home/airflow/.local/lib/python3.12/site-packages/airflow/example_dags/example_task_group.py took 0.121 seconds
[2024-07-31T12:27:08.299+0000] {processor.py:161} INFO - Started process (PID=2164) to work on /home/airflow/.local/lib/python3.12/site-packages/airflow/example_dags/example_task_group.py
[2024-07-31T12:27:08.300+0000] {processor.py:830} INFO - Processing file /home/airflow/.local/lib/python3.12/site-packages/airflow/example_dags/example_task_group.py for tasks to queue
[2024-07-31T12:27:08.301+0000] {logging_mixin.py:188} INFO - [2024-07-31T12:27:08.301+0000] {dagbag.py:545} INFO - Filling up the DagBag from /home/airflow/.local/lib/python3.12/site-packages/airflow/example_dags/example_task_group.py
[2024-07-31T12:27:08.307+0000] {processor.py:840} INFO - DAG(s) 'example_task_group' retrieved from /home/airflow/.local/lib/python3.12/site-packages/airflow/example_dags/example_task_group.py
[2024-07-31T12:27:08.336+0000] {logging_mixin.py:188} INFO - [2024-07-31T12:27:08.336+0000] {dag.py:3089} INFO - Sync 1 DAGs
[2024-07-31T12:27:08.377+0000] {logging_mixin.py:188} INFO - [2024-07-31T12:27:08.376+0000] {dag.py:3947} INFO - Setting next_dagrun for example_task_group to 2024-07-30 00:00:00+00:00, run_after=2024-07-31 00:00:00+00:00
[2024-07-31T12:27:08.410+0000] {processor.py:183} INFO - Processing /home/airflow/.local/lib/python3.12/site-packages/airflow/example_dags/example_task_group.py took 0.117 seconds
[2024-07-31T12:27:38.862+0000] {processor.py:161} INFO - Started process (PID=2222) to work on /home/airflow/.local/lib/python3.12/site-packages/airflow/example_dags/example_task_group.py
[2024-07-31T12:27:38.864+0000] {processor.py:830} INFO - Processing file /home/airflow/.local/lib/python3.12/site-packages/airflow/example_dags/example_task_group.py for tasks to queue
[2024-07-31T12:27:38.866+0000] {logging_mixin.py:188} INFO - [2024-07-31T12:27:38.866+0000] {dagbag.py:545} INFO - Filling up the DagBag from /home/airflow/.local/lib/python3.12/site-packages/airflow/example_dags/example_task_group.py
[2024-07-31T12:27:38.875+0000] {processor.py:840} INFO - DAG(s) 'example_task_group' retrieved from /home/airflow/.local/lib/python3.12/site-packages/airflow/example_dags/example_task_group.py
[2024-07-31T12:27:38.904+0000] {logging_mixin.py:188} INFO - [2024-07-31T12:27:38.904+0000] {dag.py:3089} INFO - Sync 1 DAGs
[2024-07-31T12:27:38.939+0000] {logging_mixin.py:188} INFO - [2024-07-31T12:27:38.939+0000] {dag.py:3947} INFO - Setting next_dagrun for example_task_group to 2024-07-30 00:00:00+00:00, run_after=2024-07-31 00:00:00+00:00
[2024-07-31T12:27:38.970+0000] {processor.py:183} INFO - Processing /home/airflow/.local/lib/python3.12/site-packages/airflow/example_dags/example_task_group.py took 0.115 seconds
[2024-07-31T12:28:09.680+0000] {processor.py:161} INFO - Started process (PID=2280) to work on /home/airflow/.local/lib/python3.12/site-packages/airflow/example_dags/example_task_group.py
[2024-07-31T12:28:09.682+0000] {processor.py:830} INFO - Processing file /home/airflow/.local/lib/python3.12/site-packages/airflow/example_dags/example_task_group.py for tasks to queue
[2024-07-31T12:28:09.684+0000] {logging_mixin.py:188} INFO - [2024-07-31T12:28:09.683+0000] {dagbag.py:545} INFO - Filling up the DagBag from /home/airflow/.local/lib/python3.12/site-packages/airflow/example_dags/example_task_group.py
[2024-07-31T12:28:09.693+0000] {processor.py:840} INFO - DAG(s) 'example_task_group' retrieved from /home/airflow/.local/lib/python3.12/site-packages/airflow/example_dags/example_task_group.py
[2024-07-31T12:28:09.728+0000] {logging_mixin.py:188} INFO - [2024-07-31T12:28:09.728+0000] {dag.py:3089} INFO - Sync 1 DAGs
[2024-07-31T12:28:09.764+0000] {logging_mixin.py:188} INFO - [2024-07-31T12:28:09.763+0000] {dag.py:3947} INFO - Setting next_dagrun for example_task_group to 2024-07-30 00:00:00+00:00, run_after=2024-07-31 00:00:00+00:00
[2024-07-31T12:28:09.798+0000] {processor.py:183} INFO - Processing /home/airflow/.local/lib/python3.12/site-packages/airflow/example_dags/example_task_group.py took 0.128 seconds
[2024-07-31T12:28:40.112+0000] {processor.py:161} INFO - Started process (PID=2338) to work on /home/airflow/.local/lib/python3.12/site-packages/airflow/example_dags/example_task_group.py
[2024-07-31T12:28:40.113+0000] {processor.py:830} INFO - Processing file /home/airflow/.local/lib/python3.12/site-packages/airflow/example_dags/example_task_group.py for tasks to queue
[2024-07-31T12:28:40.115+0000] {logging_mixin.py:188} INFO - [2024-07-31T12:28:40.115+0000] {dagbag.py:545} INFO - Filling up the DagBag from /home/airflow/.local/lib/python3.12/site-packages/airflow/example_dags/example_task_group.py
[2024-07-31T12:28:40.128+0000] {processor.py:840} INFO - DAG(s) 'example_task_group' retrieved from /home/airflow/.local/lib/python3.12/site-packages/airflow/example_dags/example_task_group.py
[2024-07-31T12:28:40.162+0000] {logging_mixin.py:188} INFO - [2024-07-31T12:28:40.162+0000] {dag.py:3089} INFO - Sync 1 DAGs
[2024-07-31T12:28:40.198+0000] {logging_mixin.py:188} INFO - [2024-07-31T12:28:40.198+0000] {dag.py:3947} INFO - Setting next_dagrun for example_task_group to 2024-07-30 00:00:00+00:00, run_after=2024-07-31 00:00:00+00:00
[2024-07-31T12:28:40.235+0000] {processor.py:183} INFO - Processing /home/airflow/.local/lib/python3.12/site-packages/airflow/example_dags/example_task_group.py took 0.130 seconds
[2024-07-31T12:29:10.714+0000] {processor.py:161} INFO - Started process (PID=2396) to work on /home/airflow/.local/lib/python3.12/site-packages/airflow/example_dags/example_task_group.py
[2024-07-31T12:29:10.715+0000] {processor.py:830} INFO - Processing file /home/airflow/.local/lib/python3.12/site-packages/airflow/example_dags/example_task_group.py for tasks to queue
[2024-07-31T12:29:10.718+0000] {logging_mixin.py:188} INFO - [2024-07-31T12:29:10.718+0000] {dagbag.py:545} INFO - Filling up the DagBag from /home/airflow/.local/lib/python3.12/site-packages/airflow/example_dags/example_task_group.py
[2024-07-31T12:29:10.731+0000] {processor.py:840} INFO - DAG(s) 'example_task_group' retrieved from /home/airflow/.local/lib/python3.12/site-packages/airflow/example_dags/example_task_group.py
[2024-07-31T12:29:10.773+0000] {logging_mixin.py:188} INFO - [2024-07-31T12:29:10.772+0000] {dag.py:3089} INFO - Sync 1 DAGs
[2024-07-31T12:29:10.816+0000] {logging_mixin.py:188} INFO - [2024-07-31T12:29:10.815+0000] {dag.py:3947} INFO - Setting next_dagrun for example_task_group to 2024-07-30 00:00:00+00:00, run_after=2024-07-31 00:00:00+00:00
[2024-07-31T12:29:10.865+0000] {processor.py:183} INFO - Processing /home/airflow/.local/lib/python3.12/site-packages/airflow/example_dags/example_task_group.py took 0.162 seconds
[2024-07-31T12:29:41.389+0000] {processor.py:161} INFO - Started process (PID=2453) to work on /home/airflow/.local/lib/python3.12/site-packages/airflow/example_dags/example_task_group.py
[2024-07-31T12:29:41.390+0000] {processor.py:830} INFO - Processing file /home/airflow/.local/lib/python3.12/site-packages/airflow/example_dags/example_task_group.py for tasks to queue
[2024-07-31T12:29:41.392+0000] {logging_mixin.py:188} INFO - [2024-07-31T12:29:41.392+0000] {dagbag.py:545} INFO - Filling up the DagBag from /home/airflow/.local/lib/python3.12/site-packages/airflow/example_dags/example_task_group.py
[2024-07-31T12:29:41.403+0000] {processor.py:840} INFO - DAG(s) 'example_task_group' retrieved from /home/airflow/.local/lib/python3.12/site-packages/airflow/example_dags/example_task_group.py
[2024-07-31T12:29:41.449+0000] {logging_mixin.py:188} INFO - [2024-07-31T12:29:41.449+0000] {dag.py:3089} INFO - Sync 1 DAGs
[2024-07-31T12:29:41.480+0000] {logging_mixin.py:188} INFO - [2024-07-31T12:29:41.480+0000] {dag.py:3947} INFO - Setting next_dagrun for example_task_group to 2024-07-30 00:00:00+00:00, run_after=2024-07-31 00:00:00+00:00
[2024-07-31T12:29:41.509+0000] {processor.py:183} INFO - Processing /home/airflow/.local/lib/python3.12/site-packages/airflow/example_dags/example_task_group.py took 0.128 seconds
[2024-07-31T12:30:12.127+0000] {processor.py:161} INFO - Started process (PID=2509) to work on /home/airflow/.local/lib/python3.12/site-packages/airflow/example_dags/example_task_group.py
[2024-07-31T12:30:12.128+0000] {processor.py:830} INFO - Processing file /home/airflow/.local/lib/python3.12/site-packages/airflow/example_dags/example_task_group.py for tasks to queue
[2024-07-31T12:30:12.130+0000] {logging_mixin.py:188} INFO - [2024-07-31T12:30:12.130+0000] {dagbag.py:545} INFO - Filling up the DagBag from /home/airflow/.local/lib/python3.12/site-packages/airflow/example_dags/example_task_group.py
[2024-07-31T12:30:12.139+0000] {processor.py:840} INFO - DAG(s) 'example_task_group' retrieved from /home/airflow/.local/lib/python3.12/site-packages/airflow/example_dags/example_task_group.py
[2024-07-31T12:30:12.171+0000] {logging_mixin.py:188} INFO - [2024-07-31T12:30:12.171+0000] {dag.py:3089} INFO - Sync 1 DAGs
[2024-07-31T12:30:12.205+0000] {logging_mixin.py:188} INFO - [2024-07-31T12:30:12.205+0000] {dag.py:3947} INFO - Setting next_dagrun for example_task_group to 2024-07-30 00:00:00+00:00, run_after=2024-07-31 00:00:00+00:00
[2024-07-31T12:30:12.233+0000] {processor.py:183} INFO - Processing /home/airflow/.local/lib/python3.12/site-packages/airflow/example_dags/example_task_group.py took 0.114 seconds
[2024-07-31T12:30:42.673+0000] {processor.py:161} INFO - Started process (PID=2567) to work on /home/airflow/.local/lib/python3.12/site-packages/airflow/example_dags/example_task_group.py
[2024-07-31T12:30:42.674+0000] {processor.py:830} INFO - Processing file /home/airflow/.local/lib/python3.12/site-packages/airflow/example_dags/example_task_group.py for tasks to queue
[2024-07-31T12:30:42.675+0000] {logging_mixin.py:188} INFO - [2024-07-31T12:30:42.675+0000] {dagbag.py:545} INFO - Filling up the DagBag from /home/airflow/.local/lib/python3.12/site-packages/airflow/example_dags/example_task_group.py
[2024-07-31T12:30:42.684+0000] {processor.py:840} INFO - DAG(s) 'example_task_group' retrieved from /home/airflow/.local/lib/python3.12/site-packages/airflow/example_dags/example_task_group.py
[2024-07-31T12:30:42.708+0000] {logging_mixin.py:188} INFO - [2024-07-31T12:30:42.707+0000] {dag.py:3089} INFO - Sync 1 DAGs
[2024-07-31T12:30:42.740+0000] {logging_mixin.py:188} INFO - [2024-07-31T12:30:42.739+0000] {dag.py:3947} INFO - Setting next_dagrun for example_task_group to 2024-07-30 00:00:00+00:00, run_after=2024-07-31 00:00:00+00:00
[2024-07-31T12:30:42.771+0000] {processor.py:183} INFO - Processing /home/airflow/.local/lib/python3.12/site-packages/airflow/example_dags/example_task_group.py took 0.105 seconds
[2024-07-31T12:31:13.542+0000] {processor.py:161} INFO - Started process (PID=2624) to work on /home/airflow/.local/lib/python3.12/site-packages/airflow/example_dags/example_task_group.py
[2024-07-31T12:31:13.543+0000] {processor.py:830} INFO - Processing file /home/airflow/.local/lib/python3.12/site-packages/airflow/example_dags/example_task_group.py for tasks to queue
[2024-07-31T12:31:13.545+0000] {logging_mixin.py:188} INFO - [2024-07-31T12:31:13.544+0000] {dagbag.py:545} INFO - Filling up the DagBag from /home/airflow/.local/lib/python3.12/site-packages/airflow/example_dags/example_task_group.py
[2024-07-31T12:31:13.553+0000] {processor.py:840} INFO - DAG(s) 'example_task_group' retrieved from /home/airflow/.local/lib/python3.12/site-packages/airflow/example_dags/example_task_group.py
[2024-07-31T12:31:13.593+0000] {logging_mixin.py:188} INFO - [2024-07-31T12:31:13.593+0000] {dag.py:3089} INFO - Sync 1 DAGs
[2024-07-31T12:31:13.636+0000] {logging_mixin.py:188} INFO - [2024-07-31T12:31:13.636+0000] {dag.py:3947} INFO - Setting next_dagrun for example_task_group to 2024-07-30 00:00:00+00:00, run_after=2024-07-31 00:00:00+00:00
[2024-07-31T12:31:13.684+0000] {processor.py:183} INFO - Processing /home/airflow/.local/lib/python3.12/site-packages/airflow/example_dags/example_task_group.py took 0.150 seconds
[2024-07-31T12:31:44.130+0000] {processor.py:161} INFO - Started process (PID=2682) to work on /home/airflow/.local/lib/python3.12/site-packages/airflow/example_dags/example_task_group.py
[2024-07-31T12:31:44.131+0000] {processor.py:830} INFO - Processing file /home/airflow/.local/lib/python3.12/site-packages/airflow/example_dags/example_task_group.py for tasks to queue
[2024-07-31T12:31:44.133+0000] {logging_mixin.py:188} INFO - [2024-07-31T12:31:44.132+0000] {dagbag.py:545} INFO - Filling up the DagBag from /home/airflow/.local/lib/python3.12/site-packages/airflow/example_dags/example_task_group.py
[2024-07-31T12:31:44.144+0000] {processor.py:840} INFO - DAG(s) 'example_task_group' retrieved from /home/airflow/.local/lib/python3.12/site-packages/airflow/example_dags/example_task_group.py
[2024-07-31T12:31:44.182+0000] {logging_mixin.py:188} INFO - [2024-07-31T12:31:44.181+0000] {dag.py:3089} INFO - Sync 1 DAGs
[2024-07-31T12:31:44.222+0000] {logging_mixin.py:188} INFO - [2024-07-31T12:31:44.221+0000] {dag.py:3947} INFO - Setting next_dagrun for example_task_group to 2024-07-30 00:00:00+00:00, run_after=2024-07-31 00:00:00+00:00
[2024-07-31T12:31:44.254+0000] {processor.py:183} INFO - Processing /home/airflow/.local/lib/python3.12/site-packages/airflow/example_dags/example_task_group.py took 0.133 seconds
[2024-07-31T12:32:14.574+0000] {processor.py:161} INFO - Started process (PID=2740) to work on /home/airflow/.local/lib/python3.12/site-packages/airflow/example_dags/example_task_group.py
[2024-07-31T12:32:14.575+0000] {processor.py:830} INFO - Processing file /home/airflow/.local/lib/python3.12/site-packages/airflow/example_dags/example_task_group.py for tasks to queue
[2024-07-31T12:32:14.577+0000] {logging_mixin.py:188} INFO - [2024-07-31T12:32:14.577+0000] {dagbag.py:545} INFO - Filling up the DagBag from /home/airflow/.local/lib/python3.12/site-packages/airflow/example_dags/example_task_group.py
[2024-07-31T12:32:14.588+0000] {processor.py:840} INFO - DAG(s) 'example_task_group' retrieved from /home/airflow/.local/lib/python3.12/site-packages/airflow/example_dags/example_task_group.py
[2024-07-31T12:32:14.615+0000] {logging_mixin.py:188} INFO - [2024-07-31T12:32:14.615+0000] {dag.py:3089} INFO - Sync 1 DAGs
[2024-07-31T12:32:14.645+0000] {logging_mixin.py:188} INFO - [2024-07-31T12:32:14.645+0000] {dag.py:3947} INFO - Setting next_dagrun for example_task_group to 2024-07-30 00:00:00+00:00, run_after=2024-07-31 00:00:00+00:00
[2024-07-31T12:32:14.673+0000] {processor.py:183} INFO - Processing /home/airflow/.local/lib/python3.12/site-packages/airflow/example_dags/example_task_group.py took 0.110 seconds
[2024-07-31T12:32:44.835+0000] {processor.py:161} INFO - Started process (PID=2798) to work on /home/airflow/.local/lib/python3.12/site-packages/airflow/example_dags/example_task_group.py
[2024-07-31T12:32:44.836+0000] {processor.py:830} INFO - Processing file /home/airflow/.local/lib/python3.12/site-packages/airflow/example_dags/example_task_group.py for tasks to queue
[2024-07-31T12:32:44.837+0000] {logging_mixin.py:188} INFO - [2024-07-31T12:32:44.837+0000] {dagbag.py:545} INFO - Filling up the DagBag from /home/airflow/.local/lib/python3.12/site-packages/airflow/example_dags/example_task_group.py
[2024-07-31T12:32:44.844+0000] {processor.py:840} INFO - DAG(s) 'example_task_group' retrieved from /home/airflow/.local/lib/python3.12/site-packages/airflow/example_dags/example_task_group.py
[2024-07-31T12:32:44.870+0000] {logging_mixin.py:188} INFO - [2024-07-31T12:32:44.869+0000] {dag.py:3089} INFO - Sync 1 DAGs
[2024-07-31T12:32:44.897+0000] {logging_mixin.py:188} INFO - [2024-07-31T12:32:44.897+0000] {dag.py:3947} INFO - Setting next_dagrun for example_task_group to 2024-07-30 00:00:00+00:00, run_after=2024-07-31 00:00:00+00:00
[2024-07-31T12:32:44.922+0000] {processor.py:183} INFO - Processing /home/airflow/.local/lib/python3.12/site-packages/airflow/example_dags/example_task_group.py took 0.095 seconds
[2024-07-31T12:33:15.124+0000] {processor.py:161} INFO - Started process (PID=2856) to work on /home/airflow/.local/lib/python3.12/site-packages/airflow/example_dags/example_task_group.py
[2024-07-31T12:33:15.125+0000] {processor.py:830} INFO - Processing file /home/airflow/.local/lib/python3.12/site-packages/airflow/example_dags/example_task_group.py for tasks to queue
[2024-07-31T12:33:15.128+0000] {logging_mixin.py:188} INFO - [2024-07-31T12:33:15.128+0000] {dagbag.py:545} INFO - Filling up the DagBag from /home/airflow/.local/lib/python3.12/site-packages/airflow/example_dags/example_task_group.py
[2024-07-31T12:33:15.139+0000] {processor.py:840} INFO - DAG(s) 'example_task_group' retrieved from /home/airflow/.local/lib/python3.12/site-packages/airflow/example_dags/example_task_group.py
[2024-07-31T12:33:15.169+0000] {logging_mixin.py:188} INFO - [2024-07-31T12:33:15.168+0000] {dag.py:3089} INFO - Sync 1 DAGs
[2024-07-31T12:33:15.204+0000] {logging_mixin.py:188} INFO - [2024-07-31T12:33:15.203+0000] {dag.py:3947} INFO - Setting next_dagrun for example_task_group to 2024-07-30 00:00:00+00:00, run_after=2024-07-31 00:00:00+00:00
[2024-07-31T12:33:15.239+0000] {processor.py:183} INFO - Processing /home/airflow/.local/lib/python3.12/site-packages/airflow/example_dags/example_task_group.py took 0.122 seconds
[2024-07-31T12:33:46.247+0000] {processor.py:161} INFO - Started process (PID=2914) to work on /home/airflow/.local/lib/python3.12/site-packages/airflow/example_dags/example_task_group.py
[2024-07-31T12:33:46.248+0000] {processor.py:830} INFO - Processing file /home/airflow/.local/lib/python3.12/site-packages/airflow/example_dags/example_task_group.py for tasks to queue
[2024-07-31T12:33:46.251+0000] {logging_mixin.py:188} INFO - [2024-07-31T12:33:46.250+0000] {dagbag.py:545} INFO - Filling up the DagBag from /home/airflow/.local/lib/python3.12/site-packages/airflow/example_dags/example_task_group.py
[2024-07-31T12:33:46.259+0000] {processor.py:840} INFO - DAG(s) 'example_task_group' retrieved from /home/airflow/.local/lib/python3.12/site-packages/airflow/example_dags/example_task_group.py
[2024-07-31T12:33:46.294+0000] {logging_mixin.py:188} INFO - [2024-07-31T12:33:46.293+0000] {dag.py:3089} INFO - Sync 1 DAGs
[2024-07-31T12:33:46.332+0000] {logging_mixin.py:188} INFO - [2024-07-31T12:33:46.332+0000] {dag.py:3947} INFO - Setting next_dagrun for example_task_group to 2024-07-30 00:00:00+00:00, run_after=2024-07-31 00:00:00+00:00
[2024-07-31T12:33:46.362+0000] {processor.py:183} INFO - Processing /home/airflow/.local/lib/python3.12/site-packages/airflow/example_dags/example_task_group.py took 0.122 seconds
[2024-07-31T12:34:17.028+0000] {processor.py:161} INFO - Started process (PID=2972) to work on /home/airflow/.local/lib/python3.12/site-packages/airflow/example_dags/example_task_group.py
[2024-07-31T12:34:17.029+0000] {processor.py:830} INFO - Processing file /home/airflow/.local/lib/python3.12/site-packages/airflow/example_dags/example_task_group.py for tasks to queue
[2024-07-31T12:34:17.031+0000] {logging_mixin.py:188} INFO - [2024-07-31T12:34:17.031+0000] {dagbag.py:545} INFO - Filling up the DagBag from /home/airflow/.local/lib/python3.12/site-packages/airflow/example_dags/example_task_group.py
[2024-07-31T12:34:17.042+0000] {processor.py:840} INFO - DAG(s) 'example_task_group' retrieved from /home/airflow/.local/lib/python3.12/site-packages/airflow/example_dags/example_task_group.py
[2024-07-31T12:34:17.075+0000] {logging_mixin.py:188} INFO - [2024-07-31T12:34:17.075+0000] {dag.py:3089} INFO - Sync 1 DAGs
[2024-07-31T12:34:17.111+0000] {logging_mixin.py:188} INFO - [2024-07-31T12:34:17.110+0000] {dag.py:3947} INFO - Setting next_dagrun for example_task_group to 2024-07-30 00:00:00+00:00, run_after=2024-07-31 00:00:00+00:00
[2024-07-31T12:34:17.143+0000] {processor.py:183} INFO - Processing /home/airflow/.local/lib/python3.12/site-packages/airflow/example_dags/example_task_group.py took 0.123 seconds
[2024-07-31T12:34:47.265+0000] {processor.py:161} INFO - Started process (PID=3029) to work on /home/airflow/.local/lib/python3.12/site-packages/airflow/example_dags/example_task_group.py
[2024-07-31T12:34:47.266+0000] {processor.py:830} INFO - Processing file /home/airflow/.local/lib/python3.12/site-packages/airflow/example_dags/example_task_group.py for tasks to queue
[2024-07-31T12:34:47.269+0000] {logging_mixin.py:188} INFO - [2024-07-31T12:34:47.268+0000] {dagbag.py:545} INFO - Filling up the DagBag from /home/airflow/.local/lib/python3.12/site-packages/airflow/example_dags/example_task_group.py
[2024-07-31T12:34:47.278+0000] {processor.py:840} INFO - DAG(s) 'example_task_group' retrieved from /home/airflow/.local/lib/python3.12/site-packages/airflow/example_dags/example_task_group.py
[2024-07-31T12:34:47.318+0000] {logging_mixin.py:188} INFO - [2024-07-31T12:34:47.317+0000] {dag.py:3089} INFO - Sync 1 DAGs
[2024-07-31T12:34:47.355+0000] {logging_mixin.py:188} INFO - [2024-07-31T12:34:47.355+0000] {dag.py:3947} INFO - Setting next_dagrun for example_task_group to 2024-07-30 00:00:00+00:00, run_after=2024-07-31 00:00:00+00:00
[2024-07-31T12:34:47.394+0000] {processor.py:183} INFO - Processing /home/airflow/.local/lib/python3.12/site-packages/airflow/example_dags/example_task_group.py took 0.136 seconds
[2024-07-31T12:35:17.500+0000] {processor.py:161} INFO - Started process (PID=3086) to work on /home/airflow/.local/lib/python3.12/site-packages/airflow/example_dags/example_task_group.py
[2024-07-31T12:35:17.501+0000] {processor.py:830} INFO - Processing file /home/airflow/.local/lib/python3.12/site-packages/airflow/example_dags/example_task_group.py for tasks to queue
[2024-07-31T12:35:17.503+0000] {logging_mixin.py:188} INFO - [2024-07-31T12:35:17.503+0000] {dagbag.py:545} INFO - Filling up the DagBag from /home/airflow/.local/lib/python3.12/site-packages/airflow/example_dags/example_task_group.py
[2024-07-31T12:35:17.511+0000] {processor.py:840} INFO - DAG(s) 'example_task_group' retrieved from /home/airflow/.local/lib/python3.12/site-packages/airflow/example_dags/example_task_group.py
[2024-07-31T12:35:17.536+0000] {logging_mixin.py:188} INFO - [2024-07-31T12:35:17.536+0000] {dag.py:3089} INFO - Sync 1 DAGs
[2024-07-31T12:35:17.572+0000] {logging_mixin.py:188} INFO - [2024-07-31T12:35:17.571+0000] {dag.py:3947} INFO - Setting next_dagrun for example_task_group to 2024-07-30 00:00:00+00:00, run_after=2024-07-31 00:00:00+00:00
[2024-07-31T12:35:17.602+0000] {processor.py:183} INFO - Processing /home/airflow/.local/lib/python3.12/site-packages/airflow/example_dags/example_task_group.py took 0.107 seconds
[2024-07-31T12:35:47.864+0000] {processor.py:161} INFO - Started process (PID=3143) to work on /home/airflow/.local/lib/python3.12/site-packages/airflow/example_dags/example_task_group.py
[2024-07-31T12:35:47.865+0000] {processor.py:830} INFO - Processing file /home/airflow/.local/lib/python3.12/site-packages/airflow/example_dags/example_task_group.py for tasks to queue
[2024-07-31T12:35:47.867+0000] {logging_mixin.py:188} INFO - [2024-07-31T12:35:47.867+0000] {dagbag.py:545} INFO - Filling up the DagBag from /home/airflow/.local/lib/python3.12/site-packages/airflow/example_dags/example_task_group.py
[2024-07-31T12:35:47.875+0000] {processor.py:840} INFO - DAG(s) 'example_task_group' retrieved from /home/airflow/.local/lib/python3.12/site-packages/airflow/example_dags/example_task_group.py
[2024-07-31T12:35:47.901+0000] {logging_mixin.py:188} INFO - [2024-07-31T12:35:47.900+0000] {dag.py:3089} INFO - Sync 1 DAGs
[2024-07-31T12:35:47.938+0000] {logging_mixin.py:188} INFO - [2024-07-31T12:35:47.938+0000] {dag.py:3947} INFO - Setting next_dagrun for example_task_group to 2024-07-30 00:00:00+00:00, run_after=2024-07-31 00:00:00+00:00
[2024-07-31T12:35:47.968+0000] {processor.py:183} INFO - Processing /home/airflow/.local/lib/python3.12/site-packages/airflow/example_dags/example_task_group.py took 0.109 seconds
[2024-07-31T12:36:18.274+0000] {processor.py:161} INFO - Started process (PID=3200) to work on /home/airflow/.local/lib/python3.12/site-packages/airflow/example_dags/example_task_group.py
[2024-07-31T12:36:18.275+0000] {processor.py:830} INFO - Processing file /home/airflow/.local/lib/python3.12/site-packages/airflow/example_dags/example_task_group.py for tasks to queue
[2024-07-31T12:36:18.278+0000] {logging_mixin.py:188} INFO - [2024-07-31T12:36:18.277+0000] {dagbag.py:545} INFO - Filling up the DagBag from /home/airflow/.local/lib/python3.12/site-packages/airflow/example_dags/example_task_group.py
[2024-07-31T12:36:18.293+0000] {processor.py:840} INFO - DAG(s) 'example_task_group' retrieved from /home/airflow/.local/lib/python3.12/site-packages/airflow/example_dags/example_task_group.py
[2024-07-31T12:36:18.327+0000] {logging_mixin.py:188} INFO - [2024-07-31T12:36:18.327+0000] {dag.py:3089} INFO - Sync 1 DAGs
[2024-07-31T12:36:18.364+0000] {logging_mixin.py:188} INFO - [2024-07-31T12:36:18.364+0000] {dag.py:3947} INFO - Setting next_dagrun for example_task_group to 2024-07-30 00:00:00+00:00, run_after=2024-07-31 00:00:00+00:00
[2024-07-31T12:36:18.391+0000] {processor.py:183} INFO - Processing /home/airflow/.local/lib/python3.12/site-packages/airflow/example_dags/example_task_group.py took 0.127 seconds
[2024-07-31T12:36:48.559+0000] {processor.py:161} INFO - Started process (PID=3257) to work on /home/airflow/.local/lib/python3.12/site-packages/airflow/example_dags/example_task_group.py
[2024-07-31T12:36:48.561+0000] {processor.py:830} INFO - Processing file /home/airflow/.local/lib/python3.12/site-packages/airflow/example_dags/example_task_group.py for tasks to queue
[2024-07-31T12:36:48.564+0000] {logging_mixin.py:188} INFO - [2024-07-31T12:36:48.564+0000] {dagbag.py:545} INFO - Filling up the DagBag from /home/airflow/.local/lib/python3.12/site-packages/airflow/example_dags/example_task_group.py
[2024-07-31T12:36:48.572+0000] {processor.py:840} INFO - DAG(s) 'example_task_group' retrieved from /home/airflow/.local/lib/python3.12/site-packages/airflow/example_dags/example_task_group.py
[2024-07-31T12:36:48.608+0000] {logging_mixin.py:188} INFO - [2024-07-31T12:36:48.607+0000] {dag.py:3089} INFO - Sync 1 DAGs
[2024-07-31T12:36:48.653+0000] {logging_mixin.py:188} INFO - [2024-07-31T12:36:48.652+0000] {dag.py:3947} INFO - Setting next_dagrun for example_task_group to 2024-07-30 00:00:00+00:00, run_after=2024-07-31 00:00:00+00:00
[2024-07-31T12:36:48.697+0000] {processor.py:183} INFO - Processing /home/airflow/.local/lib/python3.12/site-packages/airflow/example_dags/example_task_group.py took 0.144 seconds
[2024-07-31T12:37:18.882+0000] {processor.py:161} INFO - Started process (PID=3315) to work on /home/airflow/.local/lib/python3.12/site-packages/airflow/example_dags/example_task_group.py
[2024-07-31T12:37:18.883+0000] {processor.py:830} INFO - Processing file /home/airflow/.local/lib/python3.12/site-packages/airflow/example_dags/example_task_group.py for tasks to queue
[2024-07-31T12:37:18.884+0000] {logging_mixin.py:188} INFO - [2024-07-31T12:37:18.884+0000] {dagbag.py:545} INFO - Filling up the DagBag from /home/airflow/.local/lib/python3.12/site-packages/airflow/example_dags/example_task_group.py
[2024-07-31T12:37:18.891+0000] {processor.py:840} INFO - DAG(s) 'example_task_group' retrieved from /home/airflow/.local/lib/python3.12/site-packages/airflow/example_dags/example_task_group.py
[2024-07-31T12:37:18.914+0000] {logging_mixin.py:188} INFO - [2024-07-31T12:37:18.913+0000] {dag.py:3089} INFO - Sync 1 DAGs
[2024-07-31T12:37:18.945+0000] {logging_mixin.py:188} INFO - [2024-07-31T12:37:18.945+0000] {dag.py:3947} INFO - Setting next_dagrun for example_task_group to 2024-07-30 00:00:00+00:00, run_after=2024-07-31 00:00:00+00:00
[2024-07-31T12:37:18.985+0000] {processor.py:183} INFO - Processing /home/airflow/.local/lib/python3.12/site-packages/airflow/example_dags/example_task_group.py took 0.110 seconds
[2024-07-31T12:37:49.859+0000] {processor.py:161} INFO - Started process (PID=3372) to work on /home/airflow/.local/lib/python3.12/site-packages/airflow/example_dags/example_task_group.py
[2024-07-31T12:37:49.860+0000] {processor.py:830} INFO - Processing file /home/airflow/.local/lib/python3.12/site-packages/airflow/example_dags/example_task_group.py for tasks to queue
[2024-07-31T12:37:49.862+0000] {logging_mixin.py:188} INFO - [2024-07-31T12:37:49.862+0000] {dagbag.py:545} INFO - Filling up the DagBag from /home/airflow/.local/lib/python3.12/site-packages/airflow/example_dags/example_task_group.py
[2024-07-31T12:37:49.874+0000] {processor.py:840} INFO - DAG(s) 'example_task_group' retrieved from /home/airflow/.local/lib/python3.12/site-packages/airflow/example_dags/example_task_group.py
[2024-07-31T12:37:49.907+0000] {logging_mixin.py:188} INFO - [2024-07-31T12:37:49.906+0000] {dag.py:3089} INFO - Sync 1 DAGs
[2024-07-31T12:37:49.935+0000] {logging_mixin.py:188} INFO - [2024-07-31T12:37:49.935+0000] {dag.py:3947} INFO - Setting next_dagrun for example_task_group to 2024-07-30 00:00:00+00:00, run_after=2024-07-31 00:00:00+00:00
[2024-07-31T12:37:49.964+0000] {processor.py:183} INFO - Processing /home/airflow/.local/lib/python3.12/site-packages/airflow/example_dags/example_task_group.py took 0.112 seconds
[2024-07-31T12:38:20.380+0000] {processor.py:161} INFO - Started process (PID=3430) to work on /home/airflow/.local/lib/python3.12/site-packages/airflow/example_dags/example_task_group.py
[2024-07-31T12:38:20.381+0000] {processor.py:830} INFO - Processing file /home/airflow/.local/lib/python3.12/site-packages/airflow/example_dags/example_task_group.py for tasks to queue
[2024-07-31T12:38:20.382+0000] {logging_mixin.py:188} INFO - [2024-07-31T12:38:20.382+0000] {dagbag.py:545} INFO - Filling up the DagBag from /home/airflow/.local/lib/python3.12/site-packages/airflow/example_dags/example_task_group.py
[2024-07-31T12:38:20.397+0000] {processor.py:840} INFO - DAG(s) 'example_task_group' retrieved from /home/airflow/.local/lib/python3.12/site-packages/airflow/example_dags/example_task_group.py
[2024-07-31T12:38:20.424+0000] {logging_mixin.py:188} INFO - [2024-07-31T12:38:20.423+0000] {dag.py:3089} INFO - Sync 1 DAGs
[2024-07-31T12:38:20.448+0000] {logging_mixin.py:188} INFO - [2024-07-31T12:38:20.448+0000] {dag.py:3947} INFO - Setting next_dagrun for example_task_group to 2024-07-30 00:00:00+00:00, run_after=2024-07-31 00:00:00+00:00
[2024-07-31T12:38:20.477+0000] {processor.py:183} INFO - Processing /home/airflow/.local/lib/python3.12/site-packages/airflow/example_dags/example_task_group.py took 0.104 seconds
[2024-07-31T16:44:27.441+0000] {processor.py:161} INFO - Started process (PID=89) to work on /home/airflow/.local/lib/python3.12/site-packages/airflow/example_dags/example_task_group.py
[2024-07-31T16:44:27.442+0000] {processor.py:830} INFO - Processing file /home/airflow/.local/lib/python3.12/site-packages/airflow/example_dags/example_task_group.py for tasks to queue
[2024-07-31T16:44:27.443+0000] {logging_mixin.py:188} INFO - [2024-07-31T16:44:27.443+0000] {dagbag.py:545} INFO - Filling up the DagBag from /home/airflow/.local/lib/python3.12/site-packages/airflow/example_dags/example_task_group.py
[2024-07-31T16:44:27.459+0000] {processor.py:840} INFO - DAG(s) 'example_task_group' retrieved from /home/airflow/.local/lib/python3.12/site-packages/airflow/example_dags/example_task_group.py
[2024-07-31T16:44:27.623+0000] {logging_mixin.py:188} INFO - [2024-07-31T16:44:27.623+0000] {dag.py:3089} INFO - Sync 1 DAGs
[2024-07-31T16:44:27.652+0000] {logging_mixin.py:188} INFO - [2024-07-31T16:44:27.651+0000] {dag.py:3947} INFO - Setting next_dagrun for example_task_group to 2024-07-30 00:00:00+00:00, run_after=2024-07-31 00:00:00+00:00
[2024-07-31T16:44:27.681+0000] {processor.py:183} INFO - Processing /home/airflow/.local/lib/python3.12/site-packages/airflow/example_dags/example_task_group.py took 0.249 seconds
[2024-07-31T16:44:58.057+0000] {processor.py:161} INFO - Started process (PID=146) to work on /home/airflow/.local/lib/python3.12/site-packages/airflow/example_dags/example_task_group.py
[2024-07-31T16:44:58.067+0000] {processor.py:830} INFO - Processing file /home/airflow/.local/lib/python3.12/site-packages/airflow/example_dags/example_task_group.py for tasks to queue
[2024-07-31T16:44:58.069+0000] {logging_mixin.py:188} INFO - [2024-07-31T16:44:58.068+0000] {dagbag.py:545} INFO - Filling up the DagBag from /home/airflow/.local/lib/python3.12/site-packages/airflow/example_dags/example_task_group.py
[2024-07-31T16:44:58.088+0000] {processor.py:840} INFO - DAG(s) 'example_task_group' retrieved from /home/airflow/.local/lib/python3.12/site-packages/airflow/example_dags/example_task_group.py
[2024-07-31T16:44:58.122+0000] {logging_mixin.py:188} INFO - [2024-07-31T16:44:58.122+0000] {dag.py:3089} INFO - Sync 1 DAGs
[2024-07-31T16:44:58.179+0000] {logging_mixin.py:188} INFO - [2024-07-31T16:44:58.179+0000] {dag.py:3947} INFO - Setting next_dagrun for example_task_group to 2024-07-30 00:00:00+00:00, run_after=2024-07-31 00:00:00+00:00
[2024-07-31T16:44:58.245+0000] {processor.py:183} INFO - Processing /home/airflow/.local/lib/python3.12/site-packages/airflow/example_dags/example_task_group.py took 0.199 seconds
[2024-07-31T16:45:28.950+0000] {processor.py:161} INFO - Started process (PID=204) to work on /home/airflow/.local/lib/python3.12/site-packages/airflow/example_dags/example_task_group.py
[2024-07-31T16:45:28.951+0000] {processor.py:830} INFO - Processing file /home/airflow/.local/lib/python3.12/site-packages/airflow/example_dags/example_task_group.py for tasks to queue
[2024-07-31T16:45:28.952+0000] {logging_mixin.py:188} INFO - [2024-07-31T16:45:28.952+0000] {dagbag.py:545} INFO - Filling up the DagBag from /home/airflow/.local/lib/python3.12/site-packages/airflow/example_dags/example_task_group.py
[2024-07-31T16:45:28.963+0000] {processor.py:840} INFO - DAG(s) 'example_task_group' retrieved from /home/airflow/.local/lib/python3.12/site-packages/airflow/example_dags/example_task_group.py
[2024-07-31T16:45:28.996+0000] {logging_mixin.py:188} INFO - [2024-07-31T16:45:28.995+0000] {dag.py:3089} INFO - Sync 1 DAGs
[2024-07-31T16:45:29.039+0000] {logging_mixin.py:188} INFO - [2024-07-31T16:45:29.039+0000] {dag.py:3947} INFO - Setting next_dagrun for example_task_group to 2024-07-30 00:00:00+00:00, run_after=2024-07-31 00:00:00+00:00
[2024-07-31T16:45:29.070+0000] {processor.py:183} INFO - Processing /home/airflow/.local/lib/python3.12/site-packages/airflow/example_dags/example_task_group.py took 0.128 seconds
[2024-07-31T16:46:00.052+0000] {processor.py:161} INFO - Started process (PID=262) to work on /home/airflow/.local/lib/python3.12/site-packages/airflow/example_dags/example_task_group.py
[2024-07-31T16:46:00.053+0000] {processor.py:830} INFO - Processing file /home/airflow/.local/lib/python3.12/site-packages/airflow/example_dags/example_task_group.py for tasks to queue
[2024-07-31T16:46:00.054+0000] {logging_mixin.py:188} INFO - [2024-07-31T16:46:00.053+0000] {dagbag.py:545} INFO - Filling up the DagBag from /home/airflow/.local/lib/python3.12/site-packages/airflow/example_dags/example_task_group.py
[2024-07-31T16:46:00.065+0000] {processor.py:840} INFO - DAG(s) 'example_task_group' retrieved from /home/airflow/.local/lib/python3.12/site-packages/airflow/example_dags/example_task_group.py
[2024-07-31T16:46:00.107+0000] {logging_mixin.py:188} INFO - [2024-07-31T16:46:00.107+0000] {dag.py:3089} INFO - Sync 1 DAGs
[2024-07-31T16:46:00.143+0000] {logging_mixin.py:188} INFO - [2024-07-31T16:46:00.142+0000] {dag.py:3947} INFO - Setting next_dagrun for example_task_group to 2024-07-30 00:00:00+00:00, run_after=2024-07-31 00:00:00+00:00
[2024-07-31T16:46:00.186+0000] {processor.py:183} INFO - Processing /home/airflow/.local/lib/python3.12/site-packages/airflow/example_dags/example_task_group.py took 0.144 seconds
