[2024-07-31T12:08:53.424+0000] {processor.py:161} INFO - Started process (PID=95) to work on /home/airflow/.local/lib/python3.12/site-packages/airflow/example_dags/example_python_decorator.py
[2024-07-31T12:08:53.424+0000] {processor.py:830} INFO - Processing file /home/airflow/.local/lib/python3.12/site-packages/airflow/example_dags/example_python_decorator.py for tasks to queue
[2024-07-31T12:08:53.426+0000] {logging_mixin.py:188} INFO - [2024-07-31T12:08:53.425+0000] {dagbag.py:545} INFO - Filling up the DagBag from /home/airflow/.local/lib/python3.12/site-packages/airflow/example_dags/example_python_decorator.py
[2024-07-31T12:08:53.448+0000] {processor.py:840} INFO - DAG(s) 'example_python_decorator' retrieved from /home/airflow/.local/lib/python3.12/site-packages/airflow/example_dags/example_python_decorator.py
[2024-07-31T12:08:53.582+0000] {logging_mixin.py:188} INFO - [2024-07-31T12:08:53.581+0000] {override.py:1858} INFO - Created Permission View: can delete on DAG:example_python_decorator
[2024-07-31T12:08:53.594+0000] {logging_mixin.py:188} INFO - [2024-07-31T12:08:53.594+0000] {override.py:1858} INFO - Created Permission View: can read on DAG:example_python_decorator
[2024-07-31T12:08:53.600+0000] {logging_mixin.py:188} INFO - [2024-07-31T12:08:53.599+0000] {override.py:1858} INFO - Created Permission View: can edit on DAG:example_python_decorator
[2024-07-31T12:08:53.600+0000] {logging_mixin.py:188} INFO - [2024-07-31T12:08:53.600+0000] {dag.py:3089} INFO - Sync 1 DAGs
[2024-07-31T12:08:53.628+0000] {logging_mixin.py:188} INFO - [2024-07-31T12:08:53.627+0000] {dag.py:3111} INFO - Creating ORM DAG for example_python_decorator
[2024-07-31T12:08:53.629+0000] {logging_mixin.py:188} INFO - [2024-07-31T12:08:53.628+0000] {dag.py:3947} INFO - Setting next_dagrun for example_python_decorator to None, run_after=None
[2024-07-31T12:08:53.662+0000] {processor.py:183} INFO - Processing /home/airflow/.local/lib/python3.12/site-packages/airflow/example_dags/example_python_decorator.py took 0.243 seconds
[2024-07-31T12:09:24.349+0000] {processor.py:161} INFO - Started process (PID=153) to work on /home/airflow/.local/lib/python3.12/site-packages/airflow/example_dags/example_python_decorator.py
[2024-07-31T12:09:24.350+0000] {processor.py:830} INFO - Processing file /home/airflow/.local/lib/python3.12/site-packages/airflow/example_dags/example_python_decorator.py for tasks to queue
[2024-07-31T12:09:24.353+0000] {logging_mixin.py:188} INFO - [2024-07-31T12:09:24.352+0000] {dagbag.py:545} INFO - Filling up the DagBag from /home/airflow/.local/lib/python3.12/site-packages/airflow/example_dags/example_python_decorator.py
[2024-07-31T12:09:24.372+0000] {processor.py:840} INFO - DAG(s) 'example_python_decorator' retrieved from /home/airflow/.local/lib/python3.12/site-packages/airflow/example_dags/example_python_decorator.py
[2024-07-31T12:09:24.399+0000] {logging_mixin.py:188} INFO - [2024-07-31T12:09:24.398+0000] {dag.py:3089} INFO - Sync 1 DAGs
[2024-07-31T12:09:24.414+0000] {logging_mixin.py:188} INFO - [2024-07-31T12:09:24.413+0000] {dag.py:3947} INFO - Setting next_dagrun for example_python_decorator to None, run_after=None
[2024-07-31T12:09:24.440+0000] {processor.py:183} INFO - Processing /home/airflow/.local/lib/python3.12/site-packages/airflow/example_dags/example_python_decorator.py took 0.097 seconds
[2024-07-31T12:09:54.742+0000] {processor.py:161} INFO - Started process (PID=211) to work on /home/airflow/.local/lib/python3.12/site-packages/airflow/example_dags/example_python_decorator.py
[2024-07-31T12:09:54.743+0000] {processor.py:830} INFO - Processing file /home/airflow/.local/lib/python3.12/site-packages/airflow/example_dags/example_python_decorator.py for tasks to queue
[2024-07-31T12:09:54.745+0000] {logging_mixin.py:188} INFO - [2024-07-31T12:09:54.745+0000] {dagbag.py:545} INFO - Filling up the DagBag from /home/airflow/.local/lib/python3.12/site-packages/airflow/example_dags/example_python_decorator.py
[2024-07-31T12:09:54.760+0000] {processor.py:840} INFO - DAG(s) 'example_python_decorator' retrieved from /home/airflow/.local/lib/python3.12/site-packages/airflow/example_dags/example_python_decorator.py
[2024-07-31T12:09:54.791+0000] {logging_mixin.py:188} INFO - [2024-07-31T12:09:54.791+0000] {dag.py:3089} INFO - Sync 1 DAGs
[2024-07-31T12:09:54.808+0000] {logging_mixin.py:188} INFO - [2024-07-31T12:09:54.807+0000] {dag.py:3947} INFO - Setting next_dagrun for example_python_decorator to None, run_after=None
[2024-07-31T12:09:54.837+0000] {processor.py:183} INFO - Processing /home/airflow/.local/lib/python3.12/site-packages/airflow/example_dags/example_python_decorator.py took 0.107 seconds
[2024-07-31T12:10:25.352+0000] {processor.py:161} INFO - Started process (PID=275) to work on /home/airflow/.local/lib/python3.12/site-packages/airflow/example_dags/example_python_decorator.py
[2024-07-31T12:10:25.353+0000] {processor.py:830} INFO - Processing file /home/airflow/.local/lib/python3.12/site-packages/airflow/example_dags/example_python_decorator.py for tasks to queue
[2024-07-31T12:10:25.354+0000] {logging_mixin.py:188} INFO - [2024-07-31T12:10:25.354+0000] {dagbag.py:545} INFO - Filling up the DagBag from /home/airflow/.local/lib/python3.12/site-packages/airflow/example_dags/example_python_decorator.py
[2024-07-31T12:10:25.366+0000] {processor.py:840} INFO - DAG(s) 'example_python_decorator' retrieved from /home/airflow/.local/lib/python3.12/site-packages/airflow/example_dags/example_python_decorator.py
[2024-07-31T12:10:25.391+0000] {logging_mixin.py:188} INFO - [2024-07-31T12:10:25.391+0000] {dag.py:3089} INFO - Sync 1 DAGs
[2024-07-31T12:10:25.408+0000] {logging_mixin.py:188} INFO - [2024-07-31T12:10:25.408+0000] {dag.py:3947} INFO - Setting next_dagrun for example_python_decorator to None, run_after=None
[2024-07-31T12:10:25.431+0000] {processor.py:183} INFO - Processing /home/airflow/.local/lib/python3.12/site-packages/airflow/example_dags/example_python_decorator.py took 0.084 seconds
[2024-07-31T12:10:55.464+0000] {processor.py:161} INFO - Started process (PID=332) to work on /home/airflow/.local/lib/python3.12/site-packages/airflow/example_dags/example_python_decorator.py
[2024-07-31T12:10:55.465+0000] {processor.py:830} INFO - Processing file /home/airflow/.local/lib/python3.12/site-packages/airflow/example_dags/example_python_decorator.py for tasks to queue
[2024-07-31T12:10:55.467+0000] {logging_mixin.py:188} INFO - [2024-07-31T12:10:55.467+0000] {dagbag.py:545} INFO - Filling up the DagBag from /home/airflow/.local/lib/python3.12/site-packages/airflow/example_dags/example_python_decorator.py
[2024-07-31T12:10:55.478+0000] {processor.py:840} INFO - DAG(s) 'example_python_decorator' retrieved from /home/airflow/.local/lib/python3.12/site-packages/airflow/example_dags/example_python_decorator.py
[2024-07-31T12:10:55.507+0000] {logging_mixin.py:188} INFO - [2024-07-31T12:10:55.507+0000] {dag.py:3089} INFO - Sync 1 DAGs
[2024-07-31T12:10:55.525+0000] {logging_mixin.py:188} INFO - [2024-07-31T12:10:55.525+0000] {dag.py:3947} INFO - Setting next_dagrun for example_python_decorator to None, run_after=None
[2024-07-31T12:10:55.552+0000] {processor.py:183} INFO - Processing /home/airflow/.local/lib/python3.12/site-packages/airflow/example_dags/example_python_decorator.py took 0.094 seconds
[2024-07-31T12:11:26.257+0000] {processor.py:161} INFO - Started process (PID=390) to work on /home/airflow/.local/lib/python3.12/site-packages/airflow/example_dags/example_python_decorator.py
[2024-07-31T12:11:26.258+0000] {processor.py:830} INFO - Processing file /home/airflow/.local/lib/python3.12/site-packages/airflow/example_dags/example_python_decorator.py for tasks to queue
[2024-07-31T12:11:26.260+0000] {logging_mixin.py:188} INFO - [2024-07-31T12:11:26.260+0000] {dagbag.py:545} INFO - Filling up the DagBag from /home/airflow/.local/lib/python3.12/site-packages/airflow/example_dags/example_python_decorator.py
[2024-07-31T12:11:26.272+0000] {processor.py:840} INFO - DAG(s) 'example_python_decorator' retrieved from /home/airflow/.local/lib/python3.12/site-packages/airflow/example_dags/example_python_decorator.py
[2024-07-31T12:11:26.294+0000] {logging_mixin.py:188} INFO - [2024-07-31T12:11:26.293+0000] {dag.py:3089} INFO - Sync 1 DAGs
[2024-07-31T12:11:26.306+0000] {logging_mixin.py:188} INFO - [2024-07-31T12:11:26.306+0000] {dag.py:3947} INFO - Setting next_dagrun for example_python_decorator to None, run_after=None
[2024-07-31T12:11:26.329+0000] {processor.py:183} INFO - Processing /home/airflow/.local/lib/python3.12/site-packages/airflow/example_dags/example_python_decorator.py took 0.078 seconds
[2024-07-31T12:11:56.683+0000] {processor.py:161} INFO - Started process (PID=448) to work on /home/airflow/.local/lib/python3.12/site-packages/airflow/example_dags/example_python_decorator.py
[2024-07-31T12:11:56.684+0000] {processor.py:830} INFO - Processing file /home/airflow/.local/lib/python3.12/site-packages/airflow/example_dags/example_python_decorator.py for tasks to queue
[2024-07-31T12:11:56.686+0000] {logging_mixin.py:188} INFO - [2024-07-31T12:11:56.686+0000] {dagbag.py:545} INFO - Filling up the DagBag from /home/airflow/.local/lib/python3.12/site-packages/airflow/example_dags/example_python_decorator.py
[2024-07-31T12:11:56.697+0000] {processor.py:840} INFO - DAG(s) 'example_python_decorator' retrieved from /home/airflow/.local/lib/python3.12/site-packages/airflow/example_dags/example_python_decorator.py
[2024-07-31T12:11:56.721+0000] {logging_mixin.py:188} INFO - [2024-07-31T12:11:56.721+0000] {dag.py:3089} INFO - Sync 1 DAGs
[2024-07-31T12:11:56.733+0000] {logging_mixin.py:188} INFO - [2024-07-31T12:11:56.733+0000] {dag.py:3947} INFO - Setting next_dagrun for example_python_decorator to None, run_after=None
[2024-07-31T12:11:56.757+0000] {processor.py:183} INFO - Processing /home/airflow/.local/lib/python3.12/site-packages/airflow/example_dags/example_python_decorator.py took 0.080 seconds
[2024-07-31T12:12:26.803+0000] {processor.py:161} INFO - Started process (PID=505) to work on /home/airflow/.local/lib/python3.12/site-packages/airflow/example_dags/example_python_decorator.py
[2024-07-31T12:12:26.804+0000] {processor.py:830} INFO - Processing file /home/airflow/.local/lib/python3.12/site-packages/airflow/example_dags/example_python_decorator.py for tasks to queue
[2024-07-31T12:12:26.805+0000] {logging_mixin.py:188} INFO - [2024-07-31T12:12:26.805+0000] {dagbag.py:545} INFO - Filling up the DagBag from /home/airflow/.local/lib/python3.12/site-packages/airflow/example_dags/example_python_decorator.py
[2024-07-31T12:12:26.817+0000] {processor.py:840} INFO - DAG(s) 'example_python_decorator' retrieved from /home/airflow/.local/lib/python3.12/site-packages/airflow/example_dags/example_python_decorator.py
[2024-07-31T12:12:26.844+0000] {logging_mixin.py:188} INFO - [2024-07-31T12:12:26.844+0000] {dag.py:3089} INFO - Sync 1 DAGs
[2024-07-31T12:12:26.859+0000] {logging_mixin.py:188} INFO - [2024-07-31T12:12:26.858+0000] {dag.py:3947} INFO - Setting next_dagrun for example_python_decorator to None, run_after=None
[2024-07-31T12:12:26.887+0000] {processor.py:183} INFO - Processing /home/airflow/.local/lib/python3.12/site-packages/airflow/example_dags/example_python_decorator.py took 0.090 seconds
[2024-07-31T12:12:57.601+0000] {processor.py:161} INFO - Started process (PID=563) to work on /home/airflow/.local/lib/python3.12/site-packages/airflow/example_dags/example_python_decorator.py
[2024-07-31T12:12:57.602+0000] {processor.py:830} INFO - Processing file /home/airflow/.local/lib/python3.12/site-packages/airflow/example_dags/example_python_decorator.py for tasks to queue
[2024-07-31T12:12:57.604+0000] {logging_mixin.py:188} INFO - [2024-07-31T12:12:57.604+0000] {dagbag.py:545} INFO - Filling up the DagBag from /home/airflow/.local/lib/python3.12/site-packages/airflow/example_dags/example_python_decorator.py
[2024-07-31T12:12:57.626+0000] {processor.py:840} INFO - DAG(s) 'example_python_decorator' retrieved from /home/airflow/.local/lib/python3.12/site-packages/airflow/example_dags/example_python_decorator.py
[2024-07-31T12:12:57.655+0000] {logging_mixin.py:188} INFO - [2024-07-31T12:12:57.655+0000] {dag.py:3089} INFO - Sync 1 DAGs
[2024-07-31T12:12:57.672+0000] {logging_mixin.py:188} INFO - [2024-07-31T12:12:57.672+0000] {dag.py:3947} INFO - Setting next_dagrun for example_python_decorator to None, run_after=None
[2024-07-31T12:12:57.704+0000] {processor.py:183} INFO - Processing /home/airflow/.local/lib/python3.12/site-packages/airflow/example_dags/example_python_decorator.py took 0.113 seconds
[2024-07-31T12:13:28.149+0000] {processor.py:161} INFO - Started process (PID=620) to work on /home/airflow/.local/lib/python3.12/site-packages/airflow/example_dags/example_python_decorator.py
[2024-07-31T12:13:28.150+0000] {processor.py:830} INFO - Processing file /home/airflow/.local/lib/python3.12/site-packages/airflow/example_dags/example_python_decorator.py for tasks to queue
[2024-07-31T12:13:28.152+0000] {logging_mixin.py:188} INFO - [2024-07-31T12:13:28.152+0000] {dagbag.py:545} INFO - Filling up the DagBag from /home/airflow/.local/lib/python3.12/site-packages/airflow/example_dags/example_python_decorator.py
[2024-07-31T12:13:28.168+0000] {processor.py:840} INFO - DAG(s) 'example_python_decorator' retrieved from /home/airflow/.local/lib/python3.12/site-packages/airflow/example_dags/example_python_decorator.py
[2024-07-31T12:13:28.187+0000] {logging_mixin.py:188} INFO - [2024-07-31T12:13:28.187+0000] {dag.py:3089} INFO - Sync 1 DAGs
[2024-07-31T12:13:28.200+0000] {logging_mixin.py:188} INFO - [2024-07-31T12:13:28.200+0000] {dag.py:3947} INFO - Setting next_dagrun for example_python_decorator to None, run_after=None
[2024-07-31T12:13:28.223+0000] {processor.py:183} INFO - Processing /home/airflow/.local/lib/python3.12/site-packages/airflow/example_dags/example_python_decorator.py took 0.079 seconds
[2024-07-31T12:13:59.295+0000] {processor.py:161} INFO - Started process (PID=678) to work on /home/airflow/.local/lib/python3.12/site-packages/airflow/example_dags/example_python_decorator.py
[2024-07-31T12:13:59.296+0000] {processor.py:830} INFO - Processing file /home/airflow/.local/lib/python3.12/site-packages/airflow/example_dags/example_python_decorator.py for tasks to queue
[2024-07-31T12:13:59.298+0000] {logging_mixin.py:188} INFO - [2024-07-31T12:13:59.297+0000] {dagbag.py:545} INFO - Filling up the DagBag from /home/airflow/.local/lib/python3.12/site-packages/airflow/example_dags/example_python_decorator.py
[2024-07-31T12:13:59.320+0000] {processor.py:840} INFO - DAG(s) 'example_python_decorator' retrieved from /home/airflow/.local/lib/python3.12/site-packages/airflow/example_dags/example_python_decorator.py
[2024-07-31T12:13:59.357+0000] {logging_mixin.py:188} INFO - [2024-07-31T12:13:59.356+0000] {dag.py:3089} INFO - Sync 1 DAGs
[2024-07-31T12:13:59.375+0000] {logging_mixin.py:188} INFO - [2024-07-31T12:13:59.375+0000] {dag.py:3947} INFO - Setting next_dagrun for example_python_decorator to None, run_after=None
[2024-07-31T12:13:59.413+0000] {processor.py:183} INFO - Processing /home/airflow/.local/lib/python3.12/site-packages/airflow/example_dags/example_python_decorator.py took 0.127 seconds
[2024-07-31T12:14:30.372+0000] {processor.py:161} INFO - Started process (PID=736) to work on /home/airflow/.local/lib/python3.12/site-packages/airflow/example_dags/example_python_decorator.py
[2024-07-31T12:14:30.373+0000] {processor.py:830} INFO - Processing file /home/airflow/.local/lib/python3.12/site-packages/airflow/example_dags/example_python_decorator.py for tasks to queue
[2024-07-31T12:14:30.375+0000] {logging_mixin.py:188} INFO - [2024-07-31T12:14:30.375+0000] {dagbag.py:545} INFO - Filling up the DagBag from /home/airflow/.local/lib/python3.12/site-packages/airflow/example_dags/example_python_decorator.py
[2024-07-31T12:14:30.387+0000] {processor.py:840} INFO - DAG(s) 'example_python_decorator' retrieved from /home/airflow/.local/lib/python3.12/site-packages/airflow/example_dags/example_python_decorator.py
[2024-07-31T12:14:30.408+0000] {logging_mixin.py:188} INFO - [2024-07-31T12:14:30.408+0000] {dag.py:3089} INFO - Sync 1 DAGs
[2024-07-31T12:14:30.421+0000] {logging_mixin.py:188} INFO - [2024-07-31T12:14:30.421+0000] {dag.py:3947} INFO - Setting next_dagrun for example_python_decorator to None, run_after=None
[2024-07-31T12:14:30.451+0000] {processor.py:183} INFO - Processing /home/airflow/.local/lib/python3.12/site-packages/airflow/example_dags/example_python_decorator.py took 0.087 seconds
[2024-07-31T12:15:00.695+0000] {processor.py:161} INFO - Started process (PID=794) to work on /home/airflow/.local/lib/python3.12/site-packages/airflow/example_dags/example_python_decorator.py
[2024-07-31T12:15:00.696+0000] {processor.py:830} INFO - Processing file /home/airflow/.local/lib/python3.12/site-packages/airflow/example_dags/example_python_decorator.py for tasks to queue
[2024-07-31T12:15:00.698+0000] {logging_mixin.py:188} INFO - [2024-07-31T12:15:00.697+0000] {dagbag.py:545} INFO - Filling up the DagBag from /home/airflow/.local/lib/python3.12/site-packages/airflow/example_dags/example_python_decorator.py
[2024-07-31T12:15:00.708+0000] {processor.py:840} INFO - DAG(s) 'example_python_decorator' retrieved from /home/airflow/.local/lib/python3.12/site-packages/airflow/example_dags/example_python_decorator.py
[2024-07-31T12:15:00.730+0000] {logging_mixin.py:188} INFO - [2024-07-31T12:15:00.730+0000] {dag.py:3089} INFO - Sync 1 DAGs
[2024-07-31T12:15:00.741+0000] {logging_mixin.py:188} INFO - [2024-07-31T12:15:00.741+0000] {dag.py:3947} INFO - Setting next_dagrun for example_python_decorator to None, run_after=None
[2024-07-31T12:15:00.772+0000] {processor.py:183} INFO - Processing /home/airflow/.local/lib/python3.12/site-packages/airflow/example_dags/example_python_decorator.py took 0.083 seconds
[2024-07-31T12:15:31.207+0000] {processor.py:161} INFO - Started process (PID=851) to work on /home/airflow/.local/lib/python3.12/site-packages/airflow/example_dags/example_python_decorator.py
[2024-07-31T12:15:31.208+0000] {processor.py:830} INFO - Processing file /home/airflow/.local/lib/python3.12/site-packages/airflow/example_dags/example_python_decorator.py for tasks to queue
[2024-07-31T12:15:31.209+0000] {logging_mixin.py:188} INFO - [2024-07-31T12:15:31.209+0000] {dagbag.py:545} INFO - Filling up the DagBag from /home/airflow/.local/lib/python3.12/site-packages/airflow/example_dags/example_python_decorator.py
[2024-07-31T12:15:31.224+0000] {processor.py:840} INFO - DAG(s) 'example_python_decorator' retrieved from /home/airflow/.local/lib/python3.12/site-packages/airflow/example_dags/example_python_decorator.py
[2024-07-31T12:15:31.250+0000] {logging_mixin.py:188} INFO - [2024-07-31T12:15:31.249+0000] {dag.py:3089} INFO - Sync 1 DAGs
[2024-07-31T12:15:31.264+0000] {logging_mixin.py:188} INFO - [2024-07-31T12:15:31.264+0000] {dag.py:3947} INFO - Setting next_dagrun for example_python_decorator to None, run_after=None
[2024-07-31T12:15:31.294+0000] {processor.py:183} INFO - Processing /home/airflow/.local/lib/python3.12/site-packages/airflow/example_dags/example_python_decorator.py took 0.093 seconds
[2024-07-31T12:16:01.364+0000] {processor.py:161} INFO - Started process (PID=908) to work on /home/airflow/.local/lib/python3.12/site-packages/airflow/example_dags/example_python_decorator.py
[2024-07-31T12:16:01.365+0000] {processor.py:830} INFO - Processing file /home/airflow/.local/lib/python3.12/site-packages/airflow/example_dags/example_python_decorator.py for tasks to queue
[2024-07-31T12:16:01.367+0000] {logging_mixin.py:188} INFO - [2024-07-31T12:16:01.366+0000] {dagbag.py:545} INFO - Filling up the DagBag from /home/airflow/.local/lib/python3.12/site-packages/airflow/example_dags/example_python_decorator.py
[2024-07-31T12:16:01.378+0000] {processor.py:840} INFO - DAG(s) 'example_python_decorator' retrieved from /home/airflow/.local/lib/python3.12/site-packages/airflow/example_dags/example_python_decorator.py
[2024-07-31T12:16:01.401+0000] {logging_mixin.py:188} INFO - [2024-07-31T12:16:01.400+0000] {dag.py:3089} INFO - Sync 1 DAGs
[2024-07-31T12:16:01.414+0000] {logging_mixin.py:188} INFO - [2024-07-31T12:16:01.414+0000] {dag.py:3947} INFO - Setting next_dagrun for example_python_decorator to None, run_after=None
[2024-07-31T12:16:01.437+0000] {processor.py:183} INFO - Processing /home/airflow/.local/lib/python3.12/site-packages/airflow/example_dags/example_python_decorator.py took 0.079 seconds
[2024-07-31T12:16:31.681+0000] {processor.py:161} INFO - Started process (PID=965) to work on /home/airflow/.local/lib/python3.12/site-packages/airflow/example_dags/example_python_decorator.py
[2024-07-31T12:16:31.682+0000] {processor.py:830} INFO - Processing file /home/airflow/.local/lib/python3.12/site-packages/airflow/example_dags/example_python_decorator.py for tasks to queue
[2024-07-31T12:16:31.683+0000] {logging_mixin.py:188} INFO - [2024-07-31T12:16:31.683+0000] {dagbag.py:545} INFO - Filling up the DagBag from /home/airflow/.local/lib/python3.12/site-packages/airflow/example_dags/example_python_decorator.py
[2024-07-31T12:16:31.695+0000] {processor.py:840} INFO - DAG(s) 'example_python_decorator' retrieved from /home/airflow/.local/lib/python3.12/site-packages/airflow/example_dags/example_python_decorator.py
[2024-07-31T12:16:31.718+0000] {logging_mixin.py:188} INFO - [2024-07-31T12:16:31.718+0000] {dag.py:3089} INFO - Sync 1 DAGs
[2024-07-31T12:16:31.733+0000] {logging_mixin.py:188} INFO - [2024-07-31T12:16:31.732+0000] {dag.py:3947} INFO - Setting next_dagrun for example_python_decorator to None, run_after=None
[2024-07-31T12:16:31.762+0000] {processor.py:183} INFO - Processing /home/airflow/.local/lib/python3.12/site-packages/airflow/example_dags/example_python_decorator.py took 0.086 seconds
[2024-07-31T12:17:02.832+0000] {processor.py:161} INFO - Started process (PID=1022) to work on /home/airflow/.local/lib/python3.12/site-packages/airflow/example_dags/example_python_decorator.py
[2024-07-31T12:17:02.833+0000] {processor.py:830} INFO - Processing file /home/airflow/.local/lib/python3.12/site-packages/airflow/example_dags/example_python_decorator.py for tasks to queue
[2024-07-31T12:17:02.835+0000] {logging_mixin.py:188} INFO - [2024-07-31T12:17:02.835+0000] {dagbag.py:545} INFO - Filling up the DagBag from /home/airflow/.local/lib/python3.12/site-packages/airflow/example_dags/example_python_decorator.py
[2024-07-31T12:17:02.853+0000] {processor.py:840} INFO - DAG(s) 'example_python_decorator' retrieved from /home/airflow/.local/lib/python3.12/site-packages/airflow/example_dags/example_python_decorator.py
[2024-07-31T12:17:02.891+0000] {logging_mixin.py:188} INFO - [2024-07-31T12:17:02.891+0000] {dag.py:3089} INFO - Sync 1 DAGs
[2024-07-31T12:17:02.910+0000] {logging_mixin.py:188} INFO - [2024-07-31T12:17:02.910+0000] {dag.py:3947} INFO - Setting next_dagrun for example_python_decorator to None, run_after=None
[2024-07-31T12:17:02.940+0000] {processor.py:183} INFO - Processing /home/airflow/.local/lib/python3.12/site-packages/airflow/example_dags/example_python_decorator.py took 0.114 seconds
[2024-07-31T12:17:33.759+0000] {processor.py:161} INFO - Started process (PID=1080) to work on /home/airflow/.local/lib/python3.12/site-packages/airflow/example_dags/example_python_decorator.py
[2024-07-31T12:17:33.760+0000] {processor.py:830} INFO - Processing file /home/airflow/.local/lib/python3.12/site-packages/airflow/example_dags/example_python_decorator.py for tasks to queue
[2024-07-31T12:17:33.762+0000] {logging_mixin.py:188} INFO - [2024-07-31T12:17:33.761+0000] {dagbag.py:545} INFO - Filling up the DagBag from /home/airflow/.local/lib/python3.12/site-packages/airflow/example_dags/example_python_decorator.py
[2024-07-31T12:17:33.778+0000] {processor.py:840} INFO - DAG(s) 'example_python_decorator' retrieved from /home/airflow/.local/lib/python3.12/site-packages/airflow/example_dags/example_python_decorator.py
[2024-07-31T12:17:33.815+0000] {logging_mixin.py:188} INFO - [2024-07-31T12:17:33.814+0000] {dag.py:3089} INFO - Sync 1 DAGs
[2024-07-31T12:17:33.848+0000] {logging_mixin.py:188} INFO - [2024-07-31T12:17:33.848+0000] {dag.py:3947} INFO - Setting next_dagrun for example_python_decorator to None, run_after=None
[2024-07-31T12:17:33.879+0000] {processor.py:183} INFO - Processing /home/airflow/.local/lib/python3.12/site-packages/airflow/example_dags/example_python_decorator.py took 0.128 seconds
[2024-07-31T12:18:04.405+0000] {processor.py:161} INFO - Started process (PID=1138) to work on /home/airflow/.local/lib/python3.12/site-packages/airflow/example_dags/example_python_decorator.py
[2024-07-31T12:18:04.405+0000] {processor.py:830} INFO - Processing file /home/airflow/.local/lib/python3.12/site-packages/airflow/example_dags/example_python_decorator.py for tasks to queue
[2024-07-31T12:18:04.407+0000] {logging_mixin.py:188} INFO - [2024-07-31T12:18:04.406+0000] {dagbag.py:545} INFO - Filling up the DagBag from /home/airflow/.local/lib/python3.12/site-packages/airflow/example_dags/example_python_decorator.py
[2024-07-31T12:18:04.421+0000] {processor.py:840} INFO - DAG(s) 'example_python_decorator' retrieved from /home/airflow/.local/lib/python3.12/site-packages/airflow/example_dags/example_python_decorator.py
[2024-07-31T12:18:04.442+0000] {logging_mixin.py:188} INFO - [2024-07-31T12:18:04.441+0000] {dag.py:3089} INFO - Sync 1 DAGs
[2024-07-31T12:18:04.453+0000] {logging_mixin.py:188} INFO - [2024-07-31T12:18:04.453+0000] {dag.py:3947} INFO - Setting next_dagrun for example_python_decorator to None, run_after=None
[2024-07-31T12:18:04.474+0000] {processor.py:183} INFO - Processing /home/airflow/.local/lib/python3.12/site-packages/airflow/example_dags/example_python_decorator.py took 0.075 seconds
[2024-07-31T12:18:34.974+0000] {processor.py:161} INFO - Started process (PID=1196) to work on /home/airflow/.local/lib/python3.12/site-packages/airflow/example_dags/example_python_decorator.py
[2024-07-31T12:18:34.975+0000] {processor.py:830} INFO - Processing file /home/airflow/.local/lib/python3.12/site-packages/airflow/example_dags/example_python_decorator.py for tasks to queue
[2024-07-31T12:18:34.977+0000] {logging_mixin.py:188} INFO - [2024-07-31T12:18:34.977+0000] {dagbag.py:545} INFO - Filling up the DagBag from /home/airflow/.local/lib/python3.12/site-packages/airflow/example_dags/example_python_decorator.py
[2024-07-31T12:18:34.990+0000] {processor.py:840} INFO - DAG(s) 'example_python_decorator' retrieved from /home/airflow/.local/lib/python3.12/site-packages/airflow/example_dags/example_python_decorator.py
[2024-07-31T12:18:35.018+0000] {logging_mixin.py:188} INFO - [2024-07-31T12:18:35.017+0000] {dag.py:3089} INFO - Sync 1 DAGs
[2024-07-31T12:18:35.029+0000] {logging_mixin.py:188} INFO - [2024-07-31T12:18:35.029+0000] {dag.py:3947} INFO - Setting next_dagrun for example_python_decorator to None, run_after=None
[2024-07-31T12:18:35.051+0000] {processor.py:183} INFO - Processing /home/airflow/.local/lib/python3.12/site-packages/airflow/example_dags/example_python_decorator.py took 0.084 seconds
[2024-07-31T12:19:06.048+0000] {processor.py:161} INFO - Started process (PID=1254) to work on /home/airflow/.local/lib/python3.12/site-packages/airflow/example_dags/example_python_decorator.py
[2024-07-31T12:19:06.049+0000] {processor.py:830} INFO - Processing file /home/airflow/.local/lib/python3.12/site-packages/airflow/example_dags/example_python_decorator.py for tasks to queue
[2024-07-31T12:19:06.050+0000] {logging_mixin.py:188} INFO - [2024-07-31T12:19:06.050+0000] {dagbag.py:545} INFO - Filling up the DagBag from /home/airflow/.local/lib/python3.12/site-packages/airflow/example_dags/example_python_decorator.py
[2024-07-31T12:19:06.063+0000] {processor.py:840} INFO - DAG(s) 'example_python_decorator' retrieved from /home/airflow/.local/lib/python3.12/site-packages/airflow/example_dags/example_python_decorator.py
[2024-07-31T12:19:06.090+0000] {logging_mixin.py:188} INFO - [2024-07-31T12:19:06.090+0000] {dag.py:3089} INFO - Sync 1 DAGs
[2024-07-31T12:19:06.108+0000] {logging_mixin.py:188} INFO - [2024-07-31T12:19:06.108+0000] {dag.py:3947} INFO - Setting next_dagrun for example_python_decorator to None, run_after=None
[2024-07-31T12:19:06.138+0000] {processor.py:183} INFO - Processing /home/airflow/.local/lib/python3.12/site-packages/airflow/example_dags/example_python_decorator.py took 0.095 seconds
[2024-07-31T12:19:36.192+0000] {processor.py:161} INFO - Started process (PID=1311) to work on /home/airflow/.local/lib/python3.12/site-packages/airflow/example_dags/example_python_decorator.py
[2024-07-31T12:19:36.193+0000] {processor.py:830} INFO - Processing file /home/airflow/.local/lib/python3.12/site-packages/airflow/example_dags/example_python_decorator.py for tasks to queue
[2024-07-31T12:19:36.194+0000] {logging_mixin.py:188} INFO - [2024-07-31T12:19:36.194+0000] {dagbag.py:545} INFO - Filling up the DagBag from /home/airflow/.local/lib/python3.12/site-packages/airflow/example_dags/example_python_decorator.py
[2024-07-31T12:19:36.206+0000] {processor.py:840} INFO - DAG(s) 'example_python_decorator' retrieved from /home/airflow/.local/lib/python3.12/site-packages/airflow/example_dags/example_python_decorator.py
[2024-07-31T12:19:36.229+0000] {logging_mixin.py:188} INFO - [2024-07-31T12:19:36.229+0000] {dag.py:3089} INFO - Sync 1 DAGs
[2024-07-31T12:19:36.243+0000] {logging_mixin.py:188} INFO - [2024-07-31T12:19:36.242+0000] {dag.py:3947} INFO - Setting next_dagrun for example_python_decorator to None, run_after=None
[2024-07-31T12:19:36.265+0000] {processor.py:183} INFO - Processing /home/airflow/.local/lib/python3.12/site-packages/airflow/example_dags/example_python_decorator.py took 0.078 seconds
[2024-07-31T12:20:06.587+0000] {processor.py:161} INFO - Started process (PID=1369) to work on /home/airflow/.local/lib/python3.12/site-packages/airflow/example_dags/example_python_decorator.py
[2024-07-31T12:20:06.588+0000] {processor.py:830} INFO - Processing file /home/airflow/.local/lib/python3.12/site-packages/airflow/example_dags/example_python_decorator.py for tasks to queue
[2024-07-31T12:20:06.590+0000] {logging_mixin.py:188} INFO - [2024-07-31T12:20:06.590+0000] {dagbag.py:545} INFO - Filling up the DagBag from /home/airflow/.local/lib/python3.12/site-packages/airflow/example_dags/example_python_decorator.py
[2024-07-31T12:20:06.602+0000] {processor.py:840} INFO - DAG(s) 'example_python_decorator' retrieved from /home/airflow/.local/lib/python3.12/site-packages/airflow/example_dags/example_python_decorator.py
[2024-07-31T12:20:06.626+0000] {logging_mixin.py:188} INFO - [2024-07-31T12:20:06.625+0000] {dag.py:3089} INFO - Sync 1 DAGs
[2024-07-31T12:20:06.638+0000] {logging_mixin.py:188} INFO - [2024-07-31T12:20:06.638+0000] {dag.py:3947} INFO - Setting next_dagrun for example_python_decorator to None, run_after=None
[2024-07-31T12:20:06.660+0000] {processor.py:183} INFO - Processing /home/airflow/.local/lib/python3.12/site-packages/airflow/example_dags/example_python_decorator.py took 0.079 seconds
[2024-07-31T12:20:36.958+0000] {processor.py:161} INFO - Started process (PID=1427) to work on /home/airflow/.local/lib/python3.12/site-packages/airflow/example_dags/example_python_decorator.py
[2024-07-31T12:20:36.959+0000] {processor.py:830} INFO - Processing file /home/airflow/.local/lib/python3.12/site-packages/airflow/example_dags/example_python_decorator.py for tasks to queue
[2024-07-31T12:20:36.961+0000] {logging_mixin.py:188} INFO - [2024-07-31T12:20:36.960+0000] {dagbag.py:545} INFO - Filling up the DagBag from /home/airflow/.local/lib/python3.12/site-packages/airflow/example_dags/example_python_decorator.py
[2024-07-31T12:20:36.979+0000] {processor.py:840} INFO - DAG(s) 'example_python_decorator' retrieved from /home/airflow/.local/lib/python3.12/site-packages/airflow/example_dags/example_python_decorator.py
[2024-07-31T12:20:37.000+0000] {logging_mixin.py:188} INFO - [2024-07-31T12:20:36.999+0000] {dag.py:3089} INFO - Sync 1 DAGs
[2024-07-31T12:20:37.011+0000] {logging_mixin.py:188} INFO - [2024-07-31T12:20:37.011+0000] {dag.py:3947} INFO - Setting next_dagrun for example_python_decorator to None, run_after=None
[2024-07-31T12:20:37.032+0000] {processor.py:183} INFO - Processing /home/airflow/.local/lib/python3.12/site-packages/airflow/example_dags/example_python_decorator.py took 0.078 seconds
[2024-07-31T12:21:07.429+0000] {processor.py:161} INFO - Started process (PID=1485) to work on /home/airflow/.local/lib/python3.12/site-packages/airflow/example_dags/example_python_decorator.py
[2024-07-31T12:21:07.429+0000] {processor.py:830} INFO - Processing file /home/airflow/.local/lib/python3.12/site-packages/airflow/example_dags/example_python_decorator.py for tasks to queue
[2024-07-31T12:21:07.431+0000] {logging_mixin.py:188} INFO - [2024-07-31T12:21:07.431+0000] {dagbag.py:545} INFO - Filling up the DagBag from /home/airflow/.local/lib/python3.12/site-packages/airflow/example_dags/example_python_decorator.py
[2024-07-31T12:21:07.444+0000] {processor.py:840} INFO - DAG(s) 'example_python_decorator' retrieved from /home/airflow/.local/lib/python3.12/site-packages/airflow/example_dags/example_python_decorator.py
[2024-07-31T12:21:07.464+0000] {logging_mixin.py:188} INFO - [2024-07-31T12:21:07.464+0000] {dag.py:3089} INFO - Sync 1 DAGs
[2024-07-31T12:21:07.476+0000] {logging_mixin.py:188} INFO - [2024-07-31T12:21:07.476+0000] {dag.py:3947} INFO - Setting next_dagrun for example_python_decorator to None, run_after=None
[2024-07-31T12:21:07.496+0000] {processor.py:183} INFO - Processing /home/airflow/.local/lib/python3.12/site-packages/airflow/example_dags/example_python_decorator.py took 0.073 seconds
[2024-07-31T12:21:37.680+0000] {processor.py:161} INFO - Started process (PID=1543) to work on /home/airflow/.local/lib/python3.12/site-packages/airflow/example_dags/example_python_decorator.py
[2024-07-31T12:21:37.680+0000] {processor.py:830} INFO - Processing file /home/airflow/.local/lib/python3.12/site-packages/airflow/example_dags/example_python_decorator.py for tasks to queue
[2024-07-31T12:21:37.682+0000] {logging_mixin.py:188} INFO - [2024-07-31T12:21:37.681+0000] {dagbag.py:545} INFO - Filling up the DagBag from /home/airflow/.local/lib/python3.12/site-packages/airflow/example_dags/example_python_decorator.py
[2024-07-31T12:21:37.693+0000] {processor.py:840} INFO - DAG(s) 'example_python_decorator' retrieved from /home/airflow/.local/lib/python3.12/site-packages/airflow/example_dags/example_python_decorator.py
[2024-07-31T12:21:37.716+0000] {logging_mixin.py:188} INFO - [2024-07-31T12:21:37.716+0000] {dag.py:3089} INFO - Sync 1 DAGs
[2024-07-31T12:21:37.728+0000] {logging_mixin.py:188} INFO - [2024-07-31T12:21:37.728+0000] {dag.py:3947} INFO - Setting next_dagrun for example_python_decorator to None, run_after=None
[2024-07-31T12:21:37.748+0000] {processor.py:183} INFO - Processing /home/airflow/.local/lib/python3.12/site-packages/airflow/example_dags/example_python_decorator.py took 0.075 seconds
[2024-07-31T12:22:08.203+0000] {processor.py:161} INFO - Started process (PID=1601) to work on /home/airflow/.local/lib/python3.12/site-packages/airflow/example_dags/example_python_decorator.py
[2024-07-31T12:22:08.204+0000] {processor.py:830} INFO - Processing file /home/airflow/.local/lib/python3.12/site-packages/airflow/example_dags/example_python_decorator.py for tasks to queue
[2024-07-31T12:22:08.206+0000] {logging_mixin.py:188} INFO - [2024-07-31T12:22:08.206+0000] {dagbag.py:545} INFO - Filling up the DagBag from /home/airflow/.local/lib/python3.12/site-packages/airflow/example_dags/example_python_decorator.py
[2024-07-31T12:22:08.220+0000] {processor.py:840} INFO - DAG(s) 'example_python_decorator' retrieved from /home/airflow/.local/lib/python3.12/site-packages/airflow/example_dags/example_python_decorator.py
[2024-07-31T12:22:08.241+0000] {logging_mixin.py:188} INFO - [2024-07-31T12:22:08.241+0000] {dag.py:3089} INFO - Sync 1 DAGs
[2024-07-31T12:22:08.255+0000] {logging_mixin.py:188} INFO - [2024-07-31T12:22:08.255+0000] {dag.py:3947} INFO - Setting next_dagrun for example_python_decorator to None, run_after=None
[2024-07-31T12:22:08.279+0000] {processor.py:183} INFO - Processing /home/airflow/.local/lib/python3.12/site-packages/airflow/example_dags/example_python_decorator.py took 0.082 seconds
[2024-07-31T12:22:38.849+0000] {processor.py:161} INFO - Started process (PID=1659) to work on /home/airflow/.local/lib/python3.12/site-packages/airflow/example_dags/example_python_decorator.py
[2024-07-31T12:22:38.850+0000] {processor.py:830} INFO - Processing file /home/airflow/.local/lib/python3.12/site-packages/airflow/example_dags/example_python_decorator.py for tasks to queue
[2024-07-31T12:22:38.852+0000] {logging_mixin.py:188} INFO - [2024-07-31T12:22:38.852+0000] {dagbag.py:545} INFO - Filling up the DagBag from /home/airflow/.local/lib/python3.12/site-packages/airflow/example_dags/example_python_decorator.py
[2024-07-31T12:22:38.865+0000] {processor.py:840} INFO - DAG(s) 'example_python_decorator' retrieved from /home/airflow/.local/lib/python3.12/site-packages/airflow/example_dags/example_python_decorator.py
[2024-07-31T12:22:38.889+0000] {logging_mixin.py:188} INFO - [2024-07-31T12:22:38.888+0000] {dag.py:3089} INFO - Sync 1 DAGs
[2024-07-31T12:22:38.902+0000] {logging_mixin.py:188} INFO - [2024-07-31T12:22:38.902+0000] {dag.py:3947} INFO - Setting next_dagrun for example_python_decorator to None, run_after=None
[2024-07-31T12:22:38.925+0000] {processor.py:183} INFO - Processing /home/airflow/.local/lib/python3.12/site-packages/airflow/example_dags/example_python_decorator.py took 0.084 seconds
[2024-07-31T12:23:09.190+0000] {processor.py:161} INFO - Started process (PID=1716) to work on /home/airflow/.local/lib/python3.12/site-packages/airflow/example_dags/example_python_decorator.py
[2024-07-31T12:23:09.191+0000] {processor.py:830} INFO - Processing file /home/airflow/.local/lib/python3.12/site-packages/airflow/example_dags/example_python_decorator.py for tasks to queue
[2024-07-31T12:23:09.193+0000] {logging_mixin.py:188} INFO - [2024-07-31T12:23:09.193+0000] {dagbag.py:545} INFO - Filling up the DagBag from /home/airflow/.local/lib/python3.12/site-packages/airflow/example_dags/example_python_decorator.py
[2024-07-31T12:23:09.216+0000] {processor.py:840} INFO - DAG(s) 'example_python_decorator' retrieved from /home/airflow/.local/lib/python3.12/site-packages/airflow/example_dags/example_python_decorator.py
[2024-07-31T12:23:09.252+0000] {logging_mixin.py:188} INFO - [2024-07-31T12:23:09.251+0000] {dag.py:3089} INFO - Sync 1 DAGs
[2024-07-31T12:23:09.270+0000] {logging_mixin.py:188} INFO - [2024-07-31T12:23:09.270+0000] {dag.py:3947} INFO - Setting next_dagrun for example_python_decorator to None, run_after=None
[2024-07-31T12:23:09.487+0000] {processor.py:183} INFO - Processing /home/airflow/.local/lib/python3.12/site-packages/airflow/example_dags/example_python_decorator.py took 0.305 seconds
[2024-07-31T12:23:40.258+0000] {processor.py:161} INFO - Started process (PID=1774) to work on /home/airflow/.local/lib/python3.12/site-packages/airflow/example_dags/example_python_decorator.py
[2024-07-31T12:23:40.259+0000] {processor.py:830} INFO - Processing file /home/airflow/.local/lib/python3.12/site-packages/airflow/example_dags/example_python_decorator.py for tasks to queue
[2024-07-31T12:23:40.261+0000] {logging_mixin.py:188} INFO - [2024-07-31T12:23:40.261+0000] {dagbag.py:545} INFO - Filling up the DagBag from /home/airflow/.local/lib/python3.12/site-packages/airflow/example_dags/example_python_decorator.py
[2024-07-31T12:23:40.277+0000] {processor.py:840} INFO - DAG(s) 'example_python_decorator' retrieved from /home/airflow/.local/lib/python3.12/site-packages/airflow/example_dags/example_python_decorator.py
[2024-07-31T12:23:40.309+0000] {logging_mixin.py:188} INFO - [2024-07-31T12:23:40.309+0000] {dag.py:3089} INFO - Sync 1 DAGs
[2024-07-31T12:23:40.328+0000] {logging_mixin.py:188} INFO - [2024-07-31T12:23:40.327+0000] {dag.py:3947} INFO - Setting next_dagrun for example_python_decorator to None, run_after=None
[2024-07-31T12:23:40.360+0000] {processor.py:183} INFO - Processing /home/airflow/.local/lib/python3.12/site-packages/airflow/example_dags/example_python_decorator.py took 0.110 seconds
[2024-07-31T12:24:10.820+0000] {processor.py:161} INFO - Started process (PID=1832) to work on /home/airflow/.local/lib/python3.12/site-packages/airflow/example_dags/example_python_decorator.py
[2024-07-31T12:24:10.821+0000] {processor.py:830} INFO - Processing file /home/airflow/.local/lib/python3.12/site-packages/airflow/example_dags/example_python_decorator.py for tasks to queue
[2024-07-31T12:24:10.822+0000] {logging_mixin.py:188} INFO - [2024-07-31T12:24:10.822+0000] {dagbag.py:545} INFO - Filling up the DagBag from /home/airflow/.local/lib/python3.12/site-packages/airflow/example_dags/example_python_decorator.py
[2024-07-31T12:24:10.835+0000] {processor.py:840} INFO - DAG(s) 'example_python_decorator' retrieved from /home/airflow/.local/lib/python3.12/site-packages/airflow/example_dags/example_python_decorator.py
[2024-07-31T12:24:10.860+0000] {logging_mixin.py:188} INFO - [2024-07-31T12:24:10.859+0000] {dag.py:3089} INFO - Sync 1 DAGs
[2024-07-31T12:24:10.875+0000] {logging_mixin.py:188} INFO - [2024-07-31T12:24:10.875+0000] {dag.py:3947} INFO - Setting next_dagrun for example_python_decorator to None, run_after=None
[2024-07-31T12:24:10.906+0000] {processor.py:183} INFO - Processing /home/airflow/.local/lib/python3.12/site-packages/airflow/example_dags/example_python_decorator.py took 0.093 seconds
[2024-07-31T12:24:41.021+0000] {processor.py:161} INFO - Started process (PID=1889) to work on /home/airflow/.local/lib/python3.12/site-packages/airflow/example_dags/example_python_decorator.py
[2024-07-31T12:24:41.024+0000] {processor.py:830} INFO - Processing file /home/airflow/.local/lib/python3.12/site-packages/airflow/example_dags/example_python_decorator.py for tasks to queue
[2024-07-31T12:24:41.026+0000] {logging_mixin.py:188} INFO - [2024-07-31T12:24:41.026+0000] {dagbag.py:545} INFO - Filling up the DagBag from /home/airflow/.local/lib/python3.12/site-packages/airflow/example_dags/example_python_decorator.py
[2024-07-31T12:24:41.039+0000] {processor.py:840} INFO - DAG(s) 'example_python_decorator' retrieved from /home/airflow/.local/lib/python3.12/site-packages/airflow/example_dags/example_python_decorator.py
[2024-07-31T12:24:41.063+0000] {logging_mixin.py:188} INFO - [2024-07-31T12:24:41.063+0000] {dag.py:3089} INFO - Sync 1 DAGs
[2024-07-31T12:24:41.076+0000] {logging_mixin.py:188} INFO - [2024-07-31T12:24:41.075+0000] {dag.py:3947} INFO - Setting next_dagrun for example_python_decorator to None, run_after=None
[2024-07-31T12:24:41.102+0000] {processor.py:183} INFO - Processing /home/airflow/.local/lib/python3.12/site-packages/airflow/example_dags/example_python_decorator.py took 0.086 seconds
[2024-07-31T12:25:11.802+0000] {processor.py:161} INFO - Started process (PID=1947) to work on /home/airflow/.local/lib/python3.12/site-packages/airflow/example_dags/example_python_decorator.py
[2024-07-31T12:25:11.803+0000] {processor.py:830} INFO - Processing file /home/airflow/.local/lib/python3.12/site-packages/airflow/example_dags/example_python_decorator.py for tasks to queue
[2024-07-31T12:25:11.805+0000] {logging_mixin.py:188} INFO - [2024-07-31T12:25:11.805+0000] {dagbag.py:545} INFO - Filling up the DagBag from /home/airflow/.local/lib/python3.12/site-packages/airflow/example_dags/example_python_decorator.py
[2024-07-31T12:25:11.821+0000] {processor.py:840} INFO - DAG(s) 'example_python_decorator' retrieved from /home/airflow/.local/lib/python3.12/site-packages/airflow/example_dags/example_python_decorator.py
[2024-07-31T12:25:11.848+0000] {logging_mixin.py:188} INFO - [2024-07-31T12:25:11.847+0000] {dag.py:3089} INFO - Sync 1 DAGs
[2024-07-31T12:25:11.861+0000] {logging_mixin.py:188} INFO - [2024-07-31T12:25:11.861+0000] {dag.py:3947} INFO - Setting next_dagrun for example_python_decorator to None, run_after=None
[2024-07-31T12:25:11.887+0000] {processor.py:183} INFO - Processing /home/airflow/.local/lib/python3.12/site-packages/airflow/example_dags/example_python_decorator.py took 0.094 seconds
[2024-07-31T12:25:42.607+0000] {processor.py:161} INFO - Started process (PID=2005) to work on /home/airflow/.local/lib/python3.12/site-packages/airflow/example_dags/example_python_decorator.py
[2024-07-31T12:25:42.608+0000] {processor.py:830} INFO - Processing file /home/airflow/.local/lib/python3.12/site-packages/airflow/example_dags/example_python_decorator.py for tasks to queue
[2024-07-31T12:25:42.610+0000] {logging_mixin.py:188} INFO - [2024-07-31T12:25:42.610+0000] {dagbag.py:545} INFO - Filling up the DagBag from /home/airflow/.local/lib/python3.12/site-packages/airflow/example_dags/example_python_decorator.py
[2024-07-31T12:25:42.622+0000] {processor.py:840} INFO - DAG(s) 'example_python_decorator' retrieved from /home/airflow/.local/lib/python3.12/site-packages/airflow/example_dags/example_python_decorator.py
[2024-07-31T12:25:42.641+0000] {logging_mixin.py:188} INFO - [2024-07-31T12:25:42.641+0000] {dag.py:3089} INFO - Sync 1 DAGs
[2024-07-31T12:25:42.653+0000] {logging_mixin.py:188} INFO - [2024-07-31T12:25:42.652+0000] {dag.py:3947} INFO - Setting next_dagrun for example_python_decorator to None, run_after=None
[2024-07-31T12:25:42.679+0000] {processor.py:183} INFO - Processing /home/airflow/.local/lib/python3.12/site-packages/airflow/example_dags/example_python_decorator.py took 0.077 seconds
[2024-07-31T12:26:13.092+0000] {processor.py:161} INFO - Started process (PID=2063) to work on /home/airflow/.local/lib/python3.12/site-packages/airflow/example_dags/example_python_decorator.py
[2024-07-31T12:26:13.093+0000] {processor.py:830} INFO - Processing file /home/airflow/.local/lib/python3.12/site-packages/airflow/example_dags/example_python_decorator.py for tasks to queue
[2024-07-31T12:26:13.095+0000] {logging_mixin.py:188} INFO - [2024-07-31T12:26:13.094+0000] {dagbag.py:545} INFO - Filling up the DagBag from /home/airflow/.local/lib/python3.12/site-packages/airflow/example_dags/example_python_decorator.py
[2024-07-31T12:26:13.122+0000] {processor.py:840} INFO - DAG(s) 'example_python_decorator' retrieved from /home/airflow/.local/lib/python3.12/site-packages/airflow/example_dags/example_python_decorator.py
[2024-07-31T12:26:13.201+0000] {logging_mixin.py:188} INFO - [2024-07-31T12:26:13.200+0000] {dag.py:3089} INFO - Sync 1 DAGs
[2024-07-31T12:26:13.217+0000] {logging_mixin.py:188} INFO - [2024-07-31T12:26:13.217+0000] {dag.py:3947} INFO - Setting next_dagrun for example_python_decorator to None, run_after=None
[2024-07-31T12:26:13.249+0000] {processor.py:183} INFO - Processing /home/airflow/.local/lib/python3.12/site-packages/airflow/example_dags/example_python_decorator.py took 0.167 seconds
[2024-07-31T12:26:43.892+0000] {processor.py:161} INFO - Started process (PID=2120) to work on /home/airflow/.local/lib/python3.12/site-packages/airflow/example_dags/example_python_decorator.py
[2024-07-31T12:26:43.893+0000] {processor.py:830} INFO - Processing file /home/airflow/.local/lib/python3.12/site-packages/airflow/example_dags/example_python_decorator.py for tasks to queue
[2024-07-31T12:26:43.894+0000] {logging_mixin.py:188} INFO - [2024-07-31T12:26:43.894+0000] {dagbag.py:545} INFO - Filling up the DagBag from /home/airflow/.local/lib/python3.12/site-packages/airflow/example_dags/example_python_decorator.py
[2024-07-31T12:26:43.906+0000] {processor.py:840} INFO - DAG(s) 'example_python_decorator' retrieved from /home/airflow/.local/lib/python3.12/site-packages/airflow/example_dags/example_python_decorator.py
[2024-07-31T12:26:43.926+0000] {logging_mixin.py:188} INFO - [2024-07-31T12:26:43.926+0000] {dag.py:3089} INFO - Sync 1 DAGs
[2024-07-31T12:26:43.938+0000] {logging_mixin.py:188} INFO - [2024-07-31T12:26:43.938+0000] {dag.py:3947} INFO - Setting next_dagrun for example_python_decorator to None, run_after=None
[2024-07-31T12:26:43.959+0000] {processor.py:183} INFO - Processing /home/airflow/.local/lib/python3.12/site-packages/airflow/example_dags/example_python_decorator.py took 0.073 seconds
[2024-07-31T12:27:14.175+0000] {processor.py:161} INFO - Started process (PID=2178) to work on /home/airflow/.local/lib/python3.12/site-packages/airflow/example_dags/example_python_decorator.py
[2024-07-31T12:27:14.175+0000] {processor.py:830} INFO - Processing file /home/airflow/.local/lib/python3.12/site-packages/airflow/example_dags/example_python_decorator.py for tasks to queue
[2024-07-31T12:27:14.177+0000] {logging_mixin.py:188} INFO - [2024-07-31T12:27:14.176+0000] {dagbag.py:545} INFO - Filling up the DagBag from /home/airflow/.local/lib/python3.12/site-packages/airflow/example_dags/example_python_decorator.py
[2024-07-31T12:27:14.189+0000] {processor.py:840} INFO - DAG(s) 'example_python_decorator' retrieved from /home/airflow/.local/lib/python3.12/site-packages/airflow/example_dags/example_python_decorator.py
[2024-07-31T12:27:14.214+0000] {logging_mixin.py:188} INFO - [2024-07-31T12:27:14.214+0000] {dag.py:3089} INFO - Sync 1 DAGs
[2024-07-31T12:27:14.229+0000] {logging_mixin.py:188} INFO - [2024-07-31T12:27:14.229+0000] {dag.py:3947} INFO - Setting next_dagrun for example_python_decorator to None, run_after=None
[2024-07-31T12:27:14.256+0000] {processor.py:183} INFO - Processing /home/airflow/.local/lib/python3.12/site-packages/airflow/example_dags/example_python_decorator.py took 0.089 seconds
[2024-07-31T12:27:44.869+0000] {processor.py:161} INFO - Started process (PID=2236) to work on /home/airflow/.local/lib/python3.12/site-packages/airflow/example_dags/example_python_decorator.py
[2024-07-31T12:27:44.870+0000] {processor.py:830} INFO - Processing file /home/airflow/.local/lib/python3.12/site-packages/airflow/example_dags/example_python_decorator.py for tasks to queue
[2024-07-31T12:27:44.873+0000] {logging_mixin.py:188} INFO - [2024-07-31T12:27:44.872+0000] {dagbag.py:545} INFO - Filling up the DagBag from /home/airflow/.local/lib/python3.12/site-packages/airflow/example_dags/example_python_decorator.py
[2024-07-31T12:27:44.894+0000] {processor.py:840} INFO - DAG(s) 'example_python_decorator' retrieved from /home/airflow/.local/lib/python3.12/site-packages/airflow/example_dags/example_python_decorator.py
[2024-07-31T12:27:44.945+0000] {logging_mixin.py:188} INFO - [2024-07-31T12:27:44.944+0000] {dag.py:3089} INFO - Sync 1 DAGs
[2024-07-31T12:27:44.970+0000] {logging_mixin.py:188} INFO - [2024-07-31T12:27:44.969+0000] {dag.py:3947} INFO - Setting next_dagrun for example_python_decorator to None, run_after=None
[2024-07-31T12:27:45.005+0000] {processor.py:183} INFO - Processing /home/airflow/.local/lib/python3.12/site-packages/airflow/example_dags/example_python_decorator.py took 0.145 seconds
[2024-07-31T12:28:15.785+0000] {processor.py:161} INFO - Started process (PID=2294) to work on /home/airflow/.local/lib/python3.12/site-packages/airflow/example_dags/example_python_decorator.py
[2024-07-31T12:28:15.788+0000] {processor.py:830} INFO - Processing file /home/airflow/.local/lib/python3.12/site-packages/airflow/example_dags/example_python_decorator.py for tasks to queue
[2024-07-31T12:28:15.790+0000] {logging_mixin.py:188} INFO - [2024-07-31T12:28:15.790+0000] {dagbag.py:545} INFO - Filling up the DagBag from /home/airflow/.local/lib/python3.12/site-packages/airflow/example_dags/example_python_decorator.py
[2024-07-31T12:28:15.803+0000] {processor.py:840} INFO - DAG(s) 'example_python_decorator' retrieved from /home/airflow/.local/lib/python3.12/site-packages/airflow/example_dags/example_python_decorator.py
[2024-07-31T12:28:15.832+0000] {logging_mixin.py:188} INFO - [2024-07-31T12:28:15.832+0000] {dag.py:3089} INFO - Sync 1 DAGs
[2024-07-31T12:28:15.850+0000] {logging_mixin.py:188} INFO - [2024-07-31T12:28:15.849+0000] {dag.py:3947} INFO - Setting next_dagrun for example_python_decorator to None, run_after=None
[2024-07-31T12:28:15.876+0000] {processor.py:183} INFO - Processing /home/airflow/.local/lib/python3.12/site-packages/airflow/example_dags/example_python_decorator.py took 0.100 seconds
[2024-07-31T12:28:46.224+0000] {processor.py:161} INFO - Started process (PID=2352) to work on /home/airflow/.local/lib/python3.12/site-packages/airflow/example_dags/example_python_decorator.py
[2024-07-31T12:28:46.225+0000] {processor.py:830} INFO - Processing file /home/airflow/.local/lib/python3.12/site-packages/airflow/example_dags/example_python_decorator.py for tasks to queue
[2024-07-31T12:28:46.227+0000] {logging_mixin.py:188} INFO - [2024-07-31T12:28:46.227+0000] {dagbag.py:545} INFO - Filling up the DagBag from /home/airflow/.local/lib/python3.12/site-packages/airflow/example_dags/example_python_decorator.py
[2024-07-31T12:28:46.245+0000] {processor.py:840} INFO - DAG(s) 'example_python_decorator' retrieved from /home/airflow/.local/lib/python3.12/site-packages/airflow/example_dags/example_python_decorator.py
[2024-07-31T12:28:46.274+0000] {logging_mixin.py:188} INFO - [2024-07-31T12:28:46.274+0000] {dag.py:3089} INFO - Sync 1 DAGs
[2024-07-31T12:28:46.293+0000] {logging_mixin.py:188} INFO - [2024-07-31T12:28:46.293+0000] {dag.py:3947} INFO - Setting next_dagrun for example_python_decorator to None, run_after=None
[2024-07-31T12:28:46.324+0000] {processor.py:183} INFO - Processing /home/airflow/.local/lib/python3.12/site-packages/airflow/example_dags/example_python_decorator.py took 0.108 seconds
[2024-07-31T12:29:16.858+0000] {processor.py:161} INFO - Started process (PID=2410) to work on /home/airflow/.local/lib/python3.12/site-packages/airflow/example_dags/example_python_decorator.py
[2024-07-31T12:29:16.859+0000] {processor.py:830} INFO - Processing file /home/airflow/.local/lib/python3.12/site-packages/airflow/example_dags/example_python_decorator.py for tasks to queue
[2024-07-31T12:29:16.862+0000] {logging_mixin.py:188} INFO - [2024-07-31T12:29:16.861+0000] {dagbag.py:545} INFO - Filling up the DagBag from /home/airflow/.local/lib/python3.12/site-packages/airflow/example_dags/example_python_decorator.py
[2024-07-31T12:29:16.881+0000] {processor.py:840} INFO - DAG(s) 'example_python_decorator' retrieved from /home/airflow/.local/lib/python3.12/site-packages/airflow/example_dags/example_python_decorator.py
[2024-07-31T12:29:16.914+0000] {logging_mixin.py:188} INFO - [2024-07-31T12:29:16.914+0000] {dag.py:3089} INFO - Sync 1 DAGs
[2024-07-31T12:29:16.930+0000] {logging_mixin.py:188} INFO - [2024-07-31T12:29:16.929+0000] {dag.py:3947} INFO - Setting next_dagrun for example_python_decorator to None, run_after=None
[2024-07-31T12:29:16.958+0000] {processor.py:183} INFO - Processing /home/airflow/.local/lib/python3.12/site-packages/airflow/example_dags/example_python_decorator.py took 0.113 seconds
[2024-07-31T12:29:47.448+0000] {processor.py:161} INFO - Started process (PID=2467) to work on /home/airflow/.local/lib/python3.12/site-packages/airflow/example_dags/example_python_decorator.py
[2024-07-31T12:29:47.450+0000] {processor.py:830} INFO - Processing file /home/airflow/.local/lib/python3.12/site-packages/airflow/example_dags/example_python_decorator.py for tasks to queue
[2024-07-31T12:29:47.452+0000] {logging_mixin.py:188} INFO - [2024-07-31T12:29:47.452+0000] {dagbag.py:545} INFO - Filling up the DagBag from /home/airflow/.local/lib/python3.12/site-packages/airflow/example_dags/example_python_decorator.py
[2024-07-31T12:29:47.465+0000] {processor.py:840} INFO - DAG(s) 'example_python_decorator' retrieved from /home/airflow/.local/lib/python3.12/site-packages/airflow/example_dags/example_python_decorator.py
[2024-07-31T12:29:47.490+0000] {logging_mixin.py:188} INFO - [2024-07-31T12:29:47.490+0000] {dag.py:3089} INFO - Sync 1 DAGs
[2024-07-31T12:29:47.508+0000] {logging_mixin.py:188} INFO - [2024-07-31T12:29:47.507+0000] {dag.py:3947} INFO - Setting next_dagrun for example_python_decorator to None, run_after=None
[2024-07-31T12:29:47.537+0000] {processor.py:183} INFO - Processing /home/airflow/.local/lib/python3.12/site-packages/airflow/example_dags/example_python_decorator.py took 0.095 seconds
[2024-07-31T12:30:18.132+0000] {processor.py:161} INFO - Started process (PID=2525) to work on /home/airflow/.local/lib/python3.12/site-packages/airflow/example_dags/example_python_decorator.py
[2024-07-31T12:30:18.133+0000] {processor.py:830} INFO - Processing file /home/airflow/.local/lib/python3.12/site-packages/airflow/example_dags/example_python_decorator.py for tasks to queue
[2024-07-31T12:30:18.135+0000] {logging_mixin.py:188} INFO - [2024-07-31T12:30:18.135+0000] {dagbag.py:545} INFO - Filling up the DagBag from /home/airflow/.local/lib/python3.12/site-packages/airflow/example_dags/example_python_decorator.py
[2024-07-31T12:30:18.162+0000] {processor.py:840} INFO - DAG(s) 'example_python_decorator' retrieved from /home/airflow/.local/lib/python3.12/site-packages/airflow/example_dags/example_python_decorator.py
[2024-07-31T12:30:18.204+0000] {logging_mixin.py:188} INFO - [2024-07-31T12:30:18.203+0000] {dag.py:3089} INFO - Sync 1 DAGs
[2024-07-31T12:30:18.221+0000] {logging_mixin.py:188} INFO - [2024-07-31T12:30:18.221+0000] {dag.py:3947} INFO - Setting next_dagrun for example_python_decorator to None, run_after=None
[2024-07-31T12:30:18.249+0000] {processor.py:183} INFO - Processing /home/airflow/.local/lib/python3.12/site-packages/airflow/example_dags/example_python_decorator.py took 0.123 seconds
[2024-07-31T12:30:48.696+0000] {processor.py:161} INFO - Started process (PID=2583) to work on /home/airflow/.local/lib/python3.12/site-packages/airflow/example_dags/example_python_decorator.py
[2024-07-31T12:30:48.698+0000] {processor.py:830} INFO - Processing file /home/airflow/.local/lib/python3.12/site-packages/airflow/example_dags/example_python_decorator.py for tasks to queue
[2024-07-31T12:30:48.700+0000] {logging_mixin.py:188} INFO - [2024-07-31T12:30:48.699+0000] {dagbag.py:545} INFO - Filling up the DagBag from /home/airflow/.local/lib/python3.12/site-packages/airflow/example_dags/example_python_decorator.py
[2024-07-31T12:30:48.714+0000] {processor.py:840} INFO - DAG(s) 'example_python_decorator' retrieved from /home/airflow/.local/lib/python3.12/site-packages/airflow/example_dags/example_python_decorator.py
[2024-07-31T12:30:48.739+0000] {logging_mixin.py:188} INFO - [2024-07-31T12:30:48.738+0000] {dag.py:3089} INFO - Sync 1 DAGs
[2024-07-31T12:30:48.755+0000] {logging_mixin.py:188} INFO - [2024-07-31T12:30:48.754+0000] {dag.py:3947} INFO - Setting next_dagrun for example_python_decorator to None, run_after=None
[2024-07-31T12:30:48.786+0000] {processor.py:183} INFO - Processing /home/airflow/.local/lib/python3.12/site-packages/airflow/example_dags/example_python_decorator.py took 0.097 seconds
[2024-07-31T12:31:19.320+0000] {processor.py:161} INFO - Started process (PID=2640) to work on /home/airflow/.local/lib/python3.12/site-packages/airflow/example_dags/example_python_decorator.py
[2024-07-31T12:31:19.320+0000] {processor.py:830} INFO - Processing file /home/airflow/.local/lib/python3.12/site-packages/airflow/example_dags/example_python_decorator.py for tasks to queue
[2024-07-31T12:31:19.322+0000] {logging_mixin.py:188} INFO - [2024-07-31T12:31:19.322+0000] {dagbag.py:545} INFO - Filling up the DagBag from /home/airflow/.local/lib/python3.12/site-packages/airflow/example_dags/example_python_decorator.py
[2024-07-31T12:31:19.337+0000] {processor.py:840} INFO - DAG(s) 'example_python_decorator' retrieved from /home/airflow/.local/lib/python3.12/site-packages/airflow/example_dags/example_python_decorator.py
[2024-07-31T12:31:19.363+0000] {logging_mixin.py:188} INFO - [2024-07-31T12:31:19.362+0000] {dag.py:3089} INFO - Sync 1 DAGs
[2024-07-31T12:31:19.376+0000] {logging_mixin.py:188} INFO - [2024-07-31T12:31:19.375+0000] {dag.py:3947} INFO - Setting next_dagrun for example_python_decorator to None, run_after=None
[2024-07-31T12:31:19.404+0000] {processor.py:183} INFO - Processing /home/airflow/.local/lib/python3.12/site-packages/airflow/example_dags/example_python_decorator.py took 0.090 seconds
[2024-07-31T12:31:49.746+0000] {processor.py:161} INFO - Started process (PID=2698) to work on /home/airflow/.local/lib/python3.12/site-packages/airflow/example_dags/example_python_decorator.py
[2024-07-31T12:31:49.747+0000] {processor.py:830} INFO - Processing file /home/airflow/.local/lib/python3.12/site-packages/airflow/example_dags/example_python_decorator.py for tasks to queue
[2024-07-31T12:31:49.748+0000] {logging_mixin.py:188} INFO - [2024-07-31T12:31:49.748+0000] {dagbag.py:545} INFO - Filling up the DagBag from /home/airflow/.local/lib/python3.12/site-packages/airflow/example_dags/example_python_decorator.py
[2024-07-31T12:31:49.766+0000] {processor.py:840} INFO - DAG(s) 'example_python_decorator' retrieved from /home/airflow/.local/lib/python3.12/site-packages/airflow/example_dags/example_python_decorator.py
[2024-07-31T12:31:49.789+0000] {logging_mixin.py:188} INFO - [2024-07-31T12:31:49.788+0000] {dag.py:3089} INFO - Sync 1 DAGs
[2024-07-31T12:31:49.803+0000] {logging_mixin.py:188} INFO - [2024-07-31T12:31:49.803+0000] {dag.py:3947} INFO - Setting next_dagrun for example_python_decorator to None, run_after=None
[2024-07-31T12:31:49.829+0000] {processor.py:183} INFO - Processing /home/airflow/.local/lib/python3.12/site-packages/airflow/example_dags/example_python_decorator.py took 0.088 seconds
[2024-07-31T12:32:19.999+0000] {processor.py:161} INFO - Started process (PID=2756) to work on /home/airflow/.local/lib/python3.12/site-packages/airflow/example_dags/example_python_decorator.py
[2024-07-31T12:32:20.000+0000] {processor.py:830} INFO - Processing file /home/airflow/.local/lib/python3.12/site-packages/airflow/example_dags/example_python_decorator.py for tasks to queue
[2024-07-31T12:32:20.002+0000] {logging_mixin.py:188} INFO - [2024-07-31T12:32:20.001+0000] {dagbag.py:545} INFO - Filling up the DagBag from /home/airflow/.local/lib/python3.12/site-packages/airflow/example_dags/example_python_decorator.py
[2024-07-31T12:32:20.016+0000] {processor.py:840} INFO - DAG(s) 'example_python_decorator' retrieved from /home/airflow/.local/lib/python3.12/site-packages/airflow/example_dags/example_python_decorator.py
[2024-07-31T12:32:20.039+0000] {logging_mixin.py:188} INFO - [2024-07-31T12:32:20.039+0000] {dag.py:3089} INFO - Sync 1 DAGs
[2024-07-31T12:32:20.055+0000] {logging_mixin.py:188} INFO - [2024-07-31T12:32:20.055+0000] {dag.py:3947} INFO - Setting next_dagrun for example_python_decorator to None, run_after=None
[2024-07-31T12:32:20.083+0000] {processor.py:183} INFO - Processing /home/airflow/.local/lib/python3.12/site-packages/airflow/example_dags/example_python_decorator.py took 0.089 seconds
[2024-07-31T12:32:50.445+0000] {processor.py:161} INFO - Started process (PID=2814) to work on /home/airflow/.local/lib/python3.12/site-packages/airflow/example_dags/example_python_decorator.py
[2024-07-31T12:32:50.449+0000] {processor.py:830} INFO - Processing file /home/airflow/.local/lib/python3.12/site-packages/airflow/example_dags/example_python_decorator.py for tasks to queue
[2024-07-31T12:32:50.453+0000] {logging_mixin.py:188} INFO - [2024-07-31T12:32:50.452+0000] {dagbag.py:545} INFO - Filling up the DagBag from /home/airflow/.local/lib/python3.12/site-packages/airflow/example_dags/example_python_decorator.py
[2024-07-31T12:32:50.475+0000] {processor.py:840} INFO - DAG(s) 'example_python_decorator' retrieved from /home/airflow/.local/lib/python3.12/site-packages/airflow/example_dags/example_python_decorator.py
[2024-07-31T12:32:50.520+0000] {logging_mixin.py:188} INFO - [2024-07-31T12:32:50.520+0000] {dag.py:3089} INFO - Sync 1 DAGs
[2024-07-31T12:32:50.541+0000] {logging_mixin.py:188} INFO - [2024-07-31T12:32:50.540+0000] {dag.py:3947} INFO - Setting next_dagrun for example_python_decorator to None, run_after=None
[2024-07-31T12:32:50.595+0000] {processor.py:183} INFO - Processing /home/airflow/.local/lib/python3.12/site-packages/airflow/example_dags/example_python_decorator.py took 0.160 seconds
[2024-07-31T12:33:21.320+0000] {processor.py:161} INFO - Started process (PID=2872) to work on /home/airflow/.local/lib/python3.12/site-packages/airflow/example_dags/example_python_decorator.py
[2024-07-31T12:33:21.321+0000] {processor.py:830} INFO - Processing file /home/airflow/.local/lib/python3.12/site-packages/airflow/example_dags/example_python_decorator.py for tasks to queue
[2024-07-31T12:33:21.323+0000] {logging_mixin.py:188} INFO - [2024-07-31T12:33:21.323+0000] {dagbag.py:545} INFO - Filling up the DagBag from /home/airflow/.local/lib/python3.12/site-packages/airflow/example_dags/example_python_decorator.py
[2024-07-31T12:33:21.344+0000] {processor.py:840} INFO - DAG(s) 'example_python_decorator' retrieved from /home/airflow/.local/lib/python3.12/site-packages/airflow/example_dags/example_python_decorator.py
[2024-07-31T12:33:21.383+0000] {logging_mixin.py:188} INFO - [2024-07-31T12:33:21.382+0000] {dag.py:3089} INFO - Sync 1 DAGs
[2024-07-31T12:33:21.401+0000] {logging_mixin.py:188} INFO - [2024-07-31T12:33:21.401+0000] {dag.py:3947} INFO - Setting next_dagrun for example_python_decorator to None, run_after=None
[2024-07-31T12:33:21.435+0000] {processor.py:183} INFO - Processing /home/airflow/.local/lib/python3.12/site-packages/airflow/example_dags/example_python_decorator.py took 0.124 seconds
[2024-07-31T12:33:51.708+0000] {processor.py:161} INFO - Started process (PID=2930) to work on /home/airflow/.local/lib/python3.12/site-packages/airflow/example_dags/example_python_decorator.py
[2024-07-31T12:33:51.711+0000] {processor.py:830} INFO - Processing file /home/airflow/.local/lib/python3.12/site-packages/airflow/example_dags/example_python_decorator.py for tasks to queue
[2024-07-31T12:33:51.713+0000] {logging_mixin.py:188} INFO - [2024-07-31T12:33:51.712+0000] {dagbag.py:545} INFO - Filling up the DagBag from /home/airflow/.local/lib/python3.12/site-packages/airflow/example_dags/example_python_decorator.py
[2024-07-31T12:33:51.731+0000] {processor.py:840} INFO - DAG(s) 'example_python_decorator' retrieved from /home/airflow/.local/lib/python3.12/site-packages/airflow/example_dags/example_python_decorator.py
[2024-07-31T12:33:51.758+0000] {logging_mixin.py:188} INFO - [2024-07-31T12:33:51.757+0000] {dag.py:3089} INFO - Sync 1 DAGs
[2024-07-31T12:33:51.776+0000] {logging_mixin.py:188} INFO - [2024-07-31T12:33:51.776+0000] {dag.py:3947} INFO - Setting next_dagrun for example_python_decorator to None, run_after=None
[2024-07-31T12:33:51.813+0000] {processor.py:183} INFO - Processing /home/airflow/.local/lib/python3.12/site-packages/airflow/example_dags/example_python_decorator.py took 0.110 seconds
[2024-07-31T12:34:22.207+0000] {processor.py:161} INFO - Started process (PID=2988) to work on /home/airflow/.local/lib/python3.12/site-packages/airflow/example_dags/example_python_decorator.py
[2024-07-31T12:34:22.207+0000] {processor.py:830} INFO - Processing file /home/airflow/.local/lib/python3.12/site-packages/airflow/example_dags/example_python_decorator.py for tasks to queue
[2024-07-31T12:34:22.209+0000] {logging_mixin.py:188} INFO - [2024-07-31T12:34:22.209+0000] {dagbag.py:545} INFO - Filling up the DagBag from /home/airflow/.local/lib/python3.12/site-packages/airflow/example_dags/example_python_decorator.py
[2024-07-31T12:34:22.221+0000] {processor.py:840} INFO - DAG(s) 'example_python_decorator' retrieved from /home/airflow/.local/lib/python3.12/site-packages/airflow/example_dags/example_python_decorator.py
[2024-07-31T12:34:22.244+0000] {logging_mixin.py:188} INFO - [2024-07-31T12:34:22.244+0000] {dag.py:3089} INFO - Sync 1 DAGs
[2024-07-31T12:34:22.261+0000] {logging_mixin.py:188} INFO - [2024-07-31T12:34:22.260+0000] {dag.py:3947} INFO - Setting next_dagrun for example_python_decorator to None, run_after=None
[2024-07-31T12:34:22.295+0000] {processor.py:183} INFO - Processing /home/airflow/.local/lib/python3.12/site-packages/airflow/example_dags/example_python_decorator.py took 0.096 seconds
[2024-07-31T12:34:52.387+0000] {processor.py:161} INFO - Started process (PID=3045) to work on /home/airflow/.local/lib/python3.12/site-packages/airflow/example_dags/example_python_decorator.py
[2024-07-31T12:34:52.389+0000] {processor.py:830} INFO - Processing file /home/airflow/.local/lib/python3.12/site-packages/airflow/example_dags/example_python_decorator.py for tasks to queue
[2024-07-31T12:34:52.392+0000] {logging_mixin.py:188} INFO - [2024-07-31T12:34:52.391+0000] {dagbag.py:545} INFO - Filling up the DagBag from /home/airflow/.local/lib/python3.12/site-packages/airflow/example_dags/example_python_decorator.py
[2024-07-31T12:34:52.409+0000] {processor.py:840} INFO - DAG(s) 'example_python_decorator' retrieved from /home/airflow/.local/lib/python3.12/site-packages/airflow/example_dags/example_python_decorator.py
[2024-07-31T12:34:52.446+0000] {logging_mixin.py:188} INFO - [2024-07-31T12:34:52.445+0000] {dag.py:3089} INFO - Sync 1 DAGs
[2024-07-31T12:34:52.468+0000] {logging_mixin.py:188} INFO - [2024-07-31T12:34:52.467+0000] {dag.py:3947} INFO - Setting next_dagrun for example_python_decorator to None, run_after=None
[2024-07-31T12:34:52.502+0000] {processor.py:183} INFO - Processing /home/airflow/.local/lib/python3.12/site-packages/airflow/example_dags/example_python_decorator.py took 0.122 seconds
[2024-07-31T12:35:22.669+0000] {processor.py:161} INFO - Started process (PID=3102) to work on /home/airflow/.local/lib/python3.12/site-packages/airflow/example_dags/example_python_decorator.py
[2024-07-31T12:35:22.669+0000] {processor.py:830} INFO - Processing file /home/airflow/.local/lib/python3.12/site-packages/airflow/example_dags/example_python_decorator.py for tasks to queue
[2024-07-31T12:35:22.671+0000] {logging_mixin.py:188} INFO - [2024-07-31T12:35:22.671+0000] {dagbag.py:545} INFO - Filling up the DagBag from /home/airflow/.local/lib/python3.12/site-packages/airflow/example_dags/example_python_decorator.py
[2024-07-31T12:35:22.687+0000] {processor.py:840} INFO - DAG(s) 'example_python_decorator' retrieved from /home/airflow/.local/lib/python3.12/site-packages/airflow/example_dags/example_python_decorator.py
[2024-07-31T12:35:22.716+0000] {logging_mixin.py:188} INFO - [2024-07-31T12:35:22.716+0000] {dag.py:3089} INFO - Sync 1 DAGs
[2024-07-31T12:35:22.737+0000] {logging_mixin.py:188} INFO - [2024-07-31T12:35:22.736+0000] {dag.py:3947} INFO - Setting next_dagrun for example_python_decorator to None, run_after=None
[2024-07-31T12:35:22.767+0000] {processor.py:183} INFO - Processing /home/airflow/.local/lib/python3.12/site-packages/airflow/example_dags/example_python_decorator.py took 0.106 seconds
[2024-07-31T12:35:52.992+0000] {processor.py:161} INFO - Started process (PID=3159) to work on /home/airflow/.local/lib/python3.12/site-packages/airflow/example_dags/example_python_decorator.py
[2024-07-31T12:35:52.993+0000] {processor.py:830} INFO - Processing file /home/airflow/.local/lib/python3.12/site-packages/airflow/example_dags/example_python_decorator.py for tasks to queue
[2024-07-31T12:35:52.995+0000] {logging_mixin.py:188} INFO - [2024-07-31T12:35:52.995+0000] {dagbag.py:545} INFO - Filling up the DagBag from /home/airflow/.local/lib/python3.12/site-packages/airflow/example_dags/example_python_decorator.py
[2024-07-31T12:35:53.009+0000] {processor.py:840} INFO - DAG(s) 'example_python_decorator' retrieved from /home/airflow/.local/lib/python3.12/site-packages/airflow/example_dags/example_python_decorator.py
[2024-07-31T12:35:53.034+0000] {logging_mixin.py:188} INFO - [2024-07-31T12:35:53.033+0000] {dag.py:3089} INFO - Sync 1 DAGs
[2024-07-31T12:35:53.048+0000] {logging_mixin.py:188} INFO - [2024-07-31T12:35:53.048+0000] {dag.py:3947} INFO - Setting next_dagrun for example_python_decorator to None, run_after=None
[2024-07-31T12:35:53.075+0000] {processor.py:183} INFO - Processing /home/airflow/.local/lib/python3.12/site-packages/airflow/example_dags/example_python_decorator.py took 0.090 seconds
[2024-07-31T12:36:23.209+0000] {processor.py:161} INFO - Started process (PID=3214) to work on /home/airflow/.local/lib/python3.12/site-packages/airflow/example_dags/example_python_decorator.py
[2024-07-31T12:36:23.210+0000] {processor.py:830} INFO - Processing file /home/airflow/.local/lib/python3.12/site-packages/airflow/example_dags/example_python_decorator.py for tasks to queue
[2024-07-31T12:36:23.214+0000] {logging_mixin.py:188} INFO - [2024-07-31T12:36:23.213+0000] {dagbag.py:545} INFO - Filling up the DagBag from /home/airflow/.local/lib/python3.12/site-packages/airflow/example_dags/example_python_decorator.py
[2024-07-31T12:36:23.239+0000] {processor.py:840} INFO - DAG(s) 'example_python_decorator' retrieved from /home/airflow/.local/lib/python3.12/site-packages/airflow/example_dags/example_python_decorator.py
[2024-07-31T12:36:23.272+0000] {logging_mixin.py:188} INFO - [2024-07-31T12:36:23.271+0000] {dag.py:3089} INFO - Sync 1 DAGs
[2024-07-31T12:36:23.287+0000] {logging_mixin.py:188} INFO - [2024-07-31T12:36:23.287+0000] {dag.py:3947} INFO - Setting next_dagrun for example_python_decorator to None, run_after=None
[2024-07-31T12:36:23.326+0000] {processor.py:183} INFO - Processing /home/airflow/.local/lib/python3.12/site-packages/airflow/example_dags/example_python_decorator.py took 0.131 seconds
[2024-07-31T12:36:53.656+0000] {processor.py:161} INFO - Started process (PID=3271) to work on /home/airflow/.local/lib/python3.12/site-packages/airflow/example_dags/example_python_decorator.py
[2024-07-31T12:36:53.659+0000] {processor.py:830} INFO - Processing file /home/airflow/.local/lib/python3.12/site-packages/airflow/example_dags/example_python_decorator.py for tasks to queue
[2024-07-31T12:36:53.661+0000] {logging_mixin.py:188} INFO - [2024-07-31T12:36:53.661+0000] {dagbag.py:545} INFO - Filling up the DagBag from /home/airflow/.local/lib/python3.12/site-packages/airflow/example_dags/example_python_decorator.py
[2024-07-31T12:36:53.681+0000] {processor.py:840} INFO - DAG(s) 'example_python_decorator' retrieved from /home/airflow/.local/lib/python3.12/site-packages/airflow/example_dags/example_python_decorator.py
[2024-07-31T12:36:53.713+0000] {logging_mixin.py:188} INFO - [2024-07-31T12:36:53.712+0000] {dag.py:3089} INFO - Sync 1 DAGs
[2024-07-31T12:36:53.729+0000] {logging_mixin.py:188} INFO - [2024-07-31T12:36:53.729+0000] {dag.py:3947} INFO - Setting next_dagrun for example_python_decorator to None, run_after=None
[2024-07-31T12:36:53.761+0000] {processor.py:183} INFO - Processing /home/airflow/.local/lib/python3.12/site-packages/airflow/example_dags/example_python_decorator.py took 0.111 seconds
[2024-07-31T12:37:23.851+0000] {processor.py:161} INFO - Started process (PID=3329) to work on /home/airflow/.local/lib/python3.12/site-packages/airflow/example_dags/example_python_decorator.py
[2024-07-31T12:37:23.852+0000] {processor.py:830} INFO - Processing file /home/airflow/.local/lib/python3.12/site-packages/airflow/example_dags/example_python_decorator.py for tasks to queue
[2024-07-31T12:37:23.854+0000] {logging_mixin.py:188} INFO - [2024-07-31T12:37:23.853+0000] {dagbag.py:545} INFO - Filling up the DagBag from /home/airflow/.local/lib/python3.12/site-packages/airflow/example_dags/example_python_decorator.py
[2024-07-31T12:37:23.872+0000] {processor.py:840} INFO - DAG(s) 'example_python_decorator' retrieved from /home/airflow/.local/lib/python3.12/site-packages/airflow/example_dags/example_python_decorator.py
[2024-07-31T12:37:23.901+0000] {logging_mixin.py:188} INFO - [2024-07-31T12:37:23.901+0000] {dag.py:3089} INFO - Sync 1 DAGs
[2024-07-31T12:37:23.925+0000] {logging_mixin.py:188} INFO - [2024-07-31T12:37:23.925+0000] {dag.py:3947} INFO - Setting next_dagrun for example_python_decorator to None, run_after=None
[2024-07-31T12:37:23.957+0000] {processor.py:183} INFO - Processing /home/airflow/.local/lib/python3.12/site-packages/airflow/example_dags/example_python_decorator.py took 0.116 seconds
[2024-07-31T12:37:54.745+0000] {processor.py:161} INFO - Started process (PID=3386) to work on /home/airflow/.local/lib/python3.12/site-packages/airflow/example_dags/example_python_decorator.py
[2024-07-31T12:37:54.748+0000] {processor.py:830} INFO - Processing file /home/airflow/.local/lib/python3.12/site-packages/airflow/example_dags/example_python_decorator.py for tasks to queue
[2024-07-31T12:37:54.750+0000] {logging_mixin.py:188} INFO - [2024-07-31T12:37:54.749+0000] {dagbag.py:545} INFO - Filling up the DagBag from /home/airflow/.local/lib/python3.12/site-packages/airflow/example_dags/example_python_decorator.py
[2024-07-31T12:37:54.770+0000] {processor.py:840} INFO - DAG(s) 'example_python_decorator' retrieved from /home/airflow/.local/lib/python3.12/site-packages/airflow/example_dags/example_python_decorator.py
[2024-07-31T12:37:54.797+0000] {logging_mixin.py:188} INFO - [2024-07-31T12:37:54.797+0000] {dag.py:3089} INFO - Sync 1 DAGs
[2024-07-31T12:37:54.810+0000] {logging_mixin.py:188} INFO - [2024-07-31T12:37:54.810+0000] {dag.py:3947} INFO - Setting next_dagrun for example_python_decorator to None, run_after=None
[2024-07-31T12:37:54.867+0000] {processor.py:183} INFO - Processing /home/airflow/.local/lib/python3.12/site-packages/airflow/example_dags/example_python_decorator.py took 0.127 seconds
[2024-07-31T12:38:25.560+0000] {processor.py:161} INFO - Started process (PID=3444) to work on /home/airflow/.local/lib/python3.12/site-packages/airflow/example_dags/example_python_decorator.py
[2024-07-31T12:38:25.561+0000] {processor.py:830} INFO - Processing file /home/airflow/.local/lib/python3.12/site-packages/airflow/example_dags/example_python_decorator.py for tasks to queue
[2024-07-31T12:38:25.563+0000] {logging_mixin.py:188} INFO - [2024-07-31T12:38:25.562+0000] {dagbag.py:545} INFO - Filling up the DagBag from /home/airflow/.local/lib/python3.12/site-packages/airflow/example_dags/example_python_decorator.py
[2024-07-31T12:38:25.576+0000] {processor.py:840} INFO - DAG(s) 'example_python_decorator' retrieved from /home/airflow/.local/lib/python3.12/site-packages/airflow/example_dags/example_python_decorator.py
[2024-07-31T12:38:25.601+0000] {logging_mixin.py:188} INFO - [2024-07-31T12:38:25.601+0000] {dag.py:3089} INFO - Sync 1 DAGs
[2024-07-31T12:38:25.619+0000] {logging_mixin.py:188} INFO - [2024-07-31T12:38:25.619+0000] {dag.py:3947} INFO - Setting next_dagrun for example_python_decorator to None, run_after=None
[2024-07-31T12:38:25.656+0000] {processor.py:183} INFO - Processing /home/airflow/.local/lib/python3.12/site-packages/airflow/example_dags/example_python_decorator.py took 0.103 seconds
[2024-07-31T16:44:30.133+0000] {processor.py:161} INFO - Started process (PID=104) to work on /home/airflow/.local/lib/python3.12/site-packages/airflow/example_dags/example_python_decorator.py
[2024-07-31T16:44:30.134+0000] {processor.py:830} INFO - Processing file /home/airflow/.local/lib/python3.12/site-packages/airflow/example_dags/example_python_decorator.py for tasks to queue
[2024-07-31T16:44:30.135+0000] {logging_mixin.py:188} INFO - [2024-07-31T16:44:30.135+0000] {dagbag.py:545} INFO - Filling up the DagBag from /home/airflow/.local/lib/python3.12/site-packages/airflow/example_dags/example_python_decorator.py
[2024-07-31T16:44:30.164+0000] {processor.py:840} INFO - DAG(s) 'example_python_decorator' retrieved from /home/airflow/.local/lib/python3.12/site-packages/airflow/example_dags/example_python_decorator.py
[2024-07-31T16:44:30.292+0000] {logging_mixin.py:188} INFO - [2024-07-31T16:44:30.292+0000] {dag.py:3089} INFO - Sync 1 DAGs
[2024-07-31T16:44:30.303+0000] {logging_mixin.py:188} INFO - [2024-07-31T16:44:30.303+0000] {dag.py:3947} INFO - Setting next_dagrun for example_python_decorator to None, run_after=None
[2024-07-31T16:44:30.326+0000] {processor.py:183} INFO - Processing /home/airflow/.local/lib/python3.12/site-packages/airflow/example_dags/example_python_decorator.py took 0.199 seconds
[2024-07-31T16:45:00.653+0000] {processor.py:161} INFO - Started process (PID=161) to work on /home/airflow/.local/lib/python3.12/site-packages/airflow/example_dags/example_python_decorator.py
[2024-07-31T16:45:00.654+0000] {processor.py:830} INFO - Processing file /home/airflow/.local/lib/python3.12/site-packages/airflow/example_dags/example_python_decorator.py for tasks to queue
[2024-07-31T16:45:00.656+0000] {logging_mixin.py:188} INFO - [2024-07-31T16:45:00.655+0000] {dagbag.py:545} INFO - Filling up the DagBag from /home/airflow/.local/lib/python3.12/site-packages/airflow/example_dags/example_python_decorator.py
[2024-07-31T16:45:00.676+0000] {processor.py:840} INFO - DAG(s) 'example_python_decorator' retrieved from /home/airflow/.local/lib/python3.12/site-packages/airflow/example_dags/example_python_decorator.py
[2024-07-31T16:45:00.753+0000] {logging_mixin.py:188} INFO - [2024-07-31T16:45:00.753+0000] {dag.py:3089} INFO - Sync 1 DAGs
[2024-07-31T16:45:00.793+0000] {logging_mixin.py:188} INFO - [2024-07-31T16:45:00.793+0000] {dag.py:3947} INFO - Setting next_dagrun for example_python_decorator to None, run_after=None
[2024-07-31T16:45:00.842+0000] {processor.py:183} INFO - Processing /home/airflow/.local/lib/python3.12/site-packages/airflow/example_dags/example_python_decorator.py took 0.201 seconds
[2024-07-31T16:45:31.091+0000] {processor.py:161} INFO - Started process (PID=219) to work on /home/airflow/.local/lib/python3.12/site-packages/airflow/example_dags/example_python_decorator.py
[2024-07-31T16:45:31.092+0000] {processor.py:830} INFO - Processing file /home/airflow/.local/lib/python3.12/site-packages/airflow/example_dags/example_python_decorator.py for tasks to queue
[2024-07-31T16:45:31.093+0000] {logging_mixin.py:188} INFO - [2024-07-31T16:45:31.092+0000] {dagbag.py:545} INFO - Filling up the DagBag from /home/airflow/.local/lib/python3.12/site-packages/airflow/example_dags/example_python_decorator.py
[2024-07-31T16:45:31.115+0000] {processor.py:840} INFO - DAG(s) 'example_python_decorator' retrieved from /home/airflow/.local/lib/python3.12/site-packages/airflow/example_dags/example_python_decorator.py
[2024-07-31T16:45:31.192+0000] {logging_mixin.py:188} INFO - [2024-07-31T16:45:31.192+0000] {dag.py:3089} INFO - Sync 1 DAGs
[2024-07-31T16:45:31.213+0000] {logging_mixin.py:188} INFO - [2024-07-31T16:45:31.213+0000] {dag.py:3947} INFO - Setting next_dagrun for example_python_decorator to None, run_after=None
[2024-07-31T16:45:31.258+0000] {processor.py:183} INFO - Processing /home/airflow/.local/lib/python3.12/site-packages/airflow/example_dags/example_python_decorator.py took 0.206 seconds
[2024-07-31T16:46:01.478+0000] {processor.py:161} INFO - Started process (PID=277) to work on /home/airflow/.local/lib/python3.12/site-packages/airflow/example_dags/example_python_decorator.py
[2024-07-31T16:46:01.479+0000] {processor.py:830} INFO - Processing file /home/airflow/.local/lib/python3.12/site-packages/airflow/example_dags/example_python_decorator.py for tasks to queue
[2024-07-31T16:46:01.480+0000] {logging_mixin.py:188} INFO - [2024-07-31T16:46:01.479+0000] {dagbag.py:545} INFO - Filling up the DagBag from /home/airflow/.local/lib/python3.12/site-packages/airflow/example_dags/example_python_decorator.py
[2024-07-31T16:46:01.495+0000] {processor.py:840} INFO - DAG(s) 'example_python_decorator' retrieved from /home/airflow/.local/lib/python3.12/site-packages/airflow/example_dags/example_python_decorator.py
[2024-07-31T16:46:01.519+0000] {logging_mixin.py:188} INFO - [2024-07-31T16:46:01.519+0000] {dag.py:3089} INFO - Sync 1 DAGs
[2024-07-31T16:46:01.533+0000] {logging_mixin.py:188} INFO - [2024-07-31T16:46:01.533+0000] {dag.py:3947} INFO - Setting next_dagrun for example_python_decorator to None, run_after=None
[2024-07-31T16:46:01.557+0000] {processor.py:183} INFO - Processing /home/airflow/.local/lib/python3.12/site-packages/airflow/example_dags/example_python_decorator.py took 0.087 seconds
[2024-07-31T21:22:55.763+0000] {processor.py:161} INFO - Started process (PID=97) to work on /home/airflow/.local/lib/python3.12/site-packages/airflow/example_dags/example_python_decorator.py
[2024-07-31T21:22:55.764+0000] {processor.py:830} INFO - Processing file /home/airflow/.local/lib/python3.12/site-packages/airflow/example_dags/example_python_decorator.py for tasks to queue
[2024-07-31T21:22:55.766+0000] {logging_mixin.py:188} INFO - [2024-07-31T21:22:55.766+0000] {dagbag.py:545} INFO - Filling up the DagBag from /home/airflow/.local/lib/python3.12/site-packages/airflow/example_dags/example_python_decorator.py
[2024-07-31T21:22:55.787+0000] {processor.py:840} INFO - DAG(s) 'example_python_decorator' retrieved from /home/airflow/.local/lib/python3.12/site-packages/airflow/example_dags/example_python_decorator.py
[2024-07-31T21:22:55.931+0000] {logging_mixin.py:188} INFO - [2024-07-31T21:22:55.931+0000] {dag.py:3089} INFO - Sync 1 DAGs
[2024-07-31T21:22:55.949+0000] {logging_mixin.py:188} INFO - [2024-07-31T21:22:55.949+0000] {dag.py:3947} INFO - Setting next_dagrun for example_python_decorator to None, run_after=None
[2024-07-31T21:22:55.981+0000] {processor.py:183} INFO - Processing /home/airflow/.local/lib/python3.12/site-packages/airflow/example_dags/example_python_decorator.py took 0.224 seconds
[2024-07-31T21:23:26.402+0000] {processor.py:161} INFO - Started process (PID=155) to work on /home/airflow/.local/lib/python3.12/site-packages/airflow/example_dags/example_python_decorator.py
[2024-07-31T21:23:26.403+0000] {processor.py:830} INFO - Processing file /home/airflow/.local/lib/python3.12/site-packages/airflow/example_dags/example_python_decorator.py for tasks to queue
[2024-07-31T21:23:26.406+0000] {logging_mixin.py:188} INFO - [2024-07-31T21:23:26.405+0000] {dagbag.py:545} INFO - Filling up the DagBag from /home/airflow/.local/lib/python3.12/site-packages/airflow/example_dags/example_python_decorator.py
[2024-07-31T21:23:26.419+0000] {processor.py:840} INFO - DAG(s) 'example_python_decorator' retrieved from /home/airflow/.local/lib/python3.12/site-packages/airflow/example_dags/example_python_decorator.py
[2024-07-31T21:23:26.446+0000] {logging_mixin.py:188} INFO - [2024-07-31T21:23:26.445+0000] {dag.py:3089} INFO - Sync 1 DAGs
[2024-07-31T21:23:26.460+0000] {logging_mixin.py:188} INFO - [2024-07-31T21:23:26.459+0000] {dag.py:3947} INFO - Setting next_dagrun for example_python_decorator to None, run_after=None
[2024-07-31T21:23:26.489+0000] {processor.py:183} INFO - Processing /home/airflow/.local/lib/python3.12/site-packages/airflow/example_dags/example_python_decorator.py took 0.093 seconds
[2024-07-31T21:24:05.571+0000] {processor.py:161} INFO - Started process (PID=213) to work on /home/airflow/.local/lib/python3.12/site-packages/airflow/example_dags/example_python_decorator.py
[2024-07-31T21:24:05.573+0000] {processor.py:830} INFO - Processing file /home/airflow/.local/lib/python3.12/site-packages/airflow/example_dags/example_python_decorator.py for tasks to queue
[2024-07-31T21:24:05.579+0000] {logging_mixin.py:188} INFO - [2024-07-31T21:24:05.578+0000] {dagbag.py:545} INFO - Filling up the DagBag from /home/airflow/.local/lib/python3.12/site-packages/airflow/example_dags/example_python_decorator.py
[2024-07-31T21:24:05.642+0000] {processor.py:840} INFO - DAG(s) 'example_python_decorator' retrieved from /home/airflow/.local/lib/python3.12/site-packages/airflow/example_dags/example_python_decorator.py
[2024-07-31T21:24:05.740+0000] {logging_mixin.py:188} INFO - [2024-07-31T21:24:05.740+0000] {dag.py:3089} INFO - Sync 1 DAGs
[2024-07-31T21:24:05.781+0000] {logging_mixin.py:188} INFO - [2024-07-31T21:24:05.781+0000] {dag.py:3947} INFO - Setting next_dagrun for example_python_decorator to None, run_after=None
[2024-07-31T21:24:05.921+0000] {processor.py:183} INFO - Processing /home/airflow/.local/lib/python3.12/site-packages/airflow/example_dags/example_python_decorator.py took 0.359 seconds
[2024-07-31T21:24:37.245+0000] {processor.py:161} INFO - Started process (PID=272) to work on /home/airflow/.local/lib/python3.12/site-packages/airflow/example_dags/example_python_decorator.py
[2024-07-31T21:24:37.251+0000] {processor.py:830} INFO - Processing file /home/airflow/.local/lib/python3.12/site-packages/airflow/example_dags/example_python_decorator.py for tasks to queue
[2024-07-31T21:24:37.255+0000] {logging_mixin.py:188} INFO - [2024-07-31T21:24:37.254+0000] {dagbag.py:545} INFO - Filling up the DagBag from /home/airflow/.local/lib/python3.12/site-packages/airflow/example_dags/example_python_decorator.py
[2024-07-31T21:24:37.303+0000] {processor.py:840} INFO - DAG(s) 'example_python_decorator' retrieved from /home/airflow/.local/lib/python3.12/site-packages/airflow/example_dags/example_python_decorator.py
[2024-07-31T21:24:37.391+0000] {logging_mixin.py:188} INFO - [2024-07-31T21:24:37.391+0000] {dag.py:3089} INFO - Sync 1 DAGs
[2024-07-31T21:24:37.430+0000] {logging_mixin.py:188} INFO - [2024-07-31T21:24:37.429+0000] {dag.py:3947} INFO - Setting next_dagrun for example_python_decorator to None, run_after=None
[2024-07-31T21:24:37.518+0000] {processor.py:183} INFO - Processing /home/airflow/.local/lib/python3.12/site-packages/airflow/example_dags/example_python_decorator.py took 0.293 seconds
[2024-07-31T21:25:07.948+0000] {processor.py:161} INFO - Started process (PID=330) to work on /home/airflow/.local/lib/python3.12/site-packages/airflow/example_dags/example_python_decorator.py
[2024-07-31T21:25:07.949+0000] {processor.py:830} INFO - Processing file /home/airflow/.local/lib/python3.12/site-packages/airflow/example_dags/example_python_decorator.py for tasks to queue
[2024-07-31T21:25:07.951+0000] {logging_mixin.py:188} INFO - [2024-07-31T21:25:07.951+0000] {dagbag.py:545} INFO - Filling up the DagBag from /home/airflow/.local/lib/python3.12/site-packages/airflow/example_dags/example_python_decorator.py
[2024-07-31T21:25:07.972+0000] {processor.py:840} INFO - DAG(s) 'example_python_decorator' retrieved from /home/airflow/.local/lib/python3.12/site-packages/airflow/example_dags/example_python_decorator.py
[2024-07-31T21:25:07.994+0000] {logging_mixin.py:188} INFO - [2024-07-31T21:25:07.994+0000] {dag.py:3089} INFO - Sync 1 DAGs
[2024-07-31T21:25:08.009+0000] {logging_mixin.py:188} INFO - [2024-07-31T21:25:08.008+0000] {dag.py:3947} INFO - Setting next_dagrun for example_python_decorator to None, run_after=None
[2024-07-31T21:25:08.037+0000] {processor.py:183} INFO - Processing /home/airflow/.local/lib/python3.12/site-packages/airflow/example_dags/example_python_decorator.py took 0.097 seconds
[2024-07-31T21:26:01.105+0000] {processor.py:161} INFO - Started process (PID=394) to work on /home/airflow/.local/lib/python3.12/site-packages/airflow/example_dags/example_python_decorator.py
[2024-07-31T21:26:01.106+0000] {processor.py:830} INFO - Processing file /home/airflow/.local/lib/python3.12/site-packages/airflow/example_dags/example_python_decorator.py for tasks to queue
[2024-07-31T21:26:01.108+0000] {logging_mixin.py:188} INFO - [2024-07-31T21:26:01.108+0000] {dagbag.py:545} INFO - Filling up the DagBag from /home/airflow/.local/lib/python3.12/site-packages/airflow/example_dags/example_python_decorator.py
[2024-07-31T21:26:01.123+0000] {processor.py:840} INFO - DAG(s) 'example_python_decorator' retrieved from /home/airflow/.local/lib/python3.12/site-packages/airflow/example_dags/example_python_decorator.py
[2024-07-31T21:26:01.151+0000] {logging_mixin.py:188} INFO - [2024-07-31T21:26:01.151+0000] {dag.py:3089} INFO - Sync 1 DAGs
[2024-07-31T21:26:01.170+0000] {logging_mixin.py:188} INFO - [2024-07-31T21:26:01.170+0000] {dag.py:3947} INFO - Setting next_dagrun for example_python_decorator to None, run_after=None
[2024-07-31T21:26:01.215+0000] {processor.py:183} INFO - Processing /home/airflow/.local/lib/python3.12/site-packages/airflow/example_dags/example_python_decorator.py took 0.118 seconds
[2024-07-31T21:26:31.975+0000] {processor.py:161} INFO - Started process (PID=452) to work on /home/airflow/.local/lib/python3.12/site-packages/airflow/example_dags/example_python_decorator.py
[2024-07-31T21:26:31.976+0000] {processor.py:830} INFO - Processing file /home/airflow/.local/lib/python3.12/site-packages/airflow/example_dags/example_python_decorator.py for tasks to queue
[2024-07-31T21:26:31.979+0000] {logging_mixin.py:188} INFO - [2024-07-31T21:26:31.979+0000] {dagbag.py:545} INFO - Filling up the DagBag from /home/airflow/.local/lib/python3.12/site-packages/airflow/example_dags/example_python_decorator.py
[2024-07-31T21:26:32.010+0000] {processor.py:840} INFO - DAG(s) 'example_python_decorator' retrieved from /home/airflow/.local/lib/python3.12/site-packages/airflow/example_dags/example_python_decorator.py
[2024-07-31T21:26:32.059+0000] {logging_mixin.py:188} INFO - [2024-07-31T21:26:32.059+0000] {dag.py:3089} INFO - Sync 1 DAGs
[2024-07-31T21:26:32.084+0000] {logging_mixin.py:188} INFO - [2024-07-31T21:26:32.084+0000] {dag.py:3947} INFO - Setting next_dagrun for example_python_decorator to None, run_after=None
[2024-07-31T21:26:32.127+0000] {processor.py:183} INFO - Processing /home/airflow/.local/lib/python3.12/site-packages/airflow/example_dags/example_python_decorator.py took 0.164 seconds
[2024-07-31T21:27:02.246+0000] {processor.py:161} INFO - Started process (PID=510) to work on /home/airflow/.local/lib/python3.12/site-packages/airflow/example_dags/example_python_decorator.py
[2024-07-31T21:27:02.248+0000] {processor.py:830} INFO - Processing file /home/airflow/.local/lib/python3.12/site-packages/airflow/example_dags/example_python_decorator.py for tasks to queue
[2024-07-31T21:27:02.251+0000] {logging_mixin.py:188} INFO - [2024-07-31T21:27:02.250+0000] {dagbag.py:545} INFO - Filling up the DagBag from /home/airflow/.local/lib/python3.12/site-packages/airflow/example_dags/example_python_decorator.py
[2024-07-31T21:27:02.277+0000] {processor.py:840} INFO - DAG(s) 'example_python_decorator' retrieved from /home/airflow/.local/lib/python3.12/site-packages/airflow/example_dags/example_python_decorator.py
[2024-07-31T21:27:02.326+0000] {logging_mixin.py:188} INFO - [2024-07-31T21:27:02.325+0000] {dag.py:3089} INFO - Sync 1 DAGs
[2024-07-31T21:27:02.353+0000] {logging_mixin.py:188} INFO - [2024-07-31T21:27:02.352+0000] {dag.py:3947} INFO - Setting next_dagrun for example_python_decorator to None, run_after=None
[2024-07-31T21:27:02.391+0000] {processor.py:183} INFO - Processing /home/airflow/.local/lib/python3.12/site-packages/airflow/example_dags/example_python_decorator.py took 0.155 seconds
[2024-07-31T21:27:32.895+0000] {processor.py:161} INFO - Started process (PID=568) to work on /home/airflow/.local/lib/python3.12/site-packages/airflow/example_dags/example_python_decorator.py
[2024-07-31T21:27:32.896+0000] {processor.py:830} INFO - Processing file /home/airflow/.local/lib/python3.12/site-packages/airflow/example_dags/example_python_decorator.py for tasks to queue
[2024-07-31T21:27:32.899+0000] {logging_mixin.py:188} INFO - [2024-07-31T21:27:32.898+0000] {dagbag.py:545} INFO - Filling up the DagBag from /home/airflow/.local/lib/python3.12/site-packages/airflow/example_dags/example_python_decorator.py
[2024-07-31T21:27:32.931+0000] {processor.py:840} INFO - DAG(s) 'example_python_decorator' retrieved from /home/airflow/.local/lib/python3.12/site-packages/airflow/example_dags/example_python_decorator.py
[2024-07-31T21:27:32.974+0000] {logging_mixin.py:188} INFO - [2024-07-31T21:27:32.974+0000] {dag.py:3089} INFO - Sync 1 DAGs
[2024-07-31T21:27:33.003+0000] {logging_mixin.py:188} INFO - [2024-07-31T21:27:33.003+0000] {dag.py:3947} INFO - Setting next_dagrun for example_python_decorator to None, run_after=None
[2024-07-31T21:27:33.037+0000] {processor.py:183} INFO - Processing /home/airflow/.local/lib/python3.12/site-packages/airflow/example_dags/example_python_decorator.py took 0.153 seconds
[2024-07-31T21:28:03.330+0000] {processor.py:161} INFO - Started process (PID=627) to work on /home/airflow/.local/lib/python3.12/site-packages/airflow/example_dags/example_python_decorator.py
[2024-07-31T21:28:03.332+0000] {processor.py:830} INFO - Processing file /home/airflow/.local/lib/python3.12/site-packages/airflow/example_dags/example_python_decorator.py for tasks to queue
[2024-07-31T21:28:03.334+0000] {logging_mixin.py:188} INFO - [2024-07-31T21:28:03.334+0000] {dagbag.py:545} INFO - Filling up the DagBag from /home/airflow/.local/lib/python3.12/site-packages/airflow/example_dags/example_python_decorator.py
[2024-07-31T21:28:03.364+0000] {processor.py:840} INFO - DAG(s) 'example_python_decorator' retrieved from /home/airflow/.local/lib/python3.12/site-packages/airflow/example_dags/example_python_decorator.py
[2024-07-31T21:28:03.399+0000] {logging_mixin.py:188} INFO - [2024-07-31T21:28:03.398+0000] {dag.py:3089} INFO - Sync 1 DAGs
[2024-07-31T21:28:03.420+0000] {logging_mixin.py:188} INFO - [2024-07-31T21:28:03.420+0000] {dag.py:3947} INFO - Setting next_dagrun for example_python_decorator to None, run_after=None
[2024-07-31T21:28:03.462+0000] {processor.py:183} INFO - Processing /home/airflow/.local/lib/python3.12/site-packages/airflow/example_dags/example_python_decorator.py took 0.142 seconds
[2024-07-31T21:29:02.123+0000] {processor.py:161} INFO - Started process (PID=685) to work on /home/airflow/.local/lib/python3.12/site-packages/airflow/example_dags/example_python_decorator.py
[2024-07-31T21:29:02.124+0000] {processor.py:830} INFO - Processing file /home/airflow/.local/lib/python3.12/site-packages/airflow/example_dags/example_python_decorator.py for tasks to queue
[2024-07-31T21:29:02.126+0000] {logging_mixin.py:188} INFO - [2024-07-31T21:29:02.126+0000] {dagbag.py:545} INFO - Filling up the DagBag from /home/airflow/.local/lib/python3.12/site-packages/airflow/example_dags/example_python_decorator.py
[2024-07-31T21:29:02.142+0000] {processor.py:840} INFO - DAG(s) 'example_python_decorator' retrieved from /home/airflow/.local/lib/python3.12/site-packages/airflow/example_dags/example_python_decorator.py
[2024-07-31T21:29:02.173+0000] {logging_mixin.py:188} INFO - [2024-07-31T21:29:02.172+0000] {dag.py:3089} INFO - Sync 1 DAGs
[2024-07-31T21:29:02.193+0000] {logging_mixin.py:188} INFO - [2024-07-31T21:29:02.192+0000] {dag.py:3947} INFO - Setting next_dagrun for example_python_decorator to None, run_after=None
[2024-07-31T21:29:02.224+0000] {processor.py:183} INFO - Processing /home/airflow/.local/lib/python3.12/site-packages/airflow/example_dags/example_python_decorator.py took 0.108 seconds
