[2024-07-31T12:08:54.515+0000] {processor.py:161} INFO - Started process (PID=107) to work on /home/airflow/.local/lib/python3.12/site-packages/airflow/example_dags/example_trigger_target_dag.py
[2024-07-31T12:08:54.516+0000] {processor.py:830} INFO - Processing file /home/airflow/.local/lib/python3.12/site-packages/airflow/example_dags/example_trigger_target_dag.py for tasks to queue
[2024-07-31T12:08:54.518+0000] {logging_mixin.py:188} INFO - [2024-07-31T12:08:54.518+0000] {dagbag.py:545} INFO - Filling up the DagBag from /home/airflow/.local/lib/python3.12/site-packages/airflow/example_dags/example_trigger_target_dag.py
[2024-07-31T12:08:54.537+0000] {processor.py:840} INFO - DAG(s) 'example_trigger_target_dag' retrieved from /home/airflow/.local/lib/python3.12/site-packages/airflow/example_dags/example_trigger_target_dag.py
[2024-07-31T12:08:54.695+0000] {logging_mixin.py:188} INFO - [2024-07-31T12:08:54.694+0000] {override.py:1858} INFO - Created Permission View: can delete on DAG:example_trigger_target_dag
[2024-07-31T12:08:54.708+0000] {logging_mixin.py:188} INFO - [2024-07-31T12:08:54.707+0000] {override.py:1858} INFO - Created Permission View: can read on DAG:example_trigger_target_dag
[2024-07-31T12:08:54.717+0000] {logging_mixin.py:188} INFO - [2024-07-31T12:08:54.717+0000] {override.py:1858} INFO - Created Permission View: can edit on DAG:example_trigger_target_dag
[2024-07-31T12:08:54.718+0000] {logging_mixin.py:188} INFO - [2024-07-31T12:08:54.717+0000] {dag.py:3089} INFO - Sync 1 DAGs
[2024-07-31T12:08:54.746+0000] {logging_mixin.py:188} INFO - [2024-07-31T12:08:54.742+0000] {dag.py:3111} INFO - Creating ORM DAG for example_trigger_target_dag
[2024-07-31T12:08:54.747+0000] {logging_mixin.py:188} INFO - [2024-07-31T12:08:54.747+0000] {dag.py:3947} INFO - Setting next_dagrun for example_trigger_target_dag to None, run_after=None
[2024-07-31T12:08:54.780+0000] {processor.py:183} INFO - Processing /home/airflow/.local/lib/python3.12/site-packages/airflow/example_dags/example_trigger_target_dag.py took 0.273 seconds
[2024-07-31T12:09:24.969+0000] {processor.py:161} INFO - Started process (PID=165) to work on /home/airflow/.local/lib/python3.12/site-packages/airflow/example_dags/example_trigger_target_dag.py
[2024-07-31T12:09:24.970+0000] {processor.py:830} INFO - Processing file /home/airflow/.local/lib/python3.12/site-packages/airflow/example_dags/example_trigger_target_dag.py for tasks to queue
[2024-07-31T12:09:24.972+0000] {logging_mixin.py:188} INFO - [2024-07-31T12:09:24.971+0000] {dagbag.py:545} INFO - Filling up the DagBag from /home/airflow/.local/lib/python3.12/site-packages/airflow/example_dags/example_trigger_target_dag.py
[2024-07-31T12:09:24.977+0000] {processor.py:840} INFO - DAG(s) 'example_trigger_target_dag' retrieved from /home/airflow/.local/lib/python3.12/site-packages/airflow/example_dags/example_trigger_target_dag.py
[2024-07-31T12:09:25.003+0000] {logging_mixin.py:188} INFO - [2024-07-31T12:09:25.002+0000] {dag.py:3089} INFO - Sync 1 DAGs
[2024-07-31T12:09:25.022+0000] {logging_mixin.py:188} INFO - [2024-07-31T12:09:25.022+0000] {dag.py:3947} INFO - Setting next_dagrun for example_trigger_target_dag to None, run_after=None
[2024-07-31T12:09:25.054+0000] {processor.py:183} INFO - Processing /home/airflow/.local/lib/python3.12/site-packages/airflow/example_dags/example_trigger_target_dag.py took 0.090 seconds
[2024-07-31T12:09:55.088+0000] {processor.py:161} INFO - Started process (PID=223) to work on /home/airflow/.local/lib/python3.12/site-packages/airflow/example_dags/example_trigger_target_dag.py
[2024-07-31T12:09:55.090+0000] {processor.py:830} INFO - Processing file /home/airflow/.local/lib/python3.12/site-packages/airflow/example_dags/example_trigger_target_dag.py for tasks to queue
[2024-07-31T12:09:55.092+0000] {logging_mixin.py:188} INFO - [2024-07-31T12:09:55.092+0000] {dagbag.py:545} INFO - Filling up the DagBag from /home/airflow/.local/lib/python3.12/site-packages/airflow/example_dags/example_trigger_target_dag.py
[2024-07-31T12:09:55.099+0000] {processor.py:840} INFO - DAG(s) 'example_trigger_target_dag' retrieved from /home/airflow/.local/lib/python3.12/site-packages/airflow/example_dags/example_trigger_target_dag.py
[2024-07-31T12:09:55.118+0000] {logging_mixin.py:188} INFO - [2024-07-31T12:09:55.118+0000] {dag.py:3089} INFO - Sync 1 DAGs
[2024-07-31T12:09:55.132+0000] {logging_mixin.py:188} INFO - [2024-07-31T12:09:55.131+0000] {dag.py:3947} INFO - Setting next_dagrun for example_trigger_target_dag to None, run_after=None
[2024-07-31T12:09:55.152+0000] {processor.py:183} INFO - Processing /home/airflow/.local/lib/python3.12/site-packages/airflow/example_dags/example_trigger_target_dag.py took 0.069 seconds
[2024-07-31T12:10:25.812+0000] {processor.py:161} INFO - Started process (PID=281) to work on /home/airflow/.local/lib/python3.12/site-packages/airflow/example_dags/example_trigger_target_dag.py
[2024-07-31T12:10:25.813+0000] {processor.py:830} INFO - Processing file /home/airflow/.local/lib/python3.12/site-packages/airflow/example_dags/example_trigger_target_dag.py for tasks to queue
[2024-07-31T12:10:25.814+0000] {logging_mixin.py:188} INFO - [2024-07-31T12:10:25.814+0000] {dagbag.py:545} INFO - Filling up the DagBag from /home/airflow/.local/lib/python3.12/site-packages/airflow/example_dags/example_trigger_target_dag.py
[2024-07-31T12:10:25.820+0000] {processor.py:840} INFO - DAG(s) 'example_trigger_target_dag' retrieved from /home/airflow/.local/lib/python3.12/site-packages/airflow/example_dags/example_trigger_target_dag.py
[2024-07-31T12:10:25.837+0000] {logging_mixin.py:188} INFO - [2024-07-31T12:10:25.837+0000] {dag.py:3089} INFO - Sync 1 DAGs
[2024-07-31T12:10:25.849+0000] {logging_mixin.py:188} INFO - [2024-07-31T12:10:25.848+0000] {dag.py:3947} INFO - Setting next_dagrun for example_trigger_target_dag to None, run_after=None
[2024-07-31T12:10:25.870+0000] {processor.py:183} INFO - Processing /home/airflow/.local/lib/python3.12/site-packages/airflow/example_dags/example_trigger_target_dag.py took 0.065 seconds
[2024-07-31T12:10:56.806+0000] {processor.py:161} INFO - Started process (PID=338) to work on /home/airflow/.local/lib/python3.12/site-packages/airflow/example_dags/example_trigger_target_dag.py
[2024-07-31T12:10:56.807+0000] {processor.py:830} INFO - Processing file /home/airflow/.local/lib/python3.12/site-packages/airflow/example_dags/example_trigger_target_dag.py for tasks to queue
[2024-07-31T12:10:56.809+0000] {logging_mixin.py:188} INFO - [2024-07-31T12:10:56.809+0000] {dagbag.py:545} INFO - Filling up the DagBag from /home/airflow/.local/lib/python3.12/site-packages/airflow/example_dags/example_trigger_target_dag.py
[2024-07-31T12:10:56.814+0000] {processor.py:840} INFO - DAG(s) 'example_trigger_target_dag' retrieved from /home/airflow/.local/lib/python3.12/site-packages/airflow/example_dags/example_trigger_target_dag.py
[2024-07-31T12:10:56.836+0000] {logging_mixin.py:188} INFO - [2024-07-31T12:10:56.835+0000] {dag.py:3089} INFO - Sync 1 DAGs
[2024-07-31T12:10:56.851+0000] {logging_mixin.py:188} INFO - [2024-07-31T12:10:56.851+0000] {dag.py:3947} INFO - Setting next_dagrun for example_trigger_target_dag to None, run_after=None
[2024-07-31T12:10:56.875+0000] {processor.py:183} INFO - Processing /home/airflow/.local/lib/python3.12/site-packages/airflow/example_dags/example_trigger_target_dag.py took 0.074 seconds
[2024-07-31T12:11:27.595+0000] {processor.py:161} INFO - Started process (PID=396) to work on /home/airflow/.local/lib/python3.12/site-packages/airflow/example_dags/example_trigger_target_dag.py
[2024-07-31T12:11:27.596+0000] {processor.py:830} INFO - Processing file /home/airflow/.local/lib/python3.12/site-packages/airflow/example_dags/example_trigger_target_dag.py for tasks to queue
[2024-07-31T12:11:27.598+0000] {logging_mixin.py:188} INFO - [2024-07-31T12:11:27.597+0000] {dagbag.py:545} INFO - Filling up the DagBag from /home/airflow/.local/lib/python3.12/site-packages/airflow/example_dags/example_trigger_target_dag.py
[2024-07-31T12:11:27.603+0000] {processor.py:840} INFO - DAG(s) 'example_trigger_target_dag' retrieved from /home/airflow/.local/lib/python3.12/site-packages/airflow/example_dags/example_trigger_target_dag.py
[2024-07-31T12:11:27.624+0000] {logging_mixin.py:188} INFO - [2024-07-31T12:11:27.624+0000] {dag.py:3089} INFO - Sync 1 DAGs
[2024-07-31T12:11:27.640+0000] {logging_mixin.py:188} INFO - [2024-07-31T12:11:27.639+0000] {dag.py:3947} INFO - Setting next_dagrun for example_trigger_target_dag to None, run_after=None
[2024-07-31T12:11:27.662+0000] {processor.py:183} INFO - Processing /home/airflow/.local/lib/python3.12/site-packages/airflow/example_dags/example_trigger_target_dag.py took 0.072 seconds
[2024-07-31T12:11:57.992+0000] {processor.py:161} INFO - Started process (PID=454) to work on /home/airflow/.local/lib/python3.12/site-packages/airflow/example_dags/example_trigger_target_dag.py
[2024-07-31T12:11:57.993+0000] {processor.py:830} INFO - Processing file /home/airflow/.local/lib/python3.12/site-packages/airflow/example_dags/example_trigger_target_dag.py for tasks to queue
[2024-07-31T12:11:57.994+0000] {logging_mixin.py:188} INFO - [2024-07-31T12:11:57.994+0000] {dagbag.py:545} INFO - Filling up the DagBag from /home/airflow/.local/lib/python3.12/site-packages/airflow/example_dags/example_trigger_target_dag.py
[2024-07-31T12:11:57.999+0000] {processor.py:840} INFO - DAG(s) 'example_trigger_target_dag' retrieved from /home/airflow/.local/lib/python3.12/site-packages/airflow/example_dags/example_trigger_target_dag.py
[2024-07-31T12:11:58.018+0000] {logging_mixin.py:188} INFO - [2024-07-31T12:11:58.017+0000] {dag.py:3089} INFO - Sync 1 DAGs
[2024-07-31T12:11:58.029+0000] {logging_mixin.py:188} INFO - [2024-07-31T12:11:58.029+0000] {dag.py:3947} INFO - Setting next_dagrun for example_trigger_target_dag to None, run_after=None
[2024-07-31T12:11:58.051+0000] {processor.py:183} INFO - Processing /home/airflow/.local/lib/python3.12/site-packages/airflow/example_dags/example_trigger_target_dag.py took 0.065 seconds
[2024-07-31T12:12:28.216+0000] {processor.py:161} INFO - Started process (PID=511) to work on /home/airflow/.local/lib/python3.12/site-packages/airflow/example_dags/example_trigger_target_dag.py
[2024-07-31T12:12:28.218+0000] {processor.py:830} INFO - Processing file /home/airflow/.local/lib/python3.12/site-packages/airflow/example_dags/example_trigger_target_dag.py for tasks to queue
[2024-07-31T12:12:28.219+0000] {logging_mixin.py:188} INFO - [2024-07-31T12:12:28.219+0000] {dagbag.py:545} INFO - Filling up the DagBag from /home/airflow/.local/lib/python3.12/site-packages/airflow/example_dags/example_trigger_target_dag.py
[2024-07-31T12:12:28.224+0000] {processor.py:840} INFO - DAG(s) 'example_trigger_target_dag' retrieved from /home/airflow/.local/lib/python3.12/site-packages/airflow/example_dags/example_trigger_target_dag.py
[2024-07-31T12:12:28.242+0000] {logging_mixin.py:188} INFO - [2024-07-31T12:12:28.242+0000] {dag.py:3089} INFO - Sync 1 DAGs
[2024-07-31T12:12:28.254+0000] {logging_mixin.py:188} INFO - [2024-07-31T12:12:28.254+0000] {dag.py:3947} INFO - Setting next_dagrun for example_trigger_target_dag to None, run_after=None
[2024-07-31T12:12:28.275+0000] {processor.py:183} INFO - Processing /home/airflow/.local/lib/python3.12/site-packages/airflow/example_dags/example_trigger_target_dag.py took 0.066 seconds
[2024-07-31T12:12:58.991+0000] {processor.py:161} INFO - Started process (PID=569) to work on /home/airflow/.local/lib/python3.12/site-packages/airflow/example_dags/example_trigger_target_dag.py
[2024-07-31T12:12:58.992+0000] {processor.py:830} INFO - Processing file /home/airflow/.local/lib/python3.12/site-packages/airflow/example_dags/example_trigger_target_dag.py for tasks to queue
[2024-07-31T12:12:58.994+0000] {logging_mixin.py:188} INFO - [2024-07-31T12:12:58.994+0000] {dagbag.py:545} INFO - Filling up the DagBag from /home/airflow/.local/lib/python3.12/site-packages/airflow/example_dags/example_trigger_target_dag.py
[2024-07-31T12:12:59.005+0000] {processor.py:840} INFO - DAG(s) 'example_trigger_target_dag' retrieved from /home/airflow/.local/lib/python3.12/site-packages/airflow/example_dags/example_trigger_target_dag.py
[2024-07-31T12:12:59.024+0000] {logging_mixin.py:188} INFO - [2024-07-31T12:12:59.024+0000] {dag.py:3089} INFO - Sync 1 DAGs
[2024-07-31T12:12:59.036+0000] {logging_mixin.py:188} INFO - [2024-07-31T12:12:59.035+0000] {dag.py:3947} INFO - Setting next_dagrun for example_trigger_target_dag to None, run_after=None
[2024-07-31T12:12:59.057+0000] {processor.py:183} INFO - Processing /home/airflow/.local/lib/python3.12/site-packages/airflow/example_dags/example_trigger_target_dag.py took 0.071 seconds
[2024-07-31T12:13:29.466+0000] {processor.py:161} INFO - Started process (PID=626) to work on /home/airflow/.local/lib/python3.12/site-packages/airflow/example_dags/example_trigger_target_dag.py
[2024-07-31T12:13:29.467+0000] {processor.py:830} INFO - Processing file /home/airflow/.local/lib/python3.12/site-packages/airflow/example_dags/example_trigger_target_dag.py for tasks to queue
[2024-07-31T12:13:29.469+0000] {logging_mixin.py:188} INFO - [2024-07-31T12:13:29.468+0000] {dagbag.py:545} INFO - Filling up the DagBag from /home/airflow/.local/lib/python3.12/site-packages/airflow/example_dags/example_trigger_target_dag.py
[2024-07-31T12:13:29.473+0000] {processor.py:840} INFO - DAG(s) 'example_trigger_target_dag' retrieved from /home/airflow/.local/lib/python3.12/site-packages/airflow/example_dags/example_trigger_target_dag.py
[2024-07-31T12:13:29.492+0000] {logging_mixin.py:188} INFO - [2024-07-31T12:13:29.492+0000] {dag.py:3089} INFO - Sync 1 DAGs
[2024-07-31T12:13:29.504+0000] {logging_mixin.py:188} INFO - [2024-07-31T12:13:29.504+0000] {dag.py:3947} INFO - Setting next_dagrun for example_trigger_target_dag to None, run_after=None
[2024-07-31T12:13:29.526+0000] {processor.py:183} INFO - Processing /home/airflow/.local/lib/python3.12/site-packages/airflow/example_dags/example_trigger_target_dag.py took 0.065 seconds
[2024-07-31T12:13:59.849+0000] {processor.py:161} INFO - Started process (PID=684) to work on /home/airflow/.local/lib/python3.12/site-packages/airflow/example_dags/example_trigger_target_dag.py
[2024-07-31T12:13:59.849+0000] {processor.py:830} INFO - Processing file /home/airflow/.local/lib/python3.12/site-packages/airflow/example_dags/example_trigger_target_dag.py for tasks to queue
[2024-07-31T12:13:59.852+0000] {logging_mixin.py:188} INFO - [2024-07-31T12:13:59.852+0000] {dagbag.py:545} INFO - Filling up the DagBag from /home/airflow/.local/lib/python3.12/site-packages/airflow/example_dags/example_trigger_target_dag.py
[2024-07-31T12:13:59.858+0000] {processor.py:840} INFO - DAG(s) 'example_trigger_target_dag' retrieved from /home/airflow/.local/lib/python3.12/site-packages/airflow/example_dags/example_trigger_target_dag.py
[2024-07-31T12:13:59.884+0000] {logging_mixin.py:188} INFO - [2024-07-31T12:13:59.883+0000] {dag.py:3089} INFO - Sync 1 DAGs
[2024-07-31T12:13:59.899+0000] {logging_mixin.py:188} INFO - [2024-07-31T12:13:59.899+0000] {dag.py:3947} INFO - Setting next_dagrun for example_trigger_target_dag to None, run_after=None
[2024-07-31T12:13:59.927+0000] {processor.py:183} INFO - Processing /home/airflow/.local/lib/python3.12/site-packages/airflow/example_dags/example_trigger_target_dag.py took 0.086 seconds
[2024-07-31T12:14:30.829+0000] {processor.py:161} INFO - Started process (PID=742) to work on /home/airflow/.local/lib/python3.12/site-packages/airflow/example_dags/example_trigger_target_dag.py
[2024-07-31T12:14:30.831+0000] {processor.py:830} INFO - Processing file /home/airflow/.local/lib/python3.12/site-packages/airflow/example_dags/example_trigger_target_dag.py for tasks to queue
[2024-07-31T12:14:30.833+0000] {logging_mixin.py:188} INFO - [2024-07-31T12:14:30.832+0000] {dagbag.py:545} INFO - Filling up the DagBag from /home/airflow/.local/lib/python3.12/site-packages/airflow/example_dags/example_trigger_target_dag.py
[2024-07-31T12:14:30.839+0000] {processor.py:840} INFO - DAG(s) 'example_trigger_target_dag' retrieved from /home/airflow/.local/lib/python3.12/site-packages/airflow/example_dags/example_trigger_target_dag.py
[2024-07-31T12:14:30.863+0000] {logging_mixin.py:188} INFO - [2024-07-31T12:14:30.862+0000] {dag.py:3089} INFO - Sync 1 DAGs
[2024-07-31T12:14:30.879+0000] {logging_mixin.py:188} INFO - [2024-07-31T12:14:30.879+0000] {dag.py:3947} INFO - Setting next_dagrun for example_trigger_target_dag to None, run_after=None
[2024-07-31T12:14:30.903+0000] {processor.py:183} INFO - Processing /home/airflow/.local/lib/python3.12/site-packages/airflow/example_dags/example_trigger_target_dag.py took 0.081 seconds
[2024-07-31T12:15:01.127+0000] {processor.py:161} INFO - Started process (PID=800) to work on /home/airflow/.local/lib/python3.12/site-packages/airflow/example_dags/example_trigger_target_dag.py
[2024-07-31T12:15:01.128+0000] {processor.py:830} INFO - Processing file /home/airflow/.local/lib/python3.12/site-packages/airflow/example_dags/example_trigger_target_dag.py for tasks to queue
[2024-07-31T12:15:01.130+0000] {logging_mixin.py:188} INFO - [2024-07-31T12:15:01.130+0000] {dagbag.py:545} INFO - Filling up the DagBag from /home/airflow/.local/lib/python3.12/site-packages/airflow/example_dags/example_trigger_target_dag.py
[2024-07-31T12:15:01.136+0000] {processor.py:840} INFO - DAG(s) 'example_trigger_target_dag' retrieved from /home/airflow/.local/lib/python3.12/site-packages/airflow/example_dags/example_trigger_target_dag.py
[2024-07-31T12:15:01.160+0000] {logging_mixin.py:188} INFO - [2024-07-31T12:15:01.160+0000] {dag.py:3089} INFO - Sync 1 DAGs
[2024-07-31T12:15:01.182+0000] {logging_mixin.py:188} INFO - [2024-07-31T12:15:01.182+0000] {dag.py:3947} INFO - Setting next_dagrun for example_trigger_target_dag to None, run_after=None
[2024-07-31T12:15:01.214+0000] {processor.py:183} INFO - Processing /home/airflow/.local/lib/python3.12/site-packages/airflow/example_dags/example_trigger_target_dag.py took 0.094 seconds
[2024-07-31T12:15:31.675+0000] {processor.py:161} INFO - Started process (PID=857) to work on /home/airflow/.local/lib/python3.12/site-packages/airflow/example_dags/example_trigger_target_dag.py
[2024-07-31T12:15:31.676+0000] {processor.py:830} INFO - Processing file /home/airflow/.local/lib/python3.12/site-packages/airflow/example_dags/example_trigger_target_dag.py for tasks to queue
[2024-07-31T12:15:31.679+0000] {logging_mixin.py:188} INFO - [2024-07-31T12:15:31.678+0000] {dagbag.py:545} INFO - Filling up the DagBag from /home/airflow/.local/lib/python3.12/site-packages/airflow/example_dags/example_trigger_target_dag.py
[2024-07-31T12:15:31.687+0000] {processor.py:840} INFO - DAG(s) 'example_trigger_target_dag' retrieved from /home/airflow/.local/lib/python3.12/site-packages/airflow/example_dags/example_trigger_target_dag.py
[2024-07-31T12:15:31.719+0000] {logging_mixin.py:188} INFO - [2024-07-31T12:15:31.719+0000] {dag.py:3089} INFO - Sync 1 DAGs
[2024-07-31T12:15:31.736+0000] {logging_mixin.py:188} INFO - [2024-07-31T12:15:31.736+0000] {dag.py:3947} INFO - Setting next_dagrun for example_trigger_target_dag to None, run_after=None
[2024-07-31T12:15:31.772+0000] {processor.py:183} INFO - Processing /home/airflow/.local/lib/python3.12/site-packages/airflow/example_dags/example_trigger_target_dag.py took 0.103 seconds
[2024-07-31T12:16:01.824+0000] {processor.py:161} INFO - Started process (PID=914) to work on /home/airflow/.local/lib/python3.12/site-packages/airflow/example_dags/example_trigger_target_dag.py
[2024-07-31T12:16:01.825+0000] {processor.py:830} INFO - Processing file /home/airflow/.local/lib/python3.12/site-packages/airflow/example_dags/example_trigger_target_dag.py for tasks to queue
[2024-07-31T12:16:01.827+0000] {logging_mixin.py:188} INFO - [2024-07-31T12:16:01.826+0000] {dagbag.py:545} INFO - Filling up the DagBag from /home/airflow/.local/lib/python3.12/site-packages/airflow/example_dags/example_trigger_target_dag.py
[2024-07-31T12:16:01.832+0000] {processor.py:840} INFO - DAG(s) 'example_trigger_target_dag' retrieved from /home/airflow/.local/lib/python3.12/site-packages/airflow/example_dags/example_trigger_target_dag.py
[2024-07-31T12:16:01.855+0000] {logging_mixin.py:188} INFO - [2024-07-31T12:16:01.855+0000] {dag.py:3089} INFO - Sync 1 DAGs
[2024-07-31T12:16:01.872+0000] {logging_mixin.py:188} INFO - [2024-07-31T12:16:01.871+0000] {dag.py:3947} INFO - Setting next_dagrun for example_trigger_target_dag to None, run_after=None
[2024-07-31T12:16:01.898+0000] {processor.py:183} INFO - Processing /home/airflow/.local/lib/python3.12/site-packages/airflow/example_dags/example_trigger_target_dag.py took 0.081 seconds
[2024-07-31T12:16:32.099+0000] {processor.py:161} INFO - Started process (PID=971) to work on /home/airflow/.local/lib/python3.12/site-packages/airflow/example_dags/example_trigger_target_dag.py
[2024-07-31T12:16:32.100+0000] {processor.py:830} INFO - Processing file /home/airflow/.local/lib/python3.12/site-packages/airflow/example_dags/example_trigger_target_dag.py for tasks to queue
[2024-07-31T12:16:32.102+0000] {logging_mixin.py:188} INFO - [2024-07-31T12:16:32.102+0000] {dagbag.py:545} INFO - Filling up the DagBag from /home/airflow/.local/lib/python3.12/site-packages/airflow/example_dags/example_trigger_target_dag.py
[2024-07-31T12:16:32.110+0000] {processor.py:840} INFO - DAG(s) 'example_trigger_target_dag' retrieved from /home/airflow/.local/lib/python3.12/site-packages/airflow/example_dags/example_trigger_target_dag.py
[2024-07-31T12:16:32.131+0000] {logging_mixin.py:188} INFO - [2024-07-31T12:16:32.131+0000] {dag.py:3089} INFO - Sync 1 DAGs
[2024-07-31T12:16:32.144+0000] {logging_mixin.py:188} INFO - [2024-07-31T12:16:32.143+0000] {dag.py:3947} INFO - Setting next_dagrun for example_trigger_target_dag to None, run_after=None
[2024-07-31T12:16:32.169+0000] {processor.py:183} INFO - Processing /home/airflow/.local/lib/python3.12/site-packages/airflow/example_dags/example_trigger_target_dag.py took 0.078 seconds
[2024-07-31T12:17:03.227+0000] {processor.py:161} INFO - Started process (PID=1028) to work on /home/airflow/.local/lib/python3.12/site-packages/airflow/example_dags/example_trigger_target_dag.py
[2024-07-31T12:17:03.229+0000] {processor.py:830} INFO - Processing file /home/airflow/.local/lib/python3.12/site-packages/airflow/example_dags/example_trigger_target_dag.py for tasks to queue
[2024-07-31T12:17:03.231+0000] {logging_mixin.py:188} INFO - [2024-07-31T12:17:03.230+0000] {dagbag.py:545} INFO - Filling up the DagBag from /home/airflow/.local/lib/python3.12/site-packages/airflow/example_dags/example_trigger_target_dag.py
[2024-07-31T12:17:03.241+0000] {processor.py:840} INFO - DAG(s) 'example_trigger_target_dag' retrieved from /home/airflow/.local/lib/python3.12/site-packages/airflow/example_dags/example_trigger_target_dag.py
[2024-07-31T12:17:03.261+0000] {logging_mixin.py:188} INFO - [2024-07-31T12:17:03.260+0000] {dag.py:3089} INFO - Sync 1 DAGs
[2024-07-31T12:17:03.273+0000] {logging_mixin.py:188} INFO - [2024-07-31T12:17:03.273+0000] {dag.py:3947} INFO - Setting next_dagrun for example_trigger_target_dag to None, run_after=None
[2024-07-31T12:17:03.300+0000] {processor.py:183} INFO - Processing /home/airflow/.local/lib/python3.12/site-packages/airflow/example_dags/example_trigger_target_dag.py took 0.079 seconds
[2024-07-31T12:17:34.156+0000] {processor.py:161} INFO - Started process (PID=1086) to work on /home/airflow/.local/lib/python3.12/site-packages/airflow/example_dags/example_trigger_target_dag.py
[2024-07-31T12:17:34.157+0000] {processor.py:830} INFO - Processing file /home/airflow/.local/lib/python3.12/site-packages/airflow/example_dags/example_trigger_target_dag.py for tasks to queue
[2024-07-31T12:17:34.158+0000] {logging_mixin.py:188} INFO - [2024-07-31T12:17:34.158+0000] {dagbag.py:545} INFO - Filling up the DagBag from /home/airflow/.local/lib/python3.12/site-packages/airflow/example_dags/example_trigger_target_dag.py
[2024-07-31T12:17:34.163+0000] {processor.py:840} INFO - DAG(s) 'example_trigger_target_dag' retrieved from /home/airflow/.local/lib/python3.12/site-packages/airflow/example_dags/example_trigger_target_dag.py
[2024-07-31T12:17:34.183+0000] {logging_mixin.py:188} INFO - [2024-07-31T12:17:34.183+0000] {dag.py:3089} INFO - Sync 1 DAGs
[2024-07-31T12:17:34.199+0000] {logging_mixin.py:188} INFO - [2024-07-31T12:17:34.199+0000] {dag.py:3947} INFO - Setting next_dagrun for example_trigger_target_dag to None, run_after=None
[2024-07-31T12:17:34.226+0000] {processor.py:183} INFO - Processing /home/airflow/.local/lib/python3.12/site-packages/airflow/example_dags/example_trigger_target_dag.py took 0.075 seconds
[2024-07-31T12:18:04.761+0000] {processor.py:161} INFO - Started process (PID=1144) to work on /home/airflow/.local/lib/python3.12/site-packages/airflow/example_dags/example_trigger_target_dag.py
[2024-07-31T12:18:04.761+0000] {processor.py:830} INFO - Processing file /home/airflow/.local/lib/python3.12/site-packages/airflow/example_dags/example_trigger_target_dag.py for tasks to queue
[2024-07-31T12:18:04.763+0000] {logging_mixin.py:188} INFO - [2024-07-31T12:18:04.762+0000] {dagbag.py:545} INFO - Filling up the DagBag from /home/airflow/.local/lib/python3.12/site-packages/airflow/example_dags/example_trigger_target_dag.py
[2024-07-31T12:18:04.768+0000] {processor.py:840} INFO - DAG(s) 'example_trigger_target_dag' retrieved from /home/airflow/.local/lib/python3.12/site-packages/airflow/example_dags/example_trigger_target_dag.py
[2024-07-31T12:18:04.794+0000] {logging_mixin.py:188} INFO - [2024-07-31T12:18:04.794+0000] {dag.py:3089} INFO - Sync 1 DAGs
[2024-07-31T12:18:04.827+0000] {logging_mixin.py:188} INFO - [2024-07-31T12:18:04.826+0000] {dag.py:3947} INFO - Setting next_dagrun for example_trigger_target_dag to None, run_after=None
[2024-07-31T12:18:04.860+0000] {processor.py:183} INFO - Processing /home/airflow/.local/lib/python3.12/site-packages/airflow/example_dags/example_trigger_target_dag.py took 0.104 seconds
[2024-07-31T12:18:35.355+0000] {processor.py:161} INFO - Started process (PID=1202) to work on /home/airflow/.local/lib/python3.12/site-packages/airflow/example_dags/example_trigger_target_dag.py
[2024-07-31T12:18:35.356+0000] {processor.py:830} INFO - Processing file /home/airflow/.local/lib/python3.12/site-packages/airflow/example_dags/example_trigger_target_dag.py for tasks to queue
[2024-07-31T12:18:35.357+0000] {logging_mixin.py:188} INFO - [2024-07-31T12:18:35.357+0000] {dagbag.py:545} INFO - Filling up the DagBag from /home/airflow/.local/lib/python3.12/site-packages/airflow/example_dags/example_trigger_target_dag.py
[2024-07-31T12:18:35.363+0000] {processor.py:840} INFO - DAG(s) 'example_trigger_target_dag' retrieved from /home/airflow/.local/lib/python3.12/site-packages/airflow/example_dags/example_trigger_target_dag.py
[2024-07-31T12:18:35.389+0000] {logging_mixin.py:188} INFO - [2024-07-31T12:18:35.388+0000] {dag.py:3089} INFO - Sync 1 DAGs
[2024-07-31T12:18:35.406+0000] {logging_mixin.py:188} INFO - [2024-07-31T12:18:35.406+0000] {dag.py:3947} INFO - Setting next_dagrun for example_trigger_target_dag to None, run_after=None
[2024-07-31T12:18:35.435+0000] {processor.py:183} INFO - Processing /home/airflow/.local/lib/python3.12/site-packages/airflow/example_dags/example_trigger_target_dag.py took 0.086 seconds
[2024-07-31T12:19:06.670+0000] {processor.py:161} INFO - Started process (PID=1260) to work on /home/airflow/.local/lib/python3.12/site-packages/airflow/example_dags/example_trigger_target_dag.py
[2024-07-31T12:19:06.671+0000] {processor.py:830} INFO - Processing file /home/airflow/.local/lib/python3.12/site-packages/airflow/example_dags/example_trigger_target_dag.py for tasks to queue
[2024-07-31T12:19:06.673+0000] {logging_mixin.py:188} INFO - [2024-07-31T12:19:06.673+0000] {dagbag.py:545} INFO - Filling up the DagBag from /home/airflow/.local/lib/python3.12/site-packages/airflow/example_dags/example_trigger_target_dag.py
[2024-07-31T12:19:06.678+0000] {processor.py:840} INFO - DAG(s) 'example_trigger_target_dag' retrieved from /home/airflow/.local/lib/python3.12/site-packages/airflow/example_dags/example_trigger_target_dag.py
[2024-07-31T12:19:06.699+0000] {logging_mixin.py:188} INFO - [2024-07-31T12:19:06.698+0000] {dag.py:3089} INFO - Sync 1 DAGs
[2024-07-31T12:19:06.716+0000] {logging_mixin.py:188} INFO - [2024-07-31T12:19:06.716+0000] {dag.py:3947} INFO - Setting next_dagrun for example_trigger_target_dag to None, run_after=None
[2024-07-31T12:19:06.742+0000] {processor.py:183} INFO - Processing /home/airflow/.local/lib/python3.12/site-packages/airflow/example_dags/example_trigger_target_dag.py took 0.078 seconds
[2024-07-31T12:19:37.019+0000] {processor.py:161} INFO - Started process (PID=1318) to work on /home/airflow/.local/lib/python3.12/site-packages/airflow/example_dags/example_trigger_target_dag.py
[2024-07-31T12:19:37.020+0000] {processor.py:830} INFO - Processing file /home/airflow/.local/lib/python3.12/site-packages/airflow/example_dags/example_trigger_target_dag.py for tasks to queue
[2024-07-31T12:19:37.021+0000] {logging_mixin.py:188} INFO - [2024-07-31T12:19:37.021+0000] {dagbag.py:545} INFO - Filling up the DagBag from /home/airflow/.local/lib/python3.12/site-packages/airflow/example_dags/example_trigger_target_dag.py
[2024-07-31T12:19:37.027+0000] {processor.py:840} INFO - DAG(s) 'example_trigger_target_dag' retrieved from /home/airflow/.local/lib/python3.12/site-packages/airflow/example_dags/example_trigger_target_dag.py
[2024-07-31T12:19:37.047+0000] {logging_mixin.py:188} INFO - [2024-07-31T12:19:37.046+0000] {dag.py:3089} INFO - Sync 1 DAGs
[2024-07-31T12:19:37.064+0000] {logging_mixin.py:188} INFO - [2024-07-31T12:19:37.063+0000] {dag.py:3947} INFO - Setting next_dagrun for example_trigger_target_dag to None, run_after=None
[2024-07-31T12:19:37.086+0000] {processor.py:183} INFO - Processing /home/airflow/.local/lib/python3.12/site-packages/airflow/example_dags/example_trigger_target_dag.py took 0.073 seconds
[2024-07-31T12:20:08.308+0000] {processor.py:161} INFO - Started process (PID=1376) to work on /home/airflow/.local/lib/python3.12/site-packages/airflow/example_dags/example_trigger_target_dag.py
[2024-07-31T12:20:08.312+0000] {processor.py:830} INFO - Processing file /home/airflow/.local/lib/python3.12/site-packages/airflow/example_dags/example_trigger_target_dag.py for tasks to queue
[2024-07-31T12:20:08.314+0000] {logging_mixin.py:188} INFO - [2024-07-31T12:20:08.313+0000] {dagbag.py:545} INFO - Filling up the DagBag from /home/airflow/.local/lib/python3.12/site-packages/airflow/example_dags/example_trigger_target_dag.py
[2024-07-31T12:20:08.324+0000] {processor.py:840} INFO - DAG(s) 'example_trigger_target_dag' retrieved from /home/airflow/.local/lib/python3.12/site-packages/airflow/example_dags/example_trigger_target_dag.py
[2024-07-31T12:20:08.351+0000] {logging_mixin.py:188} INFO - [2024-07-31T12:20:08.351+0000] {dag.py:3089} INFO - Sync 1 DAGs
[2024-07-31T12:20:08.369+0000] {logging_mixin.py:188} INFO - [2024-07-31T12:20:08.369+0000] {dag.py:3947} INFO - Setting next_dagrun for example_trigger_target_dag to None, run_after=None
[2024-07-31T12:20:08.401+0000] {processor.py:183} INFO - Processing /home/airflow/.local/lib/python3.12/site-packages/airflow/example_dags/example_trigger_target_dag.py took 0.100 seconds
[2024-07-31T12:20:38.659+0000] {processor.py:161} INFO - Started process (PID=1434) to work on /home/airflow/.local/lib/python3.12/site-packages/airflow/example_dags/example_trigger_target_dag.py
[2024-07-31T12:20:38.660+0000] {processor.py:830} INFO - Processing file /home/airflow/.local/lib/python3.12/site-packages/airflow/example_dags/example_trigger_target_dag.py for tasks to queue
[2024-07-31T12:20:38.661+0000] {logging_mixin.py:188} INFO - [2024-07-31T12:20:38.661+0000] {dagbag.py:545} INFO - Filling up the DagBag from /home/airflow/.local/lib/python3.12/site-packages/airflow/example_dags/example_trigger_target_dag.py
[2024-07-31T12:20:38.667+0000] {processor.py:840} INFO - DAG(s) 'example_trigger_target_dag' retrieved from /home/airflow/.local/lib/python3.12/site-packages/airflow/example_dags/example_trigger_target_dag.py
[2024-07-31T12:20:38.691+0000] {logging_mixin.py:188} INFO - [2024-07-31T12:20:38.691+0000] {dag.py:3089} INFO - Sync 1 DAGs
[2024-07-31T12:20:38.710+0000] {logging_mixin.py:188} INFO - [2024-07-31T12:20:38.709+0000] {dag.py:3947} INFO - Setting next_dagrun for example_trigger_target_dag to None, run_after=None
[2024-07-31T12:20:38.743+0000] {processor.py:183} INFO - Processing /home/airflow/.local/lib/python3.12/site-packages/airflow/example_dags/example_trigger_target_dag.py took 0.090 seconds
[2024-07-31T12:21:08.948+0000] {processor.py:161} INFO - Started process (PID=1492) to work on /home/airflow/.local/lib/python3.12/site-packages/airflow/example_dags/example_trigger_target_dag.py
[2024-07-31T12:21:08.949+0000] {processor.py:830} INFO - Processing file /home/airflow/.local/lib/python3.12/site-packages/airflow/example_dags/example_trigger_target_dag.py for tasks to queue
[2024-07-31T12:21:08.951+0000] {logging_mixin.py:188} INFO - [2024-07-31T12:21:08.951+0000] {dagbag.py:545} INFO - Filling up the DagBag from /home/airflow/.local/lib/python3.12/site-packages/airflow/example_dags/example_trigger_target_dag.py
[2024-07-31T12:21:08.956+0000] {processor.py:840} INFO - DAG(s) 'example_trigger_target_dag' retrieved from /home/airflow/.local/lib/python3.12/site-packages/airflow/example_dags/example_trigger_target_dag.py
[2024-07-31T12:21:08.977+0000] {logging_mixin.py:188} INFO - [2024-07-31T12:21:08.977+0000] {dag.py:3089} INFO - Sync 1 DAGs
[2024-07-31T12:21:08.990+0000] {logging_mixin.py:188} INFO - [2024-07-31T12:21:08.989+0000] {dag.py:3947} INFO - Setting next_dagrun for example_trigger_target_dag to None, run_after=None
[2024-07-31T12:21:09.017+0000] {processor.py:183} INFO - Processing /home/airflow/.local/lib/python3.12/site-packages/airflow/example_dags/example_trigger_target_dag.py took 0.074 seconds
[2024-07-31T12:21:39.140+0000] {processor.py:161} INFO - Started process (PID=1549) to work on /home/airflow/.local/lib/python3.12/site-packages/airflow/example_dags/example_trigger_target_dag.py
[2024-07-31T12:21:39.141+0000] {processor.py:830} INFO - Processing file /home/airflow/.local/lib/python3.12/site-packages/airflow/example_dags/example_trigger_target_dag.py for tasks to queue
[2024-07-31T12:21:39.143+0000] {logging_mixin.py:188} INFO - [2024-07-31T12:21:39.143+0000] {dagbag.py:545} INFO - Filling up the DagBag from /home/airflow/.local/lib/python3.12/site-packages/airflow/example_dags/example_trigger_target_dag.py
[2024-07-31T12:21:39.152+0000] {processor.py:840} INFO - DAG(s) 'example_trigger_target_dag' retrieved from /home/airflow/.local/lib/python3.12/site-packages/airflow/example_dags/example_trigger_target_dag.py
[2024-07-31T12:21:39.175+0000] {logging_mixin.py:188} INFO - [2024-07-31T12:21:39.175+0000] {dag.py:3089} INFO - Sync 1 DAGs
[2024-07-31T12:21:39.189+0000] {logging_mixin.py:188} INFO - [2024-07-31T12:21:39.189+0000] {dag.py:3947} INFO - Setting next_dagrun for example_trigger_target_dag to None, run_after=None
[2024-07-31T12:21:39.212+0000] {processor.py:183} INFO - Processing /home/airflow/.local/lib/python3.12/site-packages/airflow/example_dags/example_trigger_target_dag.py took 0.077 seconds
[2024-07-31T12:22:09.656+0000] {processor.py:161} INFO - Started process (PID=1607) to work on /home/airflow/.local/lib/python3.12/site-packages/airflow/example_dags/example_trigger_target_dag.py
[2024-07-31T12:22:09.656+0000] {processor.py:830} INFO - Processing file /home/airflow/.local/lib/python3.12/site-packages/airflow/example_dags/example_trigger_target_dag.py for tasks to queue
[2024-07-31T12:22:09.658+0000] {logging_mixin.py:188} INFO - [2024-07-31T12:22:09.658+0000] {dagbag.py:545} INFO - Filling up the DagBag from /home/airflow/.local/lib/python3.12/site-packages/airflow/example_dags/example_trigger_target_dag.py
[2024-07-31T12:22:09.665+0000] {processor.py:840} INFO - DAG(s) 'example_trigger_target_dag' retrieved from /home/airflow/.local/lib/python3.12/site-packages/airflow/example_dags/example_trigger_target_dag.py
[2024-07-31T12:22:09.692+0000] {logging_mixin.py:188} INFO - [2024-07-31T12:22:09.692+0000] {dag.py:3089} INFO - Sync 1 DAGs
[2024-07-31T12:22:09.712+0000] {logging_mixin.py:188} INFO - [2024-07-31T12:22:09.712+0000] {dag.py:3947} INFO - Setting next_dagrun for example_trigger_target_dag to None, run_after=None
[2024-07-31T12:22:09.748+0000] {processor.py:183} INFO - Processing /home/airflow/.local/lib/python3.12/site-packages/airflow/example_dags/example_trigger_target_dag.py took 0.099 seconds
[2024-07-31T12:22:40.266+0000] {processor.py:161} INFO - Started process (PID=1665) to work on /home/airflow/.local/lib/python3.12/site-packages/airflow/example_dags/example_trigger_target_dag.py
[2024-07-31T12:22:40.268+0000] {processor.py:830} INFO - Processing file /home/airflow/.local/lib/python3.12/site-packages/airflow/example_dags/example_trigger_target_dag.py for tasks to queue
[2024-07-31T12:22:40.269+0000] {logging_mixin.py:188} INFO - [2024-07-31T12:22:40.269+0000] {dagbag.py:545} INFO - Filling up the DagBag from /home/airflow/.local/lib/python3.12/site-packages/airflow/example_dags/example_trigger_target_dag.py
[2024-07-31T12:22:40.274+0000] {processor.py:840} INFO - DAG(s) 'example_trigger_target_dag' retrieved from /home/airflow/.local/lib/python3.12/site-packages/airflow/example_dags/example_trigger_target_dag.py
[2024-07-31T12:22:40.293+0000] {logging_mixin.py:188} INFO - [2024-07-31T12:22:40.293+0000] {dag.py:3089} INFO - Sync 1 DAGs
[2024-07-31T12:22:40.311+0000] {logging_mixin.py:188} INFO - [2024-07-31T12:22:40.311+0000] {dag.py:3947} INFO - Setting next_dagrun for example_trigger_target_dag to None, run_after=None
[2024-07-31T12:22:40.338+0000] {processor.py:183} INFO - Processing /home/airflow/.local/lib/python3.12/site-packages/airflow/example_dags/example_trigger_target_dag.py took 0.079 seconds
[2024-07-31T12:23:10.963+0000] {processor.py:161} INFO - Started process (PID=1722) to work on /home/airflow/.local/lib/python3.12/site-packages/airflow/example_dags/example_trigger_target_dag.py
[2024-07-31T12:23:10.964+0000] {processor.py:830} INFO - Processing file /home/airflow/.local/lib/python3.12/site-packages/airflow/example_dags/example_trigger_target_dag.py for tasks to queue
[2024-07-31T12:23:10.967+0000] {logging_mixin.py:188} INFO - [2024-07-31T12:23:10.966+0000] {dagbag.py:545} INFO - Filling up the DagBag from /home/airflow/.local/lib/python3.12/site-packages/airflow/example_dags/example_trigger_target_dag.py
[2024-07-31T12:23:10.974+0000] {processor.py:840} INFO - DAG(s) 'example_trigger_target_dag' retrieved from /home/airflow/.local/lib/python3.12/site-packages/airflow/example_dags/example_trigger_target_dag.py
[2024-07-31T12:23:10.997+0000] {logging_mixin.py:188} INFO - [2024-07-31T12:23:10.996+0000] {dag.py:3089} INFO - Sync 1 DAGs
[2024-07-31T12:23:11.013+0000] {logging_mixin.py:188} INFO - [2024-07-31T12:23:11.013+0000] {dag.py:3947} INFO - Setting next_dagrun for example_trigger_target_dag to None, run_after=None
[2024-07-31T12:23:11.041+0000] {processor.py:183} INFO - Processing /home/airflow/.local/lib/python3.12/site-packages/airflow/example_dags/example_trigger_target_dag.py took 0.084 seconds
[2024-07-31T12:23:42.054+0000] {processor.py:161} INFO - Started process (PID=1780) to work on /home/airflow/.local/lib/python3.12/site-packages/airflow/example_dags/example_trigger_target_dag.py
[2024-07-31T12:23:42.055+0000] {processor.py:830} INFO - Processing file /home/airflow/.local/lib/python3.12/site-packages/airflow/example_dags/example_trigger_target_dag.py for tasks to queue
[2024-07-31T12:23:42.057+0000] {logging_mixin.py:188} INFO - [2024-07-31T12:23:42.057+0000] {dagbag.py:545} INFO - Filling up the DagBag from /home/airflow/.local/lib/python3.12/site-packages/airflow/example_dags/example_trigger_target_dag.py
[2024-07-31T12:23:42.063+0000] {processor.py:840} INFO - DAG(s) 'example_trigger_target_dag' retrieved from /home/airflow/.local/lib/python3.12/site-packages/airflow/example_dags/example_trigger_target_dag.py
[2024-07-31T12:23:42.085+0000] {logging_mixin.py:188} INFO - [2024-07-31T12:23:42.084+0000] {dag.py:3089} INFO - Sync 1 DAGs
[2024-07-31T12:23:42.101+0000] {logging_mixin.py:188} INFO - [2024-07-31T12:23:42.101+0000] {dag.py:3947} INFO - Setting next_dagrun for example_trigger_target_dag to None, run_after=None
[2024-07-31T12:23:42.307+0000] {processor.py:183} INFO - Processing /home/airflow/.local/lib/python3.12/site-packages/airflow/example_dags/example_trigger_target_dag.py took 0.260 seconds
[2024-07-31T12:24:12.689+0000] {processor.py:161} INFO - Started process (PID=1838) to work on /home/airflow/.local/lib/python3.12/site-packages/airflow/example_dags/example_trigger_target_dag.py
[2024-07-31T12:24:12.689+0000] {processor.py:830} INFO - Processing file /home/airflow/.local/lib/python3.12/site-packages/airflow/example_dags/example_trigger_target_dag.py for tasks to queue
[2024-07-31T12:24:12.691+0000] {logging_mixin.py:188} INFO - [2024-07-31T12:24:12.691+0000] {dagbag.py:545} INFO - Filling up the DagBag from /home/airflow/.local/lib/python3.12/site-packages/airflow/example_dags/example_trigger_target_dag.py
[2024-07-31T12:24:12.698+0000] {processor.py:840} INFO - DAG(s) 'example_trigger_target_dag' retrieved from /home/airflow/.local/lib/python3.12/site-packages/airflow/example_dags/example_trigger_target_dag.py
[2024-07-31T12:24:12.726+0000] {logging_mixin.py:188} INFO - [2024-07-31T12:24:12.726+0000] {dag.py:3089} INFO - Sync 1 DAGs
[2024-07-31T12:24:12.750+0000] {logging_mixin.py:188} INFO - [2024-07-31T12:24:12.749+0000] {dag.py:3947} INFO - Setting next_dagrun for example_trigger_target_dag to None, run_after=None
[2024-07-31T12:24:12.959+0000] {processor.py:183} INFO - Processing /home/airflow/.local/lib/python3.12/site-packages/airflow/example_dags/example_trigger_target_dag.py took 0.278 seconds
[2024-07-31T12:24:43.618+0000] {processor.py:161} INFO - Started process (PID=1896) to work on /home/airflow/.local/lib/python3.12/site-packages/airflow/example_dags/example_trigger_target_dag.py
[2024-07-31T12:24:43.620+0000] {processor.py:830} INFO - Processing file /home/airflow/.local/lib/python3.12/site-packages/airflow/example_dags/example_trigger_target_dag.py for tasks to queue
[2024-07-31T12:24:43.622+0000] {logging_mixin.py:188} INFO - [2024-07-31T12:24:43.621+0000] {dagbag.py:545} INFO - Filling up the DagBag from /home/airflow/.local/lib/python3.12/site-packages/airflow/example_dags/example_trigger_target_dag.py
[2024-07-31T12:24:43.628+0000] {processor.py:840} INFO - DAG(s) 'example_trigger_target_dag' retrieved from /home/airflow/.local/lib/python3.12/site-packages/airflow/example_dags/example_trigger_target_dag.py
[2024-07-31T12:24:43.658+0000] {logging_mixin.py:188} INFO - [2024-07-31T12:24:43.658+0000] {dag.py:3089} INFO - Sync 1 DAGs
[2024-07-31T12:24:43.681+0000] {logging_mixin.py:188} INFO - [2024-07-31T12:24:43.681+0000] {dag.py:3947} INFO - Setting next_dagrun for example_trigger_target_dag to None, run_after=None
[2024-07-31T12:24:43.721+0000] {processor.py:183} INFO - Processing /home/airflow/.local/lib/python3.12/site-packages/airflow/example_dags/example_trigger_target_dag.py took 0.110 seconds
[2024-07-31T12:25:14.221+0000] {processor.py:161} INFO - Started process (PID=1954) to work on /home/airflow/.local/lib/python3.12/site-packages/airflow/example_dags/example_trigger_target_dag.py
[2024-07-31T12:25:14.221+0000] {processor.py:830} INFO - Processing file /home/airflow/.local/lib/python3.12/site-packages/airflow/example_dags/example_trigger_target_dag.py for tasks to queue
[2024-07-31T12:25:14.223+0000] {logging_mixin.py:188} INFO - [2024-07-31T12:25:14.223+0000] {dagbag.py:545} INFO - Filling up the DagBag from /home/airflow/.local/lib/python3.12/site-packages/airflow/example_dags/example_trigger_target_dag.py
[2024-07-31T12:25:14.230+0000] {processor.py:840} INFO - DAG(s) 'example_trigger_target_dag' retrieved from /home/airflow/.local/lib/python3.12/site-packages/airflow/example_dags/example_trigger_target_dag.py
[2024-07-31T12:25:14.252+0000] {logging_mixin.py:188} INFO - [2024-07-31T12:25:14.252+0000] {dag.py:3089} INFO - Sync 1 DAGs
[2024-07-31T12:25:14.271+0000] {logging_mixin.py:188} INFO - [2024-07-31T12:25:14.270+0000] {dag.py:3947} INFO - Setting next_dagrun for example_trigger_target_dag to None, run_after=None
[2024-07-31T12:25:14.299+0000] {processor.py:183} INFO - Processing /home/airflow/.local/lib/python3.12/site-packages/airflow/example_dags/example_trigger_target_dag.py took 0.084 seconds
[2024-07-31T12:25:45.040+0000] {processor.py:161} INFO - Started process (PID=2012) to work on /home/airflow/.local/lib/python3.12/site-packages/airflow/example_dags/example_trigger_target_dag.py
[2024-07-31T12:25:45.041+0000] {processor.py:830} INFO - Processing file /home/airflow/.local/lib/python3.12/site-packages/airflow/example_dags/example_trigger_target_dag.py for tasks to queue
[2024-07-31T12:25:45.045+0000] {logging_mixin.py:188} INFO - [2024-07-31T12:25:45.044+0000] {dagbag.py:545} INFO - Filling up the DagBag from /home/airflow/.local/lib/python3.12/site-packages/airflow/example_dags/example_trigger_target_dag.py
[2024-07-31T12:25:45.054+0000] {processor.py:840} INFO - DAG(s) 'example_trigger_target_dag' retrieved from /home/airflow/.local/lib/python3.12/site-packages/airflow/example_dags/example_trigger_target_dag.py
[2024-07-31T12:25:45.087+0000] {logging_mixin.py:188} INFO - [2024-07-31T12:25:45.087+0000] {dag.py:3089} INFO - Sync 1 DAGs
[2024-07-31T12:25:45.104+0000] {logging_mixin.py:188} INFO - [2024-07-31T12:25:45.103+0000] {dag.py:3947} INFO - Setting next_dagrun for example_trigger_target_dag to None, run_after=None
[2024-07-31T12:25:45.135+0000] {processor.py:183} INFO - Processing /home/airflow/.local/lib/python3.12/site-packages/airflow/example_dags/example_trigger_target_dag.py took 0.105 seconds
[2024-07-31T12:26:15.734+0000] {processor.py:161} INFO - Started process (PID=2070) to work on /home/airflow/.local/lib/python3.12/site-packages/airflow/example_dags/example_trigger_target_dag.py
[2024-07-31T12:26:15.735+0000] {processor.py:830} INFO - Processing file /home/airflow/.local/lib/python3.12/site-packages/airflow/example_dags/example_trigger_target_dag.py for tasks to queue
[2024-07-31T12:26:15.738+0000] {logging_mixin.py:188} INFO - [2024-07-31T12:26:15.737+0000] {dagbag.py:545} INFO - Filling up the DagBag from /home/airflow/.local/lib/python3.12/site-packages/airflow/example_dags/example_trigger_target_dag.py
[2024-07-31T12:26:15.749+0000] {processor.py:840} INFO - DAG(s) 'example_trigger_target_dag' retrieved from /home/airflow/.local/lib/python3.12/site-packages/airflow/example_dags/example_trigger_target_dag.py
[2024-07-31T12:26:15.785+0000] {logging_mixin.py:188} INFO - [2024-07-31T12:26:15.785+0000] {dag.py:3089} INFO - Sync 1 DAGs
[2024-07-31T12:26:15.812+0000] {logging_mixin.py:188} INFO - [2024-07-31T12:26:15.812+0000] {dag.py:3947} INFO - Setting next_dagrun for example_trigger_target_dag to None, run_after=None
[2024-07-31T12:26:15.853+0000] {processor.py:183} INFO - Processing /home/airflow/.local/lib/python3.12/site-packages/airflow/example_dags/example_trigger_target_dag.py took 0.129 seconds
[2024-07-31T12:26:46.353+0000] {processor.py:161} INFO - Started process (PID=2127) to work on /home/airflow/.local/lib/python3.12/site-packages/airflow/example_dags/example_trigger_target_dag.py
[2024-07-31T12:26:46.354+0000] {processor.py:830} INFO - Processing file /home/airflow/.local/lib/python3.12/site-packages/airflow/example_dags/example_trigger_target_dag.py for tasks to queue
[2024-07-31T12:26:46.356+0000] {logging_mixin.py:188} INFO - [2024-07-31T12:26:46.356+0000] {dagbag.py:545} INFO - Filling up the DagBag from /home/airflow/.local/lib/python3.12/site-packages/airflow/example_dags/example_trigger_target_dag.py
[2024-07-31T12:26:46.362+0000] {processor.py:840} INFO - DAG(s) 'example_trigger_target_dag' retrieved from /home/airflow/.local/lib/python3.12/site-packages/airflow/example_dags/example_trigger_target_dag.py
[2024-07-31T12:26:46.389+0000] {logging_mixin.py:188} INFO - [2024-07-31T12:26:46.389+0000] {dag.py:3089} INFO - Sync 1 DAGs
[2024-07-31T12:26:46.405+0000] {logging_mixin.py:188} INFO - [2024-07-31T12:26:46.405+0000] {dag.py:3947} INFO - Setting next_dagrun for example_trigger_target_dag to None, run_after=None
[2024-07-31T12:26:46.430+0000] {processor.py:183} INFO - Processing /home/airflow/.local/lib/python3.12/site-packages/airflow/example_dags/example_trigger_target_dag.py took 0.084 seconds
[2024-07-31T12:27:16.633+0000] {processor.py:161} INFO - Started process (PID=2185) to work on /home/airflow/.local/lib/python3.12/site-packages/airflow/example_dags/example_trigger_target_dag.py
[2024-07-31T12:27:16.634+0000] {processor.py:830} INFO - Processing file /home/airflow/.local/lib/python3.12/site-packages/airflow/example_dags/example_trigger_target_dag.py for tasks to queue
[2024-07-31T12:27:16.637+0000] {logging_mixin.py:188} INFO - [2024-07-31T12:27:16.637+0000] {dagbag.py:545} INFO - Filling up the DagBag from /home/airflow/.local/lib/python3.12/site-packages/airflow/example_dags/example_trigger_target_dag.py
[2024-07-31T12:27:16.647+0000] {processor.py:840} INFO - DAG(s) 'example_trigger_target_dag' retrieved from /home/airflow/.local/lib/python3.12/site-packages/airflow/example_dags/example_trigger_target_dag.py
[2024-07-31T12:27:16.680+0000] {logging_mixin.py:188} INFO - [2024-07-31T12:27:16.679+0000] {dag.py:3089} INFO - Sync 1 DAGs
[2024-07-31T12:27:16.700+0000] {logging_mixin.py:188} INFO - [2024-07-31T12:27:16.700+0000] {dag.py:3947} INFO - Setting next_dagrun for example_trigger_target_dag to None, run_after=None
[2024-07-31T12:27:16.738+0000] {processor.py:183} INFO - Processing /home/airflow/.local/lib/python3.12/site-packages/airflow/example_dags/example_trigger_target_dag.py took 0.117 seconds
[2024-07-31T12:27:47.331+0000] {processor.py:161} INFO - Started process (PID=2243) to work on /home/airflow/.local/lib/python3.12/site-packages/airflow/example_dags/example_trigger_target_dag.py
[2024-07-31T12:27:47.332+0000] {processor.py:830} INFO - Processing file /home/airflow/.local/lib/python3.12/site-packages/airflow/example_dags/example_trigger_target_dag.py for tasks to queue
[2024-07-31T12:27:47.334+0000] {logging_mixin.py:188} INFO - [2024-07-31T12:27:47.334+0000] {dagbag.py:545} INFO - Filling up the DagBag from /home/airflow/.local/lib/python3.12/site-packages/airflow/example_dags/example_trigger_target_dag.py
[2024-07-31T12:27:47.342+0000] {processor.py:840} INFO - DAG(s) 'example_trigger_target_dag' retrieved from /home/airflow/.local/lib/python3.12/site-packages/airflow/example_dags/example_trigger_target_dag.py
[2024-07-31T12:27:47.362+0000] {logging_mixin.py:188} INFO - [2024-07-31T12:27:47.362+0000] {dag.py:3089} INFO - Sync 1 DAGs
[2024-07-31T12:27:47.378+0000] {logging_mixin.py:188} INFO - [2024-07-31T12:27:47.378+0000] {dag.py:3947} INFO - Setting next_dagrun for example_trigger_target_dag to None, run_after=None
[2024-07-31T12:27:47.408+0000] {processor.py:183} INFO - Processing /home/airflow/.local/lib/python3.12/site-packages/airflow/example_dags/example_trigger_target_dag.py took 0.082 seconds
[2024-07-31T12:28:18.351+0000] {processor.py:161} INFO - Started process (PID=2301) to work on /home/airflow/.local/lib/python3.12/site-packages/airflow/example_dags/example_trigger_target_dag.py
[2024-07-31T12:28:18.352+0000] {processor.py:830} INFO - Processing file /home/airflow/.local/lib/python3.12/site-packages/airflow/example_dags/example_trigger_target_dag.py for tasks to queue
[2024-07-31T12:28:18.354+0000] {logging_mixin.py:188} INFO - [2024-07-31T12:28:18.353+0000] {dagbag.py:545} INFO - Filling up the DagBag from /home/airflow/.local/lib/python3.12/site-packages/airflow/example_dags/example_trigger_target_dag.py
[2024-07-31T12:28:18.361+0000] {processor.py:840} INFO - DAG(s) 'example_trigger_target_dag' retrieved from /home/airflow/.local/lib/python3.12/site-packages/airflow/example_dags/example_trigger_target_dag.py
[2024-07-31T12:28:18.386+0000] {logging_mixin.py:188} INFO - [2024-07-31T12:28:18.386+0000] {dag.py:3089} INFO - Sync 1 DAGs
[2024-07-31T12:28:18.407+0000] {logging_mixin.py:188} INFO - [2024-07-31T12:28:18.407+0000] {dag.py:3947} INFO - Setting next_dagrun for example_trigger_target_dag to None, run_after=None
[2024-07-31T12:28:18.449+0000] {processor.py:183} INFO - Processing /home/airflow/.local/lib/python3.12/site-packages/airflow/example_dags/example_trigger_target_dag.py took 0.105 seconds
[2024-07-31T12:28:48.727+0000] {processor.py:161} INFO - Started process (PID=2359) to work on /home/airflow/.local/lib/python3.12/site-packages/airflow/example_dags/example_trigger_target_dag.py
[2024-07-31T12:28:48.729+0000] {processor.py:830} INFO - Processing file /home/airflow/.local/lib/python3.12/site-packages/airflow/example_dags/example_trigger_target_dag.py for tasks to queue
[2024-07-31T12:28:48.731+0000] {logging_mixin.py:188} INFO - [2024-07-31T12:28:48.730+0000] {dagbag.py:545} INFO - Filling up the DagBag from /home/airflow/.local/lib/python3.12/site-packages/airflow/example_dags/example_trigger_target_dag.py
[2024-07-31T12:28:48.738+0000] {processor.py:840} INFO - DAG(s) 'example_trigger_target_dag' retrieved from /home/airflow/.local/lib/python3.12/site-packages/airflow/example_dags/example_trigger_target_dag.py
[2024-07-31T12:28:48.763+0000] {logging_mixin.py:188} INFO - [2024-07-31T12:28:48.762+0000] {dag.py:3089} INFO - Sync 1 DAGs
[2024-07-31T12:28:48.783+0000] {logging_mixin.py:188} INFO - [2024-07-31T12:28:48.783+0000] {dag.py:3947} INFO - Setting next_dagrun for example_trigger_target_dag to None, run_after=None
[2024-07-31T12:28:48.814+0000] {processor.py:183} INFO - Processing /home/airflow/.local/lib/python3.12/site-packages/airflow/example_dags/example_trigger_target_dag.py took 0.092 seconds
[2024-07-31T12:29:19.286+0000] {processor.py:161} INFO - Started process (PID=2417) to work on /home/airflow/.local/lib/python3.12/site-packages/airflow/example_dags/example_trigger_target_dag.py
[2024-07-31T12:29:19.287+0000] {processor.py:830} INFO - Processing file /home/airflow/.local/lib/python3.12/site-packages/airflow/example_dags/example_trigger_target_dag.py for tasks to queue
[2024-07-31T12:29:19.290+0000] {logging_mixin.py:188} INFO - [2024-07-31T12:29:19.289+0000] {dagbag.py:545} INFO - Filling up the DagBag from /home/airflow/.local/lib/python3.12/site-packages/airflow/example_dags/example_trigger_target_dag.py
[2024-07-31T12:29:19.297+0000] {processor.py:840} INFO - DAG(s) 'example_trigger_target_dag' retrieved from /home/airflow/.local/lib/python3.12/site-packages/airflow/example_dags/example_trigger_target_dag.py
[2024-07-31T12:29:19.318+0000] {logging_mixin.py:188} INFO - [2024-07-31T12:29:19.317+0000] {dag.py:3089} INFO - Sync 1 DAGs
[2024-07-31T12:29:19.339+0000] {logging_mixin.py:188} INFO - [2024-07-31T12:29:19.338+0000] {dag.py:3947} INFO - Setting next_dagrun for example_trigger_target_dag to None, run_after=None
[2024-07-31T12:29:19.369+0000] {processor.py:183} INFO - Processing /home/airflow/.local/lib/python3.12/site-packages/airflow/example_dags/example_trigger_target_dag.py took 0.089 seconds
[2024-07-31T12:29:49.942+0000] {processor.py:161} INFO - Started process (PID=2474) to work on /home/airflow/.local/lib/python3.12/site-packages/airflow/example_dags/example_trigger_target_dag.py
[2024-07-31T12:29:49.943+0000] {processor.py:830} INFO - Processing file /home/airflow/.local/lib/python3.12/site-packages/airflow/example_dags/example_trigger_target_dag.py for tasks to queue
[2024-07-31T12:29:49.945+0000] {logging_mixin.py:188} INFO - [2024-07-31T12:29:49.945+0000] {dagbag.py:545} INFO - Filling up the DagBag from /home/airflow/.local/lib/python3.12/site-packages/airflow/example_dags/example_trigger_target_dag.py
[2024-07-31T12:29:49.958+0000] {processor.py:840} INFO - DAG(s) 'example_trigger_target_dag' retrieved from /home/airflow/.local/lib/python3.12/site-packages/airflow/example_dags/example_trigger_target_dag.py
[2024-07-31T12:29:50.000+0000] {logging_mixin.py:188} INFO - [2024-07-31T12:29:50.000+0000] {dag.py:3089} INFO - Sync 1 DAGs
[2024-07-31T12:29:50.014+0000] {logging_mixin.py:188} INFO - [2024-07-31T12:29:50.013+0000] {dag.py:3947} INFO - Setting next_dagrun for example_trigger_target_dag to None, run_after=None
[2024-07-31T12:29:50.051+0000] {processor.py:183} INFO - Processing /home/airflow/.local/lib/python3.12/site-packages/airflow/example_dags/example_trigger_target_dag.py took 0.117 seconds
[2024-07-31T12:30:20.707+0000] {processor.py:161} INFO - Started process (PID=2532) to work on /home/airflow/.local/lib/python3.12/site-packages/airflow/example_dags/example_trigger_target_dag.py
[2024-07-31T12:30:20.708+0000] {processor.py:830} INFO - Processing file /home/airflow/.local/lib/python3.12/site-packages/airflow/example_dags/example_trigger_target_dag.py for tasks to queue
[2024-07-31T12:30:20.710+0000] {logging_mixin.py:188} INFO - [2024-07-31T12:30:20.709+0000] {dagbag.py:545} INFO - Filling up the DagBag from /home/airflow/.local/lib/python3.12/site-packages/airflow/example_dags/example_trigger_target_dag.py
[2024-07-31T12:30:20.717+0000] {processor.py:840} INFO - DAG(s) 'example_trigger_target_dag' retrieved from /home/airflow/.local/lib/python3.12/site-packages/airflow/example_dags/example_trigger_target_dag.py
[2024-07-31T12:30:20.745+0000] {logging_mixin.py:188} INFO - [2024-07-31T12:30:20.745+0000] {dag.py:3089} INFO - Sync 1 DAGs
[2024-07-31T12:30:20.761+0000] {logging_mixin.py:188} INFO - [2024-07-31T12:30:20.761+0000] {dag.py:3947} INFO - Setting next_dagrun for example_trigger_target_dag to None, run_after=None
[2024-07-31T12:30:20.792+0000] {processor.py:183} INFO - Processing /home/airflow/.local/lib/python3.12/site-packages/airflow/example_dags/example_trigger_target_dag.py took 0.092 seconds
[2024-07-31T12:30:51.248+0000] {processor.py:161} INFO - Started process (PID=2590) to work on /home/airflow/.local/lib/python3.12/site-packages/airflow/example_dags/example_trigger_target_dag.py
[2024-07-31T12:30:51.250+0000] {processor.py:830} INFO - Processing file /home/airflow/.local/lib/python3.12/site-packages/airflow/example_dags/example_trigger_target_dag.py for tasks to queue
[2024-07-31T12:30:51.252+0000] {logging_mixin.py:188} INFO - [2024-07-31T12:30:51.251+0000] {dagbag.py:545} INFO - Filling up the DagBag from /home/airflow/.local/lib/python3.12/site-packages/airflow/example_dags/example_trigger_target_dag.py
[2024-07-31T12:30:51.259+0000] {processor.py:840} INFO - DAG(s) 'example_trigger_target_dag' retrieved from /home/airflow/.local/lib/python3.12/site-packages/airflow/example_dags/example_trigger_target_dag.py
[2024-07-31T12:30:51.282+0000] {logging_mixin.py:188} INFO - [2024-07-31T12:30:51.282+0000] {dag.py:3089} INFO - Sync 1 DAGs
[2024-07-31T12:30:51.300+0000] {logging_mixin.py:188} INFO - [2024-07-31T12:30:51.299+0000] {dag.py:3947} INFO - Setting next_dagrun for example_trigger_target_dag to None, run_after=None
[2024-07-31T12:30:51.331+0000] {processor.py:183} INFO - Processing /home/airflow/.local/lib/python3.12/site-packages/airflow/example_dags/example_trigger_target_dag.py took 0.088 seconds
[2024-07-31T12:31:21.891+0000] {processor.py:161} INFO - Started process (PID=2647) to work on /home/airflow/.local/lib/python3.12/site-packages/airflow/example_dags/example_trigger_target_dag.py
[2024-07-31T12:31:21.892+0000] {processor.py:830} INFO - Processing file /home/airflow/.local/lib/python3.12/site-packages/airflow/example_dags/example_trigger_target_dag.py for tasks to queue
[2024-07-31T12:31:21.896+0000] {logging_mixin.py:188} INFO - [2024-07-31T12:31:21.894+0000] {dagbag.py:545} INFO - Filling up the DagBag from /home/airflow/.local/lib/python3.12/site-packages/airflow/example_dags/example_trigger_target_dag.py
[2024-07-31T12:31:21.906+0000] {processor.py:840} INFO - DAG(s) 'example_trigger_target_dag' retrieved from /home/airflow/.local/lib/python3.12/site-packages/airflow/example_dags/example_trigger_target_dag.py
[2024-07-31T12:31:21.934+0000] {logging_mixin.py:188} INFO - [2024-07-31T12:31:21.933+0000] {dag.py:3089} INFO - Sync 1 DAGs
[2024-07-31T12:31:21.949+0000] {logging_mixin.py:188} INFO - [2024-07-31T12:31:21.949+0000] {dag.py:3947} INFO - Setting next_dagrun for example_trigger_target_dag to None, run_after=None
[2024-07-31T12:31:21.978+0000] {processor.py:183} INFO - Processing /home/airflow/.local/lib/python3.12/site-packages/airflow/example_dags/example_trigger_target_dag.py took 0.096 seconds
[2024-07-31T12:31:52.275+0000] {processor.py:161} INFO - Started process (PID=2705) to work on /home/airflow/.local/lib/python3.12/site-packages/airflow/example_dags/example_trigger_target_dag.py
[2024-07-31T12:31:52.277+0000] {processor.py:830} INFO - Processing file /home/airflow/.local/lib/python3.12/site-packages/airflow/example_dags/example_trigger_target_dag.py for tasks to queue
[2024-07-31T12:31:52.280+0000] {logging_mixin.py:188} INFO - [2024-07-31T12:31:52.279+0000] {dagbag.py:545} INFO - Filling up the DagBag from /home/airflow/.local/lib/python3.12/site-packages/airflow/example_dags/example_trigger_target_dag.py
[2024-07-31T12:31:52.288+0000] {processor.py:840} INFO - DAG(s) 'example_trigger_target_dag' retrieved from /home/airflow/.local/lib/python3.12/site-packages/airflow/example_dags/example_trigger_target_dag.py
[2024-07-31T12:31:52.322+0000] {logging_mixin.py:188} INFO - [2024-07-31T12:31:52.321+0000] {dag.py:3089} INFO - Sync 1 DAGs
[2024-07-31T12:31:52.344+0000] {logging_mixin.py:188} INFO - [2024-07-31T12:31:52.344+0000] {dag.py:3947} INFO - Setting next_dagrun for example_trigger_target_dag to None, run_after=None
[2024-07-31T12:31:52.406+0000] {processor.py:183} INFO - Processing /home/airflow/.local/lib/python3.12/site-packages/airflow/example_dags/example_trigger_target_dag.py took 0.138 seconds
[2024-07-31T12:32:22.572+0000] {processor.py:161} INFO - Started process (PID=2763) to work on /home/airflow/.local/lib/python3.12/site-packages/airflow/example_dags/example_trigger_target_dag.py
[2024-07-31T12:32:22.573+0000] {processor.py:830} INFO - Processing file /home/airflow/.local/lib/python3.12/site-packages/airflow/example_dags/example_trigger_target_dag.py for tasks to queue
[2024-07-31T12:32:22.574+0000] {logging_mixin.py:188} INFO - [2024-07-31T12:32:22.574+0000] {dagbag.py:545} INFO - Filling up the DagBag from /home/airflow/.local/lib/python3.12/site-packages/airflow/example_dags/example_trigger_target_dag.py
[2024-07-31T12:32:22.581+0000] {processor.py:840} INFO - DAG(s) 'example_trigger_target_dag' retrieved from /home/airflow/.local/lib/python3.12/site-packages/airflow/example_dags/example_trigger_target_dag.py
[2024-07-31T12:32:22.605+0000] {logging_mixin.py:188} INFO - [2024-07-31T12:32:22.604+0000] {dag.py:3089} INFO - Sync 1 DAGs
[2024-07-31T12:32:22.624+0000] {logging_mixin.py:188} INFO - [2024-07-31T12:32:22.624+0000] {dag.py:3947} INFO - Setting next_dagrun for example_trigger_target_dag to None, run_after=None
[2024-07-31T12:32:22.675+0000] {processor.py:183} INFO - Processing /home/airflow/.local/lib/python3.12/site-packages/airflow/example_dags/example_trigger_target_dag.py took 0.111 seconds
[2024-07-31T12:32:52.928+0000] {processor.py:161} INFO - Started process (PID=2821) to work on /home/airflow/.local/lib/python3.12/site-packages/airflow/example_dags/example_trigger_target_dag.py
[2024-07-31T12:32:52.929+0000] {processor.py:830} INFO - Processing file /home/airflow/.local/lib/python3.12/site-packages/airflow/example_dags/example_trigger_target_dag.py for tasks to queue
[2024-07-31T12:32:52.930+0000] {logging_mixin.py:188} INFO - [2024-07-31T12:32:52.930+0000] {dagbag.py:545} INFO - Filling up the DagBag from /home/airflow/.local/lib/python3.12/site-packages/airflow/example_dags/example_trigger_target_dag.py
[2024-07-31T12:32:52.937+0000] {processor.py:840} INFO - DAG(s) 'example_trigger_target_dag' retrieved from /home/airflow/.local/lib/python3.12/site-packages/airflow/example_dags/example_trigger_target_dag.py
[2024-07-31T12:32:52.961+0000] {logging_mixin.py:188} INFO - [2024-07-31T12:32:52.961+0000] {dag.py:3089} INFO - Sync 1 DAGs
[2024-07-31T12:32:52.979+0000] {logging_mixin.py:188} INFO - [2024-07-31T12:32:52.979+0000] {dag.py:3947} INFO - Setting next_dagrun for example_trigger_target_dag to None, run_after=None
[2024-07-31T12:32:53.007+0000] {processor.py:183} INFO - Processing /home/airflow/.local/lib/python3.12/site-packages/airflow/example_dags/example_trigger_target_dag.py took 0.086 seconds
[2024-07-31T12:33:23.774+0000] {processor.py:161} INFO - Started process (PID=2879) to work on /home/airflow/.local/lib/python3.12/site-packages/airflow/example_dags/example_trigger_target_dag.py
[2024-07-31T12:33:23.775+0000] {processor.py:830} INFO - Processing file /home/airflow/.local/lib/python3.12/site-packages/airflow/example_dags/example_trigger_target_dag.py for tasks to queue
[2024-07-31T12:33:23.777+0000] {logging_mixin.py:188} INFO - [2024-07-31T12:33:23.777+0000] {dagbag.py:545} INFO - Filling up the DagBag from /home/airflow/.local/lib/python3.12/site-packages/airflow/example_dags/example_trigger_target_dag.py
[2024-07-31T12:33:23.785+0000] {processor.py:840} INFO - DAG(s) 'example_trigger_target_dag' retrieved from /home/airflow/.local/lib/python3.12/site-packages/airflow/example_dags/example_trigger_target_dag.py
[2024-07-31T12:33:23.807+0000] {logging_mixin.py:188} INFO - [2024-07-31T12:33:23.806+0000] {dag.py:3089} INFO - Sync 1 DAGs
[2024-07-31T12:33:23.821+0000] {logging_mixin.py:188} INFO - [2024-07-31T12:33:23.821+0000] {dag.py:3947} INFO - Setting next_dagrun for example_trigger_target_dag to None, run_after=None
[2024-07-31T12:33:23.855+0000] {processor.py:183} INFO - Processing /home/airflow/.local/lib/python3.12/site-packages/airflow/example_dags/example_trigger_target_dag.py took 0.089 seconds
[2024-07-31T12:33:54.260+0000] {processor.py:161} INFO - Started process (PID=2937) to work on /home/airflow/.local/lib/python3.12/site-packages/airflow/example_dags/example_trigger_target_dag.py
[2024-07-31T12:33:54.262+0000] {processor.py:830} INFO - Processing file /home/airflow/.local/lib/python3.12/site-packages/airflow/example_dags/example_trigger_target_dag.py for tasks to queue
[2024-07-31T12:33:54.265+0000] {logging_mixin.py:188} INFO - [2024-07-31T12:33:54.265+0000] {dagbag.py:545} INFO - Filling up the DagBag from /home/airflow/.local/lib/python3.12/site-packages/airflow/example_dags/example_trigger_target_dag.py
[2024-07-31T12:33:54.272+0000] {processor.py:840} INFO - DAG(s) 'example_trigger_target_dag' retrieved from /home/airflow/.local/lib/python3.12/site-packages/airflow/example_dags/example_trigger_target_dag.py
[2024-07-31T12:33:54.295+0000] {logging_mixin.py:188} INFO - [2024-07-31T12:33:54.294+0000] {dag.py:3089} INFO - Sync 1 DAGs
[2024-07-31T12:33:54.317+0000] {logging_mixin.py:188} INFO - [2024-07-31T12:33:54.316+0000] {dag.py:3947} INFO - Setting next_dagrun for example_trigger_target_dag to None, run_after=None
[2024-07-31T12:33:54.347+0000] {processor.py:183} INFO - Processing /home/airflow/.local/lib/python3.12/site-packages/airflow/example_dags/example_trigger_target_dag.py took 0.093 seconds
[2024-07-31T12:34:24.712+0000] {processor.py:161} INFO - Started process (PID=2995) to work on /home/airflow/.local/lib/python3.12/site-packages/airflow/example_dags/example_trigger_target_dag.py
[2024-07-31T12:34:24.713+0000] {processor.py:830} INFO - Processing file /home/airflow/.local/lib/python3.12/site-packages/airflow/example_dags/example_trigger_target_dag.py for tasks to queue
[2024-07-31T12:34:24.716+0000] {logging_mixin.py:188} INFO - [2024-07-31T12:34:24.715+0000] {dagbag.py:545} INFO - Filling up the DagBag from /home/airflow/.local/lib/python3.12/site-packages/airflow/example_dags/example_trigger_target_dag.py
[2024-07-31T12:34:24.726+0000] {processor.py:840} INFO - DAG(s) 'example_trigger_target_dag' retrieved from /home/airflow/.local/lib/python3.12/site-packages/airflow/example_dags/example_trigger_target_dag.py
[2024-07-31T12:34:24.760+0000] {logging_mixin.py:188} INFO - [2024-07-31T12:34:24.760+0000] {dag.py:3089} INFO - Sync 1 DAGs
[2024-07-31T12:34:24.782+0000] {logging_mixin.py:188} INFO - [2024-07-31T12:34:24.781+0000] {dag.py:3947} INFO - Setting next_dagrun for example_trigger_target_dag to None, run_after=None
[2024-07-31T12:34:24.817+0000] {processor.py:183} INFO - Processing /home/airflow/.local/lib/python3.12/site-packages/airflow/example_dags/example_trigger_target_dag.py took 0.114 seconds
[2024-07-31T12:34:55.201+0000] {processor.py:161} INFO - Started process (PID=3052) to work on /home/airflow/.local/lib/python3.12/site-packages/airflow/example_dags/example_trigger_target_dag.py
[2024-07-31T12:34:55.202+0000] {processor.py:830} INFO - Processing file /home/airflow/.local/lib/python3.12/site-packages/airflow/example_dags/example_trigger_target_dag.py for tasks to queue
[2024-07-31T12:34:55.204+0000] {logging_mixin.py:188} INFO - [2024-07-31T12:34:55.204+0000] {dagbag.py:545} INFO - Filling up the DagBag from /home/airflow/.local/lib/python3.12/site-packages/airflow/example_dags/example_trigger_target_dag.py
[2024-07-31T12:34:55.212+0000] {processor.py:840} INFO - DAG(s) 'example_trigger_target_dag' retrieved from /home/airflow/.local/lib/python3.12/site-packages/airflow/example_dags/example_trigger_target_dag.py
[2024-07-31T12:34:55.246+0000] {logging_mixin.py:188} INFO - [2024-07-31T12:34:55.245+0000] {dag.py:3089} INFO - Sync 1 DAGs
[2024-07-31T12:34:55.265+0000] {logging_mixin.py:188} INFO - [2024-07-31T12:34:55.264+0000] {dag.py:3947} INFO - Setting next_dagrun for example_trigger_target_dag to None, run_after=None
[2024-07-31T12:34:55.292+0000] {processor.py:183} INFO - Processing /home/airflow/.local/lib/python3.12/site-packages/airflow/example_dags/example_trigger_target_dag.py took 0.100 seconds
[2024-07-31T12:35:25.409+0000] {processor.py:161} INFO - Started process (PID=3109) to work on /home/airflow/.local/lib/python3.12/site-packages/airflow/example_dags/example_trigger_target_dag.py
[2024-07-31T12:35:25.410+0000] {processor.py:830} INFO - Processing file /home/airflow/.local/lib/python3.12/site-packages/airflow/example_dags/example_trigger_target_dag.py for tasks to queue
[2024-07-31T12:35:25.412+0000] {logging_mixin.py:188} INFO - [2024-07-31T12:35:25.412+0000] {dagbag.py:545} INFO - Filling up the DagBag from /home/airflow/.local/lib/python3.12/site-packages/airflow/example_dags/example_trigger_target_dag.py
[2024-07-31T12:35:25.421+0000] {processor.py:840} INFO - DAG(s) 'example_trigger_target_dag' retrieved from /home/airflow/.local/lib/python3.12/site-packages/airflow/example_dags/example_trigger_target_dag.py
[2024-07-31T12:35:25.447+0000] {logging_mixin.py:188} INFO - [2024-07-31T12:35:25.447+0000] {dag.py:3089} INFO - Sync 1 DAGs
[2024-07-31T12:35:25.469+0000] {logging_mixin.py:188} INFO - [2024-07-31T12:35:25.468+0000] {dag.py:3947} INFO - Setting next_dagrun for example_trigger_target_dag to None, run_after=None
[2024-07-31T12:35:25.502+0000] {processor.py:183} INFO - Processing /home/airflow/.local/lib/python3.12/site-packages/airflow/example_dags/example_trigger_target_dag.py took 0.101 seconds
[2024-07-31T12:35:55.564+0000] {processor.py:161} INFO - Started process (PID=3166) to work on /home/airflow/.local/lib/python3.12/site-packages/airflow/example_dags/example_trigger_target_dag.py
[2024-07-31T12:35:55.565+0000] {processor.py:830} INFO - Processing file /home/airflow/.local/lib/python3.12/site-packages/airflow/example_dags/example_trigger_target_dag.py for tasks to queue
[2024-07-31T12:35:55.567+0000] {logging_mixin.py:188} INFO - [2024-07-31T12:35:55.566+0000] {dagbag.py:545} INFO - Filling up the DagBag from /home/airflow/.local/lib/python3.12/site-packages/airflow/example_dags/example_trigger_target_dag.py
[2024-07-31T12:35:55.573+0000] {processor.py:840} INFO - DAG(s) 'example_trigger_target_dag' retrieved from /home/airflow/.local/lib/python3.12/site-packages/airflow/example_dags/example_trigger_target_dag.py
[2024-07-31T12:35:55.603+0000] {logging_mixin.py:188} INFO - [2024-07-31T12:35:55.603+0000] {dag.py:3089} INFO - Sync 1 DAGs
[2024-07-31T12:35:55.624+0000] {logging_mixin.py:188} INFO - [2024-07-31T12:35:55.624+0000] {dag.py:3947} INFO - Setting next_dagrun for example_trigger_target_dag to None, run_after=None
[2024-07-31T12:35:55.677+0000] {processor.py:183} INFO - Processing /home/airflow/.local/lib/python3.12/site-packages/airflow/example_dags/example_trigger_target_dag.py took 0.119 seconds
[2024-07-31T12:36:25.949+0000] {processor.py:161} INFO - Started process (PID=3223) to work on /home/airflow/.local/lib/python3.12/site-packages/airflow/example_dags/example_trigger_target_dag.py
[2024-07-31T12:36:25.950+0000] {processor.py:830} INFO - Processing file /home/airflow/.local/lib/python3.12/site-packages/airflow/example_dags/example_trigger_target_dag.py for tasks to queue
[2024-07-31T12:36:25.952+0000] {logging_mixin.py:188} INFO - [2024-07-31T12:36:25.952+0000] {dagbag.py:545} INFO - Filling up the DagBag from /home/airflow/.local/lib/python3.12/site-packages/airflow/example_dags/example_trigger_target_dag.py
[2024-07-31T12:36:25.964+0000] {processor.py:840} INFO - DAG(s) 'example_trigger_target_dag' retrieved from /home/airflow/.local/lib/python3.12/site-packages/airflow/example_dags/example_trigger_target_dag.py
[2024-07-31T12:36:26.002+0000] {logging_mixin.py:188} INFO - [2024-07-31T12:36:26.001+0000] {dag.py:3089} INFO - Sync 1 DAGs
[2024-07-31T12:36:26.022+0000] {logging_mixin.py:188} INFO - [2024-07-31T12:36:26.021+0000] {dag.py:3947} INFO - Setting next_dagrun for example_trigger_target_dag to None, run_after=None
[2024-07-31T12:36:26.066+0000] {processor.py:183} INFO - Processing /home/airflow/.local/lib/python3.12/site-packages/airflow/example_dags/example_trigger_target_dag.py took 0.128 seconds
[2024-07-31T12:36:56.277+0000] {processor.py:161} INFO - Started process (PID=3280) to work on /home/airflow/.local/lib/python3.12/site-packages/airflow/example_dags/example_trigger_target_dag.py
[2024-07-31T12:36:56.279+0000] {processor.py:830} INFO - Processing file /home/airflow/.local/lib/python3.12/site-packages/airflow/example_dags/example_trigger_target_dag.py for tasks to queue
[2024-07-31T12:36:56.281+0000] {logging_mixin.py:188} INFO - [2024-07-31T12:36:56.280+0000] {dagbag.py:545} INFO - Filling up the DagBag from /home/airflow/.local/lib/python3.12/site-packages/airflow/example_dags/example_trigger_target_dag.py
[2024-07-31T12:36:56.292+0000] {processor.py:840} INFO - DAG(s) 'example_trigger_target_dag' retrieved from /home/airflow/.local/lib/python3.12/site-packages/airflow/example_dags/example_trigger_target_dag.py
[2024-07-31T12:36:56.317+0000] {logging_mixin.py:188} INFO - [2024-07-31T12:36:56.316+0000] {dag.py:3089} INFO - Sync 1 DAGs
[2024-07-31T12:36:56.335+0000] {logging_mixin.py:188} INFO - [2024-07-31T12:36:56.335+0000] {dag.py:3947} INFO - Setting next_dagrun for example_trigger_target_dag to None, run_after=None
[2024-07-31T12:36:56.367+0000] {processor.py:183} INFO - Processing /home/airflow/.local/lib/python3.12/site-packages/airflow/example_dags/example_trigger_target_dag.py took 0.099 seconds
[2024-07-31T12:37:26.775+0000] {processor.py:161} INFO - Started process (PID=3338) to work on /home/airflow/.local/lib/python3.12/site-packages/airflow/example_dags/example_trigger_target_dag.py
[2024-07-31T12:37:26.776+0000] {processor.py:830} INFO - Processing file /home/airflow/.local/lib/python3.12/site-packages/airflow/example_dags/example_trigger_target_dag.py for tasks to queue
[2024-07-31T12:37:26.780+0000] {logging_mixin.py:188} INFO - [2024-07-31T12:37:26.780+0000] {dagbag.py:545} INFO - Filling up the DagBag from /home/airflow/.local/lib/python3.12/site-packages/airflow/example_dags/example_trigger_target_dag.py
[2024-07-31T12:37:26.788+0000] {processor.py:840} INFO - DAG(s) 'example_trigger_target_dag' retrieved from /home/airflow/.local/lib/python3.12/site-packages/airflow/example_dags/example_trigger_target_dag.py
[2024-07-31T12:37:26.811+0000] {logging_mixin.py:188} INFO - [2024-07-31T12:37:26.810+0000] {dag.py:3089} INFO - Sync 1 DAGs
[2024-07-31T12:37:26.830+0000] {logging_mixin.py:188} INFO - [2024-07-31T12:37:26.829+0000] {dag.py:3947} INFO - Setting next_dagrun for example_trigger_target_dag to None, run_after=None
[2024-07-31T12:37:26.870+0000] {processor.py:183} INFO - Processing /home/airflow/.local/lib/python3.12/site-packages/airflow/example_dags/example_trigger_target_dag.py took 0.103 seconds
[2024-07-31T12:37:57.302+0000] {processor.py:161} INFO - Started process (PID=3395) to work on /home/airflow/.local/lib/python3.12/site-packages/airflow/example_dags/example_trigger_target_dag.py
[2024-07-31T12:37:57.303+0000] {processor.py:830} INFO - Processing file /home/airflow/.local/lib/python3.12/site-packages/airflow/example_dags/example_trigger_target_dag.py for tasks to queue
[2024-07-31T12:37:57.305+0000] {logging_mixin.py:188} INFO - [2024-07-31T12:37:57.304+0000] {dagbag.py:545} INFO - Filling up the DagBag from /home/airflow/.local/lib/python3.12/site-packages/airflow/example_dags/example_trigger_target_dag.py
[2024-07-31T12:37:57.311+0000] {processor.py:840} INFO - DAG(s) 'example_trigger_target_dag' retrieved from /home/airflow/.local/lib/python3.12/site-packages/airflow/example_dags/example_trigger_target_dag.py
[2024-07-31T12:37:57.342+0000] {logging_mixin.py:188} INFO - [2024-07-31T12:37:57.342+0000] {dag.py:3089} INFO - Sync 1 DAGs
[2024-07-31T12:37:57.356+0000] {logging_mixin.py:188} INFO - [2024-07-31T12:37:57.355+0000] {dag.py:3947} INFO - Setting next_dagrun for example_trigger_target_dag to None, run_after=None
[2024-07-31T12:37:57.384+0000] {processor.py:183} INFO - Processing /home/airflow/.local/lib/python3.12/site-packages/airflow/example_dags/example_trigger_target_dag.py took 0.090 seconds
[2024-07-31T12:38:27.733+0000] {processor.py:161} INFO - Started process (PID=3453) to work on /home/airflow/.local/lib/python3.12/site-packages/airflow/example_dags/example_trigger_target_dag.py
[2024-07-31T12:38:27.734+0000] {processor.py:830} INFO - Processing file /home/airflow/.local/lib/python3.12/site-packages/airflow/example_dags/example_trigger_target_dag.py for tasks to queue
[2024-07-31T12:38:27.738+0000] {logging_mixin.py:188} INFO - [2024-07-31T12:38:27.737+0000] {dagbag.py:545} INFO - Filling up the DagBag from /home/airflow/.local/lib/python3.12/site-packages/airflow/example_dags/example_trigger_target_dag.py
[2024-07-31T12:38:27.749+0000] {processor.py:840} INFO - DAG(s) 'example_trigger_target_dag' retrieved from /home/airflow/.local/lib/python3.12/site-packages/airflow/example_dags/example_trigger_target_dag.py
[2024-07-31T12:38:27.778+0000] {logging_mixin.py:188} INFO - [2024-07-31T12:38:27.777+0000] {dag.py:3089} INFO - Sync 1 DAGs
[2024-07-31T12:38:27.797+0000] {logging_mixin.py:188} INFO - [2024-07-31T12:38:27.797+0000] {dag.py:3947} INFO - Setting next_dagrun for example_trigger_target_dag to None, run_after=None
[2024-07-31T12:38:27.851+0000] {processor.py:183} INFO - Processing /home/airflow/.local/lib/python3.12/site-packages/airflow/example_dags/example_trigger_target_dag.py took 0.127 seconds
[2024-07-31T16:44:31.069+0000] {processor.py:161} INFO - Started process (PID=110) to work on /home/airflow/.local/lib/python3.12/site-packages/airflow/example_dags/example_trigger_target_dag.py
[2024-07-31T16:44:31.071+0000] {processor.py:830} INFO - Processing file /home/airflow/.local/lib/python3.12/site-packages/airflow/example_dags/example_trigger_target_dag.py for tasks to queue
[2024-07-31T16:44:31.072+0000] {logging_mixin.py:188} INFO - [2024-07-31T16:44:31.071+0000] {dagbag.py:545} INFO - Filling up the DagBag from /home/airflow/.local/lib/python3.12/site-packages/airflow/example_dags/example_trigger_target_dag.py
[2024-07-31T16:44:31.082+0000] {processor.py:840} INFO - DAG(s) 'example_trigger_target_dag' retrieved from /home/airflow/.local/lib/python3.12/site-packages/airflow/example_dags/example_trigger_target_dag.py
[2024-07-31T16:44:31.214+0000] {logging_mixin.py:188} INFO - [2024-07-31T16:44:31.214+0000] {dag.py:3089} INFO - Sync 1 DAGs
[2024-07-31T16:44:31.229+0000] {logging_mixin.py:188} INFO - [2024-07-31T16:44:31.229+0000] {dag.py:3947} INFO - Setting next_dagrun for example_trigger_target_dag to None, run_after=None
[2024-07-31T16:44:31.260+0000] {processor.py:183} INFO - Processing /home/airflow/.local/lib/python3.12/site-packages/airflow/example_dags/example_trigger_target_dag.py took 0.198 seconds
[2024-07-31T16:45:01.438+0000] {processor.py:161} INFO - Started process (PID=167) to work on /home/airflow/.local/lib/python3.12/site-packages/airflow/example_dags/example_trigger_target_dag.py
[2024-07-31T16:45:01.439+0000] {processor.py:830} INFO - Processing file /home/airflow/.local/lib/python3.12/site-packages/airflow/example_dags/example_trigger_target_dag.py for tasks to queue
[2024-07-31T16:45:01.440+0000] {logging_mixin.py:188} INFO - [2024-07-31T16:45:01.440+0000] {dagbag.py:545} INFO - Filling up the DagBag from /home/airflow/.local/lib/python3.12/site-packages/airflow/example_dags/example_trigger_target_dag.py
[2024-07-31T16:45:01.459+0000] {processor.py:840} INFO - DAG(s) 'example_trigger_target_dag' retrieved from /home/airflow/.local/lib/python3.12/site-packages/airflow/example_dags/example_trigger_target_dag.py
[2024-07-31T16:45:01.506+0000] {logging_mixin.py:188} INFO - [2024-07-31T16:45:01.506+0000] {dag.py:3089} INFO - Sync 1 DAGs
[2024-07-31T16:45:01.530+0000] {logging_mixin.py:188} INFO - [2024-07-31T16:45:01.530+0000] {dag.py:3947} INFO - Setting next_dagrun for example_trigger_target_dag to None, run_after=None
[2024-07-31T16:45:01.588+0000] {processor.py:183} INFO - Processing /home/airflow/.local/lib/python3.12/site-packages/airflow/example_dags/example_trigger_target_dag.py took 0.162 seconds
[2024-07-31T16:45:31.904+0000] {processor.py:161} INFO - Started process (PID=225) to work on /home/airflow/.local/lib/python3.12/site-packages/airflow/example_dags/example_trigger_target_dag.py
[2024-07-31T16:45:31.911+0000] {processor.py:830} INFO - Processing file /home/airflow/.local/lib/python3.12/site-packages/airflow/example_dags/example_trigger_target_dag.py for tasks to queue
[2024-07-31T16:45:31.912+0000] {logging_mixin.py:188} INFO - [2024-07-31T16:45:31.911+0000] {dagbag.py:545} INFO - Filling up the DagBag from /home/airflow/.local/lib/python3.12/site-packages/airflow/example_dags/example_trigger_target_dag.py
[2024-07-31T16:45:31.921+0000] {processor.py:840} INFO - DAG(s) 'example_trigger_target_dag' retrieved from /home/airflow/.local/lib/python3.12/site-packages/airflow/example_dags/example_trigger_target_dag.py
[2024-07-31T16:45:31.994+0000] {logging_mixin.py:188} INFO - [2024-07-31T16:45:31.994+0000] {dag.py:3089} INFO - Sync 1 DAGs
[2024-07-31T16:45:32.018+0000] {logging_mixin.py:188} INFO - [2024-07-31T16:45:32.018+0000] {dag.py:3947} INFO - Setting next_dagrun for example_trigger_target_dag to None, run_after=None
[2024-07-31T16:45:32.070+0000] {processor.py:183} INFO - Processing /home/airflow/.local/lib/python3.12/site-packages/airflow/example_dags/example_trigger_target_dag.py took 0.180 seconds
[2024-07-31T16:46:02.806+0000] {processor.py:161} INFO - Started process (PID=283) to work on /home/airflow/.local/lib/python3.12/site-packages/airflow/example_dags/example_trigger_target_dag.py
[2024-07-31T16:46:02.806+0000] {processor.py:830} INFO - Processing file /home/airflow/.local/lib/python3.12/site-packages/airflow/example_dags/example_trigger_target_dag.py for tasks to queue
[2024-07-31T16:46:02.807+0000] {logging_mixin.py:188} INFO - [2024-07-31T16:46:02.807+0000] {dagbag.py:545} INFO - Filling up the DagBag from /home/airflow/.local/lib/python3.12/site-packages/airflow/example_dags/example_trigger_target_dag.py
[2024-07-31T16:46:02.812+0000] {processor.py:840} INFO - DAG(s) 'example_trigger_target_dag' retrieved from /home/airflow/.local/lib/python3.12/site-packages/airflow/example_dags/example_trigger_target_dag.py
[2024-07-31T16:46:02.839+0000] {logging_mixin.py:188} INFO - [2024-07-31T16:46:02.838+0000] {dag.py:3089} INFO - Sync 1 DAGs
[2024-07-31T16:46:02.856+0000] {logging_mixin.py:188} INFO - [2024-07-31T16:46:02.856+0000] {dag.py:3947} INFO - Setting next_dagrun for example_trigger_target_dag to None, run_after=None
[2024-07-31T16:46:02.893+0000] {processor.py:183} INFO - Processing /home/airflow/.local/lib/python3.12/site-packages/airflow/example_dags/example_trigger_target_dag.py took 0.092 seconds
[2024-07-31T21:22:56.603+0000] {processor.py:161} INFO - Started process (PID=103) to work on /home/airflow/.local/lib/python3.12/site-packages/airflow/example_dags/example_trigger_target_dag.py
[2024-07-31T21:22:56.604+0000] {processor.py:830} INFO - Processing file /home/airflow/.local/lib/python3.12/site-packages/airflow/example_dags/example_trigger_target_dag.py for tasks to queue
[2024-07-31T21:22:56.606+0000] {logging_mixin.py:188} INFO - [2024-07-31T21:22:56.606+0000] {dagbag.py:545} INFO - Filling up the DagBag from /home/airflow/.local/lib/python3.12/site-packages/airflow/example_dags/example_trigger_target_dag.py
[2024-07-31T21:22:56.617+0000] {processor.py:840} INFO - DAG(s) 'example_trigger_target_dag' retrieved from /home/airflow/.local/lib/python3.12/site-packages/airflow/example_dags/example_trigger_target_dag.py
[2024-07-31T21:22:56.777+0000] {logging_mixin.py:188} INFO - [2024-07-31T21:22:56.777+0000] {dag.py:3089} INFO - Sync 1 DAGs
[2024-07-31T21:22:56.793+0000] {logging_mixin.py:188} INFO - [2024-07-31T21:22:56.793+0000] {dag.py:3947} INFO - Setting next_dagrun for example_trigger_target_dag to None, run_after=None
[2024-07-31T21:22:56.829+0000] {processor.py:183} INFO - Processing /home/airflow/.local/lib/python3.12/site-packages/airflow/example_dags/example_trigger_target_dag.py took 0.234 seconds
[2024-07-31T21:23:26.933+0000] {processor.py:161} INFO - Started process (PID=161) to work on /home/airflow/.local/lib/python3.12/site-packages/airflow/example_dags/example_trigger_target_dag.py
[2024-07-31T21:23:26.934+0000] {processor.py:830} INFO - Processing file /home/airflow/.local/lib/python3.12/site-packages/airflow/example_dags/example_trigger_target_dag.py for tasks to queue
[2024-07-31T21:23:26.936+0000] {logging_mixin.py:188} INFO - [2024-07-31T21:23:26.936+0000] {dagbag.py:545} INFO - Filling up the DagBag from /home/airflow/.local/lib/python3.12/site-packages/airflow/example_dags/example_trigger_target_dag.py
[2024-07-31T21:23:26.950+0000] {processor.py:840} INFO - DAG(s) 'example_trigger_target_dag' retrieved from /home/airflow/.local/lib/python3.12/site-packages/airflow/example_dags/example_trigger_target_dag.py
[2024-07-31T21:23:26.972+0000] {logging_mixin.py:188} INFO - [2024-07-31T21:23:26.971+0000] {dag.py:3089} INFO - Sync 1 DAGs
[2024-07-31T21:23:26.989+0000] {logging_mixin.py:188} INFO - [2024-07-31T21:23:26.989+0000] {dag.py:3947} INFO - Setting next_dagrun for example_trigger_target_dag to None, run_after=None
[2024-07-31T21:23:27.014+0000] {processor.py:183} INFO - Processing /home/airflow/.local/lib/python3.12/site-packages/airflow/example_dags/example_trigger_target_dag.py took 0.088 seconds
[2024-07-31T21:24:06.732+0000] {processor.py:161} INFO - Started process (PID=219) to work on /home/airflow/.local/lib/python3.12/site-packages/airflow/example_dags/example_trigger_target_dag.py
[2024-07-31T21:24:06.734+0000] {processor.py:830} INFO - Processing file /home/airflow/.local/lib/python3.12/site-packages/airflow/example_dags/example_trigger_target_dag.py for tasks to queue
[2024-07-31T21:24:06.737+0000] {logging_mixin.py:188} INFO - [2024-07-31T21:24:06.736+0000] {dagbag.py:545} INFO - Filling up the DagBag from /home/airflow/.local/lib/python3.12/site-packages/airflow/example_dags/example_trigger_target_dag.py
[2024-07-31T21:24:06.746+0000] {processor.py:840} INFO - DAG(s) 'example_trigger_target_dag' retrieved from /home/airflow/.local/lib/python3.12/site-packages/airflow/example_dags/example_trigger_target_dag.py
[2024-07-31T21:24:06.777+0000] {logging_mixin.py:188} INFO - [2024-07-31T21:24:06.776+0000] {dag.py:3089} INFO - Sync 1 DAGs
[2024-07-31T21:24:06.794+0000] {logging_mixin.py:188} INFO - [2024-07-31T21:24:06.794+0000] {dag.py:3947} INFO - Setting next_dagrun for example_trigger_target_dag to None, run_after=None
[2024-07-31T21:24:06.833+0000] {processor.py:183} INFO - Processing /home/airflow/.local/lib/python3.12/site-packages/airflow/example_dags/example_trigger_target_dag.py took 0.110 seconds
[2024-07-31T21:24:40.151+0000] {processor.py:161} INFO - Started process (PID=278) to work on /home/airflow/.local/lib/python3.12/site-packages/airflow/example_dags/example_trigger_target_dag.py
[2024-07-31T21:24:40.159+0000] {processor.py:830} INFO - Processing file /home/airflow/.local/lib/python3.12/site-packages/airflow/example_dags/example_trigger_target_dag.py for tasks to queue
[2024-07-31T21:24:40.182+0000] {logging_mixin.py:188} INFO - [2024-07-31T21:24:40.171+0000] {dagbag.py:545} INFO - Filling up the DagBag from /home/airflow/.local/lib/python3.12/site-packages/airflow/example_dags/example_trigger_target_dag.py
[2024-07-31T21:24:40.258+0000] {processor.py:840} INFO - DAG(s) 'example_trigger_target_dag' retrieved from /home/airflow/.local/lib/python3.12/site-packages/airflow/example_dags/example_trigger_target_dag.py
[2024-07-31T21:24:40.632+0000] {logging_mixin.py:188} INFO - [2024-07-31T21:24:40.626+0000] {dag.py:3089} INFO - Sync 1 DAGs
[2024-07-31T21:24:40.716+0000] {logging_mixin.py:188} INFO - [2024-07-31T21:24:40.716+0000] {dag.py:3947} INFO - Setting next_dagrun for example_trigger_target_dag to None, run_after=None
[2024-07-31T21:24:41.031+0000] {processor.py:183} INFO - Processing /home/airflow/.local/lib/python3.12/site-packages/airflow/example_dags/example_trigger_target_dag.py took 0.912 seconds
[2024-07-31T21:25:11.507+0000] {processor.py:161} INFO - Started process (PID=336) to work on /home/airflow/.local/lib/python3.12/site-packages/airflow/example_dags/example_trigger_target_dag.py
[2024-07-31T21:25:11.513+0000] {processor.py:830} INFO - Processing file /home/airflow/.local/lib/python3.12/site-packages/airflow/example_dags/example_trigger_target_dag.py for tasks to queue
[2024-07-31T21:25:11.516+0000] {logging_mixin.py:188} INFO - [2024-07-31T21:25:11.515+0000] {dagbag.py:545} INFO - Filling up the DagBag from /home/airflow/.local/lib/python3.12/site-packages/airflow/example_dags/example_trigger_target_dag.py
[2024-07-31T21:25:11.528+0000] {processor.py:840} INFO - DAG(s) 'example_trigger_target_dag' retrieved from /home/airflow/.local/lib/python3.12/site-packages/airflow/example_dags/example_trigger_target_dag.py
[2024-07-31T21:25:11.560+0000] {logging_mixin.py:188} INFO - [2024-07-31T21:25:11.559+0000] {dag.py:3089} INFO - Sync 1 DAGs
[2024-07-31T21:25:11.579+0000] {logging_mixin.py:188} INFO - [2024-07-31T21:25:11.578+0000] {dag.py:3947} INFO - Setting next_dagrun for example_trigger_target_dag to None, run_after=None
[2024-07-31T21:25:11.609+0000] {processor.py:183} INFO - Processing /home/airflow/.local/lib/python3.12/site-packages/airflow/example_dags/example_trigger_target_dag.py took 0.112 seconds
[2024-07-31T21:26:01.653+0000] {processor.py:161} INFO - Started process (PID=400) to work on /home/airflow/.local/lib/python3.12/site-packages/airflow/example_dags/example_trigger_target_dag.py
[2024-07-31T21:26:01.654+0000] {processor.py:830} INFO - Processing file /home/airflow/.local/lib/python3.12/site-packages/airflow/example_dags/example_trigger_target_dag.py for tasks to queue
[2024-07-31T21:26:01.656+0000] {logging_mixin.py:188} INFO - [2024-07-31T21:26:01.656+0000] {dagbag.py:545} INFO - Filling up the DagBag from /home/airflow/.local/lib/python3.12/site-packages/airflow/example_dags/example_trigger_target_dag.py
[2024-07-31T21:26:01.663+0000] {processor.py:840} INFO - DAG(s) 'example_trigger_target_dag' retrieved from /home/airflow/.local/lib/python3.12/site-packages/airflow/example_dags/example_trigger_target_dag.py
[2024-07-31T21:26:01.685+0000] {logging_mixin.py:188} INFO - [2024-07-31T21:26:01.684+0000] {dag.py:3089} INFO - Sync 1 DAGs
[2024-07-31T21:26:01.698+0000] {logging_mixin.py:188} INFO - [2024-07-31T21:26:01.698+0000] {dag.py:3947} INFO - Setting next_dagrun for example_trigger_target_dag to None, run_after=None
[2024-07-31T21:26:01.727+0000] {processor.py:183} INFO - Processing /home/airflow/.local/lib/python3.12/site-packages/airflow/example_dags/example_trigger_target_dag.py took 0.080 seconds
[2024-07-31T21:26:32.624+0000] {processor.py:161} INFO - Started process (PID=458) to work on /home/airflow/.local/lib/python3.12/site-packages/airflow/example_dags/example_trigger_target_dag.py
[2024-07-31T21:26:32.625+0000] {processor.py:830} INFO - Processing file /home/airflow/.local/lib/python3.12/site-packages/airflow/example_dags/example_trigger_target_dag.py for tasks to queue
[2024-07-31T21:26:32.629+0000] {logging_mixin.py:188} INFO - [2024-07-31T21:26:32.628+0000] {dagbag.py:545} INFO - Filling up the DagBag from /home/airflow/.local/lib/python3.12/site-packages/airflow/example_dags/example_trigger_target_dag.py
[2024-07-31T21:26:32.639+0000] {processor.py:840} INFO - DAG(s) 'example_trigger_target_dag' retrieved from /home/airflow/.local/lib/python3.12/site-packages/airflow/example_dags/example_trigger_target_dag.py
[2024-07-31T21:26:32.676+0000] {logging_mixin.py:188} INFO - [2024-07-31T21:26:32.676+0000] {dag.py:3089} INFO - Sync 1 DAGs
[2024-07-31T21:26:32.703+0000] {logging_mixin.py:188} INFO - [2024-07-31T21:26:32.703+0000] {dag.py:3947} INFO - Setting next_dagrun for example_trigger_target_dag to None, run_after=None
[2024-07-31T21:26:32.733+0000] {processor.py:183} INFO - Processing /home/airflow/.local/lib/python3.12/site-packages/airflow/example_dags/example_trigger_target_dag.py took 0.123 seconds
[2024-07-31T21:27:02.879+0000] {processor.py:161} INFO - Started process (PID=516) to work on /home/airflow/.local/lib/python3.12/site-packages/airflow/example_dags/example_trigger_target_dag.py
[2024-07-31T21:27:02.881+0000] {processor.py:830} INFO - Processing file /home/airflow/.local/lib/python3.12/site-packages/airflow/example_dags/example_trigger_target_dag.py for tasks to queue
[2024-07-31T21:27:02.885+0000] {logging_mixin.py:188} INFO - [2024-07-31T21:27:02.884+0000] {dagbag.py:545} INFO - Filling up the DagBag from /home/airflow/.local/lib/python3.12/site-packages/airflow/example_dags/example_trigger_target_dag.py
[2024-07-31T21:27:02.899+0000] {processor.py:840} INFO - DAG(s) 'example_trigger_target_dag' retrieved from /home/airflow/.local/lib/python3.12/site-packages/airflow/example_dags/example_trigger_target_dag.py
[2024-07-31T21:27:02.932+0000] {logging_mixin.py:188} INFO - [2024-07-31T21:27:02.932+0000] {dag.py:3089} INFO - Sync 1 DAGs
[2024-07-31T21:27:02.958+0000] {logging_mixin.py:188} INFO - [2024-07-31T21:27:02.957+0000] {dag.py:3947} INFO - Setting next_dagrun for example_trigger_target_dag to None, run_after=None
[2024-07-31T21:27:03.001+0000] {processor.py:183} INFO - Processing /home/airflow/.local/lib/python3.12/site-packages/airflow/example_dags/example_trigger_target_dag.py took 0.135 seconds
[2024-07-31T21:27:33.538+0000] {processor.py:161} INFO - Started process (PID=574) to work on /home/airflow/.local/lib/python3.12/site-packages/airflow/example_dags/example_trigger_target_dag.py
[2024-07-31T21:27:33.540+0000] {processor.py:830} INFO - Processing file /home/airflow/.local/lib/python3.12/site-packages/airflow/example_dags/example_trigger_target_dag.py for tasks to queue
[2024-07-31T21:27:33.544+0000] {logging_mixin.py:188} INFO - [2024-07-31T21:27:33.543+0000] {dagbag.py:545} INFO - Filling up the DagBag from /home/airflow/.local/lib/python3.12/site-packages/airflow/example_dags/example_trigger_target_dag.py
[2024-07-31T21:27:33.558+0000] {processor.py:840} INFO - DAG(s) 'example_trigger_target_dag' retrieved from /home/airflow/.local/lib/python3.12/site-packages/airflow/example_dags/example_trigger_target_dag.py
[2024-07-31T21:27:33.596+0000] {logging_mixin.py:188} INFO - [2024-07-31T21:27:33.596+0000] {dag.py:3089} INFO - Sync 1 DAGs
[2024-07-31T21:27:33.628+0000] {logging_mixin.py:188} INFO - [2024-07-31T21:27:33.628+0000] {dag.py:3947} INFO - Setting next_dagrun for example_trigger_target_dag to None, run_after=None
[2024-07-31T21:27:33.666+0000] {processor.py:183} INFO - Processing /home/airflow/.local/lib/python3.12/site-packages/airflow/example_dags/example_trigger_target_dag.py took 0.140 seconds
[2024-07-31T21:28:04.069+0000] {processor.py:161} INFO - Started process (PID=633) to work on /home/airflow/.local/lib/python3.12/site-packages/airflow/example_dags/example_trigger_target_dag.py
[2024-07-31T21:28:04.070+0000] {processor.py:830} INFO - Processing file /home/airflow/.local/lib/python3.12/site-packages/airflow/example_dags/example_trigger_target_dag.py for tasks to queue
[2024-07-31T21:28:04.073+0000] {logging_mixin.py:188} INFO - [2024-07-31T21:28:04.073+0000] {dagbag.py:545} INFO - Filling up the DagBag from /home/airflow/.local/lib/python3.12/site-packages/airflow/example_dags/example_trigger_target_dag.py
[2024-07-31T21:28:04.080+0000] {processor.py:840} INFO - DAG(s) 'example_trigger_target_dag' retrieved from /home/airflow/.local/lib/python3.12/site-packages/airflow/example_dags/example_trigger_target_dag.py
[2024-07-31T21:28:04.105+0000] {logging_mixin.py:188} INFO - [2024-07-31T21:28:04.105+0000] {dag.py:3089} INFO - Sync 1 DAGs
[2024-07-31T21:28:04.121+0000] {logging_mixin.py:188} INFO - [2024-07-31T21:28:04.120+0000] {dag.py:3947} INFO - Setting next_dagrun for example_trigger_target_dag to None, run_after=None
[2024-07-31T21:28:04.152+0000] {processor.py:183} INFO - Processing /home/airflow/.local/lib/python3.12/site-packages/airflow/example_dags/example_trigger_target_dag.py took 0.089 seconds
[2024-07-31T21:29:02.539+0000] {processor.py:161} INFO - Started process (PID=691) to work on /home/airflow/.local/lib/python3.12/site-packages/airflow/example_dags/example_trigger_target_dag.py
[2024-07-31T21:29:02.540+0000] {processor.py:830} INFO - Processing file /home/airflow/.local/lib/python3.12/site-packages/airflow/example_dags/example_trigger_target_dag.py for tasks to queue
[2024-07-31T21:29:02.542+0000] {logging_mixin.py:188} INFO - [2024-07-31T21:29:02.542+0000] {dagbag.py:545} INFO - Filling up the DagBag from /home/airflow/.local/lib/python3.12/site-packages/airflow/example_dags/example_trigger_target_dag.py
[2024-07-31T21:29:02.548+0000] {processor.py:840} INFO - DAG(s) 'example_trigger_target_dag' retrieved from /home/airflow/.local/lib/python3.12/site-packages/airflow/example_dags/example_trigger_target_dag.py
[2024-07-31T21:29:02.574+0000] {logging_mixin.py:188} INFO - [2024-07-31T21:29:02.573+0000] {dag.py:3089} INFO - Sync 1 DAGs
[2024-07-31T21:29:02.590+0000] {logging_mixin.py:188} INFO - [2024-07-31T21:29:02.589+0000] {dag.py:3947} INFO - Setting next_dagrun for example_trigger_target_dag to None, run_after=None
[2024-07-31T21:29:02.622+0000] {processor.py:183} INFO - Processing /home/airflow/.local/lib/python3.12/site-packages/airflow/example_dags/example_trigger_target_dag.py took 0.089 seconds
