[2024-07-31T12:08:54.824+0000] {processor.py:161} INFO - Started process (PID=108) to work on /home/airflow/.local/lib/python3.12/site-packages/airflow/example_dags/example_latest_only_with_trigger.py
[2024-07-31T12:08:54.825+0000] {processor.py:830} INFO - Processing file /home/airflow/.local/lib/python3.12/site-packages/airflow/example_dags/example_latest_only_with_trigger.py for tasks to queue
[2024-07-31T12:08:54.826+0000] {logging_mixin.py:188} INFO - [2024-07-31T12:08:54.826+0000] {dagbag.py:545} INFO - Filling up the DagBag from /home/airflow/.local/lib/python3.12/site-packages/airflow/example_dags/example_latest_only_with_trigger.py
[2024-07-31T12:08:54.841+0000] {processor.py:840} INFO - DAG(s) 'latest_only_with_trigger' retrieved from /home/airflow/.local/lib/python3.12/site-packages/airflow/example_dags/example_latest_only_with_trigger.py
[2024-07-31T12:08:54.999+0000] {logging_mixin.py:188} INFO - [2024-07-31T12:08:54.998+0000] {override.py:1858} INFO - Created Permission View: can delete on DAG:latest_only_with_trigger
[2024-07-31T12:08:55.013+0000] {logging_mixin.py:188} INFO - [2024-07-31T12:08:55.013+0000] {override.py:1858} INFO - Created Permission View: can read on DAG:latest_only_with_trigger
[2024-07-31T12:08:55.026+0000] {logging_mixin.py:188} INFO - [2024-07-31T12:08:55.025+0000] {override.py:1858} INFO - Created Permission View: can edit on DAG:latest_only_with_trigger
[2024-07-31T12:08:55.026+0000] {logging_mixin.py:188} INFO - [2024-07-31T12:08:55.026+0000] {dag.py:3089} INFO - Sync 1 DAGs
[2024-07-31T12:08:55.045+0000] {logging_mixin.py:188} INFO - [2024-07-31T12:08:55.044+0000] {dag.py:3111} INFO - Creating ORM DAG for latest_only_with_trigger
[2024-07-31T12:08:55.059+0000] {logging_mixin.py:188} INFO - [2024-07-31T12:08:55.058+0000] {dag.py:3947} INFO - Setting next_dagrun for latest_only_with_trigger to 2024-07-31 08:00:00+00:00, run_after=2024-07-31 12:00:00+00:00
[2024-07-31T12:08:55.083+0000] {processor.py:183} INFO - Processing /home/airflow/.local/lib/python3.12/site-packages/airflow/example_dags/example_latest_only_with_trigger.py took 0.266 seconds
[2024-07-31T12:09:25.980+0000] {processor.py:161} INFO - Started process (PID=166) to work on /home/airflow/.local/lib/python3.12/site-packages/airflow/example_dags/example_latest_only_with_trigger.py
[2024-07-31T12:09:25.981+0000] {processor.py:830} INFO - Processing file /home/airflow/.local/lib/python3.12/site-packages/airflow/example_dags/example_latest_only_with_trigger.py for tasks to queue
[2024-07-31T12:09:25.983+0000] {logging_mixin.py:188} INFO - [2024-07-31T12:09:25.983+0000] {dagbag.py:545} INFO - Filling up the DagBag from /home/airflow/.local/lib/python3.12/site-packages/airflow/example_dags/example_latest_only_with_trigger.py
[2024-07-31T12:09:25.991+0000] {processor.py:840} INFO - DAG(s) 'latest_only_with_trigger' retrieved from /home/airflow/.local/lib/python3.12/site-packages/airflow/example_dags/example_latest_only_with_trigger.py
[2024-07-31T12:09:26.018+0000] {logging_mixin.py:188} INFO - [2024-07-31T12:09:26.017+0000] {dag.py:3089} INFO - Sync 1 DAGs
[2024-07-31T12:09:26.045+0000] {logging_mixin.py:188} INFO - [2024-07-31T12:09:26.044+0000] {dag.py:3947} INFO - Setting next_dagrun for latest_only_with_trigger to 2024-07-31 08:00:00+00:00, run_after=2024-07-31 12:00:00+00:00
[2024-07-31T12:09:26.071+0000] {processor.py:183} INFO - Processing /home/airflow/.local/lib/python3.12/site-packages/airflow/example_dags/example_latest_only_with_trigger.py took 0.096 seconds
[2024-07-31T12:09:56.150+0000] {processor.py:161} INFO - Started process (PID=224) to work on /home/airflow/.local/lib/python3.12/site-packages/airflow/example_dags/example_latest_only_with_trigger.py
[2024-07-31T12:09:56.152+0000] {processor.py:830} INFO - Processing file /home/airflow/.local/lib/python3.12/site-packages/airflow/example_dags/example_latest_only_with_trigger.py for tasks to queue
[2024-07-31T12:09:56.154+0000] {logging_mixin.py:188} INFO - [2024-07-31T12:09:56.153+0000] {dagbag.py:545} INFO - Filling up the DagBag from /home/airflow/.local/lib/python3.12/site-packages/airflow/example_dags/example_latest_only_with_trigger.py
[2024-07-31T12:09:56.158+0000] {processor.py:840} INFO - DAG(s) 'latest_only_with_trigger' retrieved from /home/airflow/.local/lib/python3.12/site-packages/airflow/example_dags/example_latest_only_with_trigger.py
[2024-07-31T12:09:56.179+0000] {logging_mixin.py:188} INFO - [2024-07-31T12:09:56.179+0000] {dag.py:3089} INFO - Sync 1 DAGs
[2024-07-31T12:09:56.200+0000] {logging_mixin.py:188} INFO - [2024-07-31T12:09:56.200+0000] {dag.py:3947} INFO - Setting next_dagrun for latest_only_with_trigger to 2024-07-31 08:00:00+00:00, run_after=2024-07-31 12:00:00+00:00
[2024-07-31T12:09:56.226+0000] {processor.py:183} INFO - Processing /home/airflow/.local/lib/python3.12/site-packages/airflow/example_dags/example_latest_only_with_trigger.py took 0.082 seconds
[2024-07-31T12:10:26.821+0000] {processor.py:161} INFO - Started process (PID=282) to work on /home/airflow/.local/lib/python3.12/site-packages/airflow/example_dags/example_latest_only_with_trigger.py
[2024-07-31T12:10:26.822+0000] {processor.py:830} INFO - Processing file /home/airflow/.local/lib/python3.12/site-packages/airflow/example_dags/example_latest_only_with_trigger.py for tasks to queue
[2024-07-31T12:10:26.823+0000] {logging_mixin.py:188} INFO - [2024-07-31T12:10:26.823+0000] {dagbag.py:545} INFO - Filling up the DagBag from /home/airflow/.local/lib/python3.12/site-packages/airflow/example_dags/example_latest_only_with_trigger.py
[2024-07-31T12:10:26.828+0000] {processor.py:840} INFO - DAG(s) 'latest_only_with_trigger' retrieved from /home/airflow/.local/lib/python3.12/site-packages/airflow/example_dags/example_latest_only_with_trigger.py
[2024-07-31T12:10:26.851+0000] {logging_mixin.py:188} INFO - [2024-07-31T12:10:26.851+0000] {dag.py:3089} INFO - Sync 1 DAGs
[2024-07-31T12:10:26.879+0000] {logging_mixin.py:188} INFO - [2024-07-31T12:10:26.878+0000] {dag.py:3947} INFO - Setting next_dagrun for latest_only_with_trigger to 2024-07-31 08:00:00+00:00, run_after=2024-07-31 12:00:00+00:00
[2024-07-31T12:10:26.902+0000] {processor.py:183} INFO - Processing /home/airflow/.local/lib/python3.12/site-packages/airflow/example_dags/example_latest_only_with_trigger.py took 0.087 seconds
[2024-07-31T12:10:57.900+0000] {processor.py:161} INFO - Started process (PID=339) to work on /home/airflow/.local/lib/python3.12/site-packages/airflow/example_dags/example_latest_only_with_trigger.py
[2024-07-31T12:10:57.903+0000] {processor.py:830} INFO - Processing file /home/airflow/.local/lib/python3.12/site-packages/airflow/example_dags/example_latest_only_with_trigger.py for tasks to queue
[2024-07-31T12:10:57.905+0000] {logging_mixin.py:188} INFO - [2024-07-31T12:10:57.904+0000] {dagbag.py:545} INFO - Filling up the DagBag from /home/airflow/.local/lib/python3.12/site-packages/airflow/example_dags/example_latest_only_with_trigger.py
[2024-07-31T12:10:57.911+0000] {processor.py:840} INFO - DAG(s) 'latest_only_with_trigger' retrieved from /home/airflow/.local/lib/python3.12/site-packages/airflow/example_dags/example_latest_only_with_trigger.py
[2024-07-31T12:10:57.931+0000] {logging_mixin.py:188} INFO - [2024-07-31T12:10:57.931+0000] {dag.py:3089} INFO - Sync 1 DAGs
[2024-07-31T12:10:57.952+0000] {logging_mixin.py:188} INFO - [2024-07-31T12:10:57.952+0000] {dag.py:3947} INFO - Setting next_dagrun for latest_only_with_trigger to 2024-07-31 08:00:00+00:00, run_after=2024-07-31 12:00:00+00:00
[2024-07-31T12:10:57.980+0000] {processor.py:183} INFO - Processing /home/airflow/.local/lib/python3.12/site-packages/airflow/example_dags/example_latest_only_with_trigger.py took 0.087 seconds
[2024-07-31T12:11:28.673+0000] {processor.py:161} INFO - Started process (PID=397) to work on /home/airflow/.local/lib/python3.12/site-packages/airflow/example_dags/example_latest_only_with_trigger.py
[2024-07-31T12:11:28.673+0000] {processor.py:830} INFO - Processing file /home/airflow/.local/lib/python3.12/site-packages/airflow/example_dags/example_latest_only_with_trigger.py for tasks to queue
[2024-07-31T12:11:28.675+0000] {logging_mixin.py:188} INFO - [2024-07-31T12:11:28.675+0000] {dagbag.py:545} INFO - Filling up the DagBag from /home/airflow/.local/lib/python3.12/site-packages/airflow/example_dags/example_latest_only_with_trigger.py
[2024-07-31T12:11:28.682+0000] {processor.py:840} INFO - DAG(s) 'latest_only_with_trigger' retrieved from /home/airflow/.local/lib/python3.12/site-packages/airflow/example_dags/example_latest_only_with_trigger.py
[2024-07-31T12:11:28.702+0000] {logging_mixin.py:188} INFO - [2024-07-31T12:11:28.702+0000] {dag.py:3089} INFO - Sync 1 DAGs
[2024-07-31T12:11:28.727+0000] {logging_mixin.py:188} INFO - [2024-07-31T12:11:28.727+0000] {dag.py:3947} INFO - Setting next_dagrun for latest_only_with_trigger to 2024-07-31 08:00:00+00:00, run_after=2024-07-31 12:00:00+00:00
[2024-07-31T12:11:28.752+0000] {processor.py:183} INFO - Processing /home/airflow/.local/lib/python3.12/site-packages/airflow/example_dags/example_latest_only_with_trigger.py took 0.084 seconds
[2024-07-31T12:11:59.064+0000] {processor.py:161} INFO - Started process (PID=455) to work on /home/airflow/.local/lib/python3.12/site-packages/airflow/example_dags/example_latest_only_with_trigger.py
[2024-07-31T12:11:59.066+0000] {processor.py:830} INFO - Processing file /home/airflow/.local/lib/python3.12/site-packages/airflow/example_dags/example_latest_only_with_trigger.py for tasks to queue
[2024-07-31T12:11:59.068+0000] {logging_mixin.py:188} INFO - [2024-07-31T12:11:59.068+0000] {dagbag.py:545} INFO - Filling up the DagBag from /home/airflow/.local/lib/python3.12/site-packages/airflow/example_dags/example_latest_only_with_trigger.py
[2024-07-31T12:11:59.073+0000] {processor.py:840} INFO - DAG(s) 'latest_only_with_trigger' retrieved from /home/airflow/.local/lib/python3.12/site-packages/airflow/example_dags/example_latest_only_with_trigger.py
[2024-07-31T12:11:59.097+0000] {logging_mixin.py:188} INFO - [2024-07-31T12:11:59.097+0000] {dag.py:3089} INFO - Sync 1 DAGs
[2024-07-31T12:11:59.126+0000] {logging_mixin.py:188} INFO - [2024-07-31T12:11:59.126+0000] {dag.py:3947} INFO - Setting next_dagrun for latest_only_with_trigger to 2024-07-31 08:00:00+00:00, run_after=2024-07-31 12:00:00+00:00
[2024-07-31T12:11:59.151+0000] {processor.py:183} INFO - Processing /home/airflow/.local/lib/python3.12/site-packages/airflow/example_dags/example_latest_only_with_trigger.py took 0.093 seconds
[2024-07-31T12:12:29.283+0000] {processor.py:161} INFO - Started process (PID=512) to work on /home/airflow/.local/lib/python3.12/site-packages/airflow/example_dags/example_latest_only_with_trigger.py
[2024-07-31T12:12:29.284+0000] {processor.py:830} INFO - Processing file /home/airflow/.local/lib/python3.12/site-packages/airflow/example_dags/example_latest_only_with_trigger.py for tasks to queue
[2024-07-31T12:12:29.286+0000] {logging_mixin.py:188} INFO - [2024-07-31T12:12:29.285+0000] {dagbag.py:545} INFO - Filling up the DagBag from /home/airflow/.local/lib/python3.12/site-packages/airflow/example_dags/example_latest_only_with_trigger.py
[2024-07-31T12:12:29.291+0000] {processor.py:840} INFO - DAG(s) 'latest_only_with_trigger' retrieved from /home/airflow/.local/lib/python3.12/site-packages/airflow/example_dags/example_latest_only_with_trigger.py
[2024-07-31T12:12:29.312+0000] {logging_mixin.py:188} INFO - [2024-07-31T12:12:29.312+0000] {dag.py:3089} INFO - Sync 1 DAGs
[2024-07-31T12:12:29.342+0000] {logging_mixin.py:188} INFO - [2024-07-31T12:12:29.342+0000] {dag.py:3947} INFO - Setting next_dagrun for latest_only_with_trigger to 2024-07-31 08:00:00+00:00, run_after=2024-07-31 12:00:00+00:00
[2024-07-31T12:12:29.366+0000] {processor.py:183} INFO - Processing /home/airflow/.local/lib/python3.12/site-packages/airflow/example_dags/example_latest_only_with_trigger.py took 0.089 seconds
[2024-07-31T12:13:00.002+0000] {processor.py:161} INFO - Started process (PID=570) to work on /home/airflow/.local/lib/python3.12/site-packages/airflow/example_dags/example_latest_only_with_trigger.py
[2024-07-31T12:13:00.003+0000] {processor.py:830} INFO - Processing file /home/airflow/.local/lib/python3.12/site-packages/airflow/example_dags/example_latest_only_with_trigger.py for tasks to queue
[2024-07-31T12:13:00.004+0000] {logging_mixin.py:188} INFO - [2024-07-31T12:13:00.004+0000] {dagbag.py:545} INFO - Filling up the DagBag from /home/airflow/.local/lib/python3.12/site-packages/airflow/example_dags/example_latest_only_with_trigger.py
[2024-07-31T12:13:00.009+0000] {processor.py:840} INFO - DAG(s) 'latest_only_with_trigger' retrieved from /home/airflow/.local/lib/python3.12/site-packages/airflow/example_dags/example_latest_only_with_trigger.py
[2024-07-31T12:13:00.031+0000] {logging_mixin.py:188} INFO - [2024-07-31T12:13:00.031+0000] {dag.py:3089} INFO - Sync 1 DAGs
[2024-07-31T12:13:00.053+0000] {logging_mixin.py:188} INFO - [2024-07-31T12:13:00.052+0000] {dag.py:3947} INFO - Setting next_dagrun for latest_only_with_trigger to 2024-07-31 08:00:00+00:00, run_after=2024-07-31 12:00:00+00:00
[2024-07-31T12:13:00.077+0000] {processor.py:183} INFO - Processing /home/airflow/.local/lib/python3.12/site-packages/airflow/example_dags/example_latest_only_with_trigger.py took 0.081 seconds
[2024-07-31T12:13:30.532+0000] {processor.py:161} INFO - Started process (PID=627) to work on /home/airflow/.local/lib/python3.12/site-packages/airflow/example_dags/example_latest_only_with_trigger.py
[2024-07-31T12:13:30.532+0000] {processor.py:830} INFO - Processing file /home/airflow/.local/lib/python3.12/site-packages/airflow/example_dags/example_latest_only_with_trigger.py for tasks to queue
[2024-07-31T12:13:30.534+0000] {logging_mixin.py:188} INFO - [2024-07-31T12:13:30.534+0000] {dagbag.py:545} INFO - Filling up the DagBag from /home/airflow/.local/lib/python3.12/site-packages/airflow/example_dags/example_latest_only_with_trigger.py
[2024-07-31T12:13:30.548+0000] {processor.py:840} INFO - DAG(s) 'latest_only_with_trigger' retrieved from /home/airflow/.local/lib/python3.12/site-packages/airflow/example_dags/example_latest_only_with_trigger.py
[2024-07-31T12:13:30.575+0000] {logging_mixin.py:188} INFO - [2024-07-31T12:13:30.575+0000] {dag.py:3089} INFO - Sync 1 DAGs
[2024-07-31T12:13:30.605+0000] {logging_mixin.py:188} INFO - [2024-07-31T12:13:30.605+0000] {dag.py:3947} INFO - Setting next_dagrun for latest_only_with_trigger to 2024-07-31 08:00:00+00:00, run_after=2024-07-31 12:00:00+00:00
[2024-07-31T12:13:30.645+0000] {processor.py:183} INFO - Processing /home/airflow/.local/lib/python3.12/site-packages/airflow/example_dags/example_latest_only_with_trigger.py took 0.121 seconds
[2024-07-31T12:14:00.900+0000] {processor.py:161} INFO - Started process (PID=685) to work on /home/airflow/.local/lib/python3.12/site-packages/airflow/example_dags/example_latest_only_with_trigger.py
[2024-07-31T12:14:00.901+0000] {processor.py:830} INFO - Processing file /home/airflow/.local/lib/python3.12/site-packages/airflow/example_dags/example_latest_only_with_trigger.py for tasks to queue
[2024-07-31T12:14:00.903+0000] {logging_mixin.py:188} INFO - [2024-07-31T12:14:00.903+0000] {dagbag.py:545} INFO - Filling up the DagBag from /home/airflow/.local/lib/python3.12/site-packages/airflow/example_dags/example_latest_only_with_trigger.py
[2024-07-31T12:14:00.911+0000] {processor.py:840} INFO - DAG(s) 'latest_only_with_trigger' retrieved from /home/airflow/.local/lib/python3.12/site-packages/airflow/example_dags/example_latest_only_with_trigger.py
[2024-07-31T12:14:00.947+0000] {logging_mixin.py:188} INFO - [2024-07-31T12:14:00.947+0000] {dag.py:3089} INFO - Sync 1 DAGs
[2024-07-31T12:14:01.000+0000] {logging_mixin.py:188} INFO - [2024-07-31T12:14:00.999+0000] {dag.py:3947} INFO - Setting next_dagrun for latest_only_with_trigger to 2024-07-31 08:00:00+00:00, run_after=2024-07-31 12:00:00+00:00
[2024-07-31T12:14:01.041+0000] {processor.py:183} INFO - Processing /home/airflow/.local/lib/python3.12/site-packages/airflow/example_dags/example_latest_only_with_trigger.py took 0.148 seconds
[2024-07-31T12:14:31.885+0000] {processor.py:161} INFO - Started process (PID=743) to work on /home/airflow/.local/lib/python3.12/site-packages/airflow/example_dags/example_latest_only_with_trigger.py
[2024-07-31T12:14:31.888+0000] {processor.py:830} INFO - Processing file /home/airflow/.local/lib/python3.12/site-packages/airflow/example_dags/example_latest_only_with_trigger.py for tasks to queue
[2024-07-31T12:14:31.890+0000] {logging_mixin.py:188} INFO - [2024-07-31T12:14:31.890+0000] {dagbag.py:545} INFO - Filling up the DagBag from /home/airflow/.local/lib/python3.12/site-packages/airflow/example_dags/example_latest_only_with_trigger.py
[2024-07-31T12:14:31.898+0000] {processor.py:840} INFO - DAG(s) 'latest_only_with_trigger' retrieved from /home/airflow/.local/lib/python3.12/site-packages/airflow/example_dags/example_latest_only_with_trigger.py
[2024-07-31T12:14:31.926+0000] {logging_mixin.py:188} INFO - [2024-07-31T12:14:31.926+0000] {dag.py:3089} INFO - Sync 1 DAGs
[2024-07-31T12:14:31.963+0000] {logging_mixin.py:188} INFO - [2024-07-31T12:14:31.962+0000] {dag.py:3947} INFO - Setting next_dagrun for latest_only_with_trigger to 2024-07-31 08:00:00+00:00, run_after=2024-07-31 12:00:00+00:00
[2024-07-31T12:14:31.994+0000] {processor.py:183} INFO - Processing /home/airflow/.local/lib/python3.12/site-packages/airflow/example_dags/example_latest_only_with_trigger.py took 0.117 seconds
[2024-07-31T12:15:02.203+0000] {processor.py:161} INFO - Started process (PID=801) to work on /home/airflow/.local/lib/python3.12/site-packages/airflow/example_dags/example_latest_only_with_trigger.py
[2024-07-31T12:15:02.204+0000] {processor.py:830} INFO - Processing file /home/airflow/.local/lib/python3.12/site-packages/airflow/example_dags/example_latest_only_with_trigger.py for tasks to queue
[2024-07-31T12:15:02.206+0000] {logging_mixin.py:188} INFO - [2024-07-31T12:15:02.205+0000] {dagbag.py:545} INFO - Filling up the DagBag from /home/airflow/.local/lib/python3.12/site-packages/airflow/example_dags/example_latest_only_with_trigger.py
[2024-07-31T12:15:02.213+0000] {processor.py:840} INFO - DAG(s) 'latest_only_with_trigger' retrieved from /home/airflow/.local/lib/python3.12/site-packages/airflow/example_dags/example_latest_only_with_trigger.py
[2024-07-31T12:15:02.235+0000] {logging_mixin.py:188} INFO - [2024-07-31T12:15:02.235+0000] {dag.py:3089} INFO - Sync 1 DAGs
[2024-07-31T12:15:02.268+0000] {logging_mixin.py:188} INFO - [2024-07-31T12:15:02.267+0000] {dag.py:3947} INFO - Setting next_dagrun for latest_only_with_trigger to 2024-07-31 08:00:00+00:00, run_after=2024-07-31 12:00:00+00:00
[2024-07-31T12:15:02.295+0000] {processor.py:183} INFO - Processing /home/airflow/.local/lib/python3.12/site-packages/airflow/example_dags/example_latest_only_with_trigger.py took 0.098 seconds
[2024-07-31T12:15:32.751+0000] {processor.py:161} INFO - Started process (PID=858) to work on /home/airflow/.local/lib/python3.12/site-packages/airflow/example_dags/example_latest_only_with_trigger.py
[2024-07-31T12:15:32.752+0000] {processor.py:830} INFO - Processing file /home/airflow/.local/lib/python3.12/site-packages/airflow/example_dags/example_latest_only_with_trigger.py for tasks to queue
[2024-07-31T12:15:32.754+0000] {logging_mixin.py:188} INFO - [2024-07-31T12:15:32.753+0000] {dagbag.py:545} INFO - Filling up the DagBag from /home/airflow/.local/lib/python3.12/site-packages/airflow/example_dags/example_latest_only_with_trigger.py
[2024-07-31T12:15:32.760+0000] {processor.py:840} INFO - DAG(s) 'latest_only_with_trigger' retrieved from /home/airflow/.local/lib/python3.12/site-packages/airflow/example_dags/example_latest_only_with_trigger.py
[2024-07-31T12:15:32.790+0000] {logging_mixin.py:188} INFO - [2024-07-31T12:15:32.789+0000] {dag.py:3089} INFO - Sync 1 DAGs
[2024-07-31T12:15:32.826+0000] {logging_mixin.py:188} INFO - [2024-07-31T12:15:32.826+0000] {dag.py:3947} INFO - Setting next_dagrun for latest_only_with_trigger to 2024-07-31 08:00:00+00:00, run_after=2024-07-31 12:00:00+00:00
[2024-07-31T12:15:32.860+0000] {processor.py:183} INFO - Processing /home/airflow/.local/lib/python3.12/site-packages/airflow/example_dags/example_latest_only_with_trigger.py took 0.118 seconds
[2024-07-31T12:16:02.926+0000] {processor.py:161} INFO - Started process (PID=915) to work on /home/airflow/.local/lib/python3.12/site-packages/airflow/example_dags/example_latest_only_with_trigger.py
[2024-07-31T12:16:02.929+0000] {processor.py:830} INFO - Processing file /home/airflow/.local/lib/python3.12/site-packages/airflow/example_dags/example_latest_only_with_trigger.py for tasks to queue
[2024-07-31T12:16:02.930+0000] {logging_mixin.py:188} INFO - [2024-07-31T12:16:02.930+0000] {dagbag.py:545} INFO - Filling up the DagBag from /home/airflow/.local/lib/python3.12/site-packages/airflow/example_dags/example_latest_only_with_trigger.py
[2024-07-31T12:16:02.935+0000] {processor.py:840} INFO - DAG(s) 'latest_only_with_trigger' retrieved from /home/airflow/.local/lib/python3.12/site-packages/airflow/example_dags/example_latest_only_with_trigger.py
[2024-07-31T12:16:02.957+0000] {logging_mixin.py:188} INFO - [2024-07-31T12:16:02.957+0000] {dag.py:3089} INFO - Sync 1 DAGs
[2024-07-31T12:16:02.978+0000] {logging_mixin.py:188} INFO - [2024-07-31T12:16:02.978+0000] {dag.py:3947} INFO - Setting next_dagrun for latest_only_with_trigger to 2024-07-31 08:00:00+00:00, run_after=2024-07-31 12:00:00+00:00
[2024-07-31T12:16:03.007+0000] {processor.py:183} INFO - Processing /home/airflow/.local/lib/python3.12/site-packages/airflow/example_dags/example_latest_only_with_trigger.py took 0.088 seconds
[2024-07-31T12:16:33.180+0000] {processor.py:161} INFO - Started process (PID=972) to work on /home/airflow/.local/lib/python3.12/site-packages/airflow/example_dags/example_latest_only_with_trigger.py
[2024-07-31T12:16:33.180+0000] {processor.py:830} INFO - Processing file /home/airflow/.local/lib/python3.12/site-packages/airflow/example_dags/example_latest_only_with_trigger.py for tasks to queue
[2024-07-31T12:16:33.183+0000] {logging_mixin.py:188} INFO - [2024-07-31T12:16:33.182+0000] {dagbag.py:545} INFO - Filling up the DagBag from /home/airflow/.local/lib/python3.12/site-packages/airflow/example_dags/example_latest_only_with_trigger.py
[2024-07-31T12:16:33.190+0000] {processor.py:840} INFO - DAG(s) 'latest_only_with_trigger' retrieved from /home/airflow/.local/lib/python3.12/site-packages/airflow/example_dags/example_latest_only_with_trigger.py
[2024-07-31T12:16:33.216+0000] {logging_mixin.py:188} INFO - [2024-07-31T12:16:33.215+0000] {dag.py:3089} INFO - Sync 1 DAGs
[2024-07-31T12:16:33.242+0000] {logging_mixin.py:188} INFO - [2024-07-31T12:16:33.242+0000] {dag.py:3947} INFO - Setting next_dagrun for latest_only_with_trigger to 2024-07-31 08:00:00+00:00, run_after=2024-07-31 12:00:00+00:00
[2024-07-31T12:16:33.269+0000] {processor.py:183} INFO - Processing /home/airflow/.local/lib/python3.12/site-packages/airflow/example_dags/example_latest_only_with_trigger.py took 0.096 seconds
[2024-07-31T12:17:03.300+0000] {processor.py:161} INFO - Started process (PID=1029) to work on /home/airflow/.local/lib/python3.12/site-packages/airflow/example_dags/example_latest_only_with_trigger.py
[2024-07-31T12:17:03.300+0000] {processor.py:830} INFO - Processing file /home/airflow/.local/lib/python3.12/site-packages/airflow/example_dags/example_latest_only_with_trigger.py for tasks to queue
[2024-07-31T12:17:03.302+0000] {logging_mixin.py:188} INFO - [2024-07-31T12:17:03.302+0000] {dagbag.py:545} INFO - Filling up the DagBag from /home/airflow/.local/lib/python3.12/site-packages/airflow/example_dags/example_latest_only_with_trigger.py
[2024-07-31T12:17:03.308+0000] {processor.py:840} INFO - DAG(s) 'latest_only_with_trigger' retrieved from /home/airflow/.local/lib/python3.12/site-packages/airflow/example_dags/example_latest_only_with_trigger.py
[2024-07-31T12:17:03.333+0000] {logging_mixin.py:188} INFO - [2024-07-31T12:17:03.333+0000] {dag.py:3089} INFO - Sync 1 DAGs
[2024-07-31T12:17:03.355+0000] {logging_mixin.py:188} INFO - [2024-07-31T12:17:03.355+0000] {dag.py:3947} INFO - Setting next_dagrun for latest_only_with_trigger to 2024-07-31 08:00:00+00:00, run_after=2024-07-31 12:00:00+00:00
[2024-07-31T12:17:03.381+0000] {processor.py:183} INFO - Processing /home/airflow/.local/lib/python3.12/site-packages/airflow/example_dags/example_latest_only_with_trigger.py took 0.087 seconds
[2024-07-31T12:17:34.232+0000] {processor.py:161} INFO - Started process (PID=1087) to work on /home/airflow/.local/lib/python3.12/site-packages/airflow/example_dags/example_latest_only_with_trigger.py
[2024-07-31T12:17:34.233+0000] {processor.py:830} INFO - Processing file /home/airflow/.local/lib/python3.12/site-packages/airflow/example_dags/example_latest_only_with_trigger.py for tasks to queue
[2024-07-31T12:17:34.235+0000] {logging_mixin.py:188} INFO - [2024-07-31T12:17:34.234+0000] {dagbag.py:545} INFO - Filling up the DagBag from /home/airflow/.local/lib/python3.12/site-packages/airflow/example_dags/example_latest_only_with_trigger.py
[2024-07-31T12:17:34.239+0000] {processor.py:840} INFO - DAG(s) 'latest_only_with_trigger' retrieved from /home/airflow/.local/lib/python3.12/site-packages/airflow/example_dags/example_latest_only_with_trigger.py
[2024-07-31T12:17:34.259+0000] {logging_mixin.py:188} INFO - [2024-07-31T12:17:34.259+0000] {dag.py:3089} INFO - Sync 1 DAGs
[2024-07-31T12:17:34.280+0000] {logging_mixin.py:188} INFO - [2024-07-31T12:17:34.280+0000] {dag.py:3947} INFO - Setting next_dagrun for latest_only_with_trigger to 2024-07-31 08:00:00+00:00, run_after=2024-07-31 12:00:00+00:00
[2024-07-31T12:17:34.307+0000] {processor.py:183} INFO - Processing /home/airflow/.local/lib/python3.12/site-packages/airflow/example_dags/example_latest_only_with_trigger.py took 0.081 seconds
[2024-07-31T12:18:04.812+0000] {processor.py:161} INFO - Started process (PID=1145) to work on /home/airflow/.local/lib/python3.12/site-packages/airflow/example_dags/example_latest_only_with_trigger.py
[2024-07-31T12:18:04.813+0000] {processor.py:830} INFO - Processing file /home/airflow/.local/lib/python3.12/site-packages/airflow/example_dags/example_latest_only_with_trigger.py for tasks to queue
[2024-07-31T12:18:04.816+0000] {logging_mixin.py:188} INFO - [2024-07-31T12:18:04.815+0000] {dagbag.py:545} INFO - Filling up the DagBag from /home/airflow/.local/lib/python3.12/site-packages/airflow/example_dags/example_latest_only_with_trigger.py
[2024-07-31T12:18:04.823+0000] {processor.py:840} INFO - DAG(s) 'latest_only_with_trigger' retrieved from /home/airflow/.local/lib/python3.12/site-packages/airflow/example_dags/example_latest_only_with_trigger.py
[2024-07-31T12:18:04.849+0000] {logging_mixin.py:188} INFO - [2024-07-31T12:18:04.849+0000] {dag.py:3089} INFO - Sync 1 DAGs
[2024-07-31T12:18:04.870+0000] {logging_mixin.py:188} INFO - [2024-07-31T12:18:04.870+0000] {dag.py:3947} INFO - Setting next_dagrun for latest_only_with_trigger to 2024-07-31 08:00:00+00:00, run_after=2024-07-31 12:00:00+00:00
[2024-07-31T12:18:04.892+0000] {processor.py:183} INFO - Processing /home/airflow/.local/lib/python3.12/site-packages/airflow/example_dags/example_latest_only_with_trigger.py took 0.091 seconds
[2024-07-31T12:18:35.404+0000] {processor.py:161} INFO - Started process (PID=1203) to work on /home/airflow/.local/lib/python3.12/site-packages/airflow/example_dags/example_latest_only_with_trigger.py
[2024-07-31T12:18:35.404+0000] {processor.py:830} INFO - Processing file /home/airflow/.local/lib/python3.12/site-packages/airflow/example_dags/example_latest_only_with_trigger.py for tasks to queue
[2024-07-31T12:18:35.406+0000] {logging_mixin.py:188} INFO - [2024-07-31T12:18:35.405+0000] {dagbag.py:545} INFO - Filling up the DagBag from /home/airflow/.local/lib/python3.12/site-packages/airflow/example_dags/example_latest_only_with_trigger.py
[2024-07-31T12:18:35.411+0000] {processor.py:840} INFO - DAG(s) 'latest_only_with_trigger' retrieved from /home/airflow/.local/lib/python3.12/site-packages/airflow/example_dags/example_latest_only_with_trigger.py
[2024-07-31T12:18:35.433+0000] {logging_mixin.py:188} INFO - [2024-07-31T12:18:35.433+0000] {dag.py:3089} INFO - Sync 1 DAGs
[2024-07-31T12:18:35.458+0000] {logging_mixin.py:188} INFO - [2024-07-31T12:18:35.458+0000] {dag.py:3947} INFO - Setting next_dagrun for latest_only_with_trigger to 2024-07-31 08:00:00+00:00, run_after=2024-07-31 12:00:00+00:00
[2024-07-31T12:18:35.483+0000] {processor.py:183} INFO - Processing /home/airflow/.local/lib/python3.12/site-packages/airflow/example_dags/example_latest_only_with_trigger.py took 0.085 seconds
[2024-07-31T12:19:06.676+0000] {processor.py:161} INFO - Started process (PID=1261) to work on /home/airflow/.local/lib/python3.12/site-packages/airflow/example_dags/example_latest_only_with_trigger.py
[2024-07-31T12:19:06.677+0000] {processor.py:830} INFO - Processing file /home/airflow/.local/lib/python3.12/site-packages/airflow/example_dags/example_latest_only_with_trigger.py for tasks to queue
[2024-07-31T12:19:06.678+0000] {logging_mixin.py:188} INFO - [2024-07-31T12:19:06.678+0000] {dagbag.py:545} INFO - Filling up the DagBag from /home/airflow/.local/lib/python3.12/site-packages/airflow/example_dags/example_latest_only_with_trigger.py
[2024-07-31T12:19:06.683+0000] {processor.py:840} INFO - DAG(s) 'latest_only_with_trigger' retrieved from /home/airflow/.local/lib/python3.12/site-packages/airflow/example_dags/example_latest_only_with_trigger.py
[2024-07-31T12:19:06.702+0000] {logging_mixin.py:188} INFO - [2024-07-31T12:19:06.702+0000] {dag.py:3089} INFO - Sync 1 DAGs
[2024-07-31T12:19:06.722+0000] {logging_mixin.py:188} INFO - [2024-07-31T12:19:06.722+0000] {dag.py:3947} INFO - Setting next_dagrun for latest_only_with_trigger to 2024-07-31 08:00:00+00:00, run_after=2024-07-31 12:00:00+00:00
[2024-07-31T12:19:06.745+0000] {processor.py:183} INFO - Processing /home/airflow/.local/lib/python3.12/site-packages/airflow/example_dags/example_latest_only_with_trigger.py took 0.073 seconds
[2024-07-31T12:19:37.092+0000] {processor.py:161} INFO - Started process (PID=1319) to work on /home/airflow/.local/lib/python3.12/site-packages/airflow/example_dags/example_latest_only_with_trigger.py
[2024-07-31T12:19:37.093+0000] {processor.py:830} INFO - Processing file /home/airflow/.local/lib/python3.12/site-packages/airflow/example_dags/example_latest_only_with_trigger.py for tasks to queue
[2024-07-31T12:19:37.095+0000] {logging_mixin.py:188} INFO - [2024-07-31T12:19:37.095+0000] {dagbag.py:545} INFO - Filling up the DagBag from /home/airflow/.local/lib/python3.12/site-packages/airflow/example_dags/example_latest_only_with_trigger.py
[2024-07-31T12:19:37.100+0000] {processor.py:840} INFO - DAG(s) 'latest_only_with_trigger' retrieved from /home/airflow/.local/lib/python3.12/site-packages/airflow/example_dags/example_latest_only_with_trigger.py
[2024-07-31T12:19:37.118+0000] {logging_mixin.py:188} INFO - [2024-07-31T12:19:37.118+0000] {dag.py:3089} INFO - Sync 1 DAGs
[2024-07-31T12:19:37.141+0000] {logging_mixin.py:188} INFO - [2024-07-31T12:19:37.140+0000] {dag.py:3947} INFO - Setting next_dagrun for latest_only_with_trigger to 2024-07-31 08:00:00+00:00, run_after=2024-07-31 12:00:00+00:00
[2024-07-31T12:19:37.163+0000] {processor.py:183} INFO - Processing /home/airflow/.local/lib/python3.12/site-packages/airflow/example_dags/example_latest_only_with_trigger.py took 0.076 seconds
[2024-07-31T12:20:08.352+0000] {processor.py:161} INFO - Started process (PID=1377) to work on /home/airflow/.local/lib/python3.12/site-packages/airflow/example_dags/example_latest_only_with_trigger.py
[2024-07-31T12:20:08.354+0000] {processor.py:830} INFO - Processing file /home/airflow/.local/lib/python3.12/site-packages/airflow/example_dags/example_latest_only_with_trigger.py for tasks to queue
[2024-07-31T12:20:08.356+0000] {logging_mixin.py:188} INFO - [2024-07-31T12:20:08.356+0000] {dagbag.py:545} INFO - Filling up the DagBag from /home/airflow/.local/lib/python3.12/site-packages/airflow/example_dags/example_latest_only_with_trigger.py
[2024-07-31T12:20:08.364+0000] {processor.py:840} INFO - DAG(s) 'latest_only_with_trigger' retrieved from /home/airflow/.local/lib/python3.12/site-packages/airflow/example_dags/example_latest_only_with_trigger.py
[2024-07-31T12:20:08.392+0000] {logging_mixin.py:188} INFO - [2024-07-31T12:20:08.391+0000] {dag.py:3089} INFO - Sync 1 DAGs
[2024-07-31T12:20:08.428+0000] {logging_mixin.py:188} INFO - [2024-07-31T12:20:08.428+0000] {dag.py:3947} INFO - Setting next_dagrun for latest_only_with_trigger to 2024-07-31 08:00:00+00:00, run_after=2024-07-31 12:00:00+00:00
[2024-07-31T12:20:08.464+0000] {processor.py:183} INFO - Processing /home/airflow/.local/lib/python3.12/site-packages/airflow/example_dags/example_latest_only_with_trigger.py took 0.119 seconds
[2024-07-31T12:20:38.772+0000] {processor.py:161} INFO - Started process (PID=1435) to work on /home/airflow/.local/lib/python3.12/site-packages/airflow/example_dags/example_latest_only_with_trigger.py
[2024-07-31T12:20:38.773+0000] {processor.py:830} INFO - Processing file /home/airflow/.local/lib/python3.12/site-packages/airflow/example_dags/example_latest_only_with_trigger.py for tasks to queue
[2024-07-31T12:20:38.774+0000] {logging_mixin.py:188} INFO - [2024-07-31T12:20:38.774+0000] {dagbag.py:545} INFO - Filling up the DagBag from /home/airflow/.local/lib/python3.12/site-packages/airflow/example_dags/example_latest_only_with_trigger.py
[2024-07-31T12:20:38.779+0000] {processor.py:840} INFO - DAG(s) 'latest_only_with_trigger' retrieved from /home/airflow/.local/lib/python3.12/site-packages/airflow/example_dags/example_latest_only_with_trigger.py
[2024-07-31T12:20:38.802+0000] {logging_mixin.py:188} INFO - [2024-07-31T12:20:38.802+0000] {dag.py:3089} INFO - Sync 1 DAGs
[2024-07-31T12:20:38.839+0000] {logging_mixin.py:188} INFO - [2024-07-31T12:20:38.839+0000] {dag.py:3947} INFO - Setting next_dagrun for latest_only_with_trigger to 2024-07-31 08:00:00+00:00, run_after=2024-07-31 12:00:00+00:00
[2024-07-31T12:20:38.874+0000] {processor.py:183} INFO - Processing /home/airflow/.local/lib/python3.12/site-packages/airflow/example_dags/example_latest_only_with_trigger.py took 0.109 seconds
[2024-07-31T12:21:09.053+0000] {processor.py:161} INFO - Started process (PID=1493) to work on /home/airflow/.local/lib/python3.12/site-packages/airflow/example_dags/example_latest_only_with_trigger.py
[2024-07-31T12:21:09.054+0000] {processor.py:830} INFO - Processing file /home/airflow/.local/lib/python3.12/site-packages/airflow/example_dags/example_latest_only_with_trigger.py for tasks to queue
[2024-07-31T12:21:09.056+0000] {logging_mixin.py:188} INFO - [2024-07-31T12:21:09.056+0000] {dagbag.py:545} INFO - Filling up the DagBag from /home/airflow/.local/lib/python3.12/site-packages/airflow/example_dags/example_latest_only_with_trigger.py
[2024-07-31T12:21:09.064+0000] {processor.py:840} INFO - DAG(s) 'latest_only_with_trigger' retrieved from /home/airflow/.local/lib/python3.12/site-packages/airflow/example_dags/example_latest_only_with_trigger.py
[2024-07-31T12:21:09.093+0000] {logging_mixin.py:188} INFO - [2024-07-31T12:21:09.093+0000] {dag.py:3089} INFO - Sync 1 DAGs
[2024-07-31T12:21:09.118+0000] {logging_mixin.py:188} INFO - [2024-07-31T12:21:09.118+0000] {dag.py:3947} INFO - Setting next_dagrun for latest_only_with_trigger to 2024-07-31 08:00:00+00:00, run_after=2024-07-31 12:00:00+00:00
[2024-07-31T12:21:09.147+0000] {processor.py:183} INFO - Processing /home/airflow/.local/lib/python3.12/site-packages/airflow/example_dags/example_latest_only_with_trigger.py took 0.102 seconds
[2024-07-31T12:21:39.245+0000] {processor.py:161} INFO - Started process (PID=1550) to work on /home/airflow/.local/lib/python3.12/site-packages/airflow/example_dags/example_latest_only_with_trigger.py
[2024-07-31T12:21:39.246+0000] {processor.py:830} INFO - Processing file /home/airflow/.local/lib/python3.12/site-packages/airflow/example_dags/example_latest_only_with_trigger.py for tasks to queue
[2024-07-31T12:21:39.249+0000] {logging_mixin.py:188} INFO - [2024-07-31T12:21:39.249+0000] {dagbag.py:545} INFO - Filling up the DagBag from /home/airflow/.local/lib/python3.12/site-packages/airflow/example_dags/example_latest_only_with_trigger.py
[2024-07-31T12:21:39.256+0000] {processor.py:840} INFO - DAG(s) 'latest_only_with_trigger' retrieved from /home/airflow/.local/lib/python3.12/site-packages/airflow/example_dags/example_latest_only_with_trigger.py
[2024-07-31T12:21:39.283+0000] {logging_mixin.py:188} INFO - [2024-07-31T12:21:39.283+0000] {dag.py:3089} INFO - Sync 1 DAGs
[2024-07-31T12:21:39.319+0000] {logging_mixin.py:188} INFO - [2024-07-31T12:21:39.319+0000] {dag.py:3947} INFO - Setting next_dagrun for latest_only_with_trigger to 2024-07-31 08:00:00+00:00, run_after=2024-07-31 12:00:00+00:00
[2024-07-31T12:21:39.357+0000] {processor.py:183} INFO - Processing /home/airflow/.local/lib/python3.12/site-packages/airflow/example_dags/example_latest_only_with_trigger.py took 0.121 seconds
[2024-07-31T12:22:09.692+0000] {processor.py:161} INFO - Started process (PID=1608) to work on /home/airflow/.local/lib/python3.12/site-packages/airflow/example_dags/example_latest_only_with_trigger.py
[2024-07-31T12:22:09.693+0000] {processor.py:830} INFO - Processing file /home/airflow/.local/lib/python3.12/site-packages/airflow/example_dags/example_latest_only_with_trigger.py for tasks to queue
[2024-07-31T12:22:09.695+0000] {logging_mixin.py:188} INFO - [2024-07-31T12:22:09.695+0000] {dagbag.py:545} INFO - Filling up the DagBag from /home/airflow/.local/lib/python3.12/site-packages/airflow/example_dags/example_latest_only_with_trigger.py
[2024-07-31T12:22:09.700+0000] {processor.py:840} INFO - DAG(s) 'latest_only_with_trigger' retrieved from /home/airflow/.local/lib/python3.12/site-packages/airflow/example_dags/example_latest_only_with_trigger.py
[2024-07-31T12:22:09.731+0000] {logging_mixin.py:188} INFO - [2024-07-31T12:22:09.731+0000] {dag.py:3089} INFO - Sync 1 DAGs
[2024-07-31T12:22:09.769+0000] {logging_mixin.py:188} INFO - [2024-07-31T12:22:09.769+0000] {dag.py:3947} INFO - Setting next_dagrun for latest_only_with_trigger to 2024-07-31 08:00:00+00:00, run_after=2024-07-31 12:00:00+00:00
[2024-07-31T12:22:09.816+0000] {processor.py:183} INFO - Processing /home/airflow/.local/lib/python3.12/site-packages/airflow/example_dags/example_latest_only_with_trigger.py took 0.131 seconds
[2024-07-31T12:22:40.285+0000] {processor.py:161} INFO - Started process (PID=1666) to work on /home/airflow/.local/lib/python3.12/site-packages/airflow/example_dags/example_latest_only_with_trigger.py
[2024-07-31T12:22:40.286+0000] {processor.py:830} INFO - Processing file /home/airflow/.local/lib/python3.12/site-packages/airflow/example_dags/example_latest_only_with_trigger.py for tasks to queue
[2024-07-31T12:22:40.287+0000] {logging_mixin.py:188} INFO - [2024-07-31T12:22:40.287+0000] {dagbag.py:545} INFO - Filling up the DagBag from /home/airflow/.local/lib/python3.12/site-packages/airflow/example_dags/example_latest_only_with_trigger.py
[2024-07-31T12:22:40.292+0000] {processor.py:840} INFO - DAG(s) 'latest_only_with_trigger' retrieved from /home/airflow/.local/lib/python3.12/site-packages/airflow/example_dags/example_latest_only_with_trigger.py
[2024-07-31T12:22:40.323+0000] {logging_mixin.py:188} INFO - [2024-07-31T12:22:40.323+0000] {dag.py:3089} INFO - Sync 1 DAGs
[2024-07-31T12:22:40.347+0000] {logging_mixin.py:188} INFO - [2024-07-31T12:22:40.347+0000] {dag.py:3947} INFO - Setting next_dagrun for latest_only_with_trigger to 2024-07-31 08:00:00+00:00, run_after=2024-07-31 12:00:00+00:00
[2024-07-31T12:22:40.373+0000] {processor.py:183} INFO - Processing /home/airflow/.local/lib/python3.12/site-packages/airflow/example_dags/example_latest_only_with_trigger.py took 0.094 seconds
[2024-07-31T12:23:11.033+0000] {processor.py:161} INFO - Started process (PID=1723) to work on /home/airflow/.local/lib/python3.12/site-packages/airflow/example_dags/example_latest_only_with_trigger.py
[2024-07-31T12:23:11.034+0000] {processor.py:830} INFO - Processing file /home/airflow/.local/lib/python3.12/site-packages/airflow/example_dags/example_latest_only_with_trigger.py for tasks to queue
[2024-07-31T12:23:11.037+0000] {logging_mixin.py:188} INFO - [2024-07-31T12:23:11.036+0000] {dagbag.py:545} INFO - Filling up the DagBag from /home/airflow/.local/lib/python3.12/site-packages/airflow/example_dags/example_latest_only_with_trigger.py
[2024-07-31T12:23:11.042+0000] {processor.py:840} INFO - DAG(s) 'latest_only_with_trigger' retrieved from /home/airflow/.local/lib/python3.12/site-packages/airflow/example_dags/example_latest_only_with_trigger.py
[2024-07-31T12:23:11.066+0000] {logging_mixin.py:188} INFO - [2024-07-31T12:23:11.065+0000] {dag.py:3089} INFO - Sync 1 DAGs
[2024-07-31T12:23:11.092+0000] {logging_mixin.py:188} INFO - [2024-07-31T12:23:11.092+0000] {dag.py:3947} INFO - Setting next_dagrun for latest_only_with_trigger to 2024-07-31 08:00:00+00:00, run_after=2024-07-31 12:00:00+00:00
[2024-07-31T12:23:11.120+0000] {processor.py:183} INFO - Processing /home/airflow/.local/lib/python3.12/site-packages/airflow/example_dags/example_latest_only_with_trigger.py took 0.094 seconds
[2024-07-31T12:23:42.133+0000] {processor.py:161} INFO - Started process (PID=1781) to work on /home/airflow/.local/lib/python3.12/site-packages/airflow/example_dags/example_latest_only_with_trigger.py
[2024-07-31T12:23:42.135+0000] {processor.py:830} INFO - Processing file /home/airflow/.local/lib/python3.12/site-packages/airflow/example_dags/example_latest_only_with_trigger.py for tasks to queue
[2024-07-31T12:23:42.137+0000] {logging_mixin.py:188} INFO - [2024-07-31T12:23:42.136+0000] {dagbag.py:545} INFO - Filling up the DagBag from /home/airflow/.local/lib/python3.12/site-packages/airflow/example_dags/example_latest_only_with_trigger.py
[2024-07-31T12:23:42.142+0000] {processor.py:840} INFO - DAG(s) 'latest_only_with_trigger' retrieved from /home/airflow/.local/lib/python3.12/site-packages/airflow/example_dags/example_latest_only_with_trigger.py
[2024-07-31T12:23:42.175+0000] {logging_mixin.py:188} INFO - [2024-07-31T12:23:42.175+0000] {dag.py:3089} INFO - Sync 1 DAGs
[2024-07-31T12:23:42.371+0000] {logging_mixin.py:188} INFO - [2024-07-31T12:23:42.370+0000] {dag.py:3947} INFO - Setting next_dagrun for latest_only_with_trigger to 2024-07-31 08:00:00+00:00, run_after=2024-07-31 12:00:00+00:00
[2024-07-31T12:23:42.394+0000] {processor.py:183} INFO - Processing /home/airflow/.local/lib/python3.12/site-packages/airflow/example_dags/example_latest_only_with_trigger.py took 0.270 seconds
[2024-07-31T12:24:12.836+0000] {processor.py:161} INFO - Started process (PID=1839) to work on /home/airflow/.local/lib/python3.12/site-packages/airflow/example_dags/example_latest_only_with_trigger.py
[2024-07-31T12:24:12.837+0000] {processor.py:830} INFO - Processing file /home/airflow/.local/lib/python3.12/site-packages/airflow/example_dags/example_latest_only_with_trigger.py for tasks to queue
[2024-07-31T12:24:12.839+0000] {logging_mixin.py:188} INFO - [2024-07-31T12:24:12.839+0000] {dagbag.py:545} INFO - Filling up the DagBag from /home/airflow/.local/lib/python3.12/site-packages/airflow/example_dags/example_latest_only_with_trigger.py
[2024-07-31T12:24:12.846+0000] {processor.py:840} INFO - DAG(s) 'latest_only_with_trigger' retrieved from /home/airflow/.local/lib/python3.12/site-packages/airflow/example_dags/example_latest_only_with_trigger.py
[2024-07-31T12:24:12.878+0000] {logging_mixin.py:188} INFO - [2024-07-31T12:24:12.877+0000] {dag.py:3089} INFO - Sync 1 DAGs
[2024-07-31T12:24:12.919+0000] {logging_mixin.py:188} INFO - [2024-07-31T12:24:12.919+0000] {dag.py:3947} INFO - Setting next_dagrun for latest_only_with_trigger to 2024-07-31 08:00:00+00:00, run_after=2024-07-31 12:00:00+00:00
[2024-07-31T12:24:13.161+0000] {processor.py:183} INFO - Processing /home/airflow/.local/lib/python3.12/site-packages/airflow/example_dags/example_latest_only_with_trigger.py took 0.334 seconds
[2024-07-31T12:24:43.776+0000] {processor.py:161} INFO - Started process (PID=1897) to work on /home/airflow/.local/lib/python3.12/site-packages/airflow/example_dags/example_latest_only_with_trigger.py
[2024-07-31T12:24:43.778+0000] {processor.py:830} INFO - Processing file /home/airflow/.local/lib/python3.12/site-packages/airflow/example_dags/example_latest_only_with_trigger.py for tasks to queue
[2024-07-31T12:24:43.780+0000] {logging_mixin.py:188} INFO - [2024-07-31T12:24:43.779+0000] {dagbag.py:545} INFO - Filling up the DagBag from /home/airflow/.local/lib/python3.12/site-packages/airflow/example_dags/example_latest_only_with_trigger.py
[2024-07-31T12:24:43.785+0000] {processor.py:840} INFO - DAG(s) 'latest_only_with_trigger' retrieved from /home/airflow/.local/lib/python3.12/site-packages/airflow/example_dags/example_latest_only_with_trigger.py
[2024-07-31T12:24:43.815+0000] {logging_mixin.py:188} INFO - [2024-07-31T12:24:43.814+0000] {dag.py:3089} INFO - Sync 1 DAGs
[2024-07-31T12:24:43.837+0000] {logging_mixin.py:188} INFO - [2024-07-31T12:24:43.837+0000] {dag.py:3947} INFO - Setting next_dagrun for latest_only_with_trigger to 2024-07-31 08:00:00+00:00, run_after=2024-07-31 12:00:00+00:00
[2024-07-31T12:24:44.005+0000] {processor.py:183} INFO - Processing /home/airflow/.local/lib/python3.12/site-packages/airflow/example_dags/example_latest_only_with_trigger.py took 0.243 seconds
[2024-07-31T12:25:14.279+0000] {processor.py:161} INFO - Started process (PID=1955) to work on /home/airflow/.local/lib/python3.12/site-packages/airflow/example_dags/example_latest_only_with_trigger.py
[2024-07-31T12:25:14.279+0000] {processor.py:830} INFO - Processing file /home/airflow/.local/lib/python3.12/site-packages/airflow/example_dags/example_latest_only_with_trigger.py for tasks to queue
[2024-07-31T12:25:14.281+0000] {logging_mixin.py:188} INFO - [2024-07-31T12:25:14.281+0000] {dagbag.py:545} INFO - Filling up the DagBag from /home/airflow/.local/lib/python3.12/site-packages/airflow/example_dags/example_latest_only_with_trigger.py
[2024-07-31T12:25:14.287+0000] {processor.py:840} INFO - DAG(s) 'latest_only_with_trigger' retrieved from /home/airflow/.local/lib/python3.12/site-packages/airflow/example_dags/example_latest_only_with_trigger.py
[2024-07-31T12:25:14.309+0000] {logging_mixin.py:188} INFO - [2024-07-31T12:25:14.308+0000] {dag.py:3089} INFO - Sync 1 DAGs
[2024-07-31T12:25:14.332+0000] {logging_mixin.py:188} INFO - [2024-07-31T12:25:14.332+0000] {dag.py:3947} INFO - Setting next_dagrun for latest_only_with_trigger to 2024-07-31 08:00:00+00:00, run_after=2024-07-31 12:00:00+00:00
[2024-07-31T12:25:14.361+0000] {processor.py:183} INFO - Processing /home/airflow/.local/lib/python3.12/site-packages/airflow/example_dags/example_latest_only_with_trigger.py took 0.088 seconds
[2024-07-31T12:25:45.070+0000] {processor.py:161} INFO - Started process (PID=2013) to work on /home/airflow/.local/lib/python3.12/site-packages/airflow/example_dags/example_latest_only_with_trigger.py
[2024-07-31T12:25:45.072+0000] {processor.py:830} INFO - Processing file /home/airflow/.local/lib/python3.12/site-packages/airflow/example_dags/example_latest_only_with_trigger.py for tasks to queue
[2024-07-31T12:25:45.074+0000] {logging_mixin.py:188} INFO - [2024-07-31T12:25:45.073+0000] {dagbag.py:545} INFO - Filling up the DagBag from /home/airflow/.local/lib/python3.12/site-packages/airflow/example_dags/example_latest_only_with_trigger.py
[2024-07-31T12:25:45.081+0000] {processor.py:840} INFO - DAG(s) 'latest_only_with_trigger' retrieved from /home/airflow/.local/lib/python3.12/site-packages/airflow/example_dags/example_latest_only_with_trigger.py
[2024-07-31T12:25:45.109+0000] {logging_mixin.py:188} INFO - [2024-07-31T12:25:45.109+0000] {dag.py:3089} INFO - Sync 1 DAGs
[2024-07-31T12:25:45.136+0000] {logging_mixin.py:188} INFO - [2024-07-31T12:25:45.136+0000] {dag.py:3947} INFO - Setting next_dagrun for latest_only_with_trigger to 2024-07-31 08:00:00+00:00, run_after=2024-07-31 12:00:00+00:00
[2024-07-31T12:25:45.165+0000] {processor.py:183} INFO - Processing /home/airflow/.local/lib/python3.12/site-packages/airflow/example_dags/example_latest_only_with_trigger.py took 0.103 seconds
[2024-07-31T12:26:15.808+0000] {processor.py:161} INFO - Started process (PID=2071) to work on /home/airflow/.local/lib/python3.12/site-packages/airflow/example_dags/example_latest_only_with_trigger.py
[2024-07-31T12:26:15.810+0000] {processor.py:830} INFO - Processing file /home/airflow/.local/lib/python3.12/site-packages/airflow/example_dags/example_latest_only_with_trigger.py for tasks to queue
[2024-07-31T12:26:15.813+0000] {logging_mixin.py:188} INFO - [2024-07-31T12:26:15.812+0000] {dagbag.py:545} INFO - Filling up the DagBag from /home/airflow/.local/lib/python3.12/site-packages/airflow/example_dags/example_latest_only_with_trigger.py
[2024-07-31T12:26:15.821+0000] {processor.py:840} INFO - DAG(s) 'latest_only_with_trigger' retrieved from /home/airflow/.local/lib/python3.12/site-packages/airflow/example_dags/example_latest_only_with_trigger.py
[2024-07-31T12:26:15.854+0000] {logging_mixin.py:188} INFO - [2024-07-31T12:26:15.853+0000] {dag.py:3089} INFO - Sync 1 DAGs
[2024-07-31T12:26:15.905+0000] {logging_mixin.py:188} INFO - [2024-07-31T12:26:15.905+0000] {dag.py:3947} INFO - Setting next_dagrun for latest_only_with_trigger to 2024-07-31 08:00:00+00:00, run_after=2024-07-31 12:00:00+00:00
[2024-07-31T12:26:15.952+0000] {processor.py:183} INFO - Processing /home/airflow/.local/lib/python3.12/site-packages/airflow/example_dags/example_latest_only_with_trigger.py took 0.154 seconds
[2024-07-31T12:26:46.435+0000] {processor.py:161} INFO - Started process (PID=2128) to work on /home/airflow/.local/lib/python3.12/site-packages/airflow/example_dags/example_latest_only_with_trigger.py
[2024-07-31T12:26:46.437+0000] {processor.py:830} INFO - Processing file /home/airflow/.local/lib/python3.12/site-packages/airflow/example_dags/example_latest_only_with_trigger.py for tasks to queue
[2024-07-31T12:26:46.438+0000] {logging_mixin.py:188} INFO - [2024-07-31T12:26:46.438+0000] {dagbag.py:545} INFO - Filling up the DagBag from /home/airflow/.local/lib/python3.12/site-packages/airflow/example_dags/example_latest_only_with_trigger.py
[2024-07-31T12:26:46.444+0000] {processor.py:840} INFO - DAG(s) 'latest_only_with_trigger' retrieved from /home/airflow/.local/lib/python3.12/site-packages/airflow/example_dags/example_latest_only_with_trigger.py
[2024-07-31T12:26:46.467+0000] {logging_mixin.py:188} INFO - [2024-07-31T12:26:46.466+0000] {dag.py:3089} INFO - Sync 1 DAGs
[2024-07-31T12:26:46.494+0000] {logging_mixin.py:188} INFO - [2024-07-31T12:26:46.494+0000] {dag.py:3947} INFO - Setting next_dagrun for latest_only_with_trigger to 2024-07-31 08:00:00+00:00, run_after=2024-07-31 12:00:00+00:00
[2024-07-31T12:26:46.527+0000] {processor.py:183} INFO - Processing /home/airflow/.local/lib/python3.12/site-packages/airflow/example_dags/example_latest_only_with_trigger.py took 0.099 seconds
[2024-07-31T12:27:16.711+0000] {processor.py:161} INFO - Started process (PID=2186) to work on /home/airflow/.local/lib/python3.12/site-packages/airflow/example_dags/example_latest_only_with_trigger.py
[2024-07-31T12:27:16.712+0000] {processor.py:830} INFO - Processing file /home/airflow/.local/lib/python3.12/site-packages/airflow/example_dags/example_latest_only_with_trigger.py for tasks to queue
[2024-07-31T12:27:16.714+0000] {logging_mixin.py:188} INFO - [2024-07-31T12:27:16.713+0000] {dagbag.py:545} INFO - Filling up the DagBag from /home/airflow/.local/lib/python3.12/site-packages/airflow/example_dags/example_latest_only_with_trigger.py
[2024-07-31T12:27:16.722+0000] {processor.py:840} INFO - DAG(s) 'latest_only_with_trigger' retrieved from /home/airflow/.local/lib/python3.12/site-packages/airflow/example_dags/example_latest_only_with_trigger.py
[2024-07-31T12:27:16.753+0000] {logging_mixin.py:188} INFO - [2024-07-31T12:27:16.753+0000] {dag.py:3089} INFO - Sync 1 DAGs
[2024-07-31T12:27:16.798+0000] {logging_mixin.py:188} INFO - [2024-07-31T12:27:16.798+0000] {dag.py:3947} INFO - Setting next_dagrun for latest_only_with_trigger to 2024-07-31 08:00:00+00:00, run_after=2024-07-31 12:00:00+00:00
[2024-07-31T12:27:16.843+0000] {processor.py:183} INFO - Processing /home/airflow/.local/lib/python3.12/site-packages/airflow/example_dags/example_latest_only_with_trigger.py took 0.140 seconds
[2024-07-31T12:27:47.429+0000] {processor.py:161} INFO - Started process (PID=2244) to work on /home/airflow/.local/lib/python3.12/site-packages/airflow/example_dags/example_latest_only_with_trigger.py
[2024-07-31T12:27:47.430+0000] {processor.py:830} INFO - Processing file /home/airflow/.local/lib/python3.12/site-packages/airflow/example_dags/example_latest_only_with_trigger.py for tasks to queue
[2024-07-31T12:27:47.434+0000] {logging_mixin.py:188} INFO - [2024-07-31T12:27:47.433+0000] {dagbag.py:545} INFO - Filling up the DagBag from /home/airflow/.local/lib/python3.12/site-packages/airflow/example_dags/example_latest_only_with_trigger.py
[2024-07-31T12:27:47.444+0000] {processor.py:840} INFO - DAG(s) 'latest_only_with_trigger' retrieved from /home/airflow/.local/lib/python3.12/site-packages/airflow/example_dags/example_latest_only_with_trigger.py
[2024-07-31T12:27:47.474+0000] {logging_mixin.py:188} INFO - [2024-07-31T12:27:47.474+0000] {dag.py:3089} INFO - Sync 1 DAGs
[2024-07-31T12:27:47.508+0000] {logging_mixin.py:188} INFO - [2024-07-31T12:27:47.507+0000] {dag.py:3947} INFO - Setting next_dagrun for latest_only_with_trigger to 2024-07-31 08:00:00+00:00, run_after=2024-07-31 12:00:00+00:00
[2024-07-31T12:27:47.542+0000] {processor.py:183} INFO - Processing /home/airflow/.local/lib/python3.12/site-packages/airflow/example_dags/example_latest_only_with_trigger.py took 0.126 seconds
[2024-07-31T12:28:18.420+0000] {processor.py:161} INFO - Started process (PID=2302) to work on /home/airflow/.local/lib/python3.12/site-packages/airflow/example_dags/example_latest_only_with_trigger.py
[2024-07-31T12:28:18.422+0000] {processor.py:830} INFO - Processing file /home/airflow/.local/lib/python3.12/site-packages/airflow/example_dags/example_latest_only_with_trigger.py for tasks to queue
[2024-07-31T12:28:18.425+0000] {logging_mixin.py:188} INFO - [2024-07-31T12:28:18.425+0000] {dagbag.py:545} INFO - Filling up the DagBag from /home/airflow/.local/lib/python3.12/site-packages/airflow/example_dags/example_latest_only_with_trigger.py
[2024-07-31T12:28:18.433+0000] {processor.py:840} INFO - DAG(s) 'latest_only_with_trigger' retrieved from /home/airflow/.local/lib/python3.12/site-packages/airflow/example_dags/example_latest_only_with_trigger.py
[2024-07-31T12:28:18.470+0000] {logging_mixin.py:188} INFO - [2024-07-31T12:28:18.469+0000] {dag.py:3089} INFO - Sync 1 DAGs
[2024-07-31T12:28:18.502+0000] {logging_mixin.py:188} INFO - [2024-07-31T12:28:18.502+0000] {dag.py:3947} INFO - Setting next_dagrun for latest_only_with_trigger to 2024-07-31 08:00:00+00:00, run_after=2024-07-31 12:00:00+00:00
[2024-07-31T12:28:18.538+0000] {processor.py:183} INFO - Processing /home/airflow/.local/lib/python3.12/site-packages/airflow/example_dags/example_latest_only_with_trigger.py took 0.125 seconds
[2024-07-31T12:28:48.775+0000] {processor.py:161} INFO - Started process (PID=2360) to work on /home/airflow/.local/lib/python3.12/site-packages/airflow/example_dags/example_latest_only_with_trigger.py
[2024-07-31T12:28:48.776+0000] {processor.py:830} INFO - Processing file /home/airflow/.local/lib/python3.12/site-packages/airflow/example_dags/example_latest_only_with_trigger.py for tasks to queue
[2024-07-31T12:28:48.778+0000] {logging_mixin.py:188} INFO - [2024-07-31T12:28:48.778+0000] {dagbag.py:545} INFO - Filling up the DagBag from /home/airflow/.local/lib/python3.12/site-packages/airflow/example_dags/example_latest_only_with_trigger.py
[2024-07-31T12:28:48.786+0000] {processor.py:840} INFO - DAG(s) 'latest_only_with_trigger' retrieved from /home/airflow/.local/lib/python3.12/site-packages/airflow/example_dags/example_latest_only_with_trigger.py
[2024-07-31T12:28:48.814+0000] {logging_mixin.py:188} INFO - [2024-07-31T12:28:48.813+0000] {dag.py:3089} INFO - Sync 1 DAGs
[2024-07-31T12:28:48.845+0000] {logging_mixin.py:188} INFO - [2024-07-31T12:28:48.845+0000] {dag.py:3947} INFO - Setting next_dagrun for latest_only_with_trigger to 2024-07-31 08:00:00+00:00, run_after=2024-07-31 12:00:00+00:00
[2024-07-31T12:28:48.875+0000] {processor.py:183} INFO - Processing /home/airflow/.local/lib/python3.12/site-packages/airflow/example_dags/example_latest_only_with_trigger.py took 0.108 seconds
[2024-07-31T12:29:19.338+0000] {processor.py:161} INFO - Started process (PID=2418) to work on /home/airflow/.local/lib/python3.12/site-packages/airflow/example_dags/example_latest_only_with_trigger.py
[2024-07-31T12:29:19.339+0000] {processor.py:830} INFO - Processing file /home/airflow/.local/lib/python3.12/site-packages/airflow/example_dags/example_latest_only_with_trigger.py for tasks to queue
[2024-07-31T12:29:19.340+0000] {logging_mixin.py:188} INFO - [2024-07-31T12:29:19.340+0000] {dagbag.py:545} INFO - Filling up the DagBag from /home/airflow/.local/lib/python3.12/site-packages/airflow/example_dags/example_latest_only_with_trigger.py
[2024-07-31T12:29:19.345+0000] {processor.py:840} INFO - DAG(s) 'latest_only_with_trigger' retrieved from /home/airflow/.local/lib/python3.12/site-packages/airflow/example_dags/example_latest_only_with_trigger.py
[2024-07-31T12:29:19.369+0000] {logging_mixin.py:188} INFO - [2024-07-31T12:29:19.368+0000] {dag.py:3089} INFO - Sync 1 DAGs
[2024-07-31T12:29:19.399+0000] {logging_mixin.py:188} INFO - [2024-07-31T12:29:19.399+0000] {dag.py:3947} INFO - Setting next_dagrun for latest_only_with_trigger to 2024-07-31 08:00:00+00:00, run_after=2024-07-31 12:00:00+00:00
[2024-07-31T12:29:19.437+0000] {processor.py:183} INFO - Processing /home/airflow/.local/lib/python3.12/site-packages/airflow/example_dags/example_latest_only_with_trigger.py took 0.105 seconds
[2024-07-31T12:29:49.995+0000] {processor.py:161} INFO - Started process (PID=2475) to work on /home/airflow/.local/lib/python3.12/site-packages/airflow/example_dags/example_latest_only_with_trigger.py
[2024-07-31T12:29:49.996+0000] {processor.py:830} INFO - Processing file /home/airflow/.local/lib/python3.12/site-packages/airflow/example_dags/example_latest_only_with_trigger.py for tasks to queue
[2024-07-31T12:29:49.999+0000] {logging_mixin.py:188} INFO - [2024-07-31T12:29:49.998+0000] {dagbag.py:545} INFO - Filling up the DagBag from /home/airflow/.local/lib/python3.12/site-packages/airflow/example_dags/example_latest_only_with_trigger.py
[2024-07-31T12:29:50.006+0000] {processor.py:840} INFO - DAG(s) 'latest_only_with_trigger' retrieved from /home/airflow/.local/lib/python3.12/site-packages/airflow/example_dags/example_latest_only_with_trigger.py
[2024-07-31T12:29:50.036+0000] {logging_mixin.py:188} INFO - [2024-07-31T12:29:50.036+0000] {dag.py:3089} INFO - Sync 1 DAGs
[2024-07-31T12:29:50.070+0000] {logging_mixin.py:188} INFO - [2024-07-31T12:29:50.070+0000] {dag.py:3947} INFO - Setting next_dagrun for latest_only_with_trigger to 2024-07-31 08:00:00+00:00, run_after=2024-07-31 12:00:00+00:00
[2024-07-31T12:29:50.108+0000] {processor.py:183} INFO - Processing /home/airflow/.local/lib/python3.12/site-packages/airflow/example_dags/example_latest_only_with_trigger.py took 0.124 seconds
[2024-07-31T12:30:20.760+0000] {processor.py:161} INFO - Started process (PID=2533) to work on /home/airflow/.local/lib/python3.12/site-packages/airflow/example_dags/example_latest_only_with_trigger.py
[2024-07-31T12:30:20.761+0000] {processor.py:830} INFO - Processing file /home/airflow/.local/lib/python3.12/site-packages/airflow/example_dags/example_latest_only_with_trigger.py for tasks to queue
[2024-07-31T12:30:20.763+0000] {logging_mixin.py:188} INFO - [2024-07-31T12:30:20.763+0000] {dagbag.py:545} INFO - Filling up the DagBag from /home/airflow/.local/lib/python3.12/site-packages/airflow/example_dags/example_latest_only_with_trigger.py
[2024-07-31T12:30:20.771+0000] {processor.py:840} INFO - DAG(s) 'latest_only_with_trigger' retrieved from /home/airflow/.local/lib/python3.12/site-packages/airflow/example_dags/example_latest_only_with_trigger.py
[2024-07-31T12:30:20.800+0000] {logging_mixin.py:188} INFO - [2024-07-31T12:30:20.800+0000] {dag.py:3089} INFO - Sync 1 DAGs
[2024-07-31T12:30:20.832+0000] {logging_mixin.py:188} INFO - [2024-07-31T12:30:20.832+0000] {dag.py:3947} INFO - Setting next_dagrun for latest_only_with_trigger to 2024-07-31 08:00:00+00:00, run_after=2024-07-31 12:00:00+00:00
[2024-07-31T12:30:20.860+0000] {processor.py:183} INFO - Processing /home/airflow/.local/lib/python3.12/site-packages/airflow/example_dags/example_latest_only_with_trigger.py took 0.108 seconds
[2024-07-31T12:30:51.331+0000] {processor.py:161} INFO - Started process (PID=2591) to work on /home/airflow/.local/lib/python3.12/site-packages/airflow/example_dags/example_latest_only_with_trigger.py
[2024-07-31T12:30:51.333+0000] {processor.py:830} INFO - Processing file /home/airflow/.local/lib/python3.12/site-packages/airflow/example_dags/example_latest_only_with_trigger.py for tasks to queue
[2024-07-31T12:30:51.335+0000] {logging_mixin.py:188} INFO - [2024-07-31T12:30:51.335+0000] {dagbag.py:545} INFO - Filling up the DagBag from /home/airflow/.local/lib/python3.12/site-packages/airflow/example_dags/example_latest_only_with_trigger.py
[2024-07-31T12:30:51.341+0000] {processor.py:840} INFO - DAG(s) 'latest_only_with_trigger' retrieved from /home/airflow/.local/lib/python3.12/site-packages/airflow/example_dags/example_latest_only_with_trigger.py
[2024-07-31T12:30:51.363+0000] {logging_mixin.py:188} INFO - [2024-07-31T12:30:51.362+0000] {dag.py:3089} INFO - Sync 1 DAGs
[2024-07-31T12:30:51.390+0000] {logging_mixin.py:188} INFO - [2024-07-31T12:30:51.390+0000] {dag.py:3947} INFO - Setting next_dagrun for latest_only_with_trigger to 2024-07-31 08:00:00+00:00, run_after=2024-07-31 12:00:00+00:00
[2024-07-31T12:30:51.418+0000] {processor.py:183} INFO - Processing /home/airflow/.local/lib/python3.12/site-packages/airflow/example_dags/example_latest_only_with_trigger.py took 0.095 seconds
[2024-07-31T12:31:21.927+0000] {processor.py:161} INFO - Started process (PID=2648) to work on /home/airflow/.local/lib/python3.12/site-packages/airflow/example_dags/example_latest_only_with_trigger.py
[2024-07-31T12:31:21.928+0000] {processor.py:830} INFO - Processing file /home/airflow/.local/lib/python3.12/site-packages/airflow/example_dags/example_latest_only_with_trigger.py for tasks to queue
[2024-07-31T12:31:21.931+0000] {logging_mixin.py:188} INFO - [2024-07-31T12:31:21.931+0000] {dagbag.py:545} INFO - Filling up the DagBag from /home/airflow/.local/lib/python3.12/site-packages/airflow/example_dags/example_latest_only_with_trigger.py
[2024-07-31T12:31:21.939+0000] {processor.py:840} INFO - DAG(s) 'latest_only_with_trigger' retrieved from /home/airflow/.local/lib/python3.12/site-packages/airflow/example_dags/example_latest_only_with_trigger.py
[2024-07-31T12:31:21.964+0000] {logging_mixin.py:188} INFO - [2024-07-31T12:31:21.964+0000] {dag.py:3089} INFO - Sync 1 DAGs
[2024-07-31T12:31:21.992+0000] {logging_mixin.py:188} INFO - [2024-07-31T12:31:21.992+0000] {dag.py:3947} INFO - Setting next_dagrun for latest_only_with_trigger to 2024-07-31 08:00:00+00:00, run_after=2024-07-31 12:00:00+00:00
[2024-07-31T12:31:22.021+0000] {processor.py:183} INFO - Processing /home/airflow/.local/lib/python3.12/site-packages/airflow/example_dags/example_latest_only_with_trigger.py took 0.103 seconds
[2024-07-31T12:31:52.337+0000] {processor.py:161} INFO - Started process (PID=2706) to work on /home/airflow/.local/lib/python3.12/site-packages/airflow/example_dags/example_latest_only_with_trigger.py
[2024-07-31T12:31:52.338+0000] {processor.py:830} INFO - Processing file /home/airflow/.local/lib/python3.12/site-packages/airflow/example_dags/example_latest_only_with_trigger.py for tasks to queue
[2024-07-31T12:31:52.340+0000] {logging_mixin.py:188} INFO - [2024-07-31T12:31:52.339+0000] {dagbag.py:545} INFO - Filling up the DagBag from /home/airflow/.local/lib/python3.12/site-packages/airflow/example_dags/example_latest_only_with_trigger.py
[2024-07-31T12:31:52.346+0000] {processor.py:840} INFO - DAG(s) 'latest_only_with_trigger' retrieved from /home/airflow/.local/lib/python3.12/site-packages/airflow/example_dags/example_latest_only_with_trigger.py
[2024-07-31T12:31:52.423+0000] {logging_mixin.py:188} INFO - [2024-07-31T12:31:52.423+0000] {dag.py:3089} INFO - Sync 1 DAGs
[2024-07-31T12:31:52.465+0000] {logging_mixin.py:188} INFO - [2024-07-31T12:31:52.465+0000] {dag.py:3947} INFO - Setting next_dagrun for latest_only_with_trigger to 2024-07-31 08:00:00+00:00, run_after=2024-07-31 12:00:00+00:00
[2024-07-31T12:31:52.513+0000] {processor.py:183} INFO - Processing /home/airflow/.local/lib/python3.12/site-packages/airflow/example_dags/example_latest_only_with_trigger.py took 0.187 seconds
[2024-07-31T12:32:22.726+0000] {processor.py:161} INFO - Started process (PID=2764) to work on /home/airflow/.local/lib/python3.12/site-packages/airflow/example_dags/example_latest_only_with_trigger.py
[2024-07-31T12:32:22.727+0000] {processor.py:830} INFO - Processing file /home/airflow/.local/lib/python3.12/site-packages/airflow/example_dags/example_latest_only_with_trigger.py for tasks to queue
[2024-07-31T12:32:22.729+0000] {logging_mixin.py:188} INFO - [2024-07-31T12:32:22.728+0000] {dagbag.py:545} INFO - Filling up the DagBag from /home/airflow/.local/lib/python3.12/site-packages/airflow/example_dags/example_latest_only_with_trigger.py
[2024-07-31T12:32:22.743+0000] {processor.py:840} INFO - DAG(s) 'latest_only_with_trigger' retrieved from /home/airflow/.local/lib/python3.12/site-packages/airflow/example_dags/example_latest_only_with_trigger.py
[2024-07-31T12:32:22.780+0000] {logging_mixin.py:188} INFO - [2024-07-31T12:32:22.779+0000] {dag.py:3089} INFO - Sync 1 DAGs
[2024-07-31T12:32:22.823+0000] {logging_mixin.py:188} INFO - [2024-07-31T12:32:22.822+0000] {dag.py:3947} INFO - Setting next_dagrun for latest_only_with_trigger to 2024-07-31 08:00:00+00:00, run_after=2024-07-31 12:00:00+00:00
[2024-07-31T12:32:22.850+0000] {processor.py:183} INFO - Processing /home/airflow/.local/lib/python3.12/site-packages/airflow/example_dags/example_latest_only_with_trigger.py took 0.135 seconds
[2024-07-31T12:32:52.986+0000] {processor.py:161} INFO - Started process (PID=2822) to work on /home/airflow/.local/lib/python3.12/site-packages/airflow/example_dags/example_latest_only_with_trigger.py
[2024-07-31T12:32:52.987+0000] {processor.py:830} INFO - Processing file /home/airflow/.local/lib/python3.12/site-packages/airflow/example_dags/example_latest_only_with_trigger.py for tasks to queue
[2024-07-31T12:32:52.989+0000] {logging_mixin.py:188} INFO - [2024-07-31T12:32:52.989+0000] {dagbag.py:545} INFO - Filling up the DagBag from /home/airflow/.local/lib/python3.12/site-packages/airflow/example_dags/example_latest_only_with_trigger.py
[2024-07-31T12:32:52.994+0000] {processor.py:840} INFO - DAG(s) 'latest_only_with_trigger' retrieved from /home/airflow/.local/lib/python3.12/site-packages/airflow/example_dags/example_latest_only_with_trigger.py
[2024-07-31T12:32:53.018+0000] {logging_mixin.py:188} INFO - [2024-07-31T12:32:53.018+0000] {dag.py:3089} INFO - Sync 1 DAGs
[2024-07-31T12:32:53.044+0000] {logging_mixin.py:188} INFO - [2024-07-31T12:32:53.044+0000] {dag.py:3947} INFO - Setting next_dagrun for latest_only_with_trigger to 2024-07-31 08:00:00+00:00, run_after=2024-07-31 12:00:00+00:00
[2024-07-31T12:32:53.078+0000] {processor.py:183} INFO - Processing /home/airflow/.local/lib/python3.12/site-packages/airflow/example_dags/example_latest_only_with_trigger.py took 0.099 seconds
[2024-07-31T12:33:23.842+0000] {processor.py:161} INFO - Started process (PID=2880) to work on /home/airflow/.local/lib/python3.12/site-packages/airflow/example_dags/example_latest_only_with_trigger.py
[2024-07-31T12:33:23.843+0000] {processor.py:830} INFO - Processing file /home/airflow/.local/lib/python3.12/site-packages/airflow/example_dags/example_latest_only_with_trigger.py for tasks to queue
[2024-07-31T12:33:23.845+0000] {logging_mixin.py:188} INFO - [2024-07-31T12:33:23.844+0000] {dagbag.py:545} INFO - Filling up the DagBag from /home/airflow/.local/lib/python3.12/site-packages/airflow/example_dags/example_latest_only_with_trigger.py
[2024-07-31T12:33:23.853+0000] {processor.py:840} INFO - DAG(s) 'latest_only_with_trigger' retrieved from /home/airflow/.local/lib/python3.12/site-packages/airflow/example_dags/example_latest_only_with_trigger.py
[2024-07-31T12:33:23.883+0000] {logging_mixin.py:188} INFO - [2024-07-31T12:33:23.883+0000] {dag.py:3089} INFO - Sync 1 DAGs
[2024-07-31T12:33:23.911+0000] {logging_mixin.py:188} INFO - [2024-07-31T12:33:23.910+0000] {dag.py:3947} INFO - Setting next_dagrun for latest_only_with_trigger to 2024-07-31 08:00:00+00:00, run_after=2024-07-31 12:00:00+00:00
[2024-07-31T12:33:23.939+0000] {processor.py:183} INFO - Processing /home/airflow/.local/lib/python3.12/site-packages/airflow/example_dags/example_latest_only_with_trigger.py took 0.105 seconds
[2024-07-31T12:33:54.333+0000] {processor.py:161} INFO - Started process (PID=2938) to work on /home/airflow/.local/lib/python3.12/site-packages/airflow/example_dags/example_latest_only_with_trigger.py
[2024-07-31T12:33:54.334+0000] {processor.py:830} INFO - Processing file /home/airflow/.local/lib/python3.12/site-packages/airflow/example_dags/example_latest_only_with_trigger.py for tasks to queue
[2024-07-31T12:33:54.336+0000] {logging_mixin.py:188} INFO - [2024-07-31T12:33:54.336+0000] {dagbag.py:545} INFO - Filling up the DagBag from /home/airflow/.local/lib/python3.12/site-packages/airflow/example_dags/example_latest_only_with_trigger.py
[2024-07-31T12:33:54.342+0000] {processor.py:840} INFO - DAG(s) 'latest_only_with_trigger' retrieved from /home/airflow/.local/lib/python3.12/site-packages/airflow/example_dags/example_latest_only_with_trigger.py
[2024-07-31T12:33:54.369+0000] {logging_mixin.py:188} INFO - [2024-07-31T12:33:54.368+0000] {dag.py:3089} INFO - Sync 1 DAGs
[2024-07-31T12:33:54.396+0000] {logging_mixin.py:188} INFO - [2024-07-31T12:33:54.396+0000] {dag.py:3947} INFO - Setting next_dagrun for latest_only_with_trigger to 2024-07-31 08:00:00+00:00, run_after=2024-07-31 12:00:00+00:00
[2024-07-31T12:33:54.423+0000] {processor.py:183} INFO - Processing /home/airflow/.local/lib/python3.12/site-packages/airflow/example_dags/example_latest_only_with_trigger.py took 0.099 seconds
[2024-07-31T12:34:24.778+0000] {processor.py:161} INFO - Started process (PID=2996) to work on /home/airflow/.local/lib/python3.12/site-packages/airflow/example_dags/example_latest_only_with_trigger.py
[2024-07-31T12:34:24.779+0000] {processor.py:830} INFO - Processing file /home/airflow/.local/lib/python3.12/site-packages/airflow/example_dags/example_latest_only_with_trigger.py for tasks to queue
[2024-07-31T12:34:24.781+0000] {logging_mixin.py:188} INFO - [2024-07-31T12:34:24.781+0000] {dagbag.py:545} INFO - Filling up the DagBag from /home/airflow/.local/lib/python3.12/site-packages/airflow/example_dags/example_latest_only_with_trigger.py
[2024-07-31T12:34:24.789+0000] {processor.py:840} INFO - DAG(s) 'latest_only_with_trigger' retrieved from /home/airflow/.local/lib/python3.12/site-packages/airflow/example_dags/example_latest_only_with_trigger.py
[2024-07-31T12:34:24.819+0000] {logging_mixin.py:188} INFO - [2024-07-31T12:34:24.819+0000] {dag.py:3089} INFO - Sync 1 DAGs
[2024-07-31T12:34:24.854+0000] {logging_mixin.py:188} INFO - [2024-07-31T12:34:24.854+0000] {dag.py:3947} INFO - Setting next_dagrun for latest_only_with_trigger to 2024-07-31 08:00:00+00:00, run_after=2024-07-31 12:00:00+00:00
[2024-07-31T12:34:24.883+0000] {processor.py:183} INFO - Processing /home/airflow/.local/lib/python3.12/site-packages/airflow/example_dags/example_latest_only_with_trigger.py took 0.114 seconds
[2024-07-31T12:34:55.216+0000] {processor.py:161} INFO - Started process (PID=3053) to work on /home/airflow/.local/lib/python3.12/site-packages/airflow/example_dags/example_latest_only_with_trigger.py
[2024-07-31T12:34:55.218+0000] {processor.py:830} INFO - Processing file /home/airflow/.local/lib/python3.12/site-packages/airflow/example_dags/example_latest_only_with_trigger.py for tasks to queue
[2024-07-31T12:34:55.221+0000] {logging_mixin.py:188} INFO - [2024-07-31T12:34:55.221+0000] {dagbag.py:545} INFO - Filling up the DagBag from /home/airflow/.local/lib/python3.12/site-packages/airflow/example_dags/example_latest_only_with_trigger.py
[2024-07-31T12:34:55.230+0000] {processor.py:840} INFO - DAG(s) 'latest_only_with_trigger' retrieved from /home/airflow/.local/lib/python3.12/site-packages/airflow/example_dags/example_latest_only_with_trigger.py
[2024-07-31T12:34:55.260+0000] {logging_mixin.py:188} INFO - [2024-07-31T12:34:55.259+0000] {dag.py:3089} INFO - Sync 1 DAGs
[2024-07-31T12:34:55.293+0000] {logging_mixin.py:188} INFO - [2024-07-31T12:34:55.292+0000] {dag.py:3947} INFO - Setting next_dagrun for latest_only_with_trigger to 2024-07-31 08:00:00+00:00, run_after=2024-07-31 12:00:00+00:00
[2024-07-31T12:34:55.326+0000] {processor.py:183} INFO - Processing /home/airflow/.local/lib/python3.12/site-packages/airflow/example_dags/example_latest_only_with_trigger.py took 0.120 seconds
[2024-07-31T12:35:25.415+0000] {processor.py:161} INFO - Started process (PID=3110) to work on /home/airflow/.local/lib/python3.12/site-packages/airflow/example_dags/example_latest_only_with_trigger.py
[2024-07-31T12:35:25.416+0000] {processor.py:830} INFO - Processing file /home/airflow/.local/lib/python3.12/site-packages/airflow/example_dags/example_latest_only_with_trigger.py for tasks to queue
[2024-07-31T12:35:25.419+0000] {logging_mixin.py:188} INFO - [2024-07-31T12:35:25.418+0000] {dagbag.py:545} INFO - Filling up the DagBag from /home/airflow/.local/lib/python3.12/site-packages/airflow/example_dags/example_latest_only_with_trigger.py
[2024-07-31T12:35:25.425+0000] {processor.py:840} INFO - DAG(s) 'latest_only_with_trigger' retrieved from /home/airflow/.local/lib/python3.12/site-packages/airflow/example_dags/example_latest_only_with_trigger.py
[2024-07-31T12:35:25.447+0000] {logging_mixin.py:188} INFO - [2024-07-31T12:35:25.447+0000] {dag.py:3089} INFO - Sync 1 DAGs
[2024-07-31T12:35:25.477+0000] {logging_mixin.py:188} INFO - [2024-07-31T12:35:25.476+0000] {dag.py:3947} INFO - Setting next_dagrun for latest_only_with_trigger to 2024-07-31 08:00:00+00:00, run_after=2024-07-31 12:00:00+00:00
[2024-07-31T12:35:25.512+0000] {processor.py:183} INFO - Processing /home/airflow/.local/lib/python3.12/site-packages/airflow/example_dags/example_latest_only_with_trigger.py took 0.103 seconds
[2024-07-31T12:35:55.726+0000] {processor.py:161} INFO - Started process (PID=3167) to work on /home/airflow/.local/lib/python3.12/site-packages/airflow/example_dags/example_latest_only_with_trigger.py
[2024-07-31T12:35:55.727+0000] {processor.py:830} INFO - Processing file /home/airflow/.local/lib/python3.12/site-packages/airflow/example_dags/example_latest_only_with_trigger.py for tasks to queue
[2024-07-31T12:35:55.730+0000] {logging_mixin.py:188} INFO - [2024-07-31T12:35:55.729+0000] {dagbag.py:545} INFO - Filling up the DagBag from /home/airflow/.local/lib/python3.12/site-packages/airflow/example_dags/example_latest_only_with_trigger.py
[2024-07-31T12:35:55.736+0000] {processor.py:840} INFO - DAG(s) 'latest_only_with_trigger' retrieved from /home/airflow/.local/lib/python3.12/site-packages/airflow/example_dags/example_latest_only_with_trigger.py
[2024-07-31T12:35:55.764+0000] {logging_mixin.py:188} INFO - [2024-07-31T12:35:55.763+0000] {dag.py:3089} INFO - Sync 1 DAGs
[2024-07-31T12:35:55.800+0000] {logging_mixin.py:188} INFO - [2024-07-31T12:35:55.800+0000] {dag.py:3947} INFO - Setting next_dagrun for latest_only_with_trigger to 2024-07-31 08:00:00+00:00, run_after=2024-07-31 12:00:00+00:00
[2024-07-31T12:35:55.834+0000] {processor.py:183} INFO - Processing /home/airflow/.local/lib/python3.12/site-packages/airflow/example_dags/example_latest_only_with_trigger.py took 0.119 seconds
[2024-07-31T12:36:26.115+0000] {processor.py:161} INFO - Started process (PID=3224) to work on /home/airflow/.local/lib/python3.12/site-packages/airflow/example_dags/example_latest_only_with_trigger.py
[2024-07-31T12:36:26.116+0000] {processor.py:830} INFO - Processing file /home/airflow/.local/lib/python3.12/site-packages/airflow/example_dags/example_latest_only_with_trigger.py for tasks to queue
[2024-07-31T12:36:26.118+0000] {logging_mixin.py:188} INFO - [2024-07-31T12:36:26.118+0000] {dagbag.py:545} INFO - Filling up the DagBag from /home/airflow/.local/lib/python3.12/site-packages/airflow/example_dags/example_latest_only_with_trigger.py
[2024-07-31T12:36:26.127+0000] {processor.py:840} INFO - DAG(s) 'latest_only_with_trigger' retrieved from /home/airflow/.local/lib/python3.12/site-packages/airflow/example_dags/example_latest_only_with_trigger.py
[2024-07-31T12:36:26.159+0000] {logging_mixin.py:188} INFO - [2024-07-31T12:36:26.159+0000] {dag.py:3089} INFO - Sync 1 DAGs
[2024-07-31T12:36:26.195+0000] {logging_mixin.py:188} INFO - [2024-07-31T12:36:26.195+0000] {dag.py:3947} INFO - Setting next_dagrun for latest_only_with_trigger to 2024-07-31 08:00:00+00:00, run_after=2024-07-31 12:00:00+00:00
[2024-07-31T12:36:26.237+0000] {processor.py:183} INFO - Processing /home/airflow/.local/lib/python3.12/site-packages/airflow/example_dags/example_latest_only_with_trigger.py took 0.132 seconds
[2024-07-31T12:36:56.340+0000] {processor.py:161} INFO - Started process (PID=3281) to work on /home/airflow/.local/lib/python3.12/site-packages/airflow/example_dags/example_latest_only_with_trigger.py
[2024-07-31T12:36:56.342+0000] {processor.py:830} INFO - Processing file /home/airflow/.local/lib/python3.12/site-packages/airflow/example_dags/example_latest_only_with_trigger.py for tasks to queue
[2024-07-31T12:36:56.343+0000] {logging_mixin.py:188} INFO - [2024-07-31T12:36:56.343+0000] {dagbag.py:545} INFO - Filling up the DagBag from /home/airflow/.local/lib/python3.12/site-packages/airflow/example_dags/example_latest_only_with_trigger.py
[2024-07-31T12:36:56.349+0000] {processor.py:840} INFO - DAG(s) 'latest_only_with_trigger' retrieved from /home/airflow/.local/lib/python3.12/site-packages/airflow/example_dags/example_latest_only_with_trigger.py
[2024-07-31T12:36:56.374+0000] {logging_mixin.py:188} INFO - [2024-07-31T12:36:56.373+0000] {dag.py:3089} INFO - Sync 1 DAGs
[2024-07-31T12:36:56.398+0000] {logging_mixin.py:188} INFO - [2024-07-31T12:36:56.398+0000] {dag.py:3947} INFO - Setting next_dagrun for latest_only_with_trigger to 2024-07-31 08:00:00+00:00, run_after=2024-07-31 12:00:00+00:00
[2024-07-31T12:36:56.425+0000] {processor.py:183} INFO - Processing /home/airflow/.local/lib/python3.12/site-packages/airflow/example_dags/example_latest_only_with_trigger.py took 0.090 seconds
[2024-07-31T12:37:26.877+0000] {processor.py:161} INFO - Started process (PID=3339) to work on /home/airflow/.local/lib/python3.12/site-packages/airflow/example_dags/example_latest_only_with_trigger.py
[2024-07-31T12:37:26.877+0000] {processor.py:830} INFO - Processing file /home/airflow/.local/lib/python3.12/site-packages/airflow/example_dags/example_latest_only_with_trigger.py for tasks to queue
[2024-07-31T12:37:26.880+0000] {logging_mixin.py:188} INFO - [2024-07-31T12:37:26.879+0000] {dagbag.py:545} INFO - Filling up the DagBag from /home/airflow/.local/lib/python3.12/site-packages/airflow/example_dags/example_latest_only_with_trigger.py
[2024-07-31T12:37:26.889+0000] {processor.py:840} INFO - DAG(s) 'latest_only_with_trigger' retrieved from /home/airflow/.local/lib/python3.12/site-packages/airflow/example_dags/example_latest_only_with_trigger.py
[2024-07-31T12:37:26.913+0000] {logging_mixin.py:188} INFO - [2024-07-31T12:37:26.913+0000] {dag.py:3089} INFO - Sync 1 DAGs
[2024-07-31T12:37:26.945+0000] {logging_mixin.py:188} INFO - [2024-07-31T12:37:26.944+0000] {dag.py:3947} INFO - Setting next_dagrun for latest_only_with_trigger to 2024-07-31 08:00:00+00:00, run_after=2024-07-31 12:00:00+00:00
[2024-07-31T12:37:26.973+0000] {processor.py:183} INFO - Processing /home/airflow/.local/lib/python3.12/site-packages/airflow/example_dags/example_latest_only_with_trigger.py took 0.105 seconds
[2024-07-31T12:37:57.346+0000] {processor.py:161} INFO - Started process (PID=3396) to work on /home/airflow/.local/lib/python3.12/site-packages/airflow/example_dags/example_latest_only_with_trigger.py
[2024-07-31T12:37:57.347+0000] {processor.py:830} INFO - Processing file /home/airflow/.local/lib/python3.12/site-packages/airflow/example_dags/example_latest_only_with_trigger.py for tasks to queue
[2024-07-31T12:37:57.348+0000] {logging_mixin.py:188} INFO - [2024-07-31T12:37:57.348+0000] {dagbag.py:545} INFO - Filling up the DagBag from /home/airflow/.local/lib/python3.12/site-packages/airflow/example_dags/example_latest_only_with_trigger.py
[2024-07-31T12:37:57.354+0000] {processor.py:840} INFO - DAG(s) 'latest_only_with_trigger' retrieved from /home/airflow/.local/lib/python3.12/site-packages/airflow/example_dags/example_latest_only_with_trigger.py
[2024-07-31T12:37:57.380+0000] {logging_mixin.py:188} INFO - [2024-07-31T12:37:57.380+0000] {dag.py:3089} INFO - Sync 1 DAGs
[2024-07-31T12:37:57.411+0000] {logging_mixin.py:188} INFO - [2024-07-31T12:37:57.411+0000] {dag.py:3947} INFO - Setting next_dagrun for latest_only_with_trigger to 2024-07-31 08:00:00+00:00, run_after=2024-07-31 12:00:00+00:00
[2024-07-31T12:37:57.441+0000] {processor.py:183} INFO - Processing /home/airflow/.local/lib/python3.12/site-packages/airflow/example_dags/example_latest_only_with_trigger.py took 0.101 seconds
[2024-07-31T12:38:27.821+0000] {processor.py:161} INFO - Started process (PID=3454) to work on /home/airflow/.local/lib/python3.12/site-packages/airflow/example_dags/example_latest_only_with_trigger.py
[2024-07-31T12:38:27.822+0000] {processor.py:830} INFO - Processing file /home/airflow/.local/lib/python3.12/site-packages/airflow/example_dags/example_latest_only_with_trigger.py for tasks to queue
[2024-07-31T12:38:27.824+0000] {logging_mixin.py:188} INFO - [2024-07-31T12:38:27.824+0000] {dagbag.py:545} INFO - Filling up the DagBag from /home/airflow/.local/lib/python3.12/site-packages/airflow/example_dags/example_latest_only_with_trigger.py
[2024-07-31T12:38:27.853+0000] {processor.py:840} INFO - DAG(s) 'latest_only_with_trigger' retrieved from /home/airflow/.local/lib/python3.12/site-packages/airflow/example_dags/example_latest_only_with_trigger.py
[2024-07-31T12:38:27.916+0000] {logging_mixin.py:188} INFO - [2024-07-31T12:38:27.916+0000] {dag.py:3089} INFO - Sync 1 DAGs
[2024-07-31T12:38:27.987+0000] {logging_mixin.py:188} INFO - [2024-07-31T12:38:27.986+0000] {dag.py:3947} INFO - Setting next_dagrun for latest_only_with_trigger to 2024-07-31 08:00:00+00:00, run_after=2024-07-31 12:00:00+00:00
[2024-07-31T12:38:28.064+0000] {processor.py:183} INFO - Processing /home/airflow/.local/lib/python3.12/site-packages/airflow/example_dags/example_latest_only_with_trigger.py took 0.258 seconds
[2024-07-31T16:44:31.227+0000] {processor.py:161} INFO - Started process (PID=111) to work on /home/airflow/.local/lib/python3.12/site-packages/airflow/example_dags/example_latest_only_with_trigger.py
[2024-07-31T16:44:31.229+0000] {processor.py:830} INFO - Processing file /home/airflow/.local/lib/python3.12/site-packages/airflow/example_dags/example_latest_only_with_trigger.py for tasks to queue
[2024-07-31T16:44:31.229+0000] {logging_mixin.py:188} INFO - [2024-07-31T16:44:31.229+0000] {dagbag.py:545} INFO - Filling up the DagBag from /home/airflow/.local/lib/python3.12/site-packages/airflow/example_dags/example_latest_only_with_trigger.py
[2024-07-31T16:44:31.241+0000] {processor.py:840} INFO - DAG(s) 'latest_only_with_trigger' retrieved from /home/airflow/.local/lib/python3.12/site-packages/airflow/example_dags/example_latest_only_with_trigger.py
[2024-07-31T16:44:31.380+0000] {logging_mixin.py:188} INFO - [2024-07-31T16:44:31.380+0000] {dag.py:3089} INFO - Sync 1 DAGs
[2024-07-31T16:44:31.403+0000] {logging_mixin.py:188} INFO - [2024-07-31T16:44:31.403+0000] {dag.py:3947} INFO - Setting next_dagrun for latest_only_with_trigger to 2024-07-31 12:00:00+00:00, run_after=2024-07-31 16:00:00+00:00
[2024-07-31T16:44:31.425+0000] {processor.py:183} INFO - Processing /home/airflow/.local/lib/python3.12/site-packages/airflow/example_dags/example_latest_only_with_trigger.py took 0.204 seconds
[2024-07-31T16:45:01.650+0000] {processor.py:161} INFO - Started process (PID=168) to work on /home/airflow/.local/lib/python3.12/site-packages/airflow/example_dags/example_latest_only_with_trigger.py
[2024-07-31T16:45:01.651+0000] {processor.py:830} INFO - Processing file /home/airflow/.local/lib/python3.12/site-packages/airflow/example_dags/example_latest_only_with_trigger.py for tasks to queue
[2024-07-31T16:45:01.652+0000] {logging_mixin.py:188} INFO - [2024-07-31T16:45:01.652+0000] {dagbag.py:545} INFO - Filling up the DagBag from /home/airflow/.local/lib/python3.12/site-packages/airflow/example_dags/example_latest_only_with_trigger.py
[2024-07-31T16:45:01.666+0000] {processor.py:840} INFO - DAG(s) 'latest_only_with_trigger' retrieved from /home/airflow/.local/lib/python3.12/site-packages/airflow/example_dags/example_latest_only_with_trigger.py
[2024-07-31T16:45:01.721+0000] {logging_mixin.py:188} INFO - [2024-07-31T16:45:01.720+0000] {dag.py:3089} INFO - Sync 1 DAGs
[2024-07-31T16:45:01.768+0000] {logging_mixin.py:188} INFO - [2024-07-31T16:45:01.768+0000] {dag.py:3947} INFO - Setting next_dagrun for latest_only_with_trigger to 2024-07-31 12:00:00+00:00, run_after=2024-07-31 16:00:00+00:00
[2024-07-31T16:45:01.816+0000] {processor.py:183} INFO - Processing /home/airflow/.local/lib/python3.12/site-packages/airflow/example_dags/example_latest_only_with_trigger.py took 0.179 seconds
[2024-07-31T16:45:32.016+0000] {processor.py:161} INFO - Started process (PID=226) to work on /home/airflow/.local/lib/python3.12/site-packages/airflow/example_dags/example_latest_only_with_trigger.py
[2024-07-31T16:45:32.017+0000] {processor.py:830} INFO - Processing file /home/airflow/.local/lib/python3.12/site-packages/airflow/example_dags/example_latest_only_with_trigger.py for tasks to queue
[2024-07-31T16:45:32.019+0000] {logging_mixin.py:188} INFO - [2024-07-31T16:45:32.018+0000] {dagbag.py:545} INFO - Filling up the DagBag from /home/airflow/.local/lib/python3.12/site-packages/airflow/example_dags/example_latest_only_with_trigger.py
[2024-07-31T16:45:32.028+0000] {processor.py:840} INFO - DAG(s) 'latest_only_with_trigger' retrieved from /home/airflow/.local/lib/python3.12/site-packages/airflow/example_dags/example_latest_only_with_trigger.py
[2024-07-31T16:45:32.065+0000] {logging_mixin.py:188} INFO - [2024-07-31T16:45:32.064+0000] {dag.py:3089} INFO - Sync 1 DAGs
[2024-07-31T16:45:32.111+0000] {logging_mixin.py:188} INFO - [2024-07-31T16:45:32.111+0000] {dag.py:3947} INFO - Setting next_dagrun for latest_only_with_trigger to 2024-07-31 12:00:00+00:00, run_after=2024-07-31 16:00:00+00:00
[2024-07-31T16:45:32.164+0000] {processor.py:183} INFO - Processing /home/airflow/.local/lib/python3.12/site-packages/airflow/example_dags/example_latest_only_with_trigger.py took 0.161 seconds
[2024-07-31T16:46:02.872+0000] {processor.py:161} INFO - Started process (PID=284) to work on /home/airflow/.local/lib/python3.12/site-packages/airflow/example_dags/example_latest_only_with_trigger.py
[2024-07-31T16:46:02.873+0000] {processor.py:830} INFO - Processing file /home/airflow/.local/lib/python3.12/site-packages/airflow/example_dags/example_latest_only_with_trigger.py for tasks to queue
[2024-07-31T16:46:02.873+0000] {logging_mixin.py:188} INFO - [2024-07-31T16:46:02.873+0000] {dagbag.py:545} INFO - Filling up the DagBag from /home/airflow/.local/lib/python3.12/site-packages/airflow/example_dags/example_latest_only_with_trigger.py
[2024-07-31T16:46:02.884+0000] {processor.py:840} INFO - DAG(s) 'latest_only_with_trigger' retrieved from /home/airflow/.local/lib/python3.12/site-packages/airflow/example_dags/example_latest_only_with_trigger.py
[2024-07-31T16:46:02.922+0000] {logging_mixin.py:188} INFO - [2024-07-31T16:46:02.922+0000] {dag.py:3089} INFO - Sync 1 DAGs
[2024-07-31T16:46:02.965+0000] {logging_mixin.py:188} INFO - [2024-07-31T16:46:02.965+0000] {dag.py:3947} INFO - Setting next_dagrun for latest_only_with_trigger to 2024-07-31 12:00:00+00:00, run_after=2024-07-31 16:00:00+00:00
[2024-07-31T16:46:03.003+0000] {processor.py:183} INFO - Processing /home/airflow/.local/lib/python3.12/site-packages/airflow/example_dags/example_latest_only_with_trigger.py took 0.139 seconds
