[2024-07-31T12:08:54.137+0000] {processor.py:161} INFO - Started process (PID=99) to work on /home/airflow/.local/lib/python3.12/site-packages/airflow/example_dags/example_setup_teardown.py
[2024-07-31T12:08:54.137+0000] {processor.py:830} INFO - Processing file /home/airflow/.local/lib/python3.12/site-packages/airflow/example_dags/example_setup_teardown.py for tasks to queue
[2024-07-31T12:08:54.139+0000] {logging_mixin.py:188} INFO - [2024-07-31T12:08:54.138+0000] {dagbag.py:545} INFO - Filling up the DagBag from /home/airflow/.local/lib/python3.12/site-packages/airflow/example_dags/example_setup_teardown.py
[2024-07-31T12:08:54.150+0000] {processor.py:840} INFO - DAG(s) 'example_setup_teardown' retrieved from /home/airflow/.local/lib/python3.12/site-packages/airflow/example_dags/example_setup_teardown.py
[2024-07-31T12:08:54.314+0000] {logging_mixin.py:188} INFO - [2024-07-31T12:08:54.313+0000] {override.py:1858} INFO - Created Permission View: can delete on DAG:example_setup_teardown
[2024-07-31T12:08:54.325+0000] {logging_mixin.py:188} INFO - [2024-07-31T12:08:54.325+0000] {override.py:1858} INFO - Created Permission View: can read on DAG:example_setup_teardown
[2024-07-31T12:08:54.333+0000] {logging_mixin.py:188} INFO - [2024-07-31T12:08:54.333+0000] {override.py:1858} INFO - Created Permission View: can edit on DAG:example_setup_teardown
[2024-07-31T12:08:54.334+0000] {logging_mixin.py:188} INFO - [2024-07-31T12:08:54.334+0000] {dag.py:3089} INFO - Sync 1 DAGs
[2024-07-31T12:08:54.353+0000] {logging_mixin.py:188} INFO - [2024-07-31T12:08:54.353+0000] {dag.py:3111} INFO - Creating ORM DAG for example_setup_teardown
[2024-07-31T12:08:54.381+0000] {logging_mixin.py:188} INFO - [2024-07-31T12:08:54.381+0000] {dag.py:3947} INFO - Setting next_dagrun for example_setup_teardown to 2024-07-30 00:00:00+00:00, run_after=2024-07-31 00:00:00+00:00
[2024-07-31T12:08:54.433+0000] {processor.py:183} INFO - Processing /home/airflow/.local/lib/python3.12/site-packages/airflow/example_dags/example_setup_teardown.py took 0.302 seconds
[2024-07-31T12:09:24.701+0000] {processor.py:161} INFO - Started process (PID=163) to work on /home/airflow/.local/lib/python3.12/site-packages/airflow/example_dags/example_setup_teardown.py
[2024-07-31T12:09:24.703+0000] {processor.py:830} INFO - Processing file /home/airflow/.local/lib/python3.12/site-packages/airflow/example_dags/example_setup_teardown.py for tasks to queue
[2024-07-31T12:09:24.706+0000] {logging_mixin.py:188} INFO - [2024-07-31T12:09:24.705+0000] {dagbag.py:545} INFO - Filling up the DagBag from /home/airflow/.local/lib/python3.12/site-packages/airflow/example_dags/example_setup_teardown.py
[2024-07-31T12:09:24.720+0000] {processor.py:840} INFO - DAG(s) 'example_setup_teardown' retrieved from /home/airflow/.local/lib/python3.12/site-packages/airflow/example_dags/example_setup_teardown.py
[2024-07-31T12:09:24.752+0000] {logging_mixin.py:188} INFO - [2024-07-31T12:09:24.752+0000] {dag.py:3089} INFO - Sync 1 DAGs
[2024-07-31T12:09:24.790+0000] {logging_mixin.py:188} INFO - [2024-07-31T12:09:24.790+0000] {dag.py:3947} INFO - Setting next_dagrun for example_setup_teardown to 2024-07-30 00:00:00+00:00, run_after=2024-07-31 00:00:00+00:00
[2024-07-31T12:09:24.820+0000] {processor.py:183} INFO - Processing /home/airflow/.local/lib/python3.12/site-packages/airflow/example_dags/example_setup_teardown.py took 0.129 seconds
[2024-07-31T12:09:54.989+0000] {processor.py:161} INFO - Started process (PID=221) to work on /home/airflow/.local/lib/python3.12/site-packages/airflow/example_dags/example_setup_teardown.py
[2024-07-31T12:09:54.990+0000] {processor.py:830} INFO - Processing file /home/airflow/.local/lib/python3.12/site-packages/airflow/example_dags/example_setup_teardown.py for tasks to queue
[2024-07-31T12:09:54.991+0000] {logging_mixin.py:188} INFO - [2024-07-31T12:09:54.991+0000] {dagbag.py:545} INFO - Filling up the DagBag from /home/airflow/.local/lib/python3.12/site-packages/airflow/example_dags/example_setup_teardown.py
[2024-07-31T12:09:54.997+0000] {processor.py:840} INFO - DAG(s) 'example_setup_teardown' retrieved from /home/airflow/.local/lib/python3.12/site-packages/airflow/example_dags/example_setup_teardown.py
[2024-07-31T12:09:55.014+0000] {logging_mixin.py:188} INFO - [2024-07-31T12:09:55.014+0000] {dag.py:3089} INFO - Sync 1 DAGs
[2024-07-31T12:09:55.040+0000] {logging_mixin.py:188} INFO - [2024-07-31T12:09:55.040+0000] {dag.py:3947} INFO - Setting next_dagrun for example_setup_teardown to 2024-07-30 00:00:00+00:00, run_after=2024-07-31 00:00:00+00:00
[2024-07-31T12:09:55.063+0000] {processor.py:183} INFO - Processing /home/airflow/.local/lib/python3.12/site-packages/airflow/example_dags/example_setup_teardown.py took 0.080 seconds
[2024-07-31T12:10:25.625+0000] {processor.py:161} INFO - Started process (PID=279) to work on /home/airflow/.local/lib/python3.12/site-packages/airflow/example_dags/example_setup_teardown.py
[2024-07-31T12:10:25.626+0000] {processor.py:830} INFO - Processing file /home/airflow/.local/lib/python3.12/site-packages/airflow/example_dags/example_setup_teardown.py for tasks to queue
[2024-07-31T12:10:25.627+0000] {logging_mixin.py:188} INFO - [2024-07-31T12:10:25.627+0000] {dagbag.py:545} INFO - Filling up the DagBag from /home/airflow/.local/lib/python3.12/site-packages/airflow/example_dags/example_setup_teardown.py
[2024-07-31T12:10:25.633+0000] {processor.py:840} INFO - DAG(s) 'example_setup_teardown' retrieved from /home/airflow/.local/lib/python3.12/site-packages/airflow/example_dags/example_setup_teardown.py
[2024-07-31T12:10:25.653+0000] {logging_mixin.py:188} INFO - [2024-07-31T12:10:25.653+0000] {dag.py:3089} INFO - Sync 1 DAGs
[2024-07-31T12:10:25.675+0000] {logging_mixin.py:188} INFO - [2024-07-31T12:10:25.675+0000] {dag.py:3947} INFO - Setting next_dagrun for example_setup_teardown to 2024-07-30 00:00:00+00:00, run_after=2024-07-31 00:00:00+00:00
[2024-07-31T12:10:25.699+0000] {processor.py:183} INFO - Processing /home/airflow/.local/lib/python3.12/site-packages/airflow/example_dags/example_setup_teardown.py took 0.079 seconds
[2024-07-31T12:10:56.703+0000] {processor.py:161} INFO - Started process (PID=336) to work on /home/airflow/.local/lib/python3.12/site-packages/airflow/example_dags/example_setup_teardown.py
[2024-07-31T12:10:56.705+0000] {processor.py:830} INFO - Processing file /home/airflow/.local/lib/python3.12/site-packages/airflow/example_dags/example_setup_teardown.py for tasks to queue
[2024-07-31T12:10:56.706+0000] {logging_mixin.py:188} INFO - [2024-07-31T12:10:56.706+0000] {dagbag.py:545} INFO - Filling up the DagBag from /home/airflow/.local/lib/python3.12/site-packages/airflow/example_dags/example_setup_teardown.py
[2024-07-31T12:10:56.711+0000] {processor.py:840} INFO - DAG(s) 'example_setup_teardown' retrieved from /home/airflow/.local/lib/python3.12/site-packages/airflow/example_dags/example_setup_teardown.py
[2024-07-31T12:10:56.734+0000] {logging_mixin.py:188} INFO - [2024-07-31T12:10:56.734+0000] {dag.py:3089} INFO - Sync 1 DAGs
[2024-07-31T12:10:56.757+0000] {logging_mixin.py:188} INFO - [2024-07-31T12:10:56.757+0000] {dag.py:3947} INFO - Setting next_dagrun for example_setup_teardown to 2024-07-30 00:00:00+00:00, run_after=2024-07-31 00:00:00+00:00
[2024-07-31T12:10:56.779+0000] {processor.py:183} INFO - Processing /home/airflow/.local/lib/python3.12/site-packages/airflow/example_dags/example_setup_teardown.py took 0.080 seconds
[2024-07-31T12:11:27.493+0000] {processor.py:161} INFO - Started process (PID=394) to work on /home/airflow/.local/lib/python3.12/site-packages/airflow/example_dags/example_setup_teardown.py
[2024-07-31T12:11:27.494+0000] {processor.py:830} INFO - Processing file /home/airflow/.local/lib/python3.12/site-packages/airflow/example_dags/example_setup_teardown.py for tasks to queue
[2024-07-31T12:11:27.495+0000] {logging_mixin.py:188} INFO - [2024-07-31T12:11:27.495+0000] {dagbag.py:545} INFO - Filling up the DagBag from /home/airflow/.local/lib/python3.12/site-packages/airflow/example_dags/example_setup_teardown.py
[2024-07-31T12:11:27.501+0000] {processor.py:840} INFO - DAG(s) 'example_setup_teardown' retrieved from /home/airflow/.local/lib/python3.12/site-packages/airflow/example_dags/example_setup_teardown.py
[2024-07-31T12:11:27.521+0000] {logging_mixin.py:188} INFO - [2024-07-31T12:11:27.520+0000] {dag.py:3089} INFO - Sync 1 DAGs
[2024-07-31T12:11:27.546+0000] {logging_mixin.py:188} INFO - [2024-07-31T12:11:27.546+0000] {dag.py:3947} INFO - Setting next_dagrun for example_setup_teardown to 2024-07-30 00:00:00+00:00, run_after=2024-07-31 00:00:00+00:00
[2024-07-31T12:11:27.570+0000] {processor.py:183} INFO - Processing /home/airflow/.local/lib/python3.12/site-packages/airflow/example_dags/example_setup_teardown.py took 0.083 seconds
[2024-07-31T12:11:57.889+0000] {processor.py:161} INFO - Started process (PID=452) to work on /home/airflow/.local/lib/python3.12/site-packages/airflow/example_dags/example_setup_teardown.py
[2024-07-31T12:11:57.890+0000] {processor.py:830} INFO - Processing file /home/airflow/.local/lib/python3.12/site-packages/airflow/example_dags/example_setup_teardown.py for tasks to queue
[2024-07-31T12:11:57.891+0000] {logging_mixin.py:188} INFO - [2024-07-31T12:11:57.891+0000] {dagbag.py:545} INFO - Filling up the DagBag from /home/airflow/.local/lib/python3.12/site-packages/airflow/example_dags/example_setup_teardown.py
[2024-07-31T12:11:57.897+0000] {processor.py:840} INFO - DAG(s) 'example_setup_teardown' retrieved from /home/airflow/.local/lib/python3.12/site-packages/airflow/example_dags/example_setup_teardown.py
[2024-07-31T12:11:57.918+0000] {logging_mixin.py:188} INFO - [2024-07-31T12:11:57.918+0000] {dag.py:3089} INFO - Sync 1 DAGs
[2024-07-31T12:11:57.945+0000] {logging_mixin.py:188} INFO - [2024-07-31T12:11:57.944+0000] {dag.py:3947} INFO - Setting next_dagrun for example_setup_teardown to 2024-07-30 00:00:00+00:00, run_after=2024-07-31 00:00:00+00:00
[2024-07-31T12:11:57.968+0000] {processor.py:183} INFO - Processing /home/airflow/.local/lib/python3.12/site-packages/airflow/example_dags/example_setup_teardown.py took 0.085 seconds
[2024-07-31T12:12:28.030+0000] {processor.py:161} INFO - Started process (PID=509) to work on /home/airflow/.local/lib/python3.12/site-packages/airflow/example_dags/example_setup_teardown.py
[2024-07-31T12:12:28.031+0000] {processor.py:830} INFO - Processing file /home/airflow/.local/lib/python3.12/site-packages/airflow/example_dags/example_setup_teardown.py for tasks to queue
[2024-07-31T12:12:28.035+0000] {logging_mixin.py:188} INFO - [2024-07-31T12:12:28.034+0000] {dagbag.py:545} INFO - Filling up the DagBag from /home/airflow/.local/lib/python3.12/site-packages/airflow/example_dags/example_setup_teardown.py
[2024-07-31T12:12:28.050+0000] {processor.py:840} INFO - DAG(s) 'example_setup_teardown' retrieved from /home/airflow/.local/lib/python3.12/site-packages/airflow/example_dags/example_setup_teardown.py
[2024-07-31T12:12:28.083+0000] {logging_mixin.py:188} INFO - [2024-07-31T12:12:28.083+0000] {dag.py:3089} INFO - Sync 1 DAGs
[2024-07-31T12:12:28.111+0000] {logging_mixin.py:188} INFO - [2024-07-31T12:12:28.111+0000] {dag.py:3947} INFO - Setting next_dagrun for example_setup_teardown to 2024-07-30 00:00:00+00:00, run_after=2024-07-31 00:00:00+00:00
[2024-07-31T12:12:28.138+0000] {processor.py:183} INFO - Processing /home/airflow/.local/lib/python3.12/site-packages/airflow/example_dags/example_setup_teardown.py took 0.122 seconds
[2024-07-31T12:12:58.866+0000] {processor.py:161} INFO - Started process (PID=567) to work on /home/airflow/.local/lib/python3.12/site-packages/airflow/example_dags/example_setup_teardown.py
[2024-07-31T12:12:58.866+0000] {processor.py:830} INFO - Processing file /home/airflow/.local/lib/python3.12/site-packages/airflow/example_dags/example_setup_teardown.py for tasks to queue
[2024-07-31T12:12:58.868+0000] {logging_mixin.py:188} INFO - [2024-07-31T12:12:58.868+0000] {dagbag.py:545} INFO - Filling up the DagBag from /home/airflow/.local/lib/python3.12/site-packages/airflow/example_dags/example_setup_teardown.py
[2024-07-31T12:12:58.874+0000] {processor.py:840} INFO - DAG(s) 'example_setup_teardown' retrieved from /home/airflow/.local/lib/python3.12/site-packages/airflow/example_dags/example_setup_teardown.py
[2024-07-31T12:12:58.905+0000] {logging_mixin.py:188} INFO - [2024-07-31T12:12:58.905+0000] {dag.py:3089} INFO - Sync 1 DAGs
[2024-07-31T12:12:58.936+0000] {logging_mixin.py:188} INFO - [2024-07-31T12:12:58.936+0000] {dag.py:3947} INFO - Setting next_dagrun for example_setup_teardown to 2024-07-30 00:00:00+00:00, run_after=2024-07-31 00:00:00+00:00
[2024-07-31T12:12:58.963+0000] {processor.py:183} INFO - Processing /home/airflow/.local/lib/python3.12/site-packages/airflow/example_dags/example_setup_teardown.py took 0.104 seconds
[2024-07-31T12:13:29.359+0000] {processor.py:161} INFO - Started process (PID=624) to work on /home/airflow/.local/lib/python3.12/site-packages/airflow/example_dags/example_setup_teardown.py
[2024-07-31T12:13:29.360+0000] {processor.py:830} INFO - Processing file /home/airflow/.local/lib/python3.12/site-packages/airflow/example_dags/example_setup_teardown.py for tasks to queue
[2024-07-31T12:13:29.362+0000] {logging_mixin.py:188} INFO - [2024-07-31T12:13:29.362+0000] {dagbag.py:545} INFO - Filling up the DagBag from /home/airflow/.local/lib/python3.12/site-packages/airflow/example_dags/example_setup_teardown.py
[2024-07-31T12:13:29.370+0000] {processor.py:840} INFO - DAG(s) 'example_setup_teardown' retrieved from /home/airflow/.local/lib/python3.12/site-packages/airflow/example_dags/example_setup_teardown.py
[2024-07-31T12:13:29.395+0000] {logging_mixin.py:188} INFO - [2024-07-31T12:13:29.394+0000] {dag.py:3089} INFO - Sync 1 DAGs
[2024-07-31T12:13:29.417+0000] {logging_mixin.py:188} INFO - [2024-07-31T12:13:29.417+0000] {dag.py:3947} INFO - Setting next_dagrun for example_setup_teardown to 2024-07-30 00:00:00+00:00, run_after=2024-07-31 00:00:00+00:00
[2024-07-31T12:13:29.439+0000] {processor.py:183} INFO - Processing /home/airflow/.local/lib/python3.12/site-packages/airflow/example_dags/example_setup_teardown.py took 0.087 seconds
[2024-07-31T12:13:59.710+0000] {processor.py:161} INFO - Started process (PID=682) to work on /home/airflow/.local/lib/python3.12/site-packages/airflow/example_dags/example_setup_teardown.py
[2024-07-31T12:13:59.711+0000] {processor.py:830} INFO - Processing file /home/airflow/.local/lib/python3.12/site-packages/airflow/example_dags/example_setup_teardown.py for tasks to queue
[2024-07-31T12:13:59.714+0000] {logging_mixin.py:188} INFO - [2024-07-31T12:13:59.713+0000] {dagbag.py:545} INFO - Filling up the DagBag from /home/airflow/.local/lib/python3.12/site-packages/airflow/example_dags/example_setup_teardown.py
[2024-07-31T12:13:59.724+0000] {processor.py:840} INFO - DAG(s) 'example_setup_teardown' retrieved from /home/airflow/.local/lib/python3.12/site-packages/airflow/example_dags/example_setup_teardown.py
[2024-07-31T12:13:59.749+0000] {logging_mixin.py:188} INFO - [2024-07-31T12:13:59.749+0000] {dag.py:3089} INFO - Sync 1 DAGs
[2024-07-31T12:13:59.785+0000] {logging_mixin.py:188} INFO - [2024-07-31T12:13:59.784+0000] {dag.py:3947} INFO - Setting next_dagrun for example_setup_teardown to 2024-07-30 00:00:00+00:00, run_after=2024-07-31 00:00:00+00:00
[2024-07-31T12:13:59.819+0000] {processor.py:183} INFO - Processing /home/airflow/.local/lib/python3.12/site-packages/airflow/example_dags/example_setup_teardown.py took 0.115 seconds
[2024-07-31T12:14:30.718+0000] {processor.py:161} INFO - Started process (PID=740) to work on /home/airflow/.local/lib/python3.12/site-packages/airflow/example_dags/example_setup_teardown.py
[2024-07-31T12:14:30.719+0000] {processor.py:830} INFO - Processing file /home/airflow/.local/lib/python3.12/site-packages/airflow/example_dags/example_setup_teardown.py for tasks to queue
[2024-07-31T12:14:30.722+0000] {logging_mixin.py:188} INFO - [2024-07-31T12:14:30.721+0000] {dagbag.py:545} INFO - Filling up the DagBag from /home/airflow/.local/lib/python3.12/site-packages/airflow/example_dags/example_setup_teardown.py
[2024-07-31T12:14:30.729+0000] {processor.py:840} INFO - DAG(s) 'example_setup_teardown' retrieved from /home/airflow/.local/lib/python3.12/site-packages/airflow/example_dags/example_setup_teardown.py
[2024-07-31T12:14:30.750+0000] {logging_mixin.py:188} INFO - [2024-07-31T12:14:30.750+0000] {dag.py:3089} INFO - Sync 1 DAGs
[2024-07-31T12:14:30.774+0000] {logging_mixin.py:188} INFO - [2024-07-31T12:14:30.774+0000] {dag.py:3947} INFO - Setting next_dagrun for example_setup_teardown to 2024-07-30 00:00:00+00:00, run_after=2024-07-31 00:00:00+00:00
[2024-07-31T12:14:30.797+0000] {processor.py:183} INFO - Processing /home/airflow/.local/lib/python3.12/site-packages/airflow/example_dags/example_setup_teardown.py took 0.087 seconds
[2024-07-31T12:15:01.002+0000] {processor.py:161} INFO - Started process (PID=798) to work on /home/airflow/.local/lib/python3.12/site-packages/airflow/example_dags/example_setup_teardown.py
[2024-07-31T12:15:01.002+0000] {processor.py:830} INFO - Processing file /home/airflow/.local/lib/python3.12/site-packages/airflow/example_dags/example_setup_teardown.py for tasks to queue
[2024-07-31T12:15:01.004+0000] {logging_mixin.py:188} INFO - [2024-07-31T12:15:01.004+0000] {dagbag.py:545} INFO - Filling up the DagBag from /home/airflow/.local/lib/python3.12/site-packages/airflow/example_dags/example_setup_teardown.py
[2024-07-31T12:15:01.011+0000] {processor.py:840} INFO - DAG(s) 'example_setup_teardown' retrieved from /home/airflow/.local/lib/python3.12/site-packages/airflow/example_dags/example_setup_teardown.py
[2024-07-31T12:15:01.030+0000] {logging_mixin.py:188} INFO - [2024-07-31T12:15:01.030+0000] {dag.py:3089} INFO - Sync 1 DAGs
[2024-07-31T12:15:01.053+0000] {logging_mixin.py:188} INFO - [2024-07-31T12:15:01.053+0000] {dag.py:3947} INFO - Setting next_dagrun for example_setup_teardown to 2024-07-30 00:00:00+00:00, run_after=2024-07-31 00:00:00+00:00
[2024-07-31T12:15:01.084+0000] {processor.py:183} INFO - Processing /home/airflow/.local/lib/python3.12/site-packages/airflow/example_dags/example_setup_teardown.py took 0.089 seconds
[2024-07-31T12:15:31.520+0000] {processor.py:161} INFO - Started process (PID=855) to work on /home/airflow/.local/lib/python3.12/site-packages/airflow/example_dags/example_setup_teardown.py
[2024-07-31T12:15:31.521+0000] {processor.py:830} INFO - Processing file /home/airflow/.local/lib/python3.12/site-packages/airflow/example_dags/example_setup_teardown.py for tasks to queue
[2024-07-31T12:15:31.523+0000] {logging_mixin.py:188} INFO - [2024-07-31T12:15:31.523+0000] {dagbag.py:545} INFO - Filling up the DagBag from /home/airflow/.local/lib/python3.12/site-packages/airflow/example_dags/example_setup_teardown.py
[2024-07-31T12:15:31.535+0000] {processor.py:840} INFO - DAG(s) 'example_setup_teardown' retrieved from /home/airflow/.local/lib/python3.12/site-packages/airflow/example_dags/example_setup_teardown.py
[2024-07-31T12:15:31.563+0000] {logging_mixin.py:188} INFO - [2024-07-31T12:15:31.563+0000] {dag.py:3089} INFO - Sync 1 DAGs
[2024-07-31T12:15:31.599+0000] {logging_mixin.py:188} INFO - [2024-07-31T12:15:31.598+0000] {dag.py:3947} INFO - Setting next_dagrun for example_setup_teardown to 2024-07-30 00:00:00+00:00, run_after=2024-07-31 00:00:00+00:00
[2024-07-31T12:15:31.638+0000] {processor.py:183} INFO - Processing /home/airflow/.local/lib/python3.12/site-packages/airflow/example_dags/example_setup_teardown.py took 0.128 seconds
[2024-07-31T12:16:01.705+0000] {processor.py:161} INFO - Started process (PID=912) to work on /home/airflow/.local/lib/python3.12/site-packages/airflow/example_dags/example_setup_teardown.py
[2024-07-31T12:16:01.707+0000] {processor.py:830} INFO - Processing file /home/airflow/.local/lib/python3.12/site-packages/airflow/example_dags/example_setup_teardown.py for tasks to queue
[2024-07-31T12:16:01.708+0000] {logging_mixin.py:188} INFO - [2024-07-31T12:16:01.708+0000] {dagbag.py:545} INFO - Filling up the DagBag from /home/airflow/.local/lib/python3.12/site-packages/airflow/example_dags/example_setup_teardown.py
[2024-07-31T12:16:01.715+0000] {processor.py:840} INFO - DAG(s) 'example_setup_teardown' retrieved from /home/airflow/.local/lib/python3.12/site-packages/airflow/example_dags/example_setup_teardown.py
[2024-07-31T12:16:01.736+0000] {logging_mixin.py:188} INFO - [2024-07-31T12:16:01.736+0000] {dag.py:3089} INFO - Sync 1 DAGs
[2024-07-31T12:16:01.761+0000] {logging_mixin.py:188} INFO - [2024-07-31T12:16:01.760+0000] {dag.py:3947} INFO - Setting next_dagrun for example_setup_teardown to 2024-07-30 00:00:00+00:00, run_after=2024-07-31 00:00:00+00:00
[2024-07-31T12:16:01.790+0000] {processor.py:183} INFO - Processing /home/airflow/.local/lib/python3.12/site-packages/airflow/example_dags/example_setup_teardown.py took 0.090 seconds
[2024-07-31T12:16:31.917+0000] {processor.py:161} INFO - Started process (PID=969) to work on /home/airflow/.local/lib/python3.12/site-packages/airflow/example_dags/example_setup_teardown.py
[2024-07-31T12:16:31.918+0000] {processor.py:830} INFO - Processing file /home/airflow/.local/lib/python3.12/site-packages/airflow/example_dags/example_setup_teardown.py for tasks to queue
[2024-07-31T12:16:31.920+0000] {logging_mixin.py:188} INFO - [2024-07-31T12:16:31.920+0000] {dagbag.py:545} INFO - Filling up the DagBag from /home/airflow/.local/lib/python3.12/site-packages/airflow/example_dags/example_setup_teardown.py
[2024-07-31T12:16:31.927+0000] {processor.py:840} INFO - DAG(s) 'example_setup_teardown' retrieved from /home/airflow/.local/lib/python3.12/site-packages/airflow/example_dags/example_setup_teardown.py
[2024-07-31T12:16:31.955+0000] {logging_mixin.py:188} INFO - [2024-07-31T12:16:31.955+0000] {dag.py:3089} INFO - Sync 1 DAGs
[2024-07-31T12:16:31.987+0000] {logging_mixin.py:188} INFO - [2024-07-31T12:16:31.987+0000] {dag.py:3947} INFO - Setting next_dagrun for example_setup_teardown to 2024-07-30 00:00:00+00:00, run_after=2024-07-31 00:00:00+00:00
[2024-07-31T12:16:32.014+0000] {processor.py:183} INFO - Processing /home/airflow/.local/lib/python3.12/site-packages/airflow/example_dags/example_setup_teardown.py took 0.104 seconds
[2024-07-31T12:17:03.107+0000] {processor.py:161} INFO - Started process (PID=1026) to work on /home/airflow/.local/lib/python3.12/site-packages/airflow/example_dags/example_setup_teardown.py
[2024-07-31T12:17:03.115+0000] {processor.py:830} INFO - Processing file /home/airflow/.local/lib/python3.12/site-packages/airflow/example_dags/example_setup_teardown.py for tasks to queue
[2024-07-31T12:17:03.117+0000] {logging_mixin.py:188} INFO - [2024-07-31T12:17:03.116+0000] {dagbag.py:545} INFO - Filling up the DagBag from /home/airflow/.local/lib/python3.12/site-packages/airflow/example_dags/example_setup_teardown.py
[2024-07-31T12:17:03.125+0000] {processor.py:840} INFO - DAG(s) 'example_setup_teardown' retrieved from /home/airflow/.local/lib/python3.12/site-packages/airflow/example_dags/example_setup_teardown.py
[2024-07-31T12:17:03.150+0000] {logging_mixin.py:188} INFO - [2024-07-31T12:17:03.150+0000] {dag.py:3089} INFO - Sync 1 DAGs
[2024-07-31T12:17:03.175+0000] {logging_mixin.py:188} INFO - [2024-07-31T12:17:03.174+0000] {dag.py:3947} INFO - Setting next_dagrun for example_setup_teardown to 2024-07-30 00:00:00+00:00, run_after=2024-07-31 00:00:00+00:00
[2024-07-31T12:17:03.197+0000] {processor.py:183} INFO - Processing /home/airflow/.local/lib/python3.12/site-packages/airflow/example_dags/example_setup_teardown.py took 0.097 seconds
[2024-07-31T12:17:34.051+0000] {processor.py:161} INFO - Started process (PID=1084) to work on /home/airflow/.local/lib/python3.12/site-packages/airflow/example_dags/example_setup_teardown.py
[2024-07-31T12:17:34.052+0000] {processor.py:830} INFO - Processing file /home/airflow/.local/lib/python3.12/site-packages/airflow/example_dags/example_setup_teardown.py for tasks to queue
[2024-07-31T12:17:34.054+0000] {logging_mixin.py:188} INFO - [2024-07-31T12:17:34.054+0000] {dagbag.py:545} INFO - Filling up the DagBag from /home/airflow/.local/lib/python3.12/site-packages/airflow/example_dags/example_setup_teardown.py
[2024-07-31T12:17:34.063+0000] {processor.py:840} INFO - DAG(s) 'example_setup_teardown' retrieved from /home/airflow/.local/lib/python3.12/site-packages/airflow/example_dags/example_setup_teardown.py
[2024-07-31T12:17:34.087+0000] {logging_mixin.py:188} INFO - [2024-07-31T12:17:34.087+0000] {dag.py:3089} INFO - Sync 1 DAGs
[2024-07-31T12:17:34.112+0000] {logging_mixin.py:188} INFO - [2024-07-31T12:17:34.112+0000] {dag.py:3947} INFO - Setting next_dagrun for example_setup_teardown to 2024-07-30 00:00:00+00:00, run_after=2024-07-31 00:00:00+00:00
[2024-07-31T12:17:34.132+0000] {processor.py:183} INFO - Processing /home/airflow/.local/lib/python3.12/site-packages/airflow/example_dags/example_setup_teardown.py took 0.091 seconds
[2024-07-31T12:18:04.632+0000] {processor.py:161} INFO - Started process (PID=1142) to work on /home/airflow/.local/lib/python3.12/site-packages/airflow/example_dags/example_setup_teardown.py
[2024-07-31T12:18:04.633+0000] {processor.py:830} INFO - Processing file /home/airflow/.local/lib/python3.12/site-packages/airflow/example_dags/example_setup_teardown.py for tasks to queue
[2024-07-31T12:18:04.635+0000] {logging_mixin.py:188} INFO - [2024-07-31T12:18:04.634+0000] {dagbag.py:545} INFO - Filling up the DagBag from /home/airflow/.local/lib/python3.12/site-packages/airflow/example_dags/example_setup_teardown.py
[2024-07-31T12:18:04.642+0000] {processor.py:840} INFO - DAG(s) 'example_setup_teardown' retrieved from /home/airflow/.local/lib/python3.12/site-packages/airflow/example_dags/example_setup_teardown.py
[2024-07-31T12:18:04.678+0000] {logging_mixin.py:188} INFO - [2024-07-31T12:18:04.678+0000] {dag.py:3089} INFO - Sync 1 DAGs
[2024-07-31T12:18:04.705+0000] {logging_mixin.py:188} INFO - [2024-07-31T12:18:04.705+0000] {dag.py:3947} INFO - Setting next_dagrun for example_setup_teardown to 2024-07-30 00:00:00+00:00, run_after=2024-07-31 00:00:00+00:00
[2024-07-31T12:18:04.731+0000] {processor.py:183} INFO - Processing /home/airflow/.local/lib/python3.12/site-packages/airflow/example_dags/example_setup_teardown.py took 0.105 seconds
[2024-07-31T12:18:35.223+0000] {processor.py:161} INFO - Started process (PID=1200) to work on /home/airflow/.local/lib/python3.12/site-packages/airflow/example_dags/example_setup_teardown.py
[2024-07-31T12:18:35.224+0000] {processor.py:830} INFO - Processing file /home/airflow/.local/lib/python3.12/site-packages/airflow/example_dags/example_setup_teardown.py for tasks to queue
[2024-07-31T12:18:35.225+0000] {logging_mixin.py:188} INFO - [2024-07-31T12:18:35.225+0000] {dagbag.py:545} INFO - Filling up the DagBag from /home/airflow/.local/lib/python3.12/site-packages/airflow/example_dags/example_setup_teardown.py
[2024-07-31T12:18:35.232+0000] {processor.py:840} INFO - DAG(s) 'example_setup_teardown' retrieved from /home/airflow/.local/lib/python3.12/site-packages/airflow/example_dags/example_setup_teardown.py
[2024-07-31T12:18:35.257+0000] {logging_mixin.py:188} INFO - [2024-07-31T12:18:35.257+0000] {dag.py:3089} INFO - Sync 1 DAGs
[2024-07-31T12:18:35.292+0000] {logging_mixin.py:188} INFO - [2024-07-31T12:18:35.291+0000] {dag.py:3947} INFO - Setting next_dagrun for example_setup_teardown to 2024-07-30 00:00:00+00:00, run_after=2024-07-31 00:00:00+00:00
[2024-07-31T12:18:35.323+0000] {processor.py:183} INFO - Processing /home/airflow/.local/lib/python3.12/site-packages/airflow/example_dags/example_setup_teardown.py took 0.107 seconds
[2024-07-31T12:19:06.446+0000] {processor.py:161} INFO - Started process (PID=1258) to work on /home/airflow/.local/lib/python3.12/site-packages/airflow/example_dags/example_setup_teardown.py
[2024-07-31T12:19:06.447+0000] {processor.py:830} INFO - Processing file /home/airflow/.local/lib/python3.12/site-packages/airflow/example_dags/example_setup_teardown.py for tasks to queue
[2024-07-31T12:19:06.449+0000] {logging_mixin.py:188} INFO - [2024-07-31T12:19:06.448+0000] {dagbag.py:545} INFO - Filling up the DagBag from /home/airflow/.local/lib/python3.12/site-packages/airflow/example_dags/example_setup_teardown.py
[2024-07-31T12:19:06.454+0000] {processor.py:840} INFO - DAG(s) 'example_setup_teardown' retrieved from /home/airflow/.local/lib/python3.12/site-packages/airflow/example_dags/example_setup_teardown.py
[2024-07-31T12:19:06.477+0000] {logging_mixin.py:188} INFO - [2024-07-31T12:19:06.476+0000] {dag.py:3089} INFO - Sync 1 DAGs
[2024-07-31T12:19:06.507+0000] {logging_mixin.py:188} INFO - [2024-07-31T12:19:06.506+0000] {dag.py:3947} INFO - Setting next_dagrun for example_setup_teardown to 2024-07-30 00:00:00+00:00, run_after=2024-07-31 00:00:00+00:00
[2024-07-31T12:19:06.529+0000] {processor.py:183} INFO - Processing /home/airflow/.local/lib/python3.12/site-packages/airflow/example_dags/example_setup_teardown.py took 0.088 seconds
[2024-07-31T12:19:36.918+0000] {processor.py:161} INFO - Started process (PID=1316) to work on /home/airflow/.local/lib/python3.12/site-packages/airflow/example_dags/example_setup_teardown.py
[2024-07-31T12:19:36.919+0000] {processor.py:830} INFO - Processing file /home/airflow/.local/lib/python3.12/site-packages/airflow/example_dags/example_setup_teardown.py for tasks to queue
[2024-07-31T12:19:36.921+0000] {logging_mixin.py:188} INFO - [2024-07-31T12:19:36.921+0000] {dagbag.py:545} INFO - Filling up the DagBag from /home/airflow/.local/lib/python3.12/site-packages/airflow/example_dags/example_setup_teardown.py
[2024-07-31T12:19:36.927+0000] {processor.py:840} INFO - DAG(s) 'example_setup_teardown' retrieved from /home/airflow/.local/lib/python3.12/site-packages/airflow/example_dags/example_setup_teardown.py
[2024-07-31T12:19:36.946+0000] {logging_mixin.py:188} INFO - [2024-07-31T12:19:36.946+0000] {dag.py:3089} INFO - Sync 1 DAGs
[2024-07-31T12:19:36.966+0000] {logging_mixin.py:188} INFO - [2024-07-31T12:19:36.966+0000] {dag.py:3947} INFO - Setting next_dagrun for example_setup_teardown to 2024-07-30 00:00:00+00:00, run_after=2024-07-31 00:00:00+00:00
[2024-07-31T12:19:36.991+0000] {processor.py:183} INFO - Processing /home/airflow/.local/lib/python3.12/site-packages/airflow/example_dags/example_setup_teardown.py took 0.079 seconds
[2024-07-31T12:20:08.163+0000] {processor.py:161} INFO - Started process (PID=1374) to work on /home/airflow/.local/lib/python3.12/site-packages/airflow/example_dags/example_setup_teardown.py
[2024-07-31T12:20:08.165+0000] {processor.py:830} INFO - Processing file /home/airflow/.local/lib/python3.12/site-packages/airflow/example_dags/example_setup_teardown.py for tasks to queue
[2024-07-31T12:20:08.168+0000] {logging_mixin.py:188} INFO - [2024-07-31T12:20:08.167+0000] {dagbag.py:545} INFO - Filling up the DagBag from /home/airflow/.local/lib/python3.12/site-packages/airflow/example_dags/example_setup_teardown.py
[2024-07-31T12:20:08.180+0000] {processor.py:840} INFO - DAG(s) 'example_setup_teardown' retrieved from /home/airflow/.local/lib/python3.12/site-packages/airflow/example_dags/example_setup_teardown.py
[2024-07-31T12:20:08.208+0000] {logging_mixin.py:188} INFO - [2024-07-31T12:20:08.208+0000] {dag.py:3089} INFO - Sync 1 DAGs
[2024-07-31T12:20:08.240+0000] {logging_mixin.py:188} INFO - [2024-07-31T12:20:08.239+0000] {dag.py:3947} INFO - Setting next_dagrun for example_setup_teardown to 2024-07-30 00:00:00+00:00, run_after=2024-07-31 00:00:00+00:00
[2024-07-31T12:20:08.274+0000] {processor.py:183} INFO - Processing /home/airflow/.local/lib/python3.12/site-packages/airflow/example_dags/example_setup_teardown.py took 0.118 seconds
[2024-07-31T12:20:38.371+0000] {processor.py:161} INFO - Started process (PID=1432) to work on /home/airflow/.local/lib/python3.12/site-packages/airflow/example_dags/example_setup_teardown.py
[2024-07-31T12:20:38.371+0000] {processor.py:830} INFO - Processing file /home/airflow/.local/lib/python3.12/site-packages/airflow/example_dags/example_setup_teardown.py for tasks to queue
[2024-07-31T12:20:38.373+0000] {logging_mixin.py:188} INFO - [2024-07-31T12:20:38.372+0000] {dagbag.py:545} INFO - Filling up the DagBag from /home/airflow/.local/lib/python3.12/site-packages/airflow/example_dags/example_setup_teardown.py
[2024-07-31T12:20:38.380+0000] {processor.py:840} INFO - DAG(s) 'example_setup_teardown' retrieved from /home/airflow/.local/lib/python3.12/site-packages/airflow/example_dags/example_setup_teardown.py
[2024-07-31T12:20:38.401+0000] {logging_mixin.py:188} INFO - [2024-07-31T12:20:38.400+0000] {dag.py:3089} INFO - Sync 1 DAGs
[2024-07-31T12:20:38.426+0000] {logging_mixin.py:188} INFO - [2024-07-31T12:20:38.426+0000] {dag.py:3947} INFO - Setting next_dagrun for example_setup_teardown to 2024-07-30 00:00:00+00:00, run_after=2024-07-31 00:00:00+00:00
[2024-07-31T12:20:38.455+0000] {processor.py:183} INFO - Processing /home/airflow/.local/lib/python3.12/site-packages/airflow/example_dags/example_setup_teardown.py took 0.090 seconds
[2024-07-31T12:21:08.724+0000] {processor.py:161} INFO - Started process (PID=1489) to work on /home/airflow/.local/lib/python3.12/site-packages/airflow/example_dags/example_setup_teardown.py
[2024-07-31T12:21:08.726+0000] {processor.py:830} INFO - Processing file /home/airflow/.local/lib/python3.12/site-packages/airflow/example_dags/example_setup_teardown.py for tasks to queue
[2024-07-31T12:21:08.728+0000] {logging_mixin.py:188} INFO - [2024-07-31T12:21:08.728+0000] {dagbag.py:545} INFO - Filling up the DagBag from /home/airflow/.local/lib/python3.12/site-packages/airflow/example_dags/example_setup_teardown.py
[2024-07-31T12:21:08.737+0000] {processor.py:840} INFO - DAG(s) 'example_setup_teardown' retrieved from /home/airflow/.local/lib/python3.12/site-packages/airflow/example_dags/example_setup_teardown.py
[2024-07-31T12:21:08.764+0000] {logging_mixin.py:188} INFO - [2024-07-31T12:21:08.764+0000] {dag.py:3089} INFO - Sync 1 DAGs
[2024-07-31T12:21:08.797+0000] {logging_mixin.py:188} INFO - [2024-07-31T12:21:08.797+0000] {dag.py:3947} INFO - Setting next_dagrun for example_setup_teardown to 2024-07-30 00:00:00+00:00, run_after=2024-07-31 00:00:00+00:00
[2024-07-31T12:21:08.832+0000] {processor.py:183} INFO - Processing /home/airflow/.local/lib/python3.12/site-packages/airflow/example_dags/example_setup_teardown.py took 0.115 seconds
[2024-07-31T12:21:38.918+0000] {processor.py:161} INFO - Started process (PID=1547) to work on /home/airflow/.local/lib/python3.12/site-packages/airflow/example_dags/example_setup_teardown.py
[2024-07-31T12:21:38.919+0000] {processor.py:830} INFO - Processing file /home/airflow/.local/lib/python3.12/site-packages/airflow/example_dags/example_setup_teardown.py for tasks to queue
[2024-07-31T12:21:38.920+0000] {logging_mixin.py:188} INFO - [2024-07-31T12:21:38.920+0000] {dagbag.py:545} INFO - Filling up the DagBag from /home/airflow/.local/lib/python3.12/site-packages/airflow/example_dags/example_setup_teardown.py
[2024-07-31T12:21:38.927+0000] {processor.py:840} INFO - DAG(s) 'example_setup_teardown' retrieved from /home/airflow/.local/lib/python3.12/site-packages/airflow/example_dags/example_setup_teardown.py
[2024-07-31T12:21:38.953+0000] {logging_mixin.py:188} INFO - [2024-07-31T12:21:38.952+0000] {dag.py:3089} INFO - Sync 1 DAGs
[2024-07-31T12:21:38.985+0000] {logging_mixin.py:188} INFO - [2024-07-31T12:21:38.984+0000] {dag.py:3947} INFO - Setting next_dagrun for example_setup_teardown to 2024-07-30 00:00:00+00:00, run_after=2024-07-31 00:00:00+00:00
[2024-07-31T12:21:39.014+0000] {processor.py:183} INFO - Processing /home/airflow/.local/lib/python3.12/site-packages/airflow/example_dags/example_setup_teardown.py took 0.101 seconds
[2024-07-31T12:22:09.502+0000] {processor.py:161} INFO - Started process (PID=1605) to work on /home/airflow/.local/lib/python3.12/site-packages/airflow/example_dags/example_setup_teardown.py
[2024-07-31T12:22:09.503+0000] {processor.py:830} INFO - Processing file /home/airflow/.local/lib/python3.12/site-packages/airflow/example_dags/example_setup_teardown.py for tasks to queue
[2024-07-31T12:22:09.505+0000] {logging_mixin.py:188} INFO - [2024-07-31T12:22:09.505+0000] {dagbag.py:545} INFO - Filling up the DagBag from /home/airflow/.local/lib/python3.12/site-packages/airflow/example_dags/example_setup_teardown.py
[2024-07-31T12:22:09.514+0000] {processor.py:840} INFO - DAG(s) 'example_setup_teardown' retrieved from /home/airflow/.local/lib/python3.12/site-packages/airflow/example_dags/example_setup_teardown.py
[2024-07-31T12:22:09.540+0000] {logging_mixin.py:188} INFO - [2024-07-31T12:22:09.540+0000] {dag.py:3089} INFO - Sync 1 DAGs
[2024-07-31T12:22:09.582+0000] {logging_mixin.py:188} INFO - [2024-07-31T12:22:09.581+0000] {dag.py:3947} INFO - Setting next_dagrun for example_setup_teardown to 2024-07-30 00:00:00+00:00, run_after=2024-07-31 00:00:00+00:00
[2024-07-31T12:22:09.619+0000] {processor.py:183} INFO - Processing /home/airflow/.local/lib/python3.12/site-packages/airflow/example_dags/example_setup_teardown.py took 0.126 seconds
[2024-07-31T12:22:40.147+0000] {processor.py:161} INFO - Started process (PID=1663) to work on /home/airflow/.local/lib/python3.12/site-packages/airflow/example_dags/example_setup_teardown.py
[2024-07-31T12:22:40.149+0000] {processor.py:830} INFO - Processing file /home/airflow/.local/lib/python3.12/site-packages/airflow/example_dags/example_setup_teardown.py for tasks to queue
[2024-07-31T12:22:40.151+0000] {logging_mixin.py:188} INFO - [2024-07-31T12:22:40.150+0000] {dagbag.py:545} INFO - Filling up the DagBag from /home/airflow/.local/lib/python3.12/site-packages/airflow/example_dags/example_setup_teardown.py
[2024-07-31T12:22:40.157+0000] {processor.py:840} INFO - DAG(s) 'example_setup_teardown' retrieved from /home/airflow/.local/lib/python3.12/site-packages/airflow/example_dags/example_setup_teardown.py
[2024-07-31T12:22:40.184+0000] {logging_mixin.py:188} INFO - [2024-07-31T12:22:40.183+0000] {dag.py:3089} INFO - Sync 1 DAGs
[2024-07-31T12:22:40.216+0000] {logging_mixin.py:188} INFO - [2024-07-31T12:22:40.215+0000] {dag.py:3947} INFO - Setting next_dagrun for example_setup_teardown to 2024-07-30 00:00:00+00:00, run_after=2024-07-31 00:00:00+00:00
[2024-07-31T12:22:40.240+0000] {processor.py:183} INFO - Processing /home/airflow/.local/lib/python3.12/site-packages/airflow/example_dags/example_setup_teardown.py took 0.102 seconds
[2024-07-31T12:23:10.726+0000] {processor.py:161} INFO - Started process (PID=1720) to work on /home/airflow/.local/lib/python3.12/site-packages/airflow/example_dags/example_setup_teardown.py
[2024-07-31T12:23:10.728+0000] {processor.py:830} INFO - Processing file /home/airflow/.local/lib/python3.12/site-packages/airflow/example_dags/example_setup_teardown.py for tasks to queue
[2024-07-31T12:23:10.730+0000] {logging_mixin.py:188} INFO - [2024-07-31T12:23:10.729+0000] {dagbag.py:545} INFO - Filling up the DagBag from /home/airflow/.local/lib/python3.12/site-packages/airflow/example_dags/example_setup_teardown.py
[2024-07-31T12:23:10.743+0000] {processor.py:840} INFO - DAG(s) 'example_setup_teardown' retrieved from /home/airflow/.local/lib/python3.12/site-packages/airflow/example_dags/example_setup_teardown.py
[2024-07-31T12:23:10.774+0000] {logging_mixin.py:188} INFO - [2024-07-31T12:23:10.773+0000] {dag.py:3089} INFO - Sync 1 DAGs
[2024-07-31T12:23:10.972+0000] {logging_mixin.py:188} INFO - [2024-07-31T12:23:10.971+0000] {dag.py:3947} INFO - Setting next_dagrun for example_setup_teardown to 2024-07-30 00:00:00+00:00, run_after=2024-07-31 00:00:00+00:00
[2024-07-31T12:23:10.997+0000] {processor.py:183} INFO - Processing /home/airflow/.local/lib/python3.12/site-packages/airflow/example_dags/example_setup_teardown.py took 0.279 seconds
[2024-07-31T12:23:41.758+0000] {processor.py:161} INFO - Started process (PID=1778) to work on /home/airflow/.local/lib/python3.12/site-packages/airflow/example_dags/example_setup_teardown.py
[2024-07-31T12:23:41.758+0000] {processor.py:830} INFO - Processing file /home/airflow/.local/lib/python3.12/site-packages/airflow/example_dags/example_setup_teardown.py for tasks to queue
[2024-07-31T12:23:41.760+0000] {logging_mixin.py:188} INFO - [2024-07-31T12:23:41.760+0000] {dagbag.py:545} INFO - Filling up the DagBag from /home/airflow/.local/lib/python3.12/site-packages/airflow/example_dags/example_setup_teardown.py
[2024-07-31T12:23:41.767+0000] {processor.py:840} INFO - DAG(s) 'example_setup_teardown' retrieved from /home/airflow/.local/lib/python3.12/site-packages/airflow/example_dags/example_setup_teardown.py
[2024-07-31T12:23:41.790+0000] {logging_mixin.py:188} INFO - [2024-07-31T12:23:41.790+0000] {dag.py:3089} INFO - Sync 1 DAGs
[2024-07-31T12:23:41.820+0000] {logging_mixin.py:188} INFO - [2024-07-31T12:23:41.820+0000] {dag.py:3947} INFO - Setting next_dagrun for example_setup_teardown to 2024-07-30 00:00:00+00:00, run_after=2024-07-31 00:00:00+00:00
[2024-07-31T12:23:42.017+0000] {processor.py:183} INFO - Processing /home/airflow/.local/lib/python3.12/site-packages/airflow/example_dags/example_setup_teardown.py took 0.266 seconds
[2024-07-31T12:24:12.300+0000] {processor.py:161} INFO - Started process (PID=1836) to work on /home/airflow/.local/lib/python3.12/site-packages/airflow/example_dags/example_setup_teardown.py
[2024-07-31T12:24:12.302+0000] {processor.py:830} INFO - Processing file /home/airflow/.local/lib/python3.12/site-packages/airflow/example_dags/example_setup_teardown.py for tasks to queue
[2024-07-31T12:24:12.306+0000] {logging_mixin.py:188} INFO - [2024-07-31T12:24:12.305+0000] {dagbag.py:545} INFO - Filling up the DagBag from /home/airflow/.local/lib/python3.12/site-packages/airflow/example_dags/example_setup_teardown.py
[2024-07-31T12:24:12.316+0000] {processor.py:840} INFO - DAG(s) 'example_setup_teardown' retrieved from /home/airflow/.local/lib/python3.12/site-packages/airflow/example_dags/example_setup_teardown.py
[2024-07-31T12:24:12.356+0000] {logging_mixin.py:188} INFO - [2024-07-31T12:24:12.355+0000] {dag.py:3089} INFO - Sync 1 DAGs
[2024-07-31T12:24:12.389+0000] {logging_mixin.py:188} INFO - [2024-07-31T12:24:12.389+0000] {dag.py:3947} INFO - Setting next_dagrun for example_setup_teardown to 2024-07-30 00:00:00+00:00, run_after=2024-07-31 00:00:00+00:00
[2024-07-31T12:24:12.643+0000] {processor.py:183} INFO - Processing /home/airflow/.local/lib/python3.12/site-packages/airflow/example_dags/example_setup_teardown.py took 0.355 seconds
[2024-07-31T12:24:43.328+0000] {processor.py:161} INFO - Started process (PID=1894) to work on /home/airflow/.local/lib/python3.12/site-packages/airflow/example_dags/example_setup_teardown.py
[2024-07-31T12:24:43.329+0000] {processor.py:830} INFO - Processing file /home/airflow/.local/lib/python3.12/site-packages/airflow/example_dags/example_setup_teardown.py for tasks to queue
[2024-07-31T12:24:43.331+0000] {logging_mixin.py:188} INFO - [2024-07-31T12:24:43.330+0000] {dagbag.py:545} INFO - Filling up the DagBag from /home/airflow/.local/lib/python3.12/site-packages/airflow/example_dags/example_setup_teardown.py
[2024-07-31T12:24:43.339+0000] {processor.py:840} INFO - DAG(s) 'example_setup_teardown' retrieved from /home/airflow/.local/lib/python3.12/site-packages/airflow/example_dags/example_setup_teardown.py
[2024-07-31T12:24:43.367+0000] {logging_mixin.py:188} INFO - [2024-07-31T12:24:43.367+0000] {dag.py:3089} INFO - Sync 1 DAGs
[2024-07-31T12:24:43.397+0000] {logging_mixin.py:188} INFO - [2024-07-31T12:24:43.397+0000] {dag.py:3947} INFO - Setting next_dagrun for example_setup_teardown to 2024-07-30 00:00:00+00:00, run_after=2024-07-31 00:00:00+00:00
[2024-07-31T12:24:43.430+0000] {processor.py:183} INFO - Processing /home/airflow/.local/lib/python3.12/site-packages/airflow/example_dags/example_setup_teardown.py took 0.108 seconds
[2024-07-31T12:25:14.053+0000] {processor.py:161} INFO - Started process (PID=1952) to work on /home/airflow/.local/lib/python3.12/site-packages/airflow/example_dags/example_setup_teardown.py
[2024-07-31T12:25:14.053+0000] {processor.py:830} INFO - Processing file /home/airflow/.local/lib/python3.12/site-packages/airflow/example_dags/example_setup_teardown.py for tasks to queue
[2024-07-31T12:25:14.055+0000] {logging_mixin.py:188} INFO - [2024-07-31T12:25:14.055+0000] {dagbag.py:545} INFO - Filling up the DagBag from /home/airflow/.local/lib/python3.12/site-packages/airflow/example_dags/example_setup_teardown.py
[2024-07-31T12:25:14.060+0000] {processor.py:840} INFO - DAG(s) 'example_setup_teardown' retrieved from /home/airflow/.local/lib/python3.12/site-packages/airflow/example_dags/example_setup_teardown.py
[2024-07-31T12:25:14.079+0000] {logging_mixin.py:188} INFO - [2024-07-31T12:25:14.078+0000] {dag.py:3089} INFO - Sync 1 DAGs
[2024-07-31T12:25:14.101+0000] {logging_mixin.py:188} INFO - [2024-07-31T12:25:14.101+0000] {dag.py:3947} INFO - Setting next_dagrun for example_setup_teardown to 2024-07-30 00:00:00+00:00, run_after=2024-07-31 00:00:00+00:00
[2024-07-31T12:25:14.133+0000] {processor.py:183} INFO - Processing /home/airflow/.local/lib/python3.12/site-packages/airflow/example_dags/example_setup_teardown.py took 0.086 seconds
[2024-07-31T12:25:44.779+0000] {processor.py:161} INFO - Started process (PID=2010) to work on /home/airflow/.local/lib/python3.12/site-packages/airflow/example_dags/example_setup_teardown.py
[2024-07-31T12:25:44.780+0000] {processor.py:830} INFO - Processing file /home/airflow/.local/lib/python3.12/site-packages/airflow/example_dags/example_setup_teardown.py for tasks to queue
[2024-07-31T12:25:44.782+0000] {logging_mixin.py:188} INFO - [2024-07-31T12:25:44.782+0000] {dagbag.py:545} INFO - Filling up the DagBag from /home/airflow/.local/lib/python3.12/site-packages/airflow/example_dags/example_setup_teardown.py
[2024-07-31T12:25:44.791+0000] {processor.py:840} INFO - DAG(s) 'example_setup_teardown' retrieved from /home/airflow/.local/lib/python3.12/site-packages/airflow/example_dags/example_setup_teardown.py
[2024-07-31T12:25:44.818+0000] {logging_mixin.py:188} INFO - [2024-07-31T12:25:44.818+0000] {dag.py:3089} INFO - Sync 1 DAGs
[2024-07-31T12:25:44.845+0000] {logging_mixin.py:188} INFO - [2024-07-31T12:25:44.845+0000] {dag.py:3947} INFO - Setting next_dagrun for example_setup_teardown to 2024-07-30 00:00:00+00:00, run_after=2024-07-31 00:00:00+00:00
[2024-07-31T12:25:44.880+0000] {processor.py:183} INFO - Processing /home/airflow/.local/lib/python3.12/site-packages/airflow/example_dags/example_setup_teardown.py took 0.110 seconds
[2024-07-31T12:26:15.412+0000] {processor.py:161} INFO - Started process (PID=2068) to work on /home/airflow/.local/lib/python3.12/site-packages/airflow/example_dags/example_setup_teardown.py
[2024-07-31T12:26:15.413+0000] {processor.py:830} INFO - Processing file /home/airflow/.local/lib/python3.12/site-packages/airflow/example_dags/example_setup_teardown.py for tasks to queue
[2024-07-31T12:26:15.415+0000] {logging_mixin.py:188} INFO - [2024-07-31T12:26:15.415+0000] {dagbag.py:545} INFO - Filling up the DagBag from /home/airflow/.local/lib/python3.12/site-packages/airflow/example_dags/example_setup_teardown.py
[2024-07-31T12:26:15.428+0000] {processor.py:840} INFO - DAG(s) 'example_setup_teardown' retrieved from /home/airflow/.local/lib/python3.12/site-packages/airflow/example_dags/example_setup_teardown.py
[2024-07-31T12:26:15.477+0000] {logging_mixin.py:188} INFO - [2024-07-31T12:26:15.476+0000] {dag.py:3089} INFO - Sync 1 DAGs
[2024-07-31T12:26:15.521+0000] {logging_mixin.py:188} INFO - [2024-07-31T12:26:15.521+0000] {dag.py:3947} INFO - Setting next_dagrun for example_setup_teardown to 2024-07-30 00:00:00+00:00, run_after=2024-07-31 00:00:00+00:00
[2024-07-31T12:26:15.567+0000] {processor.py:183} INFO - Processing /home/airflow/.local/lib/python3.12/site-packages/airflow/example_dags/example_setup_teardown.py took 0.165 seconds
[2024-07-31T12:26:46.159+0000] {processor.py:161} INFO - Started process (PID=2125) to work on /home/airflow/.local/lib/python3.12/site-packages/airflow/example_dags/example_setup_teardown.py
[2024-07-31T12:26:46.159+0000] {processor.py:830} INFO - Processing file /home/airflow/.local/lib/python3.12/site-packages/airflow/example_dags/example_setup_teardown.py for tasks to queue
[2024-07-31T12:26:46.161+0000] {logging_mixin.py:188} INFO - [2024-07-31T12:26:46.161+0000] {dagbag.py:545} INFO - Filling up the DagBag from /home/airflow/.local/lib/python3.12/site-packages/airflow/example_dags/example_setup_teardown.py
[2024-07-31T12:26:46.168+0000] {processor.py:840} INFO - DAG(s) 'example_setup_teardown' retrieved from /home/airflow/.local/lib/python3.12/site-packages/airflow/example_dags/example_setup_teardown.py
[2024-07-31T12:26:46.199+0000] {logging_mixin.py:188} INFO - [2024-07-31T12:26:46.198+0000] {dag.py:3089} INFO - Sync 1 DAGs
[2024-07-31T12:26:46.228+0000] {logging_mixin.py:188} INFO - [2024-07-31T12:26:46.228+0000] {dag.py:3947} INFO - Setting next_dagrun for example_setup_teardown to 2024-07-30 00:00:00+00:00, run_after=2024-07-31 00:00:00+00:00
[2024-07-31T12:26:46.258+0000] {processor.py:183} INFO - Processing /home/airflow/.local/lib/python3.12/site-packages/airflow/example_dags/example_setup_teardown.py took 0.105 seconds
[2024-07-31T12:27:16.381+0000] {processor.py:161} INFO - Started process (PID=2183) to work on /home/airflow/.local/lib/python3.12/site-packages/airflow/example_dags/example_setup_teardown.py
[2024-07-31T12:27:16.382+0000] {processor.py:830} INFO - Processing file /home/airflow/.local/lib/python3.12/site-packages/airflow/example_dags/example_setup_teardown.py for tasks to queue
[2024-07-31T12:27:16.384+0000] {logging_mixin.py:188} INFO - [2024-07-31T12:27:16.384+0000] {dagbag.py:545} INFO - Filling up the DagBag from /home/airflow/.local/lib/python3.12/site-packages/airflow/example_dags/example_setup_teardown.py
[2024-07-31T12:27:16.395+0000] {processor.py:840} INFO - DAG(s) 'example_setup_teardown' retrieved from /home/airflow/.local/lib/python3.12/site-packages/airflow/example_dags/example_setup_teardown.py
[2024-07-31T12:27:16.424+0000] {logging_mixin.py:188} INFO - [2024-07-31T12:27:16.424+0000] {dag.py:3089} INFO - Sync 1 DAGs
[2024-07-31T12:27:16.460+0000] {logging_mixin.py:188} INFO - [2024-07-31T12:27:16.459+0000] {dag.py:3947} INFO - Setting next_dagrun for example_setup_teardown to 2024-07-30 00:00:00+00:00, run_after=2024-07-31 00:00:00+00:00
[2024-07-31T12:27:16.494+0000] {processor.py:183} INFO - Processing /home/airflow/.local/lib/python3.12/site-packages/airflow/example_dags/example_setup_teardown.py took 0.123 seconds
[2024-07-31T12:27:47.144+0000] {processor.py:161} INFO - Started process (PID=2241) to work on /home/airflow/.local/lib/python3.12/site-packages/airflow/example_dags/example_setup_teardown.py
[2024-07-31T12:27:47.146+0000] {processor.py:830} INFO - Processing file /home/airflow/.local/lib/python3.12/site-packages/airflow/example_dags/example_setup_teardown.py for tasks to queue
[2024-07-31T12:27:47.148+0000] {logging_mixin.py:188} INFO - [2024-07-31T12:27:47.147+0000] {dagbag.py:545} INFO - Filling up the DagBag from /home/airflow/.local/lib/python3.12/site-packages/airflow/example_dags/example_setup_teardown.py
[2024-07-31T12:27:47.154+0000] {processor.py:840} INFO - DAG(s) 'example_setup_teardown' retrieved from /home/airflow/.local/lib/python3.12/site-packages/airflow/example_dags/example_setup_teardown.py
[2024-07-31T12:27:47.184+0000] {logging_mixin.py:188} INFO - [2024-07-31T12:27:47.184+0000] {dag.py:3089} INFO - Sync 1 DAGs
[2024-07-31T12:27:47.218+0000] {logging_mixin.py:188} INFO - [2024-07-31T12:27:47.218+0000] {dag.py:3947} INFO - Setting next_dagrun for example_setup_teardown to 2024-07-30 00:00:00+00:00, run_after=2024-07-31 00:00:00+00:00
[2024-07-31T12:27:47.247+0000] {processor.py:183} INFO - Processing /home/airflow/.local/lib/python3.12/site-packages/airflow/example_dags/example_setup_teardown.py took 0.115 seconds
[2024-07-31T12:28:18.092+0000] {processor.py:161} INFO - Started process (PID=2299) to work on /home/airflow/.local/lib/python3.12/site-packages/airflow/example_dags/example_setup_teardown.py
[2024-07-31T12:28:18.093+0000] {processor.py:830} INFO - Processing file /home/airflow/.local/lib/python3.12/site-packages/airflow/example_dags/example_setup_teardown.py for tasks to queue
[2024-07-31T12:28:18.094+0000] {logging_mixin.py:188} INFO - [2024-07-31T12:28:18.094+0000] {dagbag.py:545} INFO - Filling up the DagBag from /home/airflow/.local/lib/python3.12/site-packages/airflow/example_dags/example_setup_teardown.py
[2024-07-31T12:28:18.102+0000] {processor.py:840} INFO - DAG(s) 'example_setup_teardown' retrieved from /home/airflow/.local/lib/python3.12/site-packages/airflow/example_dags/example_setup_teardown.py
[2024-07-31T12:28:18.133+0000] {logging_mixin.py:188} INFO - [2024-07-31T12:28:18.132+0000] {dag.py:3089} INFO - Sync 1 DAGs
[2024-07-31T12:28:18.169+0000] {logging_mixin.py:188} INFO - [2024-07-31T12:28:18.169+0000] {dag.py:3947} INFO - Setting next_dagrun for example_setup_teardown to 2024-07-30 00:00:00+00:00, run_after=2024-07-31 00:00:00+00:00
[2024-07-31T12:28:18.219+0000] {processor.py:183} INFO - Processing /home/airflow/.local/lib/python3.12/site-packages/airflow/example_dags/example_setup_teardown.py took 0.135 seconds
[2024-07-31T12:28:48.512+0000] {processor.py:161} INFO - Started process (PID=2357) to work on /home/airflow/.local/lib/python3.12/site-packages/airflow/example_dags/example_setup_teardown.py
[2024-07-31T12:28:48.513+0000] {processor.py:830} INFO - Processing file /home/airflow/.local/lib/python3.12/site-packages/airflow/example_dags/example_setup_teardown.py for tasks to queue
[2024-07-31T12:28:48.515+0000] {logging_mixin.py:188} INFO - [2024-07-31T12:28:48.514+0000] {dagbag.py:545} INFO - Filling up the DagBag from /home/airflow/.local/lib/python3.12/site-packages/airflow/example_dags/example_setup_teardown.py
[2024-07-31T12:28:48.524+0000] {processor.py:840} INFO - DAG(s) 'example_setup_teardown' retrieved from /home/airflow/.local/lib/python3.12/site-packages/airflow/example_dags/example_setup_teardown.py
[2024-07-31T12:28:48.563+0000] {logging_mixin.py:188} INFO - [2024-07-31T12:28:48.563+0000] {dag.py:3089} INFO - Sync 1 DAGs
[2024-07-31T12:28:48.595+0000] {logging_mixin.py:188} INFO - [2024-07-31T12:28:48.595+0000] {dag.py:3947} INFO - Setting next_dagrun for example_setup_teardown to 2024-07-30 00:00:00+00:00, run_after=2024-07-31 00:00:00+00:00
[2024-07-31T12:28:48.622+0000] {processor.py:183} INFO - Processing /home/airflow/.local/lib/python3.12/site-packages/airflow/example_dags/example_setup_teardown.py took 0.118 seconds
[2024-07-31T12:29:19.087+0000] {processor.py:161} INFO - Started process (PID=2415) to work on /home/airflow/.local/lib/python3.12/site-packages/airflow/example_dags/example_setup_teardown.py
[2024-07-31T12:29:19.088+0000] {processor.py:830} INFO - Processing file /home/airflow/.local/lib/python3.12/site-packages/airflow/example_dags/example_setup_teardown.py for tasks to queue
[2024-07-31T12:29:19.091+0000] {logging_mixin.py:188} INFO - [2024-07-31T12:29:19.091+0000] {dagbag.py:545} INFO - Filling up the DagBag from /home/airflow/.local/lib/python3.12/site-packages/airflow/example_dags/example_setup_teardown.py
[2024-07-31T12:29:19.098+0000] {processor.py:840} INFO - DAG(s) 'example_setup_teardown' retrieved from /home/airflow/.local/lib/python3.12/site-packages/airflow/example_dags/example_setup_teardown.py
[2024-07-31T12:29:19.125+0000] {logging_mixin.py:188} INFO - [2024-07-31T12:29:19.125+0000] {dag.py:3089} INFO - Sync 1 DAGs
[2024-07-31T12:29:19.148+0000] {logging_mixin.py:188} INFO - [2024-07-31T12:29:19.148+0000] {dag.py:3947} INFO - Setting next_dagrun for example_setup_teardown to 2024-07-30 00:00:00+00:00, run_after=2024-07-31 00:00:00+00:00
[2024-07-31T12:29:19.174+0000] {processor.py:183} INFO - Processing /home/airflow/.local/lib/python3.12/site-packages/airflow/example_dags/example_setup_teardown.py took 0.093 seconds
[2024-07-31T12:29:49.687+0000] {processor.py:161} INFO - Started process (PID=2472) to work on /home/airflow/.local/lib/python3.12/site-packages/airflow/example_dags/example_setup_teardown.py
[2024-07-31T12:29:49.687+0000] {processor.py:830} INFO - Processing file /home/airflow/.local/lib/python3.12/site-packages/airflow/example_dags/example_setup_teardown.py for tasks to queue
[2024-07-31T12:29:49.689+0000] {logging_mixin.py:188} INFO - [2024-07-31T12:29:49.689+0000] {dagbag.py:545} INFO - Filling up the DagBag from /home/airflow/.local/lib/python3.12/site-packages/airflow/example_dags/example_setup_teardown.py
[2024-07-31T12:29:49.698+0000] {processor.py:840} INFO - DAG(s) 'example_setup_teardown' retrieved from /home/airflow/.local/lib/python3.12/site-packages/airflow/example_dags/example_setup_teardown.py
[2024-07-31T12:29:49.728+0000] {logging_mixin.py:188} INFO - [2024-07-31T12:29:49.727+0000] {dag.py:3089} INFO - Sync 1 DAGs
[2024-07-31T12:29:49.760+0000] {logging_mixin.py:188} INFO - [2024-07-31T12:29:49.759+0000] {dag.py:3947} INFO - Setting next_dagrun for example_setup_teardown to 2024-07-30 00:00:00+00:00, run_after=2024-07-31 00:00:00+00:00
[2024-07-31T12:29:49.797+0000] {processor.py:183} INFO - Processing /home/airflow/.local/lib/python3.12/site-packages/airflow/example_dags/example_setup_teardown.py took 0.118 seconds
[2024-07-31T12:30:20.407+0000] {processor.py:161} INFO - Started process (PID=2530) to work on /home/airflow/.local/lib/python3.12/site-packages/airflow/example_dags/example_setup_teardown.py
[2024-07-31T12:30:20.408+0000] {processor.py:830} INFO - Processing file /home/airflow/.local/lib/python3.12/site-packages/airflow/example_dags/example_setup_teardown.py for tasks to queue
[2024-07-31T12:30:20.410+0000] {logging_mixin.py:188} INFO - [2024-07-31T12:30:20.410+0000] {dagbag.py:545} INFO - Filling up the DagBag from /home/airflow/.local/lib/python3.12/site-packages/airflow/example_dags/example_setup_teardown.py
[2024-07-31T12:30:20.418+0000] {processor.py:840} INFO - DAG(s) 'example_setup_teardown' retrieved from /home/airflow/.local/lib/python3.12/site-packages/airflow/example_dags/example_setup_teardown.py
[2024-07-31T12:30:20.442+0000] {logging_mixin.py:188} INFO - [2024-07-31T12:30:20.442+0000] {dag.py:3089} INFO - Sync 1 DAGs
[2024-07-31T12:30:20.514+0000] {logging_mixin.py:188} INFO - [2024-07-31T12:30:20.514+0000] {dag.py:3947} INFO - Setting next_dagrun for example_setup_teardown to 2024-07-30 00:00:00+00:00, run_after=2024-07-31 00:00:00+00:00
[2024-07-31T12:30:20.577+0000] {processor.py:183} INFO - Processing /home/airflow/.local/lib/python3.12/site-packages/airflow/example_dags/example_setup_teardown.py took 0.177 seconds
[2024-07-31T12:30:51.041+0000] {processor.py:161} INFO - Started process (PID=2588) to work on /home/airflow/.local/lib/python3.12/site-packages/airflow/example_dags/example_setup_teardown.py
[2024-07-31T12:30:51.043+0000] {processor.py:830} INFO - Processing file /home/airflow/.local/lib/python3.12/site-packages/airflow/example_dags/example_setup_teardown.py for tasks to queue
[2024-07-31T12:30:51.046+0000] {logging_mixin.py:188} INFO - [2024-07-31T12:30:51.045+0000] {dagbag.py:545} INFO - Filling up the DagBag from /home/airflow/.local/lib/python3.12/site-packages/airflow/example_dags/example_setup_teardown.py
[2024-07-31T12:30:51.054+0000] {processor.py:840} INFO - DAG(s) 'example_setup_teardown' retrieved from /home/airflow/.local/lib/python3.12/site-packages/airflow/example_dags/example_setup_teardown.py
[2024-07-31T12:30:51.083+0000] {logging_mixin.py:188} INFO - [2024-07-31T12:30:51.083+0000] {dag.py:3089} INFO - Sync 1 DAGs
[2024-07-31T12:30:51.116+0000] {logging_mixin.py:188} INFO - [2024-07-31T12:30:51.116+0000] {dag.py:3947} INFO - Setting next_dagrun for example_setup_teardown to 2024-07-30 00:00:00+00:00, run_after=2024-07-31 00:00:00+00:00
[2024-07-31T12:30:51.146+0000] {processor.py:183} INFO - Processing /home/airflow/.local/lib/python3.12/site-packages/airflow/example_dags/example_setup_teardown.py took 0.113 seconds
[2024-07-31T12:31:21.580+0000] {processor.py:161} INFO - Started process (PID=2645) to work on /home/airflow/.local/lib/python3.12/site-packages/airflow/example_dags/example_setup_teardown.py
[2024-07-31T12:31:21.580+0000] {processor.py:830} INFO - Processing file /home/airflow/.local/lib/python3.12/site-packages/airflow/example_dags/example_setup_teardown.py for tasks to queue
[2024-07-31T12:31:21.582+0000] {logging_mixin.py:188} INFO - [2024-07-31T12:31:21.582+0000] {dagbag.py:545} INFO - Filling up the DagBag from /home/airflow/.local/lib/python3.12/site-packages/airflow/example_dags/example_setup_teardown.py
[2024-07-31T12:31:21.591+0000] {processor.py:840} INFO - DAG(s) 'example_setup_teardown' retrieved from /home/airflow/.local/lib/python3.12/site-packages/airflow/example_dags/example_setup_teardown.py
[2024-07-31T12:31:21.618+0000] {logging_mixin.py:188} INFO - [2024-07-31T12:31:21.617+0000] {dag.py:3089} INFO - Sync 1 DAGs
[2024-07-31T12:31:21.645+0000] {logging_mixin.py:188} INFO - [2024-07-31T12:31:21.645+0000] {dag.py:3947} INFO - Setting next_dagrun for example_setup_teardown to 2024-07-30 00:00:00+00:00, run_after=2024-07-31 00:00:00+00:00
[2024-07-31T12:31:21.677+0000] {processor.py:183} INFO - Processing /home/airflow/.local/lib/python3.12/site-packages/airflow/example_dags/example_setup_teardown.py took 0.105 seconds
[2024-07-31T12:31:52.037+0000] {processor.py:161} INFO - Started process (PID=2703) to work on /home/airflow/.local/lib/python3.12/site-packages/airflow/example_dags/example_setup_teardown.py
[2024-07-31T12:31:52.037+0000] {processor.py:830} INFO - Processing file /home/airflow/.local/lib/python3.12/site-packages/airflow/example_dags/example_setup_teardown.py for tasks to queue
[2024-07-31T12:31:52.039+0000] {logging_mixin.py:188} INFO - [2024-07-31T12:31:52.038+0000] {dagbag.py:545} INFO - Filling up the DagBag from /home/airflow/.local/lib/python3.12/site-packages/airflow/example_dags/example_setup_teardown.py
[2024-07-31T12:31:52.045+0000] {processor.py:840} INFO - DAG(s) 'example_setup_teardown' retrieved from /home/airflow/.local/lib/python3.12/site-packages/airflow/example_dags/example_setup_teardown.py
[2024-07-31T12:31:52.069+0000] {logging_mixin.py:188} INFO - [2024-07-31T12:31:52.069+0000] {dag.py:3089} INFO - Sync 1 DAGs
[2024-07-31T12:31:52.100+0000] {logging_mixin.py:188} INFO - [2024-07-31T12:31:52.100+0000] {dag.py:3947} INFO - Setting next_dagrun for example_setup_teardown to 2024-07-30 00:00:00+00:00, run_after=2024-07-31 00:00:00+00:00
[2024-07-31T12:31:52.126+0000] {processor.py:183} INFO - Processing /home/airflow/.local/lib/python3.12/site-packages/airflow/example_dags/example_setup_teardown.py took 0.095 seconds
[2024-07-31T12:32:22.211+0000] {processor.py:161} INFO - Started process (PID=2760) to work on /home/airflow/.local/lib/python3.12/site-packages/airflow/example_dags/example_setup_teardown.py
[2024-07-31T12:32:22.212+0000] {processor.py:830} INFO - Processing file /home/airflow/.local/lib/python3.12/site-packages/airflow/example_dags/example_setup_teardown.py for tasks to queue
[2024-07-31T12:32:22.213+0000] {logging_mixin.py:188} INFO - [2024-07-31T12:32:22.213+0000] {dagbag.py:545} INFO - Filling up the DagBag from /home/airflow/.local/lib/python3.12/site-packages/airflow/example_dags/example_setup_teardown.py
[2024-07-31T12:32:22.220+0000] {processor.py:840} INFO - DAG(s) 'example_setup_teardown' retrieved from /home/airflow/.local/lib/python3.12/site-packages/airflow/example_dags/example_setup_teardown.py
[2024-07-31T12:32:22.239+0000] {logging_mixin.py:188} INFO - [2024-07-31T12:32:22.239+0000] {dag.py:3089} INFO - Sync 1 DAGs
[2024-07-31T12:32:22.263+0000] {logging_mixin.py:188} INFO - [2024-07-31T12:32:22.263+0000] {dag.py:3947} INFO - Setting next_dagrun for example_setup_teardown to 2024-07-30 00:00:00+00:00, run_after=2024-07-31 00:00:00+00:00
[2024-07-31T12:32:22.291+0000] {processor.py:183} INFO - Processing /home/airflow/.local/lib/python3.12/site-packages/airflow/example_dags/example_setup_teardown.py took 0.085 seconds
[2024-07-31T12:32:52.652+0000] {processor.py:161} INFO - Started process (PID=2819) to work on /home/airflow/.local/lib/python3.12/site-packages/airflow/example_dags/example_setup_teardown.py
[2024-07-31T12:32:52.652+0000] {processor.py:830} INFO - Processing file /home/airflow/.local/lib/python3.12/site-packages/airflow/example_dags/example_setup_teardown.py for tasks to queue
[2024-07-31T12:32:52.655+0000] {logging_mixin.py:188} INFO - [2024-07-31T12:32:52.654+0000] {dagbag.py:545} INFO - Filling up the DagBag from /home/airflow/.local/lib/python3.12/site-packages/airflow/example_dags/example_setup_teardown.py
[2024-07-31T12:32:52.663+0000] {processor.py:840} INFO - DAG(s) 'example_setup_teardown' retrieved from /home/airflow/.local/lib/python3.12/site-packages/airflow/example_dags/example_setup_teardown.py
[2024-07-31T12:32:52.695+0000] {logging_mixin.py:188} INFO - [2024-07-31T12:32:52.695+0000] {dag.py:3089} INFO - Sync 1 DAGs
[2024-07-31T12:32:52.743+0000] {logging_mixin.py:188} INFO - [2024-07-31T12:32:52.742+0000] {dag.py:3947} INFO - Setting next_dagrun for example_setup_teardown to 2024-07-30 00:00:00+00:00, run_after=2024-07-31 00:00:00+00:00
[2024-07-31T12:32:52.791+0000] {processor.py:183} INFO - Processing /home/airflow/.local/lib/python3.12/site-packages/airflow/example_dags/example_setup_teardown.py took 0.147 seconds
[2024-07-31T12:33:23.544+0000] {processor.py:161} INFO - Started process (PID=2877) to work on /home/airflow/.local/lib/python3.12/site-packages/airflow/example_dags/example_setup_teardown.py
[2024-07-31T12:33:23.545+0000] {processor.py:830} INFO - Processing file /home/airflow/.local/lib/python3.12/site-packages/airflow/example_dags/example_setup_teardown.py for tasks to queue
[2024-07-31T12:33:23.549+0000] {logging_mixin.py:188} INFO - [2024-07-31T12:33:23.548+0000] {dagbag.py:545} INFO - Filling up the DagBag from /home/airflow/.local/lib/python3.12/site-packages/airflow/example_dags/example_setup_teardown.py
[2024-07-31T12:33:23.565+0000] {processor.py:840} INFO - DAG(s) 'example_setup_teardown' retrieved from /home/airflow/.local/lib/python3.12/site-packages/airflow/example_dags/example_setup_teardown.py
[2024-07-31T12:33:23.606+0000] {logging_mixin.py:188} INFO - [2024-07-31T12:33:23.605+0000] {dag.py:3089} INFO - Sync 1 DAGs
[2024-07-31T12:33:23.635+0000] {logging_mixin.py:188} INFO - [2024-07-31T12:33:23.635+0000] {dag.py:3947} INFO - Setting next_dagrun for example_setup_teardown to 2024-07-30 00:00:00+00:00, run_after=2024-07-31 00:00:00+00:00
[2024-07-31T12:33:23.669+0000] {processor.py:183} INFO - Processing /home/airflow/.local/lib/python3.12/site-packages/airflow/example_dags/example_setup_teardown.py took 0.134 seconds
[2024-07-31T12:33:54.025+0000] {processor.py:161} INFO - Started process (PID=2935) to work on /home/airflow/.local/lib/python3.12/site-packages/airflow/example_dags/example_setup_teardown.py
[2024-07-31T12:33:54.026+0000] {processor.py:830} INFO - Processing file /home/airflow/.local/lib/python3.12/site-packages/airflow/example_dags/example_setup_teardown.py for tasks to queue
[2024-07-31T12:33:54.029+0000] {logging_mixin.py:188} INFO - [2024-07-31T12:33:54.028+0000] {dagbag.py:545} INFO - Filling up the DagBag from /home/airflow/.local/lib/python3.12/site-packages/airflow/example_dags/example_setup_teardown.py
[2024-07-31T12:33:54.035+0000] {processor.py:840} INFO - DAG(s) 'example_setup_teardown' retrieved from /home/airflow/.local/lib/python3.12/site-packages/airflow/example_dags/example_setup_teardown.py
[2024-07-31T12:33:54.057+0000] {logging_mixin.py:188} INFO - [2024-07-31T12:33:54.057+0000] {dag.py:3089} INFO - Sync 1 DAGs
[2024-07-31T12:33:54.090+0000] {logging_mixin.py:188} INFO - [2024-07-31T12:33:54.089+0000] {dag.py:3947} INFO - Setting next_dagrun for example_setup_teardown to 2024-07-30 00:00:00+00:00, run_after=2024-07-31 00:00:00+00:00
[2024-07-31T12:33:54.130+0000] {processor.py:183} INFO - Processing /home/airflow/.local/lib/python3.12/site-packages/airflow/example_dags/example_setup_teardown.py took 0.112 seconds
[2024-07-31T12:34:24.474+0000] {processor.py:161} INFO - Started process (PID=2993) to work on /home/airflow/.local/lib/python3.12/site-packages/airflow/example_dags/example_setup_teardown.py
[2024-07-31T12:34:24.474+0000] {processor.py:830} INFO - Processing file /home/airflow/.local/lib/python3.12/site-packages/airflow/example_dags/example_setup_teardown.py for tasks to queue
[2024-07-31T12:34:24.476+0000] {logging_mixin.py:188} INFO - [2024-07-31T12:34:24.476+0000] {dagbag.py:545} INFO - Filling up the DagBag from /home/airflow/.local/lib/python3.12/site-packages/airflow/example_dags/example_setup_teardown.py
[2024-07-31T12:34:24.484+0000] {processor.py:840} INFO - DAG(s) 'example_setup_teardown' retrieved from /home/airflow/.local/lib/python3.12/site-packages/airflow/example_dags/example_setup_teardown.py
[2024-07-31T12:34:24.518+0000] {logging_mixin.py:188} INFO - [2024-07-31T12:34:24.517+0000] {dag.py:3089} INFO - Sync 1 DAGs
[2024-07-31T12:34:24.550+0000] {logging_mixin.py:188} INFO - [2024-07-31T12:34:24.549+0000] {dag.py:3947} INFO - Setting next_dagrun for example_setup_teardown to 2024-07-30 00:00:00+00:00, run_after=2024-07-31 00:00:00+00:00
[2024-07-31T12:34:24.586+0000] {processor.py:183} INFO - Processing /home/airflow/.local/lib/python3.12/site-packages/airflow/example_dags/example_setup_teardown.py took 0.118 seconds
[2024-07-31T12:34:54.699+0000] {processor.py:161} INFO - Started process (PID=3049) to work on /home/airflow/.local/lib/python3.12/site-packages/airflow/example_dags/example_setup_teardown.py
[2024-07-31T12:34:54.702+0000] {processor.py:830} INFO - Processing file /home/airflow/.local/lib/python3.12/site-packages/airflow/example_dags/example_setup_teardown.py for tasks to queue
[2024-07-31T12:34:54.705+0000] {logging_mixin.py:188} INFO - [2024-07-31T12:34:54.705+0000] {dagbag.py:545} INFO - Filling up the DagBag from /home/airflow/.local/lib/python3.12/site-packages/airflow/example_dags/example_setup_teardown.py
[2024-07-31T12:34:54.717+0000] {processor.py:840} INFO - DAG(s) 'example_setup_teardown' retrieved from /home/airflow/.local/lib/python3.12/site-packages/airflow/example_dags/example_setup_teardown.py
[2024-07-31T12:34:54.740+0000] {logging_mixin.py:188} INFO - [2024-07-31T12:34:54.739+0000] {dag.py:3089} INFO - Sync 1 DAGs
[2024-07-31T12:34:54.768+0000] {logging_mixin.py:188} INFO - [2024-07-31T12:34:54.768+0000] {dag.py:3947} INFO - Setting next_dagrun for example_setup_teardown to 2024-07-30 00:00:00+00:00, run_after=2024-07-31 00:00:00+00:00
[2024-07-31T12:34:54.799+0000] {processor.py:183} INFO - Processing /home/airflow/.local/lib/python3.12/site-packages/airflow/example_dags/example_setup_teardown.py took 0.107 seconds
[2024-07-31T12:35:24.923+0000] {processor.py:161} INFO - Started process (PID=3106) to work on /home/airflow/.local/lib/python3.12/site-packages/airflow/example_dags/example_setup_teardown.py
[2024-07-31T12:35:24.924+0000] {processor.py:830} INFO - Processing file /home/airflow/.local/lib/python3.12/site-packages/airflow/example_dags/example_setup_teardown.py for tasks to queue
[2024-07-31T12:35:24.926+0000] {logging_mixin.py:188} INFO - [2024-07-31T12:35:24.926+0000] {dagbag.py:545} INFO - Filling up the DagBag from /home/airflow/.local/lib/python3.12/site-packages/airflow/example_dags/example_setup_teardown.py
[2024-07-31T12:35:24.935+0000] {processor.py:840} INFO - DAG(s) 'example_setup_teardown' retrieved from /home/airflow/.local/lib/python3.12/site-packages/airflow/example_dags/example_setup_teardown.py
[2024-07-31T12:35:24.965+0000] {logging_mixin.py:188} INFO - [2024-07-31T12:35:24.965+0000] {dag.py:3089} INFO - Sync 1 DAGs
[2024-07-31T12:35:25.000+0000] {logging_mixin.py:188} INFO - [2024-07-31T12:35:24.999+0000] {dag.py:3947} INFO - Setting next_dagrun for example_setup_teardown to 2024-07-30 00:00:00+00:00, run_after=2024-07-31 00:00:00+00:00
[2024-07-31T12:35:25.035+0000] {processor.py:183} INFO - Processing /home/airflow/.local/lib/python3.12/site-packages/airflow/example_dags/example_setup_teardown.py took 0.121 seconds
[2024-07-31T12:35:55.169+0000] {processor.py:161} INFO - Started process (PID=3163) to work on /home/airflow/.local/lib/python3.12/site-packages/airflow/example_dags/example_setup_teardown.py
[2024-07-31T12:35:55.170+0000] {processor.py:830} INFO - Processing file /home/airflow/.local/lib/python3.12/site-packages/airflow/example_dags/example_setup_teardown.py for tasks to queue
[2024-07-31T12:35:55.173+0000] {logging_mixin.py:188} INFO - [2024-07-31T12:35:55.172+0000] {dagbag.py:545} INFO - Filling up the DagBag from /home/airflow/.local/lib/python3.12/site-packages/airflow/example_dags/example_setup_teardown.py
[2024-07-31T12:35:55.185+0000] {processor.py:840} INFO - DAG(s) 'example_setup_teardown' retrieved from /home/airflow/.local/lib/python3.12/site-packages/airflow/example_dags/example_setup_teardown.py
[2024-07-31T12:35:55.215+0000] {logging_mixin.py:188} INFO - [2024-07-31T12:35:55.215+0000] {dag.py:3089} INFO - Sync 1 DAGs
[2024-07-31T12:35:55.249+0000] {logging_mixin.py:188} INFO - [2024-07-31T12:35:55.249+0000] {dag.py:3947} INFO - Setting next_dagrun for example_setup_teardown to 2024-07-30 00:00:00+00:00, run_after=2024-07-31 00:00:00+00:00
[2024-07-31T12:35:55.281+0000] {processor.py:183} INFO - Processing /home/airflow/.local/lib/python3.12/site-packages/airflow/example_dags/example_setup_teardown.py took 0.133 seconds
[2024-07-31T12:36:25.523+0000] {processor.py:161} INFO - Started process (PID=3220) to work on /home/airflow/.local/lib/python3.12/site-packages/airflow/example_dags/example_setup_teardown.py
[2024-07-31T12:36:25.524+0000] {processor.py:830} INFO - Processing file /home/airflow/.local/lib/python3.12/site-packages/airflow/example_dags/example_setup_teardown.py for tasks to queue
[2024-07-31T12:36:25.527+0000] {logging_mixin.py:188} INFO - [2024-07-31T12:36:25.526+0000] {dagbag.py:545} INFO - Filling up the DagBag from /home/airflow/.local/lib/python3.12/site-packages/airflow/example_dags/example_setup_teardown.py
[2024-07-31T12:36:25.538+0000] {processor.py:840} INFO - DAG(s) 'example_setup_teardown' retrieved from /home/airflow/.local/lib/python3.12/site-packages/airflow/example_dags/example_setup_teardown.py
[2024-07-31T12:36:25.570+0000] {logging_mixin.py:188} INFO - [2024-07-31T12:36:25.570+0000] {dag.py:3089} INFO - Sync 1 DAGs
[2024-07-31T12:36:25.610+0000] {logging_mixin.py:188} INFO - [2024-07-31T12:36:25.610+0000] {dag.py:3947} INFO - Setting next_dagrun for example_setup_teardown to 2024-07-30 00:00:00+00:00, run_after=2024-07-31 00:00:00+00:00
[2024-07-31T12:36:25.649+0000] {processor.py:183} INFO - Processing /home/airflow/.local/lib/python3.12/site-packages/airflow/example_dags/example_setup_teardown.py took 0.133 seconds
[2024-07-31T12:36:56.032+0000] {processor.py:161} INFO - Started process (PID=3278) to work on /home/airflow/.local/lib/python3.12/site-packages/airflow/example_dags/example_setup_teardown.py
[2024-07-31T12:36:56.033+0000] {processor.py:830} INFO - Processing file /home/airflow/.local/lib/python3.12/site-packages/airflow/example_dags/example_setup_teardown.py for tasks to queue
[2024-07-31T12:36:56.035+0000] {logging_mixin.py:188} INFO - [2024-07-31T12:36:56.034+0000] {dagbag.py:545} INFO - Filling up the DagBag from /home/airflow/.local/lib/python3.12/site-packages/airflow/example_dags/example_setup_teardown.py
[2024-07-31T12:36:56.042+0000] {processor.py:840} INFO - DAG(s) 'example_setup_teardown' retrieved from /home/airflow/.local/lib/python3.12/site-packages/airflow/example_dags/example_setup_teardown.py
[2024-07-31T12:36:56.068+0000] {logging_mixin.py:188} INFO - [2024-07-31T12:36:56.067+0000] {dag.py:3089} INFO - Sync 1 DAGs
[2024-07-31T12:36:56.106+0000] {logging_mixin.py:188} INFO - [2024-07-31T12:36:56.105+0000] {dag.py:3947} INFO - Setting next_dagrun for example_setup_teardown to 2024-07-30 00:00:00+00:00, run_after=2024-07-31 00:00:00+00:00
[2024-07-31T12:36:56.140+0000] {processor.py:183} INFO - Processing /home/airflow/.local/lib/python3.12/site-packages/airflow/example_dags/example_setup_teardown.py took 0.115 seconds
[2024-07-31T12:37:26.552+0000] {processor.py:161} INFO - Started process (PID=3336) to work on /home/airflow/.local/lib/python3.12/site-packages/airflow/example_dags/example_setup_teardown.py
[2024-07-31T12:37:26.553+0000] {processor.py:830} INFO - Processing file /home/airflow/.local/lib/python3.12/site-packages/airflow/example_dags/example_setup_teardown.py for tasks to queue
[2024-07-31T12:37:26.555+0000] {logging_mixin.py:188} INFO - [2024-07-31T12:37:26.554+0000] {dagbag.py:545} INFO - Filling up the DagBag from /home/airflow/.local/lib/python3.12/site-packages/airflow/example_dags/example_setup_teardown.py
[2024-07-31T12:37:26.563+0000] {processor.py:840} INFO - DAG(s) 'example_setup_teardown' retrieved from /home/airflow/.local/lib/python3.12/site-packages/airflow/example_dags/example_setup_teardown.py
[2024-07-31T12:37:26.592+0000] {logging_mixin.py:188} INFO - [2024-07-31T12:37:26.591+0000] {dag.py:3089} INFO - Sync 1 DAGs
[2024-07-31T12:37:26.627+0000] {logging_mixin.py:188} INFO - [2024-07-31T12:37:26.627+0000] {dag.py:3947} INFO - Setting next_dagrun for example_setup_teardown to 2024-07-30 00:00:00+00:00, run_after=2024-07-31 00:00:00+00:00
[2024-07-31T12:37:26.662+0000] {processor.py:183} INFO - Processing /home/airflow/.local/lib/python3.12/site-packages/airflow/example_dags/example_setup_teardown.py took 0.116 seconds
[2024-07-31T12:37:57.100+0000] {processor.py:161} INFO - Started process (PID=3393) to work on /home/airflow/.local/lib/python3.12/site-packages/airflow/example_dags/example_setup_teardown.py
[2024-07-31T12:37:57.101+0000] {processor.py:830} INFO - Processing file /home/airflow/.local/lib/python3.12/site-packages/airflow/example_dags/example_setup_teardown.py for tasks to queue
[2024-07-31T12:37:57.104+0000] {logging_mixin.py:188} INFO - [2024-07-31T12:37:57.103+0000] {dagbag.py:545} INFO - Filling up the DagBag from /home/airflow/.local/lib/python3.12/site-packages/airflow/example_dags/example_setup_teardown.py
[2024-07-31T12:37:57.110+0000] {processor.py:840} INFO - DAG(s) 'example_setup_teardown' retrieved from /home/airflow/.local/lib/python3.12/site-packages/airflow/example_dags/example_setup_teardown.py
[2024-07-31T12:37:57.131+0000] {logging_mixin.py:188} INFO - [2024-07-31T12:37:57.131+0000] {dag.py:3089} INFO - Sync 1 DAGs
[2024-07-31T12:37:57.155+0000] {logging_mixin.py:188} INFO - [2024-07-31T12:37:57.155+0000] {dag.py:3947} INFO - Setting next_dagrun for example_setup_teardown to 2024-07-30 00:00:00+00:00, run_after=2024-07-31 00:00:00+00:00
[2024-07-31T12:37:57.190+0000] {processor.py:183} INFO - Processing /home/airflow/.local/lib/python3.12/site-packages/airflow/example_dags/example_setup_teardown.py took 0.096 seconds
[2024-07-31T12:38:27.483+0000] {processor.py:161} INFO - Started process (PID=3451) to work on /home/airflow/.local/lib/python3.12/site-packages/airflow/example_dags/example_setup_teardown.py
[2024-07-31T12:38:27.484+0000] {processor.py:830} INFO - Processing file /home/airflow/.local/lib/python3.12/site-packages/airflow/example_dags/example_setup_teardown.py for tasks to queue
[2024-07-31T12:38:27.487+0000] {logging_mixin.py:188} INFO - [2024-07-31T12:38:27.486+0000] {dagbag.py:545} INFO - Filling up the DagBag from /home/airflow/.local/lib/python3.12/site-packages/airflow/example_dags/example_setup_teardown.py
[2024-07-31T12:38:27.496+0000] {processor.py:840} INFO - DAG(s) 'example_setup_teardown' retrieved from /home/airflow/.local/lib/python3.12/site-packages/airflow/example_dags/example_setup_teardown.py
[2024-07-31T12:38:27.521+0000] {logging_mixin.py:188} INFO - [2024-07-31T12:38:27.520+0000] {dag.py:3089} INFO - Sync 1 DAGs
[2024-07-31T12:38:27.557+0000] {logging_mixin.py:188} INFO - [2024-07-31T12:38:27.557+0000] {dag.py:3947} INFO - Setting next_dagrun for example_setup_teardown to 2024-07-30 00:00:00+00:00, run_after=2024-07-31 00:00:00+00:00
[2024-07-31T12:38:27.593+0000] {processor.py:183} INFO - Processing /home/airflow/.local/lib/python3.12/site-packages/airflow/example_dags/example_setup_teardown.py took 0.121 seconds
