[2024-07-31T12:08:49.430+0000] {processor.py:161} INFO - Started process (PID=71) to work on /home/airflow/.local/lib/python3.12/site-packages/airflow/example_dags/example_skip_dag.py
[2024-07-31T12:08:49.431+0000] {processor.py:830} INFO - Processing file /home/airflow/.local/lib/python3.12/site-packages/airflow/example_dags/example_skip_dag.py for tasks to queue
[2024-07-31T12:08:49.433+0000] {logging_mixin.py:188} INFO - [2024-07-31T12:08:49.433+0000] {dagbag.py:545} INFO - Filling up the DagBag from /home/airflow/.local/lib/python3.12/site-packages/airflow/example_dags/example_skip_dag.py
[2024-07-31T12:08:49.443+0000] {processor.py:840} INFO - DAG(s) 'example_skip_dag' retrieved from /home/airflow/.local/lib/python3.12/site-packages/airflow/example_dags/example_skip_dag.py
[2024-07-31T12:08:49.583+0000] {logging_mixin.py:188} INFO - [2024-07-31T12:08:49.583+0000] {override.py:1858} INFO - Created Permission View: can delete on DAG:example_skip_dag
[2024-07-31T12:08:49.594+0000] {logging_mixin.py:188} INFO - [2024-07-31T12:08:49.594+0000] {override.py:1858} INFO - Created Permission View: can read on DAG:example_skip_dag
[2024-07-31T12:08:49.602+0000] {logging_mixin.py:188} INFO - [2024-07-31T12:08:49.602+0000] {override.py:1858} INFO - Created Permission View: can edit on DAG:example_skip_dag
[2024-07-31T12:08:49.603+0000] {logging_mixin.py:188} INFO - [2024-07-31T12:08:49.602+0000] {dag.py:3089} INFO - Sync 1 DAGs
[2024-07-31T12:08:49.621+0000] {logging_mixin.py:188} INFO - [2024-07-31T12:08:49.620+0000] {dag.py:3111} INFO - Creating ORM DAG for example_skip_dag
[2024-07-31T12:08:49.634+0000] {logging_mixin.py:188} INFO - [2024-07-31T12:08:49.633+0000] {dag.py:3947} INFO - Setting next_dagrun for example_skip_dag to 2024-07-30 00:00:00+00:00, run_after=2024-07-31 00:00:00+00:00
[2024-07-31T12:08:49.654+0000] {processor.py:183} INFO - Processing /home/airflow/.local/lib/python3.12/site-packages/airflow/example_dags/example_skip_dag.py took 0.230 seconds
[2024-07-31T12:09:20.263+0000] {processor.py:161} INFO - Started process (PID=129) to work on /home/airflow/.local/lib/python3.12/site-packages/airflow/example_dags/example_skip_dag.py
[2024-07-31T12:09:20.264+0000] {processor.py:830} INFO - Processing file /home/airflow/.local/lib/python3.12/site-packages/airflow/example_dags/example_skip_dag.py for tasks to queue
[2024-07-31T12:09:20.267+0000] {logging_mixin.py:188} INFO - [2024-07-31T12:09:20.266+0000] {dagbag.py:545} INFO - Filling up the DagBag from /home/airflow/.local/lib/python3.12/site-packages/airflow/example_dags/example_skip_dag.py
[2024-07-31T12:09:20.273+0000] {processor.py:840} INFO - DAG(s) 'example_skip_dag' retrieved from /home/airflow/.local/lib/python3.12/site-packages/airflow/example_dags/example_skip_dag.py
[2024-07-31T12:09:20.301+0000] {logging_mixin.py:188} INFO - [2024-07-31T12:09:20.301+0000] {dag.py:3089} INFO - Sync 1 DAGs
[2024-07-31T12:09:20.337+0000] {logging_mixin.py:188} INFO - [2024-07-31T12:09:20.337+0000] {dag.py:3947} INFO - Setting next_dagrun for example_skip_dag to 2024-07-30 00:00:00+00:00, run_after=2024-07-31 00:00:00+00:00
[2024-07-31T12:09:20.368+0000] {processor.py:183} INFO - Processing /home/airflow/.local/lib/python3.12/site-packages/airflow/example_dags/example_skip_dag.py took 0.111 seconds
[2024-07-31T12:09:51.258+0000] {processor.py:161} INFO - Started process (PID=187) to work on /home/airflow/.local/lib/python3.12/site-packages/airflow/example_dags/example_skip_dag.py
[2024-07-31T12:09:51.258+0000] {processor.py:830} INFO - Processing file /home/airflow/.local/lib/python3.12/site-packages/airflow/example_dags/example_skip_dag.py for tasks to queue
[2024-07-31T12:09:51.260+0000] {logging_mixin.py:188} INFO - [2024-07-31T12:09:51.259+0000] {dagbag.py:545} INFO - Filling up the DagBag from /home/airflow/.local/lib/python3.12/site-packages/airflow/example_dags/example_skip_dag.py
[2024-07-31T12:09:51.265+0000] {processor.py:840} INFO - DAG(s) 'example_skip_dag' retrieved from /home/airflow/.local/lib/python3.12/site-packages/airflow/example_dags/example_skip_dag.py
[2024-07-31T12:09:51.285+0000] {logging_mixin.py:188} INFO - [2024-07-31T12:09:51.285+0000] {dag.py:3089} INFO - Sync 1 DAGs
[2024-07-31T12:09:51.307+0000] {logging_mixin.py:188} INFO - [2024-07-31T12:09:51.306+0000] {dag.py:3947} INFO - Setting next_dagrun for example_skip_dag to 2024-07-30 00:00:00+00:00, run_after=2024-07-31 00:00:00+00:00
[2024-07-31T12:09:51.327+0000] {processor.py:183} INFO - Processing /home/airflow/.local/lib/python3.12/site-packages/airflow/example_dags/example_skip_dag.py took 0.074 seconds
[2024-07-31T12:10:21.677+0000] {processor.py:161} INFO - Started process (PID=245) to work on /home/airflow/.local/lib/python3.12/site-packages/airflow/example_dags/example_skip_dag.py
[2024-07-31T12:10:21.678+0000] {processor.py:830} INFO - Processing file /home/airflow/.local/lib/python3.12/site-packages/airflow/example_dags/example_skip_dag.py for tasks to queue
[2024-07-31T12:10:21.679+0000] {logging_mixin.py:188} INFO - [2024-07-31T12:10:21.679+0000] {dagbag.py:545} INFO - Filling up the DagBag from /home/airflow/.local/lib/python3.12/site-packages/airflow/example_dags/example_skip_dag.py
[2024-07-31T12:10:21.685+0000] {processor.py:840} INFO - DAG(s) 'example_skip_dag' retrieved from /home/airflow/.local/lib/python3.12/site-packages/airflow/example_dags/example_skip_dag.py
[2024-07-31T12:10:21.712+0000] {logging_mixin.py:188} INFO - [2024-07-31T12:10:21.712+0000] {dag.py:3089} INFO - Sync 1 DAGs
[2024-07-31T12:10:21.737+0000] {logging_mixin.py:188} INFO - [2024-07-31T12:10:21.737+0000] {dag.py:3947} INFO - Setting next_dagrun for example_skip_dag to 2024-07-30 00:00:00+00:00, run_after=2024-07-31 00:00:00+00:00
[2024-07-31T12:10:21.761+0000] {processor.py:183} INFO - Processing /home/airflow/.local/lib/python3.12/site-packages/airflow/example_dags/example_skip_dag.py took 0.090 seconds
[2024-07-31T12:10:51.964+0000] {processor.py:161} INFO - Started process (PID=303) to work on /home/airflow/.local/lib/python3.12/site-packages/airflow/example_dags/example_skip_dag.py
[2024-07-31T12:10:51.964+0000] {processor.py:830} INFO - Processing file /home/airflow/.local/lib/python3.12/site-packages/airflow/example_dags/example_skip_dag.py for tasks to queue
[2024-07-31T12:10:51.966+0000] {logging_mixin.py:188} INFO - [2024-07-31T12:10:51.965+0000] {dagbag.py:545} INFO - Filling up the DagBag from /home/airflow/.local/lib/python3.12/site-packages/airflow/example_dags/example_skip_dag.py
[2024-07-31T12:10:51.972+0000] {processor.py:840} INFO - DAG(s) 'example_skip_dag' retrieved from /home/airflow/.local/lib/python3.12/site-packages/airflow/example_dags/example_skip_dag.py
[2024-07-31T12:10:51.992+0000] {logging_mixin.py:188} INFO - [2024-07-31T12:10:51.992+0000] {dag.py:3089} INFO - Sync 1 DAGs
[2024-07-31T12:10:52.014+0000] {logging_mixin.py:188} INFO - [2024-07-31T12:10:52.013+0000] {dag.py:3947} INFO - Setting next_dagrun for example_skip_dag to 2024-07-30 00:00:00+00:00, run_after=2024-07-31 00:00:00+00:00
[2024-07-31T12:10:52.033+0000] {processor.py:183} INFO - Processing /home/airflow/.local/lib/python3.12/site-packages/airflow/example_dags/example_skip_dag.py took 0.074 seconds
[2024-07-31T12:11:22.432+0000] {processor.py:161} INFO - Started process (PID=360) to work on /home/airflow/.local/lib/python3.12/site-packages/airflow/example_dags/example_skip_dag.py
[2024-07-31T12:11:22.432+0000] {processor.py:830} INFO - Processing file /home/airflow/.local/lib/python3.12/site-packages/airflow/example_dags/example_skip_dag.py for tasks to queue
[2024-07-31T12:11:22.434+0000] {logging_mixin.py:188} INFO - [2024-07-31T12:11:22.433+0000] {dagbag.py:545} INFO - Filling up the DagBag from /home/airflow/.local/lib/python3.12/site-packages/airflow/example_dags/example_skip_dag.py
[2024-07-31T12:11:22.440+0000] {processor.py:840} INFO - DAG(s) 'example_skip_dag' retrieved from /home/airflow/.local/lib/python3.12/site-packages/airflow/example_dags/example_skip_dag.py
[2024-07-31T12:11:22.462+0000] {logging_mixin.py:188} INFO - [2024-07-31T12:11:22.462+0000] {dag.py:3089} INFO - Sync 1 DAGs
[2024-07-31T12:11:22.485+0000] {logging_mixin.py:188} INFO - [2024-07-31T12:11:22.484+0000] {dag.py:3947} INFO - Setting next_dagrun for example_skip_dag to 2024-07-30 00:00:00+00:00, run_after=2024-07-31 00:00:00+00:00
[2024-07-31T12:11:22.506+0000] {processor.py:183} INFO - Processing /home/airflow/.local/lib/python3.12/site-packages/airflow/example_dags/example_skip_dag.py took 0.079 seconds
[2024-07-31T12:11:52.697+0000] {processor.py:161} INFO - Started process (PID=418) to work on /home/airflow/.local/lib/python3.12/site-packages/airflow/example_dags/example_skip_dag.py
[2024-07-31T12:11:52.698+0000] {processor.py:830} INFO - Processing file /home/airflow/.local/lib/python3.12/site-packages/airflow/example_dags/example_skip_dag.py for tasks to queue
[2024-07-31T12:11:52.699+0000] {logging_mixin.py:188} INFO - [2024-07-31T12:11:52.699+0000] {dagbag.py:545} INFO - Filling up the DagBag from /home/airflow/.local/lib/python3.12/site-packages/airflow/example_dags/example_skip_dag.py
[2024-07-31T12:11:52.704+0000] {processor.py:840} INFO - DAG(s) 'example_skip_dag' retrieved from /home/airflow/.local/lib/python3.12/site-packages/airflow/example_dags/example_skip_dag.py
[2024-07-31T12:11:52.727+0000] {logging_mixin.py:188} INFO - [2024-07-31T12:11:52.726+0000] {dag.py:3089} INFO - Sync 1 DAGs
[2024-07-31T12:11:52.757+0000] {logging_mixin.py:188} INFO - [2024-07-31T12:11:52.756+0000] {dag.py:3947} INFO - Setting next_dagrun for example_skip_dag to 2024-07-30 00:00:00+00:00, run_after=2024-07-31 00:00:00+00:00
[2024-07-31T12:11:52.782+0000] {processor.py:183} INFO - Processing /home/airflow/.local/lib/python3.12/site-packages/airflow/example_dags/example_skip_dag.py took 0.090 seconds
[2024-07-31T12:12:23.312+0000] {processor.py:161} INFO - Started process (PID=476) to work on /home/airflow/.local/lib/python3.12/site-packages/airflow/example_dags/example_skip_dag.py
[2024-07-31T12:12:23.313+0000] {processor.py:830} INFO - Processing file /home/airflow/.local/lib/python3.12/site-packages/airflow/example_dags/example_skip_dag.py for tasks to queue
[2024-07-31T12:12:23.314+0000] {logging_mixin.py:188} INFO - [2024-07-31T12:12:23.314+0000] {dagbag.py:545} INFO - Filling up the DagBag from /home/airflow/.local/lib/python3.12/site-packages/airflow/example_dags/example_skip_dag.py
[2024-07-31T12:12:23.320+0000] {processor.py:840} INFO - DAG(s) 'example_skip_dag' retrieved from /home/airflow/.local/lib/python3.12/site-packages/airflow/example_dags/example_skip_dag.py
[2024-07-31T12:12:23.340+0000] {logging_mixin.py:188} INFO - [2024-07-31T12:12:23.340+0000] {dag.py:3089} INFO - Sync 1 DAGs
[2024-07-31T12:12:23.359+0000] {logging_mixin.py:188} INFO - [2024-07-31T12:12:23.359+0000] {dag.py:3947} INFO - Setting next_dagrun for example_skip_dag to 2024-07-30 00:00:00+00:00, run_after=2024-07-31 00:00:00+00:00
[2024-07-31T12:12:23.379+0000] {processor.py:183} INFO - Processing /home/airflow/.local/lib/python3.12/site-packages/airflow/example_dags/example_skip_dag.py took 0.072 seconds
[2024-07-31T12:12:53.913+0000] {processor.py:161} INFO - Started process (PID=533) to work on /home/airflow/.local/lib/python3.12/site-packages/airflow/example_dags/example_skip_dag.py
[2024-07-31T12:12:53.914+0000] {processor.py:830} INFO - Processing file /home/airflow/.local/lib/python3.12/site-packages/airflow/example_dags/example_skip_dag.py for tasks to queue
[2024-07-31T12:12:53.916+0000] {logging_mixin.py:188} INFO - [2024-07-31T12:12:53.916+0000] {dagbag.py:545} INFO - Filling up the DagBag from /home/airflow/.local/lib/python3.12/site-packages/airflow/example_dags/example_skip_dag.py
[2024-07-31T12:12:53.924+0000] {processor.py:840} INFO - DAG(s) 'example_skip_dag' retrieved from /home/airflow/.local/lib/python3.12/site-packages/airflow/example_dags/example_skip_dag.py
[2024-07-31T12:12:53.947+0000] {logging_mixin.py:188} INFO - [2024-07-31T12:12:53.946+0000] {dag.py:3089} INFO - Sync 1 DAGs
[2024-07-31T12:12:53.970+0000] {logging_mixin.py:188} INFO - [2024-07-31T12:12:53.970+0000] {dag.py:3947} INFO - Setting next_dagrun for example_skip_dag to 2024-07-30 00:00:00+00:00, run_after=2024-07-31 00:00:00+00:00
[2024-07-31T12:12:53.992+0000] {processor.py:183} INFO - Processing /home/airflow/.local/lib/python3.12/site-packages/airflow/example_dags/example_skip_dag.py took 0.086 seconds
[2024-07-31T12:13:24.139+0000] {processor.py:161} INFO - Started process (PID=591) to work on /home/airflow/.local/lib/python3.12/site-packages/airflow/example_dags/example_skip_dag.py
[2024-07-31T12:13:24.141+0000] {processor.py:830} INFO - Processing file /home/airflow/.local/lib/python3.12/site-packages/airflow/example_dags/example_skip_dag.py for tasks to queue
[2024-07-31T12:13:24.143+0000] {logging_mixin.py:188} INFO - [2024-07-31T12:13:24.143+0000] {dagbag.py:545} INFO - Filling up the DagBag from /home/airflow/.local/lib/python3.12/site-packages/airflow/example_dags/example_skip_dag.py
[2024-07-31T12:13:24.151+0000] {processor.py:840} INFO - DAG(s) 'example_skip_dag' retrieved from /home/airflow/.local/lib/python3.12/site-packages/airflow/example_dags/example_skip_dag.py
[2024-07-31T12:13:24.179+0000] {logging_mixin.py:188} INFO - [2024-07-31T12:13:24.179+0000] {dag.py:3089} INFO - Sync 1 DAGs
[2024-07-31T12:13:24.209+0000] {logging_mixin.py:188} INFO - [2024-07-31T12:13:24.208+0000] {dag.py:3947} INFO - Setting next_dagrun for example_skip_dag to 2024-07-30 00:00:00+00:00, run_after=2024-07-31 00:00:00+00:00
[2024-07-31T12:13:24.236+0000] {processor.py:183} INFO - Processing /home/airflow/.local/lib/python3.12/site-packages/airflow/example_dags/example_skip_dag.py took 0.105 seconds
[2024-07-31T12:13:55.108+0000] {processor.py:161} INFO - Started process (PID=648) to work on /home/airflow/.local/lib/python3.12/site-packages/airflow/example_dags/example_skip_dag.py
[2024-07-31T12:13:55.108+0000] {processor.py:830} INFO - Processing file /home/airflow/.local/lib/python3.12/site-packages/airflow/example_dags/example_skip_dag.py for tasks to queue
[2024-07-31T12:13:55.110+0000] {logging_mixin.py:188} INFO - [2024-07-31T12:13:55.109+0000] {dagbag.py:545} INFO - Filling up the DagBag from /home/airflow/.local/lib/python3.12/site-packages/airflow/example_dags/example_skip_dag.py
[2024-07-31T12:13:55.115+0000] {processor.py:840} INFO - DAG(s) 'example_skip_dag' retrieved from /home/airflow/.local/lib/python3.12/site-packages/airflow/example_dags/example_skip_dag.py
[2024-07-31T12:13:55.138+0000] {logging_mixin.py:188} INFO - [2024-07-31T12:13:55.137+0000] {dag.py:3089} INFO - Sync 1 DAGs
[2024-07-31T12:13:55.170+0000] {logging_mixin.py:188} INFO - [2024-07-31T12:13:55.170+0000] {dag.py:3947} INFO - Setting next_dagrun for example_skip_dag to 2024-07-30 00:00:00+00:00, run_after=2024-07-31 00:00:00+00:00
[2024-07-31T12:13:55.200+0000] {processor.py:183} INFO - Processing /home/airflow/.local/lib/python3.12/site-packages/airflow/example_dags/example_skip_dag.py took 0.098 seconds
[2024-07-31T12:14:25.634+0000] {processor.py:161} INFO - Started process (PID=706) to work on /home/airflow/.local/lib/python3.12/site-packages/airflow/example_dags/example_skip_dag.py
[2024-07-31T12:14:25.635+0000] {processor.py:830} INFO - Processing file /home/airflow/.local/lib/python3.12/site-packages/airflow/example_dags/example_skip_dag.py for tasks to queue
[2024-07-31T12:14:25.637+0000] {logging_mixin.py:188} INFO - [2024-07-31T12:14:25.636+0000] {dagbag.py:545} INFO - Filling up the DagBag from /home/airflow/.local/lib/python3.12/site-packages/airflow/example_dags/example_skip_dag.py
[2024-07-31T12:14:25.644+0000] {processor.py:840} INFO - DAG(s) 'example_skip_dag' retrieved from /home/airflow/.local/lib/python3.12/site-packages/airflow/example_dags/example_skip_dag.py
[2024-07-31T12:14:25.666+0000] {logging_mixin.py:188} INFO - [2024-07-31T12:14:25.666+0000] {dag.py:3089} INFO - Sync 1 DAGs
[2024-07-31T12:14:25.688+0000] {logging_mixin.py:188} INFO - [2024-07-31T12:14:25.688+0000] {dag.py:3947} INFO - Setting next_dagrun for example_skip_dag to 2024-07-30 00:00:00+00:00, run_after=2024-07-31 00:00:00+00:00
[2024-07-31T12:14:25.714+0000] {processor.py:183} INFO - Processing /home/airflow/.local/lib/python3.12/site-packages/airflow/example_dags/example_skip_dag.py took 0.085 seconds
[2024-07-31T12:14:56.114+0000] {processor.py:161} INFO - Started process (PID=770) to work on /home/airflow/.local/lib/python3.12/site-packages/airflow/example_dags/example_skip_dag.py
[2024-07-31T12:14:56.115+0000] {processor.py:830} INFO - Processing file /home/airflow/.local/lib/python3.12/site-packages/airflow/example_dags/example_skip_dag.py for tasks to queue
[2024-07-31T12:14:56.117+0000] {logging_mixin.py:188} INFO - [2024-07-31T12:14:56.117+0000] {dagbag.py:545} INFO - Filling up the DagBag from /home/airflow/.local/lib/python3.12/site-packages/airflow/example_dags/example_skip_dag.py
[2024-07-31T12:14:56.124+0000] {processor.py:840} INFO - DAG(s) 'example_skip_dag' retrieved from /home/airflow/.local/lib/python3.12/site-packages/airflow/example_dags/example_skip_dag.py
[2024-07-31T12:14:56.159+0000] {logging_mixin.py:188} INFO - [2024-07-31T12:14:56.159+0000] {dag.py:3089} INFO - Sync 1 DAGs
[2024-07-31T12:14:56.195+0000] {logging_mixin.py:188} INFO - [2024-07-31T12:14:56.194+0000] {dag.py:3947} INFO - Setting next_dagrun for example_skip_dag to 2024-07-30 00:00:00+00:00, run_after=2024-07-31 00:00:00+00:00
[2024-07-31T12:14:56.222+0000] {processor.py:183} INFO - Processing /home/airflow/.local/lib/python3.12/site-packages/airflow/example_dags/example_skip_dag.py took 0.114 seconds
[2024-07-31T12:15:26.290+0000] {processor.py:161} INFO - Started process (PID=827) to work on /home/airflow/.local/lib/python3.12/site-packages/airflow/example_dags/example_skip_dag.py
[2024-07-31T12:15:26.291+0000] {processor.py:830} INFO - Processing file /home/airflow/.local/lib/python3.12/site-packages/airflow/example_dags/example_skip_dag.py for tasks to queue
[2024-07-31T12:15:26.294+0000] {logging_mixin.py:188} INFO - [2024-07-31T12:15:26.293+0000] {dagbag.py:545} INFO - Filling up the DagBag from /home/airflow/.local/lib/python3.12/site-packages/airflow/example_dags/example_skip_dag.py
[2024-07-31T12:15:26.302+0000] {processor.py:840} INFO - DAG(s) 'example_skip_dag' retrieved from /home/airflow/.local/lib/python3.12/site-packages/airflow/example_dags/example_skip_dag.py
[2024-07-31T12:15:26.329+0000] {logging_mixin.py:188} INFO - [2024-07-31T12:15:26.329+0000] {dag.py:3089} INFO - Sync 1 DAGs
[2024-07-31T12:15:26.356+0000] {logging_mixin.py:188} INFO - [2024-07-31T12:15:26.356+0000] {dag.py:3947} INFO - Setting next_dagrun for example_skip_dag to 2024-07-30 00:00:00+00:00, run_after=2024-07-31 00:00:00+00:00
[2024-07-31T12:15:26.388+0000] {processor.py:183} INFO - Processing /home/airflow/.local/lib/python3.12/site-packages/airflow/example_dags/example_skip_dag.py took 0.105 seconds
[2024-07-31T12:15:56.646+0000] {processor.py:161} INFO - Started process (PID=884) to work on /home/airflow/.local/lib/python3.12/site-packages/airflow/example_dags/example_skip_dag.py
[2024-07-31T12:15:56.648+0000] {processor.py:830} INFO - Processing file /home/airflow/.local/lib/python3.12/site-packages/airflow/example_dags/example_skip_dag.py for tasks to queue
[2024-07-31T12:15:56.651+0000] {logging_mixin.py:188} INFO - [2024-07-31T12:15:56.650+0000] {dagbag.py:545} INFO - Filling up the DagBag from /home/airflow/.local/lib/python3.12/site-packages/airflow/example_dags/example_skip_dag.py
[2024-07-31T12:15:56.659+0000] {processor.py:840} INFO - DAG(s) 'example_skip_dag' retrieved from /home/airflow/.local/lib/python3.12/site-packages/airflow/example_dags/example_skip_dag.py
[2024-07-31T12:15:56.693+0000] {logging_mixin.py:188} INFO - [2024-07-31T12:15:56.693+0000] {dag.py:3089} INFO - Sync 1 DAGs
[2024-07-31T12:15:56.726+0000] {logging_mixin.py:188} INFO - [2024-07-31T12:15:56.726+0000] {dag.py:3947} INFO - Setting next_dagrun for example_skip_dag to 2024-07-30 00:00:00+00:00, run_after=2024-07-31 00:00:00+00:00
[2024-07-31T12:15:56.761+0000] {processor.py:183} INFO - Processing /home/airflow/.local/lib/python3.12/site-packages/airflow/example_dags/example_skip_dag.py took 0.122 seconds
[2024-07-31T12:16:26.935+0000] {processor.py:161} INFO - Started process (PID=941) to work on /home/airflow/.local/lib/python3.12/site-packages/airflow/example_dags/example_skip_dag.py
[2024-07-31T12:16:26.936+0000] {processor.py:830} INFO - Processing file /home/airflow/.local/lib/python3.12/site-packages/airflow/example_dags/example_skip_dag.py for tasks to queue
[2024-07-31T12:16:26.942+0000] {logging_mixin.py:188} INFO - [2024-07-31T12:16:26.941+0000] {dagbag.py:545} INFO - Filling up the DagBag from /home/airflow/.local/lib/python3.12/site-packages/airflow/example_dags/example_skip_dag.py
[2024-07-31T12:16:26.953+0000] {processor.py:840} INFO - DAG(s) 'example_skip_dag' retrieved from /home/airflow/.local/lib/python3.12/site-packages/airflow/example_dags/example_skip_dag.py
[2024-07-31T12:16:26.997+0000] {logging_mixin.py:188} INFO - [2024-07-31T12:16:26.997+0000] {dag.py:3089} INFO - Sync 1 DAGs
[2024-07-31T12:16:27.041+0000] {logging_mixin.py:188} INFO - [2024-07-31T12:16:27.041+0000] {dag.py:3947} INFO - Setting next_dagrun for example_skip_dag to 2024-07-30 00:00:00+00:00, run_after=2024-07-31 00:00:00+00:00
[2024-07-31T12:16:27.095+0000] {processor.py:183} INFO - Processing /home/airflow/.local/lib/python3.12/site-packages/airflow/example_dags/example_skip_dag.py took 0.178 seconds
[2024-07-31T12:16:57.180+0000] {processor.py:161} INFO - Started process (PID=998) to work on /home/airflow/.local/lib/python3.12/site-packages/airflow/example_dags/example_skip_dag.py
[2024-07-31T12:16:57.181+0000] {processor.py:830} INFO - Processing file /home/airflow/.local/lib/python3.12/site-packages/airflow/example_dags/example_skip_dag.py for tasks to queue
[2024-07-31T12:16:57.184+0000] {logging_mixin.py:188} INFO - [2024-07-31T12:16:57.184+0000] {dagbag.py:545} INFO - Filling up the DagBag from /home/airflow/.local/lib/python3.12/site-packages/airflow/example_dags/example_skip_dag.py
[2024-07-31T12:16:57.196+0000] {processor.py:840} INFO - DAG(s) 'example_skip_dag' retrieved from /home/airflow/.local/lib/python3.12/site-packages/airflow/example_dags/example_skip_dag.py
[2024-07-31T12:16:57.232+0000] {logging_mixin.py:188} INFO - [2024-07-31T12:16:57.232+0000] {dag.py:3089} INFO - Sync 1 DAGs
[2024-07-31T12:16:57.268+0000] {logging_mixin.py:188} INFO - [2024-07-31T12:16:57.268+0000] {dag.py:3947} INFO - Setting next_dagrun for example_skip_dag to 2024-07-30 00:00:00+00:00, run_after=2024-07-31 00:00:00+00:00
[2024-07-31T12:16:57.297+0000] {processor.py:183} INFO - Processing /home/airflow/.local/lib/python3.12/site-packages/airflow/example_dags/example_skip_dag.py took 0.130 seconds
[2024-07-31T12:17:28.226+0000] {processor.py:161} INFO - Started process (PID=1056) to work on /home/airflow/.local/lib/python3.12/site-packages/airflow/example_dags/example_skip_dag.py
[2024-07-31T12:17:28.227+0000] {processor.py:830} INFO - Processing file /home/airflow/.local/lib/python3.12/site-packages/airflow/example_dags/example_skip_dag.py for tasks to queue
[2024-07-31T12:17:28.229+0000] {logging_mixin.py:188} INFO - [2024-07-31T12:17:28.228+0000] {dagbag.py:545} INFO - Filling up the DagBag from /home/airflow/.local/lib/python3.12/site-packages/airflow/example_dags/example_skip_dag.py
[2024-07-31T12:17:28.234+0000] {processor.py:840} INFO - DAG(s) 'example_skip_dag' retrieved from /home/airflow/.local/lib/python3.12/site-packages/airflow/example_dags/example_skip_dag.py
[2024-07-31T12:17:28.255+0000] {logging_mixin.py:188} INFO - [2024-07-31T12:17:28.254+0000] {dag.py:3089} INFO - Sync 1 DAGs
[2024-07-31T12:17:28.276+0000] {logging_mixin.py:188} INFO - [2024-07-31T12:17:28.276+0000] {dag.py:3947} INFO - Setting next_dagrun for example_skip_dag to 2024-07-30 00:00:00+00:00, run_after=2024-07-31 00:00:00+00:00
[2024-07-31T12:17:28.301+0000] {processor.py:183} INFO - Processing /home/airflow/.local/lib/python3.12/site-packages/airflow/example_dags/example_skip_dag.py took 0.080 seconds
[2024-07-31T12:17:58.820+0000] {processor.py:161} INFO - Started process (PID=1114) to work on /home/airflow/.local/lib/python3.12/site-packages/airflow/example_dags/example_skip_dag.py
[2024-07-31T12:17:58.821+0000] {processor.py:830} INFO - Processing file /home/airflow/.local/lib/python3.12/site-packages/airflow/example_dags/example_skip_dag.py for tasks to queue
[2024-07-31T12:17:58.823+0000] {logging_mixin.py:188} INFO - [2024-07-31T12:17:58.822+0000] {dagbag.py:545} INFO - Filling up the DagBag from /home/airflow/.local/lib/python3.12/site-packages/airflow/example_dags/example_skip_dag.py
[2024-07-31T12:17:58.828+0000] {processor.py:840} INFO - DAG(s) 'example_skip_dag' retrieved from /home/airflow/.local/lib/python3.12/site-packages/airflow/example_dags/example_skip_dag.py
[2024-07-31T12:17:58.848+0000] {logging_mixin.py:188} INFO - [2024-07-31T12:17:58.848+0000] {dag.py:3089} INFO - Sync 1 DAGs
[2024-07-31T12:17:58.870+0000] {logging_mixin.py:188} INFO - [2024-07-31T12:17:58.870+0000] {dag.py:3947} INFO - Setting next_dagrun for example_skip_dag to 2024-07-30 00:00:00+00:00, run_after=2024-07-31 00:00:00+00:00
[2024-07-31T12:17:58.896+0000] {processor.py:183} INFO - Processing /home/airflow/.local/lib/python3.12/site-packages/airflow/example_dags/example_skip_dag.py took 0.082 seconds
[2024-07-31T12:18:29.104+0000] {processor.py:161} INFO - Started process (PID=1172) to work on /home/airflow/.local/lib/python3.12/site-packages/airflow/example_dags/example_skip_dag.py
[2024-07-31T12:18:29.104+0000] {processor.py:830} INFO - Processing file /home/airflow/.local/lib/python3.12/site-packages/airflow/example_dags/example_skip_dag.py for tasks to queue
[2024-07-31T12:18:29.106+0000] {logging_mixin.py:188} INFO - [2024-07-31T12:18:29.106+0000] {dagbag.py:545} INFO - Filling up the DagBag from /home/airflow/.local/lib/python3.12/site-packages/airflow/example_dags/example_skip_dag.py
[2024-07-31T12:18:29.114+0000] {processor.py:840} INFO - DAG(s) 'example_skip_dag' retrieved from /home/airflow/.local/lib/python3.12/site-packages/airflow/example_dags/example_skip_dag.py
[2024-07-31T12:18:29.141+0000] {logging_mixin.py:188} INFO - [2024-07-31T12:18:29.140+0000] {dag.py:3089} INFO - Sync 1 DAGs
[2024-07-31T12:18:29.172+0000] {logging_mixin.py:188} INFO - [2024-07-31T12:18:29.172+0000] {dag.py:3947} INFO - Setting next_dagrun for example_skip_dag to 2024-07-30 00:00:00+00:00, run_after=2024-07-31 00:00:00+00:00
[2024-07-31T12:18:29.199+0000] {processor.py:183} INFO - Processing /home/airflow/.local/lib/python3.12/site-packages/airflow/example_dags/example_skip_dag.py took 0.102 seconds
[2024-07-31T12:18:59.512+0000] {processor.py:161} INFO - Started process (PID=1230) to work on /home/airflow/.local/lib/python3.12/site-packages/airflow/example_dags/example_skip_dag.py
[2024-07-31T12:18:59.513+0000] {processor.py:830} INFO - Processing file /home/airflow/.local/lib/python3.12/site-packages/airflow/example_dags/example_skip_dag.py for tasks to queue
[2024-07-31T12:18:59.514+0000] {logging_mixin.py:188} INFO - [2024-07-31T12:18:59.514+0000] {dagbag.py:545} INFO - Filling up the DagBag from /home/airflow/.local/lib/python3.12/site-packages/airflow/example_dags/example_skip_dag.py
[2024-07-31T12:18:59.520+0000] {processor.py:840} INFO - DAG(s) 'example_skip_dag' retrieved from /home/airflow/.local/lib/python3.12/site-packages/airflow/example_dags/example_skip_dag.py
[2024-07-31T12:18:59.541+0000] {logging_mixin.py:188} INFO - [2024-07-31T12:18:59.541+0000] {dag.py:3089} INFO - Sync 1 DAGs
[2024-07-31T12:18:59.562+0000] {logging_mixin.py:188} INFO - [2024-07-31T12:18:59.562+0000] {dag.py:3947} INFO - Setting next_dagrun for example_skip_dag to 2024-07-30 00:00:00+00:00, run_after=2024-07-31 00:00:00+00:00
[2024-07-31T12:18:59.585+0000] {processor.py:183} INFO - Processing /home/airflow/.local/lib/python3.12/site-packages/airflow/example_dags/example_skip_dag.py took 0.078 seconds
[2024-07-31T12:19:29.794+0000] {processor.py:161} INFO - Started process (PID=1288) to work on /home/airflow/.local/lib/python3.12/site-packages/airflow/example_dags/example_skip_dag.py
[2024-07-31T12:19:29.795+0000] {processor.py:830} INFO - Processing file /home/airflow/.local/lib/python3.12/site-packages/airflow/example_dags/example_skip_dag.py for tasks to queue
[2024-07-31T12:19:29.796+0000] {logging_mixin.py:188} INFO - [2024-07-31T12:19:29.796+0000] {dagbag.py:545} INFO - Filling up the DagBag from /home/airflow/.local/lib/python3.12/site-packages/airflow/example_dags/example_skip_dag.py
[2024-07-31T12:19:29.801+0000] {processor.py:840} INFO - DAG(s) 'example_skip_dag' retrieved from /home/airflow/.local/lib/python3.12/site-packages/airflow/example_dags/example_skip_dag.py
[2024-07-31T12:19:29.826+0000] {logging_mixin.py:188} INFO - [2024-07-31T12:19:29.826+0000] {dag.py:3089} INFO - Sync 1 DAGs
[2024-07-31T12:19:29.850+0000] {logging_mixin.py:188} INFO - [2024-07-31T12:19:29.850+0000] {dag.py:3947} INFO - Setting next_dagrun for example_skip_dag to 2024-07-30 00:00:00+00:00, run_after=2024-07-31 00:00:00+00:00
[2024-07-31T12:19:29.875+0000] {processor.py:183} INFO - Processing /home/airflow/.local/lib/python3.12/site-packages/airflow/example_dags/example_skip_dag.py took 0.086 seconds
[2024-07-31T12:20:00.229+0000] {processor.py:161} INFO - Started process (PID=1346) to work on /home/airflow/.local/lib/python3.12/site-packages/airflow/example_dags/example_skip_dag.py
[2024-07-31T12:20:00.230+0000] {processor.py:830} INFO - Processing file /home/airflow/.local/lib/python3.12/site-packages/airflow/example_dags/example_skip_dag.py for tasks to queue
[2024-07-31T12:20:00.231+0000] {logging_mixin.py:188} INFO - [2024-07-31T12:20:00.231+0000] {dagbag.py:545} INFO - Filling up the DagBag from /home/airflow/.local/lib/python3.12/site-packages/airflow/example_dags/example_skip_dag.py
[2024-07-31T12:20:00.236+0000] {processor.py:840} INFO - DAG(s) 'example_skip_dag' retrieved from /home/airflow/.local/lib/python3.12/site-packages/airflow/example_dags/example_skip_dag.py
[2024-07-31T12:20:00.257+0000] {logging_mixin.py:188} INFO - [2024-07-31T12:20:00.257+0000] {dag.py:3089} INFO - Sync 1 DAGs
[2024-07-31T12:20:00.276+0000] {logging_mixin.py:188} INFO - [2024-07-31T12:20:00.276+0000] {dag.py:3947} INFO - Setting next_dagrun for example_skip_dag to 2024-07-30 00:00:00+00:00, run_after=2024-07-31 00:00:00+00:00
[2024-07-31T12:20:00.296+0000] {processor.py:183} INFO - Processing /home/airflow/.local/lib/python3.12/site-packages/airflow/example_dags/example_skip_dag.py took 0.073 seconds
[2024-07-31T12:20:30.622+0000] {processor.py:161} INFO - Started process (PID=1404) to work on /home/airflow/.local/lib/python3.12/site-packages/airflow/example_dags/example_skip_dag.py
[2024-07-31T12:20:30.622+0000] {processor.py:830} INFO - Processing file /home/airflow/.local/lib/python3.12/site-packages/airflow/example_dags/example_skip_dag.py for tasks to queue
[2024-07-31T12:20:30.624+0000] {logging_mixin.py:188} INFO - [2024-07-31T12:20:30.623+0000] {dagbag.py:545} INFO - Filling up the DagBag from /home/airflow/.local/lib/python3.12/site-packages/airflow/example_dags/example_skip_dag.py
[2024-07-31T12:20:30.630+0000] {processor.py:840} INFO - DAG(s) 'example_skip_dag' retrieved from /home/airflow/.local/lib/python3.12/site-packages/airflow/example_dags/example_skip_dag.py
[2024-07-31T12:20:30.648+0000] {logging_mixin.py:188} INFO - [2024-07-31T12:20:30.647+0000] {dag.py:3089} INFO - Sync 1 DAGs
[2024-07-31T12:20:30.669+0000] {logging_mixin.py:188} INFO - [2024-07-31T12:20:30.669+0000] {dag.py:3947} INFO - Setting next_dagrun for example_skip_dag to 2024-07-30 00:00:00+00:00, run_after=2024-07-31 00:00:00+00:00
[2024-07-31T12:20:30.693+0000] {processor.py:183} INFO - Processing /home/airflow/.local/lib/python3.12/site-packages/airflow/example_dags/example_skip_dag.py took 0.079 seconds
[2024-07-31T12:21:01.100+0000] {processor.py:161} INFO - Started process (PID=1462) to work on /home/airflow/.local/lib/python3.12/site-packages/airflow/example_dags/example_skip_dag.py
[2024-07-31T12:21:01.101+0000] {processor.py:830} INFO - Processing file /home/airflow/.local/lib/python3.12/site-packages/airflow/example_dags/example_skip_dag.py for tasks to queue
[2024-07-31T12:21:01.102+0000] {logging_mixin.py:188} INFO - [2024-07-31T12:21:01.102+0000] {dagbag.py:545} INFO - Filling up the DagBag from /home/airflow/.local/lib/python3.12/site-packages/airflow/example_dags/example_skip_dag.py
[2024-07-31T12:21:01.108+0000] {processor.py:840} INFO - DAG(s) 'example_skip_dag' retrieved from /home/airflow/.local/lib/python3.12/site-packages/airflow/example_dags/example_skip_dag.py
[2024-07-31T12:21:01.131+0000] {logging_mixin.py:188} INFO - [2024-07-31T12:21:01.131+0000] {dag.py:3089} INFO - Sync 1 DAGs
[2024-07-31T12:21:01.152+0000] {logging_mixin.py:188} INFO - [2024-07-31T12:21:01.151+0000] {dag.py:3947} INFO - Setting next_dagrun for example_skip_dag to 2024-07-30 00:00:00+00:00, run_after=2024-07-31 00:00:00+00:00
[2024-07-31T12:21:01.172+0000] {processor.py:183} INFO - Processing /home/airflow/.local/lib/python3.12/site-packages/airflow/example_dags/example_skip_dag.py took 0.078 seconds
[2024-07-31T12:21:31.273+0000] {processor.py:161} INFO - Started process (PID=1520) to work on /home/airflow/.local/lib/python3.12/site-packages/airflow/example_dags/example_skip_dag.py
[2024-07-31T12:21:31.274+0000] {processor.py:830} INFO - Processing file /home/airflow/.local/lib/python3.12/site-packages/airflow/example_dags/example_skip_dag.py for tasks to queue
[2024-07-31T12:21:31.275+0000] {logging_mixin.py:188} INFO - [2024-07-31T12:21:31.275+0000] {dagbag.py:545} INFO - Filling up the DagBag from /home/airflow/.local/lib/python3.12/site-packages/airflow/example_dags/example_skip_dag.py
[2024-07-31T12:21:31.281+0000] {processor.py:840} INFO - DAG(s) 'example_skip_dag' retrieved from /home/airflow/.local/lib/python3.12/site-packages/airflow/example_dags/example_skip_dag.py
[2024-07-31T12:21:31.302+0000] {logging_mixin.py:188} INFO - [2024-07-31T12:21:31.302+0000] {dag.py:3089} INFO - Sync 1 DAGs
[2024-07-31T12:21:31.327+0000] {logging_mixin.py:188} INFO - [2024-07-31T12:21:31.327+0000] {dag.py:3947} INFO - Setting next_dagrun for example_skip_dag to 2024-07-30 00:00:00+00:00, run_after=2024-07-31 00:00:00+00:00
[2024-07-31T12:21:31.349+0000] {processor.py:183} INFO - Processing /home/airflow/.local/lib/python3.12/site-packages/airflow/example_dags/example_skip_dag.py took 0.082 seconds
[2024-07-31T12:22:01.452+0000] {processor.py:161} INFO - Started process (PID=1578) to work on /home/airflow/.local/lib/python3.12/site-packages/airflow/example_dags/example_skip_dag.py
[2024-07-31T12:22:01.452+0000] {processor.py:830} INFO - Processing file /home/airflow/.local/lib/python3.12/site-packages/airflow/example_dags/example_skip_dag.py for tasks to queue
[2024-07-31T12:22:01.454+0000] {logging_mixin.py:188} INFO - [2024-07-31T12:22:01.454+0000] {dagbag.py:545} INFO - Filling up the DagBag from /home/airflow/.local/lib/python3.12/site-packages/airflow/example_dags/example_skip_dag.py
[2024-07-31T12:22:01.460+0000] {processor.py:840} INFO - DAG(s) 'example_skip_dag' retrieved from /home/airflow/.local/lib/python3.12/site-packages/airflow/example_dags/example_skip_dag.py
[2024-07-31T12:22:01.480+0000] {logging_mixin.py:188} INFO - [2024-07-31T12:22:01.480+0000] {dag.py:3089} INFO - Sync 1 DAGs
[2024-07-31T12:22:01.504+0000] {logging_mixin.py:188} INFO - [2024-07-31T12:22:01.504+0000] {dag.py:3947} INFO - Setting next_dagrun for example_skip_dag to 2024-07-30 00:00:00+00:00, run_after=2024-07-31 00:00:00+00:00
[2024-07-31T12:22:01.528+0000] {processor.py:183} INFO - Processing /home/airflow/.local/lib/python3.12/site-packages/airflow/example_dags/example_skip_dag.py took 0.082 seconds
[2024-07-31T12:22:32.080+0000] {processor.py:161} INFO - Started process (PID=1636) to work on /home/airflow/.local/lib/python3.12/site-packages/airflow/example_dags/example_skip_dag.py
[2024-07-31T12:22:32.081+0000] {processor.py:830} INFO - Processing file /home/airflow/.local/lib/python3.12/site-packages/airflow/example_dags/example_skip_dag.py for tasks to queue
[2024-07-31T12:22:32.082+0000] {logging_mixin.py:188} INFO - [2024-07-31T12:22:32.082+0000] {dagbag.py:545} INFO - Filling up the DagBag from /home/airflow/.local/lib/python3.12/site-packages/airflow/example_dags/example_skip_dag.py
[2024-07-31T12:22:32.088+0000] {processor.py:840} INFO - DAG(s) 'example_skip_dag' retrieved from /home/airflow/.local/lib/python3.12/site-packages/airflow/example_dags/example_skip_dag.py
[2024-07-31T12:22:32.109+0000] {logging_mixin.py:188} INFO - [2024-07-31T12:22:32.108+0000] {dag.py:3089} INFO - Sync 1 DAGs
[2024-07-31T12:22:32.131+0000] {logging_mixin.py:188} INFO - [2024-07-31T12:22:32.131+0000] {dag.py:3947} INFO - Setting next_dagrun for example_skip_dag to 2024-07-30 00:00:00+00:00, run_after=2024-07-31 00:00:00+00:00
[2024-07-31T12:22:32.155+0000] {processor.py:183} INFO - Processing /home/airflow/.local/lib/python3.12/site-packages/airflow/example_dags/example_skip_dag.py took 0.080 seconds
[2024-07-31T12:23:02.198+0000] {processor.py:161} INFO - Started process (PID=1692) to work on /home/airflow/.local/lib/python3.12/site-packages/airflow/example_dags/example_skip_dag.py
[2024-07-31T12:23:02.201+0000] {processor.py:830} INFO - Processing file /home/airflow/.local/lib/python3.12/site-packages/airflow/example_dags/example_skip_dag.py for tasks to queue
[2024-07-31T12:23:02.203+0000] {logging_mixin.py:188} INFO - [2024-07-31T12:23:02.202+0000] {dagbag.py:545} INFO - Filling up the DagBag from /home/airflow/.local/lib/python3.12/site-packages/airflow/example_dags/example_skip_dag.py
[2024-07-31T12:23:02.209+0000] {processor.py:840} INFO - DAG(s) 'example_skip_dag' retrieved from /home/airflow/.local/lib/python3.12/site-packages/airflow/example_dags/example_skip_dag.py
[2024-07-31T12:23:02.229+0000] {logging_mixin.py:188} INFO - [2024-07-31T12:23:02.229+0000] {dag.py:3089} INFO - Sync 1 DAGs
[2024-07-31T12:23:02.262+0000] {logging_mixin.py:188} INFO - [2024-07-31T12:23:02.262+0000] {dag.py:3947} INFO - Setting next_dagrun for example_skip_dag to 2024-07-30 00:00:00+00:00, run_after=2024-07-31 00:00:00+00:00
[2024-07-31T12:23:02.291+0000] {processor.py:183} INFO - Processing /home/airflow/.local/lib/python3.12/site-packages/airflow/example_dags/example_skip_dag.py took 0.098 seconds
[2024-07-31T12:23:32.442+0000] {processor.py:161} INFO - Started process (PID=1750) to work on /home/airflow/.local/lib/python3.12/site-packages/airflow/example_dags/example_skip_dag.py
[2024-07-31T12:23:32.443+0000] {processor.py:830} INFO - Processing file /home/airflow/.local/lib/python3.12/site-packages/airflow/example_dags/example_skip_dag.py for tasks to queue
[2024-07-31T12:23:32.445+0000] {logging_mixin.py:188} INFO - [2024-07-31T12:23:32.445+0000] {dagbag.py:545} INFO - Filling up the DagBag from /home/airflow/.local/lib/python3.12/site-packages/airflow/example_dags/example_skip_dag.py
[2024-07-31T12:23:32.453+0000] {processor.py:840} INFO - DAG(s) 'example_skip_dag' retrieved from /home/airflow/.local/lib/python3.12/site-packages/airflow/example_dags/example_skip_dag.py
[2024-07-31T12:23:32.482+0000] {logging_mixin.py:188} INFO - [2024-07-31T12:23:32.481+0000] {dag.py:3089} INFO - Sync 1 DAGs
[2024-07-31T12:23:32.517+0000] {logging_mixin.py:188} INFO - [2024-07-31T12:23:32.517+0000] {dag.py:3947} INFO - Setting next_dagrun for example_skip_dag to 2024-07-30 00:00:00+00:00, run_after=2024-07-31 00:00:00+00:00
[2024-07-31T12:23:32.554+0000] {processor.py:183} INFO - Processing /home/airflow/.local/lib/python3.12/site-packages/airflow/example_dags/example_skip_dag.py took 0.117 seconds
[2024-07-31T12:24:03.113+0000] {processor.py:161} INFO - Started process (PID=1809) to work on /home/airflow/.local/lib/python3.12/site-packages/airflow/example_dags/example_skip_dag.py
[2024-07-31T12:24:03.114+0000] {processor.py:830} INFO - Processing file /home/airflow/.local/lib/python3.12/site-packages/airflow/example_dags/example_skip_dag.py for tasks to queue
[2024-07-31T12:24:03.116+0000] {logging_mixin.py:188} INFO - [2024-07-31T12:24:03.116+0000] {dagbag.py:545} INFO - Filling up the DagBag from /home/airflow/.local/lib/python3.12/site-packages/airflow/example_dags/example_skip_dag.py
[2024-07-31T12:24:03.124+0000] {processor.py:840} INFO - DAG(s) 'example_skip_dag' retrieved from /home/airflow/.local/lib/python3.12/site-packages/airflow/example_dags/example_skip_dag.py
[2024-07-31T12:24:03.151+0000] {logging_mixin.py:188} INFO - [2024-07-31T12:24:03.150+0000] {dag.py:3089} INFO - Sync 1 DAGs
[2024-07-31T12:24:03.184+0000] {logging_mixin.py:188} INFO - [2024-07-31T12:24:03.183+0000] {dag.py:3947} INFO - Setting next_dagrun for example_skip_dag to 2024-07-30 00:00:00+00:00, run_after=2024-07-31 00:00:00+00:00
[2024-07-31T12:24:03.218+0000] {processor.py:183} INFO - Processing /home/airflow/.local/lib/python3.12/site-packages/airflow/example_dags/example_skip_dag.py took 0.112 seconds
[2024-07-31T12:24:33.396+0000] {processor.py:161} INFO - Started process (PID=1867) to work on /home/airflow/.local/lib/python3.12/site-packages/airflow/example_dags/example_skip_dag.py
[2024-07-31T12:24:33.398+0000] {processor.py:830} INFO - Processing file /home/airflow/.local/lib/python3.12/site-packages/airflow/example_dags/example_skip_dag.py for tasks to queue
[2024-07-31T12:24:33.400+0000] {logging_mixin.py:188} INFO - [2024-07-31T12:24:33.400+0000] {dagbag.py:545} INFO - Filling up the DagBag from /home/airflow/.local/lib/python3.12/site-packages/airflow/example_dags/example_skip_dag.py
[2024-07-31T12:24:33.409+0000] {processor.py:840} INFO - DAG(s) 'example_skip_dag' retrieved from /home/airflow/.local/lib/python3.12/site-packages/airflow/example_dags/example_skip_dag.py
[2024-07-31T12:24:33.435+0000] {logging_mixin.py:188} INFO - [2024-07-31T12:24:33.435+0000] {dag.py:3089} INFO - Sync 1 DAGs
[2024-07-31T12:24:33.464+0000] {logging_mixin.py:188} INFO - [2024-07-31T12:24:33.464+0000] {dag.py:3947} INFO - Setting next_dagrun for example_skip_dag to 2024-07-30 00:00:00+00:00, run_after=2024-07-31 00:00:00+00:00
[2024-07-31T12:24:33.492+0000] {processor.py:183} INFO - Processing /home/airflow/.local/lib/python3.12/site-packages/airflow/example_dags/example_skip_dag.py took 0.104 seconds
[2024-07-31T12:25:04.114+0000] {processor.py:161} INFO - Started process (PID=1925) to work on /home/airflow/.local/lib/python3.12/site-packages/airflow/example_dags/example_skip_dag.py
[2024-07-31T12:25:04.115+0000] {processor.py:830} INFO - Processing file /home/airflow/.local/lib/python3.12/site-packages/airflow/example_dags/example_skip_dag.py for tasks to queue
[2024-07-31T12:25:04.117+0000] {logging_mixin.py:188} INFO - [2024-07-31T12:25:04.117+0000] {dagbag.py:545} INFO - Filling up the DagBag from /home/airflow/.local/lib/python3.12/site-packages/airflow/example_dags/example_skip_dag.py
[2024-07-31T12:25:04.126+0000] {processor.py:840} INFO - DAG(s) 'example_skip_dag' retrieved from /home/airflow/.local/lib/python3.12/site-packages/airflow/example_dags/example_skip_dag.py
[2024-07-31T12:25:04.161+0000] {logging_mixin.py:188} INFO - [2024-07-31T12:25:04.160+0000] {dag.py:3089} INFO - Sync 1 DAGs
[2024-07-31T12:25:04.475+0000] {logging_mixin.py:188} INFO - [2024-07-31T12:25:04.474+0000] {dag.py:3947} INFO - Setting next_dagrun for example_skip_dag to 2024-07-30 00:00:00+00:00, run_after=2024-07-31 00:00:00+00:00
[2024-07-31T12:25:04.514+0000] {processor.py:183} INFO - Processing /home/airflow/.local/lib/python3.12/site-packages/airflow/example_dags/example_skip_dag.py took 0.406 seconds
[2024-07-31T12:25:34.809+0000] {processor.py:161} INFO - Started process (PID=1983) to work on /home/airflow/.local/lib/python3.12/site-packages/airflow/example_dags/example_skip_dag.py
[2024-07-31T12:25:34.810+0000] {processor.py:830} INFO - Processing file /home/airflow/.local/lib/python3.12/site-packages/airflow/example_dags/example_skip_dag.py for tasks to queue
[2024-07-31T12:25:34.812+0000] {logging_mixin.py:188} INFO - [2024-07-31T12:25:34.812+0000] {dagbag.py:545} INFO - Filling up the DagBag from /home/airflow/.local/lib/python3.12/site-packages/airflow/example_dags/example_skip_dag.py
[2024-07-31T12:25:34.822+0000] {processor.py:840} INFO - DAG(s) 'example_skip_dag' retrieved from /home/airflow/.local/lib/python3.12/site-packages/airflow/example_dags/example_skip_dag.py
[2024-07-31T12:25:34.845+0000] {logging_mixin.py:188} INFO - [2024-07-31T12:25:34.845+0000] {dag.py:3089} INFO - Sync 1 DAGs
[2024-07-31T12:25:34.877+0000] {logging_mixin.py:188} INFO - [2024-07-31T12:25:34.877+0000] {dag.py:3947} INFO - Setting next_dagrun for example_skip_dag to 2024-07-30 00:00:00+00:00, run_after=2024-07-31 00:00:00+00:00
[2024-07-31T12:25:34.912+0000] {processor.py:183} INFO - Processing /home/airflow/.local/lib/python3.12/site-packages/airflow/example_dags/example_skip_dag.py took 0.109 seconds
[2024-07-31T12:26:05.613+0000] {processor.py:161} INFO - Started process (PID=2041) to work on /home/airflow/.local/lib/python3.12/site-packages/airflow/example_dags/example_skip_dag.py
[2024-07-31T12:26:05.614+0000] {processor.py:830} INFO - Processing file /home/airflow/.local/lib/python3.12/site-packages/airflow/example_dags/example_skip_dag.py for tasks to queue
[2024-07-31T12:26:05.615+0000] {logging_mixin.py:188} INFO - [2024-07-31T12:26:05.615+0000] {dagbag.py:545} INFO - Filling up the DagBag from /home/airflow/.local/lib/python3.12/site-packages/airflow/example_dags/example_skip_dag.py
[2024-07-31T12:26:05.620+0000] {processor.py:840} INFO - DAG(s) 'example_skip_dag' retrieved from /home/airflow/.local/lib/python3.12/site-packages/airflow/example_dags/example_skip_dag.py
[2024-07-31T12:26:05.652+0000] {logging_mixin.py:188} INFO - [2024-07-31T12:26:05.652+0000] {dag.py:3089} INFO - Sync 1 DAGs
[2024-07-31T12:26:05.700+0000] {logging_mixin.py:188} INFO - [2024-07-31T12:26:05.699+0000] {dag.py:3947} INFO - Setting next_dagrun for example_skip_dag to 2024-07-30 00:00:00+00:00, run_after=2024-07-31 00:00:00+00:00
[2024-07-31T12:26:05.733+0000] {processor.py:183} INFO - Processing /home/airflow/.local/lib/python3.12/site-packages/airflow/example_dags/example_skip_dag.py took 0.126 seconds
[2024-07-31T12:26:36.311+0000] {processor.py:161} INFO - Started process (PID=2098) to work on /home/airflow/.local/lib/python3.12/site-packages/airflow/example_dags/example_skip_dag.py
[2024-07-31T12:26:36.311+0000] {processor.py:830} INFO - Processing file /home/airflow/.local/lib/python3.12/site-packages/airflow/example_dags/example_skip_dag.py for tasks to queue
[2024-07-31T12:26:36.313+0000] {logging_mixin.py:188} INFO - [2024-07-31T12:26:36.313+0000] {dagbag.py:545} INFO - Filling up the DagBag from /home/airflow/.local/lib/python3.12/site-packages/airflow/example_dags/example_skip_dag.py
[2024-07-31T12:26:36.318+0000] {processor.py:840} INFO - DAG(s) 'example_skip_dag' retrieved from /home/airflow/.local/lib/python3.12/site-packages/airflow/example_dags/example_skip_dag.py
[2024-07-31T12:26:36.341+0000] {logging_mixin.py:188} INFO - [2024-07-31T12:26:36.341+0000] {dag.py:3089} INFO - Sync 1 DAGs
[2024-07-31T12:26:36.368+0000] {logging_mixin.py:188} INFO - [2024-07-31T12:26:36.368+0000] {dag.py:3947} INFO - Setting next_dagrun for example_skip_dag to 2024-07-30 00:00:00+00:00, run_after=2024-07-31 00:00:00+00:00
[2024-07-31T12:26:36.395+0000] {processor.py:183} INFO - Processing /home/airflow/.local/lib/python3.12/site-packages/airflow/example_dags/example_skip_dag.py took 0.090 seconds
[2024-07-31T12:27:06.791+0000] {processor.py:161} INFO - Started process (PID=2156) to work on /home/airflow/.local/lib/python3.12/site-packages/airflow/example_dags/example_skip_dag.py
[2024-07-31T12:27:06.792+0000] {processor.py:830} INFO - Processing file /home/airflow/.local/lib/python3.12/site-packages/airflow/example_dags/example_skip_dag.py for tasks to queue
[2024-07-31T12:27:06.793+0000] {logging_mixin.py:188} INFO - [2024-07-31T12:27:06.793+0000] {dagbag.py:545} INFO - Filling up the DagBag from /home/airflow/.local/lib/python3.12/site-packages/airflow/example_dags/example_skip_dag.py
[2024-07-31T12:27:06.799+0000] {processor.py:840} INFO - DAG(s) 'example_skip_dag' retrieved from /home/airflow/.local/lib/python3.12/site-packages/airflow/example_dags/example_skip_dag.py
[2024-07-31T12:27:06.822+0000] {logging_mixin.py:188} INFO - [2024-07-31T12:27:06.821+0000] {dag.py:3089} INFO - Sync 1 DAGs
[2024-07-31T12:27:06.853+0000] {logging_mixin.py:188} INFO - [2024-07-31T12:27:06.852+0000] {dag.py:3947} INFO - Setting next_dagrun for example_skip_dag to 2024-07-30 00:00:00+00:00, run_after=2024-07-31 00:00:00+00:00
[2024-07-31T12:27:06.880+0000] {processor.py:183} INFO - Processing /home/airflow/.local/lib/python3.12/site-packages/airflow/example_dags/example_skip_dag.py took 0.094 seconds
[2024-07-31T12:27:37.217+0000] {processor.py:161} INFO - Started process (PID=2214) to work on /home/airflow/.local/lib/python3.12/site-packages/airflow/example_dags/example_skip_dag.py
[2024-07-31T12:27:37.218+0000] {processor.py:830} INFO - Processing file /home/airflow/.local/lib/python3.12/site-packages/airflow/example_dags/example_skip_dag.py for tasks to queue
[2024-07-31T12:27:37.220+0000] {logging_mixin.py:188} INFO - [2024-07-31T12:27:37.220+0000] {dagbag.py:545} INFO - Filling up the DagBag from /home/airflow/.local/lib/python3.12/site-packages/airflow/example_dags/example_skip_dag.py
[2024-07-31T12:27:37.225+0000] {processor.py:840} INFO - DAG(s) 'example_skip_dag' retrieved from /home/airflow/.local/lib/python3.12/site-packages/airflow/example_dags/example_skip_dag.py
[2024-07-31T12:27:37.249+0000] {logging_mixin.py:188} INFO - [2024-07-31T12:27:37.248+0000] {dag.py:3089} INFO - Sync 1 DAGs
[2024-07-31T12:27:37.279+0000] {logging_mixin.py:188} INFO - [2024-07-31T12:27:37.279+0000] {dag.py:3947} INFO - Setting next_dagrun for example_skip_dag to 2024-07-30 00:00:00+00:00, run_after=2024-07-31 00:00:00+00:00
[2024-07-31T12:27:37.314+0000] {processor.py:183} INFO - Processing /home/airflow/.local/lib/python3.12/site-packages/airflow/example_dags/example_skip_dag.py took 0.104 seconds
[2024-07-31T12:28:08.039+0000] {processor.py:161} INFO - Started process (PID=2272) to work on /home/airflow/.local/lib/python3.12/site-packages/airflow/example_dags/example_skip_dag.py
[2024-07-31T12:28:08.041+0000] {processor.py:830} INFO - Processing file /home/airflow/.local/lib/python3.12/site-packages/airflow/example_dags/example_skip_dag.py for tasks to queue
[2024-07-31T12:28:08.043+0000] {logging_mixin.py:188} INFO - [2024-07-31T12:28:08.042+0000] {dagbag.py:545} INFO - Filling up the DagBag from /home/airflow/.local/lib/python3.12/site-packages/airflow/example_dags/example_skip_dag.py
[2024-07-31T12:28:08.053+0000] {processor.py:840} INFO - DAG(s) 'example_skip_dag' retrieved from /home/airflow/.local/lib/python3.12/site-packages/airflow/example_dags/example_skip_dag.py
[2024-07-31T12:28:08.080+0000] {logging_mixin.py:188} INFO - [2024-07-31T12:28:08.079+0000] {dag.py:3089} INFO - Sync 1 DAGs
[2024-07-31T12:28:08.113+0000] {logging_mixin.py:188} INFO - [2024-07-31T12:28:08.113+0000] {dag.py:3947} INFO - Setting next_dagrun for example_skip_dag to 2024-07-30 00:00:00+00:00, run_after=2024-07-31 00:00:00+00:00
[2024-07-31T12:28:08.144+0000] {processor.py:183} INFO - Processing /home/airflow/.local/lib/python3.12/site-packages/airflow/example_dags/example_skip_dag.py took 0.113 seconds
[2024-07-31T12:28:38.357+0000] {processor.py:161} INFO - Started process (PID=2330) to work on /home/airflow/.local/lib/python3.12/site-packages/airflow/example_dags/example_skip_dag.py
[2024-07-31T12:28:38.358+0000] {processor.py:830} INFO - Processing file /home/airflow/.local/lib/python3.12/site-packages/airflow/example_dags/example_skip_dag.py for tasks to queue
[2024-07-31T12:28:38.360+0000] {logging_mixin.py:188} INFO - [2024-07-31T12:28:38.360+0000] {dagbag.py:545} INFO - Filling up the DagBag from /home/airflow/.local/lib/python3.12/site-packages/airflow/example_dags/example_skip_dag.py
[2024-07-31T12:28:38.366+0000] {processor.py:840} INFO - DAG(s) 'example_skip_dag' retrieved from /home/airflow/.local/lib/python3.12/site-packages/airflow/example_dags/example_skip_dag.py
[2024-07-31T12:28:38.393+0000] {logging_mixin.py:188} INFO - [2024-07-31T12:28:38.393+0000] {dag.py:3089} INFO - Sync 1 DAGs
[2024-07-31T12:28:38.432+0000] {logging_mixin.py:188} INFO - [2024-07-31T12:28:38.431+0000] {dag.py:3947} INFO - Setting next_dagrun for example_skip_dag to 2024-07-30 00:00:00+00:00, run_after=2024-07-31 00:00:00+00:00
[2024-07-31T12:28:38.469+0000] {processor.py:183} INFO - Processing /home/airflow/.local/lib/python3.12/site-packages/airflow/example_dags/example_skip_dag.py took 0.121 seconds
[2024-07-31T12:29:09.208+0000] {processor.py:161} INFO - Started process (PID=2386) to work on /home/airflow/.local/lib/python3.12/site-packages/airflow/example_dags/example_skip_dag.py
[2024-07-31T12:29:09.209+0000] {processor.py:830} INFO - Processing file /home/airflow/.local/lib/python3.12/site-packages/airflow/example_dags/example_skip_dag.py for tasks to queue
[2024-07-31T12:29:09.219+0000] {logging_mixin.py:188} INFO - [2024-07-31T12:29:09.219+0000] {dagbag.py:545} INFO - Filling up the DagBag from /home/airflow/.local/lib/python3.12/site-packages/airflow/example_dags/example_skip_dag.py
[2024-07-31T12:29:09.243+0000] {processor.py:840} INFO - DAG(s) 'example_skip_dag' retrieved from /home/airflow/.local/lib/python3.12/site-packages/airflow/example_dags/example_skip_dag.py
[2024-07-31T12:29:09.296+0000] {logging_mixin.py:188} INFO - [2024-07-31T12:29:09.295+0000] {dag.py:3089} INFO - Sync 1 DAGs
[2024-07-31T12:29:09.389+0000] {logging_mixin.py:188} INFO - [2024-07-31T12:29:09.388+0000] {dag.py:3947} INFO - Setting next_dagrun for example_skip_dag to 2024-07-30 00:00:00+00:00, run_after=2024-07-31 00:00:00+00:00
[2024-07-31T12:29:09.436+0000] {processor.py:183} INFO - Processing /home/airflow/.local/lib/python3.12/site-packages/airflow/example_dags/example_skip_dag.py took 0.238 seconds
[2024-07-31T12:29:39.656+0000] {processor.py:161} INFO - Started process (PID=2443) to work on /home/airflow/.local/lib/python3.12/site-packages/airflow/example_dags/example_skip_dag.py
[2024-07-31T12:29:39.657+0000] {processor.py:830} INFO - Processing file /home/airflow/.local/lib/python3.12/site-packages/airflow/example_dags/example_skip_dag.py for tasks to queue
[2024-07-31T12:29:39.659+0000] {logging_mixin.py:188} INFO - [2024-07-31T12:29:39.658+0000] {dagbag.py:545} INFO - Filling up the DagBag from /home/airflow/.local/lib/python3.12/site-packages/airflow/example_dags/example_skip_dag.py
[2024-07-31T12:29:39.668+0000] {processor.py:840} INFO - DAG(s) 'example_skip_dag' retrieved from /home/airflow/.local/lib/python3.12/site-packages/airflow/example_dags/example_skip_dag.py
[2024-07-31T12:29:39.700+0000] {logging_mixin.py:188} INFO - [2024-07-31T12:29:39.699+0000] {dag.py:3089} INFO - Sync 1 DAGs
[2024-07-31T12:29:39.737+0000] {logging_mixin.py:188} INFO - [2024-07-31T12:29:39.737+0000] {dag.py:3947} INFO - Setting next_dagrun for example_skip_dag to 2024-07-30 00:00:00+00:00, run_after=2024-07-31 00:00:00+00:00
[2024-07-31T12:29:39.768+0000] {processor.py:183} INFO - Processing /home/airflow/.local/lib/python3.12/site-packages/airflow/example_dags/example_skip_dag.py took 0.120 seconds
[2024-07-31T12:30:10.357+0000] {processor.py:161} INFO - Started process (PID=2501) to work on /home/airflow/.local/lib/python3.12/site-packages/airflow/example_dags/example_skip_dag.py
[2024-07-31T12:30:10.358+0000] {processor.py:830} INFO - Processing file /home/airflow/.local/lib/python3.12/site-packages/airflow/example_dags/example_skip_dag.py for tasks to queue
[2024-07-31T12:30:10.360+0000] {logging_mixin.py:188} INFO - [2024-07-31T12:30:10.360+0000] {dagbag.py:545} INFO - Filling up the DagBag from /home/airflow/.local/lib/python3.12/site-packages/airflow/example_dags/example_skip_dag.py
[2024-07-31T12:30:10.366+0000] {processor.py:840} INFO - DAG(s) 'example_skip_dag' retrieved from /home/airflow/.local/lib/python3.12/site-packages/airflow/example_dags/example_skip_dag.py
[2024-07-31T12:30:10.393+0000] {logging_mixin.py:188} INFO - [2024-07-31T12:30:10.393+0000] {dag.py:3089} INFO - Sync 1 DAGs
[2024-07-31T12:30:10.429+0000] {logging_mixin.py:188} INFO - [2024-07-31T12:30:10.428+0000] {dag.py:3947} INFO - Setting next_dagrun for example_skip_dag to 2024-07-30 00:00:00+00:00, run_after=2024-07-31 00:00:00+00:00
[2024-07-31T12:30:10.455+0000] {processor.py:183} INFO - Processing /home/airflow/.local/lib/python3.12/site-packages/airflow/example_dags/example_skip_dag.py took 0.105 seconds
[2024-07-31T12:30:41.110+0000] {processor.py:161} INFO - Started process (PID=2559) to work on /home/airflow/.local/lib/python3.12/site-packages/airflow/example_dags/example_skip_dag.py
[2024-07-31T12:30:41.112+0000] {processor.py:830} INFO - Processing file /home/airflow/.local/lib/python3.12/site-packages/airflow/example_dags/example_skip_dag.py for tasks to queue
[2024-07-31T12:30:41.114+0000] {logging_mixin.py:188} INFO - [2024-07-31T12:30:41.114+0000] {dagbag.py:545} INFO - Filling up the DagBag from /home/airflow/.local/lib/python3.12/site-packages/airflow/example_dags/example_skip_dag.py
[2024-07-31T12:30:41.123+0000] {processor.py:840} INFO - DAG(s) 'example_skip_dag' retrieved from /home/airflow/.local/lib/python3.12/site-packages/airflow/example_dags/example_skip_dag.py
[2024-07-31T12:30:41.152+0000] {logging_mixin.py:188} INFO - [2024-07-31T12:30:41.152+0000] {dag.py:3089} INFO - Sync 1 DAGs
[2024-07-31T12:30:41.185+0000] {logging_mixin.py:188} INFO - [2024-07-31T12:30:41.185+0000] {dag.py:3947} INFO - Setting next_dagrun for example_skip_dag to 2024-07-30 00:00:00+00:00, run_after=2024-07-31 00:00:00+00:00
[2024-07-31T12:30:41.215+0000] {processor.py:183} INFO - Processing /home/airflow/.local/lib/python3.12/site-packages/airflow/example_dags/example_skip_dag.py took 0.112 seconds
[2024-07-31T12:31:11.752+0000] {processor.py:161} INFO - Started process (PID=2616) to work on /home/airflow/.local/lib/python3.12/site-packages/airflow/example_dags/example_skip_dag.py
[2024-07-31T12:31:11.753+0000] {processor.py:830} INFO - Processing file /home/airflow/.local/lib/python3.12/site-packages/airflow/example_dags/example_skip_dag.py for tasks to queue
[2024-07-31T12:31:11.755+0000] {logging_mixin.py:188} INFO - [2024-07-31T12:31:11.755+0000] {dagbag.py:545} INFO - Filling up the DagBag from /home/airflow/.local/lib/python3.12/site-packages/airflow/example_dags/example_skip_dag.py
[2024-07-31T12:31:11.764+0000] {processor.py:840} INFO - DAG(s) 'example_skip_dag' retrieved from /home/airflow/.local/lib/python3.12/site-packages/airflow/example_dags/example_skip_dag.py
[2024-07-31T12:31:11.793+0000] {logging_mixin.py:188} INFO - [2024-07-31T12:31:11.793+0000] {dag.py:3089} INFO - Sync 1 DAGs
[2024-07-31T12:31:11.819+0000] {logging_mixin.py:188} INFO - [2024-07-31T12:31:11.818+0000] {dag.py:3947} INFO - Setting next_dagrun for example_skip_dag to 2024-07-30 00:00:00+00:00, run_after=2024-07-31 00:00:00+00:00
[2024-07-31T12:31:11.852+0000] {processor.py:183} INFO - Processing /home/airflow/.local/lib/python3.12/site-packages/airflow/example_dags/example_skip_dag.py took 0.108 seconds
[2024-07-31T12:31:42.455+0000] {processor.py:161} INFO - Started process (PID=2674) to work on /home/airflow/.local/lib/python3.12/site-packages/airflow/example_dags/example_skip_dag.py
[2024-07-31T12:31:42.456+0000] {processor.py:830} INFO - Processing file /home/airflow/.local/lib/python3.12/site-packages/airflow/example_dags/example_skip_dag.py for tasks to queue
[2024-07-31T12:31:42.458+0000] {logging_mixin.py:188} INFO - [2024-07-31T12:31:42.457+0000] {dagbag.py:545} INFO - Filling up the DagBag from /home/airflow/.local/lib/python3.12/site-packages/airflow/example_dags/example_skip_dag.py
[2024-07-31T12:31:42.465+0000] {processor.py:840} INFO - DAG(s) 'example_skip_dag' retrieved from /home/airflow/.local/lib/python3.12/site-packages/airflow/example_dags/example_skip_dag.py
[2024-07-31T12:31:42.492+0000] {logging_mixin.py:188} INFO - [2024-07-31T12:31:42.492+0000] {dag.py:3089} INFO - Sync 1 DAGs
[2024-07-31T12:31:42.521+0000] {logging_mixin.py:188} INFO - [2024-07-31T12:31:42.521+0000] {dag.py:3947} INFO - Setting next_dagrun for example_skip_dag to 2024-07-30 00:00:00+00:00, run_after=2024-07-31 00:00:00+00:00
[2024-07-31T12:31:42.550+0000] {processor.py:183} INFO - Processing /home/airflow/.local/lib/python3.12/site-packages/airflow/example_dags/example_skip_dag.py took 0.103 seconds
[2024-07-31T12:32:12.967+0000] {processor.py:161} INFO - Started process (PID=2732) to work on /home/airflow/.local/lib/python3.12/site-packages/airflow/example_dags/example_skip_dag.py
[2024-07-31T12:32:12.968+0000] {processor.py:830} INFO - Processing file /home/airflow/.local/lib/python3.12/site-packages/airflow/example_dags/example_skip_dag.py for tasks to queue
[2024-07-31T12:32:12.970+0000] {logging_mixin.py:188} INFO - [2024-07-31T12:32:12.969+0000] {dagbag.py:545} INFO - Filling up the DagBag from /home/airflow/.local/lib/python3.12/site-packages/airflow/example_dags/example_skip_dag.py
[2024-07-31T12:32:12.976+0000] {processor.py:840} INFO - DAG(s) 'example_skip_dag' retrieved from /home/airflow/.local/lib/python3.12/site-packages/airflow/example_dags/example_skip_dag.py
[2024-07-31T12:32:13.012+0000] {logging_mixin.py:188} INFO - [2024-07-31T12:32:13.011+0000] {dag.py:3089} INFO - Sync 1 DAGs
[2024-07-31T12:32:13.047+0000] {logging_mixin.py:188} INFO - [2024-07-31T12:32:13.047+0000] {dag.py:3947} INFO - Setting next_dagrun for example_skip_dag to 2024-07-30 00:00:00+00:00, run_after=2024-07-31 00:00:00+00:00
[2024-07-31T12:32:13.072+0000] {processor.py:183} INFO - Processing /home/airflow/.local/lib/python3.12/site-packages/airflow/example_dags/example_skip_dag.py took 0.110 seconds
[2024-07-31T12:32:43.243+0000] {processor.py:161} INFO - Started process (PID=2790) to work on /home/airflow/.local/lib/python3.12/site-packages/airflow/example_dags/example_skip_dag.py
[2024-07-31T12:32:43.243+0000] {processor.py:830} INFO - Processing file /home/airflow/.local/lib/python3.12/site-packages/airflow/example_dags/example_skip_dag.py for tasks to queue
[2024-07-31T12:32:43.246+0000] {logging_mixin.py:188} INFO - [2024-07-31T12:32:43.245+0000] {dagbag.py:545} INFO - Filling up the DagBag from /home/airflow/.local/lib/python3.12/site-packages/airflow/example_dags/example_skip_dag.py
[2024-07-31T12:32:43.254+0000] {processor.py:840} INFO - DAG(s) 'example_skip_dag' retrieved from /home/airflow/.local/lib/python3.12/site-packages/airflow/example_dags/example_skip_dag.py
[2024-07-31T12:32:43.291+0000] {logging_mixin.py:188} INFO - [2024-07-31T12:32:43.290+0000] {dag.py:3089} INFO - Sync 1 DAGs
[2024-07-31T12:32:43.333+0000] {logging_mixin.py:188} INFO - [2024-07-31T12:32:43.332+0000] {dag.py:3947} INFO - Setting next_dagrun for example_skip_dag to 2024-07-30 00:00:00+00:00, run_after=2024-07-31 00:00:00+00:00
[2024-07-31T12:32:43.364+0000] {processor.py:183} INFO - Processing /home/airflow/.local/lib/python3.12/site-packages/airflow/example_dags/example_skip_dag.py took 0.128 seconds
[2024-07-31T12:33:13.623+0000] {processor.py:161} INFO - Started process (PID=2848) to work on /home/airflow/.local/lib/python3.12/site-packages/airflow/example_dags/example_skip_dag.py
[2024-07-31T12:33:13.623+0000] {processor.py:830} INFO - Processing file /home/airflow/.local/lib/python3.12/site-packages/airflow/example_dags/example_skip_dag.py for tasks to queue
[2024-07-31T12:33:13.625+0000] {logging_mixin.py:188} INFO - [2024-07-31T12:33:13.625+0000] {dagbag.py:545} INFO - Filling up the DagBag from /home/airflow/.local/lib/python3.12/site-packages/airflow/example_dags/example_skip_dag.py
[2024-07-31T12:33:13.632+0000] {processor.py:840} INFO - DAG(s) 'example_skip_dag' retrieved from /home/airflow/.local/lib/python3.12/site-packages/airflow/example_dags/example_skip_dag.py
[2024-07-31T12:33:13.660+0000] {logging_mixin.py:188} INFO - [2024-07-31T12:33:13.659+0000] {dag.py:3089} INFO - Sync 1 DAGs
[2024-07-31T12:33:13.692+0000] {logging_mixin.py:188} INFO - [2024-07-31T12:33:13.691+0000] {dag.py:3947} INFO - Setting next_dagrun for example_skip_dag to 2024-07-30 00:00:00+00:00, run_after=2024-07-31 00:00:00+00:00
[2024-07-31T12:33:13.717+0000] {processor.py:183} INFO - Processing /home/airflow/.local/lib/python3.12/site-packages/airflow/example_dags/example_skip_dag.py took 0.103 seconds
[2024-07-31T12:33:44.478+0000] {processor.py:161} INFO - Started process (PID=2906) to work on /home/airflow/.local/lib/python3.12/site-packages/airflow/example_dags/example_skip_dag.py
[2024-07-31T12:33:44.479+0000] {processor.py:830} INFO - Processing file /home/airflow/.local/lib/python3.12/site-packages/airflow/example_dags/example_skip_dag.py for tasks to queue
[2024-07-31T12:33:44.481+0000] {logging_mixin.py:188} INFO - [2024-07-31T12:33:44.480+0000] {dagbag.py:545} INFO - Filling up the DagBag from /home/airflow/.local/lib/python3.12/site-packages/airflow/example_dags/example_skip_dag.py
[2024-07-31T12:33:44.488+0000] {processor.py:840} INFO - DAG(s) 'example_skip_dag' retrieved from /home/airflow/.local/lib/python3.12/site-packages/airflow/example_dags/example_skip_dag.py
[2024-07-31T12:33:44.513+0000] {logging_mixin.py:188} INFO - [2024-07-31T12:33:44.513+0000] {dag.py:3089} INFO - Sync 1 DAGs
[2024-07-31T12:33:44.545+0000] {logging_mixin.py:188} INFO - [2024-07-31T12:33:44.544+0000] {dag.py:3947} INFO - Setting next_dagrun for example_skip_dag to 2024-07-30 00:00:00+00:00, run_after=2024-07-31 00:00:00+00:00
[2024-07-31T12:33:44.576+0000] {processor.py:183} INFO - Processing /home/airflow/.local/lib/python3.12/site-packages/airflow/example_dags/example_skip_dag.py took 0.105 seconds
[2024-07-31T12:34:14.908+0000] {processor.py:161} INFO - Started process (PID=2964) to work on /home/airflow/.local/lib/python3.12/site-packages/airflow/example_dags/example_skip_dag.py
[2024-07-31T12:34:14.909+0000] {processor.py:830} INFO - Processing file /home/airflow/.local/lib/python3.12/site-packages/airflow/example_dags/example_skip_dag.py for tasks to queue
[2024-07-31T12:34:14.911+0000] {logging_mixin.py:188} INFO - [2024-07-31T12:34:14.910+0000] {dagbag.py:545} INFO - Filling up the DagBag from /home/airflow/.local/lib/python3.12/site-packages/airflow/example_dags/example_skip_dag.py
[2024-07-31T12:34:14.918+0000] {processor.py:840} INFO - DAG(s) 'example_skip_dag' retrieved from /home/airflow/.local/lib/python3.12/site-packages/airflow/example_dags/example_skip_dag.py
[2024-07-31T12:34:14.956+0000] {logging_mixin.py:188} INFO - [2024-07-31T12:34:14.955+0000] {dag.py:3089} INFO - Sync 1 DAGs
[2024-07-31T12:34:14.990+0000] {logging_mixin.py:188} INFO - [2024-07-31T12:34:14.990+0000] {dag.py:3947} INFO - Setting next_dagrun for example_skip_dag to 2024-07-30 00:00:00+00:00, run_after=2024-07-31 00:00:00+00:00
[2024-07-31T12:34:15.028+0000] {processor.py:183} INFO - Processing /home/airflow/.local/lib/python3.12/site-packages/airflow/example_dags/example_skip_dag.py took 0.128 seconds
[2024-07-31T12:34:45.300+0000] {processor.py:161} INFO - Started process (PID=3021) to work on /home/airflow/.local/lib/python3.12/site-packages/airflow/example_dags/example_skip_dag.py
[2024-07-31T12:34:45.301+0000] {processor.py:830} INFO - Processing file /home/airflow/.local/lib/python3.12/site-packages/airflow/example_dags/example_skip_dag.py for tasks to queue
[2024-07-31T12:34:45.303+0000] {logging_mixin.py:188} INFO - [2024-07-31T12:34:45.302+0000] {dagbag.py:545} INFO - Filling up the DagBag from /home/airflow/.local/lib/python3.12/site-packages/airflow/example_dags/example_skip_dag.py
[2024-07-31T12:34:45.308+0000] {processor.py:840} INFO - DAG(s) 'example_skip_dag' retrieved from /home/airflow/.local/lib/python3.12/site-packages/airflow/example_dags/example_skip_dag.py
[2024-07-31T12:34:45.340+0000] {logging_mixin.py:188} INFO - [2024-07-31T12:34:45.339+0000] {dag.py:3089} INFO - Sync 1 DAGs
[2024-07-31T12:34:45.374+0000] {logging_mixin.py:188} INFO - [2024-07-31T12:34:45.374+0000] {dag.py:3947} INFO - Setting next_dagrun for example_skip_dag to 2024-07-30 00:00:00+00:00, run_after=2024-07-31 00:00:00+00:00
[2024-07-31T12:34:45.399+0000] {processor.py:183} INFO - Processing /home/airflow/.local/lib/python3.12/site-packages/airflow/example_dags/example_skip_dag.py took 0.108 seconds
[2024-07-31T12:35:15.828+0000] {processor.py:161} INFO - Started process (PID=3078) to work on /home/airflow/.local/lib/python3.12/site-packages/airflow/example_dags/example_skip_dag.py
[2024-07-31T12:35:15.829+0000] {processor.py:830} INFO - Processing file /home/airflow/.local/lib/python3.12/site-packages/airflow/example_dags/example_skip_dag.py for tasks to queue
[2024-07-31T12:35:15.832+0000] {logging_mixin.py:188} INFO - [2024-07-31T12:35:15.831+0000] {dagbag.py:545} INFO - Filling up the DagBag from /home/airflow/.local/lib/python3.12/site-packages/airflow/example_dags/example_skip_dag.py
[2024-07-31T12:35:15.839+0000] {processor.py:840} INFO - DAG(s) 'example_skip_dag' retrieved from /home/airflow/.local/lib/python3.12/site-packages/airflow/example_dags/example_skip_dag.py
[2024-07-31T12:35:15.876+0000] {logging_mixin.py:188} INFO - [2024-07-31T12:35:15.876+0000] {dag.py:3089} INFO - Sync 1 DAGs
[2024-07-31T12:35:15.904+0000] {logging_mixin.py:188} INFO - [2024-07-31T12:35:15.904+0000] {dag.py:3947} INFO - Setting next_dagrun for example_skip_dag to 2024-07-30 00:00:00+00:00, run_after=2024-07-31 00:00:00+00:00
[2024-07-31T12:35:15.933+0000] {processor.py:183} INFO - Processing /home/airflow/.local/lib/python3.12/site-packages/airflow/example_dags/example_skip_dag.py took 0.113 seconds
[2024-07-31T12:35:46.143+0000] {processor.py:161} INFO - Started process (PID=3135) to work on /home/airflow/.local/lib/python3.12/site-packages/airflow/example_dags/example_skip_dag.py
[2024-07-31T12:35:46.145+0000] {processor.py:830} INFO - Processing file /home/airflow/.local/lib/python3.12/site-packages/airflow/example_dags/example_skip_dag.py for tasks to queue
[2024-07-31T12:35:46.147+0000] {logging_mixin.py:188} INFO - [2024-07-31T12:35:46.147+0000] {dagbag.py:545} INFO - Filling up the DagBag from /home/airflow/.local/lib/python3.12/site-packages/airflow/example_dags/example_skip_dag.py
[2024-07-31T12:35:46.161+0000] {processor.py:840} INFO - DAG(s) 'example_skip_dag' retrieved from /home/airflow/.local/lib/python3.12/site-packages/airflow/example_dags/example_skip_dag.py
[2024-07-31T12:35:46.201+0000] {logging_mixin.py:188} INFO - [2024-07-31T12:35:46.200+0000] {dag.py:3089} INFO - Sync 1 DAGs
[2024-07-31T12:35:46.235+0000] {logging_mixin.py:188} INFO - [2024-07-31T12:35:46.234+0000] {dag.py:3947} INFO - Setting next_dagrun for example_skip_dag to 2024-07-30 00:00:00+00:00, run_after=2024-07-31 00:00:00+00:00
[2024-07-31T12:35:46.261+0000] {processor.py:183} INFO - Processing /home/airflow/.local/lib/python3.12/site-packages/airflow/example_dags/example_skip_dag.py took 0.129 seconds
[2024-07-31T12:36:16.553+0000] {processor.py:161} INFO - Started process (PID=3192) to work on /home/airflow/.local/lib/python3.12/site-packages/airflow/example_dags/example_skip_dag.py
[2024-07-31T12:36:16.554+0000] {processor.py:830} INFO - Processing file /home/airflow/.local/lib/python3.12/site-packages/airflow/example_dags/example_skip_dag.py for tasks to queue
[2024-07-31T12:36:16.557+0000] {logging_mixin.py:188} INFO - [2024-07-31T12:36:16.556+0000] {dagbag.py:545} INFO - Filling up the DagBag from /home/airflow/.local/lib/python3.12/site-packages/airflow/example_dags/example_skip_dag.py
[2024-07-31T12:36:16.567+0000] {processor.py:840} INFO - DAG(s) 'example_skip_dag' retrieved from /home/airflow/.local/lib/python3.12/site-packages/airflow/example_dags/example_skip_dag.py
[2024-07-31T12:36:16.605+0000] {logging_mixin.py:188} INFO - [2024-07-31T12:36:16.605+0000] {dag.py:3089} INFO - Sync 1 DAGs
[2024-07-31T12:36:16.647+0000] {logging_mixin.py:188} INFO - [2024-07-31T12:36:16.647+0000] {dag.py:3947} INFO - Setting next_dagrun for example_skip_dag to 2024-07-30 00:00:00+00:00, run_after=2024-07-31 00:00:00+00:00
[2024-07-31T12:36:16.693+0000] {processor.py:183} INFO - Processing /home/airflow/.local/lib/python3.12/site-packages/airflow/example_dags/example_skip_dag.py took 0.153 seconds
[2024-07-31T12:36:46.757+0000] {processor.py:161} INFO - Started process (PID=3248) to work on /home/airflow/.local/lib/python3.12/site-packages/airflow/example_dags/example_skip_dag.py
[2024-07-31T12:36:46.760+0000] {processor.py:830} INFO - Processing file /home/airflow/.local/lib/python3.12/site-packages/airflow/example_dags/example_skip_dag.py for tasks to queue
[2024-07-31T12:36:46.763+0000] {logging_mixin.py:188} INFO - [2024-07-31T12:36:46.763+0000] {dagbag.py:545} INFO - Filling up the DagBag from /home/airflow/.local/lib/python3.12/site-packages/airflow/example_dags/example_skip_dag.py
[2024-07-31T12:36:46.773+0000] {processor.py:840} INFO - DAG(s) 'example_skip_dag' retrieved from /home/airflow/.local/lib/python3.12/site-packages/airflow/example_dags/example_skip_dag.py
[2024-07-31T12:36:46.804+0000] {logging_mixin.py:188} INFO - [2024-07-31T12:36:46.804+0000] {dag.py:3089} INFO - Sync 1 DAGs
[2024-07-31T12:36:46.837+0000] {logging_mixin.py:188} INFO - [2024-07-31T12:36:46.836+0000] {dag.py:3947} INFO - Setting next_dagrun for example_skip_dag to 2024-07-30 00:00:00+00:00, run_after=2024-07-31 00:00:00+00:00
[2024-07-31T12:36:46.871+0000] {processor.py:183} INFO - Processing /home/airflow/.local/lib/python3.12/site-packages/airflow/example_dags/example_skip_dag.py took 0.123 seconds
[2024-07-31T12:37:17.041+0000] {processor.py:161} INFO - Started process (PID=3306) to work on /home/airflow/.local/lib/python3.12/site-packages/airflow/example_dags/example_skip_dag.py
[2024-07-31T12:37:17.042+0000] {processor.py:830} INFO - Processing file /home/airflow/.local/lib/python3.12/site-packages/airflow/example_dags/example_skip_dag.py for tasks to queue
[2024-07-31T12:37:17.044+0000] {logging_mixin.py:188} INFO - [2024-07-31T12:37:17.043+0000] {dagbag.py:545} INFO - Filling up the DagBag from /home/airflow/.local/lib/python3.12/site-packages/airflow/example_dags/example_skip_dag.py
[2024-07-31T12:37:17.050+0000] {processor.py:840} INFO - DAG(s) 'example_skip_dag' retrieved from /home/airflow/.local/lib/python3.12/site-packages/airflow/example_dags/example_skip_dag.py
[2024-07-31T12:37:17.072+0000] {logging_mixin.py:188} INFO - [2024-07-31T12:37:17.071+0000] {dag.py:3089} INFO - Sync 1 DAGs
[2024-07-31T12:37:17.098+0000] {logging_mixin.py:188} INFO - [2024-07-31T12:37:17.098+0000] {dag.py:3947} INFO - Setting next_dagrun for example_skip_dag to 2024-07-30 00:00:00+00:00, run_after=2024-07-31 00:00:00+00:00
[2024-07-31T12:37:17.123+0000] {processor.py:183} INFO - Processing /home/airflow/.local/lib/python3.12/site-packages/airflow/example_dags/example_skip_dag.py took 0.088 seconds
[2024-07-31T12:37:47.206+0000] {processor.py:161} INFO - Started process (PID=3363) to work on /home/airflow/.local/lib/python3.12/site-packages/airflow/example_dags/example_skip_dag.py
[2024-07-31T12:37:47.209+0000] {processor.py:830} INFO - Processing file /home/airflow/.local/lib/python3.12/site-packages/airflow/example_dags/example_skip_dag.py for tasks to queue
[2024-07-31T12:37:47.210+0000] {logging_mixin.py:188} INFO - [2024-07-31T12:37:47.210+0000] {dagbag.py:545} INFO - Filling up the DagBag from /home/airflow/.local/lib/python3.12/site-packages/airflow/example_dags/example_skip_dag.py
[2024-07-31T12:37:47.217+0000] {processor.py:840} INFO - DAG(s) 'example_skip_dag' retrieved from /home/airflow/.local/lib/python3.12/site-packages/airflow/example_dags/example_skip_dag.py
[2024-07-31T12:37:47.242+0000] {logging_mixin.py:188} INFO - [2024-07-31T12:37:47.242+0000] {dag.py:3089} INFO - Sync 1 DAGs
[2024-07-31T12:37:47.270+0000] {logging_mixin.py:188} INFO - [2024-07-31T12:37:47.270+0000] {dag.py:3947} INFO - Setting next_dagrun for example_skip_dag to 2024-07-30 00:00:00+00:00, run_after=2024-07-31 00:00:00+00:00
[2024-07-31T12:37:47.294+0000] {processor.py:183} INFO - Processing /home/airflow/.local/lib/python3.12/site-packages/airflow/example_dags/example_skip_dag.py took 0.093 seconds
[2024-07-31T12:38:17.757+0000] {processor.py:161} INFO - Started process (PID=3422) to work on /home/airflow/.local/lib/python3.12/site-packages/airflow/example_dags/example_skip_dag.py
[2024-07-31T12:38:17.757+0000] {processor.py:830} INFO - Processing file /home/airflow/.local/lib/python3.12/site-packages/airflow/example_dags/example_skip_dag.py for tasks to queue
[2024-07-31T12:38:17.759+0000] {logging_mixin.py:188} INFO - [2024-07-31T12:38:17.759+0000] {dagbag.py:545} INFO - Filling up the DagBag from /home/airflow/.local/lib/python3.12/site-packages/airflow/example_dags/example_skip_dag.py
[2024-07-31T12:38:17.765+0000] {processor.py:840} INFO - DAG(s) 'example_skip_dag' retrieved from /home/airflow/.local/lib/python3.12/site-packages/airflow/example_dags/example_skip_dag.py
[2024-07-31T12:38:17.792+0000] {logging_mixin.py:188} INFO - [2024-07-31T12:38:17.791+0000] {dag.py:3089} INFO - Sync 1 DAGs
[2024-07-31T12:38:17.819+0000] {logging_mixin.py:188} INFO - [2024-07-31T12:38:17.819+0000] {dag.py:3947} INFO - Setting next_dagrun for example_skip_dag to 2024-07-30 00:00:00+00:00, run_after=2024-07-31 00:00:00+00:00
[2024-07-31T12:38:17.845+0000] {processor.py:183} INFO - Processing /home/airflow/.local/lib/python3.12/site-packages/airflow/example_dags/example_skip_dag.py took 0.094 seconds
