[2024-07-31T12:08:50.836+0000] {processor.py:161} INFO - Started process (PID=78) to work on /home/airflow/.local/lib/python3.12/site-packages/airflow/example_dags/example_latest_only.py
[2024-07-31T12:08:50.837+0000] {processor.py:830} INFO - Processing file /home/airflow/.local/lib/python3.12/site-packages/airflow/example_dags/example_latest_only.py for tasks to queue
[2024-07-31T12:08:50.839+0000] {logging_mixin.py:188} INFO - [2024-07-31T12:08:50.839+0000] {dagbag.py:545} INFO - Filling up the DagBag from /home/airflow/.local/lib/python3.12/site-packages/airflow/example_dags/example_latest_only.py
[2024-07-31T12:08:50.846+0000] {processor.py:840} INFO - DAG(s) 'latest_only' retrieved from /home/airflow/.local/lib/python3.12/site-packages/airflow/example_dags/example_latest_only.py
[2024-07-31T12:08:51.024+0000] {logging_mixin.py:188} INFO - [2024-07-31T12:08:51.023+0000] {override.py:1858} INFO - Created Permission View: can delete on DAG:latest_only
[2024-07-31T12:08:51.040+0000] {logging_mixin.py:188} INFO - [2024-07-31T12:08:51.039+0000] {override.py:1858} INFO - Created Permission View: can read on DAG:latest_only
[2024-07-31T12:08:51.049+0000] {logging_mixin.py:188} INFO - [2024-07-31T12:08:51.048+0000] {override.py:1858} INFO - Created Permission View: can edit on DAG:latest_only
[2024-07-31T12:08:51.049+0000] {logging_mixin.py:188} INFO - [2024-07-31T12:08:51.049+0000] {dag.py:3089} INFO - Sync 1 DAGs
[2024-07-31T12:08:51.064+0000] {logging_mixin.py:188} INFO - [2024-07-31T12:08:51.064+0000] {dag.py:3111} INFO - Creating ORM DAG for latest_only
[2024-07-31T12:08:51.078+0000] {logging_mixin.py:188} INFO - [2024-07-31T12:08:51.078+0000] {dag.py:3947} INFO - Setting next_dagrun for latest_only to 2024-07-31 08:00:00+00:00, run_after=2024-07-31 12:00:00+00:00
[2024-07-31T12:08:51.103+0000] {processor.py:183} INFO - Processing /home/airflow/.local/lib/python3.12/site-packages/airflow/example_dags/example_latest_only.py took 0.273 seconds
[2024-07-31T12:09:21.857+0000] {processor.py:161} INFO - Started process (PID=136) to work on /home/airflow/.local/lib/python3.12/site-packages/airflow/example_dags/example_latest_only.py
[2024-07-31T12:09:21.859+0000] {processor.py:830} INFO - Processing file /home/airflow/.local/lib/python3.12/site-packages/airflow/example_dags/example_latest_only.py for tasks to queue
[2024-07-31T12:09:21.861+0000] {logging_mixin.py:188} INFO - [2024-07-31T12:09:21.860+0000] {dagbag.py:545} INFO - Filling up the DagBag from /home/airflow/.local/lib/python3.12/site-packages/airflow/example_dags/example_latest_only.py
[2024-07-31T12:09:21.870+0000] {processor.py:840} INFO - DAG(s) 'latest_only' retrieved from /home/airflow/.local/lib/python3.12/site-packages/airflow/example_dags/example_latest_only.py
[2024-07-31T12:09:21.895+0000] {logging_mixin.py:188} INFO - [2024-07-31T12:09:21.894+0000] {dag.py:3089} INFO - Sync 1 DAGs
[2024-07-31T12:09:21.926+0000] {logging_mixin.py:188} INFO - [2024-07-31T12:09:21.926+0000] {dag.py:3947} INFO - Setting next_dagrun for latest_only to 2024-07-31 08:00:00+00:00, run_after=2024-07-31 12:00:00+00:00
[2024-07-31T12:09:21.957+0000] {processor.py:183} INFO - Processing /home/airflow/.local/lib/python3.12/site-packages/airflow/example_dags/example_latest_only.py took 0.107 seconds
[2024-07-31T12:09:52.704+0000] {processor.py:161} INFO - Started process (PID=194) to work on /home/airflow/.local/lib/python3.12/site-packages/airflow/example_dags/example_latest_only.py
[2024-07-31T12:09:52.706+0000] {processor.py:830} INFO - Processing file /home/airflow/.local/lib/python3.12/site-packages/airflow/example_dags/example_latest_only.py for tasks to queue
[2024-07-31T12:09:52.708+0000] {logging_mixin.py:188} INFO - [2024-07-31T12:09:52.707+0000] {dagbag.py:545} INFO - Filling up the DagBag from /home/airflow/.local/lib/python3.12/site-packages/airflow/example_dags/example_latest_only.py
[2024-07-31T12:09:52.723+0000] {processor.py:840} INFO - DAG(s) 'latest_only' retrieved from /home/airflow/.local/lib/python3.12/site-packages/airflow/example_dags/example_latest_only.py
[2024-07-31T12:09:52.743+0000] {logging_mixin.py:188} INFO - [2024-07-31T12:09:52.742+0000] {dag.py:3089} INFO - Sync 1 DAGs
[2024-07-31T12:09:52.766+0000] {logging_mixin.py:188} INFO - [2024-07-31T12:09:52.765+0000] {dag.py:3947} INFO - Setting next_dagrun for latest_only to 2024-07-31 08:00:00+00:00, run_after=2024-07-31 12:00:00+00:00
[2024-07-31T12:09:52.785+0000] {processor.py:183} INFO - Processing /home/airflow/.local/lib/python3.12/site-packages/airflow/example_dags/example_latest_only.py took 0.087 seconds
[2024-07-31T12:10:23.210+0000] {processor.py:161} INFO - Started process (PID=252) to work on /home/airflow/.local/lib/python3.12/site-packages/airflow/example_dags/example_latest_only.py
[2024-07-31T12:10:23.210+0000] {processor.py:830} INFO - Processing file /home/airflow/.local/lib/python3.12/site-packages/airflow/example_dags/example_latest_only.py for tasks to queue
[2024-07-31T12:10:23.212+0000] {logging_mixin.py:188} INFO - [2024-07-31T12:10:23.211+0000] {dagbag.py:545} INFO - Filling up the DagBag from /home/airflow/.local/lib/python3.12/site-packages/airflow/example_dags/example_latest_only.py
[2024-07-31T12:10:23.216+0000] {processor.py:840} INFO - DAG(s) 'latest_only' retrieved from /home/airflow/.local/lib/python3.12/site-packages/airflow/example_dags/example_latest_only.py
[2024-07-31T12:10:23.232+0000] {logging_mixin.py:188} INFO - [2024-07-31T12:10:23.232+0000] {dag.py:3089} INFO - Sync 1 DAGs
[2024-07-31T12:10:23.253+0000] {logging_mixin.py:188} INFO - [2024-07-31T12:10:23.253+0000] {dag.py:3947} INFO - Setting next_dagrun for latest_only to 2024-07-31 08:00:00+00:00, run_after=2024-07-31 12:00:00+00:00
[2024-07-31T12:10:23.273+0000] {processor.py:183} INFO - Processing /home/airflow/.local/lib/python3.12/site-packages/airflow/example_dags/example_latest_only.py took 0.069 seconds
[2024-07-31T12:10:53.338+0000] {processor.py:161} INFO - Started process (PID=309) to work on /home/airflow/.local/lib/python3.12/site-packages/airflow/example_dags/example_latest_only.py
[2024-07-31T12:10:53.339+0000] {processor.py:830} INFO - Processing file /home/airflow/.local/lib/python3.12/site-packages/airflow/example_dags/example_latest_only.py for tasks to queue
[2024-07-31T12:10:53.340+0000] {logging_mixin.py:188} INFO - [2024-07-31T12:10:53.340+0000] {dagbag.py:545} INFO - Filling up the DagBag from /home/airflow/.local/lib/python3.12/site-packages/airflow/example_dags/example_latest_only.py
[2024-07-31T12:10:53.344+0000] {processor.py:840} INFO - DAG(s) 'latest_only' retrieved from /home/airflow/.local/lib/python3.12/site-packages/airflow/example_dags/example_latest_only.py
[2024-07-31T12:10:53.363+0000] {logging_mixin.py:188} INFO - [2024-07-31T12:10:53.363+0000] {dag.py:3089} INFO - Sync 1 DAGs
[2024-07-31T12:10:53.398+0000] {logging_mixin.py:188} INFO - [2024-07-31T12:10:53.397+0000] {dag.py:3947} INFO - Setting next_dagrun for latest_only to 2024-07-31 08:00:00+00:00, run_after=2024-07-31 12:00:00+00:00
[2024-07-31T12:10:53.424+0000] {processor.py:183} INFO - Processing /home/airflow/.local/lib/python3.12/site-packages/airflow/example_dags/example_latest_only.py took 0.092 seconds
[2024-07-31T12:11:24.015+0000] {processor.py:161} INFO - Started process (PID=367) to work on /home/airflow/.local/lib/python3.12/site-packages/airflow/example_dags/example_latest_only.py
[2024-07-31T12:11:24.015+0000] {processor.py:830} INFO - Processing file /home/airflow/.local/lib/python3.12/site-packages/airflow/example_dags/example_latest_only.py for tasks to queue
[2024-07-31T12:11:24.017+0000] {logging_mixin.py:188} INFO - [2024-07-31T12:11:24.016+0000] {dagbag.py:545} INFO - Filling up the DagBag from /home/airflow/.local/lib/python3.12/site-packages/airflow/example_dags/example_latest_only.py
[2024-07-31T12:11:24.022+0000] {processor.py:840} INFO - DAG(s) 'latest_only' retrieved from /home/airflow/.local/lib/python3.12/site-packages/airflow/example_dags/example_latest_only.py
[2024-07-31T12:11:24.044+0000] {logging_mixin.py:188} INFO - [2024-07-31T12:11:24.044+0000] {dag.py:3089} INFO - Sync 1 DAGs
[2024-07-31T12:11:24.081+0000] {logging_mixin.py:188} INFO - [2024-07-31T12:11:24.081+0000] {dag.py:3947} INFO - Setting next_dagrun for latest_only to 2024-07-31 08:00:00+00:00, run_after=2024-07-31 12:00:00+00:00
[2024-07-31T12:11:24.120+0000] {processor.py:183} INFO - Processing /home/airflow/.local/lib/python3.12/site-packages/airflow/example_dags/example_latest_only.py took 0.111 seconds
[2024-07-31T12:11:55.078+0000] {processor.py:161} INFO - Started process (PID=425) to work on /home/airflow/.local/lib/python3.12/site-packages/airflow/example_dags/example_latest_only.py
[2024-07-31T12:11:55.078+0000] {processor.py:830} INFO - Processing file /home/airflow/.local/lib/python3.12/site-packages/airflow/example_dags/example_latest_only.py for tasks to queue
[2024-07-31T12:11:55.080+0000] {logging_mixin.py:188} INFO - [2024-07-31T12:11:55.080+0000] {dagbag.py:545} INFO - Filling up the DagBag from /home/airflow/.local/lib/python3.12/site-packages/airflow/example_dags/example_latest_only.py
[2024-07-31T12:11:55.084+0000] {processor.py:840} INFO - DAG(s) 'latest_only' retrieved from /home/airflow/.local/lib/python3.12/site-packages/airflow/example_dags/example_latest_only.py
[2024-07-31T12:11:55.107+0000] {logging_mixin.py:188} INFO - [2024-07-31T12:11:55.107+0000] {dag.py:3089} INFO - Sync 1 DAGs
[2024-07-31T12:11:55.141+0000] {logging_mixin.py:188} INFO - [2024-07-31T12:11:55.141+0000] {dag.py:3947} INFO - Setting next_dagrun for latest_only to 2024-07-31 08:00:00+00:00, run_after=2024-07-31 12:00:00+00:00
[2024-07-31T12:11:55.171+0000] {processor.py:183} INFO - Processing /home/airflow/.local/lib/python3.12/site-packages/airflow/example_dags/example_latest_only.py took 0.098 seconds
[2024-07-31T12:12:25.667+0000] {processor.py:161} INFO - Started process (PID=488) to work on /home/airflow/.local/lib/python3.12/site-packages/airflow/example_dags/example_latest_only.py
[2024-07-31T12:12:25.668+0000] {processor.py:830} INFO - Processing file /home/airflow/.local/lib/python3.12/site-packages/airflow/example_dags/example_latest_only.py for tasks to queue
[2024-07-31T12:12:25.669+0000] {logging_mixin.py:188} INFO - [2024-07-31T12:12:25.669+0000] {dagbag.py:545} INFO - Filling up the DagBag from /home/airflow/.local/lib/python3.12/site-packages/airflow/example_dags/example_latest_only.py
[2024-07-31T12:12:25.674+0000] {processor.py:840} INFO - DAG(s) 'latest_only' retrieved from /home/airflow/.local/lib/python3.12/site-packages/airflow/example_dags/example_latest_only.py
[2024-07-31T12:12:25.691+0000] {logging_mixin.py:188} INFO - [2024-07-31T12:12:25.691+0000] {dag.py:3089} INFO - Sync 1 DAGs
[2024-07-31T12:12:25.719+0000] {logging_mixin.py:188} INFO - [2024-07-31T12:12:25.719+0000] {dag.py:3947} INFO - Setting next_dagrun for latest_only to 2024-07-31 08:00:00+00:00, run_after=2024-07-31 12:00:00+00:00
[2024-07-31T12:12:25.751+0000] {processor.py:183} INFO - Processing /home/airflow/.local/lib/python3.12/site-packages/airflow/example_dags/example_latest_only.py took 0.091 seconds
[2024-07-31T12:12:56.371+0000] {processor.py:161} INFO - Started process (PID=546) to work on /home/airflow/.local/lib/python3.12/site-packages/airflow/example_dags/example_latest_only.py
[2024-07-31T12:12:56.372+0000] {processor.py:830} INFO - Processing file /home/airflow/.local/lib/python3.12/site-packages/airflow/example_dags/example_latest_only.py for tasks to queue
[2024-07-31T12:12:56.373+0000] {logging_mixin.py:188} INFO - [2024-07-31T12:12:56.373+0000] {dagbag.py:545} INFO - Filling up the DagBag from /home/airflow/.local/lib/python3.12/site-packages/airflow/example_dags/example_latest_only.py
[2024-07-31T12:12:56.377+0000] {processor.py:840} INFO - DAG(s) 'latest_only' retrieved from /home/airflow/.local/lib/python3.12/site-packages/airflow/example_dags/example_latest_only.py
[2024-07-31T12:12:56.400+0000] {logging_mixin.py:188} INFO - [2024-07-31T12:12:56.399+0000] {dag.py:3089} INFO - Sync 1 DAGs
[2024-07-31T12:12:56.429+0000] {logging_mixin.py:188} INFO - [2024-07-31T12:12:56.429+0000] {dag.py:3947} INFO - Setting next_dagrun for latest_only to 2024-07-31 08:00:00+00:00, run_after=2024-07-31 12:00:00+00:00
[2024-07-31T12:12:56.450+0000] {processor.py:183} INFO - Processing /home/airflow/.local/lib/python3.12/site-packages/airflow/example_dags/example_latest_only.py took 0.084 seconds
[2024-07-31T12:13:26.706+0000] {processor.py:161} INFO - Started process (PID=603) to work on /home/airflow/.local/lib/python3.12/site-packages/airflow/example_dags/example_latest_only.py
[2024-07-31T12:13:26.707+0000] {processor.py:830} INFO - Processing file /home/airflow/.local/lib/python3.12/site-packages/airflow/example_dags/example_latest_only.py for tasks to queue
[2024-07-31T12:13:26.710+0000] {logging_mixin.py:188} INFO - [2024-07-31T12:13:26.709+0000] {dagbag.py:545} INFO - Filling up the DagBag from /home/airflow/.local/lib/python3.12/site-packages/airflow/example_dags/example_latest_only.py
[2024-07-31T12:13:26.717+0000] {processor.py:840} INFO - DAG(s) 'latest_only' retrieved from /home/airflow/.local/lib/python3.12/site-packages/airflow/example_dags/example_latest_only.py
[2024-07-31T12:13:26.749+0000] {logging_mixin.py:188} INFO - [2024-07-31T12:13:26.748+0000] {dag.py:3089} INFO - Sync 1 DAGs
[2024-07-31T12:13:26.787+0000] {logging_mixin.py:188} INFO - [2024-07-31T12:13:26.787+0000] {dag.py:3947} INFO - Setting next_dagrun for latest_only to 2024-07-31 08:00:00+00:00, run_after=2024-07-31 12:00:00+00:00
[2024-07-31T12:13:26.825+0000] {processor.py:183} INFO - Processing /home/airflow/.local/lib/python3.12/site-packages/airflow/example_dags/example_latest_only.py took 0.130 seconds
[2024-07-31T12:13:57.535+0000] {processor.py:161} INFO - Started process (PID=661) to work on /home/airflow/.local/lib/python3.12/site-packages/airflow/example_dags/example_latest_only.py
[2024-07-31T12:13:57.536+0000] {processor.py:830} INFO - Processing file /home/airflow/.local/lib/python3.12/site-packages/airflow/example_dags/example_latest_only.py for tasks to queue
[2024-07-31T12:13:57.538+0000] {logging_mixin.py:188} INFO - [2024-07-31T12:13:57.538+0000] {dagbag.py:545} INFO - Filling up the DagBag from /home/airflow/.local/lib/python3.12/site-packages/airflow/example_dags/example_latest_only.py
[2024-07-31T12:13:57.544+0000] {processor.py:840} INFO - DAG(s) 'latest_only' retrieved from /home/airflow/.local/lib/python3.12/site-packages/airflow/example_dags/example_latest_only.py
[2024-07-31T12:13:57.569+0000] {logging_mixin.py:188} INFO - [2024-07-31T12:13:57.568+0000] {dag.py:3089} INFO - Sync 1 DAGs
[2024-07-31T12:13:57.599+0000] {logging_mixin.py:188} INFO - [2024-07-31T12:13:57.599+0000] {dag.py:3947} INFO - Setting next_dagrun for latest_only to 2024-07-31 08:00:00+00:00, run_after=2024-07-31 12:00:00+00:00
[2024-07-31T12:13:57.636+0000] {processor.py:183} INFO - Processing /home/airflow/.local/lib/python3.12/site-packages/airflow/example_dags/example_latest_only.py took 0.111 seconds
[2024-07-31T12:14:28.077+0000] {processor.py:161} INFO - Started process (PID=718) to work on /home/airflow/.local/lib/python3.12/site-packages/airflow/example_dags/example_latest_only.py
[2024-07-31T12:14:28.080+0000] {processor.py:830} INFO - Processing file /home/airflow/.local/lib/python3.12/site-packages/airflow/example_dags/example_latest_only.py for tasks to queue
[2024-07-31T12:14:28.082+0000] {logging_mixin.py:188} INFO - [2024-07-31T12:14:28.082+0000] {dagbag.py:545} INFO - Filling up the DagBag from /home/airflow/.local/lib/python3.12/site-packages/airflow/example_dags/example_latest_only.py
[2024-07-31T12:14:28.088+0000] {processor.py:840} INFO - DAG(s) 'latest_only' retrieved from /home/airflow/.local/lib/python3.12/site-packages/airflow/example_dags/example_latest_only.py
[2024-07-31T12:14:28.113+0000] {logging_mixin.py:188} INFO - [2024-07-31T12:14:28.113+0000] {dag.py:3089} INFO - Sync 1 DAGs
[2024-07-31T12:14:28.142+0000] {logging_mixin.py:188} INFO - [2024-07-31T12:14:28.142+0000] {dag.py:3947} INFO - Setting next_dagrun for latest_only to 2024-07-31 08:00:00+00:00, run_after=2024-07-31 12:00:00+00:00
[2024-07-31T12:14:28.170+0000] {processor.py:183} INFO - Processing /home/airflow/.local/lib/python3.12/site-packages/airflow/example_dags/example_latest_only.py took 0.098 seconds
[2024-07-31T12:14:58.513+0000] {processor.py:161} INFO - Started process (PID=776) to work on /home/airflow/.local/lib/python3.12/site-packages/airflow/example_dags/example_latest_only.py
[2024-07-31T12:14:58.514+0000] {processor.py:830} INFO - Processing file /home/airflow/.local/lib/python3.12/site-packages/airflow/example_dags/example_latest_only.py for tasks to queue
[2024-07-31T12:14:58.515+0000] {logging_mixin.py:188} INFO - [2024-07-31T12:14:58.515+0000] {dagbag.py:545} INFO - Filling up the DagBag from /home/airflow/.local/lib/python3.12/site-packages/airflow/example_dags/example_latest_only.py
[2024-07-31T12:14:58.519+0000] {processor.py:840} INFO - DAG(s) 'latest_only' retrieved from /home/airflow/.local/lib/python3.12/site-packages/airflow/example_dags/example_latest_only.py
[2024-07-31T12:14:58.539+0000] {logging_mixin.py:188} INFO - [2024-07-31T12:14:58.539+0000] {dag.py:3089} INFO - Sync 1 DAGs
[2024-07-31T12:14:58.560+0000] {logging_mixin.py:188} INFO - [2024-07-31T12:14:58.560+0000] {dag.py:3947} INFO - Setting next_dagrun for latest_only to 2024-07-31 08:00:00+00:00, run_after=2024-07-31 12:00:00+00:00
[2024-07-31T12:14:58.582+0000] {processor.py:183} INFO - Processing /home/airflow/.local/lib/python3.12/site-packages/airflow/example_dags/example_latest_only.py took 0.074 seconds
[2024-07-31T12:15:28.752+0000] {processor.py:161} INFO - Started process (PID=833) to work on /home/airflow/.local/lib/python3.12/site-packages/airflow/example_dags/example_latest_only.py
[2024-07-31T12:15:28.754+0000] {processor.py:830} INFO - Processing file /home/airflow/.local/lib/python3.12/site-packages/airflow/example_dags/example_latest_only.py for tasks to queue
[2024-07-31T12:15:28.756+0000] {logging_mixin.py:188} INFO - [2024-07-31T12:15:28.756+0000] {dagbag.py:545} INFO - Filling up the DagBag from /home/airflow/.local/lib/python3.12/site-packages/airflow/example_dags/example_latest_only.py
[2024-07-31T12:15:28.761+0000] {processor.py:840} INFO - DAG(s) 'latest_only' retrieved from /home/airflow/.local/lib/python3.12/site-packages/airflow/example_dags/example_latest_only.py
[2024-07-31T12:15:28.783+0000] {logging_mixin.py:188} INFO - [2024-07-31T12:15:28.783+0000] {dag.py:3089} INFO - Sync 1 DAGs
[2024-07-31T12:15:28.807+0000] {logging_mixin.py:188} INFO - [2024-07-31T12:15:28.807+0000] {dag.py:3947} INFO - Setting next_dagrun for latest_only to 2024-07-31 08:00:00+00:00, run_after=2024-07-31 12:00:00+00:00
[2024-07-31T12:15:28.835+0000] {processor.py:183} INFO - Processing /home/airflow/.local/lib/python3.12/site-packages/airflow/example_dags/example_latest_only.py took 0.090 seconds
[2024-07-31T12:15:59.071+0000] {processor.py:161} INFO - Started process (PID=890) to work on /home/airflow/.local/lib/python3.12/site-packages/airflow/example_dags/example_latest_only.py
[2024-07-31T12:15:59.074+0000] {processor.py:830} INFO - Processing file /home/airflow/.local/lib/python3.12/site-packages/airflow/example_dags/example_latest_only.py for tasks to queue
[2024-07-31T12:15:59.076+0000] {logging_mixin.py:188} INFO - [2024-07-31T12:15:59.076+0000] {dagbag.py:545} INFO - Filling up the DagBag from /home/airflow/.local/lib/python3.12/site-packages/airflow/example_dags/example_latest_only.py
[2024-07-31T12:15:59.082+0000] {processor.py:840} INFO - DAG(s) 'latest_only' retrieved from /home/airflow/.local/lib/python3.12/site-packages/airflow/example_dags/example_latest_only.py
[2024-07-31T12:15:59.102+0000] {logging_mixin.py:188} INFO - [2024-07-31T12:15:59.101+0000] {dag.py:3089} INFO - Sync 1 DAGs
[2024-07-31T12:15:59.132+0000] {logging_mixin.py:188} INFO - [2024-07-31T12:15:59.131+0000] {dag.py:3947} INFO - Setting next_dagrun for latest_only to 2024-07-31 08:00:00+00:00, run_after=2024-07-31 12:00:00+00:00
[2024-07-31T12:15:59.155+0000] {processor.py:183} INFO - Processing /home/airflow/.local/lib/python3.12/site-packages/airflow/example_dags/example_latest_only.py took 0.091 seconds
[2024-07-31T12:16:29.421+0000] {processor.py:161} INFO - Started process (PID=947) to work on /home/airflow/.local/lib/python3.12/site-packages/airflow/example_dags/example_latest_only.py
[2024-07-31T12:16:29.422+0000] {processor.py:830} INFO - Processing file /home/airflow/.local/lib/python3.12/site-packages/airflow/example_dags/example_latest_only.py for tasks to queue
[2024-07-31T12:16:29.423+0000] {logging_mixin.py:188} INFO - [2024-07-31T12:16:29.423+0000] {dagbag.py:545} INFO - Filling up the DagBag from /home/airflow/.local/lib/python3.12/site-packages/airflow/example_dags/example_latest_only.py
[2024-07-31T12:16:29.429+0000] {processor.py:840} INFO - DAG(s) 'latest_only' retrieved from /home/airflow/.local/lib/python3.12/site-packages/airflow/example_dags/example_latest_only.py
[2024-07-31T12:16:29.454+0000] {logging_mixin.py:188} INFO - [2024-07-31T12:16:29.454+0000] {dag.py:3089} INFO - Sync 1 DAGs
[2024-07-31T12:16:29.485+0000] {logging_mixin.py:188} INFO - [2024-07-31T12:16:29.485+0000] {dag.py:3947} INFO - Setting next_dagrun for latest_only to 2024-07-31 08:00:00+00:00, run_after=2024-07-31 12:00:00+00:00
[2024-07-31T12:16:29.520+0000] {processor.py:183} INFO - Processing /home/airflow/.local/lib/python3.12/site-packages/airflow/example_dags/example_latest_only.py took 0.104 seconds
[2024-07-31T12:16:59.573+0000] {processor.py:161} INFO - Started process (PID=1004) to work on /home/airflow/.local/lib/python3.12/site-packages/airflow/example_dags/example_latest_only.py
[2024-07-31T12:16:59.574+0000] {processor.py:830} INFO - Processing file /home/airflow/.local/lib/python3.12/site-packages/airflow/example_dags/example_latest_only.py for tasks to queue
[2024-07-31T12:16:59.576+0000] {logging_mixin.py:188} INFO - [2024-07-31T12:16:59.575+0000] {dagbag.py:545} INFO - Filling up the DagBag from /home/airflow/.local/lib/python3.12/site-packages/airflow/example_dags/example_latest_only.py
[2024-07-31T12:16:59.580+0000] {processor.py:840} INFO - DAG(s) 'latest_only' retrieved from /home/airflow/.local/lib/python3.12/site-packages/airflow/example_dags/example_latest_only.py
[2024-07-31T12:16:59.602+0000] {logging_mixin.py:188} INFO - [2024-07-31T12:16:59.601+0000] {dag.py:3089} INFO - Sync 1 DAGs
[2024-07-31T12:16:59.627+0000] {logging_mixin.py:188} INFO - [2024-07-31T12:16:59.627+0000] {dag.py:3947} INFO - Setting next_dagrun for latest_only to 2024-07-31 08:00:00+00:00, run_after=2024-07-31 12:00:00+00:00
[2024-07-31T12:16:59.649+0000] {processor.py:183} INFO - Processing /home/airflow/.local/lib/python3.12/site-packages/airflow/example_dags/example_latest_only.py took 0.081 seconds
[2024-07-31T12:17:30.562+0000] {processor.py:161} INFO - Started process (PID=1062) to work on /home/airflow/.local/lib/python3.12/site-packages/airflow/example_dags/example_latest_only.py
[2024-07-31T12:17:30.563+0000] {processor.py:830} INFO - Processing file /home/airflow/.local/lib/python3.12/site-packages/airflow/example_dags/example_latest_only.py for tasks to queue
[2024-07-31T12:17:30.565+0000] {logging_mixin.py:188} INFO - [2024-07-31T12:17:30.565+0000] {dagbag.py:545} INFO - Filling up the DagBag from /home/airflow/.local/lib/python3.12/site-packages/airflow/example_dags/example_latest_only.py
[2024-07-31T12:17:30.571+0000] {processor.py:840} INFO - DAG(s) 'latest_only' retrieved from /home/airflow/.local/lib/python3.12/site-packages/airflow/example_dags/example_latest_only.py
[2024-07-31T12:17:30.608+0000] {logging_mixin.py:188} INFO - [2024-07-31T12:17:30.607+0000] {dag.py:3089} INFO - Sync 1 DAGs
[2024-07-31T12:17:30.632+0000] {logging_mixin.py:188} INFO - [2024-07-31T12:17:30.632+0000] {dag.py:3947} INFO - Setting next_dagrun for latest_only to 2024-07-31 08:00:00+00:00, run_after=2024-07-31 12:00:00+00:00
[2024-07-31T12:17:30.668+0000] {processor.py:183} INFO - Processing /home/airflow/.local/lib/python3.12/site-packages/airflow/example_dags/example_latest_only.py took 0.120 seconds
[2024-07-31T12:18:01.159+0000] {processor.py:161} INFO - Started process (PID=1120) to work on /home/airflow/.local/lib/python3.12/site-packages/airflow/example_dags/example_latest_only.py
[2024-07-31T12:18:01.159+0000] {processor.py:830} INFO - Processing file /home/airflow/.local/lib/python3.12/site-packages/airflow/example_dags/example_latest_only.py for tasks to queue
[2024-07-31T12:18:01.161+0000] {logging_mixin.py:188} INFO - [2024-07-31T12:18:01.161+0000] {dagbag.py:545} INFO - Filling up the DagBag from /home/airflow/.local/lib/python3.12/site-packages/airflow/example_dags/example_latest_only.py
[2024-07-31T12:18:01.166+0000] {processor.py:840} INFO - DAG(s) 'latest_only' retrieved from /home/airflow/.local/lib/python3.12/site-packages/airflow/example_dags/example_latest_only.py
[2024-07-31T12:18:01.183+0000] {logging_mixin.py:188} INFO - [2024-07-31T12:18:01.183+0000] {dag.py:3089} INFO - Sync 1 DAGs
[2024-07-31T12:18:01.204+0000] {logging_mixin.py:188} INFO - [2024-07-31T12:18:01.204+0000] {dag.py:3947} INFO - Setting next_dagrun for latest_only to 2024-07-31 08:00:00+00:00, run_after=2024-07-31 12:00:00+00:00
[2024-07-31T12:18:01.226+0000] {processor.py:183} INFO - Processing /home/airflow/.local/lib/python3.12/site-packages/airflow/example_dags/example_latest_only.py took 0.074 seconds
[2024-07-31T12:18:31.592+0000] {processor.py:161} INFO - Started process (PID=1178) to work on /home/airflow/.local/lib/python3.12/site-packages/airflow/example_dags/example_latest_only.py
[2024-07-31T12:18:31.593+0000] {processor.py:830} INFO - Processing file /home/airflow/.local/lib/python3.12/site-packages/airflow/example_dags/example_latest_only.py for tasks to queue
[2024-07-31T12:18:31.594+0000] {logging_mixin.py:188} INFO - [2024-07-31T12:18:31.594+0000] {dagbag.py:545} INFO - Filling up the DagBag from /home/airflow/.local/lib/python3.12/site-packages/airflow/example_dags/example_latest_only.py
[2024-07-31T12:18:31.598+0000] {processor.py:840} INFO - DAG(s) 'latest_only' retrieved from /home/airflow/.local/lib/python3.12/site-packages/airflow/example_dags/example_latest_only.py
[2024-07-31T12:18:31.623+0000] {logging_mixin.py:188} INFO - [2024-07-31T12:18:31.622+0000] {dag.py:3089} INFO - Sync 1 DAGs
[2024-07-31T12:18:31.654+0000] {logging_mixin.py:188} INFO - [2024-07-31T12:18:31.653+0000] {dag.py:3947} INFO - Setting next_dagrun for latest_only to 2024-07-31 08:00:00+00:00, run_after=2024-07-31 12:00:00+00:00
[2024-07-31T12:18:31.681+0000] {processor.py:183} INFO - Processing /home/airflow/.local/lib/python3.12/site-packages/airflow/example_dags/example_latest_only.py took 0.094 seconds
[2024-07-31T12:19:01.900+0000] {processor.py:161} INFO - Started process (PID=1236) to work on /home/airflow/.local/lib/python3.12/site-packages/airflow/example_dags/example_latest_only.py
[2024-07-31T12:19:01.902+0000] {processor.py:830} INFO - Processing file /home/airflow/.local/lib/python3.12/site-packages/airflow/example_dags/example_latest_only.py for tasks to queue
[2024-07-31T12:19:01.903+0000] {logging_mixin.py:188} INFO - [2024-07-31T12:19:01.903+0000] {dagbag.py:545} INFO - Filling up the DagBag from /home/airflow/.local/lib/python3.12/site-packages/airflow/example_dags/example_latest_only.py
[2024-07-31T12:19:01.907+0000] {processor.py:840} INFO - DAG(s) 'latest_only' retrieved from /home/airflow/.local/lib/python3.12/site-packages/airflow/example_dags/example_latest_only.py
[2024-07-31T12:19:01.927+0000] {logging_mixin.py:188} INFO - [2024-07-31T12:19:01.927+0000] {dag.py:3089} INFO - Sync 1 DAGs
[2024-07-31T12:19:01.954+0000] {logging_mixin.py:188} INFO - [2024-07-31T12:19:01.954+0000] {dag.py:3947} INFO - Setting next_dagrun for latest_only to 2024-07-31 08:00:00+00:00, run_after=2024-07-31 12:00:00+00:00
[2024-07-31T12:19:01.975+0000] {processor.py:183} INFO - Processing /home/airflow/.local/lib/python3.12/site-packages/airflow/example_dags/example_latest_only.py took 0.082 seconds
[2024-07-31T12:19:32.126+0000] {processor.py:161} INFO - Started process (PID=1294) to work on /home/airflow/.local/lib/python3.12/site-packages/airflow/example_dags/example_latest_only.py
[2024-07-31T12:19:32.127+0000] {processor.py:830} INFO - Processing file /home/airflow/.local/lib/python3.12/site-packages/airflow/example_dags/example_latest_only.py for tasks to queue
[2024-07-31T12:19:32.129+0000] {logging_mixin.py:188} INFO - [2024-07-31T12:19:32.128+0000] {dagbag.py:545} INFO - Filling up the DagBag from /home/airflow/.local/lib/python3.12/site-packages/airflow/example_dags/example_latest_only.py
[2024-07-31T12:19:32.138+0000] {processor.py:840} INFO - DAG(s) 'latest_only' retrieved from /home/airflow/.local/lib/python3.12/site-packages/airflow/example_dags/example_latest_only.py
[2024-07-31T12:19:32.163+0000] {logging_mixin.py:188} INFO - [2024-07-31T12:19:32.163+0000] {dag.py:3089} INFO - Sync 1 DAGs
[2024-07-31T12:19:32.189+0000] {logging_mixin.py:188} INFO - [2024-07-31T12:19:32.189+0000] {dag.py:3947} INFO - Setting next_dagrun for latest_only to 2024-07-31 08:00:00+00:00, run_after=2024-07-31 12:00:00+00:00
[2024-07-31T12:19:32.212+0000] {processor.py:183} INFO - Processing /home/airflow/.local/lib/python3.12/site-packages/airflow/example_dags/example_latest_only.py took 0.093 seconds
[2024-07-31T12:20:02.588+0000] {processor.py:161} INFO - Started process (PID=1352) to work on /home/airflow/.local/lib/python3.12/site-packages/airflow/example_dags/example_latest_only.py
[2024-07-31T12:20:02.591+0000] {processor.py:830} INFO - Processing file /home/airflow/.local/lib/python3.12/site-packages/airflow/example_dags/example_latest_only.py for tasks to queue
[2024-07-31T12:20:02.593+0000] {logging_mixin.py:188} INFO - [2024-07-31T12:20:02.593+0000] {dagbag.py:545} INFO - Filling up the DagBag from /home/airflow/.local/lib/python3.12/site-packages/airflow/example_dags/example_latest_only.py
[2024-07-31T12:20:02.599+0000] {processor.py:840} INFO - DAG(s) 'latest_only' retrieved from /home/airflow/.local/lib/python3.12/site-packages/airflow/example_dags/example_latest_only.py
[2024-07-31T12:20:02.625+0000] {logging_mixin.py:188} INFO - [2024-07-31T12:20:02.625+0000] {dag.py:3089} INFO - Sync 1 DAGs
[2024-07-31T12:20:02.652+0000] {logging_mixin.py:188} INFO - [2024-07-31T12:20:02.652+0000] {dag.py:3947} INFO - Setting next_dagrun for latest_only to 2024-07-31 08:00:00+00:00, run_after=2024-07-31 12:00:00+00:00
[2024-07-31T12:20:02.683+0000] {processor.py:183} INFO - Processing /home/airflow/.local/lib/python3.12/site-packages/airflow/example_dags/example_latest_only.py took 0.102 seconds
[2024-07-31T12:20:33.019+0000] {processor.py:161} INFO - Started process (PID=1410) to work on /home/airflow/.local/lib/python3.12/site-packages/airflow/example_dags/example_latest_only.py
[2024-07-31T12:20:33.021+0000] {processor.py:830} INFO - Processing file /home/airflow/.local/lib/python3.12/site-packages/airflow/example_dags/example_latest_only.py for tasks to queue
[2024-07-31T12:20:33.024+0000] {logging_mixin.py:188} INFO - [2024-07-31T12:20:33.023+0000] {dagbag.py:545} INFO - Filling up the DagBag from /home/airflow/.local/lib/python3.12/site-packages/airflow/example_dags/example_latest_only.py
[2024-07-31T12:20:33.032+0000] {processor.py:840} INFO - DAG(s) 'latest_only' retrieved from /home/airflow/.local/lib/python3.12/site-packages/airflow/example_dags/example_latest_only.py
[2024-07-31T12:20:33.057+0000] {logging_mixin.py:188} INFO - [2024-07-31T12:20:33.056+0000] {dag.py:3089} INFO - Sync 1 DAGs
[2024-07-31T12:20:33.080+0000] {logging_mixin.py:188} INFO - [2024-07-31T12:20:33.080+0000] {dag.py:3947} INFO - Setting next_dagrun for latest_only to 2024-07-31 08:00:00+00:00, run_after=2024-07-31 12:00:00+00:00
[2024-07-31T12:20:33.107+0000] {processor.py:183} INFO - Processing /home/airflow/.local/lib/python3.12/site-packages/airflow/example_dags/example_latest_only.py took 0.102 seconds
[2024-07-31T12:21:03.491+0000] {processor.py:161} INFO - Started process (PID=1468) to work on /home/airflow/.local/lib/python3.12/site-packages/airflow/example_dags/example_latest_only.py
[2024-07-31T12:21:03.493+0000] {processor.py:830} INFO - Processing file /home/airflow/.local/lib/python3.12/site-packages/airflow/example_dags/example_latest_only.py for tasks to queue
[2024-07-31T12:21:03.495+0000] {logging_mixin.py:188} INFO - [2024-07-31T12:21:03.495+0000] {dagbag.py:545} INFO - Filling up the DagBag from /home/airflow/.local/lib/python3.12/site-packages/airflow/example_dags/example_latest_only.py
[2024-07-31T12:21:03.500+0000] {processor.py:840} INFO - DAG(s) 'latest_only' retrieved from /home/airflow/.local/lib/python3.12/site-packages/airflow/example_dags/example_latest_only.py
[2024-07-31T12:21:03.523+0000] {logging_mixin.py:188} INFO - [2024-07-31T12:21:03.523+0000] {dag.py:3089} INFO - Sync 1 DAGs
[2024-07-31T12:21:03.545+0000] {logging_mixin.py:188} INFO - [2024-07-31T12:21:03.544+0000] {dag.py:3947} INFO - Setting next_dagrun for latest_only to 2024-07-31 08:00:00+00:00, run_after=2024-07-31 12:00:00+00:00
[2024-07-31T12:21:03.568+0000] {processor.py:183} INFO - Processing /home/airflow/.local/lib/python3.12/site-packages/airflow/example_dags/example_latest_only.py took 0.085 seconds
[2024-07-31T12:21:33.653+0000] {processor.py:161} INFO - Started process (PID=1526) to work on /home/airflow/.local/lib/python3.12/site-packages/airflow/example_dags/example_latest_only.py
[2024-07-31T12:21:33.654+0000] {processor.py:830} INFO - Processing file /home/airflow/.local/lib/python3.12/site-packages/airflow/example_dags/example_latest_only.py for tasks to queue
[2024-07-31T12:21:33.655+0000] {logging_mixin.py:188} INFO - [2024-07-31T12:21:33.655+0000] {dagbag.py:545} INFO - Filling up the DagBag from /home/airflow/.local/lib/python3.12/site-packages/airflow/example_dags/example_latest_only.py
[2024-07-31T12:21:33.661+0000] {processor.py:840} INFO - DAG(s) 'latest_only' retrieved from /home/airflow/.local/lib/python3.12/site-packages/airflow/example_dags/example_latest_only.py
[2024-07-31T12:21:33.689+0000] {logging_mixin.py:188} INFO - [2024-07-31T12:21:33.688+0000] {dag.py:3089} INFO - Sync 1 DAGs
[2024-07-31T12:21:33.715+0000] {logging_mixin.py:188} INFO - [2024-07-31T12:21:33.714+0000] {dag.py:3947} INFO - Setting next_dagrun for latest_only to 2024-07-31 08:00:00+00:00, run_after=2024-07-31 12:00:00+00:00
[2024-07-31T12:21:33.739+0000] {processor.py:183} INFO - Processing /home/airflow/.local/lib/python3.12/site-packages/airflow/example_dags/example_latest_only.py took 0.092 seconds
[2024-07-31T12:22:03.891+0000] {processor.py:161} INFO - Started process (PID=1584) to work on /home/airflow/.local/lib/python3.12/site-packages/airflow/example_dags/example_latest_only.py
[2024-07-31T12:22:03.894+0000] {processor.py:830} INFO - Processing file /home/airflow/.local/lib/python3.12/site-packages/airflow/example_dags/example_latest_only.py for tasks to queue
[2024-07-31T12:22:03.896+0000] {logging_mixin.py:188} INFO - [2024-07-31T12:22:03.896+0000] {dagbag.py:545} INFO - Filling up the DagBag from /home/airflow/.local/lib/python3.12/site-packages/airflow/example_dags/example_latest_only.py
[2024-07-31T12:22:03.902+0000] {processor.py:840} INFO - DAG(s) 'latest_only' retrieved from /home/airflow/.local/lib/python3.12/site-packages/airflow/example_dags/example_latest_only.py
[2024-07-31T12:22:03.923+0000] {logging_mixin.py:188} INFO - [2024-07-31T12:22:03.923+0000] {dag.py:3089} INFO - Sync 1 DAGs
[2024-07-31T12:22:03.946+0000] {logging_mixin.py:188} INFO - [2024-07-31T12:22:03.946+0000] {dag.py:3947} INFO - Setting next_dagrun for latest_only to 2024-07-31 08:00:00+00:00, run_after=2024-07-31 12:00:00+00:00
[2024-07-31T12:22:04.111+0000] {processor.py:183} INFO - Processing /home/airflow/.local/lib/python3.12/site-packages/airflow/example_dags/example_latest_only.py took 0.226 seconds
[2024-07-31T12:22:34.511+0000] {processor.py:161} INFO - Started process (PID=1642) to work on /home/airflow/.local/lib/python3.12/site-packages/airflow/example_dags/example_latest_only.py
[2024-07-31T12:22:34.512+0000] {processor.py:830} INFO - Processing file /home/airflow/.local/lib/python3.12/site-packages/airflow/example_dags/example_latest_only.py for tasks to queue
[2024-07-31T12:22:34.515+0000] {logging_mixin.py:188} INFO - [2024-07-31T12:22:34.514+0000] {dagbag.py:545} INFO - Filling up the DagBag from /home/airflow/.local/lib/python3.12/site-packages/airflow/example_dags/example_latest_only.py
[2024-07-31T12:22:34.524+0000] {processor.py:840} INFO - DAG(s) 'latest_only' retrieved from /home/airflow/.local/lib/python3.12/site-packages/airflow/example_dags/example_latest_only.py
[2024-07-31T12:22:34.549+0000] {logging_mixin.py:188} INFO - [2024-07-31T12:22:34.548+0000] {dag.py:3089} INFO - Sync 1 DAGs
[2024-07-31T12:22:34.577+0000] {logging_mixin.py:188} INFO - [2024-07-31T12:22:34.577+0000] {dag.py:3947} INFO - Setting next_dagrun for latest_only to 2024-07-31 08:00:00+00:00, run_after=2024-07-31 12:00:00+00:00
[2024-07-31T12:22:34.633+0000] {processor.py:183} INFO - Processing /home/airflow/.local/lib/python3.12/site-packages/airflow/example_dags/example_latest_only.py took 0.132 seconds
[2024-07-31T12:23:04.779+0000] {processor.py:161} INFO - Started process (PID=1699) to work on /home/airflow/.local/lib/python3.12/site-packages/airflow/example_dags/example_latest_only.py
[2024-07-31T12:23:04.782+0000] {processor.py:830} INFO - Processing file /home/airflow/.local/lib/python3.12/site-packages/airflow/example_dags/example_latest_only.py for tasks to queue
[2024-07-31T12:23:04.784+0000] {logging_mixin.py:188} INFO - [2024-07-31T12:23:04.784+0000] {dagbag.py:545} INFO - Filling up the DagBag from /home/airflow/.local/lib/python3.12/site-packages/airflow/example_dags/example_latest_only.py
[2024-07-31T12:23:04.790+0000] {processor.py:840} INFO - DAG(s) 'latest_only' retrieved from /home/airflow/.local/lib/python3.12/site-packages/airflow/example_dags/example_latest_only.py
[2024-07-31T12:23:04.814+0000] {logging_mixin.py:188} INFO - [2024-07-31T12:23:04.814+0000] {dag.py:3089} INFO - Sync 1 DAGs
[2024-07-31T12:23:04.843+0000] {logging_mixin.py:188} INFO - [2024-07-31T12:23:04.843+0000] {dag.py:3947} INFO - Setting next_dagrun for latest_only to 2024-07-31 08:00:00+00:00, run_after=2024-07-31 12:00:00+00:00
[2024-07-31T12:23:04.875+0000] {processor.py:183} INFO - Processing /home/airflow/.local/lib/python3.12/site-packages/airflow/example_dags/example_latest_only.py took 0.102 seconds
[2024-07-31T12:23:35.096+0000] {processor.py:161} INFO - Started process (PID=1757) to work on /home/airflow/.local/lib/python3.12/site-packages/airflow/example_dags/example_latest_only.py
[2024-07-31T12:23:35.097+0000] {processor.py:830} INFO - Processing file /home/airflow/.local/lib/python3.12/site-packages/airflow/example_dags/example_latest_only.py for tasks to queue
[2024-07-31T12:23:35.099+0000] {logging_mixin.py:188} INFO - [2024-07-31T12:23:35.099+0000] {dagbag.py:545} INFO - Filling up the DagBag from /home/airflow/.local/lib/python3.12/site-packages/airflow/example_dags/example_latest_only.py
[2024-07-31T12:23:35.107+0000] {processor.py:840} INFO - DAG(s) 'latest_only' retrieved from /home/airflow/.local/lib/python3.12/site-packages/airflow/example_dags/example_latest_only.py
[2024-07-31T12:23:35.134+0000] {logging_mixin.py:188} INFO - [2024-07-31T12:23:35.134+0000] {dag.py:3089} INFO - Sync 1 DAGs
[2024-07-31T12:23:35.164+0000] {logging_mixin.py:188} INFO - [2024-07-31T12:23:35.163+0000] {dag.py:3947} INFO - Setting next_dagrun for latest_only to 2024-07-31 08:00:00+00:00, run_after=2024-07-31 12:00:00+00:00
[2024-07-31T12:23:35.194+0000] {processor.py:183} INFO - Processing /home/airflow/.local/lib/python3.12/site-packages/airflow/example_dags/example_latest_only.py took 0.103 seconds
[2024-07-31T12:24:05.581+0000] {processor.py:161} INFO - Started process (PID=1815) to work on /home/airflow/.local/lib/python3.12/site-packages/airflow/example_dags/example_latest_only.py
[2024-07-31T12:24:05.583+0000] {processor.py:830} INFO - Processing file /home/airflow/.local/lib/python3.12/site-packages/airflow/example_dags/example_latest_only.py for tasks to queue
[2024-07-31T12:24:05.585+0000] {logging_mixin.py:188} INFO - [2024-07-31T12:24:05.585+0000] {dagbag.py:545} INFO - Filling up the DagBag from /home/airflow/.local/lib/python3.12/site-packages/airflow/example_dags/example_latest_only.py
[2024-07-31T12:24:05.592+0000] {processor.py:840} INFO - DAG(s) 'latest_only' retrieved from /home/airflow/.local/lib/python3.12/site-packages/airflow/example_dags/example_latest_only.py
[2024-07-31T12:24:05.619+0000] {logging_mixin.py:188} INFO - [2024-07-31T12:24:05.619+0000] {dag.py:3089} INFO - Sync 1 DAGs
[2024-07-31T12:24:05.645+0000] {logging_mixin.py:188} INFO - [2024-07-31T12:24:05.645+0000] {dag.py:3947} INFO - Setting next_dagrun for latest_only to 2024-07-31 08:00:00+00:00, run_after=2024-07-31 12:00:00+00:00
[2024-07-31T12:24:05.671+0000] {processor.py:183} INFO - Processing /home/airflow/.local/lib/python3.12/site-packages/airflow/example_dags/example_latest_only.py took 0.096 seconds
[2024-07-31T12:24:35.822+0000] {processor.py:161} INFO - Started process (PID=1873) to work on /home/airflow/.local/lib/python3.12/site-packages/airflow/example_dags/example_latest_only.py
[2024-07-31T12:24:35.823+0000] {processor.py:830} INFO - Processing file /home/airflow/.local/lib/python3.12/site-packages/airflow/example_dags/example_latest_only.py for tasks to queue
[2024-07-31T12:24:35.825+0000] {logging_mixin.py:188} INFO - [2024-07-31T12:24:35.825+0000] {dagbag.py:545} INFO - Filling up the DagBag from /home/airflow/.local/lib/python3.12/site-packages/airflow/example_dags/example_latest_only.py
[2024-07-31T12:24:35.833+0000] {processor.py:840} INFO - DAG(s) 'latest_only' retrieved from /home/airflow/.local/lib/python3.12/site-packages/airflow/example_dags/example_latest_only.py
[2024-07-31T12:24:35.856+0000] {logging_mixin.py:188} INFO - [2024-07-31T12:24:35.856+0000] {dag.py:3089} INFO - Sync 1 DAGs
[2024-07-31T12:24:35.892+0000] {logging_mixin.py:188} INFO - [2024-07-31T12:24:35.892+0000] {dag.py:3947} INFO - Setting next_dagrun for latest_only to 2024-07-31 08:00:00+00:00, run_after=2024-07-31 12:00:00+00:00
[2024-07-31T12:24:35.923+0000] {processor.py:183} INFO - Processing /home/airflow/.local/lib/python3.12/site-packages/airflow/example_dags/example_latest_only.py took 0.107 seconds
[2024-07-31T12:25:06.023+0000] {processor.py:161} INFO - Started process (PID=1931) to work on /home/airflow/.local/lib/python3.12/site-packages/airflow/example_dags/example_latest_only.py
[2024-07-31T12:25:06.024+0000] {processor.py:830} INFO - Processing file /home/airflow/.local/lib/python3.12/site-packages/airflow/example_dags/example_latest_only.py for tasks to queue
[2024-07-31T12:25:06.027+0000] {logging_mixin.py:188} INFO - [2024-07-31T12:25:06.026+0000] {dagbag.py:545} INFO - Filling up the DagBag from /home/airflow/.local/lib/python3.12/site-packages/airflow/example_dags/example_latest_only.py
[2024-07-31T12:25:06.033+0000] {processor.py:840} INFO - DAG(s) 'latest_only' retrieved from /home/airflow/.local/lib/python3.12/site-packages/airflow/example_dags/example_latest_only.py
[2024-07-31T12:25:06.230+0000] {logging_mixin.py:188} INFO - [2024-07-31T12:25:06.230+0000] {dag.py:3089} INFO - Sync 1 DAGs
[2024-07-31T12:25:06.252+0000] {logging_mixin.py:188} INFO - [2024-07-31T12:25:06.252+0000] {dag.py:3947} INFO - Setting next_dagrun for latest_only to 2024-07-31 08:00:00+00:00, run_after=2024-07-31 12:00:00+00:00
[2024-07-31T12:25:06.273+0000] {processor.py:183} INFO - Processing /home/airflow/.local/lib/python3.12/site-packages/airflow/example_dags/example_latest_only.py took 0.256 seconds
[2024-07-31T12:25:36.334+0000] {processor.py:161} INFO - Started process (PID=1989) to work on /home/airflow/.local/lib/python3.12/site-packages/airflow/example_dags/example_latest_only.py
[2024-07-31T12:25:36.335+0000] {processor.py:830} INFO - Processing file /home/airflow/.local/lib/python3.12/site-packages/airflow/example_dags/example_latest_only.py for tasks to queue
[2024-07-31T12:25:36.337+0000] {logging_mixin.py:188} INFO - [2024-07-31T12:25:36.337+0000] {dagbag.py:545} INFO - Filling up the DagBag from /home/airflow/.local/lib/python3.12/site-packages/airflow/example_dags/example_latest_only.py
[2024-07-31T12:25:36.343+0000] {processor.py:840} INFO - DAG(s) 'latest_only' retrieved from /home/airflow/.local/lib/python3.12/site-packages/airflow/example_dags/example_latest_only.py
[2024-07-31T12:25:36.385+0000] {logging_mixin.py:188} INFO - [2024-07-31T12:25:36.384+0000] {dag.py:3089} INFO - Sync 1 DAGs
[2024-07-31T12:25:36.454+0000] {logging_mixin.py:188} INFO - [2024-07-31T12:25:36.453+0000] {dag.py:3947} INFO - Setting next_dagrun for latest_only to 2024-07-31 08:00:00+00:00, run_after=2024-07-31 12:00:00+00:00
[2024-07-31T12:25:36.488+0000] {processor.py:183} INFO - Processing /home/airflow/.local/lib/python3.12/site-packages/airflow/example_dags/example_latest_only.py took 0.162 seconds
[2024-07-31T12:26:06.898+0000] {processor.py:161} INFO - Started process (PID=2047) to work on /home/airflow/.local/lib/python3.12/site-packages/airflow/example_dags/example_latest_only.py
[2024-07-31T12:26:06.899+0000] {processor.py:830} INFO - Processing file /home/airflow/.local/lib/python3.12/site-packages/airflow/example_dags/example_latest_only.py for tasks to queue
[2024-07-31T12:26:06.901+0000] {logging_mixin.py:188} INFO - [2024-07-31T12:26:06.901+0000] {dagbag.py:545} INFO - Filling up the DagBag from /home/airflow/.local/lib/python3.12/site-packages/airflow/example_dags/example_latest_only.py
[2024-07-31T12:26:06.907+0000] {processor.py:840} INFO - DAG(s) 'latest_only' retrieved from /home/airflow/.local/lib/python3.12/site-packages/airflow/example_dags/example_latest_only.py
[2024-07-31T12:26:06.929+0000] {logging_mixin.py:188} INFO - [2024-07-31T12:26:06.928+0000] {dag.py:3089} INFO - Sync 1 DAGs
[2024-07-31T12:26:06.952+0000] {logging_mixin.py:188} INFO - [2024-07-31T12:26:06.952+0000] {dag.py:3947} INFO - Setting next_dagrun for latest_only to 2024-07-31 08:00:00+00:00, run_after=2024-07-31 12:00:00+00:00
[2024-07-31T12:26:06.981+0000] {processor.py:183} INFO - Processing /home/airflow/.local/lib/python3.12/site-packages/airflow/example_dags/example_latest_only.py took 0.092 seconds
[2024-07-31T12:26:37.661+0000] {processor.py:161} INFO - Started process (PID=2104) to work on /home/airflow/.local/lib/python3.12/site-packages/airflow/example_dags/example_latest_only.py
[2024-07-31T12:26:37.662+0000] {processor.py:830} INFO - Processing file /home/airflow/.local/lib/python3.12/site-packages/airflow/example_dags/example_latest_only.py for tasks to queue
[2024-07-31T12:26:37.664+0000] {logging_mixin.py:188} INFO - [2024-07-31T12:26:37.663+0000] {dagbag.py:545} INFO - Filling up the DagBag from /home/airflow/.local/lib/python3.12/site-packages/airflow/example_dags/example_latest_only.py
[2024-07-31T12:26:37.669+0000] {processor.py:840} INFO - DAG(s) 'latest_only' retrieved from /home/airflow/.local/lib/python3.12/site-packages/airflow/example_dags/example_latest_only.py
[2024-07-31T12:26:37.689+0000] {logging_mixin.py:188} INFO - [2024-07-31T12:26:37.688+0000] {dag.py:3089} INFO - Sync 1 DAGs
[2024-07-31T12:26:37.708+0000] {logging_mixin.py:188} INFO - [2024-07-31T12:26:37.708+0000] {dag.py:3947} INFO - Setting next_dagrun for latest_only to 2024-07-31 08:00:00+00:00, run_after=2024-07-31 12:00:00+00:00
[2024-07-31T12:26:37.730+0000] {processor.py:183} INFO - Processing /home/airflow/.local/lib/python3.12/site-packages/airflow/example_dags/example_latest_only.py took 0.074 seconds
[2024-07-31T12:27:08.179+0000] {processor.py:161} INFO - Started process (PID=2162) to work on /home/airflow/.local/lib/python3.12/site-packages/airflow/example_dags/example_latest_only.py
[2024-07-31T12:27:08.179+0000] {processor.py:830} INFO - Processing file /home/airflow/.local/lib/python3.12/site-packages/airflow/example_dags/example_latest_only.py for tasks to queue
[2024-07-31T12:27:08.181+0000] {logging_mixin.py:188} INFO - [2024-07-31T12:27:08.180+0000] {dagbag.py:545} INFO - Filling up the DagBag from /home/airflow/.local/lib/python3.12/site-packages/airflow/example_dags/example_latest_only.py
[2024-07-31T12:27:08.185+0000] {processor.py:840} INFO - DAG(s) 'latest_only' retrieved from /home/airflow/.local/lib/python3.12/site-packages/airflow/example_dags/example_latest_only.py
[2024-07-31T12:27:08.202+0000] {logging_mixin.py:188} INFO - [2024-07-31T12:27:08.202+0000] {dag.py:3089} INFO - Sync 1 DAGs
[2024-07-31T12:27:08.222+0000] {logging_mixin.py:188} INFO - [2024-07-31T12:27:08.222+0000] {dag.py:3947} INFO - Setting next_dagrun for latest_only to 2024-07-31 08:00:00+00:00, run_after=2024-07-31 12:00:00+00:00
[2024-07-31T12:27:08.243+0000] {processor.py:183} INFO - Processing /home/airflow/.local/lib/python3.12/site-packages/airflow/example_dags/example_latest_only.py took 0.069 seconds
[2024-07-31T12:27:38.723+0000] {processor.py:161} INFO - Started process (PID=2220) to work on /home/airflow/.local/lib/python3.12/site-packages/airflow/example_dags/example_latest_only.py
[2024-07-31T12:27:38.724+0000] {processor.py:830} INFO - Processing file /home/airflow/.local/lib/python3.12/site-packages/airflow/example_dags/example_latest_only.py for tasks to queue
[2024-07-31T12:27:38.726+0000] {logging_mixin.py:188} INFO - [2024-07-31T12:27:38.725+0000] {dagbag.py:545} INFO - Filling up the DagBag from /home/airflow/.local/lib/python3.12/site-packages/airflow/example_dags/example_latest_only.py
[2024-07-31T12:27:38.730+0000] {processor.py:840} INFO - DAG(s) 'latest_only' retrieved from /home/airflow/.local/lib/python3.12/site-packages/airflow/example_dags/example_latest_only.py
[2024-07-31T12:27:38.754+0000] {logging_mixin.py:188} INFO - [2024-07-31T12:27:38.753+0000] {dag.py:3089} INFO - Sync 1 DAGs
[2024-07-31T12:27:38.782+0000] {logging_mixin.py:188} INFO - [2024-07-31T12:27:38.781+0000] {dag.py:3947} INFO - Setting next_dagrun for latest_only to 2024-07-31 08:00:00+00:00, run_after=2024-07-31 12:00:00+00:00
[2024-07-31T12:27:38.813+0000] {processor.py:183} INFO - Processing /home/airflow/.local/lib/python3.12/site-packages/airflow/example_dags/example_latest_only.py took 0.098 seconds
[2024-07-31T12:28:09.523+0000] {processor.py:161} INFO - Started process (PID=2278) to work on /home/airflow/.local/lib/python3.12/site-packages/airflow/example_dags/example_latest_only.py
[2024-07-31T12:28:09.525+0000] {processor.py:830} INFO - Processing file /home/airflow/.local/lib/python3.12/site-packages/airflow/example_dags/example_latest_only.py for tasks to queue
[2024-07-31T12:28:09.527+0000] {logging_mixin.py:188} INFO - [2024-07-31T12:28:09.527+0000] {dagbag.py:545} INFO - Filling up the DagBag from /home/airflow/.local/lib/python3.12/site-packages/airflow/example_dags/example_latest_only.py
[2024-07-31T12:28:09.533+0000] {processor.py:840} INFO - DAG(s) 'latest_only' retrieved from /home/airflow/.local/lib/python3.12/site-packages/airflow/example_dags/example_latest_only.py
[2024-07-31T12:28:09.567+0000] {logging_mixin.py:188} INFO - [2024-07-31T12:28:09.566+0000] {dag.py:3089} INFO - Sync 1 DAGs
[2024-07-31T12:28:09.605+0000] {logging_mixin.py:188} INFO - [2024-07-31T12:28:09.605+0000] {dag.py:3947} INFO - Setting next_dagrun for latest_only to 2024-07-31 08:00:00+00:00, run_after=2024-07-31 12:00:00+00:00
[2024-07-31T12:28:09.642+0000] {processor.py:183} INFO - Processing /home/airflow/.local/lib/python3.12/site-packages/airflow/example_dags/example_latest_only.py took 0.126 seconds
[2024-07-31T12:28:39.823+0000] {processor.py:161} INFO - Started process (PID=2336) to work on /home/airflow/.local/lib/python3.12/site-packages/airflow/example_dags/example_latest_only.py
[2024-07-31T12:28:39.825+0000] {processor.py:830} INFO - Processing file /home/airflow/.local/lib/python3.12/site-packages/airflow/example_dags/example_latest_only.py for tasks to queue
[2024-07-31T12:28:39.827+0000] {logging_mixin.py:188} INFO - [2024-07-31T12:28:39.827+0000] {dagbag.py:545} INFO - Filling up the DagBag from /home/airflow/.local/lib/python3.12/site-packages/airflow/example_dags/example_latest_only.py
[2024-07-31T12:28:39.836+0000] {processor.py:840} INFO - DAG(s) 'latest_only' retrieved from /home/airflow/.local/lib/python3.12/site-packages/airflow/example_dags/example_latest_only.py
[2024-07-31T12:28:39.863+0000] {logging_mixin.py:188} INFO - [2024-07-31T12:28:39.863+0000] {dag.py:3089} INFO - Sync 1 DAGs
[2024-07-31T12:28:39.898+0000] {logging_mixin.py:188} INFO - [2024-07-31T12:28:39.898+0000] {dag.py:3947} INFO - Setting next_dagrun for latest_only to 2024-07-31 08:00:00+00:00, run_after=2024-07-31 12:00:00+00:00
[2024-07-31T12:28:39.942+0000] {processor.py:183} INFO - Processing /home/airflow/.local/lib/python3.12/site-packages/airflow/example_dags/example_latest_only.py took 0.130 seconds
[2024-07-31T12:29:10.525+0000] {processor.py:161} INFO - Started process (PID=2394) to work on /home/airflow/.local/lib/python3.12/site-packages/airflow/example_dags/example_latest_only.py
[2024-07-31T12:29:10.526+0000] {processor.py:830} INFO - Processing file /home/airflow/.local/lib/python3.12/site-packages/airflow/example_dags/example_latest_only.py for tasks to queue
[2024-07-31T12:29:10.530+0000] {logging_mixin.py:188} INFO - [2024-07-31T12:29:10.529+0000] {dagbag.py:545} INFO - Filling up the DagBag from /home/airflow/.local/lib/python3.12/site-packages/airflow/example_dags/example_latest_only.py
[2024-07-31T12:29:10.540+0000] {processor.py:840} INFO - DAG(s) 'latest_only' retrieved from /home/airflow/.local/lib/python3.12/site-packages/airflow/example_dags/example_latest_only.py
[2024-07-31T12:29:10.575+0000] {logging_mixin.py:188} INFO - [2024-07-31T12:29:10.574+0000] {dag.py:3089} INFO - Sync 1 DAGs
[2024-07-31T12:29:10.625+0000] {logging_mixin.py:188} INFO - [2024-07-31T12:29:10.624+0000] {dag.py:3947} INFO - Setting next_dagrun for latest_only to 2024-07-31 08:00:00+00:00, run_after=2024-07-31 12:00:00+00:00
[2024-07-31T12:29:10.665+0000] {processor.py:183} INFO - Processing /home/airflow/.local/lib/python3.12/site-packages/airflow/example_dags/example_latest_only.py took 0.152 seconds
[2024-07-31T12:29:41.116+0000] {processor.py:161} INFO - Started process (PID=2449) to work on /home/airflow/.local/lib/python3.12/site-packages/airflow/example_dags/example_latest_only.py
[2024-07-31T12:29:41.118+0000] {processor.py:830} INFO - Processing file /home/airflow/.local/lib/python3.12/site-packages/airflow/example_dags/example_latest_only.py for tasks to queue
[2024-07-31T12:29:41.120+0000] {logging_mixin.py:188} INFO - [2024-07-31T12:29:41.119+0000] {dagbag.py:545} INFO - Filling up the DagBag from /home/airflow/.local/lib/python3.12/site-packages/airflow/example_dags/example_latest_only.py
[2024-07-31T12:29:41.125+0000] {processor.py:840} INFO - DAG(s) 'latest_only' retrieved from /home/airflow/.local/lib/python3.12/site-packages/airflow/example_dags/example_latest_only.py
[2024-07-31T12:29:41.152+0000] {logging_mixin.py:188} INFO - [2024-07-31T12:29:41.151+0000] {dag.py:3089} INFO - Sync 1 DAGs
[2024-07-31T12:29:41.185+0000] {logging_mixin.py:188} INFO - [2024-07-31T12:29:41.185+0000] {dag.py:3947} INFO - Setting next_dagrun for latest_only to 2024-07-31 08:00:00+00:00, run_after=2024-07-31 12:00:00+00:00
[2024-07-31T12:29:41.213+0000] {processor.py:183} INFO - Processing /home/airflow/.local/lib/python3.12/site-packages/airflow/example_dags/example_latest_only.py took 0.104 seconds
[2024-07-31T12:30:11.839+0000] {processor.py:161} INFO - Started process (PID=2507) to work on /home/airflow/.local/lib/python3.12/site-packages/airflow/example_dags/example_latest_only.py
[2024-07-31T12:30:11.840+0000] {processor.py:830} INFO - Processing file /home/airflow/.local/lib/python3.12/site-packages/airflow/example_dags/example_latest_only.py for tasks to queue
[2024-07-31T12:30:11.842+0000] {logging_mixin.py:188} INFO - [2024-07-31T12:30:11.842+0000] {dagbag.py:545} INFO - Filling up the DagBag from /home/airflow/.local/lib/python3.12/site-packages/airflow/example_dags/example_latest_only.py
[2024-07-31T12:30:11.848+0000] {processor.py:840} INFO - DAG(s) 'latest_only' retrieved from /home/airflow/.local/lib/python3.12/site-packages/airflow/example_dags/example_latest_only.py
[2024-07-31T12:30:11.869+0000] {logging_mixin.py:188} INFO - [2024-07-31T12:30:11.869+0000] {dag.py:3089} INFO - Sync 1 DAGs
[2024-07-31T12:30:11.892+0000] {logging_mixin.py:188} INFO - [2024-07-31T12:30:11.892+0000] {dag.py:3947} INFO - Setting next_dagrun for latest_only to 2024-07-31 08:00:00+00:00, run_after=2024-07-31 12:00:00+00:00
[2024-07-31T12:30:11.922+0000] {processor.py:183} INFO - Processing /home/airflow/.local/lib/python3.12/site-packages/airflow/example_dags/example_latest_only.py took 0.089 seconds
[2024-07-31T12:30:42.550+0000] {processor.py:161} INFO - Started process (PID=2565) to work on /home/airflow/.local/lib/python3.12/site-packages/airflow/example_dags/example_latest_only.py
[2024-07-31T12:30:42.551+0000] {processor.py:830} INFO - Processing file /home/airflow/.local/lib/python3.12/site-packages/airflow/example_dags/example_latest_only.py for tasks to queue
[2024-07-31T12:30:42.553+0000] {logging_mixin.py:188} INFO - [2024-07-31T12:30:42.553+0000] {dagbag.py:545} INFO - Filling up the DagBag from /home/airflow/.local/lib/python3.12/site-packages/airflow/example_dags/example_latest_only.py
[2024-07-31T12:30:42.559+0000] {processor.py:840} INFO - DAG(s) 'latest_only' retrieved from /home/airflow/.local/lib/python3.12/site-packages/airflow/example_dags/example_latest_only.py
[2024-07-31T12:30:42.583+0000] {logging_mixin.py:188} INFO - [2024-07-31T12:30:42.583+0000] {dag.py:3089} INFO - Sync 1 DAGs
[2024-07-31T12:30:42.611+0000] {logging_mixin.py:188} INFO - [2024-07-31T12:30:42.611+0000] {dag.py:3947} INFO - Setting next_dagrun for latest_only to 2024-07-31 08:00:00+00:00, run_after=2024-07-31 12:00:00+00:00
[2024-07-31T12:30:42.639+0000] {processor.py:183} INFO - Processing /home/airflow/.local/lib/python3.12/site-packages/airflow/example_dags/example_latest_only.py took 0.097 seconds
[2024-07-31T12:31:13.390+0000] {processor.py:161} INFO - Started process (PID=2622) to work on /home/airflow/.local/lib/python3.12/site-packages/airflow/example_dags/example_latest_only.py
[2024-07-31T12:31:13.391+0000] {processor.py:830} INFO - Processing file /home/airflow/.local/lib/python3.12/site-packages/airflow/example_dags/example_latest_only.py for tasks to queue
[2024-07-31T12:31:13.394+0000] {logging_mixin.py:188} INFO - [2024-07-31T12:31:13.393+0000] {dagbag.py:545} INFO - Filling up the DagBag from /home/airflow/.local/lib/python3.12/site-packages/airflow/example_dags/example_latest_only.py
[2024-07-31T12:31:13.400+0000] {processor.py:840} INFO - DAG(s) 'latest_only' retrieved from /home/airflow/.local/lib/python3.12/site-packages/airflow/example_dags/example_latest_only.py
[2024-07-31T12:31:13.434+0000] {logging_mixin.py:188} INFO - [2024-07-31T12:31:13.434+0000] {dag.py:3089} INFO - Sync 1 DAGs
[2024-07-31T12:31:13.468+0000] {logging_mixin.py:188} INFO - [2024-07-31T12:31:13.468+0000] {dag.py:3947} INFO - Setting next_dagrun for latest_only to 2024-07-31 08:00:00+00:00, run_after=2024-07-31 12:00:00+00:00
[2024-07-31T12:31:13.499+0000] {processor.py:183} INFO - Processing /home/airflow/.local/lib/python3.12/site-packages/airflow/example_dags/example_latest_only.py took 0.117 seconds
[2024-07-31T12:31:44.003+0000] {processor.py:161} INFO - Started process (PID=2680) to work on /home/airflow/.local/lib/python3.12/site-packages/airflow/example_dags/example_latest_only.py
[2024-07-31T12:31:44.004+0000] {processor.py:830} INFO - Processing file /home/airflow/.local/lib/python3.12/site-packages/airflow/example_dags/example_latest_only.py for tasks to queue
[2024-07-31T12:31:44.007+0000] {logging_mixin.py:188} INFO - [2024-07-31T12:31:44.006+0000] {dagbag.py:545} INFO - Filling up the DagBag from /home/airflow/.local/lib/python3.12/site-packages/airflow/example_dags/example_latest_only.py
[2024-07-31T12:31:44.011+0000] {processor.py:840} INFO - DAG(s) 'latest_only' retrieved from /home/airflow/.local/lib/python3.12/site-packages/airflow/example_dags/example_latest_only.py
[2024-07-31T12:31:44.033+0000] {logging_mixin.py:188} INFO - [2024-07-31T12:31:44.032+0000] {dag.py:3089} INFO - Sync 1 DAGs
[2024-07-31T12:31:44.065+0000] {logging_mixin.py:188} INFO - [2024-07-31T12:31:44.064+0000] {dag.py:3947} INFO - Setting next_dagrun for latest_only to 2024-07-31 08:00:00+00:00, run_after=2024-07-31 12:00:00+00:00
[2024-07-31T12:31:44.093+0000] {processor.py:183} INFO - Processing /home/airflow/.local/lib/python3.12/site-packages/airflow/example_dags/example_latest_only.py took 0.096 seconds
[2024-07-31T12:32:14.432+0000] {processor.py:161} INFO - Started process (PID=2738) to work on /home/airflow/.local/lib/python3.12/site-packages/airflow/example_dags/example_latest_only.py
[2024-07-31T12:32:14.433+0000] {processor.py:830} INFO - Processing file /home/airflow/.local/lib/python3.12/site-packages/airflow/example_dags/example_latest_only.py for tasks to queue
[2024-07-31T12:32:14.437+0000] {logging_mixin.py:188} INFO - [2024-07-31T12:32:14.436+0000] {dagbag.py:545} INFO - Filling up the DagBag from /home/airflow/.local/lib/python3.12/site-packages/airflow/example_dags/example_latest_only.py
[2024-07-31T12:32:14.442+0000] {processor.py:840} INFO - DAG(s) 'latest_only' retrieved from /home/airflow/.local/lib/python3.12/site-packages/airflow/example_dags/example_latest_only.py
[2024-07-31T12:32:14.468+0000] {logging_mixin.py:188} INFO - [2024-07-31T12:32:14.468+0000] {dag.py:3089} INFO - Sync 1 DAGs
[2024-07-31T12:32:14.501+0000] {logging_mixin.py:188} INFO - [2024-07-31T12:32:14.501+0000] {dag.py:3947} INFO - Setting next_dagrun for latest_only to 2024-07-31 08:00:00+00:00, run_after=2024-07-31 12:00:00+00:00
[2024-07-31T12:32:14.536+0000] {processor.py:183} INFO - Processing /home/airflow/.local/lib/python3.12/site-packages/airflow/example_dags/example_latest_only.py took 0.112 seconds
[2024-07-31T12:32:44.666+0000] {processor.py:161} INFO - Started process (PID=2796) to work on /home/airflow/.local/lib/python3.12/site-packages/airflow/example_dags/example_latest_only.py
[2024-07-31T12:32:44.668+0000] {processor.py:830} INFO - Processing file /home/airflow/.local/lib/python3.12/site-packages/airflow/example_dags/example_latest_only.py for tasks to queue
[2024-07-31T12:32:44.670+0000] {logging_mixin.py:188} INFO - [2024-07-31T12:32:44.670+0000] {dagbag.py:545} INFO - Filling up the DagBag from /home/airflow/.local/lib/python3.12/site-packages/airflow/example_dags/example_latest_only.py
[2024-07-31T12:32:44.679+0000] {processor.py:840} INFO - DAG(s) 'latest_only' retrieved from /home/airflow/.local/lib/python3.12/site-packages/airflow/example_dags/example_latest_only.py
[2024-07-31T12:32:44.740+0000] {logging_mixin.py:188} INFO - [2024-07-31T12:32:44.739+0000] {dag.py:3089} INFO - Sync 1 DAGs
[2024-07-31T12:32:44.770+0000] {logging_mixin.py:188} INFO - [2024-07-31T12:32:44.770+0000] {dag.py:3947} INFO - Setting next_dagrun for latest_only to 2024-07-31 08:00:00+00:00, run_after=2024-07-31 12:00:00+00:00
[2024-07-31T12:32:44.801+0000] {processor.py:183} INFO - Processing /home/airflow/.local/lib/python3.12/site-packages/airflow/example_dags/example_latest_only.py took 0.146 seconds
[2024-07-31T12:33:14.983+0000] {processor.py:161} INFO - Started process (PID=2854) to work on /home/airflow/.local/lib/python3.12/site-packages/airflow/example_dags/example_latest_only.py
[2024-07-31T12:33:14.983+0000] {processor.py:830} INFO - Processing file /home/airflow/.local/lib/python3.12/site-packages/airflow/example_dags/example_latest_only.py for tasks to queue
[2024-07-31T12:33:14.985+0000] {logging_mixin.py:188} INFO - [2024-07-31T12:33:14.985+0000] {dagbag.py:545} INFO - Filling up the DagBag from /home/airflow/.local/lib/python3.12/site-packages/airflow/example_dags/example_latest_only.py
[2024-07-31T12:33:14.990+0000] {processor.py:840} INFO - DAG(s) 'latest_only' retrieved from /home/airflow/.local/lib/python3.12/site-packages/airflow/example_dags/example_latest_only.py
[2024-07-31T12:33:15.017+0000] {logging_mixin.py:188} INFO - [2024-07-31T12:33:15.017+0000] {dag.py:3089} INFO - Sync 1 DAGs
[2024-07-31T12:33:15.051+0000] {logging_mixin.py:188} INFO - [2024-07-31T12:33:15.051+0000] {dag.py:3947} INFO - Setting next_dagrun for latest_only to 2024-07-31 08:00:00+00:00, run_after=2024-07-31 12:00:00+00:00
[2024-07-31T12:33:15.086+0000] {processor.py:183} INFO - Processing /home/airflow/.local/lib/python3.12/site-packages/airflow/example_dags/example_latest_only.py took 0.110 seconds
[2024-07-31T12:33:46.068+0000] {processor.py:161} INFO - Started process (PID=2912) to work on /home/airflow/.local/lib/python3.12/site-packages/airflow/example_dags/example_latest_only.py
[2024-07-31T12:33:46.069+0000] {processor.py:830} INFO - Processing file /home/airflow/.local/lib/python3.12/site-packages/airflow/example_dags/example_latest_only.py for tasks to queue
[2024-07-31T12:33:46.072+0000] {logging_mixin.py:188} INFO - [2024-07-31T12:33:46.071+0000] {dagbag.py:545} INFO - Filling up the DagBag from /home/airflow/.local/lib/python3.12/site-packages/airflow/example_dags/example_latest_only.py
[2024-07-31T12:33:46.077+0000] {processor.py:840} INFO - DAG(s) 'latest_only' retrieved from /home/airflow/.local/lib/python3.12/site-packages/airflow/example_dags/example_latest_only.py
[2024-07-31T12:33:46.113+0000] {logging_mixin.py:188} INFO - [2024-07-31T12:33:46.112+0000] {dag.py:3089} INFO - Sync 1 DAGs
[2024-07-31T12:33:46.163+0000] {logging_mixin.py:188} INFO - [2024-07-31T12:33:46.162+0000] {dag.py:3947} INFO - Setting next_dagrun for latest_only to 2024-07-31 08:00:00+00:00, run_after=2024-07-31 12:00:00+00:00
[2024-07-31T12:33:46.207+0000] {processor.py:183} INFO - Processing /home/airflow/.local/lib/python3.12/site-packages/airflow/example_dags/example_latest_only.py took 0.147 seconds
[2024-07-31T12:34:16.724+0000] {processor.py:161} INFO - Started process (PID=2970) to work on /home/airflow/.local/lib/python3.12/site-packages/airflow/example_dags/example_latest_only.py
[2024-07-31T12:34:16.725+0000] {processor.py:830} INFO - Processing file /home/airflow/.local/lib/python3.12/site-packages/airflow/example_dags/example_latest_only.py for tasks to queue
[2024-07-31T12:34:16.727+0000] {logging_mixin.py:188} INFO - [2024-07-31T12:34:16.727+0000] {dagbag.py:545} INFO - Filling up the DagBag from /home/airflow/.local/lib/python3.12/site-packages/airflow/example_dags/example_latest_only.py
[2024-07-31T12:34:16.734+0000] {processor.py:840} INFO - DAG(s) 'latest_only' retrieved from /home/airflow/.local/lib/python3.12/site-packages/airflow/example_dags/example_latest_only.py
[2024-07-31T12:34:16.761+0000] {logging_mixin.py:188} INFO - [2024-07-31T12:34:16.760+0000] {dag.py:3089} INFO - Sync 1 DAGs
[2024-07-31T12:34:16.798+0000] {logging_mixin.py:188} INFO - [2024-07-31T12:34:16.798+0000] {dag.py:3947} INFO - Setting next_dagrun for latest_only to 2024-07-31 08:00:00+00:00, run_after=2024-07-31 12:00:00+00:00
[2024-07-31T12:34:16.840+0000] {processor.py:183} INFO - Processing /home/airflow/.local/lib/python3.12/site-packages/airflow/example_dags/example_latest_only.py took 0.124 seconds
[2024-07-31T12:34:46.938+0000] {processor.py:161} INFO - Started process (PID=3027) to work on /home/airflow/.local/lib/python3.12/site-packages/airflow/example_dags/example_latest_only.py
[2024-07-31T12:34:46.939+0000] {processor.py:830} INFO - Processing file /home/airflow/.local/lib/python3.12/site-packages/airflow/example_dags/example_latest_only.py for tasks to queue
[2024-07-31T12:34:46.940+0000] {logging_mixin.py:188} INFO - [2024-07-31T12:34:46.940+0000] {dagbag.py:545} INFO - Filling up the DagBag from /home/airflow/.local/lib/python3.12/site-packages/airflow/example_dags/example_latest_only.py
[2024-07-31T12:34:46.946+0000] {processor.py:840} INFO - DAG(s) 'latest_only' retrieved from /home/airflow/.local/lib/python3.12/site-packages/airflow/example_dags/example_latest_only.py
[2024-07-31T12:34:46.988+0000] {logging_mixin.py:188} INFO - [2024-07-31T12:34:46.987+0000] {dag.py:3089} INFO - Sync 1 DAGs
[2024-07-31T12:34:47.023+0000] {logging_mixin.py:188} INFO - [2024-07-31T12:34:47.023+0000] {dag.py:3947} INFO - Setting next_dagrun for latest_only to 2024-07-31 08:00:00+00:00, run_after=2024-07-31 12:00:00+00:00
[2024-07-31T12:34:47.064+0000] {processor.py:183} INFO - Processing /home/airflow/.local/lib/python3.12/site-packages/airflow/example_dags/example_latest_only.py took 0.133 seconds
[2024-07-31T12:35:17.288+0000] {processor.py:161} INFO - Started process (PID=3084) to work on /home/airflow/.local/lib/python3.12/site-packages/airflow/example_dags/example_latest_only.py
[2024-07-31T12:35:17.289+0000] {processor.py:830} INFO - Processing file /home/airflow/.local/lib/python3.12/site-packages/airflow/example_dags/example_latest_only.py for tasks to queue
[2024-07-31T12:35:17.291+0000] {logging_mixin.py:188} INFO - [2024-07-31T12:35:17.290+0000] {dagbag.py:545} INFO - Filling up the DagBag from /home/airflow/.local/lib/python3.12/site-packages/airflow/example_dags/example_latest_only.py
[2024-07-31T12:35:17.296+0000] {processor.py:840} INFO - DAG(s) 'latest_only' retrieved from /home/airflow/.local/lib/python3.12/site-packages/airflow/example_dags/example_latest_only.py
[2024-07-31T12:35:17.321+0000] {logging_mixin.py:188} INFO - [2024-07-31T12:35:17.321+0000] {dag.py:3089} INFO - Sync 1 DAGs
[2024-07-31T12:35:17.355+0000] {logging_mixin.py:188} INFO - [2024-07-31T12:35:17.354+0000] {dag.py:3947} INFO - Setting next_dagrun for latest_only to 2024-07-31 08:00:00+00:00, run_after=2024-07-31 12:00:00+00:00
[2024-07-31T12:35:17.386+0000] {processor.py:183} INFO - Processing /home/airflow/.local/lib/python3.12/site-packages/airflow/example_dags/example_latest_only.py took 0.105 seconds
[2024-07-31T12:35:47.619+0000] {processor.py:161} INFO - Started process (PID=3141) to work on /home/airflow/.local/lib/python3.12/site-packages/airflow/example_dags/example_latest_only.py
[2024-07-31T12:35:47.620+0000] {processor.py:830} INFO - Processing file /home/airflow/.local/lib/python3.12/site-packages/airflow/example_dags/example_latest_only.py for tasks to queue
[2024-07-31T12:35:47.622+0000] {logging_mixin.py:188} INFO - [2024-07-31T12:35:47.621+0000] {dagbag.py:545} INFO - Filling up the DagBag from /home/airflow/.local/lib/python3.12/site-packages/airflow/example_dags/example_latest_only.py
[2024-07-31T12:35:47.629+0000] {processor.py:840} INFO - DAG(s) 'latest_only' retrieved from /home/airflow/.local/lib/python3.12/site-packages/airflow/example_dags/example_latest_only.py
[2024-07-31T12:35:47.650+0000] {logging_mixin.py:188} INFO - [2024-07-31T12:35:47.649+0000] {dag.py:3089} INFO - Sync 1 DAGs
[2024-07-31T12:35:47.683+0000] {logging_mixin.py:188} INFO - [2024-07-31T12:35:47.683+0000] {dag.py:3947} INFO - Setting next_dagrun for latest_only to 2024-07-31 08:00:00+00:00, run_after=2024-07-31 12:00:00+00:00
[2024-07-31T12:35:47.713+0000] {processor.py:183} INFO - Processing /home/airflow/.local/lib/python3.12/site-packages/airflow/example_dags/example_latest_only.py took 0.101 seconds
[2024-07-31T12:36:18.053+0000] {processor.py:161} INFO - Started process (PID=3197) to work on /home/airflow/.local/lib/python3.12/site-packages/airflow/example_dags/example_latest_only.py
[2024-07-31T12:36:18.054+0000] {processor.py:830} INFO - Processing file /home/airflow/.local/lib/python3.12/site-packages/airflow/example_dags/example_latest_only.py for tasks to queue
[2024-07-31T12:36:18.056+0000] {logging_mixin.py:188} INFO - [2024-07-31T12:36:18.055+0000] {dagbag.py:545} INFO - Filling up the DagBag from /home/airflow/.local/lib/python3.12/site-packages/airflow/example_dags/example_latest_only.py
[2024-07-31T12:36:18.061+0000] {processor.py:840} INFO - DAG(s) 'latest_only' retrieved from /home/airflow/.local/lib/python3.12/site-packages/airflow/example_dags/example_latest_only.py
[2024-07-31T12:36:18.085+0000] {logging_mixin.py:188} INFO - [2024-07-31T12:36:18.085+0000] {dag.py:3089} INFO - Sync 1 DAGs
[2024-07-31T12:36:18.121+0000] {logging_mixin.py:188} INFO - [2024-07-31T12:36:18.120+0000] {dag.py:3947} INFO - Setting next_dagrun for latest_only to 2024-07-31 08:00:00+00:00, run_after=2024-07-31 12:00:00+00:00
[2024-07-31T12:36:18.173+0000] {processor.py:183} INFO - Processing /home/airflow/.local/lib/python3.12/site-packages/airflow/example_dags/example_latest_only.py took 0.127 seconds
[2024-07-31T12:36:48.360+0000] {processor.py:161} INFO - Started process (PID=3254) to work on /home/airflow/.local/lib/python3.12/site-packages/airflow/example_dags/example_latest_only.py
[2024-07-31T12:36:48.362+0000] {processor.py:830} INFO - Processing file /home/airflow/.local/lib/python3.12/site-packages/airflow/example_dags/example_latest_only.py for tasks to queue
[2024-07-31T12:36:48.364+0000] {logging_mixin.py:188} INFO - [2024-07-31T12:36:48.363+0000] {dagbag.py:545} INFO - Filling up the DagBag from /home/airflow/.local/lib/python3.12/site-packages/airflow/example_dags/example_latest_only.py
[2024-07-31T12:36:48.370+0000] {processor.py:840} INFO - DAG(s) 'latest_only' retrieved from /home/airflow/.local/lib/python3.12/site-packages/airflow/example_dags/example_latest_only.py
[2024-07-31T12:36:48.400+0000] {logging_mixin.py:188} INFO - [2024-07-31T12:36:48.400+0000] {dag.py:3089} INFO - Sync 1 DAGs
[2024-07-31T12:36:48.431+0000] {logging_mixin.py:188} INFO - [2024-07-31T12:36:48.431+0000] {dag.py:3947} INFO - Setting next_dagrun for latest_only to 2024-07-31 08:00:00+00:00, run_after=2024-07-31 12:00:00+00:00
[2024-07-31T12:36:48.466+0000] {processor.py:183} INFO - Processing /home/airflow/.local/lib/python3.12/site-packages/airflow/example_dags/example_latest_only.py took 0.114 seconds
[2024-07-31T12:37:18.753+0000] {processor.py:161} INFO - Started process (PID=3313) to work on /home/airflow/.local/lib/python3.12/site-packages/airflow/example_dags/example_latest_only.py
[2024-07-31T12:37:18.753+0000] {processor.py:830} INFO - Processing file /home/airflow/.local/lib/python3.12/site-packages/airflow/example_dags/example_latest_only.py for tasks to queue
[2024-07-31T12:37:18.755+0000] {logging_mixin.py:188} INFO - [2024-07-31T12:37:18.755+0000] {dagbag.py:545} INFO - Filling up the DagBag from /home/airflow/.local/lib/python3.12/site-packages/airflow/example_dags/example_latest_only.py
[2024-07-31T12:37:18.760+0000] {processor.py:840} INFO - DAG(s) 'latest_only' retrieved from /home/airflow/.local/lib/python3.12/site-packages/airflow/example_dags/example_latest_only.py
[2024-07-31T12:37:18.782+0000] {logging_mixin.py:188} INFO - [2024-07-31T12:37:18.781+0000] {dag.py:3089} INFO - Sync 1 DAGs
[2024-07-31T12:37:18.811+0000] {logging_mixin.py:188} INFO - [2024-07-31T12:37:18.811+0000] {dag.py:3947} INFO - Setting next_dagrun for latest_only to 2024-07-31 08:00:00+00:00, run_after=2024-07-31 12:00:00+00:00
[2024-07-31T12:37:18.838+0000] {processor.py:183} INFO - Processing /home/airflow/.local/lib/python3.12/site-packages/airflow/example_dags/example_latest_only.py took 0.090 seconds
[2024-07-31T12:37:49.618+0000] {processor.py:161} INFO - Started process (PID=3370) to work on /home/airflow/.local/lib/python3.12/site-packages/airflow/example_dags/example_latest_only.py
[2024-07-31T12:37:49.619+0000] {processor.py:830} INFO - Processing file /home/airflow/.local/lib/python3.12/site-packages/airflow/example_dags/example_latest_only.py for tasks to queue
[2024-07-31T12:37:49.621+0000] {logging_mixin.py:188} INFO - [2024-07-31T12:37:49.621+0000] {dagbag.py:545} INFO - Filling up the DagBag from /home/airflow/.local/lib/python3.12/site-packages/airflow/example_dags/example_latest_only.py
[2024-07-31T12:37:49.626+0000] {processor.py:840} INFO - DAG(s) 'latest_only' retrieved from /home/airflow/.local/lib/python3.12/site-packages/airflow/example_dags/example_latest_only.py
[2024-07-31T12:37:49.648+0000] {logging_mixin.py:188} INFO - [2024-07-31T12:37:49.648+0000] {dag.py:3089} INFO - Sync 1 DAGs
[2024-07-31T12:37:49.673+0000] {logging_mixin.py:188} INFO - [2024-07-31T12:37:49.673+0000] {dag.py:3947} INFO - Setting next_dagrun for latest_only to 2024-07-31 08:00:00+00:00, run_after=2024-07-31 12:00:00+00:00
[2024-07-31T12:37:49.695+0000] {processor.py:183} INFO - Processing /home/airflow/.local/lib/python3.12/site-packages/airflow/example_dags/example_latest_only.py took 0.084 seconds
[2024-07-31T12:38:20.228+0000] {processor.py:161} INFO - Started process (PID=3428) to work on /home/airflow/.local/lib/python3.12/site-packages/airflow/example_dags/example_latest_only.py
[2024-07-31T12:38:20.228+0000] {processor.py:830} INFO - Processing file /home/airflow/.local/lib/python3.12/site-packages/airflow/example_dags/example_latest_only.py for tasks to queue
[2024-07-31T12:38:20.231+0000] {logging_mixin.py:188} INFO - [2024-07-31T12:38:20.230+0000] {dagbag.py:545} INFO - Filling up the DagBag from /home/airflow/.local/lib/python3.12/site-packages/airflow/example_dags/example_latest_only.py
[2024-07-31T12:38:20.238+0000] {processor.py:840} INFO - DAG(s) 'latest_only' retrieved from /home/airflow/.local/lib/python3.12/site-packages/airflow/example_dags/example_latest_only.py
[2024-07-31T12:38:20.273+0000] {logging_mixin.py:188} INFO - [2024-07-31T12:38:20.272+0000] {dag.py:3089} INFO - Sync 1 DAGs
[2024-07-31T12:38:20.309+0000] {logging_mixin.py:188} INFO - [2024-07-31T12:38:20.309+0000] {dag.py:3947} INFO - Setting next_dagrun for latest_only to 2024-07-31 08:00:00+00:00, run_after=2024-07-31 12:00:00+00:00
[2024-07-31T12:38:20.343+0000] {processor.py:183} INFO - Processing /home/airflow/.local/lib/python3.12/site-packages/airflow/example_dags/example_latest_only.py took 0.127 seconds
[2024-07-31T16:44:27.140+0000] {processor.py:161} INFO - Started process (PID=87) to work on /home/airflow/.local/lib/python3.12/site-packages/airflow/example_dags/example_latest_only.py
[2024-07-31T16:44:27.141+0000] {processor.py:830} INFO - Processing file /home/airflow/.local/lib/python3.12/site-packages/airflow/example_dags/example_latest_only.py for tasks to queue
[2024-07-31T16:44:27.142+0000] {logging_mixin.py:188} INFO - [2024-07-31T16:44:27.142+0000] {dagbag.py:545} INFO - Filling up the DagBag from /home/airflow/.local/lib/python3.12/site-packages/airflow/example_dags/example_latest_only.py
[2024-07-31T16:44:27.154+0000] {processor.py:840} INFO - DAG(s) 'latest_only' retrieved from /home/airflow/.local/lib/python3.12/site-packages/airflow/example_dags/example_latest_only.py
[2024-07-31T16:44:27.327+0000] {logging_mixin.py:188} INFO - [2024-07-31T16:44:27.327+0000] {dag.py:3089} INFO - Sync 1 DAGs
[2024-07-31T16:44:27.358+0000] {logging_mixin.py:188} INFO - [2024-07-31T16:44:27.358+0000] {dag.py:3947} INFO - Setting next_dagrun for latest_only to 2024-07-31 12:00:00+00:00, run_after=2024-07-31 16:00:00+00:00
[2024-07-31T16:44:27.391+0000] {processor.py:183} INFO - Processing /home/airflow/.local/lib/python3.12/site-packages/airflow/example_dags/example_latest_only.py took 0.260 seconds
[2024-07-31T16:44:57.841+0000] {processor.py:161} INFO - Started process (PID=144) to work on /home/airflow/.local/lib/python3.12/site-packages/airflow/example_dags/example_latest_only.py
[2024-07-31T16:44:57.842+0000] {processor.py:830} INFO - Processing file /home/airflow/.local/lib/python3.12/site-packages/airflow/example_dags/example_latest_only.py for tasks to queue
[2024-07-31T16:44:57.843+0000] {logging_mixin.py:188} INFO - [2024-07-31T16:44:57.842+0000] {dagbag.py:545} INFO - Filling up the DagBag from /home/airflow/.local/lib/python3.12/site-packages/airflow/example_dags/example_latest_only.py
[2024-07-31T16:44:57.855+0000] {processor.py:840} INFO - DAG(s) 'latest_only' retrieved from /home/airflow/.local/lib/python3.12/site-packages/airflow/example_dags/example_latest_only.py
[2024-07-31T16:44:57.898+0000] {logging_mixin.py:188} INFO - [2024-07-31T16:44:57.898+0000] {dag.py:3089} INFO - Sync 1 DAGs
[2024-07-31T16:44:57.948+0000] {logging_mixin.py:188} INFO - [2024-07-31T16:44:57.948+0000] {dag.py:3947} INFO - Setting next_dagrun for latest_only to 2024-07-31 12:00:00+00:00, run_after=2024-07-31 16:00:00+00:00
[2024-07-31T16:44:58.001+0000] {processor.py:183} INFO - Processing /home/airflow/.local/lib/python3.12/site-packages/airflow/example_dags/example_latest_only.py took 0.169 seconds
[2024-07-31T16:45:28.594+0000] {processor.py:161} INFO - Started process (PID=202) to work on /home/airflow/.local/lib/python3.12/site-packages/airflow/example_dags/example_latest_only.py
[2024-07-31T16:45:28.595+0000] {processor.py:830} INFO - Processing file /home/airflow/.local/lib/python3.12/site-packages/airflow/example_dags/example_latest_only.py for tasks to queue
[2024-07-31T16:45:28.596+0000] {logging_mixin.py:188} INFO - [2024-07-31T16:45:28.596+0000] {dagbag.py:545} INFO - Filling up the DagBag from /home/airflow/.local/lib/python3.12/site-packages/airflow/example_dags/example_latest_only.py
[2024-07-31T16:45:28.604+0000] {processor.py:840} INFO - DAG(s) 'latest_only' retrieved from /home/airflow/.local/lib/python3.12/site-packages/airflow/example_dags/example_latest_only.py
[2024-07-31T16:45:28.638+0000] {logging_mixin.py:188} INFO - [2024-07-31T16:45:28.638+0000] {dag.py:3089} INFO - Sync 1 DAGs
[2024-07-31T16:45:28.676+0000] {logging_mixin.py:188} INFO - [2024-07-31T16:45:28.676+0000] {dag.py:3947} INFO - Setting next_dagrun for latest_only to 2024-07-31 12:00:00+00:00, run_after=2024-07-31 16:00:00+00:00
[2024-07-31T16:45:28.727+0000] {processor.py:183} INFO - Processing /home/airflow/.local/lib/python3.12/site-packages/airflow/example_dags/example_latest_only.py took 0.140 seconds
[2024-07-31T16:45:59.729+0000] {processor.py:161} INFO - Started process (PID=260) to work on /home/airflow/.local/lib/python3.12/site-packages/airflow/example_dags/example_latest_only.py
[2024-07-31T16:45:59.729+0000] {processor.py:830} INFO - Processing file /home/airflow/.local/lib/python3.12/site-packages/airflow/example_dags/example_latest_only.py for tasks to queue
[2024-07-31T16:45:59.730+0000] {logging_mixin.py:188} INFO - [2024-07-31T16:45:59.730+0000] {dagbag.py:545} INFO - Filling up the DagBag from /home/airflow/.local/lib/python3.12/site-packages/airflow/example_dags/example_latest_only.py
[2024-07-31T16:45:59.735+0000] {processor.py:840} INFO - DAG(s) 'latest_only' retrieved from /home/airflow/.local/lib/python3.12/site-packages/airflow/example_dags/example_latest_only.py
[2024-07-31T16:45:59.760+0000] {logging_mixin.py:188} INFO - [2024-07-31T16:45:59.760+0000] {dag.py:3089} INFO - Sync 1 DAGs
[2024-07-31T16:45:59.790+0000] {logging_mixin.py:188} INFO - [2024-07-31T16:45:59.790+0000] {dag.py:3947} INFO - Setting next_dagrun for latest_only to 2024-07-31 12:00:00+00:00, run_after=2024-07-31 16:00:00+00:00
[2024-07-31T16:45:59.827+0000] {processor.py:183} INFO - Processing /home/airflow/.local/lib/python3.12/site-packages/airflow/example_dags/example_latest_only.py took 0.103 seconds
