[2024-07-31T12:08:54.492+0000] {processor.py:161} INFO - Started process (PID=106) to work on /home/airflow/.local/lib/python3.12/site-packages/airflow/example_dags/example_complex.py
[2024-07-31T12:08:54.493+0000] {processor.py:830} INFO - Processing file /home/airflow/.local/lib/python3.12/site-packages/airflow/example_dags/example_complex.py for tasks to queue
[2024-07-31T12:08:54.497+0000] {logging_mixin.py:188} INFO - [2024-07-31T12:08:54.496+0000] {dagbag.py:545} INFO - Filling up the DagBag from /home/airflow/.local/lib/python3.12/site-packages/airflow/example_dags/example_complex.py
[2024-07-31T12:08:54.529+0000] {processor.py:840} INFO - DAG(s) 'example_complex' retrieved from /home/airflow/.local/lib/python3.12/site-packages/airflow/example_dags/example_complex.py
[2024-07-31T12:08:54.709+0000] {logging_mixin.py:188} INFO - [2024-07-31T12:08:54.708+0000] {override.py:1858} INFO - Created Permission View: can delete on DAG:example_complex
[2024-07-31T12:08:54.723+0000] {logging_mixin.py:188} INFO - [2024-07-31T12:08:54.723+0000] {override.py:1858} INFO - Created Permission View: can read on DAG:example_complex
[2024-07-31T12:08:54.731+0000] {logging_mixin.py:188} INFO - [2024-07-31T12:08:54.730+0000] {override.py:1858} INFO - Created Permission View: can edit on DAG:example_complex
[2024-07-31T12:08:54.731+0000] {logging_mixin.py:188} INFO - [2024-07-31T12:08:54.731+0000] {dag.py:3089} INFO - Sync 1 DAGs
[2024-07-31T12:08:54.748+0000] {logging_mixin.py:188} INFO - [2024-07-31T12:08:54.748+0000] {dag.py:3111} INFO - Creating ORM DAG for example_complex
[2024-07-31T12:08:54.749+0000] {logging_mixin.py:188} INFO - [2024-07-31T12:08:54.749+0000] {dag.py:3947} INFO - Setting next_dagrun for example_complex to None, run_after=None
[2024-07-31T12:08:54.786+0000] {processor.py:183} INFO - Processing /home/airflow/.local/lib/python3.12/site-packages/airflow/example_dags/example_complex.py took 0.302 seconds
[2024-07-31T12:09:24.850+0000] {processor.py:161} INFO - Started process (PID=164) to work on /home/airflow/.local/lib/python3.12/site-packages/airflow/example_dags/example_complex.py
[2024-07-31T12:09:24.851+0000] {processor.py:830} INFO - Processing file /home/airflow/.local/lib/python3.12/site-packages/airflow/example_dags/example_complex.py for tasks to queue
[2024-07-31T12:09:24.852+0000] {logging_mixin.py:188} INFO - [2024-07-31T12:09:24.852+0000] {dagbag.py:545} INFO - Filling up the DagBag from /home/airflow/.local/lib/python3.12/site-packages/airflow/example_dags/example_complex.py
[2024-07-31T12:09:24.863+0000] {processor.py:840} INFO - DAG(s) 'example_complex' retrieved from /home/airflow/.local/lib/python3.12/site-packages/airflow/example_dags/example_complex.py
[2024-07-31T12:09:24.901+0000] {logging_mixin.py:188} INFO - [2024-07-31T12:09:24.900+0000] {dag.py:3089} INFO - Sync 1 DAGs
[2024-07-31T12:09:24.919+0000] {logging_mixin.py:188} INFO - [2024-07-31T12:09:24.918+0000] {dag.py:3947} INFO - Setting next_dagrun for example_complex to None, run_after=None
[2024-07-31T12:09:24.943+0000] {processor.py:183} INFO - Processing /home/airflow/.local/lib/python3.12/site-packages/airflow/example_dags/example_complex.py took 0.101 seconds
[2024-07-31T12:09:55.044+0000] {processor.py:161} INFO - Started process (PID=222) to work on /home/airflow/.local/lib/python3.12/site-packages/airflow/example_dags/example_complex.py
[2024-07-31T12:09:55.045+0000] {processor.py:830} INFO - Processing file /home/airflow/.local/lib/python3.12/site-packages/airflow/example_dags/example_complex.py for tasks to queue
[2024-07-31T12:09:55.046+0000] {logging_mixin.py:188} INFO - [2024-07-31T12:09:55.046+0000] {dagbag.py:545} INFO - Filling up the DagBag from /home/airflow/.local/lib/python3.12/site-packages/airflow/example_dags/example_complex.py
[2024-07-31T12:09:55.055+0000] {processor.py:840} INFO - DAG(s) 'example_complex' retrieved from /home/airflow/.local/lib/python3.12/site-packages/airflow/example_dags/example_complex.py
[2024-07-31T12:09:55.086+0000] {logging_mixin.py:188} INFO - [2024-07-31T12:09:55.086+0000] {dag.py:3089} INFO - Sync 1 DAGs
[2024-07-31T12:09:55.099+0000] {logging_mixin.py:188} INFO - [2024-07-31T12:09:55.098+0000] {dag.py:3947} INFO - Setting next_dagrun for example_complex to None, run_after=None
[2024-07-31T12:09:55.121+0000] {processor.py:183} INFO - Processing /home/airflow/.local/lib/python3.12/site-packages/airflow/example_dags/example_complex.py took 0.082 seconds
[2024-07-31T12:10:25.714+0000] {processor.py:161} INFO - Started process (PID=280) to work on /home/airflow/.local/lib/python3.12/site-packages/airflow/example_dags/example_complex.py
[2024-07-31T12:10:25.714+0000] {processor.py:830} INFO - Processing file /home/airflow/.local/lib/python3.12/site-packages/airflow/example_dags/example_complex.py for tasks to queue
[2024-07-31T12:10:25.716+0000] {logging_mixin.py:188} INFO - [2024-07-31T12:10:25.715+0000] {dagbag.py:545} INFO - Filling up the DagBag from /home/airflow/.local/lib/python3.12/site-packages/airflow/example_dags/example_complex.py
[2024-07-31T12:10:25.726+0000] {processor.py:840} INFO - DAG(s) 'example_complex' retrieved from /home/airflow/.local/lib/python3.12/site-packages/airflow/example_dags/example_complex.py
[2024-07-31T12:10:25.755+0000] {logging_mixin.py:188} INFO - [2024-07-31T12:10:25.754+0000] {dag.py:3089} INFO - Sync 1 DAGs
[2024-07-31T12:10:25.766+0000] {logging_mixin.py:188} INFO - [2024-07-31T12:10:25.766+0000] {dag.py:3947} INFO - Setting next_dagrun for example_complex to None, run_after=None
[2024-07-31T12:10:25.787+0000] {processor.py:183} INFO - Processing /home/airflow/.local/lib/python3.12/site-packages/airflow/example_dags/example_complex.py took 0.078 seconds
[2024-07-31T12:10:56.780+0000] {processor.py:161} INFO - Started process (PID=337) to work on /home/airflow/.local/lib/python3.12/site-packages/airflow/example_dags/example_complex.py
[2024-07-31T12:10:56.781+0000] {processor.py:830} INFO - Processing file /home/airflow/.local/lib/python3.12/site-packages/airflow/example_dags/example_complex.py for tasks to queue
[2024-07-31T12:10:56.782+0000] {logging_mixin.py:188} INFO - [2024-07-31T12:10:56.782+0000] {dagbag.py:545} INFO - Filling up the DagBag from /home/airflow/.local/lib/python3.12/site-packages/airflow/example_dags/example_complex.py
[2024-07-31T12:10:56.795+0000] {processor.py:840} INFO - DAG(s) 'example_complex' retrieved from /home/airflow/.local/lib/python3.12/site-packages/airflow/example_dags/example_complex.py
[2024-07-31T12:10:56.825+0000] {logging_mixin.py:188} INFO - [2024-07-31T12:10:56.825+0000] {dag.py:3089} INFO - Sync 1 DAGs
[2024-07-31T12:10:56.842+0000] {logging_mixin.py:188} INFO - [2024-07-31T12:10:56.842+0000] {dag.py:3947} INFO - Setting next_dagrun for example_complex to None, run_after=None
[2024-07-31T12:10:56.868+0000] {processor.py:183} INFO - Processing /home/airflow/.local/lib/python3.12/site-packages/airflow/example_dags/example_complex.py took 0.094 seconds
[2024-07-31T12:11:27.555+0000] {processor.py:161} INFO - Started process (PID=395) to work on /home/airflow/.local/lib/python3.12/site-packages/airflow/example_dags/example_complex.py
[2024-07-31T12:11:27.556+0000] {processor.py:830} INFO - Processing file /home/airflow/.local/lib/python3.12/site-packages/airflow/example_dags/example_complex.py for tasks to queue
[2024-07-31T12:11:27.558+0000] {logging_mixin.py:188} INFO - [2024-07-31T12:11:27.557+0000] {dagbag.py:545} INFO - Filling up the DagBag from /home/airflow/.local/lib/python3.12/site-packages/airflow/example_dags/example_complex.py
[2024-07-31T12:11:27.569+0000] {processor.py:840} INFO - DAG(s) 'example_complex' retrieved from /home/airflow/.local/lib/python3.12/site-packages/airflow/example_dags/example_complex.py
[2024-07-31T12:11:27.602+0000] {logging_mixin.py:188} INFO - [2024-07-31T12:11:27.601+0000] {dag.py:3089} INFO - Sync 1 DAGs
[2024-07-31T12:11:27.617+0000] {logging_mixin.py:188} INFO - [2024-07-31T12:11:27.617+0000] {dag.py:3947} INFO - Setting next_dagrun for example_complex to None, run_after=None
[2024-07-31T12:11:27.644+0000] {processor.py:183} INFO - Processing /home/airflow/.local/lib/python3.12/site-packages/airflow/example_dags/example_complex.py took 0.096 seconds
[2024-07-31T12:11:57.960+0000] {processor.py:161} INFO - Started process (PID=453) to work on /home/airflow/.local/lib/python3.12/site-packages/airflow/example_dags/example_complex.py
[2024-07-31T12:11:57.961+0000] {processor.py:830} INFO - Processing file /home/airflow/.local/lib/python3.12/site-packages/airflow/example_dags/example_complex.py for tasks to queue
[2024-07-31T12:11:57.962+0000] {logging_mixin.py:188} INFO - [2024-07-31T12:11:57.962+0000] {dagbag.py:545} INFO - Filling up the DagBag from /home/airflow/.local/lib/python3.12/site-packages/airflow/example_dags/example_complex.py
[2024-07-31T12:11:57.971+0000] {processor.py:840} INFO - DAG(s) 'example_complex' retrieved from /home/airflow/.local/lib/python3.12/site-packages/airflow/example_dags/example_complex.py
[2024-07-31T12:11:58.001+0000] {logging_mixin.py:188} INFO - [2024-07-31T12:11:58.001+0000] {dag.py:3089} INFO - Sync 1 DAGs
[2024-07-31T12:11:58.015+0000] {logging_mixin.py:188} INFO - [2024-07-31T12:11:58.014+0000] {dag.py:3947} INFO - Setting next_dagrun for example_complex to None, run_after=None
[2024-07-31T12:11:58.034+0000] {processor.py:183} INFO - Processing /home/airflow/.local/lib/python3.12/site-packages/airflow/example_dags/example_complex.py took 0.080 seconds
[2024-07-31T12:12:28.167+0000] {processor.py:161} INFO - Started process (PID=510) to work on /home/airflow/.local/lib/python3.12/site-packages/airflow/example_dags/example_complex.py
[2024-07-31T12:12:28.169+0000] {processor.py:830} INFO - Processing file /home/airflow/.local/lib/python3.12/site-packages/airflow/example_dags/example_complex.py for tasks to queue
[2024-07-31T12:12:28.170+0000] {logging_mixin.py:188} INFO - [2024-07-31T12:12:28.170+0000] {dagbag.py:545} INFO - Filling up the DagBag from /home/airflow/.local/lib/python3.12/site-packages/airflow/example_dags/example_complex.py
[2024-07-31T12:12:28.180+0000] {processor.py:840} INFO - DAG(s) 'example_complex' retrieved from /home/airflow/.local/lib/python3.12/site-packages/airflow/example_dags/example_complex.py
[2024-07-31T12:12:28.215+0000] {logging_mixin.py:188} INFO - [2024-07-31T12:12:28.215+0000] {dag.py:3089} INFO - Sync 1 DAGs
[2024-07-31T12:12:28.232+0000] {logging_mixin.py:188} INFO - [2024-07-31T12:12:28.232+0000] {dag.py:3947} INFO - Setting next_dagrun for example_complex to None, run_after=None
[2024-07-31T12:12:28.253+0000] {processor.py:183} INFO - Processing /home/airflow/.local/lib/python3.12/site-packages/airflow/example_dags/example_complex.py took 0.092 seconds
[2024-07-31T12:12:58.953+0000] {processor.py:161} INFO - Started process (PID=568) to work on /home/airflow/.local/lib/python3.12/site-packages/airflow/example_dags/example_complex.py
[2024-07-31T12:12:58.954+0000] {processor.py:830} INFO - Processing file /home/airflow/.local/lib/python3.12/site-packages/airflow/example_dags/example_complex.py for tasks to queue
[2024-07-31T12:12:58.956+0000] {logging_mixin.py:188} INFO - [2024-07-31T12:12:58.956+0000] {dagbag.py:545} INFO - Filling up the DagBag from /home/airflow/.local/lib/python3.12/site-packages/airflow/example_dags/example_complex.py
[2024-07-31T12:12:58.968+0000] {processor.py:840} INFO - DAG(s) 'example_complex' retrieved from /home/airflow/.local/lib/python3.12/site-packages/airflow/example_dags/example_complex.py
[2024-07-31T12:12:59.009+0000] {logging_mixin.py:188} INFO - [2024-07-31T12:12:59.008+0000] {dag.py:3089} INFO - Sync 1 DAGs
[2024-07-31T12:12:59.026+0000] {logging_mixin.py:188} INFO - [2024-07-31T12:12:59.026+0000] {dag.py:3947} INFO - Setting next_dagrun for example_complex to None, run_after=None
[2024-07-31T12:12:59.052+0000] {processor.py:183} INFO - Processing /home/airflow/.local/lib/python3.12/site-packages/airflow/example_dags/example_complex.py took 0.107 seconds
[2024-07-31T12:13:29.421+0000] {processor.py:161} INFO - Started process (PID=625) to work on /home/airflow/.local/lib/python3.12/site-packages/airflow/example_dags/example_complex.py
[2024-07-31T12:13:29.422+0000] {processor.py:830} INFO - Processing file /home/airflow/.local/lib/python3.12/site-packages/airflow/example_dags/example_complex.py for tasks to queue
[2024-07-31T12:13:29.424+0000] {logging_mixin.py:188} INFO - [2024-07-31T12:13:29.423+0000] {dagbag.py:545} INFO - Filling up the DagBag from /home/airflow/.local/lib/python3.12/site-packages/airflow/example_dags/example_complex.py
[2024-07-31T12:13:29.434+0000] {processor.py:840} INFO - DAG(s) 'example_complex' retrieved from /home/airflow/.local/lib/python3.12/site-packages/airflow/example_dags/example_complex.py
[2024-07-31T12:13:29.465+0000] {logging_mixin.py:188} INFO - [2024-07-31T12:13:29.464+0000] {dag.py:3089} INFO - Sync 1 DAGs
[2024-07-31T12:13:29.477+0000] {logging_mixin.py:188} INFO - [2024-07-31T12:13:29.476+0000] {dag.py:3947} INFO - Setting next_dagrun for example_complex to None, run_after=None
[2024-07-31T12:13:29.498+0000] {processor.py:183} INFO - Processing /home/airflow/.local/lib/python3.12/site-packages/airflow/example_dags/example_complex.py took 0.082 seconds
[2024-07-31T12:13:59.730+0000] {processor.py:161} INFO - Started process (PID=683) to work on /home/airflow/.local/lib/python3.12/site-packages/airflow/example_dags/example_complex.py
[2024-07-31T12:13:59.731+0000] {processor.py:830} INFO - Processing file /home/airflow/.local/lib/python3.12/site-packages/airflow/example_dags/example_complex.py for tasks to queue
[2024-07-31T12:13:59.734+0000] {logging_mixin.py:188} INFO - [2024-07-31T12:13:59.734+0000] {dagbag.py:545} INFO - Filling up the DagBag from /home/airflow/.local/lib/python3.12/site-packages/airflow/example_dags/example_complex.py
[2024-07-31T12:13:59.750+0000] {processor.py:840} INFO - DAG(s) 'example_complex' retrieved from /home/airflow/.local/lib/python3.12/site-packages/airflow/example_dags/example_complex.py
[2024-07-31T12:13:59.805+0000] {logging_mixin.py:188} INFO - [2024-07-31T12:13:59.804+0000] {dag.py:3089} INFO - Sync 1 DAGs
[2024-07-31T12:13:59.827+0000] {logging_mixin.py:188} INFO - [2024-07-31T12:13:59.827+0000] {dag.py:3947} INFO - Setting next_dagrun for example_complex to None, run_after=None
[2024-07-31T12:13:59.859+0000] {processor.py:183} INFO - Processing /home/airflow/.local/lib/python3.12/site-packages/airflow/example_dags/example_complex.py took 0.136 seconds
[2024-07-31T12:14:30.767+0000] {processor.py:161} INFO - Started process (PID=741) to work on /home/airflow/.local/lib/python3.12/site-packages/airflow/example_dags/example_complex.py
[2024-07-31T12:14:30.768+0000] {processor.py:830} INFO - Processing file /home/airflow/.local/lib/python3.12/site-packages/airflow/example_dags/example_complex.py for tasks to queue
[2024-07-31T12:14:30.770+0000] {logging_mixin.py:188} INFO - [2024-07-31T12:14:30.769+0000] {dagbag.py:545} INFO - Filling up the DagBag from /home/airflow/.local/lib/python3.12/site-packages/airflow/example_dags/example_complex.py
[2024-07-31T12:14:30.779+0000] {processor.py:840} INFO - DAG(s) 'example_complex' retrieved from /home/airflow/.local/lib/python3.12/site-packages/airflow/example_dags/example_complex.py
[2024-07-31T12:14:30.811+0000] {logging_mixin.py:188} INFO - [2024-07-31T12:14:30.811+0000] {dag.py:3089} INFO - Sync 1 DAGs
[2024-07-31T12:14:30.826+0000] {logging_mixin.py:188} INFO - [2024-07-31T12:14:30.826+0000] {dag.py:3947} INFO - Setting next_dagrun for example_complex to None, run_after=None
[2024-07-31T12:14:30.849+0000] {processor.py:183} INFO - Processing /home/airflow/.local/lib/python3.12/site-packages/airflow/example_dags/example_complex.py took 0.087 seconds
[2024-07-31T12:15:01.063+0000] {processor.py:161} INFO - Started process (PID=799) to work on /home/airflow/.local/lib/python3.12/site-packages/airflow/example_dags/example_complex.py
[2024-07-31T12:15:01.064+0000] {processor.py:830} INFO - Processing file /home/airflow/.local/lib/python3.12/site-packages/airflow/example_dags/example_complex.py for tasks to queue
[2024-07-31T12:15:01.065+0000] {logging_mixin.py:188} INFO - [2024-07-31T12:15:01.065+0000] {dagbag.py:545} INFO - Filling up the DagBag from /home/airflow/.local/lib/python3.12/site-packages/airflow/example_dags/example_complex.py
[2024-07-31T12:15:01.084+0000] {processor.py:840} INFO - DAG(s) 'example_complex' retrieved from /home/airflow/.local/lib/python3.12/site-packages/airflow/example_dags/example_complex.py
[2024-07-31T12:15:01.139+0000] {logging_mixin.py:188} INFO - [2024-07-31T12:15:01.138+0000] {dag.py:3089} INFO - Sync 1 DAGs
[2024-07-31T12:15:01.151+0000] {logging_mixin.py:188} INFO - [2024-07-31T12:15:01.151+0000] {dag.py:3947} INFO - Setting next_dagrun for example_complex to None, run_after=None
[2024-07-31T12:15:01.173+0000] {processor.py:183} INFO - Processing /home/airflow/.local/lib/python3.12/site-packages/airflow/example_dags/example_complex.py took 0.115 seconds
[2024-07-31T12:15:31.590+0000] {processor.py:161} INFO - Started process (PID=856) to work on /home/airflow/.local/lib/python3.12/site-packages/airflow/example_dags/example_complex.py
[2024-07-31T12:15:31.591+0000] {processor.py:830} INFO - Processing file /home/airflow/.local/lib/python3.12/site-packages/airflow/example_dags/example_complex.py for tasks to queue
[2024-07-31T12:15:31.593+0000] {logging_mixin.py:188} INFO - [2024-07-31T12:15:31.592+0000] {dagbag.py:545} INFO - Filling up the DagBag from /home/airflow/.local/lib/python3.12/site-packages/airflow/example_dags/example_complex.py
[2024-07-31T12:15:31.607+0000] {processor.py:840} INFO - DAG(s) 'example_complex' retrieved from /home/airflow/.local/lib/python3.12/site-packages/airflow/example_dags/example_complex.py
[2024-07-31T12:15:31.652+0000] {logging_mixin.py:188} INFO - [2024-07-31T12:15:31.651+0000] {dag.py:3089} INFO - Sync 1 DAGs
[2024-07-31T12:15:31.673+0000] {logging_mixin.py:188} INFO - [2024-07-31T12:15:31.673+0000] {dag.py:3947} INFO - Setting next_dagrun for example_complex to None, run_after=None
[2024-07-31T12:15:31.707+0000] {processor.py:183} INFO - Processing /home/airflow/.local/lib/python3.12/site-packages/airflow/example_dags/example_complex.py took 0.125 seconds
[2024-07-31T12:16:01.792+0000] {processor.py:161} INFO - Started process (PID=913) to work on /home/airflow/.local/lib/python3.12/site-packages/airflow/example_dags/example_complex.py
[2024-07-31T12:16:01.793+0000] {processor.py:830} INFO - Processing file /home/airflow/.local/lib/python3.12/site-packages/airflow/example_dags/example_complex.py for tasks to queue
[2024-07-31T12:16:01.795+0000] {logging_mixin.py:188} INFO - [2024-07-31T12:16:01.795+0000] {dagbag.py:545} INFO - Filling up the DagBag from /home/airflow/.local/lib/python3.12/site-packages/airflow/example_dags/example_complex.py
[2024-07-31T12:16:01.804+0000] {processor.py:840} INFO - DAG(s) 'example_complex' retrieved from /home/airflow/.local/lib/python3.12/site-packages/airflow/example_dags/example_complex.py
[2024-07-31T12:16:01.850+0000] {logging_mixin.py:188} INFO - [2024-07-31T12:16:01.850+0000] {dag.py:3089} INFO - Sync 1 DAGs
[2024-07-31T12:16:01.869+0000] {logging_mixin.py:188} INFO - [2024-07-31T12:16:01.869+0000] {dag.py:3947} INFO - Setting next_dagrun for example_complex to None, run_after=None
[2024-07-31T12:16:01.894+0000] {processor.py:183} INFO - Processing /home/airflow/.local/lib/python3.12/site-packages/airflow/example_dags/example_complex.py took 0.110 seconds
[2024-07-31T12:16:32.048+0000] {processor.py:161} INFO - Started process (PID=970) to work on /home/airflow/.local/lib/python3.12/site-packages/airflow/example_dags/example_complex.py
[2024-07-31T12:16:32.049+0000] {processor.py:830} INFO - Processing file /home/airflow/.local/lib/python3.12/site-packages/airflow/example_dags/example_complex.py for tasks to queue
[2024-07-31T12:16:32.051+0000] {logging_mixin.py:188} INFO - [2024-07-31T12:16:32.051+0000] {dagbag.py:545} INFO - Filling up the DagBag from /home/airflow/.local/lib/python3.12/site-packages/airflow/example_dags/example_complex.py
[2024-07-31T12:16:32.066+0000] {processor.py:840} INFO - DAG(s) 'example_complex' retrieved from /home/airflow/.local/lib/python3.12/site-packages/airflow/example_dags/example_complex.py
[2024-07-31T12:16:32.105+0000] {logging_mixin.py:188} INFO - [2024-07-31T12:16:32.104+0000] {dag.py:3089} INFO - Sync 1 DAGs
[2024-07-31T12:16:32.121+0000] {logging_mixin.py:188} INFO - [2024-07-31T12:16:32.120+0000] {dag.py:3947} INFO - Setting next_dagrun for example_complex to None, run_after=None
[2024-07-31T12:16:32.146+0000] {processor.py:183} INFO - Processing /home/airflow/.local/lib/python3.12/site-packages/airflow/example_dags/example_complex.py took 0.106 seconds
[2024-07-31T12:17:03.171+0000] {processor.py:161} INFO - Started process (PID=1027) to work on /home/airflow/.local/lib/python3.12/site-packages/airflow/example_dags/example_complex.py
[2024-07-31T12:17:03.171+0000] {processor.py:830} INFO - Processing file /home/airflow/.local/lib/python3.12/site-packages/airflow/example_dags/example_complex.py for tasks to queue
[2024-07-31T12:17:03.173+0000] {logging_mixin.py:188} INFO - [2024-07-31T12:17:03.173+0000] {dagbag.py:545} INFO - Filling up the DagBag from /home/airflow/.local/lib/python3.12/site-packages/airflow/example_dags/example_complex.py
[2024-07-31T12:17:03.183+0000] {processor.py:840} INFO - DAG(s) 'example_complex' retrieved from /home/airflow/.local/lib/python3.12/site-packages/airflow/example_dags/example_complex.py
[2024-07-31T12:17:03.227+0000] {logging_mixin.py:188} INFO - [2024-07-31T12:17:03.227+0000] {dag.py:3089} INFO - Sync 1 DAGs
[2024-07-31T12:17:03.244+0000] {logging_mixin.py:188} INFO - [2024-07-31T12:17:03.244+0000] {dag.py:3947} INFO - Setting next_dagrun for example_complex to None, run_after=None
[2024-07-31T12:17:03.271+0000] {processor.py:183} INFO - Processing /home/airflow/.local/lib/python3.12/site-packages/airflow/example_dags/example_complex.py took 0.108 seconds
[2024-07-31T12:17:34.099+0000] {processor.py:161} INFO - Started process (PID=1085) to work on /home/airflow/.local/lib/python3.12/site-packages/airflow/example_dags/example_complex.py
[2024-07-31T12:17:34.100+0000] {processor.py:830} INFO - Processing file /home/airflow/.local/lib/python3.12/site-packages/airflow/example_dags/example_complex.py for tasks to queue
[2024-07-31T12:17:34.101+0000] {logging_mixin.py:188} INFO - [2024-07-31T12:17:34.101+0000] {dagbag.py:545} INFO - Filling up the DagBag from /home/airflow/.local/lib/python3.12/site-packages/airflow/example_dags/example_complex.py
[2024-07-31T12:17:34.111+0000] {processor.py:840} INFO - DAG(s) 'example_complex' retrieved from /home/airflow/.local/lib/python3.12/site-packages/airflow/example_dags/example_complex.py
[2024-07-31T12:17:34.157+0000] {logging_mixin.py:188} INFO - [2024-07-31T12:17:34.157+0000] {dag.py:3089} INFO - Sync 1 DAGs
[2024-07-31T12:17:34.175+0000] {logging_mixin.py:188} INFO - [2024-07-31T12:17:34.175+0000] {dag.py:3947} INFO - Setting next_dagrun for example_complex to None, run_after=None
[2024-07-31T12:17:34.204+0000] {processor.py:183} INFO - Processing /home/airflow/.local/lib/python3.12/site-packages/airflow/example_dags/example_complex.py took 0.110 seconds
[2024-07-31T12:18:04.696+0000] {processor.py:161} INFO - Started process (PID=1143) to work on /home/airflow/.local/lib/python3.12/site-packages/airflow/example_dags/example_complex.py
[2024-07-31T12:18:04.697+0000] {processor.py:830} INFO - Processing file /home/airflow/.local/lib/python3.12/site-packages/airflow/example_dags/example_complex.py for tasks to queue
[2024-07-31T12:18:04.699+0000] {logging_mixin.py:188} INFO - [2024-07-31T12:18:04.698+0000] {dagbag.py:545} INFO - Filling up the DagBag from /home/airflow/.local/lib/python3.12/site-packages/airflow/example_dags/example_complex.py
[2024-07-31T12:18:04.708+0000] {processor.py:840} INFO - DAG(s) 'example_complex' retrieved from /home/airflow/.local/lib/python3.12/site-packages/airflow/example_dags/example_complex.py
[2024-07-31T12:18:04.746+0000] {logging_mixin.py:188} INFO - [2024-07-31T12:18:04.745+0000] {dag.py:3089} INFO - Sync 1 DAGs
[2024-07-31T12:18:04.758+0000] {logging_mixin.py:188} INFO - [2024-07-31T12:18:04.758+0000] {dag.py:3947} INFO - Setting next_dagrun for example_complex to None, run_after=None
[2024-07-31T12:18:04.782+0000] {processor.py:183} INFO - Processing /home/airflow/.local/lib/python3.12/site-packages/airflow/example_dags/example_complex.py took 0.092 seconds
[2024-07-31T12:18:35.287+0000] {processor.py:161} INFO - Started process (PID=1201) to work on /home/airflow/.local/lib/python3.12/site-packages/airflow/example_dags/example_complex.py
[2024-07-31T12:18:35.288+0000] {processor.py:830} INFO - Processing file /home/airflow/.local/lib/python3.12/site-packages/airflow/example_dags/example_complex.py for tasks to queue
[2024-07-31T12:18:35.289+0000] {logging_mixin.py:188} INFO - [2024-07-31T12:18:35.289+0000] {dagbag.py:545} INFO - Filling up the DagBag from /home/airflow/.local/lib/python3.12/site-packages/airflow/example_dags/example_complex.py
[2024-07-31T12:18:35.300+0000] {processor.py:840} INFO - DAG(s) 'example_complex' retrieved from /home/airflow/.local/lib/python3.12/site-packages/airflow/example_dags/example_complex.py
[2024-07-31T12:18:35.335+0000] {logging_mixin.py:188} INFO - [2024-07-31T12:18:35.335+0000] {dag.py:3089} INFO - Sync 1 DAGs
[2024-07-31T12:18:35.348+0000] {logging_mixin.py:188} INFO - [2024-07-31T12:18:35.348+0000] {dag.py:3947} INFO - Setting next_dagrun for example_complex to None, run_after=None
[2024-07-31T12:18:35.375+0000] {processor.py:183} INFO - Processing /home/airflow/.local/lib/python3.12/site-packages/airflow/example_dags/example_complex.py took 0.094 seconds
[2024-07-31T12:19:06.552+0000] {processor.py:161} INFO - Started process (PID=1259) to work on /home/airflow/.local/lib/python3.12/site-packages/airflow/example_dags/example_complex.py
[2024-07-31T12:19:06.554+0000] {processor.py:830} INFO - Processing file /home/airflow/.local/lib/python3.12/site-packages/airflow/example_dags/example_complex.py for tasks to queue
[2024-07-31T12:19:06.555+0000] {logging_mixin.py:188} INFO - [2024-07-31T12:19:06.555+0000] {dagbag.py:545} INFO - Filling up the DagBag from /home/airflow/.local/lib/python3.12/site-packages/airflow/example_dags/example_complex.py
[2024-07-31T12:19:06.565+0000] {processor.py:840} INFO - DAG(s) 'example_complex' retrieved from /home/airflow/.local/lib/python3.12/site-packages/airflow/example_dags/example_complex.py
[2024-07-31T12:19:06.606+0000] {logging_mixin.py:188} INFO - [2024-07-31T12:19:06.605+0000] {dag.py:3089} INFO - Sync 1 DAGs
[2024-07-31T12:19:06.618+0000] {logging_mixin.py:188} INFO - [2024-07-31T12:19:06.618+0000] {dag.py:3947} INFO - Setting next_dagrun for example_complex to None, run_after=None
[2024-07-31T12:19:06.644+0000] {processor.py:183} INFO - Processing /home/airflow/.local/lib/python3.12/site-packages/airflow/example_dags/example_complex.py took 0.097 seconds
[2024-07-31T12:19:36.945+0000] {processor.py:161} INFO - Started process (PID=1317) to work on /home/airflow/.local/lib/python3.12/site-packages/airflow/example_dags/example_complex.py
[2024-07-31T12:19:36.946+0000] {processor.py:830} INFO - Processing file /home/airflow/.local/lib/python3.12/site-packages/airflow/example_dags/example_complex.py for tasks to queue
[2024-07-31T12:19:36.948+0000] {logging_mixin.py:188} INFO - [2024-07-31T12:19:36.948+0000] {dagbag.py:545} INFO - Filling up the DagBag from /home/airflow/.local/lib/python3.12/site-packages/airflow/example_dags/example_complex.py
[2024-07-31T12:19:36.963+0000] {processor.py:840} INFO - DAG(s) 'example_complex' retrieved from /home/airflow/.local/lib/python3.12/site-packages/airflow/example_dags/example_complex.py
[2024-07-31T12:19:37.007+0000] {logging_mixin.py:188} INFO - [2024-07-31T12:19:37.006+0000] {dag.py:3089} INFO - Sync 1 DAGs
[2024-07-31T12:19:37.028+0000] {logging_mixin.py:188} INFO - [2024-07-31T12:19:37.028+0000] {dag.py:3947} INFO - Setting next_dagrun for example_complex to None, run_after=None
[2024-07-31T12:19:37.065+0000] {processor.py:183} INFO - Processing /home/airflow/.local/lib/python3.12/site-packages/airflow/example_dags/example_complex.py took 0.127 seconds
[2024-07-31T12:20:08.188+0000] {processor.py:161} INFO - Started process (PID=1375) to work on /home/airflow/.local/lib/python3.12/site-packages/airflow/example_dags/example_complex.py
[2024-07-31T12:20:08.190+0000] {processor.py:830} INFO - Processing file /home/airflow/.local/lib/python3.12/site-packages/airflow/example_dags/example_complex.py for tasks to queue
[2024-07-31T12:20:08.192+0000] {logging_mixin.py:188} INFO - [2024-07-31T12:20:08.192+0000] {dagbag.py:545} INFO - Filling up the DagBag from /home/airflow/.local/lib/python3.12/site-packages/airflow/example_dags/example_complex.py
[2024-07-31T12:20:08.207+0000] {processor.py:840} INFO - DAG(s) 'example_complex' retrieved from /home/airflow/.local/lib/python3.12/site-packages/airflow/example_dags/example_complex.py
[2024-07-31T12:20:08.258+0000] {logging_mixin.py:188} INFO - [2024-07-31T12:20:08.257+0000] {dag.py:3089} INFO - Sync 1 DAGs
[2024-07-31T12:20:08.279+0000] {logging_mixin.py:188} INFO - [2024-07-31T12:20:08.278+0000] {dag.py:3947} INFO - Setting next_dagrun for example_complex to None, run_after=None
[2024-07-31T12:20:08.313+0000] {processor.py:183} INFO - Processing /home/airflow/.local/lib/python3.12/site-packages/airflow/example_dags/example_complex.py took 0.132 seconds
[2024-07-31T12:20:38.493+0000] {processor.py:161} INFO - Started process (PID=1433) to work on /home/airflow/.local/lib/python3.12/site-packages/airflow/example_dags/example_complex.py
[2024-07-31T12:20:38.494+0000] {processor.py:830} INFO - Processing file /home/airflow/.local/lib/python3.12/site-packages/airflow/example_dags/example_complex.py for tasks to queue
[2024-07-31T12:20:38.496+0000] {logging_mixin.py:188} INFO - [2024-07-31T12:20:38.495+0000] {dagbag.py:545} INFO - Filling up the DagBag from /home/airflow/.local/lib/python3.12/site-packages/airflow/example_dags/example_complex.py
[2024-07-31T12:20:38.528+0000] {processor.py:840} INFO - DAG(s) 'example_complex' retrieved from /home/airflow/.local/lib/python3.12/site-packages/airflow/example_dags/example_complex.py
[2024-07-31T12:20:38.578+0000] {logging_mixin.py:188} INFO - [2024-07-31T12:20:38.578+0000] {dag.py:3089} INFO - Sync 1 DAGs
[2024-07-31T12:20:38.596+0000] {logging_mixin.py:188} INFO - [2024-07-31T12:20:38.595+0000] {dag.py:3947} INFO - Setting next_dagrun for example_complex to None, run_after=None
[2024-07-31T12:20:38.626+0000] {processor.py:183} INFO - Processing /home/airflow/.local/lib/python3.12/site-packages/airflow/example_dags/example_complex.py took 0.141 seconds
[2024-07-31T12:21:08.834+0000] {processor.py:161} INFO - Started process (PID=1490) to work on /home/airflow/.local/lib/python3.12/site-packages/airflow/example_dags/example_complex.py
[2024-07-31T12:21:08.835+0000] {processor.py:830} INFO - Processing file /home/airflow/.local/lib/python3.12/site-packages/airflow/example_dags/example_complex.py for tasks to queue
[2024-07-31T12:21:08.837+0000] {logging_mixin.py:188} INFO - [2024-07-31T12:21:08.837+0000] {dagbag.py:545} INFO - Filling up the DagBag from /home/airflow/.local/lib/python3.12/site-packages/airflow/example_dags/example_complex.py
[2024-07-31T12:21:08.849+0000] {processor.py:840} INFO - DAG(s) 'example_complex' retrieved from /home/airflow/.local/lib/python3.12/site-packages/airflow/example_dags/example_complex.py
[2024-07-31T12:21:08.885+0000] {logging_mixin.py:188} INFO - [2024-07-31T12:21:08.885+0000] {dag.py:3089} INFO - Sync 1 DAGs
[2024-07-31T12:21:08.900+0000] {logging_mixin.py:188} INFO - [2024-07-31T12:21:08.900+0000] {dag.py:3947} INFO - Setting next_dagrun for example_complex to None, run_after=None
[2024-07-31T12:21:08.922+0000] {processor.py:183} INFO - Processing /home/airflow/.local/lib/python3.12/site-packages/airflow/example_dags/example_complex.py took 0.095 seconds
[2024-07-31T12:21:39.029+0000] {processor.py:161} INFO - Started process (PID=1548) to work on /home/airflow/.local/lib/python3.12/site-packages/airflow/example_dags/example_complex.py
[2024-07-31T12:21:39.030+0000] {processor.py:830} INFO - Processing file /home/airflow/.local/lib/python3.12/site-packages/airflow/example_dags/example_complex.py for tasks to queue
[2024-07-31T12:21:39.032+0000] {logging_mixin.py:188} INFO - [2024-07-31T12:21:39.032+0000] {dagbag.py:545} INFO - Filling up the DagBag from /home/airflow/.local/lib/python3.12/site-packages/airflow/example_dags/example_complex.py
[2024-07-31T12:21:39.042+0000] {processor.py:840} INFO - DAG(s) 'example_complex' retrieved from /home/airflow/.local/lib/python3.12/site-packages/airflow/example_dags/example_complex.py
[2024-07-31T12:21:39.073+0000] {logging_mixin.py:188} INFO - [2024-07-31T12:21:39.073+0000] {dag.py:3089} INFO - Sync 1 DAGs
[2024-07-31T12:21:39.088+0000] {logging_mixin.py:188} INFO - [2024-07-31T12:21:39.087+0000] {dag.py:3947} INFO - Setting next_dagrun for example_complex to None, run_after=None
[2024-07-31T12:21:39.110+0000] {processor.py:183} INFO - Processing /home/airflow/.local/lib/python3.12/site-packages/airflow/example_dags/example_complex.py took 0.087 seconds
[2024-07-31T12:22:09.538+0000] {processor.py:161} INFO - Started process (PID=1606) to work on /home/airflow/.local/lib/python3.12/site-packages/airflow/example_dags/example_complex.py
[2024-07-31T12:22:09.540+0000] {processor.py:830} INFO - Processing file /home/airflow/.local/lib/python3.12/site-packages/airflow/example_dags/example_complex.py for tasks to queue
[2024-07-31T12:22:09.542+0000] {logging_mixin.py:188} INFO - [2024-07-31T12:22:09.541+0000] {dagbag.py:545} INFO - Filling up the DagBag from /home/airflow/.local/lib/python3.12/site-packages/airflow/example_dags/example_complex.py
[2024-07-31T12:22:09.556+0000] {processor.py:840} INFO - DAG(s) 'example_complex' retrieved from /home/airflow/.local/lib/python3.12/site-packages/airflow/example_dags/example_complex.py
[2024-07-31T12:22:09.607+0000] {logging_mixin.py:188} INFO - [2024-07-31T12:22:09.606+0000] {dag.py:3089} INFO - Sync 1 DAGs
[2024-07-31T12:22:09.628+0000] {logging_mixin.py:188} INFO - [2024-07-31T12:22:09.628+0000] {dag.py:3947} INFO - Setting next_dagrun for example_complex to None, run_after=None
[2024-07-31T12:22:09.658+0000] {processor.py:183} INFO - Processing /home/airflow/.local/lib/python3.12/site-packages/airflow/example_dags/example_complex.py took 0.129 seconds
[2024-07-31T12:22:40.170+0000] {processor.py:161} INFO - Started process (PID=1664) to work on /home/airflow/.local/lib/python3.12/site-packages/airflow/example_dags/example_complex.py
[2024-07-31T12:22:40.171+0000] {processor.py:830} INFO - Processing file /home/airflow/.local/lib/python3.12/site-packages/airflow/example_dags/example_complex.py for tasks to queue
[2024-07-31T12:22:40.174+0000] {logging_mixin.py:188} INFO - [2024-07-31T12:22:40.173+0000] {dagbag.py:545} INFO - Filling up the DagBag from /home/airflow/.local/lib/python3.12/site-packages/airflow/example_dags/example_complex.py
[2024-07-31T12:22:40.183+0000] {processor.py:840} INFO - DAG(s) 'example_complex' retrieved from /home/airflow/.local/lib/python3.12/site-packages/airflow/example_dags/example_complex.py
[2024-07-31T12:22:40.215+0000] {logging_mixin.py:188} INFO - [2024-07-31T12:22:40.215+0000] {dag.py:3089} INFO - Sync 1 DAGs
[2024-07-31T12:22:40.230+0000] {logging_mixin.py:188} INFO - [2024-07-31T12:22:40.229+0000] {dag.py:3947} INFO - Setting next_dagrun for example_complex to None, run_after=None
[2024-07-31T12:22:40.254+0000] {processor.py:183} INFO - Processing /home/airflow/.local/lib/python3.12/site-packages/airflow/example_dags/example_complex.py took 0.090 seconds
[2024-07-31T12:23:10.831+0000] {processor.py:161} INFO - Started process (PID=1721) to work on /home/airflow/.local/lib/python3.12/site-packages/airflow/example_dags/example_complex.py
[2024-07-31T12:23:10.832+0000] {processor.py:830} INFO - Processing file /home/airflow/.local/lib/python3.12/site-packages/airflow/example_dags/example_complex.py for tasks to queue
[2024-07-31T12:23:10.834+0000] {logging_mixin.py:188} INFO - [2024-07-31T12:23:10.834+0000] {dagbag.py:545} INFO - Filling up the DagBag from /home/airflow/.local/lib/python3.12/site-packages/airflow/example_dags/example_complex.py
[2024-07-31T12:23:10.846+0000] {processor.py:840} INFO - DAG(s) 'example_complex' retrieved from /home/airflow/.local/lib/python3.12/site-packages/airflow/example_dags/example_complex.py
[2024-07-31T12:23:10.883+0000] {logging_mixin.py:188} INFO - [2024-07-31T12:23:10.882+0000] {dag.py:3089} INFO - Sync 1 DAGs
[2024-07-31T12:23:10.900+0000] {logging_mixin.py:188} INFO - [2024-07-31T12:23:10.900+0000] {dag.py:3947} INFO - Setting next_dagrun for example_complex to None, run_after=None
[2024-07-31T12:23:10.934+0000] {processor.py:183} INFO - Processing /home/airflow/.local/lib/python3.12/site-packages/airflow/example_dags/example_complex.py took 0.111 seconds
[2024-07-31T12:23:41.807+0000] {processor.py:161} INFO - Started process (PID=1779) to work on /home/airflow/.local/lib/python3.12/site-packages/airflow/example_dags/example_complex.py
[2024-07-31T12:23:41.808+0000] {processor.py:830} INFO - Processing file /home/airflow/.local/lib/python3.12/site-packages/airflow/example_dags/example_complex.py for tasks to queue
[2024-07-31T12:23:41.809+0000] {logging_mixin.py:188} INFO - [2024-07-31T12:23:41.809+0000] {dagbag.py:545} INFO - Filling up the DagBag from /home/airflow/.local/lib/python3.12/site-packages/airflow/example_dags/example_complex.py
[2024-07-31T12:23:41.821+0000] {processor.py:840} INFO - DAG(s) 'example_complex' retrieved from /home/airflow/.local/lib/python3.12/site-packages/airflow/example_dags/example_complex.py
[2024-07-31T12:23:41.868+0000] {logging_mixin.py:188} INFO - [2024-07-31T12:23:41.868+0000] {dag.py:3089} INFO - Sync 1 DAGs
[2024-07-31T12:23:42.063+0000] {logging_mixin.py:188} INFO - [2024-07-31T12:23:42.063+0000] {dag.py:3947} INFO - Setting next_dagrun for example_complex to None, run_after=None
[2024-07-31T12:23:42.090+0000] {processor.py:183} INFO - Processing /home/airflow/.local/lib/python3.12/site-packages/airflow/example_dags/example_complex.py took 0.289 seconds
[2024-07-31T12:24:12.490+0000] {processor.py:161} INFO - Started process (PID=1837) to work on /home/airflow/.local/lib/python3.12/site-packages/airflow/example_dags/example_complex.py
[2024-07-31T12:24:12.491+0000] {processor.py:830} INFO - Processing file /home/airflow/.local/lib/python3.12/site-packages/airflow/example_dags/example_complex.py for tasks to queue
[2024-07-31T12:24:12.493+0000] {logging_mixin.py:188} INFO - [2024-07-31T12:24:12.493+0000] {dagbag.py:545} INFO - Filling up the DagBag from /home/airflow/.local/lib/python3.12/site-packages/airflow/example_dags/example_complex.py
[2024-07-31T12:24:12.506+0000] {processor.py:840} INFO - DAG(s) 'example_complex' retrieved from /home/airflow/.local/lib/python3.12/site-packages/airflow/example_dags/example_complex.py
[2024-07-31T12:24:12.552+0000] {logging_mixin.py:188} INFO - [2024-07-31T12:24:12.552+0000] {dag.py:3089} INFO - Sync 1 DAGs
[2024-07-31T12:24:12.576+0000] {logging_mixin.py:188} INFO - [2024-07-31T12:24:12.575+0000] {dag.py:3947} INFO - Setting next_dagrun for example_complex to None, run_after=None
[2024-07-31T12:24:12.802+0000] {processor.py:183} INFO - Processing /home/airflow/.local/lib/python3.12/site-packages/airflow/example_dags/example_complex.py took 0.321 seconds
[2024-07-31T12:24:43.463+0000] {processor.py:161} INFO - Started process (PID=1895) to work on /home/airflow/.local/lib/python3.12/site-packages/airflow/example_dags/example_complex.py
[2024-07-31T12:24:43.465+0000] {processor.py:830} INFO - Processing file /home/airflow/.local/lib/python3.12/site-packages/airflow/example_dags/example_complex.py for tasks to queue
[2024-07-31T12:24:43.468+0000] {logging_mixin.py:188} INFO - [2024-07-31T12:24:43.467+0000] {dagbag.py:545} INFO - Filling up the DagBag from /home/airflow/.local/lib/python3.12/site-packages/airflow/example_dags/example_complex.py
[2024-07-31T12:24:43.481+0000] {processor.py:840} INFO - DAG(s) 'example_complex' retrieved from /home/airflow/.local/lib/python3.12/site-packages/airflow/example_dags/example_complex.py
[2024-07-31T12:24:43.521+0000] {logging_mixin.py:188} INFO - [2024-07-31T12:24:43.521+0000] {dag.py:3089} INFO - Sync 1 DAGs
[2024-07-31T12:24:43.544+0000] {logging_mixin.py:188} INFO - [2024-07-31T12:24:43.544+0000] {dag.py:3947} INFO - Setting next_dagrun for example_complex to None, run_after=None
[2024-07-31T12:24:43.583+0000] {processor.py:183} INFO - Processing /home/airflow/.local/lib/python3.12/site-packages/airflow/example_dags/example_complex.py took 0.128 seconds
[2024-07-31T12:25:14.162+0000] {processor.py:161} INFO - Started process (PID=1953) to work on /home/airflow/.local/lib/python3.12/site-packages/airflow/example_dags/example_complex.py
[2024-07-31T12:25:14.163+0000] {processor.py:830} INFO - Processing file /home/airflow/.local/lib/python3.12/site-packages/airflow/example_dags/example_complex.py for tasks to queue
[2024-07-31T12:25:14.165+0000] {logging_mixin.py:188} INFO - [2024-07-31T12:25:14.164+0000] {dagbag.py:545} INFO - Filling up the DagBag from /home/airflow/.local/lib/python3.12/site-packages/airflow/example_dags/example_complex.py
[2024-07-31T12:25:14.179+0000] {processor.py:840} INFO - DAG(s) 'example_complex' retrieved from /home/airflow/.local/lib/python3.12/site-packages/airflow/example_dags/example_complex.py
[2024-07-31T12:25:14.212+0000] {logging_mixin.py:188} INFO - [2024-07-31T12:25:14.212+0000] {dag.py:3089} INFO - Sync 1 DAGs
[2024-07-31T12:25:14.226+0000] {logging_mixin.py:188} INFO - [2024-07-31T12:25:14.226+0000] {dag.py:3947} INFO - Setting next_dagrun for example_complex to None, run_after=None
[2024-07-31T12:25:14.254+0000] {processor.py:183} INFO - Processing /home/airflow/.local/lib/python3.12/site-packages/airflow/example_dags/example_complex.py took 0.098 seconds
[2024-07-31T12:25:44.914+0000] {processor.py:161} INFO - Started process (PID=2011) to work on /home/airflow/.local/lib/python3.12/site-packages/airflow/example_dags/example_complex.py
[2024-07-31T12:25:44.915+0000] {processor.py:830} INFO - Processing file /home/airflow/.local/lib/python3.12/site-packages/airflow/example_dags/example_complex.py for tasks to queue
[2024-07-31T12:25:44.917+0000] {logging_mixin.py:188} INFO - [2024-07-31T12:25:44.916+0000] {dagbag.py:545} INFO - Filling up the DagBag from /home/airflow/.local/lib/python3.12/site-packages/airflow/example_dags/example_complex.py
[2024-07-31T12:25:44.929+0000] {processor.py:840} INFO - DAG(s) 'example_complex' retrieved from /home/airflow/.local/lib/python3.12/site-packages/airflow/example_dags/example_complex.py
[2024-07-31T12:25:44.963+0000] {logging_mixin.py:188} INFO - [2024-07-31T12:25:44.962+0000] {dag.py:3089} INFO - Sync 1 DAGs
[2024-07-31T12:25:44.979+0000] {logging_mixin.py:188} INFO - [2024-07-31T12:25:44.978+0000] {dag.py:3947} INFO - Setting next_dagrun for example_complex to None, run_after=None
[2024-07-31T12:25:45.019+0000] {processor.py:183} INFO - Processing /home/airflow/.local/lib/python3.12/site-packages/airflow/example_dags/example_complex.py took 0.111 seconds
[2024-07-31T12:26:15.616+0000] {processor.py:161} INFO - Started process (PID=2069) to work on /home/airflow/.local/lib/python3.12/site-packages/airflow/example_dags/example_complex.py
[2024-07-31T12:26:15.617+0000] {processor.py:830} INFO - Processing file /home/airflow/.local/lib/python3.12/site-packages/airflow/example_dags/example_complex.py for tasks to queue
[2024-07-31T12:26:15.620+0000] {logging_mixin.py:188} INFO - [2024-07-31T12:26:15.619+0000] {dagbag.py:545} INFO - Filling up the DagBag from /home/airflow/.local/lib/python3.12/site-packages/airflow/example_dags/example_complex.py
[2024-07-31T12:26:15.633+0000] {processor.py:840} INFO - DAG(s) 'example_complex' retrieved from /home/airflow/.local/lib/python3.12/site-packages/airflow/example_dags/example_complex.py
[2024-07-31T12:26:15.685+0000] {logging_mixin.py:188} INFO - [2024-07-31T12:26:15.685+0000] {dag.py:3089} INFO - Sync 1 DAGs
[2024-07-31T12:26:15.711+0000] {logging_mixin.py:188} INFO - [2024-07-31T12:26:15.710+0000] {dag.py:3947} INFO - Setting next_dagrun for example_complex to None, run_after=None
[2024-07-31T12:26:15.756+0000] {processor.py:183} INFO - Processing /home/airflow/.local/lib/python3.12/site-packages/airflow/example_dags/example_complex.py took 0.148 seconds
[2024-07-31T12:26:46.285+0000] {processor.py:161} INFO - Started process (PID=2126) to work on /home/airflow/.local/lib/python3.12/site-packages/airflow/example_dags/example_complex.py
[2024-07-31T12:26:46.286+0000] {processor.py:830} INFO - Processing file /home/airflow/.local/lib/python3.12/site-packages/airflow/example_dags/example_complex.py for tasks to queue
[2024-07-31T12:26:46.288+0000] {logging_mixin.py:188} INFO - [2024-07-31T12:26:46.287+0000] {dagbag.py:545} INFO - Filling up the DagBag from /home/airflow/.local/lib/python3.12/site-packages/airflow/example_dags/example_complex.py
[2024-07-31T12:26:46.297+0000] {processor.py:840} INFO - DAG(s) 'example_complex' retrieved from /home/airflow/.local/lib/python3.12/site-packages/airflow/example_dags/example_complex.py
[2024-07-31T12:26:46.344+0000] {logging_mixin.py:188} INFO - [2024-07-31T12:26:46.343+0000] {dag.py:3089} INFO - Sync 1 DAGs
[2024-07-31T12:26:46.363+0000] {logging_mixin.py:188} INFO - [2024-07-31T12:26:46.362+0000] {dag.py:3947} INFO - Setting next_dagrun for example_complex to None, run_after=None
[2024-07-31T12:26:46.402+0000] {processor.py:183} INFO - Processing /home/airflow/.local/lib/python3.12/site-packages/airflow/example_dags/example_complex.py took 0.124 seconds
[2024-07-31T12:27:16.538+0000] {processor.py:161} INFO - Started process (PID=2184) to work on /home/airflow/.local/lib/python3.12/site-packages/airflow/example_dags/example_complex.py
[2024-07-31T12:27:16.539+0000] {processor.py:830} INFO - Processing file /home/airflow/.local/lib/python3.12/site-packages/airflow/example_dags/example_complex.py for tasks to queue
[2024-07-31T12:27:16.541+0000] {logging_mixin.py:188} INFO - [2024-07-31T12:27:16.541+0000] {dagbag.py:545} INFO - Filling up the DagBag from /home/airflow/.local/lib/python3.12/site-packages/airflow/example_dags/example_complex.py
[2024-07-31T12:27:16.557+0000] {processor.py:840} INFO - DAG(s) 'example_complex' retrieved from /home/airflow/.local/lib/python3.12/site-packages/airflow/example_dags/example_complex.py
[2024-07-31T12:27:16.605+0000] {logging_mixin.py:188} INFO - [2024-07-31T12:27:16.605+0000] {dag.py:3089} INFO - Sync 1 DAGs
[2024-07-31T12:27:16.628+0000] {logging_mixin.py:188} INFO - [2024-07-31T12:27:16.627+0000] {dag.py:3947} INFO - Setting next_dagrun for example_complex to None, run_after=None
[2024-07-31T12:27:16.673+0000] {processor.py:183} INFO - Processing /home/airflow/.local/lib/python3.12/site-packages/airflow/example_dags/example_complex.py took 0.146 seconds
[2024-07-31T12:27:47.281+0000] {processor.py:161} INFO - Started process (PID=2242) to work on /home/airflow/.local/lib/python3.12/site-packages/airflow/example_dags/example_complex.py
[2024-07-31T12:27:47.282+0000] {processor.py:830} INFO - Processing file /home/airflow/.local/lib/python3.12/site-packages/airflow/example_dags/example_complex.py for tasks to queue
[2024-07-31T12:27:47.284+0000] {logging_mixin.py:188} INFO - [2024-07-31T12:27:47.284+0000] {dagbag.py:545} INFO - Filling up the DagBag from /home/airflow/.local/lib/python3.12/site-packages/airflow/example_dags/example_complex.py
[2024-07-31T12:27:47.298+0000] {processor.py:840} INFO - DAG(s) 'example_complex' retrieved from /home/airflow/.local/lib/python3.12/site-packages/airflow/example_dags/example_complex.py
[2024-07-31T12:27:47.337+0000] {logging_mixin.py:188} INFO - [2024-07-31T12:27:47.336+0000] {dag.py:3089} INFO - Sync 1 DAGs
[2024-07-31T12:27:47.351+0000] {logging_mixin.py:188} INFO - [2024-07-31T12:27:47.351+0000] {dag.py:3947} INFO - Setting next_dagrun for example_complex to None, run_after=None
[2024-07-31T12:27:47.382+0000] {processor.py:183} INFO - Processing /home/airflow/.local/lib/python3.12/site-packages/airflow/example_dags/example_complex.py took 0.109 seconds
[2024-07-31T12:28:18.276+0000] {processor.py:161} INFO - Started process (PID=2300) to work on /home/airflow/.local/lib/python3.12/site-packages/airflow/example_dags/example_complex.py
[2024-07-31T12:28:18.278+0000] {processor.py:830} INFO - Processing file /home/airflow/.local/lib/python3.12/site-packages/airflow/example_dags/example_complex.py for tasks to queue
[2024-07-31T12:28:18.280+0000] {logging_mixin.py:188} INFO - [2024-07-31T12:28:18.279+0000] {dagbag.py:545} INFO - Filling up the DagBag from /home/airflow/.local/lib/python3.12/site-packages/airflow/example_dags/example_complex.py
[2024-07-31T12:28:18.299+0000] {processor.py:840} INFO - DAG(s) 'example_complex' retrieved from /home/airflow/.local/lib/python3.12/site-packages/airflow/example_dags/example_complex.py
[2024-07-31T12:28:18.339+0000] {logging_mixin.py:188} INFO - [2024-07-31T12:28:18.338+0000] {dag.py:3089} INFO - Sync 1 DAGs
[2024-07-31T12:28:18.353+0000] {logging_mixin.py:188} INFO - [2024-07-31T12:28:18.353+0000] {dag.py:3947} INFO - Setting next_dagrun for example_complex to None, run_after=None
[2024-07-31T12:28:18.385+0000] {processor.py:183} INFO - Processing /home/airflow/.local/lib/python3.12/site-packages/airflow/example_dags/example_complex.py took 0.124 seconds
[2024-07-31T12:28:48.650+0000] {processor.py:161} INFO - Started process (PID=2358) to work on /home/airflow/.local/lib/python3.12/site-packages/airflow/example_dags/example_complex.py
[2024-07-31T12:28:48.651+0000] {processor.py:830} INFO - Processing file /home/airflow/.local/lib/python3.12/site-packages/airflow/example_dags/example_complex.py for tasks to queue
[2024-07-31T12:28:48.653+0000] {logging_mixin.py:188} INFO - [2024-07-31T12:28:48.652+0000] {dagbag.py:545} INFO - Filling up the DagBag from /home/airflow/.local/lib/python3.12/site-packages/airflow/example_dags/example_complex.py
[2024-07-31T12:28:48.663+0000] {processor.py:840} INFO - DAG(s) 'example_complex' retrieved from /home/airflow/.local/lib/python3.12/site-packages/airflow/example_dags/example_complex.py
[2024-07-31T12:28:48.695+0000] {logging_mixin.py:188} INFO - [2024-07-31T12:28:48.695+0000] {dag.py:3089} INFO - Sync 1 DAGs
[2024-07-31T12:28:48.714+0000] {logging_mixin.py:188} INFO - [2024-07-31T12:28:48.714+0000] {dag.py:3947} INFO - Setting next_dagrun for example_complex to None, run_after=None
[2024-07-31T12:28:48.744+0000] {processor.py:183} INFO - Processing /home/airflow/.local/lib/python3.12/site-packages/airflow/example_dags/example_complex.py took 0.100 seconds
[2024-07-31T12:29:19.204+0000] {processor.py:161} INFO - Started process (PID=2416) to work on /home/airflow/.local/lib/python3.12/site-packages/airflow/example_dags/example_complex.py
[2024-07-31T12:29:19.205+0000] {processor.py:830} INFO - Processing file /home/airflow/.local/lib/python3.12/site-packages/airflow/example_dags/example_complex.py for tasks to queue
[2024-07-31T12:29:19.206+0000] {logging_mixin.py:188} INFO - [2024-07-31T12:29:19.206+0000] {dagbag.py:545} INFO - Filling up the DagBag from /home/airflow/.local/lib/python3.12/site-packages/airflow/example_dags/example_complex.py
[2024-07-31T12:29:19.216+0000] {processor.py:840} INFO - DAG(s) 'example_complex' retrieved from /home/airflow/.local/lib/python3.12/site-packages/airflow/example_dags/example_complex.py
[2024-07-31T12:29:19.258+0000] {logging_mixin.py:188} INFO - [2024-07-31T12:29:19.257+0000] {dag.py:3089} INFO - Sync 1 DAGs
[2024-07-31T12:29:19.275+0000] {logging_mixin.py:188} INFO - [2024-07-31T12:29:19.275+0000] {dag.py:3947} INFO - Setting next_dagrun for example_complex to None, run_after=None
[2024-07-31T12:29:19.302+0000] {processor.py:183} INFO - Processing /home/airflow/.local/lib/python3.12/site-packages/airflow/example_dags/example_complex.py took 0.104 seconds
[2024-07-31T12:29:49.839+0000] {processor.py:161} INFO - Started process (PID=2473) to work on /home/airflow/.local/lib/python3.12/site-packages/airflow/example_dags/example_complex.py
[2024-07-31T12:29:49.840+0000] {processor.py:830} INFO - Processing file /home/airflow/.local/lib/python3.12/site-packages/airflow/example_dags/example_complex.py for tasks to queue
[2024-07-31T12:29:49.842+0000] {logging_mixin.py:188} INFO - [2024-07-31T12:29:49.842+0000] {dagbag.py:545} INFO - Filling up the DagBag from /home/airflow/.local/lib/python3.12/site-packages/airflow/example_dags/example_complex.py
[2024-07-31T12:29:49.854+0000] {processor.py:840} INFO - DAG(s) 'example_complex' retrieved from /home/airflow/.local/lib/python3.12/site-packages/airflow/example_dags/example_complex.py
[2024-07-31T12:29:49.892+0000] {logging_mixin.py:188} INFO - [2024-07-31T12:29:49.892+0000] {dag.py:3089} INFO - Sync 1 DAGs
[2024-07-31T12:29:49.906+0000] {logging_mixin.py:188} INFO - [2024-07-31T12:29:49.906+0000] {dag.py:3947} INFO - Setting next_dagrun for example_complex to None, run_after=None
[2024-07-31T12:29:49.944+0000] {processor.py:183} INFO - Processing /home/airflow/.local/lib/python3.12/site-packages/airflow/example_dags/example_complex.py took 0.111 seconds
[2024-07-31T12:30:20.613+0000] {processor.py:161} INFO - Started process (PID=2531) to work on /home/airflow/.local/lib/python3.12/site-packages/airflow/example_dags/example_complex.py
[2024-07-31T12:30:20.614+0000] {processor.py:830} INFO - Processing file /home/airflow/.local/lib/python3.12/site-packages/airflow/example_dags/example_complex.py for tasks to queue
[2024-07-31T12:30:20.616+0000] {logging_mixin.py:188} INFO - [2024-07-31T12:30:20.616+0000] {dagbag.py:545} INFO - Filling up the DagBag from /home/airflow/.local/lib/python3.12/site-packages/airflow/example_dags/example_complex.py
[2024-07-31T12:30:20.628+0000] {processor.py:840} INFO - DAG(s) 'example_complex' retrieved from /home/airflow/.local/lib/python3.12/site-packages/airflow/example_dags/example_complex.py
[2024-07-31T12:30:20.666+0000] {logging_mixin.py:188} INFO - [2024-07-31T12:30:20.665+0000] {dag.py:3089} INFO - Sync 1 DAGs
[2024-07-31T12:30:20.686+0000] {logging_mixin.py:188} INFO - [2024-07-31T12:30:20.686+0000] {dag.py:3947} INFO - Setting next_dagrun for example_complex to None, run_after=None
[2024-07-31T12:30:20.721+0000] {processor.py:183} INFO - Processing /home/airflow/.local/lib/python3.12/site-packages/airflow/example_dags/example_complex.py took 0.115 seconds
[2024-07-31T12:30:51.186+0000] {processor.py:161} INFO - Started process (PID=2589) to work on /home/airflow/.local/lib/python3.12/site-packages/airflow/example_dags/example_complex.py
[2024-07-31T12:30:51.188+0000] {processor.py:830} INFO - Processing file /home/airflow/.local/lib/python3.12/site-packages/airflow/example_dags/example_complex.py for tasks to queue
[2024-07-31T12:30:51.190+0000] {logging_mixin.py:188} INFO - [2024-07-31T12:30:51.189+0000] {dagbag.py:545} INFO - Filling up the DagBag from /home/airflow/.local/lib/python3.12/site-packages/airflow/example_dags/example_complex.py
[2024-07-31T12:30:51.204+0000] {processor.py:840} INFO - DAG(s) 'example_complex' retrieved from /home/airflow/.local/lib/python3.12/site-packages/airflow/example_dags/example_complex.py
[2024-07-31T12:30:51.249+0000] {logging_mixin.py:188} INFO - [2024-07-31T12:30:51.249+0000] {dag.py:3089} INFO - Sync 1 DAGs
[2024-07-31T12:30:51.268+0000] {logging_mixin.py:188} INFO - [2024-07-31T12:30:51.267+0000] {dag.py:3947} INFO - Setting next_dagrun for example_complex to None, run_after=None
[2024-07-31T12:30:51.298+0000] {processor.py:183} INFO - Processing /home/airflow/.local/lib/python3.12/site-packages/airflow/example_dags/example_complex.py took 0.119 seconds
[2024-07-31T12:31:21.716+0000] {processor.py:161} INFO - Started process (PID=2646) to work on /home/airflow/.local/lib/python3.12/site-packages/airflow/example_dags/example_complex.py
[2024-07-31T12:31:21.716+0000] {processor.py:830} INFO - Processing file /home/airflow/.local/lib/python3.12/site-packages/airflow/example_dags/example_complex.py for tasks to queue
[2024-07-31T12:31:21.719+0000] {logging_mixin.py:188} INFO - [2024-07-31T12:31:21.718+0000] {dagbag.py:545} INFO - Filling up the DagBag from /home/airflow/.local/lib/python3.12/site-packages/airflow/example_dags/example_complex.py
[2024-07-31T12:31:21.735+0000] {processor.py:840} INFO - DAG(s) 'example_complex' retrieved from /home/airflow/.local/lib/python3.12/site-packages/airflow/example_dags/example_complex.py
[2024-07-31T12:31:21.794+0000] {logging_mixin.py:188} INFO - [2024-07-31T12:31:21.794+0000] {dag.py:3089} INFO - Sync 1 DAGs
[2024-07-31T12:31:21.817+0000] {logging_mixin.py:188} INFO - [2024-07-31T12:31:21.817+0000] {dag.py:3947} INFO - Setting next_dagrun for example_complex to None, run_after=None
[2024-07-31T12:31:21.882+0000] {processor.py:183} INFO - Processing /home/airflow/.local/lib/python3.12/site-packages/airflow/example_dags/example_complex.py took 0.175 seconds
[2024-07-31T12:31:52.163+0000] {processor.py:161} INFO - Started process (PID=2704) to work on /home/airflow/.local/lib/python3.12/site-packages/airflow/example_dags/example_complex.py
[2024-07-31T12:31:52.164+0000] {processor.py:830} INFO - Processing file /home/airflow/.local/lib/python3.12/site-packages/airflow/example_dags/example_complex.py for tasks to queue
[2024-07-31T12:31:52.168+0000] {logging_mixin.py:188} INFO - [2024-07-31T12:31:52.168+0000] {dagbag.py:545} INFO - Filling up the DagBag from /home/airflow/.local/lib/python3.12/site-packages/airflow/example_dags/example_complex.py
[2024-07-31T12:31:52.182+0000] {processor.py:840} INFO - DAG(s) 'example_complex' retrieved from /home/airflow/.local/lib/python3.12/site-packages/airflow/example_dags/example_complex.py
[2024-07-31T12:31:52.229+0000] {logging_mixin.py:188} INFO - [2024-07-31T12:31:52.229+0000] {dag.py:3089} INFO - Sync 1 DAGs
[2024-07-31T12:31:52.248+0000] {logging_mixin.py:188} INFO - [2024-07-31T12:31:52.248+0000] {dag.py:3947} INFO - Setting next_dagrun for example_complex to None, run_after=None
[2024-07-31T12:31:52.284+0000] {processor.py:183} INFO - Processing /home/airflow/.local/lib/python3.12/site-packages/airflow/example_dags/example_complex.py took 0.128 seconds
[2024-07-31T12:32:22.561+0000] {processor.py:161} INFO - Started process (PID=2762) to work on /home/airflow/.local/lib/python3.12/site-packages/airflow/example_dags/example_complex.py
[2024-07-31T12:32:22.562+0000] {processor.py:830} INFO - Processing file /home/airflow/.local/lib/python3.12/site-packages/airflow/example_dags/example_complex.py for tasks to queue
[2024-07-31T12:32:22.564+0000] {logging_mixin.py:188} INFO - [2024-07-31T12:32:22.564+0000] {dagbag.py:545} INFO - Filling up the DagBag from /home/airflow/.local/lib/python3.12/site-packages/airflow/example_dags/example_complex.py
[2024-07-31T12:32:22.576+0000] {processor.py:840} INFO - DAG(s) 'example_complex' retrieved from /home/airflow/.local/lib/python3.12/site-packages/airflow/example_dags/example_complex.py
[2024-07-31T12:32:22.620+0000] {logging_mixin.py:188} INFO - [2024-07-31T12:32:22.620+0000] {dag.py:3089} INFO - Sync 1 DAGs
[2024-07-31T12:32:22.644+0000] {logging_mixin.py:188} INFO - [2024-07-31T12:32:22.643+0000] {dag.py:3947} INFO - Setting next_dagrun for example_complex to None, run_after=None
[2024-07-31T12:32:22.691+0000] {processor.py:183} INFO - Processing /home/airflow/.local/lib/python3.12/site-packages/airflow/example_dags/example_complex.py took 0.136 seconds
[2024-07-31T12:32:52.837+0000] {processor.py:161} INFO - Started process (PID=2820) to work on /home/airflow/.local/lib/python3.12/site-packages/airflow/example_dags/example_complex.py
[2024-07-31T12:32:52.841+0000] {processor.py:830} INFO - Processing file /home/airflow/.local/lib/python3.12/site-packages/airflow/example_dags/example_complex.py for tasks to queue
[2024-07-31T12:32:52.844+0000] {logging_mixin.py:188} INFO - [2024-07-31T12:32:52.843+0000] {dagbag.py:545} INFO - Filling up the DagBag from /home/airflow/.local/lib/python3.12/site-packages/airflow/example_dags/example_complex.py
[2024-07-31T12:32:52.861+0000] {processor.py:840} INFO - DAG(s) 'example_complex' retrieved from /home/airflow/.local/lib/python3.12/site-packages/airflow/example_dags/example_complex.py
[2024-07-31T12:32:52.903+0000] {logging_mixin.py:188} INFO - [2024-07-31T12:32:52.903+0000] {dag.py:3089} INFO - Sync 1 DAGs
[2024-07-31T12:32:52.922+0000] {logging_mixin.py:188} INFO - [2024-07-31T12:32:52.922+0000] {dag.py:3947} INFO - Setting next_dagrun for example_complex to None, run_after=None
[2024-07-31T12:32:52.950+0000] {processor.py:183} INFO - Processing /home/airflow/.local/lib/python3.12/site-packages/airflow/example_dags/example_complex.py took 0.124 seconds
[2024-07-31T12:33:23.706+0000] {processor.py:161} INFO - Started process (PID=2878) to work on /home/airflow/.local/lib/python3.12/site-packages/airflow/example_dags/example_complex.py
[2024-07-31T12:33:23.707+0000] {processor.py:830} INFO - Processing file /home/airflow/.local/lib/python3.12/site-packages/airflow/example_dags/example_complex.py for tasks to queue
[2024-07-31T12:33:23.709+0000] {logging_mixin.py:188} INFO - [2024-07-31T12:33:23.708+0000] {dagbag.py:545} INFO - Filling up the DagBag from /home/airflow/.local/lib/python3.12/site-packages/airflow/example_dags/example_complex.py
[2024-07-31T12:33:23.720+0000] {processor.py:840} INFO - DAG(s) 'example_complex' retrieved from /home/airflow/.local/lib/python3.12/site-packages/airflow/example_dags/example_complex.py
[2024-07-31T12:33:23.757+0000] {logging_mixin.py:188} INFO - [2024-07-31T12:33:23.757+0000] {dag.py:3089} INFO - Sync 1 DAGs
[2024-07-31T12:33:23.774+0000] {logging_mixin.py:188} INFO - [2024-07-31T12:33:23.774+0000] {dag.py:3947} INFO - Setting next_dagrun for example_complex to None, run_after=None
[2024-07-31T12:33:23.807+0000] {processor.py:183} INFO - Processing /home/airflow/.local/lib/python3.12/site-packages/airflow/example_dags/example_complex.py took 0.107 seconds
[2024-07-31T12:33:54.173+0000] {processor.py:161} INFO - Started process (PID=2936) to work on /home/airflow/.local/lib/python3.12/site-packages/airflow/example_dags/example_complex.py
[2024-07-31T12:33:54.176+0000] {processor.py:830} INFO - Processing file /home/airflow/.local/lib/python3.12/site-packages/airflow/example_dags/example_complex.py for tasks to queue
[2024-07-31T12:33:54.179+0000] {logging_mixin.py:188} INFO - [2024-07-31T12:33:54.178+0000] {dagbag.py:545} INFO - Filling up the DagBag from /home/airflow/.local/lib/python3.12/site-packages/airflow/example_dags/example_complex.py
[2024-07-31T12:33:54.192+0000] {processor.py:840} INFO - DAG(s) 'example_complex' retrieved from /home/airflow/.local/lib/python3.12/site-packages/airflow/example_dags/example_complex.py
[2024-07-31T12:33:54.246+0000] {logging_mixin.py:188} INFO - [2024-07-31T12:33:54.246+0000] {dag.py:3089} INFO - Sync 1 DAGs
[2024-07-31T12:33:54.269+0000] {logging_mixin.py:188} INFO - [2024-07-31T12:33:54.268+0000] {dag.py:3947} INFO - Setting next_dagrun for example_complex to None, run_after=None
[2024-07-31T12:33:54.300+0000] {processor.py:183} INFO - Processing /home/airflow/.local/lib/python3.12/site-packages/airflow/example_dags/example_complex.py took 0.134 seconds
[2024-07-31T12:34:24.626+0000] {processor.py:161} INFO - Started process (PID=2994) to work on /home/airflow/.local/lib/python3.12/site-packages/airflow/example_dags/example_complex.py
[2024-07-31T12:34:24.626+0000] {processor.py:830} INFO - Processing file /home/airflow/.local/lib/python3.12/site-packages/airflow/example_dags/example_complex.py for tasks to queue
[2024-07-31T12:34:24.628+0000] {logging_mixin.py:188} INFO - [2024-07-31T12:34:24.628+0000] {dagbag.py:545} INFO - Filling up the DagBag from /home/airflow/.local/lib/python3.12/site-packages/airflow/example_dags/example_complex.py
[2024-07-31T12:34:24.638+0000] {processor.py:840} INFO - DAG(s) 'example_complex' retrieved from /home/airflow/.local/lib/python3.12/site-packages/airflow/example_dags/example_complex.py
[2024-07-31T12:34:24.673+0000] {logging_mixin.py:188} INFO - [2024-07-31T12:34:24.673+0000] {dag.py:3089} INFO - Sync 1 DAGs
[2024-07-31T12:34:24.691+0000] {logging_mixin.py:188} INFO - [2024-07-31T12:34:24.691+0000] {dag.py:3947} INFO - Setting next_dagrun for example_complex to None, run_after=None
[2024-07-31T12:34:24.728+0000] {processor.py:183} INFO - Processing /home/airflow/.local/lib/python3.12/site-packages/airflow/example_dags/example_complex.py took 0.109 seconds
[2024-07-31T12:34:55.058+0000] {processor.py:161} INFO - Started process (PID=3051) to work on /home/airflow/.local/lib/python3.12/site-packages/airflow/example_dags/example_complex.py
[2024-07-31T12:34:55.059+0000] {processor.py:830} INFO - Processing file /home/airflow/.local/lib/python3.12/site-packages/airflow/example_dags/example_complex.py for tasks to queue
[2024-07-31T12:34:55.060+0000] {logging_mixin.py:188} INFO - [2024-07-31T12:34:55.060+0000] {dagbag.py:545} INFO - Filling up the DagBag from /home/airflow/.local/lib/python3.12/site-packages/airflow/example_dags/example_complex.py
[2024-07-31T12:34:55.070+0000] {processor.py:840} INFO - DAG(s) 'example_complex' retrieved from /home/airflow/.local/lib/python3.12/site-packages/airflow/example_dags/example_complex.py
[2024-07-31T12:34:55.104+0000] {logging_mixin.py:188} INFO - [2024-07-31T12:34:55.103+0000] {dag.py:3089} INFO - Sync 1 DAGs
[2024-07-31T12:34:55.120+0000] {logging_mixin.py:188} INFO - [2024-07-31T12:34:55.120+0000] {dag.py:3947} INFO - Setting next_dagrun for example_complex to None, run_after=None
[2024-07-31T12:34:55.159+0000] {processor.py:183} INFO - Processing /home/airflow/.local/lib/python3.12/site-packages/airflow/example_dags/example_complex.py took 0.108 seconds
[2024-07-31T12:35:25.283+0000] {processor.py:161} INFO - Started process (PID=3108) to work on /home/airflow/.local/lib/python3.12/site-packages/airflow/example_dags/example_complex.py
[2024-07-31T12:35:25.284+0000] {processor.py:830} INFO - Processing file /home/airflow/.local/lib/python3.12/site-packages/airflow/example_dags/example_complex.py for tasks to queue
[2024-07-31T12:35:25.287+0000] {logging_mixin.py:188} INFO - [2024-07-31T12:35:25.286+0000] {dagbag.py:545} INFO - Filling up the DagBag from /home/airflow/.local/lib/python3.12/site-packages/airflow/example_dags/example_complex.py
[2024-07-31T12:35:25.298+0000] {processor.py:840} INFO - DAG(s) 'example_complex' retrieved from /home/airflow/.local/lib/python3.12/site-packages/airflow/example_dags/example_complex.py
[2024-07-31T12:35:25.330+0000] {logging_mixin.py:188} INFO - [2024-07-31T12:35:25.330+0000] {dag.py:3089} INFO - Sync 1 DAGs
[2024-07-31T12:35:25.345+0000] {logging_mixin.py:188} INFO - [2024-07-31T12:35:25.345+0000] {dag.py:3947} INFO - Setting next_dagrun for example_complex to None, run_after=None
[2024-07-31T12:35:25.375+0000] {processor.py:183} INFO - Processing /home/airflow/.local/lib/python3.12/site-packages/airflow/example_dags/example_complex.py took 0.098 seconds
[2024-07-31T12:35:55.555+0000] {processor.py:161} INFO - Started process (PID=3165) to work on /home/airflow/.local/lib/python3.12/site-packages/airflow/example_dags/example_complex.py
[2024-07-31T12:35:55.556+0000] {processor.py:830} INFO - Processing file /home/airflow/.local/lib/python3.12/site-packages/airflow/example_dags/example_complex.py for tasks to queue
[2024-07-31T12:35:55.558+0000] {logging_mixin.py:188} INFO - [2024-07-31T12:35:55.558+0000] {dagbag.py:545} INFO - Filling up the DagBag from /home/airflow/.local/lib/python3.12/site-packages/airflow/example_dags/example_complex.py
[2024-07-31T12:35:55.574+0000] {processor.py:840} INFO - DAG(s) 'example_complex' retrieved from /home/airflow/.local/lib/python3.12/site-packages/airflow/example_dags/example_complex.py
[2024-07-31T12:35:55.621+0000] {logging_mixin.py:188} INFO - [2024-07-31T12:35:55.621+0000] {dag.py:3089} INFO - Sync 1 DAGs
[2024-07-31T12:35:55.641+0000] {logging_mixin.py:188} INFO - [2024-07-31T12:35:55.640+0000] {dag.py:3947} INFO - Setting next_dagrun for example_complex to None, run_after=None
[2024-07-31T12:35:55.687+0000] {processor.py:183} INFO - Processing /home/airflow/.local/lib/python3.12/site-packages/airflow/example_dags/example_complex.py took 0.141 seconds
[2024-07-31T12:36:25.934+0000] {processor.py:161} INFO - Started process (PID=3222) to work on /home/airflow/.local/lib/python3.12/site-packages/airflow/example_dags/example_complex.py
[2024-07-31T12:36:25.936+0000] {processor.py:830} INFO - Processing file /home/airflow/.local/lib/python3.12/site-packages/airflow/example_dags/example_complex.py for tasks to queue
[2024-07-31T12:36:25.939+0000] {logging_mixin.py:188} INFO - [2024-07-31T12:36:25.938+0000] {dagbag.py:545} INFO - Filling up the DagBag from /home/airflow/.local/lib/python3.12/site-packages/airflow/example_dags/example_complex.py
[2024-07-31T12:36:25.957+0000] {processor.py:840} INFO - DAG(s) 'example_complex' retrieved from /home/airflow/.local/lib/python3.12/site-packages/airflow/example_dags/example_complex.py
[2024-07-31T12:36:26.016+0000] {logging_mixin.py:188} INFO - [2024-07-31T12:36:26.016+0000] {dag.py:3089} INFO - Sync 1 DAGs
[2024-07-31T12:36:26.035+0000] {logging_mixin.py:188} INFO - [2024-07-31T12:36:26.035+0000] {dag.py:3947} INFO - Setting next_dagrun for example_complex to None, run_after=None
[2024-07-31T12:36:26.075+0000] {processor.py:183} INFO - Processing /home/airflow/.local/lib/python3.12/site-packages/airflow/example_dags/example_complex.py took 0.155 seconds
[2024-07-31T12:36:56.180+0000] {processor.py:161} INFO - Started process (PID=3279) to work on /home/airflow/.local/lib/python3.12/site-packages/airflow/example_dags/example_complex.py
[2024-07-31T12:36:56.181+0000] {processor.py:830} INFO - Processing file /home/airflow/.local/lib/python3.12/site-packages/airflow/example_dags/example_complex.py for tasks to queue
[2024-07-31T12:36:56.183+0000] {logging_mixin.py:188} INFO - [2024-07-31T12:36:56.183+0000] {dagbag.py:545} INFO - Filling up the DagBag from /home/airflow/.local/lib/python3.12/site-packages/airflow/example_dags/example_complex.py
[2024-07-31T12:36:56.200+0000] {processor.py:840} INFO - DAG(s) 'example_complex' retrieved from /home/airflow/.local/lib/python3.12/site-packages/airflow/example_dags/example_complex.py
[2024-07-31T12:36:56.245+0000] {logging_mixin.py:188} INFO - [2024-07-31T12:36:56.245+0000] {dag.py:3089} INFO - Sync 1 DAGs
[2024-07-31T12:36:56.269+0000] {logging_mixin.py:188} INFO - [2024-07-31T12:36:56.268+0000] {dag.py:3947} INFO - Setting next_dagrun for example_complex to None, run_after=None
[2024-07-31T12:36:56.304+0000] {processor.py:183} INFO - Processing /home/airflow/.local/lib/python3.12/site-packages/airflow/example_dags/example_complex.py took 0.131 seconds
[2024-07-31T12:37:26.713+0000] {processor.py:161} INFO - Started process (PID=3337) to work on /home/airflow/.local/lib/python3.12/site-packages/airflow/example_dags/example_complex.py
[2024-07-31T12:37:26.714+0000] {processor.py:830} INFO - Processing file /home/airflow/.local/lib/python3.12/site-packages/airflow/example_dags/example_complex.py for tasks to queue
[2024-07-31T12:37:26.716+0000] {logging_mixin.py:188} INFO - [2024-07-31T12:37:26.716+0000] {dagbag.py:545} INFO - Filling up the DagBag from /home/airflow/.local/lib/python3.12/site-packages/airflow/example_dags/example_complex.py
[2024-07-31T12:37:26.734+0000] {processor.py:840} INFO - DAG(s) 'example_complex' retrieved from /home/airflow/.local/lib/python3.12/site-packages/airflow/example_dags/example_complex.py
[2024-07-31T12:37:26.780+0000] {logging_mixin.py:188} INFO - [2024-07-31T12:37:26.780+0000] {dag.py:3089} INFO - Sync 1 DAGs
[2024-07-31T12:37:26.801+0000] {logging_mixin.py:188} INFO - [2024-07-31T12:37:26.801+0000] {dag.py:3947} INFO - Setting next_dagrun for example_complex to None, run_after=None
[2024-07-31T12:37:26.832+0000] {processor.py:183} INFO - Processing /home/airflow/.local/lib/python3.12/site-packages/airflow/example_dags/example_complex.py took 0.130 seconds
[2024-07-31T12:37:57.219+0000] {processor.py:161} INFO - Started process (PID=3394) to work on /home/airflow/.local/lib/python3.12/site-packages/airflow/example_dags/example_complex.py
[2024-07-31T12:37:57.220+0000] {processor.py:830} INFO - Processing file /home/airflow/.local/lib/python3.12/site-packages/airflow/example_dags/example_complex.py for tasks to queue
[2024-07-31T12:37:57.222+0000] {logging_mixin.py:188} INFO - [2024-07-31T12:37:57.222+0000] {dagbag.py:545} INFO - Filling up the DagBag from /home/airflow/.local/lib/python3.12/site-packages/airflow/example_dags/example_complex.py
[2024-07-31T12:37:57.233+0000] {processor.py:840} INFO - DAG(s) 'example_complex' retrieved from /home/airflow/.local/lib/python3.12/site-packages/airflow/example_dags/example_complex.py
[2024-07-31T12:37:57.267+0000] {logging_mixin.py:188} INFO - [2024-07-31T12:37:57.266+0000] {dag.py:3089} INFO - Sync 1 DAGs
[2024-07-31T12:37:57.282+0000] {logging_mixin.py:188} INFO - [2024-07-31T12:37:57.281+0000] {dag.py:3947} INFO - Setting next_dagrun for example_complex to None, run_after=None
[2024-07-31T12:37:57.309+0000] {processor.py:183} INFO - Processing /home/airflow/.local/lib/python3.12/site-packages/airflow/example_dags/example_complex.py took 0.096 seconds
[2024-07-31T12:38:27.640+0000] {processor.py:161} INFO - Started process (PID=3452) to work on /home/airflow/.local/lib/python3.12/site-packages/airflow/example_dags/example_complex.py
[2024-07-31T12:38:27.642+0000] {processor.py:830} INFO - Processing file /home/airflow/.local/lib/python3.12/site-packages/airflow/example_dags/example_complex.py for tasks to queue
[2024-07-31T12:38:27.645+0000] {logging_mixin.py:188} INFO - [2024-07-31T12:38:27.644+0000] {dagbag.py:545} INFO - Filling up the DagBag from /home/airflow/.local/lib/python3.12/site-packages/airflow/example_dags/example_complex.py
[2024-07-31T12:38:27.657+0000] {processor.py:840} INFO - DAG(s) 'example_complex' retrieved from /home/airflow/.local/lib/python3.12/site-packages/airflow/example_dags/example_complex.py
[2024-07-31T12:38:27.704+0000] {logging_mixin.py:188} INFO - [2024-07-31T12:38:27.703+0000] {dag.py:3089} INFO - Sync 1 DAGs
[2024-07-31T12:38:27.728+0000] {logging_mixin.py:188} INFO - [2024-07-31T12:38:27.728+0000] {dag.py:3947} INFO - Setting next_dagrun for example_complex to None, run_after=None
[2024-07-31T12:38:27.763+0000] {processor.py:183} INFO - Processing /home/airflow/.local/lib/python3.12/site-packages/airflow/example_dags/example_complex.py took 0.134 seconds
