[2024-07-31T12:08:52.052+0000] {processor.py:161} INFO - Started process (PID=87) to work on /home/airflow/.local/lib/python3.12/site-packages/airflow/example_dags/example_sensors.py
[2024-07-31T12:08:52.052+0000] {processor.py:830} INFO - Processing file /home/airflow/.local/lib/python3.12/site-packages/airflow/example_dags/example_sensors.py for tasks to queue
[2024-07-31T12:08:52.053+0000] {logging_mixin.py:188} INFO - [2024-07-31T12:08:52.053+0000] {dagbag.py:545} INFO - Filling up the DagBag from /home/airflow/.local/lib/python3.12/site-packages/airflow/example_dags/example_sensors.py
[2024-07-31T12:08:52.065+0000] {processor.py:840} INFO - DAG(s) 'example_sensors' retrieved from /home/airflow/.local/lib/python3.12/site-packages/airflow/example_dags/example_sensors.py
[2024-07-31T12:08:52.202+0000] {logging_mixin.py:188} INFO - [2024-07-31T12:08:52.201+0000] {override.py:1858} INFO - Created Permission View: can delete on DAG:example_sensors
[2024-07-31T12:08:52.212+0000] {logging_mixin.py:188} INFO - [2024-07-31T12:08:52.212+0000] {override.py:1858} INFO - Created Permission View: can read on DAG:example_sensors
[2024-07-31T12:08:52.219+0000] {logging_mixin.py:188} INFO - [2024-07-31T12:08:52.219+0000] {override.py:1858} INFO - Created Permission View: can edit on DAG:example_sensors
[2024-07-31T12:08:52.220+0000] {logging_mixin.py:188} INFO - [2024-07-31T12:08:52.219+0000] {dag.py:3089} INFO - Sync 1 DAGs
[2024-07-31T12:08:52.231+0000] {logging_mixin.py:188} INFO - [2024-07-31T12:08:52.231+0000] {dag.py:3111} INFO - Creating ORM DAG for example_sensors
[2024-07-31T12:08:52.232+0000] {logging_mixin.py:188} INFO - [2024-07-31T12:08:52.232+0000] {dag.py:3947} INFO - Setting next_dagrun for example_sensors to None, run_after=None
[2024-07-31T12:08:52.249+0000] {processor.py:183} INFO - Processing /home/airflow/.local/lib/python3.12/site-packages/airflow/example_dags/example_sensors.py took 0.202 seconds
[2024-07-31T12:09:22.657+0000] {processor.py:161} INFO - Started process (PID=145) to work on /home/airflow/.local/lib/python3.12/site-packages/airflow/example_dags/example_sensors.py
[2024-07-31T12:09:22.657+0000] {processor.py:830} INFO - Processing file /home/airflow/.local/lib/python3.12/site-packages/airflow/example_dags/example_sensors.py for tasks to queue
[2024-07-31T12:09:22.659+0000] {logging_mixin.py:188} INFO - [2024-07-31T12:09:22.659+0000] {dagbag.py:545} INFO - Filling up the DagBag from /home/airflow/.local/lib/python3.12/site-packages/airflow/example_dags/example_sensors.py
[2024-07-31T12:09:22.669+0000] {processor.py:840} INFO - DAG(s) 'example_sensors' retrieved from /home/airflow/.local/lib/python3.12/site-packages/airflow/example_dags/example_sensors.py
[2024-07-31T12:09:22.698+0000] {logging_mixin.py:188} INFO - [2024-07-31T12:09:22.697+0000] {dag.py:3089} INFO - Sync 1 DAGs
[2024-07-31T12:09:22.712+0000] {logging_mixin.py:188} INFO - [2024-07-31T12:09:22.712+0000] {dag.py:3947} INFO - Setting next_dagrun for example_sensors to None, run_after=None
[2024-07-31T12:09:22.739+0000] {processor.py:183} INFO - Processing /home/airflow/.local/lib/python3.12/site-packages/airflow/example_dags/example_sensors.py took 0.087 seconds
[2024-07-31T12:09:53.236+0000] {processor.py:161} INFO - Started process (PID=203) to work on /home/airflow/.local/lib/python3.12/site-packages/airflow/example_dags/example_sensors.py
[2024-07-31T12:09:53.237+0000] {processor.py:830} INFO - Processing file /home/airflow/.local/lib/python3.12/site-packages/airflow/example_dags/example_sensors.py for tasks to queue
[2024-07-31T12:09:53.238+0000] {logging_mixin.py:188} INFO - [2024-07-31T12:09:53.238+0000] {dagbag.py:545} INFO - Filling up the DagBag from /home/airflow/.local/lib/python3.12/site-packages/airflow/example_dags/example_sensors.py
[2024-07-31T12:09:53.247+0000] {processor.py:840} INFO - DAG(s) 'example_sensors' retrieved from /home/airflow/.local/lib/python3.12/site-packages/airflow/example_dags/example_sensors.py
[2024-07-31T12:09:53.275+0000] {logging_mixin.py:188} INFO - [2024-07-31T12:09:53.275+0000] {dag.py:3089} INFO - Sync 1 DAGs
[2024-07-31T12:09:53.291+0000] {logging_mixin.py:188} INFO - [2024-07-31T12:09:53.291+0000] {dag.py:3947} INFO - Setting next_dagrun for example_sensors to None, run_after=None
[2024-07-31T12:09:53.314+0000] {processor.py:183} INFO - Processing /home/airflow/.local/lib/python3.12/site-packages/airflow/example_dags/example_sensors.py took 0.083 seconds
[2024-07-31T12:10:23.812+0000] {processor.py:161} INFO - Started process (PID=261) to work on /home/airflow/.local/lib/python3.12/site-packages/airflow/example_dags/example_sensors.py
[2024-07-31T12:10:23.813+0000] {processor.py:830} INFO - Processing file /home/airflow/.local/lib/python3.12/site-packages/airflow/example_dags/example_sensors.py for tasks to queue
[2024-07-31T12:10:23.814+0000] {logging_mixin.py:188} INFO - [2024-07-31T12:10:23.814+0000] {dagbag.py:545} INFO - Filling up the DagBag from /home/airflow/.local/lib/python3.12/site-packages/airflow/example_dags/example_sensors.py
[2024-07-31T12:10:23.823+0000] {processor.py:840} INFO - DAG(s) 'example_sensors' retrieved from /home/airflow/.local/lib/python3.12/site-packages/airflow/example_dags/example_sensors.py
[2024-07-31T12:10:23.847+0000] {logging_mixin.py:188} INFO - [2024-07-31T12:10:23.847+0000] {dag.py:3089} INFO - Sync 1 DAGs
[2024-07-31T12:10:23.858+0000] {logging_mixin.py:188} INFO - [2024-07-31T12:10:23.858+0000] {dag.py:3947} INFO - Setting next_dagrun for example_sensors to None, run_after=None
[2024-07-31T12:10:23.879+0000] {processor.py:183} INFO - Processing /home/airflow/.local/lib/python3.12/site-packages/airflow/example_dags/example_sensors.py took 0.072 seconds
[2024-07-31T12:10:54.028+0000] {processor.py:161} INFO - Started process (PID=319) to work on /home/airflow/.local/lib/python3.12/site-packages/airflow/example_dags/example_sensors.py
[2024-07-31T12:10:54.029+0000] {processor.py:830} INFO - Processing file /home/airflow/.local/lib/python3.12/site-packages/airflow/example_dags/example_sensors.py for tasks to queue
[2024-07-31T12:10:54.031+0000] {logging_mixin.py:188} INFO - [2024-07-31T12:10:54.030+0000] {dagbag.py:545} INFO - Filling up the DagBag from /home/airflow/.local/lib/python3.12/site-packages/airflow/example_dags/example_sensors.py
[2024-07-31T12:10:54.039+0000] {processor.py:840} INFO - DAG(s) 'example_sensors' retrieved from /home/airflow/.local/lib/python3.12/site-packages/airflow/example_dags/example_sensors.py
[2024-07-31T12:10:54.069+0000] {logging_mixin.py:188} INFO - [2024-07-31T12:10:54.069+0000] {dag.py:3089} INFO - Sync 1 DAGs
[2024-07-31T12:10:54.085+0000] {logging_mixin.py:188} INFO - [2024-07-31T12:10:54.085+0000] {dag.py:3947} INFO - Setting next_dagrun for example_sensors to None, run_after=None
[2024-07-31T12:10:54.109+0000] {processor.py:183} INFO - Processing /home/airflow/.local/lib/python3.12/site-packages/airflow/example_dags/example_sensors.py took 0.086 seconds
[2024-07-31T12:11:24.810+0000] {processor.py:161} INFO - Started process (PID=376) to work on /home/airflow/.local/lib/python3.12/site-packages/airflow/example_dags/example_sensors.py
[2024-07-31T12:11:24.811+0000] {processor.py:830} INFO - Processing file /home/airflow/.local/lib/python3.12/site-packages/airflow/example_dags/example_sensors.py for tasks to queue
[2024-07-31T12:11:24.813+0000] {logging_mixin.py:188} INFO - [2024-07-31T12:11:24.812+0000] {dagbag.py:545} INFO - Filling up the DagBag from /home/airflow/.local/lib/python3.12/site-packages/airflow/example_dags/example_sensors.py
[2024-07-31T12:11:24.824+0000] {processor.py:840} INFO - DAG(s) 'example_sensors' retrieved from /home/airflow/.local/lib/python3.12/site-packages/airflow/example_dags/example_sensors.py
[2024-07-31T12:11:24.858+0000] {logging_mixin.py:188} INFO - [2024-07-31T12:11:24.858+0000] {dag.py:3089} INFO - Sync 1 DAGs
[2024-07-31T12:11:24.877+0000] {logging_mixin.py:188} INFO - [2024-07-31T12:11:24.877+0000] {dag.py:3947} INFO - Setting next_dagrun for example_sensors to None, run_after=None
[2024-07-31T12:11:24.904+0000] {processor.py:183} INFO - Processing /home/airflow/.local/lib/python3.12/site-packages/airflow/example_dags/example_sensors.py took 0.100 seconds
[2024-07-31T12:11:56.098+0000] {processor.py:161} INFO - Started process (PID=440) to work on /home/airflow/.local/lib/python3.12/site-packages/airflow/example_dags/example_sensors.py
[2024-07-31T12:11:56.099+0000] {processor.py:830} INFO - Processing file /home/airflow/.local/lib/python3.12/site-packages/airflow/example_dags/example_sensors.py for tasks to queue
[2024-07-31T12:11:56.101+0000] {logging_mixin.py:188} INFO - [2024-07-31T12:11:56.100+0000] {dagbag.py:545} INFO - Filling up the DagBag from /home/airflow/.local/lib/python3.12/site-packages/airflow/example_dags/example_sensors.py
[2024-07-31T12:11:56.108+0000] {processor.py:840} INFO - DAG(s) 'example_sensors' retrieved from /home/airflow/.local/lib/python3.12/site-packages/airflow/example_dags/example_sensors.py
[2024-07-31T12:11:56.132+0000] {logging_mixin.py:188} INFO - [2024-07-31T12:11:56.132+0000] {dag.py:3089} INFO - Sync 1 DAGs
[2024-07-31T12:11:56.147+0000] {logging_mixin.py:188} INFO - [2024-07-31T12:11:56.147+0000] {dag.py:3947} INFO - Setting next_dagrun for example_sensors to None, run_after=None
[2024-07-31T12:11:56.176+0000] {processor.py:183} INFO - Processing /home/airflow/.local/lib/python3.12/site-packages/airflow/example_dags/example_sensors.py took 0.083 seconds
[2024-07-31T12:12:26.326+0000] {processor.py:161} INFO - Started process (PID=497) to work on /home/airflow/.local/lib/python3.12/site-packages/airflow/example_dags/example_sensors.py
[2024-07-31T12:12:26.327+0000] {processor.py:830} INFO - Processing file /home/airflow/.local/lib/python3.12/site-packages/airflow/example_dags/example_sensors.py for tasks to queue
[2024-07-31T12:12:26.329+0000] {logging_mixin.py:188} INFO - [2024-07-31T12:12:26.328+0000] {dagbag.py:545} INFO - Filling up the DagBag from /home/airflow/.local/lib/python3.12/site-packages/airflow/example_dags/example_sensors.py
[2024-07-31T12:12:26.338+0000] {processor.py:840} INFO - DAG(s) 'example_sensors' retrieved from /home/airflow/.local/lib/python3.12/site-packages/airflow/example_dags/example_sensors.py
[2024-07-31T12:12:26.364+0000] {logging_mixin.py:188} INFO - [2024-07-31T12:12:26.364+0000] {dag.py:3089} INFO - Sync 1 DAGs
[2024-07-31T12:12:26.376+0000] {logging_mixin.py:188} INFO - [2024-07-31T12:12:26.376+0000] {dag.py:3947} INFO - Setting next_dagrun for example_sensors to None, run_after=None
[2024-07-31T12:12:26.398+0000] {processor.py:183} INFO - Processing /home/airflow/.local/lib/python3.12/site-packages/airflow/example_dags/example_sensors.py took 0.078 seconds
[2024-07-31T12:12:57.037+0000] {processor.py:161} INFO - Started process (PID=555) to work on /home/airflow/.local/lib/python3.12/site-packages/airflow/example_dags/example_sensors.py
[2024-07-31T12:12:57.038+0000] {processor.py:830} INFO - Processing file /home/airflow/.local/lib/python3.12/site-packages/airflow/example_dags/example_sensors.py for tasks to queue
[2024-07-31T12:12:57.040+0000] {logging_mixin.py:188} INFO - [2024-07-31T12:12:57.040+0000] {dagbag.py:545} INFO - Filling up the DagBag from /home/airflow/.local/lib/python3.12/site-packages/airflow/example_dags/example_sensors.py
[2024-07-31T12:12:57.050+0000] {processor.py:840} INFO - DAG(s) 'example_sensors' retrieved from /home/airflow/.local/lib/python3.12/site-packages/airflow/example_dags/example_sensors.py
[2024-07-31T12:12:57.079+0000] {logging_mixin.py:188} INFO - [2024-07-31T12:12:57.079+0000] {dag.py:3089} INFO - Sync 1 DAGs
[2024-07-31T12:12:57.094+0000] {logging_mixin.py:188} INFO - [2024-07-31T12:12:57.093+0000] {dag.py:3947} INFO - Setting next_dagrun for example_sensors to None, run_after=None
[2024-07-31T12:12:57.123+0000] {processor.py:183} INFO - Processing /home/airflow/.local/lib/python3.12/site-packages/airflow/example_dags/example_sensors.py took 0.094 seconds
[2024-07-31T12:13:27.568+0000] {processor.py:161} INFO - Started process (PID=612) to work on /home/airflow/.local/lib/python3.12/site-packages/airflow/example_dags/example_sensors.py
[2024-07-31T12:13:27.569+0000] {processor.py:830} INFO - Processing file /home/airflow/.local/lib/python3.12/site-packages/airflow/example_dags/example_sensors.py for tasks to queue
[2024-07-31T12:13:27.570+0000] {logging_mixin.py:188} INFO - [2024-07-31T12:13:27.570+0000] {dagbag.py:545} INFO - Filling up the DagBag from /home/airflow/.local/lib/python3.12/site-packages/airflow/example_dags/example_sensors.py
[2024-07-31T12:13:27.582+0000] {processor.py:840} INFO - DAG(s) 'example_sensors' retrieved from /home/airflow/.local/lib/python3.12/site-packages/airflow/example_dags/example_sensors.py
[2024-07-31T12:13:27.639+0000] {logging_mixin.py:188} INFO - [2024-07-31T12:13:27.639+0000] {dag.py:3089} INFO - Sync 1 DAGs
[2024-07-31T12:13:27.658+0000] {logging_mixin.py:188} INFO - [2024-07-31T12:13:27.658+0000] {dag.py:3947} INFO - Setting next_dagrun for example_sensors to None, run_after=None
[2024-07-31T12:13:27.710+0000] {processor.py:183} INFO - Processing /home/airflow/.local/lib/python3.12/site-packages/airflow/example_dags/example_sensors.py took 0.148 seconds
[2024-07-31T12:13:58.470+0000] {processor.py:161} INFO - Started process (PID=670) to work on /home/airflow/.local/lib/python3.12/site-packages/airflow/example_dags/example_sensors.py
[2024-07-31T12:13:58.471+0000] {processor.py:830} INFO - Processing file /home/airflow/.local/lib/python3.12/site-packages/airflow/example_dags/example_sensors.py for tasks to queue
[2024-07-31T12:13:58.473+0000] {logging_mixin.py:188} INFO - [2024-07-31T12:13:58.472+0000] {dagbag.py:545} INFO - Filling up the DagBag from /home/airflow/.local/lib/python3.12/site-packages/airflow/example_dags/example_sensors.py
[2024-07-31T12:13:58.492+0000] {processor.py:840} INFO - DAG(s) 'example_sensors' retrieved from /home/airflow/.local/lib/python3.12/site-packages/airflow/example_dags/example_sensors.py
[2024-07-31T12:13:58.551+0000] {logging_mixin.py:188} INFO - [2024-07-31T12:13:58.551+0000] {dag.py:3089} INFO - Sync 1 DAGs
[2024-07-31T12:13:58.580+0000] {logging_mixin.py:188} INFO - [2024-07-31T12:13:58.579+0000] {dag.py:3947} INFO - Setting next_dagrun for example_sensors to None, run_after=None
[2024-07-31T12:13:58.613+0000] {processor.py:183} INFO - Processing /home/airflow/.local/lib/python3.12/site-packages/airflow/example_dags/example_sensors.py took 0.153 seconds
[2024-07-31T12:14:28.861+0000] {processor.py:161} INFO - Started process (PID=728) to work on /home/airflow/.local/lib/python3.12/site-packages/airflow/example_dags/example_sensors.py
[2024-07-31T12:14:28.862+0000] {processor.py:830} INFO - Processing file /home/airflow/.local/lib/python3.12/site-packages/airflow/example_dags/example_sensors.py for tasks to queue
[2024-07-31T12:14:28.864+0000] {logging_mixin.py:188} INFO - [2024-07-31T12:14:28.864+0000] {dagbag.py:545} INFO - Filling up the DagBag from /home/airflow/.local/lib/python3.12/site-packages/airflow/example_dags/example_sensors.py
[2024-07-31T12:14:28.872+0000] {processor.py:840} INFO - DAG(s) 'example_sensors' retrieved from /home/airflow/.local/lib/python3.12/site-packages/airflow/example_dags/example_sensors.py
[2024-07-31T12:14:28.901+0000] {logging_mixin.py:188} INFO - [2024-07-31T12:14:28.900+0000] {dag.py:3089} INFO - Sync 1 DAGs
[2024-07-31T12:14:28.914+0000] {logging_mixin.py:188} INFO - [2024-07-31T12:14:28.914+0000] {dag.py:3947} INFO - Setting next_dagrun for example_sensors to None, run_after=None
[2024-07-31T12:14:28.940+0000] {processor.py:183} INFO - Processing /home/airflow/.local/lib/python3.12/site-packages/airflow/example_dags/example_sensors.py took 0.084 seconds
[2024-07-31T12:14:59.244+0000] {processor.py:161} INFO - Started process (PID=786) to work on /home/airflow/.local/lib/python3.12/site-packages/airflow/example_dags/example_sensors.py
[2024-07-31T12:14:59.245+0000] {processor.py:830} INFO - Processing file /home/airflow/.local/lib/python3.12/site-packages/airflow/example_dags/example_sensors.py for tasks to queue
[2024-07-31T12:14:59.246+0000] {logging_mixin.py:188} INFO - [2024-07-31T12:14:59.246+0000] {dagbag.py:545} INFO - Filling up the DagBag from /home/airflow/.local/lib/python3.12/site-packages/airflow/example_dags/example_sensors.py
[2024-07-31T12:14:59.254+0000] {processor.py:840} INFO - DAG(s) 'example_sensors' retrieved from /home/airflow/.local/lib/python3.12/site-packages/airflow/example_dags/example_sensors.py
[2024-07-31T12:14:59.286+0000] {logging_mixin.py:188} INFO - [2024-07-31T12:14:59.286+0000] {dag.py:3089} INFO - Sync 1 DAGs
[2024-07-31T12:14:59.302+0000] {logging_mixin.py:188} INFO - [2024-07-31T12:14:59.302+0000] {dag.py:3947} INFO - Setting next_dagrun for example_sensors to None, run_after=None
[2024-07-31T12:14:59.327+0000] {processor.py:183} INFO - Processing /home/airflow/.local/lib/python3.12/site-packages/airflow/example_dags/example_sensors.py took 0.089 seconds
[2024-07-31T12:15:29.454+0000] {processor.py:161} INFO - Started process (PID=843) to work on /home/airflow/.local/lib/python3.12/site-packages/airflow/example_dags/example_sensors.py
[2024-07-31T12:15:29.454+0000] {processor.py:830} INFO - Processing file /home/airflow/.local/lib/python3.12/site-packages/airflow/example_dags/example_sensors.py for tasks to queue
[2024-07-31T12:15:29.456+0000] {logging_mixin.py:188} INFO - [2024-07-31T12:15:29.456+0000] {dagbag.py:545} INFO - Filling up the DagBag from /home/airflow/.local/lib/python3.12/site-packages/airflow/example_dags/example_sensors.py
[2024-07-31T12:15:29.466+0000] {processor.py:840} INFO - DAG(s) 'example_sensors' retrieved from /home/airflow/.local/lib/python3.12/site-packages/airflow/example_dags/example_sensors.py
[2024-07-31T12:15:29.494+0000] {logging_mixin.py:188} INFO - [2024-07-31T12:15:29.493+0000] {dag.py:3089} INFO - Sync 1 DAGs
[2024-07-31T12:15:29.509+0000] {logging_mixin.py:188} INFO - [2024-07-31T12:15:29.508+0000] {dag.py:3947} INFO - Setting next_dagrun for example_sensors to None, run_after=None
[2024-07-31T12:15:29.543+0000] {processor.py:183} INFO - Processing /home/airflow/.local/lib/python3.12/site-packages/airflow/example_dags/example_sensors.py took 0.096 seconds
[2024-07-31T12:15:59.581+0000] {processor.py:161} INFO - Started process (PID=899) to work on /home/airflow/.local/lib/python3.12/site-packages/airflow/example_dags/example_sensors.py
[2024-07-31T12:15:59.582+0000] {processor.py:830} INFO - Processing file /home/airflow/.local/lib/python3.12/site-packages/airflow/example_dags/example_sensors.py for tasks to queue
[2024-07-31T12:15:59.584+0000] {logging_mixin.py:188} INFO - [2024-07-31T12:15:59.583+0000] {dagbag.py:545} INFO - Filling up the DagBag from /home/airflow/.local/lib/python3.12/site-packages/airflow/example_dags/example_sensors.py
[2024-07-31T12:15:59.592+0000] {processor.py:840} INFO - DAG(s) 'example_sensors' retrieved from /home/airflow/.local/lib/python3.12/site-packages/airflow/example_dags/example_sensors.py
[2024-07-31T12:15:59.621+0000] {logging_mixin.py:188} INFO - [2024-07-31T12:15:59.621+0000] {dag.py:3089} INFO - Sync 1 DAGs
[2024-07-31T12:15:59.635+0000] {logging_mixin.py:188} INFO - [2024-07-31T12:15:59.635+0000] {dag.py:3947} INFO - Setting next_dagrun for example_sensors to None, run_after=None
[2024-07-31T12:15:59.659+0000] {processor.py:183} INFO - Processing /home/airflow/.local/lib/python3.12/site-packages/airflow/example_dags/example_sensors.py took 0.085 seconds
[2024-07-31T12:16:29.950+0000] {processor.py:161} INFO - Started process (PID=956) to work on /home/airflow/.local/lib/python3.12/site-packages/airflow/example_dags/example_sensors.py
[2024-07-31T12:16:29.951+0000] {processor.py:830} INFO - Processing file /home/airflow/.local/lib/python3.12/site-packages/airflow/example_dags/example_sensors.py for tasks to queue
[2024-07-31T12:16:29.953+0000] {logging_mixin.py:188} INFO - [2024-07-31T12:16:29.953+0000] {dagbag.py:545} INFO - Filling up the DagBag from /home/airflow/.local/lib/python3.12/site-packages/airflow/example_dags/example_sensors.py
[2024-07-31T12:16:29.961+0000] {processor.py:840} INFO - DAG(s) 'example_sensors' retrieved from /home/airflow/.local/lib/python3.12/site-packages/airflow/example_dags/example_sensors.py
[2024-07-31T12:16:29.993+0000] {logging_mixin.py:188} INFO - [2024-07-31T12:16:29.992+0000] {dag.py:3089} INFO - Sync 1 DAGs
[2024-07-31T12:16:30.008+0000] {logging_mixin.py:188} INFO - [2024-07-31T12:16:30.007+0000] {dag.py:3947} INFO - Setting next_dagrun for example_sensors to None, run_after=None
[2024-07-31T12:16:30.029+0000] {processor.py:183} INFO - Processing /home/airflow/.local/lib/python3.12/site-packages/airflow/example_dags/example_sensors.py took 0.086 seconds
[2024-07-31T12:17:00.072+0000] {processor.py:161} INFO - Started process (PID=1013) to work on /home/airflow/.local/lib/python3.12/site-packages/airflow/example_dags/example_sensors.py
[2024-07-31T12:17:00.072+0000] {processor.py:830} INFO - Processing file /home/airflow/.local/lib/python3.12/site-packages/airflow/example_dags/example_sensors.py for tasks to queue
[2024-07-31T12:17:00.074+0000] {logging_mixin.py:188} INFO - [2024-07-31T12:17:00.074+0000] {dagbag.py:545} INFO - Filling up the DagBag from /home/airflow/.local/lib/python3.12/site-packages/airflow/example_dags/example_sensors.py
[2024-07-31T12:17:00.082+0000] {processor.py:840} INFO - DAG(s) 'example_sensors' retrieved from /home/airflow/.local/lib/python3.12/site-packages/airflow/example_dags/example_sensors.py
[2024-07-31T12:17:00.113+0000] {logging_mixin.py:188} INFO - [2024-07-31T12:17:00.113+0000] {dag.py:3089} INFO - Sync 1 DAGs
[2024-07-31T12:17:00.125+0000] {logging_mixin.py:188} INFO - [2024-07-31T12:17:00.125+0000] {dag.py:3947} INFO - Setting next_dagrun for example_sensors to None, run_after=None
[2024-07-31T12:17:00.148+0000] {processor.py:183} INFO - Processing /home/airflow/.local/lib/python3.12/site-packages/airflow/example_dags/example_sensors.py took 0.084 seconds
[2024-07-31T12:17:31.145+0000] {processor.py:161} INFO - Started process (PID=1071) to work on /home/airflow/.local/lib/python3.12/site-packages/airflow/example_dags/example_sensors.py
[2024-07-31T12:17:31.146+0000] {processor.py:830} INFO - Processing file /home/airflow/.local/lib/python3.12/site-packages/airflow/example_dags/example_sensors.py for tasks to queue
[2024-07-31T12:17:31.148+0000] {logging_mixin.py:188} INFO - [2024-07-31T12:17:31.147+0000] {dagbag.py:545} INFO - Filling up the DagBag from /home/airflow/.local/lib/python3.12/site-packages/airflow/example_dags/example_sensors.py
[2024-07-31T12:17:31.156+0000] {processor.py:840} INFO - DAG(s) 'example_sensors' retrieved from /home/airflow/.local/lib/python3.12/site-packages/airflow/example_dags/example_sensors.py
[2024-07-31T12:17:31.192+0000] {logging_mixin.py:188} INFO - [2024-07-31T12:17:31.192+0000] {dag.py:3089} INFO - Sync 1 DAGs
[2024-07-31T12:17:31.207+0000] {logging_mixin.py:188} INFO - [2024-07-31T12:17:31.206+0000] {dag.py:3947} INFO - Setting next_dagrun for example_sensors to None, run_after=None
[2024-07-31T12:17:31.236+0000] {processor.py:183} INFO - Processing /home/airflow/.local/lib/python3.12/site-packages/airflow/example_dags/example_sensors.py took 0.096 seconds
[2024-07-31T12:18:01.691+0000] {processor.py:161} INFO - Started process (PID=1129) to work on /home/airflow/.local/lib/python3.12/site-packages/airflow/example_dags/example_sensors.py
[2024-07-31T12:18:01.692+0000] {processor.py:830} INFO - Processing file /home/airflow/.local/lib/python3.12/site-packages/airflow/example_dags/example_sensors.py for tasks to queue
[2024-07-31T12:18:01.693+0000] {logging_mixin.py:188} INFO - [2024-07-31T12:18:01.693+0000] {dagbag.py:545} INFO - Filling up the DagBag from /home/airflow/.local/lib/python3.12/site-packages/airflow/example_dags/example_sensors.py
[2024-07-31T12:18:01.701+0000] {processor.py:840} INFO - DAG(s) 'example_sensors' retrieved from /home/airflow/.local/lib/python3.12/site-packages/airflow/example_dags/example_sensors.py
[2024-07-31T12:18:01.738+0000] {logging_mixin.py:188} INFO - [2024-07-31T12:18:01.737+0000] {dag.py:3089} INFO - Sync 1 DAGs
[2024-07-31T12:18:01.752+0000] {logging_mixin.py:188} INFO - [2024-07-31T12:18:01.752+0000] {dag.py:3947} INFO - Setting next_dagrun for example_sensors to None, run_after=None
[2024-07-31T12:18:01.780+0000] {processor.py:183} INFO - Processing /home/airflow/.local/lib/python3.12/site-packages/airflow/example_dags/example_sensors.py took 0.097 seconds
[2024-07-31T12:18:32.270+0000] {processor.py:161} INFO - Started process (PID=1187) to work on /home/airflow/.local/lib/python3.12/site-packages/airflow/example_dags/example_sensors.py
[2024-07-31T12:18:32.271+0000] {processor.py:830} INFO - Processing file /home/airflow/.local/lib/python3.12/site-packages/airflow/example_dags/example_sensors.py for tasks to queue
[2024-07-31T12:18:32.273+0000] {logging_mixin.py:188} INFO - [2024-07-31T12:18:32.272+0000] {dagbag.py:545} INFO - Filling up the DagBag from /home/airflow/.local/lib/python3.12/site-packages/airflow/example_dags/example_sensors.py
[2024-07-31T12:18:32.284+0000] {processor.py:840} INFO - DAG(s) 'example_sensors' retrieved from /home/airflow/.local/lib/python3.12/site-packages/airflow/example_dags/example_sensors.py
[2024-07-31T12:18:32.318+0000] {logging_mixin.py:188} INFO - [2024-07-31T12:18:32.317+0000] {dag.py:3089} INFO - Sync 1 DAGs
[2024-07-31T12:18:32.332+0000] {logging_mixin.py:188} INFO - [2024-07-31T12:18:32.331+0000] {dag.py:3947} INFO - Setting next_dagrun for example_sensors to None, run_after=None
[2024-07-31T12:18:32.353+0000] {processor.py:183} INFO - Processing /home/airflow/.local/lib/python3.12/site-packages/airflow/example_dags/example_sensors.py took 0.090 seconds
[2024-07-31T12:19:02.435+0000] {processor.py:161} INFO - Started process (PID=1245) to work on /home/airflow/.local/lib/python3.12/site-packages/airflow/example_dags/example_sensors.py
[2024-07-31T12:19:02.436+0000] {processor.py:830} INFO - Processing file /home/airflow/.local/lib/python3.12/site-packages/airflow/example_dags/example_sensors.py for tasks to queue
[2024-07-31T12:19:02.438+0000] {logging_mixin.py:188} INFO - [2024-07-31T12:19:02.438+0000] {dagbag.py:545} INFO - Filling up the DagBag from /home/airflow/.local/lib/python3.12/site-packages/airflow/example_dags/example_sensors.py
[2024-07-31T12:19:02.450+0000] {processor.py:840} INFO - DAG(s) 'example_sensors' retrieved from /home/airflow/.local/lib/python3.12/site-packages/airflow/example_dags/example_sensors.py
[2024-07-31T12:19:02.488+0000] {logging_mixin.py:188} INFO - [2024-07-31T12:19:02.487+0000] {dag.py:3089} INFO - Sync 1 DAGs
[2024-07-31T12:19:02.504+0000] {logging_mixin.py:188} INFO - [2024-07-31T12:19:02.503+0000] {dag.py:3947} INFO - Setting next_dagrun for example_sensors to None, run_after=None
[2024-07-31T12:19:02.533+0000] {processor.py:183} INFO - Processing /home/airflow/.local/lib/python3.12/site-packages/airflow/example_dags/example_sensors.py took 0.107 seconds
[2024-07-31T12:19:32.669+0000] {processor.py:161} INFO - Started process (PID=1303) to work on /home/airflow/.local/lib/python3.12/site-packages/airflow/example_dags/example_sensors.py
[2024-07-31T12:19:32.670+0000] {processor.py:830} INFO - Processing file /home/airflow/.local/lib/python3.12/site-packages/airflow/example_dags/example_sensors.py for tasks to queue
[2024-07-31T12:19:32.672+0000] {logging_mixin.py:188} INFO - [2024-07-31T12:19:32.672+0000] {dagbag.py:545} INFO - Filling up the DagBag from /home/airflow/.local/lib/python3.12/site-packages/airflow/example_dags/example_sensors.py
[2024-07-31T12:19:32.684+0000] {processor.py:840} INFO - DAG(s) 'example_sensors' retrieved from /home/airflow/.local/lib/python3.12/site-packages/airflow/example_dags/example_sensors.py
[2024-07-31T12:19:32.713+0000] {logging_mixin.py:188} INFO - [2024-07-31T12:19:32.713+0000] {dag.py:3089} INFO - Sync 1 DAGs
[2024-07-31T12:19:32.735+0000] {logging_mixin.py:188} INFO - [2024-07-31T12:19:32.735+0000] {dag.py:3947} INFO - Setting next_dagrun for example_sensors to None, run_after=None
[2024-07-31T12:19:32.762+0000] {processor.py:183} INFO - Processing /home/airflow/.local/lib/python3.12/site-packages/airflow/example_dags/example_sensors.py took 0.100 seconds
[2024-07-31T12:20:03.132+0000] {processor.py:161} INFO - Started process (PID=1361) to work on /home/airflow/.local/lib/python3.12/site-packages/airflow/example_dags/example_sensors.py
[2024-07-31T12:20:03.133+0000] {processor.py:830} INFO - Processing file /home/airflow/.local/lib/python3.12/site-packages/airflow/example_dags/example_sensors.py for tasks to queue
[2024-07-31T12:20:03.134+0000] {logging_mixin.py:188} INFO - [2024-07-31T12:20:03.134+0000] {dagbag.py:545} INFO - Filling up the DagBag from /home/airflow/.local/lib/python3.12/site-packages/airflow/example_dags/example_sensors.py
[2024-07-31T12:20:03.143+0000] {processor.py:840} INFO - DAG(s) 'example_sensors' retrieved from /home/airflow/.local/lib/python3.12/site-packages/airflow/example_dags/example_sensors.py
[2024-07-31T12:20:03.168+0000] {logging_mixin.py:188} INFO - [2024-07-31T12:20:03.167+0000] {dag.py:3089} INFO - Sync 1 DAGs
[2024-07-31T12:20:03.183+0000] {logging_mixin.py:188} INFO - [2024-07-31T12:20:03.182+0000] {dag.py:3947} INFO - Setting next_dagrun for example_sensors to None, run_after=None
[2024-07-31T12:20:03.207+0000] {processor.py:183} INFO - Processing /home/airflow/.local/lib/python3.12/site-packages/airflow/example_dags/example_sensors.py took 0.081 seconds
[2024-07-31T12:20:33.524+0000] {processor.py:161} INFO - Started process (PID=1419) to work on /home/airflow/.local/lib/python3.12/site-packages/airflow/example_dags/example_sensors.py
[2024-07-31T12:20:33.524+0000] {processor.py:830} INFO - Processing file /home/airflow/.local/lib/python3.12/site-packages/airflow/example_dags/example_sensors.py for tasks to queue
[2024-07-31T12:20:33.526+0000] {logging_mixin.py:188} INFO - [2024-07-31T12:20:33.525+0000] {dagbag.py:545} INFO - Filling up the DagBag from /home/airflow/.local/lib/python3.12/site-packages/airflow/example_dags/example_sensors.py
[2024-07-31T12:20:33.535+0000] {processor.py:840} INFO - DAG(s) 'example_sensors' retrieved from /home/airflow/.local/lib/python3.12/site-packages/airflow/example_dags/example_sensors.py
[2024-07-31T12:20:33.568+0000] {logging_mixin.py:188} INFO - [2024-07-31T12:20:33.568+0000] {dag.py:3089} INFO - Sync 1 DAGs
[2024-07-31T12:20:33.587+0000] {logging_mixin.py:188} INFO - [2024-07-31T12:20:33.586+0000] {dag.py:3947} INFO - Setting next_dagrun for example_sensors to None, run_after=None
[2024-07-31T12:20:33.618+0000] {processor.py:183} INFO - Processing /home/airflow/.local/lib/python3.12/site-packages/airflow/example_dags/example_sensors.py took 0.099 seconds
[2024-07-31T12:21:04.005+0000] {processor.py:161} INFO - Started process (PID=1477) to work on /home/airflow/.local/lib/python3.12/site-packages/airflow/example_dags/example_sensors.py
[2024-07-31T12:21:04.006+0000] {processor.py:830} INFO - Processing file /home/airflow/.local/lib/python3.12/site-packages/airflow/example_dags/example_sensors.py for tasks to queue
[2024-07-31T12:21:04.008+0000] {logging_mixin.py:188} INFO - [2024-07-31T12:21:04.008+0000] {dagbag.py:545} INFO - Filling up the DagBag from /home/airflow/.local/lib/python3.12/site-packages/airflow/example_dags/example_sensors.py
[2024-07-31T12:21:04.022+0000] {processor.py:840} INFO - DAG(s) 'example_sensors' retrieved from /home/airflow/.local/lib/python3.12/site-packages/airflow/example_dags/example_sensors.py
[2024-07-31T12:21:04.046+0000] {logging_mixin.py:188} INFO - [2024-07-31T12:21:04.046+0000] {dag.py:3089} INFO - Sync 1 DAGs
[2024-07-31T12:21:04.060+0000] {logging_mixin.py:188} INFO - [2024-07-31T12:21:04.060+0000] {dag.py:3947} INFO - Setting next_dagrun for example_sensors to None, run_after=None
[2024-07-31T12:21:04.089+0000] {processor.py:183} INFO - Processing /home/airflow/.local/lib/python3.12/site-packages/airflow/example_dags/example_sensors.py took 0.091 seconds
[2024-07-31T12:21:34.224+0000] {processor.py:161} INFO - Started process (PID=1535) to work on /home/airflow/.local/lib/python3.12/site-packages/airflow/example_dags/example_sensors.py
[2024-07-31T12:21:34.224+0000] {processor.py:830} INFO - Processing file /home/airflow/.local/lib/python3.12/site-packages/airflow/example_dags/example_sensors.py for tasks to queue
[2024-07-31T12:21:34.227+0000] {logging_mixin.py:188} INFO - [2024-07-31T12:21:34.226+0000] {dagbag.py:545} INFO - Filling up the DagBag from /home/airflow/.local/lib/python3.12/site-packages/airflow/example_dags/example_sensors.py
[2024-07-31T12:21:34.242+0000] {processor.py:840} INFO - DAG(s) 'example_sensors' retrieved from /home/airflow/.local/lib/python3.12/site-packages/airflow/example_dags/example_sensors.py
[2024-07-31T12:21:34.290+0000] {logging_mixin.py:188} INFO - [2024-07-31T12:21:34.289+0000] {dag.py:3089} INFO - Sync 1 DAGs
[2024-07-31T12:21:34.309+0000] {logging_mixin.py:188} INFO - [2024-07-31T12:21:34.309+0000] {dag.py:3947} INFO - Setting next_dagrun for example_sensors to None, run_after=None
[2024-07-31T12:21:34.338+0000] {processor.py:183} INFO - Processing /home/airflow/.local/lib/python3.12/site-packages/airflow/example_dags/example_sensors.py took 0.122 seconds
[2024-07-31T12:22:04.663+0000] {processor.py:161} INFO - Started process (PID=1593) to work on /home/airflow/.local/lib/python3.12/site-packages/airflow/example_dags/example_sensors.py
[2024-07-31T12:22:04.664+0000] {processor.py:830} INFO - Processing file /home/airflow/.local/lib/python3.12/site-packages/airflow/example_dags/example_sensors.py for tasks to queue
[2024-07-31T12:22:04.667+0000] {logging_mixin.py:188} INFO - [2024-07-31T12:22:04.666+0000] {dagbag.py:545} INFO - Filling up the DagBag from /home/airflow/.local/lib/python3.12/site-packages/airflow/example_dags/example_sensors.py
[2024-07-31T12:22:04.681+0000] {processor.py:840} INFO - DAG(s) 'example_sensors' retrieved from /home/airflow/.local/lib/python3.12/site-packages/airflow/example_dags/example_sensors.py
[2024-07-31T12:22:04.721+0000] {logging_mixin.py:188} INFO - [2024-07-31T12:22:04.720+0000] {dag.py:3089} INFO - Sync 1 DAGs
[2024-07-31T12:22:04.743+0000] {logging_mixin.py:188} INFO - [2024-07-31T12:22:04.743+0000] {dag.py:3947} INFO - Setting next_dagrun for example_sensors to None, run_after=None
[2024-07-31T12:22:04.777+0000] {processor.py:183} INFO - Processing /home/airflow/.local/lib/python3.12/site-packages/airflow/example_dags/example_sensors.py took 0.123 seconds
[2024-07-31T12:22:35.152+0000] {processor.py:161} INFO - Started process (PID=1651) to work on /home/airflow/.local/lib/python3.12/site-packages/airflow/example_dags/example_sensors.py
[2024-07-31T12:22:35.154+0000] {processor.py:830} INFO - Processing file /home/airflow/.local/lib/python3.12/site-packages/airflow/example_dags/example_sensors.py for tasks to queue
[2024-07-31T12:22:35.156+0000] {logging_mixin.py:188} INFO - [2024-07-31T12:22:35.155+0000] {dagbag.py:545} INFO - Filling up the DagBag from /home/airflow/.local/lib/python3.12/site-packages/airflow/example_dags/example_sensors.py
[2024-07-31T12:22:35.168+0000] {processor.py:840} INFO - DAG(s) 'example_sensors' retrieved from /home/airflow/.local/lib/python3.12/site-packages/airflow/example_dags/example_sensors.py
[2024-07-31T12:22:35.202+0000] {logging_mixin.py:188} INFO - [2024-07-31T12:22:35.202+0000] {dag.py:3089} INFO - Sync 1 DAGs
[2024-07-31T12:22:35.220+0000] {logging_mixin.py:188} INFO - [2024-07-31T12:22:35.220+0000] {dag.py:3947} INFO - Setting next_dagrun for example_sensors to None, run_after=None
[2024-07-31T12:22:35.242+0000] {processor.py:183} INFO - Processing /home/airflow/.local/lib/python3.12/site-packages/airflow/example_dags/example_sensors.py took 0.097 seconds
[2024-07-31T12:23:05.340+0000] {processor.py:161} INFO - Started process (PID=1708) to work on /home/airflow/.local/lib/python3.12/site-packages/airflow/example_dags/example_sensors.py
[2024-07-31T12:23:05.341+0000] {processor.py:830} INFO - Processing file /home/airflow/.local/lib/python3.12/site-packages/airflow/example_dags/example_sensors.py for tasks to queue
[2024-07-31T12:23:05.343+0000] {logging_mixin.py:188} INFO - [2024-07-31T12:23:05.343+0000] {dagbag.py:545} INFO - Filling up the DagBag from /home/airflow/.local/lib/python3.12/site-packages/airflow/example_dags/example_sensors.py
[2024-07-31T12:23:05.355+0000] {processor.py:840} INFO - DAG(s) 'example_sensors' retrieved from /home/airflow/.local/lib/python3.12/site-packages/airflow/example_dags/example_sensors.py
[2024-07-31T12:23:05.382+0000] {logging_mixin.py:188} INFO - [2024-07-31T12:23:05.382+0000] {dag.py:3089} INFO - Sync 1 DAGs
[2024-07-31T12:23:05.395+0000] {logging_mixin.py:188} INFO - [2024-07-31T12:23:05.395+0000] {dag.py:3947} INFO - Setting next_dagrun for example_sensors to None, run_after=None
[2024-07-31T12:23:05.421+0000] {processor.py:183} INFO - Processing /home/airflow/.local/lib/python3.12/site-packages/airflow/example_dags/example_sensors.py took 0.089 seconds
[2024-07-31T12:23:35.627+0000] {processor.py:161} INFO - Started process (PID=1766) to work on /home/airflow/.local/lib/python3.12/site-packages/airflow/example_dags/example_sensors.py
[2024-07-31T12:23:35.627+0000] {processor.py:830} INFO - Processing file /home/airflow/.local/lib/python3.12/site-packages/airflow/example_dags/example_sensors.py for tasks to queue
[2024-07-31T12:23:35.629+0000] {logging_mixin.py:188} INFO - [2024-07-31T12:23:35.629+0000] {dagbag.py:545} INFO - Filling up the DagBag from /home/airflow/.local/lib/python3.12/site-packages/airflow/example_dags/example_sensors.py
[2024-07-31T12:23:35.639+0000] {processor.py:840} INFO - DAG(s) 'example_sensors' retrieved from /home/airflow/.local/lib/python3.12/site-packages/airflow/example_dags/example_sensors.py
[2024-07-31T12:23:35.674+0000] {logging_mixin.py:188} INFO - [2024-07-31T12:23:35.673+0000] {dag.py:3089} INFO - Sync 1 DAGs
[2024-07-31T12:23:35.692+0000] {logging_mixin.py:188} INFO - [2024-07-31T12:23:35.692+0000] {dag.py:3947} INFO - Setting next_dagrun for example_sensors to None, run_after=None
[2024-07-31T12:23:35.729+0000] {processor.py:183} INFO - Processing /home/airflow/.local/lib/python3.12/site-packages/airflow/example_dags/example_sensors.py took 0.108 seconds
[2024-07-31T12:24:06.144+0000] {processor.py:161} INFO - Started process (PID=1824) to work on /home/airflow/.local/lib/python3.12/site-packages/airflow/example_dags/example_sensors.py
[2024-07-31T12:24:06.144+0000] {processor.py:830} INFO - Processing file /home/airflow/.local/lib/python3.12/site-packages/airflow/example_dags/example_sensors.py for tasks to queue
[2024-07-31T12:24:06.146+0000] {logging_mixin.py:188} INFO - [2024-07-31T12:24:06.146+0000] {dagbag.py:545} INFO - Filling up the DagBag from /home/airflow/.local/lib/python3.12/site-packages/airflow/example_dags/example_sensors.py
[2024-07-31T12:24:06.156+0000] {processor.py:840} INFO - DAG(s) 'example_sensors' retrieved from /home/airflow/.local/lib/python3.12/site-packages/airflow/example_dags/example_sensors.py
[2024-07-31T12:24:06.190+0000] {logging_mixin.py:188} INFO - [2024-07-31T12:24:06.190+0000] {dag.py:3089} INFO - Sync 1 DAGs
[2024-07-31T12:24:06.210+0000] {logging_mixin.py:188} INFO - [2024-07-31T12:24:06.210+0000] {dag.py:3947} INFO - Setting next_dagrun for example_sensors to None, run_after=None
[2024-07-31T12:24:06.243+0000] {processor.py:183} INFO - Processing /home/airflow/.local/lib/python3.12/site-packages/airflow/example_dags/example_sensors.py took 0.107 seconds
[2024-07-31T12:24:36.505+0000] {processor.py:161} INFO - Started process (PID=1882) to work on /home/airflow/.local/lib/python3.12/site-packages/airflow/example_dags/example_sensors.py
[2024-07-31T12:24:36.506+0000] {processor.py:830} INFO - Processing file /home/airflow/.local/lib/python3.12/site-packages/airflow/example_dags/example_sensors.py for tasks to queue
[2024-07-31T12:24:36.508+0000] {logging_mixin.py:188} INFO - [2024-07-31T12:24:36.508+0000] {dagbag.py:545} INFO - Filling up the DagBag from /home/airflow/.local/lib/python3.12/site-packages/airflow/example_dags/example_sensors.py
[2024-07-31T12:24:36.521+0000] {processor.py:840} INFO - DAG(s) 'example_sensors' retrieved from /home/airflow/.local/lib/python3.12/site-packages/airflow/example_dags/example_sensors.py
[2024-07-31T12:24:36.547+0000] {logging_mixin.py:188} INFO - [2024-07-31T12:24:36.547+0000] {dag.py:3089} INFO - Sync 1 DAGs
[2024-07-31T12:24:36.560+0000] {logging_mixin.py:188} INFO - [2024-07-31T12:24:36.559+0000] {dag.py:3947} INFO - Setting next_dagrun for example_sensors to None, run_after=None
[2024-07-31T12:24:36.580+0000] {processor.py:183} INFO - Processing /home/airflow/.local/lib/python3.12/site-packages/airflow/example_dags/example_sensors.py took 0.084 seconds
[2024-07-31T12:25:07.323+0000] {processor.py:161} INFO - Started process (PID=1940) to work on /home/airflow/.local/lib/python3.12/site-packages/airflow/example_dags/example_sensors.py
[2024-07-31T12:25:07.324+0000] {processor.py:830} INFO - Processing file /home/airflow/.local/lib/python3.12/site-packages/airflow/example_dags/example_sensors.py for tasks to queue
[2024-07-31T12:25:07.325+0000] {logging_mixin.py:188} INFO - [2024-07-31T12:25:07.325+0000] {dagbag.py:545} INFO - Filling up the DagBag from /home/airflow/.local/lib/python3.12/site-packages/airflow/example_dags/example_sensors.py
[2024-07-31T12:25:07.333+0000] {processor.py:840} INFO - DAG(s) 'example_sensors' retrieved from /home/airflow/.local/lib/python3.12/site-packages/airflow/example_dags/example_sensors.py
[2024-07-31T12:25:07.356+0000] {logging_mixin.py:188} INFO - [2024-07-31T12:25:07.356+0000] {dag.py:3089} INFO - Sync 1 DAGs
[2024-07-31T12:25:07.368+0000] {logging_mixin.py:188} INFO - [2024-07-31T12:25:07.367+0000] {dag.py:3947} INFO - Setting next_dagrun for example_sensors to None, run_after=None
[2024-07-31T12:25:07.390+0000] {processor.py:183} INFO - Processing /home/airflow/.local/lib/python3.12/site-packages/airflow/example_dags/example_sensors.py took 0.073 seconds
[2024-07-31T12:25:38.202+0000] {processor.py:161} INFO - Started process (PID=1998) to work on /home/airflow/.local/lib/python3.12/site-packages/airflow/example_dags/example_sensors.py
[2024-07-31T12:25:38.203+0000] {processor.py:830} INFO - Processing file /home/airflow/.local/lib/python3.12/site-packages/airflow/example_dags/example_sensors.py for tasks to queue
[2024-07-31T12:25:38.205+0000] {logging_mixin.py:188} INFO - [2024-07-31T12:25:38.205+0000] {dagbag.py:545} INFO - Filling up the DagBag from /home/airflow/.local/lib/python3.12/site-packages/airflow/example_dags/example_sensors.py
[2024-07-31T12:25:38.218+0000] {processor.py:840} INFO - DAG(s) 'example_sensors' retrieved from /home/airflow/.local/lib/python3.12/site-packages/airflow/example_dags/example_sensors.py
[2024-07-31T12:25:38.254+0000] {logging_mixin.py:188} INFO - [2024-07-31T12:25:38.254+0000] {dag.py:3089} INFO - Sync 1 DAGs
[2024-07-31T12:25:38.265+0000] {logging_mixin.py:188} INFO - [2024-07-31T12:25:38.265+0000] {dag.py:3947} INFO - Setting next_dagrun for example_sensors to None, run_after=None
[2024-07-31T12:25:38.284+0000] {processor.py:183} INFO - Processing /home/airflow/.local/lib/python3.12/site-packages/airflow/example_dags/example_sensors.py took 0.089 seconds
[2024-07-31T12:26:08.494+0000] {processor.py:161} INFO - Started process (PID=2056) to work on /home/airflow/.local/lib/python3.12/site-packages/airflow/example_dags/example_sensors.py
[2024-07-31T12:26:08.496+0000] {processor.py:830} INFO - Processing file /home/airflow/.local/lib/python3.12/site-packages/airflow/example_dags/example_sensors.py for tasks to queue
[2024-07-31T12:26:08.499+0000] {logging_mixin.py:188} INFO - [2024-07-31T12:26:08.498+0000] {dagbag.py:545} INFO - Filling up the DagBag from /home/airflow/.local/lib/python3.12/site-packages/airflow/example_dags/example_sensors.py
[2024-07-31T12:26:08.513+0000] {processor.py:840} INFO - DAG(s) 'example_sensors' retrieved from /home/airflow/.local/lib/python3.12/site-packages/airflow/example_dags/example_sensors.py
[2024-07-31T12:26:08.555+0000] {logging_mixin.py:188} INFO - [2024-07-31T12:26:08.554+0000] {dag.py:3089} INFO - Sync 1 DAGs
[2024-07-31T12:26:08.577+0000] {logging_mixin.py:188} INFO - [2024-07-31T12:26:08.577+0000] {dag.py:3947} INFO - Setting next_dagrun for example_sensors to None, run_after=None
[2024-07-31T12:26:08.604+0000] {processor.py:183} INFO - Processing /home/airflow/.local/lib/python3.12/site-packages/airflow/example_dags/example_sensors.py took 0.116 seconds
[2024-07-31T12:26:39.444+0000] {processor.py:161} INFO - Started process (PID=2113) to work on /home/airflow/.local/lib/python3.12/site-packages/airflow/example_dags/example_sensors.py
[2024-07-31T12:26:39.445+0000] {processor.py:830} INFO - Processing file /home/airflow/.local/lib/python3.12/site-packages/airflow/example_dags/example_sensors.py for tasks to queue
[2024-07-31T12:26:39.448+0000] {logging_mixin.py:188} INFO - [2024-07-31T12:26:39.447+0000] {dagbag.py:545} INFO - Filling up the DagBag from /home/airflow/.local/lib/python3.12/site-packages/airflow/example_dags/example_sensors.py
[2024-07-31T12:26:39.460+0000] {processor.py:840} INFO - DAG(s) 'example_sensors' retrieved from /home/airflow/.local/lib/python3.12/site-packages/airflow/example_dags/example_sensors.py
[2024-07-31T12:26:39.494+0000] {logging_mixin.py:188} INFO - [2024-07-31T12:26:39.494+0000] {dag.py:3089} INFO - Sync 1 DAGs
[2024-07-31T12:26:39.507+0000] {logging_mixin.py:188} INFO - [2024-07-31T12:26:39.506+0000] {dag.py:3947} INFO - Setting next_dagrun for example_sensors to None, run_after=None
[2024-07-31T12:26:39.532+0000] {processor.py:183} INFO - Processing /home/airflow/.local/lib/python3.12/site-packages/airflow/example_dags/example_sensors.py took 0.098 seconds
[2024-07-31T12:27:09.674+0000] {processor.py:161} INFO - Started process (PID=2170) to work on /home/airflow/.local/lib/python3.12/site-packages/airflow/example_dags/example_sensors.py
[2024-07-31T12:27:09.675+0000] {processor.py:830} INFO - Processing file /home/airflow/.local/lib/python3.12/site-packages/airflow/example_dags/example_sensors.py for tasks to queue
[2024-07-31T12:27:09.676+0000] {logging_mixin.py:188} INFO - [2024-07-31T12:27:09.676+0000] {dagbag.py:545} INFO - Filling up the DagBag from /home/airflow/.local/lib/python3.12/site-packages/airflow/example_dags/example_sensors.py
[2024-07-31T12:27:09.686+0000] {processor.py:840} INFO - DAG(s) 'example_sensors' retrieved from /home/airflow/.local/lib/python3.12/site-packages/airflow/example_dags/example_sensors.py
[2024-07-31T12:27:09.714+0000] {logging_mixin.py:188} INFO - [2024-07-31T12:27:09.714+0000] {dag.py:3089} INFO - Sync 1 DAGs
[2024-07-31T12:27:09.730+0000] {logging_mixin.py:188} INFO - [2024-07-31T12:27:09.729+0000] {dag.py:3947} INFO - Setting next_dagrun for example_sensors to None, run_after=None
[2024-07-31T12:27:09.757+0000] {processor.py:183} INFO - Processing /home/airflow/.local/lib/python3.12/site-packages/airflow/example_dags/example_sensors.py took 0.089 seconds
[2024-07-31T12:27:40.451+0000] {processor.py:161} INFO - Started process (PID=2229) to work on /home/airflow/.local/lib/python3.12/site-packages/airflow/example_dags/example_sensors.py
[2024-07-31T12:27:40.452+0000] {processor.py:830} INFO - Processing file /home/airflow/.local/lib/python3.12/site-packages/airflow/example_dags/example_sensors.py for tasks to queue
[2024-07-31T12:27:40.454+0000] {logging_mixin.py:188} INFO - [2024-07-31T12:27:40.454+0000] {dagbag.py:545} INFO - Filling up the DagBag from /home/airflow/.local/lib/python3.12/site-packages/airflow/example_dags/example_sensors.py
[2024-07-31T12:27:40.475+0000] {processor.py:840} INFO - DAG(s) 'example_sensors' retrieved from /home/airflow/.local/lib/python3.12/site-packages/airflow/example_dags/example_sensors.py
[2024-07-31T12:27:40.543+0000] {logging_mixin.py:188} INFO - [2024-07-31T12:27:40.543+0000] {dag.py:3089} INFO - Sync 1 DAGs
[2024-07-31T12:27:40.569+0000] {logging_mixin.py:188} INFO - [2024-07-31T12:27:40.569+0000] {dag.py:3947} INFO - Setting next_dagrun for example_sensors to None, run_after=None
[2024-07-31T12:27:40.618+0000] {processor.py:183} INFO - Processing /home/airflow/.local/lib/python3.12/site-packages/airflow/example_dags/example_sensors.py took 0.180 seconds
[2024-07-31T12:28:11.170+0000] {processor.py:161} INFO - Started process (PID=2287) to work on /home/airflow/.local/lib/python3.12/site-packages/airflow/example_dags/example_sensors.py
[2024-07-31T12:28:11.171+0000] {processor.py:830} INFO - Processing file /home/airflow/.local/lib/python3.12/site-packages/airflow/example_dags/example_sensors.py for tasks to queue
[2024-07-31T12:28:11.174+0000] {logging_mixin.py:188} INFO - [2024-07-31T12:28:11.174+0000] {dagbag.py:545} INFO - Filling up the DagBag from /home/airflow/.local/lib/python3.12/site-packages/airflow/example_dags/example_sensors.py
[2024-07-31T12:28:11.186+0000] {processor.py:840} INFO - DAG(s) 'example_sensors' retrieved from /home/airflow/.local/lib/python3.12/site-packages/airflow/example_dags/example_sensors.py
[2024-07-31T12:28:11.217+0000] {logging_mixin.py:188} INFO - [2024-07-31T12:28:11.216+0000] {dag.py:3089} INFO - Sync 1 DAGs
[2024-07-31T12:28:11.230+0000] {logging_mixin.py:188} INFO - [2024-07-31T12:28:11.230+0000] {dag.py:3947} INFO - Setting next_dagrun for example_sensors to None, run_after=None
[2024-07-31T12:28:11.262+0000] {processor.py:183} INFO - Processing /home/airflow/.local/lib/python3.12/site-packages/airflow/example_dags/example_sensors.py took 0.099 seconds
[2024-07-31T12:28:41.685+0000] {processor.py:161} INFO - Started process (PID=2345) to work on /home/airflow/.local/lib/python3.12/site-packages/airflow/example_dags/example_sensors.py
[2024-07-31T12:28:41.686+0000] {processor.py:830} INFO - Processing file /home/airflow/.local/lib/python3.12/site-packages/airflow/example_dags/example_sensors.py for tasks to queue
[2024-07-31T12:28:41.687+0000] {logging_mixin.py:188} INFO - [2024-07-31T12:28:41.687+0000] {dagbag.py:545} INFO - Filling up the DagBag from /home/airflow/.local/lib/python3.12/site-packages/airflow/example_dags/example_sensors.py
[2024-07-31T12:28:41.696+0000] {processor.py:840} INFO - DAG(s) 'example_sensors' retrieved from /home/airflow/.local/lib/python3.12/site-packages/airflow/example_dags/example_sensors.py
[2024-07-31T12:28:41.728+0000] {logging_mixin.py:188} INFO - [2024-07-31T12:28:41.728+0000] {dag.py:3089} INFO - Sync 1 DAGs
[2024-07-31T12:28:41.742+0000] {logging_mixin.py:188} INFO - [2024-07-31T12:28:41.742+0000] {dag.py:3947} INFO - Setting next_dagrun for example_sensors to None, run_after=None
[2024-07-31T12:28:41.769+0000] {processor.py:183} INFO - Processing /home/airflow/.local/lib/python3.12/site-packages/airflow/example_dags/example_sensors.py took 0.092 seconds
[2024-07-31T12:29:12.313+0000] {processor.py:161} INFO - Started process (PID=2403) to work on /home/airflow/.local/lib/python3.12/site-packages/airflow/example_dags/example_sensors.py
[2024-07-31T12:29:12.314+0000] {processor.py:830} INFO - Processing file /home/airflow/.local/lib/python3.12/site-packages/airflow/example_dags/example_sensors.py for tasks to queue
[2024-07-31T12:29:12.316+0000] {logging_mixin.py:188} INFO - [2024-07-31T12:29:12.315+0000] {dagbag.py:545} INFO - Filling up the DagBag from /home/airflow/.local/lib/python3.12/site-packages/airflow/example_dags/example_sensors.py
[2024-07-31T12:29:12.326+0000] {processor.py:840} INFO - DAG(s) 'example_sensors' retrieved from /home/airflow/.local/lib/python3.12/site-packages/airflow/example_dags/example_sensors.py
[2024-07-31T12:29:12.364+0000] {logging_mixin.py:188} INFO - [2024-07-31T12:29:12.363+0000] {dag.py:3089} INFO - Sync 1 DAGs
[2024-07-31T12:29:12.385+0000] {logging_mixin.py:188} INFO - [2024-07-31T12:29:12.384+0000] {dag.py:3947} INFO - Setting next_dagrun for example_sensors to None, run_after=None
[2024-07-31T12:29:12.421+0000] {processor.py:183} INFO - Processing /home/airflow/.local/lib/python3.12/site-packages/airflow/example_dags/example_sensors.py took 0.116 seconds
[2024-07-31T12:29:43.023+0000] {processor.py:161} INFO - Started process (PID=2460) to work on /home/airflow/.local/lib/python3.12/site-packages/airflow/example_dags/example_sensors.py
[2024-07-31T12:29:43.024+0000] {processor.py:830} INFO - Processing file /home/airflow/.local/lib/python3.12/site-packages/airflow/example_dags/example_sensors.py for tasks to queue
[2024-07-31T12:29:43.027+0000] {logging_mixin.py:188} INFO - [2024-07-31T12:29:43.026+0000] {dagbag.py:545} INFO - Filling up the DagBag from /home/airflow/.local/lib/python3.12/site-packages/airflow/example_dags/example_sensors.py
[2024-07-31T12:29:43.036+0000] {processor.py:840} INFO - DAG(s) 'example_sensors' retrieved from /home/airflow/.local/lib/python3.12/site-packages/airflow/example_dags/example_sensors.py
[2024-07-31T12:29:43.069+0000] {logging_mixin.py:188} INFO - [2024-07-31T12:29:43.069+0000] {dag.py:3089} INFO - Sync 1 DAGs
[2024-07-31T12:29:43.085+0000] {logging_mixin.py:188} INFO - [2024-07-31T12:29:43.084+0000] {dag.py:3947} INFO - Setting next_dagrun for example_sensors to None, run_after=None
[2024-07-31T12:29:43.116+0000] {processor.py:183} INFO - Processing /home/airflow/.local/lib/python3.12/site-packages/airflow/example_dags/example_sensors.py took 0.102 seconds
[2024-07-31T12:30:13.560+0000] {processor.py:161} INFO - Started process (PID=2518) to work on /home/airflow/.local/lib/python3.12/site-packages/airflow/example_dags/example_sensors.py
[2024-07-31T12:30:13.561+0000] {processor.py:830} INFO - Processing file /home/airflow/.local/lib/python3.12/site-packages/airflow/example_dags/example_sensors.py for tasks to queue
[2024-07-31T12:30:13.563+0000] {logging_mixin.py:188} INFO - [2024-07-31T12:30:13.562+0000] {dagbag.py:545} INFO - Filling up the DagBag from /home/airflow/.local/lib/python3.12/site-packages/airflow/example_dags/example_sensors.py
[2024-07-31T12:30:13.575+0000] {processor.py:840} INFO - DAG(s) 'example_sensors' retrieved from /home/airflow/.local/lib/python3.12/site-packages/airflow/example_dags/example_sensors.py
[2024-07-31T12:30:13.610+0000] {logging_mixin.py:188} INFO - [2024-07-31T12:30:13.610+0000] {dag.py:3089} INFO - Sync 1 DAGs
[2024-07-31T12:30:13.629+0000] {logging_mixin.py:188} INFO - [2024-07-31T12:30:13.629+0000] {dag.py:3947} INFO - Setting next_dagrun for example_sensors to None, run_after=None
[2024-07-31T12:30:13.660+0000] {processor.py:183} INFO - Processing /home/airflow/.local/lib/python3.12/site-packages/airflow/example_dags/example_sensors.py took 0.108 seconds
[2024-07-31T12:30:44.201+0000] {processor.py:161} INFO - Started process (PID=2576) to work on /home/airflow/.local/lib/python3.12/site-packages/airflow/example_dags/example_sensors.py
[2024-07-31T12:30:44.203+0000] {processor.py:830} INFO - Processing file /home/airflow/.local/lib/python3.12/site-packages/airflow/example_dags/example_sensors.py for tasks to queue
[2024-07-31T12:30:44.205+0000] {logging_mixin.py:188} INFO - [2024-07-31T12:30:44.204+0000] {dagbag.py:545} INFO - Filling up the DagBag from /home/airflow/.local/lib/python3.12/site-packages/airflow/example_dags/example_sensors.py
[2024-07-31T12:30:44.217+0000] {processor.py:840} INFO - DAG(s) 'example_sensors' retrieved from /home/airflow/.local/lib/python3.12/site-packages/airflow/example_dags/example_sensors.py
[2024-07-31T12:30:44.251+0000] {logging_mixin.py:188} INFO - [2024-07-31T12:30:44.251+0000] {dag.py:3089} INFO - Sync 1 DAGs
[2024-07-31T12:30:44.269+0000] {logging_mixin.py:188} INFO - [2024-07-31T12:30:44.269+0000] {dag.py:3947} INFO - Setting next_dagrun for example_sensors to None, run_after=None
[2024-07-31T12:30:44.297+0000] {processor.py:183} INFO - Processing /home/airflow/.local/lib/python3.12/site-packages/airflow/example_dags/example_sensors.py took 0.105 seconds
[2024-07-31T12:31:14.516+0000] {processor.py:161} INFO - Started process (PID=2633) to work on /home/airflow/.local/lib/python3.12/site-packages/airflow/example_dags/example_sensors.py
[2024-07-31T12:31:14.517+0000] {processor.py:830} INFO - Processing file /home/airflow/.local/lib/python3.12/site-packages/airflow/example_dags/example_sensors.py for tasks to queue
[2024-07-31T12:31:14.519+0000] {logging_mixin.py:188} INFO - [2024-07-31T12:31:14.519+0000] {dagbag.py:545} INFO - Filling up the DagBag from /home/airflow/.local/lib/python3.12/site-packages/airflow/example_dags/example_sensors.py
[2024-07-31T12:31:14.531+0000] {processor.py:840} INFO - DAG(s) 'example_sensors' retrieved from /home/airflow/.local/lib/python3.12/site-packages/airflow/example_dags/example_sensors.py
[2024-07-31T12:31:14.574+0000] {logging_mixin.py:188} INFO - [2024-07-31T12:31:14.573+0000] {dag.py:3089} INFO - Sync 1 DAGs
[2024-07-31T12:31:14.598+0000] {logging_mixin.py:188} INFO - [2024-07-31T12:31:14.597+0000] {dag.py:3947} INFO - Setting next_dagrun for example_sensors to None, run_after=None
[2024-07-31T12:31:14.662+0000] {processor.py:183} INFO - Processing /home/airflow/.local/lib/python3.12/site-packages/airflow/example_dags/example_sensors.py took 0.156 seconds
[2024-07-31T12:31:45.112+0000] {processor.py:161} INFO - Started process (PID=2691) to work on /home/airflow/.local/lib/python3.12/site-packages/airflow/example_dags/example_sensors.py
[2024-07-31T12:31:45.113+0000] {processor.py:830} INFO - Processing file /home/airflow/.local/lib/python3.12/site-packages/airflow/example_dags/example_sensors.py for tasks to queue
[2024-07-31T12:31:45.114+0000] {logging_mixin.py:188} INFO - [2024-07-31T12:31:45.114+0000] {dagbag.py:545} INFO - Filling up the DagBag from /home/airflow/.local/lib/python3.12/site-packages/airflow/example_dags/example_sensors.py
[2024-07-31T12:31:45.128+0000] {processor.py:840} INFO - DAG(s) 'example_sensors' retrieved from /home/airflow/.local/lib/python3.12/site-packages/airflow/example_dags/example_sensors.py
[2024-07-31T12:31:45.168+0000] {logging_mixin.py:188} INFO - [2024-07-31T12:31:45.167+0000] {dag.py:3089} INFO - Sync 1 DAGs
[2024-07-31T12:31:45.186+0000] {logging_mixin.py:188} INFO - [2024-07-31T12:31:45.185+0000] {dag.py:3947} INFO - Setting next_dagrun for example_sensors to None, run_after=None
[2024-07-31T12:31:45.216+0000] {processor.py:183} INFO - Processing /home/airflow/.local/lib/python3.12/site-packages/airflow/example_dags/example_sensors.py took 0.116 seconds
[2024-07-31T12:32:15.549+0000] {processor.py:161} INFO - Started process (PID=2749) to work on /home/airflow/.local/lib/python3.12/site-packages/airflow/example_dags/example_sensors.py
[2024-07-31T12:32:15.550+0000] {processor.py:830} INFO - Processing file /home/airflow/.local/lib/python3.12/site-packages/airflow/example_dags/example_sensors.py for tasks to queue
[2024-07-31T12:32:15.553+0000] {logging_mixin.py:188} INFO - [2024-07-31T12:32:15.552+0000] {dagbag.py:545} INFO - Filling up the DagBag from /home/airflow/.local/lib/python3.12/site-packages/airflow/example_dags/example_sensors.py
[2024-07-31T12:32:15.566+0000] {processor.py:840} INFO - DAG(s) 'example_sensors' retrieved from /home/airflow/.local/lib/python3.12/site-packages/airflow/example_dags/example_sensors.py
[2024-07-31T12:32:15.606+0000] {logging_mixin.py:188} INFO - [2024-07-31T12:32:15.606+0000] {dag.py:3089} INFO - Sync 1 DAGs
[2024-07-31T12:32:15.619+0000] {logging_mixin.py:188} INFO - [2024-07-31T12:32:15.619+0000] {dag.py:3947} INFO - Setting next_dagrun for example_sensors to None, run_after=None
[2024-07-31T12:32:15.659+0000] {processor.py:183} INFO - Processing /home/airflow/.local/lib/python3.12/site-packages/airflow/example_dags/example_sensors.py took 0.117 seconds
[2024-07-31T12:32:46.433+0000] {processor.py:161} INFO - Started process (PID=2805) to work on /home/airflow/.local/lib/python3.12/site-packages/airflow/example_dags/example_sensors.py
[2024-07-31T12:32:46.434+0000] {processor.py:830} INFO - Processing file /home/airflow/.local/lib/python3.12/site-packages/airflow/example_dags/example_sensors.py for tasks to queue
[2024-07-31T12:32:46.437+0000] {logging_mixin.py:188} INFO - [2024-07-31T12:32:46.436+0000] {dagbag.py:545} INFO - Filling up the DagBag from /home/airflow/.local/lib/python3.12/site-packages/airflow/example_dags/example_sensors.py
[2024-07-31T12:32:46.450+0000] {processor.py:840} INFO - DAG(s) 'example_sensors' retrieved from /home/airflow/.local/lib/python3.12/site-packages/airflow/example_dags/example_sensors.py
[2024-07-31T12:32:46.484+0000] {logging_mixin.py:188} INFO - [2024-07-31T12:32:46.484+0000] {dag.py:3089} INFO - Sync 1 DAGs
[2024-07-31T12:32:46.503+0000] {logging_mixin.py:188} INFO - [2024-07-31T12:32:46.502+0000] {dag.py:3947} INFO - Setting next_dagrun for example_sensors to None, run_after=None
[2024-07-31T12:32:46.534+0000] {processor.py:183} INFO - Processing /home/airflow/.local/lib/python3.12/site-packages/airflow/example_dags/example_sensors.py took 0.111 seconds
[2024-07-31T12:33:16.720+0000] {processor.py:161} INFO - Started process (PID=2863) to work on /home/airflow/.local/lib/python3.12/site-packages/airflow/example_dags/example_sensors.py
[2024-07-31T12:33:16.721+0000] {processor.py:830} INFO - Processing file /home/airflow/.local/lib/python3.12/site-packages/airflow/example_dags/example_sensors.py for tasks to queue
[2024-07-31T12:33:16.724+0000] {logging_mixin.py:188} INFO - [2024-07-31T12:33:16.724+0000] {dagbag.py:545} INFO - Filling up the DagBag from /home/airflow/.local/lib/python3.12/site-packages/airflow/example_dags/example_sensors.py
[2024-07-31T12:33:16.738+0000] {processor.py:840} INFO - DAG(s) 'example_sensors' retrieved from /home/airflow/.local/lib/python3.12/site-packages/airflow/example_dags/example_sensors.py
[2024-07-31T12:33:16.769+0000] {logging_mixin.py:188} INFO - [2024-07-31T12:33:16.769+0000] {dag.py:3089} INFO - Sync 1 DAGs
[2024-07-31T12:33:16.783+0000] {logging_mixin.py:188} INFO - [2024-07-31T12:33:16.783+0000] {dag.py:3947} INFO - Setting next_dagrun for example_sensors to None, run_after=None
[2024-07-31T12:33:16.812+0000] {processor.py:183} INFO - Processing /home/airflow/.local/lib/python3.12/site-packages/airflow/example_dags/example_sensors.py took 0.101 seconds
[2024-07-31T12:33:47.702+0000] {processor.py:161} INFO - Started process (PID=2921) to work on /home/airflow/.local/lib/python3.12/site-packages/airflow/example_dags/example_sensors.py
[2024-07-31T12:33:47.703+0000] {processor.py:830} INFO - Processing file /home/airflow/.local/lib/python3.12/site-packages/airflow/example_dags/example_sensors.py for tasks to queue
[2024-07-31T12:33:47.705+0000] {logging_mixin.py:188} INFO - [2024-07-31T12:33:47.705+0000] {dagbag.py:545} INFO - Filling up the DagBag from /home/airflow/.local/lib/python3.12/site-packages/airflow/example_dags/example_sensors.py
[2024-07-31T12:33:47.718+0000] {processor.py:840} INFO - DAG(s) 'example_sensors' retrieved from /home/airflow/.local/lib/python3.12/site-packages/airflow/example_dags/example_sensors.py
[2024-07-31T12:33:47.746+0000] {logging_mixin.py:188} INFO - [2024-07-31T12:33:47.746+0000] {dag.py:3089} INFO - Sync 1 DAGs
[2024-07-31T12:33:47.759+0000] {logging_mixin.py:188} INFO - [2024-07-31T12:33:47.759+0000] {dag.py:3947} INFO - Setting next_dagrun for example_sensors to None, run_after=None
[2024-07-31T12:33:47.792+0000] {processor.py:183} INFO - Processing /home/airflow/.local/lib/python3.12/site-packages/airflow/example_dags/example_sensors.py took 0.099 seconds
[2024-07-31T12:34:18.417+0000] {processor.py:161} INFO - Started process (PID=2979) to work on /home/airflow/.local/lib/python3.12/site-packages/airflow/example_dags/example_sensors.py
[2024-07-31T12:34:18.418+0000] {processor.py:830} INFO - Processing file /home/airflow/.local/lib/python3.12/site-packages/airflow/example_dags/example_sensors.py for tasks to queue
[2024-07-31T12:34:18.421+0000] {logging_mixin.py:188} INFO - [2024-07-31T12:34:18.420+0000] {dagbag.py:545} INFO - Filling up the DagBag from /home/airflow/.local/lib/python3.12/site-packages/airflow/example_dags/example_sensors.py
[2024-07-31T12:34:18.434+0000] {processor.py:840} INFO - DAG(s) 'example_sensors' retrieved from /home/airflow/.local/lib/python3.12/site-packages/airflow/example_dags/example_sensors.py
[2024-07-31T12:34:18.475+0000] {logging_mixin.py:188} INFO - [2024-07-31T12:34:18.474+0000] {dag.py:3089} INFO - Sync 1 DAGs
[2024-07-31T12:34:18.494+0000] {logging_mixin.py:188} INFO - [2024-07-31T12:34:18.494+0000] {dag.py:3947} INFO - Setting next_dagrun for example_sensors to None, run_after=None
[2024-07-31T12:34:18.524+0000] {processor.py:183} INFO - Processing /home/airflow/.local/lib/python3.12/site-packages/airflow/example_dags/example_sensors.py took 0.116 seconds
[2024-07-31T12:34:48.769+0000] {processor.py:161} INFO - Started process (PID=3036) to work on /home/airflow/.local/lib/python3.12/site-packages/airflow/example_dags/example_sensors.py
[2024-07-31T12:34:48.770+0000] {processor.py:830} INFO - Processing file /home/airflow/.local/lib/python3.12/site-packages/airflow/example_dags/example_sensors.py for tasks to queue
[2024-07-31T12:34:48.772+0000] {logging_mixin.py:188} INFO - [2024-07-31T12:34:48.772+0000] {dagbag.py:545} INFO - Filling up the DagBag from /home/airflow/.local/lib/python3.12/site-packages/airflow/example_dags/example_sensors.py
[2024-07-31T12:34:48.783+0000] {processor.py:840} INFO - DAG(s) 'example_sensors' retrieved from /home/airflow/.local/lib/python3.12/site-packages/airflow/example_dags/example_sensors.py
[2024-07-31T12:34:48.814+0000] {logging_mixin.py:188} INFO - [2024-07-31T12:34:48.814+0000] {dag.py:3089} INFO - Sync 1 DAGs
[2024-07-31T12:34:48.832+0000] {logging_mixin.py:188} INFO - [2024-07-31T12:34:48.832+0000] {dag.py:3947} INFO - Setting next_dagrun for example_sensors to None, run_after=None
[2024-07-31T12:34:48.865+0000] {processor.py:183} INFO - Processing /home/airflow/.local/lib/python3.12/site-packages/airflow/example_dags/example_sensors.py took 0.104 seconds
[2024-07-31T12:35:19.015+0000] {processor.py:161} INFO - Started process (PID=3093) to work on /home/airflow/.local/lib/python3.12/site-packages/airflow/example_dags/example_sensors.py
[2024-07-31T12:35:19.016+0000] {processor.py:830} INFO - Processing file /home/airflow/.local/lib/python3.12/site-packages/airflow/example_dags/example_sensors.py for tasks to queue
[2024-07-31T12:35:19.018+0000] {logging_mixin.py:188} INFO - [2024-07-31T12:35:19.018+0000] {dagbag.py:545} INFO - Filling up the DagBag from /home/airflow/.local/lib/python3.12/site-packages/airflow/example_dags/example_sensors.py
[2024-07-31T12:35:19.031+0000] {processor.py:840} INFO - DAG(s) 'example_sensors' retrieved from /home/airflow/.local/lib/python3.12/site-packages/airflow/example_dags/example_sensors.py
[2024-07-31T12:35:19.065+0000] {logging_mixin.py:188} INFO - [2024-07-31T12:35:19.065+0000] {dag.py:3089} INFO - Sync 1 DAGs
[2024-07-31T12:35:19.082+0000] {logging_mixin.py:188} INFO - [2024-07-31T12:35:19.082+0000] {dag.py:3947} INFO - Setting next_dagrun for example_sensors to None, run_after=None
[2024-07-31T12:35:19.110+0000] {processor.py:183} INFO - Processing /home/airflow/.local/lib/python3.12/site-packages/airflow/example_dags/example_sensors.py took 0.102 seconds
[2024-07-31T12:35:49.262+0000] {processor.py:161} INFO - Started process (PID=3150) to work on /home/airflow/.local/lib/python3.12/site-packages/airflow/example_dags/example_sensors.py
[2024-07-31T12:35:49.263+0000] {processor.py:830} INFO - Processing file /home/airflow/.local/lib/python3.12/site-packages/airflow/example_dags/example_sensors.py for tasks to queue
[2024-07-31T12:35:49.265+0000] {logging_mixin.py:188} INFO - [2024-07-31T12:35:49.265+0000] {dagbag.py:545} INFO - Filling up the DagBag from /home/airflow/.local/lib/python3.12/site-packages/airflow/example_dags/example_sensors.py
[2024-07-31T12:35:49.280+0000] {processor.py:840} INFO - DAG(s) 'example_sensors' retrieved from /home/airflow/.local/lib/python3.12/site-packages/airflow/example_dags/example_sensors.py
[2024-07-31T12:35:49.326+0000] {logging_mixin.py:188} INFO - [2024-07-31T12:35:49.326+0000] {dag.py:3089} INFO - Sync 1 DAGs
[2024-07-31T12:35:49.349+0000] {logging_mixin.py:188} INFO - [2024-07-31T12:35:49.348+0000] {dag.py:3947} INFO - Setting next_dagrun for example_sensors to None, run_after=None
[2024-07-31T12:35:49.393+0000] {processor.py:183} INFO - Processing /home/airflow/.local/lib/python3.12/site-packages/airflow/example_dags/example_sensors.py took 0.145 seconds
[2024-07-31T12:36:19.814+0000] {processor.py:161} INFO - Started process (PID=3207) to work on /home/airflow/.local/lib/python3.12/site-packages/airflow/example_dags/example_sensors.py
[2024-07-31T12:36:19.815+0000] {processor.py:830} INFO - Processing file /home/airflow/.local/lib/python3.12/site-packages/airflow/example_dags/example_sensors.py for tasks to queue
[2024-07-31T12:36:19.818+0000] {logging_mixin.py:188} INFO - [2024-07-31T12:36:19.817+0000] {dagbag.py:545} INFO - Filling up the DagBag from /home/airflow/.local/lib/python3.12/site-packages/airflow/example_dags/example_sensors.py
[2024-07-31T12:36:19.831+0000] {processor.py:840} INFO - DAG(s) 'example_sensors' retrieved from /home/airflow/.local/lib/python3.12/site-packages/airflow/example_dags/example_sensors.py
[2024-07-31T12:36:19.872+0000] {logging_mixin.py:188} INFO - [2024-07-31T12:36:19.872+0000] {dag.py:3089} INFO - Sync 1 DAGs
[2024-07-31T12:36:19.892+0000] {logging_mixin.py:188} INFO - [2024-07-31T12:36:19.891+0000] {dag.py:3947} INFO - Setting next_dagrun for example_sensors to None, run_after=None
[2024-07-31T12:36:19.926+0000] {processor.py:183} INFO - Processing /home/airflow/.local/lib/python3.12/site-packages/airflow/example_dags/example_sensors.py took 0.127 seconds
[2024-07-31T12:36:50.084+0000] {processor.py:161} INFO - Started process (PID=3264) to work on /home/airflow/.local/lib/python3.12/site-packages/airflow/example_dags/example_sensors.py
[2024-07-31T12:36:50.084+0000] {processor.py:830} INFO - Processing file /home/airflow/.local/lib/python3.12/site-packages/airflow/example_dags/example_sensors.py for tasks to queue
[2024-07-31T12:36:50.086+0000] {logging_mixin.py:188} INFO - [2024-07-31T12:36:50.086+0000] {dagbag.py:545} INFO - Filling up the DagBag from /home/airflow/.local/lib/python3.12/site-packages/airflow/example_dags/example_sensors.py
[2024-07-31T12:36:50.098+0000] {processor.py:840} INFO - DAG(s) 'example_sensors' retrieved from /home/airflow/.local/lib/python3.12/site-packages/airflow/example_dags/example_sensors.py
[2024-07-31T12:36:50.134+0000] {logging_mixin.py:188} INFO - [2024-07-31T12:36:50.133+0000] {dag.py:3089} INFO - Sync 1 DAGs
[2024-07-31T12:36:50.152+0000] {logging_mixin.py:188} INFO - [2024-07-31T12:36:50.152+0000] {dag.py:3947} INFO - Setting next_dagrun for example_sensors to None, run_after=None
[2024-07-31T12:36:50.194+0000] {processor.py:183} INFO - Processing /home/airflow/.local/lib/python3.12/site-packages/airflow/example_dags/example_sensors.py took 0.119 seconds
[2024-07-31T12:37:20.435+0000] {processor.py:161} INFO - Started process (PID=3322) to work on /home/airflow/.local/lib/python3.12/site-packages/airflow/example_dags/example_sensors.py
[2024-07-31T12:37:20.436+0000] {processor.py:830} INFO - Processing file /home/airflow/.local/lib/python3.12/site-packages/airflow/example_dags/example_sensors.py for tasks to queue
[2024-07-31T12:37:20.438+0000] {logging_mixin.py:188} INFO - [2024-07-31T12:37:20.438+0000] {dagbag.py:545} INFO - Filling up the DagBag from /home/airflow/.local/lib/python3.12/site-packages/airflow/example_dags/example_sensors.py
[2024-07-31T12:37:20.449+0000] {processor.py:840} INFO - DAG(s) 'example_sensors' retrieved from /home/airflow/.local/lib/python3.12/site-packages/airflow/example_dags/example_sensors.py
[2024-07-31T12:37:20.475+0000] {logging_mixin.py:188} INFO - [2024-07-31T12:37:20.475+0000] {dag.py:3089} INFO - Sync 1 DAGs
[2024-07-31T12:37:20.493+0000] {logging_mixin.py:188} INFO - [2024-07-31T12:37:20.493+0000] {dag.py:3947} INFO - Setting next_dagrun for example_sensors to None, run_after=None
[2024-07-31T12:37:20.523+0000] {processor.py:183} INFO - Processing /home/airflow/.local/lib/python3.12/site-packages/airflow/example_dags/example_sensors.py took 0.095 seconds
[2024-07-31T12:37:51.216+0000] {processor.py:161} INFO - Started process (PID=3379) to work on /home/airflow/.local/lib/python3.12/site-packages/airflow/example_dags/example_sensors.py
[2024-07-31T12:37:51.217+0000] {processor.py:830} INFO - Processing file /home/airflow/.local/lib/python3.12/site-packages/airflow/example_dags/example_sensors.py for tasks to queue
[2024-07-31T12:37:51.219+0000] {logging_mixin.py:188} INFO - [2024-07-31T12:37:51.219+0000] {dagbag.py:545} INFO - Filling up the DagBag from /home/airflow/.local/lib/python3.12/site-packages/airflow/example_dags/example_sensors.py
[2024-07-31T12:37:51.227+0000] {processor.py:840} INFO - DAG(s) 'example_sensors' retrieved from /home/airflow/.local/lib/python3.12/site-packages/airflow/example_dags/example_sensors.py
[2024-07-31T12:37:51.255+0000] {logging_mixin.py:188} INFO - [2024-07-31T12:37:51.255+0000] {dag.py:3089} INFO - Sync 1 DAGs
[2024-07-31T12:37:51.271+0000] {logging_mixin.py:188} INFO - [2024-07-31T12:37:51.271+0000] {dag.py:3947} INFO - Setting next_dagrun for example_sensors to None, run_after=None
[2024-07-31T12:37:51.308+0000] {processor.py:183} INFO - Processing /home/airflow/.local/lib/python3.12/site-packages/airflow/example_dags/example_sensors.py took 0.098 seconds
[2024-07-31T12:38:22.008+0000] {processor.py:161} INFO - Started process (PID=3437) to work on /home/airflow/.local/lib/python3.12/site-packages/airflow/example_dags/example_sensors.py
[2024-07-31T12:38:22.009+0000] {processor.py:830} INFO - Processing file /home/airflow/.local/lib/python3.12/site-packages/airflow/example_dags/example_sensors.py for tasks to queue
[2024-07-31T12:38:22.012+0000] {logging_mixin.py:188} INFO - [2024-07-31T12:38:22.011+0000] {dagbag.py:545} INFO - Filling up the DagBag from /home/airflow/.local/lib/python3.12/site-packages/airflow/example_dags/example_sensors.py
[2024-07-31T12:38:22.024+0000] {processor.py:840} INFO - DAG(s) 'example_sensors' retrieved from /home/airflow/.local/lib/python3.12/site-packages/airflow/example_dags/example_sensors.py
[2024-07-31T12:38:22.060+0000] {logging_mixin.py:188} INFO - [2024-07-31T12:38:22.059+0000] {dag.py:3089} INFO - Sync 1 DAGs
[2024-07-31T12:38:22.078+0000] {logging_mixin.py:188} INFO - [2024-07-31T12:38:22.078+0000] {dag.py:3947} INFO - Setting next_dagrun for example_sensors to None, run_after=None
[2024-07-31T12:38:22.111+0000] {processor.py:183} INFO - Processing /home/airflow/.local/lib/python3.12/site-packages/airflow/example_dags/example_sensors.py took 0.113 seconds
[2024-07-31T16:44:28.490+0000] {processor.py:161} INFO - Started process (PID=96) to work on /home/airflow/.local/lib/python3.12/site-packages/airflow/example_dags/example_sensors.py
[2024-07-31T16:44:28.491+0000] {processor.py:830} INFO - Processing file /home/airflow/.local/lib/python3.12/site-packages/airflow/example_dags/example_sensors.py for tasks to queue
[2024-07-31T16:44:28.492+0000] {logging_mixin.py:188} INFO - [2024-07-31T16:44:28.492+0000] {dagbag.py:545} INFO - Filling up the DagBag from /home/airflow/.local/lib/python3.12/site-packages/airflow/example_dags/example_sensors.py
[2024-07-31T16:44:28.509+0000] {processor.py:840} INFO - DAG(s) 'example_sensors' retrieved from /home/airflow/.local/lib/python3.12/site-packages/airflow/example_dags/example_sensors.py
[2024-07-31T16:44:28.687+0000] {logging_mixin.py:188} INFO - [2024-07-31T16:44:28.687+0000] {dag.py:3089} INFO - Sync 1 DAGs
[2024-07-31T16:44:28.711+0000] {logging_mixin.py:188} INFO - [2024-07-31T16:44:28.711+0000] {dag.py:3947} INFO - Setting next_dagrun for example_sensors to None, run_after=None
[2024-07-31T16:44:28.783+0000] {processor.py:183} INFO - Processing /home/airflow/.local/lib/python3.12/site-packages/airflow/example_dags/example_sensors.py took 0.301 seconds
[2024-07-31T16:44:59.232+0000] {processor.py:161} INFO - Started process (PID=153) to work on /home/airflow/.local/lib/python3.12/site-packages/airflow/example_dags/example_sensors.py
[2024-07-31T16:44:59.233+0000] {processor.py:830} INFO - Processing file /home/airflow/.local/lib/python3.12/site-packages/airflow/example_dags/example_sensors.py for tasks to queue
[2024-07-31T16:44:59.234+0000] {logging_mixin.py:188} INFO - [2024-07-31T16:44:59.234+0000] {dagbag.py:545} INFO - Filling up the DagBag from /home/airflow/.local/lib/python3.12/site-packages/airflow/example_dags/example_sensors.py
[2024-07-31T16:44:59.261+0000] {processor.py:840} INFO - DAG(s) 'example_sensors' retrieved from /home/airflow/.local/lib/python3.12/site-packages/airflow/example_dags/example_sensors.py
[2024-07-31T16:44:59.344+0000] {logging_mixin.py:188} INFO - [2024-07-31T16:44:59.343+0000] {dag.py:3089} INFO - Sync 1 DAGs
[2024-07-31T16:44:59.390+0000] {logging_mixin.py:188} INFO - [2024-07-31T16:44:59.389+0000] {dag.py:3947} INFO - Setting next_dagrun for example_sensors to None, run_after=None
[2024-07-31T16:44:59.492+0000] {processor.py:183} INFO - Processing /home/airflow/.local/lib/python3.12/site-packages/airflow/example_dags/example_sensors.py took 0.269 seconds
[2024-07-31T16:45:29.752+0000] {processor.py:161} INFO - Started process (PID=211) to work on /home/airflow/.local/lib/python3.12/site-packages/airflow/example_dags/example_sensors.py
[2024-07-31T16:45:29.753+0000] {processor.py:830} INFO - Processing file /home/airflow/.local/lib/python3.12/site-packages/airflow/example_dags/example_sensors.py for tasks to queue
[2024-07-31T16:45:29.755+0000] {logging_mixin.py:188} INFO - [2024-07-31T16:45:29.754+0000] {dagbag.py:545} INFO - Filling up the DagBag from /home/airflow/.local/lib/python3.12/site-packages/airflow/example_dags/example_sensors.py
[2024-07-31T16:45:29.775+0000] {processor.py:840} INFO - DAG(s) 'example_sensors' retrieved from /home/airflow/.local/lib/python3.12/site-packages/airflow/example_dags/example_sensors.py
[2024-07-31T16:45:29.826+0000] {logging_mixin.py:188} INFO - [2024-07-31T16:45:29.825+0000] {dag.py:3089} INFO - Sync 1 DAGs
[2024-07-31T16:45:29.853+0000] {logging_mixin.py:188} INFO - [2024-07-31T16:45:29.852+0000] {dag.py:3947} INFO - Setting next_dagrun for example_sensors to None, run_after=None
[2024-07-31T16:45:29.900+0000] {processor.py:183} INFO - Processing /home/airflow/.local/lib/python3.12/site-packages/airflow/example_dags/example_sensors.py took 0.156 seconds
[2024-07-31T16:46:00.593+0000] {processor.py:161} INFO - Started process (PID=269) to work on /home/airflow/.local/lib/python3.12/site-packages/airflow/example_dags/example_sensors.py
[2024-07-31T16:46:00.595+0000] {processor.py:830} INFO - Processing file /home/airflow/.local/lib/python3.12/site-packages/airflow/example_dags/example_sensors.py for tasks to queue
[2024-07-31T16:46:00.597+0000] {logging_mixin.py:188} INFO - [2024-07-31T16:46:00.596+0000] {dagbag.py:545} INFO - Filling up the DagBag from /home/airflow/.local/lib/python3.12/site-packages/airflow/example_dags/example_sensors.py
[2024-07-31T16:46:00.616+0000] {processor.py:840} INFO - DAG(s) 'example_sensors' retrieved from /home/airflow/.local/lib/python3.12/site-packages/airflow/example_dags/example_sensors.py
[2024-07-31T16:46:00.663+0000] {logging_mixin.py:188} INFO - [2024-07-31T16:46:00.663+0000] {dag.py:3089} INFO - Sync 1 DAGs
[2024-07-31T16:46:00.687+0000] {logging_mixin.py:188} INFO - [2024-07-31T16:46:00.686+0000] {dag.py:3947} INFO - Setting next_dagrun for example_sensors to None, run_after=None
[2024-07-31T16:46:00.727+0000] {processor.py:183} INFO - Processing /home/airflow/.local/lib/python3.12/site-packages/airflow/example_dags/example_sensors.py took 0.145 seconds
[2024-07-31T21:22:54.207+0000] {processor.py:161} INFO - Started process (PID=89) to work on /home/airflow/.local/lib/python3.12/site-packages/airflow/example_dags/example_sensors.py
[2024-07-31T21:22:54.208+0000] {processor.py:830} INFO - Processing file /home/airflow/.local/lib/python3.12/site-packages/airflow/example_dags/example_sensors.py for tasks to queue
[2024-07-31T21:22:54.211+0000] {logging_mixin.py:188} INFO - [2024-07-31T21:22:54.210+0000] {dagbag.py:545} INFO - Filling up the DagBag from /home/airflow/.local/lib/python3.12/site-packages/airflow/example_dags/example_sensors.py
[2024-07-31T21:22:54.230+0000] {processor.py:840} INFO - DAG(s) 'example_sensors' retrieved from /home/airflow/.local/lib/python3.12/site-packages/airflow/example_dags/example_sensors.py
[2024-07-31T21:22:54.392+0000] {logging_mixin.py:188} INFO - [2024-07-31T21:22:54.391+0000] {dag.py:3089} INFO - Sync 1 DAGs
[2024-07-31T21:22:54.409+0000] {logging_mixin.py:188} INFO - [2024-07-31T21:22:54.409+0000] {dag.py:3947} INFO - Setting next_dagrun for example_sensors to None, run_after=None
[2024-07-31T21:22:54.441+0000] {processor.py:183} INFO - Processing /home/airflow/.local/lib/python3.12/site-packages/airflow/example_dags/example_sensors.py took 0.241 seconds
[2024-07-31T21:23:24.737+0000] {processor.py:161} INFO - Started process (PID=147) to work on /home/airflow/.local/lib/python3.12/site-packages/airflow/example_dags/example_sensors.py
[2024-07-31T21:23:24.738+0000] {processor.py:830} INFO - Processing file /home/airflow/.local/lib/python3.12/site-packages/airflow/example_dags/example_sensors.py for tasks to queue
[2024-07-31T21:23:24.740+0000] {logging_mixin.py:188} INFO - [2024-07-31T21:23:24.740+0000] {dagbag.py:545} INFO - Filling up the DagBag from /home/airflow/.local/lib/python3.12/site-packages/airflow/example_dags/example_sensors.py
[2024-07-31T21:23:24.758+0000] {processor.py:840} INFO - DAG(s) 'example_sensors' retrieved from /home/airflow/.local/lib/python3.12/site-packages/airflow/example_dags/example_sensors.py
[2024-07-31T21:23:24.799+0000] {logging_mixin.py:188} INFO - [2024-07-31T21:23:24.799+0000] {dag.py:3089} INFO - Sync 1 DAGs
[2024-07-31T21:23:24.815+0000] {logging_mixin.py:188} INFO - [2024-07-31T21:23:24.815+0000] {dag.py:3947} INFO - Setting next_dagrun for example_sensors to None, run_after=None
[2024-07-31T21:23:24.854+0000] {processor.py:183} INFO - Processing /home/airflow/.local/lib/python3.12/site-packages/airflow/example_dags/example_sensors.py took 0.127 seconds
[2024-07-31T21:24:03.368+0000] {processor.py:161} INFO - Started process (PID=205) to work on /home/airflow/.local/lib/python3.12/site-packages/airflow/example_dags/example_sensors.py
[2024-07-31T21:24:03.372+0000] {processor.py:830} INFO - Processing file /home/airflow/.local/lib/python3.12/site-packages/airflow/example_dags/example_sensors.py for tasks to queue
[2024-07-31T21:24:03.389+0000] {logging_mixin.py:188} INFO - [2024-07-31T21:24:03.388+0000] {dagbag.py:545} INFO - Filling up the DagBag from /home/airflow/.local/lib/python3.12/site-packages/airflow/example_dags/example_sensors.py
[2024-07-31T21:24:03.454+0000] {processor.py:840} INFO - DAG(s) 'example_sensors' retrieved from /home/airflow/.local/lib/python3.12/site-packages/airflow/example_dags/example_sensors.py
[2024-07-31T21:24:03.589+0000] {logging_mixin.py:188} INFO - [2024-07-31T21:24:03.589+0000] {dag.py:3089} INFO - Sync 1 DAGs
[2024-07-31T21:24:03.620+0000] {logging_mixin.py:188} INFO - [2024-07-31T21:24:03.619+0000] {dag.py:3947} INFO - Setting next_dagrun for example_sensors to None, run_after=None
[2024-07-31T21:24:03.689+0000] {processor.py:183} INFO - Processing /home/airflow/.local/lib/python3.12/site-packages/airflow/example_dags/example_sensors.py took 0.356 seconds
[2024-07-31T21:24:33.950+0000] {processor.py:161} INFO - Started process (PID=264) to work on /home/airflow/.local/lib/python3.12/site-packages/airflow/example_dags/example_sensors.py
[2024-07-31T21:24:33.952+0000] {processor.py:830} INFO - Processing file /home/airflow/.local/lib/python3.12/site-packages/airflow/example_dags/example_sensors.py for tasks to queue
[2024-07-31T21:24:33.955+0000] {logging_mixin.py:188} INFO - [2024-07-31T21:24:33.954+0000] {dagbag.py:545} INFO - Filling up the DagBag from /home/airflow/.local/lib/python3.12/site-packages/airflow/example_dags/example_sensors.py
[2024-07-31T21:24:33.969+0000] {processor.py:840} INFO - DAG(s) 'example_sensors' retrieved from /home/airflow/.local/lib/python3.12/site-packages/airflow/example_dags/example_sensors.py
[2024-07-31T21:24:34.011+0000] {logging_mixin.py:188} INFO - [2024-07-31T21:24:34.010+0000] {dag.py:3089} INFO - Sync 1 DAGs
[2024-07-31T21:24:34.035+0000] {logging_mixin.py:188} INFO - [2024-07-31T21:24:34.035+0000] {dag.py:3947} INFO - Setting next_dagrun for example_sensors to None, run_after=None
[2024-07-31T21:24:34.087+0000] {processor.py:183} INFO - Processing /home/airflow/.local/lib/python3.12/site-packages/airflow/example_dags/example_sensors.py took 0.146 seconds
[2024-07-31T21:25:04.244+0000] {processor.py:161} INFO - Started process (PID=322) to work on /home/airflow/.local/lib/python3.12/site-packages/airflow/example_dags/example_sensors.py
[2024-07-31T21:25:04.245+0000] {processor.py:830} INFO - Processing file /home/airflow/.local/lib/python3.12/site-packages/airflow/example_dags/example_sensors.py for tasks to queue
[2024-07-31T21:25:04.246+0000] {logging_mixin.py:188} INFO - [2024-07-31T21:25:04.246+0000] {dagbag.py:545} INFO - Filling up the DagBag from /home/airflow/.local/lib/python3.12/site-packages/airflow/example_dags/example_sensors.py
[2024-07-31T21:25:04.255+0000] {processor.py:840} INFO - DAG(s) 'example_sensors' retrieved from /home/airflow/.local/lib/python3.12/site-packages/airflow/example_dags/example_sensors.py
[2024-07-31T21:25:04.282+0000] {logging_mixin.py:188} INFO - [2024-07-31T21:25:04.281+0000] {dag.py:3089} INFO - Sync 1 DAGs
[2024-07-31T21:25:04.298+0000] {logging_mixin.py:188} INFO - [2024-07-31T21:25:04.297+0000] {dag.py:3947} INFO - Setting next_dagrun for example_sensors to None, run_after=None
[2024-07-31T21:25:04.325+0000] {processor.py:183} INFO - Processing /home/airflow/.local/lib/python3.12/site-packages/airflow/example_dags/example_sensors.py took 0.089 seconds
[2024-07-31T21:26:00.026+0000] {processor.py:161} INFO - Started process (PID=386) to work on /home/airflow/.local/lib/python3.12/site-packages/airflow/example_dags/example_sensors.py
[2024-07-31T21:26:00.029+0000] {processor.py:830} INFO - Processing file /home/airflow/.local/lib/python3.12/site-packages/airflow/example_dags/example_sensors.py for tasks to queue
[2024-07-31T21:26:00.032+0000] {logging_mixin.py:188} INFO - [2024-07-31T21:26:00.031+0000] {dagbag.py:545} INFO - Filling up the DagBag from /home/airflow/.local/lib/python3.12/site-packages/airflow/example_dags/example_sensors.py
[2024-07-31T21:26:00.050+0000] {processor.py:840} INFO - DAG(s) 'example_sensors' retrieved from /home/airflow/.local/lib/python3.12/site-packages/airflow/example_dags/example_sensors.py
[2024-07-31T21:26:00.169+0000] {logging_mixin.py:188} INFO - [2024-07-31T21:26:00.168+0000] {dag.py:3089} INFO - Sync 1 DAGs
[2024-07-31T21:26:00.223+0000] {logging_mixin.py:188} INFO - [2024-07-31T21:26:00.218+0000] {dag.py:3947} INFO - Setting next_dagrun for example_sensors to None, run_after=None
[2024-07-31T21:26:00.332+0000] {processor.py:183} INFO - Processing /home/airflow/.local/lib/python3.12/site-packages/airflow/example_dags/example_sensors.py took 0.332 seconds
[2024-07-31T21:26:31.181+0000] {processor.py:161} INFO - Started process (PID=444) to work on /home/airflow/.local/lib/python3.12/site-packages/airflow/example_dags/example_sensors.py
[2024-07-31T21:26:31.182+0000] {processor.py:830} INFO - Processing file /home/airflow/.local/lib/python3.12/site-packages/airflow/example_dags/example_sensors.py for tasks to queue
[2024-07-31T21:26:31.185+0000] {logging_mixin.py:188} INFO - [2024-07-31T21:26:31.184+0000] {dagbag.py:545} INFO - Filling up the DagBag from /home/airflow/.local/lib/python3.12/site-packages/airflow/example_dags/example_sensors.py
[2024-07-31T21:26:31.206+0000] {processor.py:840} INFO - DAG(s) 'example_sensors' retrieved from /home/airflow/.local/lib/python3.12/site-packages/airflow/example_dags/example_sensors.py
[2024-07-31T21:26:31.268+0000] {logging_mixin.py:188} INFO - [2024-07-31T21:26:31.268+0000] {dag.py:3089} INFO - Sync 1 DAGs
[2024-07-31T21:26:31.285+0000] {logging_mixin.py:188} INFO - [2024-07-31T21:26:31.284+0000] {dag.py:3947} INFO - Setting next_dagrun for example_sensors to None, run_after=None
[2024-07-31T21:26:31.312+0000] {processor.py:183} INFO - Processing /home/airflow/.local/lib/python3.12/site-packages/airflow/example_dags/example_sensors.py took 0.143 seconds
[2024-07-31T21:27:01.474+0000] {processor.py:161} INFO - Started process (PID=502) to work on /home/airflow/.local/lib/python3.12/site-packages/airflow/example_dags/example_sensors.py
[2024-07-31T21:27:01.475+0000] {processor.py:830} INFO - Processing file /home/airflow/.local/lib/python3.12/site-packages/airflow/example_dags/example_sensors.py for tasks to queue
[2024-07-31T21:27:01.478+0000] {logging_mixin.py:188} INFO - [2024-07-31T21:27:01.478+0000] {dagbag.py:545} INFO - Filling up the DagBag from /home/airflow/.local/lib/python3.12/site-packages/airflow/example_dags/example_sensors.py
[2024-07-31T21:27:01.498+0000] {processor.py:840} INFO - DAG(s) 'example_sensors' retrieved from /home/airflow/.local/lib/python3.12/site-packages/airflow/example_dags/example_sensors.py
[2024-07-31T21:27:01.556+0000] {logging_mixin.py:188} INFO - [2024-07-31T21:27:01.555+0000] {dag.py:3089} INFO - Sync 1 DAGs
[2024-07-31T21:27:01.582+0000] {logging_mixin.py:188} INFO - [2024-07-31T21:27:01.582+0000] {dag.py:3947} INFO - Setting next_dagrun for example_sensors to None, run_after=None
[2024-07-31T21:27:01.631+0000] {processor.py:183} INFO - Processing /home/airflow/.local/lib/python3.12/site-packages/airflow/example_dags/example_sensors.py took 0.170 seconds
[2024-07-31T21:27:32.197+0000] {processor.py:161} INFO - Started process (PID=560) to work on /home/airflow/.local/lib/python3.12/site-packages/airflow/example_dags/example_sensors.py
[2024-07-31T21:27:32.198+0000] {processor.py:830} INFO - Processing file /home/airflow/.local/lib/python3.12/site-packages/airflow/example_dags/example_sensors.py for tasks to queue
[2024-07-31T21:27:32.202+0000] {logging_mixin.py:188} INFO - [2024-07-31T21:27:32.201+0000] {dagbag.py:545} INFO - Filling up the DagBag from /home/airflow/.local/lib/python3.12/site-packages/airflow/example_dags/example_sensors.py
[2024-07-31T21:27:32.220+0000] {processor.py:840} INFO - DAG(s) 'example_sensors' retrieved from /home/airflow/.local/lib/python3.12/site-packages/airflow/example_dags/example_sensors.py
[2024-07-31T21:27:32.279+0000] {logging_mixin.py:188} INFO - [2024-07-31T21:27:32.278+0000] {dag.py:3089} INFO - Sync 1 DAGs
[2024-07-31T21:27:32.292+0000] {logging_mixin.py:188} INFO - [2024-07-31T21:27:32.291+0000] {dag.py:3947} INFO - Setting next_dagrun for example_sensors to None, run_after=None
[2024-07-31T21:27:32.315+0000] {processor.py:183} INFO - Processing /home/airflow/.local/lib/python3.12/site-packages/airflow/example_dags/example_sensors.py took 0.133 seconds
[2024-07-31T21:28:02.472+0000] {processor.py:161} INFO - Started process (PID=619) to work on /home/airflow/.local/lib/python3.12/site-packages/airflow/example_dags/example_sensors.py
[2024-07-31T21:28:02.474+0000] {processor.py:830} INFO - Processing file /home/airflow/.local/lib/python3.12/site-packages/airflow/example_dags/example_sensors.py for tasks to queue
[2024-07-31T21:28:02.478+0000] {logging_mixin.py:188} INFO - [2024-07-31T21:28:02.477+0000] {dagbag.py:545} INFO - Filling up the DagBag from /home/airflow/.local/lib/python3.12/site-packages/airflow/example_dags/example_sensors.py
[2024-07-31T21:28:02.498+0000] {processor.py:840} INFO - DAG(s) 'example_sensors' retrieved from /home/airflow/.local/lib/python3.12/site-packages/airflow/example_dags/example_sensors.py
[2024-07-31T21:28:02.547+0000] {logging_mixin.py:188} INFO - [2024-07-31T21:28:02.547+0000] {dag.py:3089} INFO - Sync 1 DAGs
[2024-07-31T21:28:02.567+0000] {logging_mixin.py:188} INFO - [2024-07-31T21:28:02.567+0000] {dag.py:3947} INFO - Setting next_dagrun for example_sensors to None, run_after=None
[2024-07-31T21:28:02.588+0000] {processor.py:183} INFO - Processing /home/airflow/.local/lib/python3.12/site-packages/airflow/example_dags/example_sensors.py took 0.128 seconds
[2024-07-31T21:29:01.642+0000] {processor.py:161} INFO - Started process (PID=677) to work on /home/airflow/.local/lib/python3.12/site-packages/airflow/example_dags/example_sensors.py
[2024-07-31T21:29:01.643+0000] {processor.py:830} INFO - Processing file /home/airflow/.local/lib/python3.12/site-packages/airflow/example_dags/example_sensors.py for tasks to queue
[2024-07-31T21:29:01.645+0000] {logging_mixin.py:188} INFO - [2024-07-31T21:29:01.644+0000] {dagbag.py:545} INFO - Filling up the DagBag from /home/airflow/.local/lib/python3.12/site-packages/airflow/example_dags/example_sensors.py
[2024-07-31T21:29:01.655+0000] {processor.py:840} INFO - DAG(s) 'example_sensors' retrieved from /home/airflow/.local/lib/python3.12/site-packages/airflow/example_dags/example_sensors.py
[2024-07-31T21:29:01.685+0000] {logging_mixin.py:188} INFO - [2024-07-31T21:29:01.685+0000] {dag.py:3089} INFO - Sync 1 DAGs
[2024-07-31T21:29:01.700+0000] {logging_mixin.py:188} INFO - [2024-07-31T21:29:01.700+0000] {dag.py:3947} INFO - Setting next_dagrun for example_sensors to None, run_after=None
[2024-07-31T21:29:01.724+0000] {processor.py:183} INFO - Processing /home/airflow/.local/lib/python3.12/site-packages/airflow/example_dags/example_sensors.py took 0.087 seconds
