[2024-07-31T12:08:52.151+0000] {processor.py:161} INFO - Started process (PID=88) to work on /home/airflow/.local/lib/python3.12/site-packages/airflow/example_dags/example_bash_operator.py
[2024-07-31T12:08:52.152+0000] {processor.py:830} INFO - Processing file /home/airflow/.local/lib/python3.12/site-packages/airflow/example_dags/example_bash_operator.py for tasks to queue
[2024-07-31T12:08:52.154+0000] {logging_mixin.py:188} INFO - [2024-07-31T12:08:52.153+0000] {dagbag.py:545} INFO - Filling up the DagBag from /home/airflow/.local/lib/python3.12/site-packages/airflow/example_dags/example_bash_operator.py
[2024-07-31T12:08:52.170+0000] {processor.py:840} INFO - DAG(s) 'example_bash_operator' retrieved from /home/airflow/.local/lib/python3.12/site-packages/airflow/example_dags/example_bash_operator.py
[2024-07-31T12:08:52.305+0000] {logging_mixin.py:188} INFO - [2024-07-31T12:08:52.305+0000] {override.py:1858} INFO - Created Permission View: can delete on DAG:example_bash_operator
[2024-07-31T12:08:52.316+0000] {logging_mixin.py:188} INFO - [2024-07-31T12:08:52.316+0000] {override.py:1858} INFO - Created Permission View: can read on DAG:example_bash_operator
[2024-07-31T12:08:52.322+0000] {logging_mixin.py:188} INFO - [2024-07-31T12:08:52.321+0000] {override.py:1858} INFO - Created Permission View: can edit on DAG:example_bash_operator
[2024-07-31T12:08:52.322+0000] {logging_mixin.py:188} INFO - [2024-07-31T12:08:52.322+0000] {dag.py:3089} INFO - Sync 1 DAGs
[2024-07-31T12:08:52.333+0000] {logging_mixin.py:188} INFO - [2024-07-31T12:08:52.333+0000] {dag.py:3111} INFO - Creating ORM DAG for example_bash_operator
[2024-07-31T12:08:52.346+0000] {logging_mixin.py:188} INFO - [2024-07-31T12:08:52.346+0000] {dag.py:3947} INFO - Setting next_dagrun for example_bash_operator to 2024-07-30 00:00:00+00:00, run_after=2024-07-31 00:00:00+00:00
[2024-07-31T12:08:52.365+0000] {processor.py:183} INFO - Processing /home/airflow/.local/lib/python3.12/site-packages/airflow/example_dags/example_bash_operator.py took 0.221 seconds
[2024-07-31T12:09:22.762+0000] {processor.py:161} INFO - Started process (PID=146) to work on /home/airflow/.local/lib/python3.12/site-packages/airflow/example_dags/example_bash_operator.py
[2024-07-31T12:09:22.762+0000] {processor.py:830} INFO - Processing file /home/airflow/.local/lib/python3.12/site-packages/airflow/example_dags/example_bash_operator.py for tasks to queue
[2024-07-31T12:09:22.764+0000] {logging_mixin.py:188} INFO - [2024-07-31T12:09:22.764+0000] {dagbag.py:545} INFO - Filling up the DagBag from /home/airflow/.local/lib/python3.12/site-packages/airflow/example_dags/example_bash_operator.py
[2024-07-31T12:09:22.779+0000] {processor.py:840} INFO - DAG(s) 'example_bash_operator' retrieved from /home/airflow/.local/lib/python3.12/site-packages/airflow/example_dags/example_bash_operator.py
[2024-07-31T12:09:22.812+0000] {logging_mixin.py:188} INFO - [2024-07-31T12:09:22.811+0000] {dag.py:3089} INFO - Sync 1 DAGs
[2024-07-31T12:09:22.839+0000] {logging_mixin.py:188} INFO - [2024-07-31T12:09:22.839+0000] {dag.py:3947} INFO - Setting next_dagrun for example_bash_operator to 2024-07-30 00:00:00+00:00, run_after=2024-07-31 00:00:00+00:00
[2024-07-31T12:09:22.866+0000] {processor.py:183} INFO - Processing /home/airflow/.local/lib/python3.12/site-packages/airflow/example_dags/example_bash_operator.py took 0.110 seconds
[2024-07-31T12:09:53.281+0000] {processor.py:161} INFO - Started process (PID=204) to work on /home/airflow/.local/lib/python3.12/site-packages/airflow/example_dags/example_bash_operator.py
[2024-07-31T12:09:53.283+0000] {processor.py:830} INFO - Processing file /home/airflow/.local/lib/python3.12/site-packages/airflow/example_dags/example_bash_operator.py for tasks to queue
[2024-07-31T12:09:53.285+0000] {logging_mixin.py:188} INFO - [2024-07-31T12:09:53.284+0000] {dagbag.py:545} INFO - Filling up the DagBag from /home/airflow/.local/lib/python3.12/site-packages/airflow/example_dags/example_bash_operator.py
[2024-07-31T12:09:53.297+0000] {processor.py:840} INFO - DAG(s) 'example_bash_operator' retrieved from /home/airflow/.local/lib/python3.12/site-packages/airflow/example_dags/example_bash_operator.py
[2024-07-31T12:09:53.325+0000] {logging_mixin.py:188} INFO - [2024-07-31T12:09:53.324+0000] {dag.py:3089} INFO - Sync 1 DAGs
[2024-07-31T12:09:53.359+0000] {logging_mixin.py:188} INFO - [2024-07-31T12:09:53.359+0000] {dag.py:3947} INFO - Setting next_dagrun for example_bash_operator to 2024-07-30 00:00:00+00:00, run_after=2024-07-31 00:00:00+00:00
[2024-07-31T12:09:53.399+0000] {processor.py:183} INFO - Processing /home/airflow/.local/lib/python3.12/site-packages/airflow/example_dags/example_bash_operator.py took 0.124 seconds
[2024-07-31T12:10:23.900+0000] {processor.py:161} INFO - Started process (PID=262) to work on /home/airflow/.local/lib/python3.12/site-packages/airflow/example_dags/example_bash_operator.py
[2024-07-31T12:10:23.900+0000] {processor.py:830} INFO - Processing file /home/airflow/.local/lib/python3.12/site-packages/airflow/example_dags/example_bash_operator.py for tasks to queue
[2024-07-31T12:10:23.902+0000] {logging_mixin.py:188} INFO - [2024-07-31T12:10:23.902+0000] {dagbag.py:545} INFO - Filling up the DagBag from /home/airflow/.local/lib/python3.12/site-packages/airflow/example_dags/example_bash_operator.py
[2024-07-31T12:10:23.914+0000] {processor.py:840} INFO - DAG(s) 'example_bash_operator' retrieved from /home/airflow/.local/lib/python3.12/site-packages/airflow/example_dags/example_bash_operator.py
[2024-07-31T12:10:23.962+0000] {logging_mixin.py:188} INFO - [2024-07-31T12:10:23.962+0000] {dag.py:3089} INFO - Sync 1 DAGs
[2024-07-31T12:10:23.986+0000] {logging_mixin.py:188} INFO - [2024-07-31T12:10:23.986+0000] {dag.py:3947} INFO - Setting next_dagrun for example_bash_operator to 2024-07-30 00:00:00+00:00, run_after=2024-07-31 00:00:00+00:00
[2024-07-31T12:10:24.013+0000] {processor.py:183} INFO - Processing /home/airflow/.local/lib/python3.12/site-packages/airflow/example_dags/example_bash_operator.py took 0.118 seconds
[2024-07-31T12:10:54.100+0000] {processor.py:161} INFO - Started process (PID=320) to work on /home/airflow/.local/lib/python3.12/site-packages/airflow/example_dags/example_bash_operator.py
[2024-07-31T12:10:54.101+0000] {processor.py:830} INFO - Processing file /home/airflow/.local/lib/python3.12/site-packages/airflow/example_dags/example_bash_operator.py for tasks to queue
[2024-07-31T12:10:54.103+0000] {logging_mixin.py:188} INFO - [2024-07-31T12:10:54.102+0000] {dagbag.py:545} INFO - Filling up the DagBag from /home/airflow/.local/lib/python3.12/site-packages/airflow/example_dags/example_bash_operator.py
[2024-07-31T12:10:54.113+0000] {processor.py:840} INFO - DAG(s) 'example_bash_operator' retrieved from /home/airflow/.local/lib/python3.12/site-packages/airflow/example_dags/example_bash_operator.py
[2024-07-31T12:10:54.139+0000] {logging_mixin.py:188} INFO - [2024-07-31T12:10:54.138+0000] {dag.py:3089} INFO - Sync 1 DAGs
[2024-07-31T12:10:54.177+0000] {logging_mixin.py:188} INFO - [2024-07-31T12:10:54.176+0000] {dag.py:3947} INFO - Setting next_dagrun for example_bash_operator to 2024-07-30 00:00:00+00:00, run_after=2024-07-31 00:00:00+00:00
[2024-07-31T12:10:54.203+0000] {processor.py:183} INFO - Processing /home/airflow/.local/lib/python3.12/site-packages/airflow/example_dags/example_bash_operator.py took 0.108 seconds
[2024-07-31T12:11:24.835+0000] {processor.py:161} INFO - Started process (PID=377) to work on /home/airflow/.local/lib/python3.12/site-packages/airflow/example_dags/example_bash_operator.py
[2024-07-31T12:11:24.836+0000] {processor.py:830} INFO - Processing file /home/airflow/.local/lib/python3.12/site-packages/airflow/example_dags/example_bash_operator.py for tasks to queue
[2024-07-31T12:11:24.837+0000] {logging_mixin.py:188} INFO - [2024-07-31T12:11:24.837+0000] {dagbag.py:545} INFO - Filling up the DagBag from /home/airflow/.local/lib/python3.12/site-packages/airflow/example_dags/example_bash_operator.py
[2024-07-31T12:11:24.847+0000] {processor.py:840} INFO - DAG(s) 'example_bash_operator' retrieved from /home/airflow/.local/lib/python3.12/site-packages/airflow/example_dags/example_bash_operator.py
[2024-07-31T12:11:24.874+0000] {logging_mixin.py:188} INFO - [2024-07-31T12:11:24.874+0000] {dag.py:3089} INFO - Sync 1 DAGs
[2024-07-31T12:11:24.898+0000] {logging_mixin.py:188} INFO - [2024-07-31T12:11:24.898+0000] {dag.py:3947} INFO - Setting next_dagrun for example_bash_operator to 2024-07-30 00:00:00+00:00, run_after=2024-07-31 00:00:00+00:00
[2024-07-31T12:11:24.921+0000] {processor.py:183} INFO - Processing /home/airflow/.local/lib/python3.12/site-packages/airflow/example_dags/example_bash_operator.py took 0.092 seconds
[2024-07-31T12:11:56.209+0000] {processor.py:161} INFO - Started process (PID=441) to work on /home/airflow/.local/lib/python3.12/site-packages/airflow/example_dags/example_bash_operator.py
[2024-07-31T12:11:56.211+0000] {processor.py:830} INFO - Processing file /home/airflow/.local/lib/python3.12/site-packages/airflow/example_dags/example_bash_operator.py for tasks to queue
[2024-07-31T12:11:56.213+0000] {logging_mixin.py:188} INFO - [2024-07-31T12:11:56.212+0000] {dagbag.py:545} INFO - Filling up the DagBag from /home/airflow/.local/lib/python3.12/site-packages/airflow/example_dags/example_bash_operator.py
[2024-07-31T12:11:56.227+0000] {processor.py:840} INFO - DAG(s) 'example_bash_operator' retrieved from /home/airflow/.local/lib/python3.12/site-packages/airflow/example_dags/example_bash_operator.py
[2024-07-31T12:11:56.262+0000] {logging_mixin.py:188} INFO - [2024-07-31T12:11:56.262+0000] {dag.py:3089} INFO - Sync 1 DAGs
[2024-07-31T12:11:56.284+0000] {logging_mixin.py:188} INFO - [2024-07-31T12:11:56.284+0000] {dag.py:3947} INFO - Setting next_dagrun for example_bash_operator to 2024-07-30 00:00:00+00:00, run_after=2024-07-31 00:00:00+00:00
[2024-07-31T12:11:56.304+0000] {processor.py:183} INFO - Processing /home/airflow/.local/lib/python3.12/site-packages/airflow/example_dags/example_bash_operator.py took 0.103 seconds
[2024-07-31T12:12:26.373+0000] {processor.py:161} INFO - Started process (PID=498) to work on /home/airflow/.local/lib/python3.12/site-packages/airflow/example_dags/example_bash_operator.py
[2024-07-31T12:12:26.374+0000] {processor.py:830} INFO - Processing file /home/airflow/.local/lib/python3.12/site-packages/airflow/example_dags/example_bash_operator.py for tasks to queue
[2024-07-31T12:12:26.376+0000] {logging_mixin.py:188} INFO - [2024-07-31T12:12:26.375+0000] {dagbag.py:545} INFO - Filling up the DagBag from /home/airflow/.local/lib/python3.12/site-packages/airflow/example_dags/example_bash_operator.py
[2024-07-31T12:12:26.386+0000] {processor.py:840} INFO - DAG(s) 'example_bash_operator' retrieved from /home/airflow/.local/lib/python3.12/site-packages/airflow/example_dags/example_bash_operator.py
[2024-07-31T12:12:26.413+0000] {logging_mixin.py:188} INFO - [2024-07-31T12:12:26.413+0000] {dag.py:3089} INFO - Sync 1 DAGs
[2024-07-31T12:12:26.434+0000] {logging_mixin.py:188} INFO - [2024-07-31T12:12:26.434+0000] {dag.py:3947} INFO - Setting next_dagrun for example_bash_operator to 2024-07-30 00:00:00+00:00, run_after=2024-07-31 00:00:00+00:00
[2024-07-31T12:12:26.456+0000] {processor.py:183} INFO - Processing /home/airflow/.local/lib/python3.12/site-packages/airflow/example_dags/example_bash_operator.py took 0.088 seconds
[2024-07-31T12:12:57.124+0000] {processor.py:161} INFO - Started process (PID=556) to work on /home/airflow/.local/lib/python3.12/site-packages/airflow/example_dags/example_bash_operator.py
[2024-07-31T12:12:57.125+0000] {processor.py:830} INFO - Processing file /home/airflow/.local/lib/python3.12/site-packages/airflow/example_dags/example_bash_operator.py for tasks to queue
[2024-07-31T12:12:57.127+0000] {logging_mixin.py:188} INFO - [2024-07-31T12:12:57.126+0000] {dagbag.py:545} INFO - Filling up the DagBag from /home/airflow/.local/lib/python3.12/site-packages/airflow/example_dags/example_bash_operator.py
[2024-07-31T12:12:57.140+0000] {processor.py:840} INFO - DAG(s) 'example_bash_operator' retrieved from /home/airflow/.local/lib/python3.12/site-packages/airflow/example_dags/example_bash_operator.py
[2024-07-31T12:12:57.181+0000] {logging_mixin.py:188} INFO - [2024-07-31T12:12:57.181+0000] {dag.py:3089} INFO - Sync 1 DAGs
[2024-07-31T12:12:57.211+0000] {logging_mixin.py:188} INFO - [2024-07-31T12:12:57.210+0000] {dag.py:3947} INFO - Setting next_dagrun for example_bash_operator to 2024-07-30 00:00:00+00:00, run_after=2024-07-31 00:00:00+00:00
[2024-07-31T12:12:57.235+0000] {processor.py:183} INFO - Processing /home/airflow/.local/lib/python3.12/site-packages/airflow/example_dags/example_bash_operator.py took 0.116 seconds
[2024-07-31T12:13:27.657+0000] {processor.py:161} INFO - Started process (PID=613) to work on /home/airflow/.local/lib/python3.12/site-packages/airflow/example_dags/example_bash_operator.py
[2024-07-31T12:13:27.659+0000] {processor.py:830} INFO - Processing file /home/airflow/.local/lib/python3.12/site-packages/airflow/example_dags/example_bash_operator.py for tasks to queue
[2024-07-31T12:13:27.661+0000] {logging_mixin.py:188} INFO - [2024-07-31T12:13:27.661+0000] {dagbag.py:545} INFO - Filling up the DagBag from /home/airflow/.local/lib/python3.12/site-packages/airflow/example_dags/example_bash_operator.py
[2024-07-31T12:13:27.681+0000] {processor.py:840} INFO - DAG(s) 'example_bash_operator' retrieved from /home/airflow/.local/lib/python3.12/site-packages/airflow/example_dags/example_bash_operator.py
[2024-07-31T12:13:27.727+0000] {logging_mixin.py:188} INFO - [2024-07-31T12:13:27.727+0000] {dag.py:3089} INFO - Sync 1 DAGs
[2024-07-31T12:13:27.755+0000] {logging_mixin.py:188} INFO - [2024-07-31T12:13:27.754+0000] {dag.py:3947} INFO - Setting next_dagrun for example_bash_operator to 2024-07-30 00:00:00+00:00, run_after=2024-07-31 00:00:00+00:00
[2024-07-31T12:13:27.781+0000] {processor.py:183} INFO - Processing /home/airflow/.local/lib/python3.12/site-packages/airflow/example_dags/example_bash_operator.py took 0.130 seconds
[2024-07-31T12:13:58.653+0000] {processor.py:161} INFO - Started process (PID=671) to work on /home/airflow/.local/lib/python3.12/site-packages/airflow/example_dags/example_bash_operator.py
[2024-07-31T12:13:58.654+0000] {processor.py:830} INFO - Processing file /home/airflow/.local/lib/python3.12/site-packages/airflow/example_dags/example_bash_operator.py for tasks to queue
[2024-07-31T12:13:58.657+0000] {logging_mixin.py:188} INFO - [2024-07-31T12:13:58.657+0000] {dagbag.py:545} INFO - Filling up the DagBag from /home/airflow/.local/lib/python3.12/site-packages/airflow/example_dags/example_bash_operator.py
[2024-07-31T12:13:58.683+0000] {processor.py:840} INFO - DAG(s) 'example_bash_operator' retrieved from /home/airflow/.local/lib/python3.12/site-packages/airflow/example_dags/example_bash_operator.py
[2024-07-31T12:13:58.728+0000] {logging_mixin.py:188} INFO - [2024-07-31T12:13:58.728+0000] {dag.py:3089} INFO - Sync 1 DAGs
[2024-07-31T12:13:58.768+0000] {logging_mixin.py:188} INFO - [2024-07-31T12:13:58.767+0000] {dag.py:3947} INFO - Setting next_dagrun for example_bash_operator to 2024-07-30 00:00:00+00:00, run_after=2024-07-31 00:00:00+00:00
[2024-07-31T12:13:58.809+0000] {processor.py:183} INFO - Processing /home/airflow/.local/lib/python3.12/site-packages/airflow/example_dags/example_bash_operator.py took 0.166 seconds
[2024-07-31T12:14:28.917+0000] {processor.py:161} INFO - Started process (PID=729) to work on /home/airflow/.local/lib/python3.12/site-packages/airflow/example_dags/example_bash_operator.py
[2024-07-31T12:14:28.917+0000] {processor.py:830} INFO - Processing file /home/airflow/.local/lib/python3.12/site-packages/airflow/example_dags/example_bash_operator.py for tasks to queue
[2024-07-31T12:14:28.919+0000] {logging_mixin.py:188} INFO - [2024-07-31T12:14:28.919+0000] {dagbag.py:545} INFO - Filling up the DagBag from /home/airflow/.local/lib/python3.12/site-packages/airflow/example_dags/example_bash_operator.py
[2024-07-31T12:14:28.930+0000] {processor.py:840} INFO - DAG(s) 'example_bash_operator' retrieved from /home/airflow/.local/lib/python3.12/site-packages/airflow/example_dags/example_bash_operator.py
[2024-07-31T12:14:28.958+0000] {logging_mixin.py:188} INFO - [2024-07-31T12:14:28.957+0000] {dag.py:3089} INFO - Sync 1 DAGs
[2024-07-31T12:14:28.981+0000] {logging_mixin.py:188} INFO - [2024-07-31T12:14:28.981+0000] {dag.py:3947} INFO - Setting next_dagrun for example_bash_operator to 2024-07-30 00:00:00+00:00, run_after=2024-07-31 00:00:00+00:00
[2024-07-31T12:14:29.007+0000] {processor.py:183} INFO - Processing /home/airflow/.local/lib/python3.12/site-packages/airflow/example_dags/example_bash_operator.py took 0.096 seconds
[2024-07-31T12:14:59.303+0000] {processor.py:161} INFO - Started process (PID=787) to work on /home/airflow/.local/lib/python3.12/site-packages/airflow/example_dags/example_bash_operator.py
[2024-07-31T12:14:59.304+0000] {processor.py:830} INFO - Processing file /home/airflow/.local/lib/python3.12/site-packages/airflow/example_dags/example_bash_operator.py for tasks to queue
[2024-07-31T12:14:59.305+0000] {logging_mixin.py:188} INFO - [2024-07-31T12:14:59.305+0000] {dagbag.py:545} INFO - Filling up the DagBag from /home/airflow/.local/lib/python3.12/site-packages/airflow/example_dags/example_bash_operator.py
[2024-07-31T12:14:59.316+0000] {processor.py:840} INFO - DAG(s) 'example_bash_operator' retrieved from /home/airflow/.local/lib/python3.12/site-packages/airflow/example_dags/example_bash_operator.py
[2024-07-31T12:14:59.353+0000] {logging_mixin.py:188} INFO - [2024-07-31T12:14:59.352+0000] {dag.py:3089} INFO - Sync 1 DAGs
[2024-07-31T12:14:59.378+0000] {logging_mixin.py:188} INFO - [2024-07-31T12:14:59.378+0000] {dag.py:3947} INFO - Setting next_dagrun for example_bash_operator to 2024-07-30 00:00:00+00:00, run_after=2024-07-31 00:00:00+00:00
[2024-07-31T12:14:59.402+0000] {processor.py:183} INFO - Processing /home/airflow/.local/lib/python3.12/site-packages/airflow/example_dags/example_bash_operator.py took 0.105 seconds
[2024-07-31T12:15:29.571+0000] {processor.py:161} INFO - Started process (PID=844) to work on /home/airflow/.local/lib/python3.12/site-packages/airflow/example_dags/example_bash_operator.py
[2024-07-31T12:15:29.572+0000] {processor.py:830} INFO - Processing file /home/airflow/.local/lib/python3.12/site-packages/airflow/example_dags/example_bash_operator.py for tasks to queue
[2024-07-31T12:15:29.574+0000] {logging_mixin.py:188} INFO - [2024-07-31T12:15:29.573+0000] {dagbag.py:545} INFO - Filling up the DagBag from /home/airflow/.local/lib/python3.12/site-packages/airflow/example_dags/example_bash_operator.py
[2024-07-31T12:15:29.585+0000] {processor.py:840} INFO - DAG(s) 'example_bash_operator' retrieved from /home/airflow/.local/lib/python3.12/site-packages/airflow/example_dags/example_bash_operator.py
[2024-07-31T12:15:29.613+0000] {logging_mixin.py:188} INFO - [2024-07-31T12:15:29.613+0000] {dag.py:3089} INFO - Sync 1 DAGs
[2024-07-31T12:15:29.638+0000] {logging_mixin.py:188} INFO - [2024-07-31T12:15:29.637+0000] {dag.py:3947} INFO - Setting next_dagrun for example_bash_operator to 2024-07-30 00:00:00+00:00, run_after=2024-07-31 00:00:00+00:00
[2024-07-31T12:15:29.665+0000] {processor.py:183} INFO - Processing /home/airflow/.local/lib/python3.12/site-packages/airflow/example_dags/example_bash_operator.py took 0.100 seconds
[2024-07-31T12:16:00.679+0000] {processor.py:161} INFO - Started process (PID=901) to work on /home/airflow/.local/lib/python3.12/site-packages/airflow/example_dags/example_bash_operator.py
[2024-07-31T12:16:00.680+0000] {processor.py:830} INFO - Processing file /home/airflow/.local/lib/python3.12/site-packages/airflow/example_dags/example_bash_operator.py for tasks to queue
[2024-07-31T12:16:00.681+0000] {logging_mixin.py:188} INFO - [2024-07-31T12:16:00.681+0000] {dagbag.py:545} INFO - Filling up the DagBag from /home/airflow/.local/lib/python3.12/site-packages/airflow/example_dags/example_bash_operator.py
[2024-07-31T12:16:00.691+0000] {processor.py:840} INFO - DAG(s) 'example_bash_operator' retrieved from /home/airflow/.local/lib/python3.12/site-packages/airflow/example_dags/example_bash_operator.py
[2024-07-31T12:16:00.716+0000] {logging_mixin.py:188} INFO - [2024-07-31T12:16:00.716+0000] {dag.py:3089} INFO - Sync 1 DAGs
[2024-07-31T12:16:00.738+0000] {logging_mixin.py:188} INFO - [2024-07-31T12:16:00.738+0000] {dag.py:3947} INFO - Setting next_dagrun for example_bash_operator to 2024-07-30 00:00:00+00:00, run_after=2024-07-31 00:00:00+00:00
[2024-07-31T12:16:00.760+0000] {processor.py:183} INFO - Processing /home/airflow/.local/lib/python3.12/site-packages/airflow/example_dags/example_bash_operator.py took 0.086 seconds
[2024-07-31T12:16:31.040+0000] {processor.py:161} INFO - Started process (PID=957) to work on /home/airflow/.local/lib/python3.12/site-packages/airflow/example_dags/example_bash_operator.py
[2024-07-31T12:16:31.041+0000] {processor.py:830} INFO - Processing file /home/airflow/.local/lib/python3.12/site-packages/airflow/example_dags/example_bash_operator.py for tasks to queue
[2024-07-31T12:16:31.043+0000] {logging_mixin.py:188} INFO - [2024-07-31T12:16:31.043+0000] {dagbag.py:545} INFO - Filling up the DagBag from /home/airflow/.local/lib/python3.12/site-packages/airflow/example_dags/example_bash_operator.py
[2024-07-31T12:16:31.055+0000] {processor.py:840} INFO - DAG(s) 'example_bash_operator' retrieved from /home/airflow/.local/lib/python3.12/site-packages/airflow/example_dags/example_bash_operator.py
[2024-07-31T12:16:31.086+0000] {logging_mixin.py:188} INFO - [2024-07-31T12:16:31.085+0000] {dag.py:3089} INFO - Sync 1 DAGs
[2024-07-31T12:16:31.109+0000] {logging_mixin.py:188} INFO - [2024-07-31T12:16:31.108+0000] {dag.py:3947} INFO - Setting next_dagrun for example_bash_operator to 2024-07-30 00:00:00+00:00, run_after=2024-07-31 00:00:00+00:00
[2024-07-31T12:16:31.139+0000] {processor.py:183} INFO - Processing /home/airflow/.local/lib/python3.12/site-packages/airflow/example_dags/example_bash_operator.py took 0.109 seconds
[2024-07-31T12:17:01.179+0000] {processor.py:161} INFO - Started process (PID=1014) to work on /home/airflow/.local/lib/python3.12/site-packages/airflow/example_dags/example_bash_operator.py
[2024-07-31T12:17:01.180+0000] {processor.py:830} INFO - Processing file /home/airflow/.local/lib/python3.12/site-packages/airflow/example_dags/example_bash_operator.py for tasks to queue
[2024-07-31T12:17:01.182+0000] {logging_mixin.py:188} INFO - [2024-07-31T12:17:01.182+0000] {dagbag.py:545} INFO - Filling up the DagBag from /home/airflow/.local/lib/python3.12/site-packages/airflow/example_dags/example_bash_operator.py
[2024-07-31T12:17:01.193+0000] {processor.py:840} INFO - DAG(s) 'example_bash_operator' retrieved from /home/airflow/.local/lib/python3.12/site-packages/airflow/example_dags/example_bash_operator.py
[2024-07-31T12:17:01.219+0000] {logging_mixin.py:188} INFO - [2024-07-31T12:17:01.219+0000] {dag.py:3089} INFO - Sync 1 DAGs
[2024-07-31T12:17:01.241+0000] {logging_mixin.py:188} INFO - [2024-07-31T12:17:01.240+0000] {dag.py:3947} INFO - Setting next_dagrun for example_bash_operator to 2024-07-30 00:00:00+00:00, run_after=2024-07-31 00:00:00+00:00
[2024-07-31T12:17:01.261+0000] {processor.py:183} INFO - Processing /home/airflow/.local/lib/python3.12/site-packages/airflow/example_dags/example_bash_operator.py took 0.086 seconds
[2024-07-31T12:17:32.174+0000] {processor.py:161} INFO - Started process (PID=1072) to work on /home/airflow/.local/lib/python3.12/site-packages/airflow/example_dags/example_bash_operator.py
[2024-07-31T12:17:32.175+0000] {processor.py:830} INFO - Processing file /home/airflow/.local/lib/python3.12/site-packages/airflow/example_dags/example_bash_operator.py for tasks to queue
[2024-07-31T12:17:32.177+0000] {logging_mixin.py:188} INFO - [2024-07-31T12:17:32.177+0000] {dagbag.py:545} INFO - Filling up the DagBag from /home/airflow/.local/lib/python3.12/site-packages/airflow/example_dags/example_bash_operator.py
[2024-07-31T12:17:32.187+0000] {processor.py:840} INFO - DAG(s) 'example_bash_operator' retrieved from /home/airflow/.local/lib/python3.12/site-packages/airflow/example_dags/example_bash_operator.py
[2024-07-31T12:17:32.215+0000] {logging_mixin.py:188} INFO - [2024-07-31T12:17:32.215+0000] {dag.py:3089} INFO - Sync 1 DAGs
[2024-07-31T12:17:32.239+0000] {logging_mixin.py:188} INFO - [2024-07-31T12:17:32.239+0000] {dag.py:3947} INFO - Setting next_dagrun for example_bash_operator to 2024-07-30 00:00:00+00:00, run_after=2024-07-31 00:00:00+00:00
[2024-07-31T12:17:32.265+0000] {processor.py:183} INFO - Processing /home/airflow/.local/lib/python3.12/site-packages/airflow/example_dags/example_bash_operator.py took 0.095 seconds
[2024-07-31T12:18:02.792+0000] {processor.py:161} INFO - Started process (PID=1130) to work on /home/airflow/.local/lib/python3.12/site-packages/airflow/example_dags/example_bash_operator.py
[2024-07-31T12:18:02.793+0000] {processor.py:830} INFO - Processing file /home/airflow/.local/lib/python3.12/site-packages/airflow/example_dags/example_bash_operator.py for tasks to queue
[2024-07-31T12:18:02.795+0000] {logging_mixin.py:188} INFO - [2024-07-31T12:18:02.794+0000] {dagbag.py:545} INFO - Filling up the DagBag from /home/airflow/.local/lib/python3.12/site-packages/airflow/example_dags/example_bash_operator.py
[2024-07-31T12:18:02.806+0000] {processor.py:840} INFO - DAG(s) 'example_bash_operator' retrieved from /home/airflow/.local/lib/python3.12/site-packages/airflow/example_dags/example_bash_operator.py
[2024-07-31T12:18:02.847+0000] {logging_mixin.py:188} INFO - [2024-07-31T12:18:02.847+0000] {dag.py:3089} INFO - Sync 1 DAGs
[2024-07-31T12:18:02.875+0000] {logging_mixin.py:188} INFO - [2024-07-31T12:18:02.874+0000] {dag.py:3947} INFO - Setting next_dagrun for example_bash_operator to 2024-07-30 00:00:00+00:00, run_after=2024-07-31 00:00:00+00:00
[2024-07-31T12:18:02.898+0000] {processor.py:183} INFO - Processing /home/airflow/.local/lib/python3.12/site-packages/airflow/example_dags/example_bash_operator.py took 0.113 seconds
[2024-07-31T12:18:33.316+0000] {processor.py:161} INFO - Started process (PID=1188) to work on /home/airflow/.local/lib/python3.12/site-packages/airflow/example_dags/example_bash_operator.py
[2024-07-31T12:18:33.317+0000] {processor.py:830} INFO - Processing file /home/airflow/.local/lib/python3.12/site-packages/airflow/example_dags/example_bash_operator.py for tasks to queue
[2024-07-31T12:18:33.319+0000] {logging_mixin.py:188} INFO - [2024-07-31T12:18:33.318+0000] {dagbag.py:545} INFO - Filling up the DagBag from /home/airflow/.local/lib/python3.12/site-packages/airflow/example_dags/example_bash_operator.py
[2024-07-31T12:18:33.329+0000] {processor.py:840} INFO - DAG(s) 'example_bash_operator' retrieved from /home/airflow/.local/lib/python3.12/site-packages/airflow/example_dags/example_bash_operator.py
[2024-07-31T12:18:33.359+0000] {logging_mixin.py:188} INFO - [2024-07-31T12:18:33.358+0000] {dag.py:3089} INFO - Sync 1 DAGs
[2024-07-31T12:18:33.391+0000] {logging_mixin.py:188} INFO - [2024-07-31T12:18:33.391+0000] {dag.py:3947} INFO - Setting next_dagrun for example_bash_operator to 2024-07-30 00:00:00+00:00, run_after=2024-07-31 00:00:00+00:00
[2024-07-31T12:18:33.422+0000] {processor.py:183} INFO - Processing /home/airflow/.local/lib/python3.12/site-packages/airflow/example_dags/example_bash_operator.py took 0.114 seconds
[2024-07-31T12:19:03.566+0000] {processor.py:161} INFO - Started process (PID=1246) to work on /home/airflow/.local/lib/python3.12/site-packages/airflow/example_dags/example_bash_operator.py
[2024-07-31T12:19:03.567+0000] {processor.py:830} INFO - Processing file /home/airflow/.local/lib/python3.12/site-packages/airflow/example_dags/example_bash_operator.py for tasks to queue
[2024-07-31T12:19:03.569+0000] {logging_mixin.py:188} INFO - [2024-07-31T12:19:03.569+0000] {dagbag.py:545} INFO - Filling up the DagBag from /home/airflow/.local/lib/python3.12/site-packages/airflow/example_dags/example_bash_operator.py
[2024-07-31T12:19:03.581+0000] {processor.py:840} INFO - DAG(s) 'example_bash_operator' retrieved from /home/airflow/.local/lib/python3.12/site-packages/airflow/example_dags/example_bash_operator.py
[2024-07-31T12:19:03.621+0000] {logging_mixin.py:188} INFO - [2024-07-31T12:19:03.620+0000] {dag.py:3089} INFO - Sync 1 DAGs
[2024-07-31T12:19:03.653+0000] {logging_mixin.py:188} INFO - [2024-07-31T12:19:03.653+0000] {dag.py:3947} INFO - Setting next_dagrun for example_bash_operator to 2024-07-30 00:00:00+00:00, run_after=2024-07-31 00:00:00+00:00
[2024-07-31T12:19:03.683+0000] {processor.py:183} INFO - Processing /home/airflow/.local/lib/python3.12/site-packages/airflow/example_dags/example_bash_operator.py took 0.124 seconds
[2024-07-31T12:19:33.770+0000] {processor.py:161} INFO - Started process (PID=1304) to work on /home/airflow/.local/lib/python3.12/site-packages/airflow/example_dags/example_bash_operator.py
[2024-07-31T12:19:33.771+0000] {processor.py:830} INFO - Processing file /home/airflow/.local/lib/python3.12/site-packages/airflow/example_dags/example_bash_operator.py for tasks to queue
[2024-07-31T12:19:33.772+0000] {logging_mixin.py:188} INFO - [2024-07-31T12:19:33.772+0000] {dagbag.py:545} INFO - Filling up the DagBag from /home/airflow/.local/lib/python3.12/site-packages/airflow/example_dags/example_bash_operator.py
[2024-07-31T12:19:33.789+0000] {processor.py:840} INFO - DAG(s) 'example_bash_operator' retrieved from /home/airflow/.local/lib/python3.12/site-packages/airflow/example_dags/example_bash_operator.py
[2024-07-31T12:19:33.828+0000] {logging_mixin.py:188} INFO - [2024-07-31T12:19:33.828+0000] {dag.py:3089} INFO - Sync 1 DAGs
[2024-07-31T12:19:33.863+0000] {logging_mixin.py:188} INFO - [2024-07-31T12:19:33.862+0000] {dag.py:3947} INFO - Setting next_dagrun for example_bash_operator to 2024-07-30 00:00:00+00:00, run_after=2024-07-31 00:00:00+00:00
[2024-07-31T12:19:33.894+0000] {processor.py:183} INFO - Processing /home/airflow/.local/lib/python3.12/site-packages/airflow/example_dags/example_bash_operator.py took 0.132 seconds
[2024-07-31T12:20:04.219+0000] {processor.py:161} INFO - Started process (PID=1362) to work on /home/airflow/.local/lib/python3.12/site-packages/airflow/example_dags/example_bash_operator.py
[2024-07-31T12:20:04.220+0000] {processor.py:830} INFO - Processing file /home/airflow/.local/lib/python3.12/site-packages/airflow/example_dags/example_bash_operator.py for tasks to queue
[2024-07-31T12:20:04.222+0000] {logging_mixin.py:188} INFO - [2024-07-31T12:20:04.222+0000] {dagbag.py:545} INFO - Filling up the DagBag from /home/airflow/.local/lib/python3.12/site-packages/airflow/example_dags/example_bash_operator.py
[2024-07-31T12:20:04.236+0000] {processor.py:840} INFO - DAG(s) 'example_bash_operator' retrieved from /home/airflow/.local/lib/python3.12/site-packages/airflow/example_dags/example_bash_operator.py
[2024-07-31T12:20:04.269+0000] {logging_mixin.py:188} INFO - [2024-07-31T12:20:04.269+0000] {dag.py:3089} INFO - Sync 1 DAGs
[2024-07-31T12:20:04.300+0000] {logging_mixin.py:188} INFO - [2024-07-31T12:20:04.300+0000] {dag.py:3947} INFO - Setting next_dagrun for example_bash_operator to 2024-07-30 00:00:00+00:00, run_after=2024-07-31 00:00:00+00:00
[2024-07-31T12:20:04.330+0000] {processor.py:183} INFO - Processing /home/airflow/.local/lib/python3.12/site-packages/airflow/example_dags/example_bash_operator.py took 0.117 seconds
[2024-07-31T12:20:34.627+0000] {processor.py:161} INFO - Started process (PID=1420) to work on /home/airflow/.local/lib/python3.12/site-packages/airflow/example_dags/example_bash_operator.py
[2024-07-31T12:20:34.627+0000] {processor.py:830} INFO - Processing file /home/airflow/.local/lib/python3.12/site-packages/airflow/example_dags/example_bash_operator.py for tasks to queue
[2024-07-31T12:20:34.629+0000] {logging_mixin.py:188} INFO - [2024-07-31T12:20:34.629+0000] {dagbag.py:545} INFO - Filling up the DagBag from /home/airflow/.local/lib/python3.12/site-packages/airflow/example_dags/example_bash_operator.py
[2024-07-31T12:20:34.638+0000] {processor.py:840} INFO - DAG(s) 'example_bash_operator' retrieved from /home/airflow/.local/lib/python3.12/site-packages/airflow/example_dags/example_bash_operator.py
[2024-07-31T12:20:34.663+0000] {logging_mixin.py:188} INFO - [2024-07-31T12:20:34.663+0000] {dag.py:3089} INFO - Sync 1 DAGs
[2024-07-31T12:20:34.687+0000] {logging_mixin.py:188} INFO - [2024-07-31T12:20:34.687+0000] {dag.py:3947} INFO - Setting next_dagrun for example_bash_operator to 2024-07-30 00:00:00+00:00, run_after=2024-07-31 00:00:00+00:00
[2024-07-31T12:20:34.713+0000] {processor.py:183} INFO - Processing /home/airflow/.local/lib/python3.12/site-packages/airflow/example_dags/example_bash_operator.py took 0.091 seconds
[2024-07-31T12:21:05.097+0000] {processor.py:161} INFO - Started process (PID=1478) to work on /home/airflow/.local/lib/python3.12/site-packages/airflow/example_dags/example_bash_operator.py
[2024-07-31T12:21:05.100+0000] {processor.py:830} INFO - Processing file /home/airflow/.local/lib/python3.12/site-packages/airflow/example_dags/example_bash_operator.py for tasks to queue
[2024-07-31T12:21:05.101+0000] {logging_mixin.py:188} INFO - [2024-07-31T12:21:05.101+0000] {dagbag.py:545} INFO - Filling up the DagBag from /home/airflow/.local/lib/python3.12/site-packages/airflow/example_dags/example_bash_operator.py
[2024-07-31T12:21:05.112+0000] {processor.py:840} INFO - DAG(s) 'example_bash_operator' retrieved from /home/airflow/.local/lib/python3.12/site-packages/airflow/example_dags/example_bash_operator.py
[2024-07-31T12:21:05.143+0000] {logging_mixin.py:188} INFO - [2024-07-31T12:21:05.143+0000] {dag.py:3089} INFO - Sync 1 DAGs
[2024-07-31T12:21:05.168+0000] {logging_mixin.py:188} INFO - [2024-07-31T12:21:05.168+0000] {dag.py:3947} INFO - Setting next_dagrun for example_bash_operator to 2024-07-30 00:00:00+00:00, run_after=2024-07-31 00:00:00+00:00
[2024-07-31T12:21:05.194+0000] {processor.py:183} INFO - Processing /home/airflow/.local/lib/python3.12/site-packages/airflow/example_dags/example_bash_operator.py took 0.102 seconds
[2024-07-31T12:21:35.337+0000] {processor.py:161} INFO - Started process (PID=1536) to work on /home/airflow/.local/lib/python3.12/site-packages/airflow/example_dags/example_bash_operator.py
[2024-07-31T12:21:35.338+0000] {processor.py:830} INFO - Processing file /home/airflow/.local/lib/python3.12/site-packages/airflow/example_dags/example_bash_operator.py for tasks to queue
[2024-07-31T12:21:35.340+0000] {logging_mixin.py:188} INFO - [2024-07-31T12:21:35.339+0000] {dagbag.py:545} INFO - Filling up the DagBag from /home/airflow/.local/lib/python3.12/site-packages/airflow/example_dags/example_bash_operator.py
[2024-07-31T12:21:35.350+0000] {processor.py:840} INFO - DAG(s) 'example_bash_operator' retrieved from /home/airflow/.local/lib/python3.12/site-packages/airflow/example_dags/example_bash_operator.py
[2024-07-31T12:21:35.376+0000] {logging_mixin.py:188} INFO - [2024-07-31T12:21:35.376+0000] {dag.py:3089} INFO - Sync 1 DAGs
[2024-07-31T12:21:35.400+0000] {logging_mixin.py:188} INFO - [2024-07-31T12:21:35.400+0000] {dag.py:3947} INFO - Setting next_dagrun for example_bash_operator to 2024-07-30 00:00:00+00:00, run_after=2024-07-31 00:00:00+00:00
[2024-07-31T12:21:35.422+0000] {processor.py:183} INFO - Processing /home/airflow/.local/lib/python3.12/site-packages/airflow/example_dags/example_bash_operator.py took 0.090 seconds
[2024-07-31T12:22:05.798+0000] {processor.py:161} INFO - Started process (PID=1594) to work on /home/airflow/.local/lib/python3.12/site-packages/airflow/example_dags/example_bash_operator.py
[2024-07-31T12:22:05.801+0000] {processor.py:830} INFO - Processing file /home/airflow/.local/lib/python3.12/site-packages/airflow/example_dags/example_bash_operator.py for tasks to queue
[2024-07-31T12:22:05.804+0000] {logging_mixin.py:188} INFO - [2024-07-31T12:22:05.803+0000] {dagbag.py:545} INFO - Filling up the DagBag from /home/airflow/.local/lib/python3.12/site-packages/airflow/example_dags/example_bash_operator.py
[2024-07-31T12:22:05.815+0000] {processor.py:840} INFO - DAG(s) 'example_bash_operator' retrieved from /home/airflow/.local/lib/python3.12/site-packages/airflow/example_dags/example_bash_operator.py
[2024-07-31T12:22:05.845+0000] {logging_mixin.py:188} INFO - [2024-07-31T12:22:05.845+0000] {dag.py:3089} INFO - Sync 1 DAGs
[2024-07-31T12:22:05.876+0000] {logging_mixin.py:188} INFO - [2024-07-31T12:22:05.876+0000] {dag.py:3947} INFO - Setting next_dagrun for example_bash_operator to 2024-07-30 00:00:00+00:00, run_after=2024-07-31 00:00:00+00:00
[2024-07-31T12:22:05.909+0000] {processor.py:183} INFO - Processing /home/airflow/.local/lib/python3.12/site-packages/airflow/example_dags/example_bash_operator.py took 0.118 seconds
[2024-07-31T12:22:36.201+0000] {processor.py:161} INFO - Started process (PID=1652) to work on /home/airflow/.local/lib/python3.12/site-packages/airflow/example_dags/example_bash_operator.py
[2024-07-31T12:22:36.203+0000] {processor.py:830} INFO - Processing file /home/airflow/.local/lib/python3.12/site-packages/airflow/example_dags/example_bash_operator.py for tasks to queue
[2024-07-31T12:22:36.204+0000] {logging_mixin.py:188} INFO - [2024-07-31T12:22:36.204+0000] {dagbag.py:545} INFO - Filling up the DagBag from /home/airflow/.local/lib/python3.12/site-packages/airflow/example_dags/example_bash_operator.py
[2024-07-31T12:22:36.215+0000] {processor.py:840} INFO - DAG(s) 'example_bash_operator' retrieved from /home/airflow/.local/lib/python3.12/site-packages/airflow/example_dags/example_bash_operator.py
[2024-07-31T12:22:36.249+0000] {logging_mixin.py:188} INFO - [2024-07-31T12:22:36.249+0000] {dag.py:3089} INFO - Sync 1 DAGs
[2024-07-31T12:22:36.273+0000] {logging_mixin.py:188} INFO - [2024-07-31T12:22:36.273+0000] {dag.py:3947} INFO - Setting next_dagrun for example_bash_operator to 2024-07-30 00:00:00+00:00, run_after=2024-07-31 00:00:00+00:00
[2024-07-31T12:22:36.436+0000] {processor.py:183} INFO - Processing /home/airflow/.local/lib/python3.12/site-packages/airflow/example_dags/example_bash_operator.py took 0.242 seconds
[2024-07-31T12:23:07.460+0000] {processor.py:161} INFO - Started process (PID=1709) to work on /home/airflow/.local/lib/python3.12/site-packages/airflow/example_dags/example_bash_operator.py
[2024-07-31T12:23:07.463+0000] {processor.py:830} INFO - Processing file /home/airflow/.local/lib/python3.12/site-packages/airflow/example_dags/example_bash_operator.py for tasks to queue
[2024-07-31T12:23:07.466+0000] {logging_mixin.py:188} INFO - [2024-07-31T12:23:07.465+0000] {dagbag.py:545} INFO - Filling up the DagBag from /home/airflow/.local/lib/python3.12/site-packages/airflow/example_dags/example_bash_operator.py
[2024-07-31T12:23:07.483+0000] {processor.py:840} INFO - DAG(s) 'example_bash_operator' retrieved from /home/airflow/.local/lib/python3.12/site-packages/airflow/example_dags/example_bash_operator.py
[2024-07-31T12:23:07.513+0000] {logging_mixin.py:188} INFO - [2024-07-31T12:23:07.513+0000] {dag.py:3089} INFO - Sync 1 DAGs
[2024-07-31T12:23:07.554+0000] {logging_mixin.py:188} INFO - [2024-07-31T12:23:07.553+0000] {dag.py:3947} INFO - Setting next_dagrun for example_bash_operator to 2024-07-30 00:00:00+00:00, run_after=2024-07-31 00:00:00+00:00
[2024-07-31T12:23:07.584+0000] {processor.py:183} INFO - Processing /home/airflow/.local/lib/python3.12/site-packages/airflow/example_dags/example_bash_operator.py took 0.132 seconds
[2024-07-31T12:23:37.738+0000] {processor.py:161} INFO - Started process (PID=1767) to work on /home/airflow/.local/lib/python3.12/site-packages/airflow/example_dags/example_bash_operator.py
[2024-07-31T12:23:37.738+0000] {processor.py:830} INFO - Processing file /home/airflow/.local/lib/python3.12/site-packages/airflow/example_dags/example_bash_operator.py for tasks to queue
[2024-07-31T12:23:37.740+0000] {logging_mixin.py:188} INFO - [2024-07-31T12:23:37.740+0000] {dagbag.py:545} INFO - Filling up the DagBag from /home/airflow/.local/lib/python3.12/site-packages/airflow/example_dags/example_bash_operator.py
[2024-07-31T12:23:37.750+0000] {processor.py:840} INFO - DAG(s) 'example_bash_operator' retrieved from /home/airflow/.local/lib/python3.12/site-packages/airflow/example_dags/example_bash_operator.py
[2024-07-31T12:23:37.784+0000] {logging_mixin.py:188} INFO - [2024-07-31T12:23:37.783+0000] {dag.py:3089} INFO - Sync 1 DAGs
[2024-07-31T12:23:37.814+0000] {logging_mixin.py:188} INFO - [2024-07-31T12:23:37.813+0000] {dag.py:3947} INFO - Setting next_dagrun for example_bash_operator to 2024-07-30 00:00:00+00:00, run_after=2024-07-31 00:00:00+00:00
[2024-07-31T12:23:37.841+0000] {processor.py:183} INFO - Processing /home/airflow/.local/lib/python3.12/site-packages/airflow/example_dags/example_bash_operator.py took 0.108 seconds
[2024-07-31T12:24:08.250+0000] {processor.py:161} INFO - Started process (PID=1825) to work on /home/airflow/.local/lib/python3.12/site-packages/airflow/example_dags/example_bash_operator.py
[2024-07-31T12:24:08.253+0000] {processor.py:830} INFO - Processing file /home/airflow/.local/lib/python3.12/site-packages/airflow/example_dags/example_bash_operator.py for tasks to queue
[2024-07-31T12:24:08.255+0000] {logging_mixin.py:188} INFO - [2024-07-31T12:24:08.255+0000] {dagbag.py:545} INFO - Filling up the DagBag from /home/airflow/.local/lib/python3.12/site-packages/airflow/example_dags/example_bash_operator.py
[2024-07-31T12:24:08.268+0000] {processor.py:840} INFO - DAG(s) 'example_bash_operator' retrieved from /home/airflow/.local/lib/python3.12/site-packages/airflow/example_dags/example_bash_operator.py
[2024-07-31T12:24:08.306+0000] {logging_mixin.py:188} INFO - [2024-07-31T12:24:08.306+0000] {dag.py:3089} INFO - Sync 1 DAGs
[2024-07-31T12:24:08.362+0000] {logging_mixin.py:188} INFO - [2024-07-31T12:24:08.362+0000] {dag.py:3947} INFO - Setting next_dagrun for example_bash_operator to 2024-07-30 00:00:00+00:00, run_after=2024-07-31 00:00:00+00:00
[2024-07-31T12:24:08.400+0000] {processor.py:183} INFO - Processing /home/airflow/.local/lib/python3.12/site-packages/airflow/example_dags/example_bash_operator.py took 0.156 seconds
[2024-07-31T12:24:38.550+0000] {processor.py:161} INFO - Started process (PID=1883) to work on /home/airflow/.local/lib/python3.12/site-packages/airflow/example_dags/example_bash_operator.py
[2024-07-31T12:24:38.552+0000] {processor.py:830} INFO - Processing file /home/airflow/.local/lib/python3.12/site-packages/airflow/example_dags/example_bash_operator.py for tasks to queue
[2024-07-31T12:24:38.554+0000] {logging_mixin.py:188} INFO - [2024-07-31T12:24:38.554+0000] {dagbag.py:545} INFO - Filling up the DagBag from /home/airflow/.local/lib/python3.12/site-packages/airflow/example_dags/example_bash_operator.py
[2024-07-31T12:24:38.569+0000] {processor.py:840} INFO - DAG(s) 'example_bash_operator' retrieved from /home/airflow/.local/lib/python3.12/site-packages/airflow/example_dags/example_bash_operator.py
[2024-07-31T12:24:38.615+0000] {logging_mixin.py:188} INFO - [2024-07-31T12:24:38.614+0000] {dag.py:3089} INFO - Sync 1 DAGs
[2024-07-31T12:24:38.648+0000] {logging_mixin.py:188} INFO - [2024-07-31T12:24:38.648+0000] {dag.py:3947} INFO - Setting next_dagrun for example_bash_operator to 2024-07-30 00:00:00+00:00, run_after=2024-07-31 00:00:00+00:00
[2024-07-31T12:24:38.686+0000] {processor.py:183} INFO - Processing /home/airflow/.local/lib/python3.12/site-packages/airflow/example_dags/example_bash_operator.py took 0.142 seconds
[2024-07-31T12:25:09.412+0000] {processor.py:161} INFO - Started process (PID=1941) to work on /home/airflow/.local/lib/python3.12/site-packages/airflow/example_dags/example_bash_operator.py
[2024-07-31T12:25:09.413+0000] {processor.py:830} INFO - Processing file /home/airflow/.local/lib/python3.12/site-packages/airflow/example_dags/example_bash_operator.py for tasks to queue
[2024-07-31T12:25:09.416+0000] {logging_mixin.py:188} INFO - [2024-07-31T12:25:09.415+0000] {dagbag.py:545} INFO - Filling up the DagBag from /home/airflow/.local/lib/python3.12/site-packages/airflow/example_dags/example_bash_operator.py
[2024-07-31T12:25:09.431+0000] {processor.py:840} INFO - DAG(s) 'example_bash_operator' retrieved from /home/airflow/.local/lib/python3.12/site-packages/airflow/example_dags/example_bash_operator.py
[2024-07-31T12:25:09.470+0000] {logging_mixin.py:188} INFO - [2024-07-31T12:25:09.470+0000] {dag.py:3089} INFO - Sync 1 DAGs
[2024-07-31T12:25:09.502+0000] {logging_mixin.py:188} INFO - [2024-07-31T12:25:09.502+0000] {dag.py:3947} INFO - Setting next_dagrun for example_bash_operator to 2024-07-30 00:00:00+00:00, run_after=2024-07-31 00:00:00+00:00
[2024-07-31T12:25:09.526+0000] {processor.py:183} INFO - Processing /home/airflow/.local/lib/python3.12/site-packages/airflow/example_dags/example_bash_operator.py took 0.120 seconds
[2024-07-31T12:25:40.221+0000] {processor.py:161} INFO - Started process (PID=1999) to work on /home/airflow/.local/lib/python3.12/site-packages/airflow/example_dags/example_bash_operator.py
[2024-07-31T12:25:40.224+0000] {processor.py:830} INFO - Processing file /home/airflow/.local/lib/python3.12/site-packages/airflow/example_dags/example_bash_operator.py for tasks to queue
[2024-07-31T12:25:40.227+0000] {logging_mixin.py:188} INFO - [2024-07-31T12:25:40.226+0000] {dagbag.py:545} INFO - Filling up the DagBag from /home/airflow/.local/lib/python3.12/site-packages/airflow/example_dags/example_bash_operator.py
[2024-07-31T12:25:40.247+0000] {processor.py:840} INFO - DAG(s) 'example_bash_operator' retrieved from /home/airflow/.local/lib/python3.12/site-packages/airflow/example_dags/example_bash_operator.py
[2024-07-31T12:25:40.287+0000] {logging_mixin.py:188} INFO - [2024-07-31T12:25:40.287+0000] {dag.py:3089} INFO - Sync 1 DAGs
[2024-07-31T12:25:40.315+0000] {logging_mixin.py:188} INFO - [2024-07-31T12:25:40.315+0000] {dag.py:3947} INFO - Setting next_dagrun for example_bash_operator to 2024-07-30 00:00:00+00:00, run_after=2024-07-31 00:00:00+00:00
[2024-07-31T12:25:40.342+0000] {processor.py:183} INFO - Processing /home/airflow/.local/lib/python3.12/site-packages/airflow/example_dags/example_bash_operator.py took 0.130 seconds
[2024-07-31T12:26:10.640+0000] {processor.py:161} INFO - Started process (PID=2057) to work on /home/airflow/.local/lib/python3.12/site-packages/airflow/example_dags/example_bash_operator.py
[2024-07-31T12:26:10.641+0000] {processor.py:830} INFO - Processing file /home/airflow/.local/lib/python3.12/site-packages/airflow/example_dags/example_bash_operator.py for tasks to queue
[2024-07-31T12:26:10.643+0000] {logging_mixin.py:188} INFO - [2024-07-31T12:26:10.642+0000] {dagbag.py:545} INFO - Filling up the DagBag from /home/airflow/.local/lib/python3.12/site-packages/airflow/example_dags/example_bash_operator.py
[2024-07-31T12:26:10.657+0000] {processor.py:840} INFO - DAG(s) 'example_bash_operator' retrieved from /home/airflow/.local/lib/python3.12/site-packages/airflow/example_dags/example_bash_operator.py
[2024-07-31T12:26:10.698+0000] {logging_mixin.py:188} INFO - [2024-07-31T12:26:10.697+0000] {dag.py:3089} INFO - Sync 1 DAGs
[2024-07-31T12:26:10.733+0000] {logging_mixin.py:188} INFO - [2024-07-31T12:26:10.732+0000] {dag.py:3947} INFO - Setting next_dagrun for example_bash_operator to 2024-07-30 00:00:00+00:00, run_after=2024-07-31 00:00:00+00:00
[2024-07-31T12:26:10.768+0000] {processor.py:183} INFO - Processing /home/airflow/.local/lib/python3.12/site-packages/airflow/example_dags/example_bash_operator.py took 0.135 seconds
[2024-07-31T12:26:41.568+0000] {processor.py:161} INFO - Started process (PID=2114) to work on /home/airflow/.local/lib/python3.12/site-packages/airflow/example_dags/example_bash_operator.py
[2024-07-31T12:26:41.570+0000] {processor.py:830} INFO - Processing file /home/airflow/.local/lib/python3.12/site-packages/airflow/example_dags/example_bash_operator.py for tasks to queue
[2024-07-31T12:26:41.571+0000] {logging_mixin.py:188} INFO - [2024-07-31T12:26:41.571+0000] {dagbag.py:545} INFO - Filling up the DagBag from /home/airflow/.local/lib/python3.12/site-packages/airflow/example_dags/example_bash_operator.py
[2024-07-31T12:26:41.583+0000] {processor.py:840} INFO - DAG(s) 'example_bash_operator' retrieved from /home/airflow/.local/lib/python3.12/site-packages/airflow/example_dags/example_bash_operator.py
[2024-07-31T12:26:41.612+0000] {logging_mixin.py:188} INFO - [2024-07-31T12:26:41.612+0000] {dag.py:3089} INFO - Sync 1 DAGs
[2024-07-31T12:26:41.634+0000] {logging_mixin.py:188} INFO - [2024-07-31T12:26:41.634+0000] {dag.py:3947} INFO - Setting next_dagrun for example_bash_operator to 2024-07-30 00:00:00+00:00, run_after=2024-07-31 00:00:00+00:00
[2024-07-31T12:26:41.653+0000] {processor.py:183} INFO - Processing /home/airflow/.local/lib/python3.12/site-packages/airflow/example_dags/example_bash_operator.py took 0.091 seconds
[2024-07-31T12:27:11.796+0000] {processor.py:161} INFO - Started process (PID=2172) to work on /home/airflow/.local/lib/python3.12/site-packages/airflow/example_dags/example_bash_operator.py
[2024-07-31T12:27:11.797+0000] {processor.py:830} INFO - Processing file /home/airflow/.local/lib/python3.12/site-packages/airflow/example_dags/example_bash_operator.py for tasks to queue
[2024-07-31T12:27:11.798+0000] {logging_mixin.py:188} INFO - [2024-07-31T12:27:11.798+0000] {dagbag.py:545} INFO - Filling up the DagBag from /home/airflow/.local/lib/python3.12/site-packages/airflow/example_dags/example_bash_operator.py
[2024-07-31T12:27:11.812+0000] {processor.py:840} INFO - DAG(s) 'example_bash_operator' retrieved from /home/airflow/.local/lib/python3.12/site-packages/airflow/example_dags/example_bash_operator.py
[2024-07-31T12:27:11.840+0000] {logging_mixin.py:188} INFO - [2024-07-31T12:27:11.840+0000] {dag.py:3089} INFO - Sync 1 DAGs
[2024-07-31T12:27:11.864+0000] {logging_mixin.py:188} INFO - [2024-07-31T12:27:11.864+0000] {dag.py:3947} INFO - Setting next_dagrun for example_bash_operator to 2024-07-30 00:00:00+00:00, run_after=2024-07-31 00:00:00+00:00
[2024-07-31T12:27:11.899+0000] {processor.py:183} INFO - Processing /home/airflow/.local/lib/python3.12/site-packages/airflow/example_dags/example_bash_operator.py took 0.110 seconds
[2024-07-31T12:27:42.455+0000] {processor.py:161} INFO - Started process (PID=2230) to work on /home/airflow/.local/lib/python3.12/site-packages/airflow/example_dags/example_bash_operator.py
[2024-07-31T12:27:42.458+0000] {processor.py:830} INFO - Processing file /home/airflow/.local/lib/python3.12/site-packages/airflow/example_dags/example_bash_operator.py for tasks to queue
[2024-07-31T12:27:42.459+0000] {logging_mixin.py:188} INFO - [2024-07-31T12:27:42.459+0000] {dagbag.py:545} INFO - Filling up the DagBag from /home/airflow/.local/lib/python3.12/site-packages/airflow/example_dags/example_bash_operator.py
[2024-07-31T12:27:42.470+0000] {processor.py:840} INFO - DAG(s) 'example_bash_operator' retrieved from /home/airflow/.local/lib/python3.12/site-packages/airflow/example_dags/example_bash_operator.py
[2024-07-31T12:27:42.506+0000] {logging_mixin.py:188} INFO - [2024-07-31T12:27:42.505+0000] {dag.py:3089} INFO - Sync 1 DAGs
[2024-07-31T12:27:42.540+0000] {logging_mixin.py:188} INFO - [2024-07-31T12:27:42.539+0000] {dag.py:3947} INFO - Setting next_dagrun for example_bash_operator to 2024-07-30 00:00:00+00:00, run_after=2024-07-31 00:00:00+00:00
[2024-07-31T12:27:42.569+0000] {processor.py:183} INFO - Processing /home/airflow/.local/lib/python3.12/site-packages/airflow/example_dags/example_bash_operator.py took 0.120 seconds
[2024-07-31T12:28:13.298+0000] {processor.py:161} INFO - Started process (PID=2288) to work on /home/airflow/.local/lib/python3.12/site-packages/airflow/example_dags/example_bash_operator.py
[2024-07-31T12:28:13.301+0000] {processor.py:830} INFO - Processing file /home/airflow/.local/lib/python3.12/site-packages/airflow/example_dags/example_bash_operator.py for tasks to queue
[2024-07-31T12:28:13.303+0000] {logging_mixin.py:188} INFO - [2024-07-31T12:28:13.303+0000] {dagbag.py:545} INFO - Filling up the DagBag from /home/airflow/.local/lib/python3.12/site-packages/airflow/example_dags/example_bash_operator.py
[2024-07-31T12:28:13.323+0000] {processor.py:840} INFO - DAG(s) 'example_bash_operator' retrieved from /home/airflow/.local/lib/python3.12/site-packages/airflow/example_dags/example_bash_operator.py
[2024-07-31T12:28:13.370+0000] {logging_mixin.py:188} INFO - [2024-07-31T12:28:13.370+0000] {dag.py:3089} INFO - Sync 1 DAGs
[2024-07-31T12:28:13.410+0000] {logging_mixin.py:188} INFO - [2024-07-31T12:28:13.409+0000] {dag.py:3947} INFO - Setting next_dagrun for example_bash_operator to 2024-07-30 00:00:00+00:00, run_after=2024-07-31 00:00:00+00:00
[2024-07-31T12:28:13.451+0000] {processor.py:183} INFO - Processing /home/airflow/.local/lib/python3.12/site-packages/airflow/example_dags/example_bash_operator.py took 0.162 seconds
[2024-07-31T12:28:43.787+0000] {processor.py:161} INFO - Started process (PID=2346) to work on /home/airflow/.local/lib/python3.12/site-packages/airflow/example_dags/example_bash_operator.py
[2024-07-31T12:28:43.790+0000] {processor.py:830} INFO - Processing file /home/airflow/.local/lib/python3.12/site-packages/airflow/example_dags/example_bash_operator.py for tasks to queue
[2024-07-31T12:28:43.792+0000] {logging_mixin.py:188} INFO - [2024-07-31T12:28:43.792+0000] {dagbag.py:545} INFO - Filling up the DagBag from /home/airflow/.local/lib/python3.12/site-packages/airflow/example_dags/example_bash_operator.py
[2024-07-31T12:28:43.809+0000] {processor.py:840} INFO - DAG(s) 'example_bash_operator' retrieved from /home/airflow/.local/lib/python3.12/site-packages/airflow/example_dags/example_bash_operator.py
[2024-07-31T12:28:43.838+0000] {logging_mixin.py:188} INFO - [2024-07-31T12:28:43.838+0000] {dag.py:3089} INFO - Sync 1 DAGs
[2024-07-31T12:28:43.865+0000] {logging_mixin.py:188} INFO - [2024-07-31T12:28:43.865+0000] {dag.py:3947} INFO - Setting next_dagrun for example_bash_operator to 2024-07-30 00:00:00+00:00, run_after=2024-07-31 00:00:00+00:00
[2024-07-31T12:28:43.892+0000] {processor.py:183} INFO - Processing /home/airflow/.local/lib/python3.12/site-packages/airflow/example_dags/example_bash_operator.py took 0.113 seconds
[2024-07-31T12:29:14.464+0000] {processor.py:161} INFO - Started process (PID=2404) to work on /home/airflow/.local/lib/python3.12/site-packages/airflow/example_dags/example_bash_operator.py
[2024-07-31T12:29:14.465+0000] {processor.py:830} INFO - Processing file /home/airflow/.local/lib/python3.12/site-packages/airflow/example_dags/example_bash_operator.py for tasks to queue
[2024-07-31T12:29:14.467+0000] {logging_mixin.py:188} INFO - [2024-07-31T12:29:14.467+0000] {dagbag.py:545} INFO - Filling up the DagBag from /home/airflow/.local/lib/python3.12/site-packages/airflow/example_dags/example_bash_operator.py
[2024-07-31T12:29:14.483+0000] {processor.py:840} INFO - DAG(s) 'example_bash_operator' retrieved from /home/airflow/.local/lib/python3.12/site-packages/airflow/example_dags/example_bash_operator.py
[2024-07-31T12:29:14.515+0000] {logging_mixin.py:188} INFO - [2024-07-31T12:29:14.515+0000] {dag.py:3089} INFO - Sync 1 DAGs
[2024-07-31T12:29:14.544+0000] {logging_mixin.py:188} INFO - [2024-07-31T12:29:14.544+0000] {dag.py:3947} INFO - Setting next_dagrun for example_bash_operator to 2024-07-30 00:00:00+00:00, run_after=2024-07-31 00:00:00+00:00
[2024-07-31T12:29:14.568+0000] {processor.py:183} INFO - Processing /home/airflow/.local/lib/python3.12/site-packages/airflow/example_dags/example_bash_operator.py took 0.111 seconds
[2024-07-31T12:29:45.037+0000] {processor.py:161} INFO - Started process (PID=2461) to work on /home/airflow/.local/lib/python3.12/site-packages/airflow/example_dags/example_bash_operator.py
[2024-07-31T12:29:45.040+0000] {processor.py:830} INFO - Processing file /home/airflow/.local/lib/python3.12/site-packages/airflow/example_dags/example_bash_operator.py for tasks to queue
[2024-07-31T12:29:45.042+0000] {logging_mixin.py:188} INFO - [2024-07-31T12:29:45.041+0000] {dagbag.py:545} INFO - Filling up the DagBag from /home/airflow/.local/lib/python3.12/site-packages/airflow/example_dags/example_bash_operator.py
[2024-07-31T12:29:45.053+0000] {processor.py:840} INFO - DAG(s) 'example_bash_operator' retrieved from /home/airflow/.local/lib/python3.12/site-packages/airflow/example_dags/example_bash_operator.py
[2024-07-31T12:29:45.088+0000] {logging_mixin.py:188} INFO - [2024-07-31T12:29:45.087+0000] {dag.py:3089} INFO - Sync 1 DAGs
[2024-07-31T12:29:45.115+0000] {logging_mixin.py:188} INFO - [2024-07-31T12:29:45.114+0000] {dag.py:3947} INFO - Setting next_dagrun for example_bash_operator to 2024-07-30 00:00:00+00:00, run_after=2024-07-31 00:00:00+00:00
[2024-07-31T12:29:45.144+0000] {processor.py:183} INFO - Processing /home/airflow/.local/lib/python3.12/site-packages/airflow/example_dags/example_bash_operator.py took 0.113 seconds
[2024-07-31T12:30:15.696+0000] {processor.py:161} INFO - Started process (PID=2519) to work on /home/airflow/.local/lib/python3.12/site-packages/airflow/example_dags/example_bash_operator.py
[2024-07-31T12:30:15.697+0000] {processor.py:830} INFO - Processing file /home/airflow/.local/lib/python3.12/site-packages/airflow/example_dags/example_bash_operator.py for tasks to queue
[2024-07-31T12:30:15.699+0000] {logging_mixin.py:188} INFO - [2024-07-31T12:30:15.699+0000] {dagbag.py:545} INFO - Filling up the DagBag from /home/airflow/.local/lib/python3.12/site-packages/airflow/example_dags/example_bash_operator.py
[2024-07-31T12:30:15.715+0000] {processor.py:840} INFO - DAG(s) 'example_bash_operator' retrieved from /home/airflow/.local/lib/python3.12/site-packages/airflow/example_dags/example_bash_operator.py
[2024-07-31T12:30:15.758+0000] {logging_mixin.py:188} INFO - [2024-07-31T12:30:15.757+0000] {dag.py:3089} INFO - Sync 1 DAGs
[2024-07-31T12:30:15.801+0000] {logging_mixin.py:188} INFO - [2024-07-31T12:30:15.801+0000] {dag.py:3947} INFO - Setting next_dagrun for example_bash_operator to 2024-07-30 00:00:00+00:00, run_after=2024-07-31 00:00:00+00:00
[2024-07-31T12:30:15.834+0000] {processor.py:183} INFO - Processing /home/airflow/.local/lib/python3.12/site-packages/airflow/example_dags/example_bash_operator.py took 0.145 seconds
[2024-07-31T12:30:46.325+0000] {processor.py:161} INFO - Started process (PID=2577) to work on /home/airflow/.local/lib/python3.12/site-packages/airflow/example_dags/example_bash_operator.py
[2024-07-31T12:30:46.327+0000] {processor.py:830} INFO - Processing file /home/airflow/.local/lib/python3.12/site-packages/airflow/example_dags/example_bash_operator.py for tasks to queue
[2024-07-31T12:30:46.330+0000] {logging_mixin.py:188} INFO - [2024-07-31T12:30:46.329+0000] {dagbag.py:545} INFO - Filling up the DagBag from /home/airflow/.local/lib/python3.12/site-packages/airflow/example_dags/example_bash_operator.py
[2024-07-31T12:30:46.342+0000] {processor.py:840} INFO - DAG(s) 'example_bash_operator' retrieved from /home/airflow/.local/lib/python3.12/site-packages/airflow/example_dags/example_bash_operator.py
[2024-07-31T12:30:46.371+0000] {logging_mixin.py:188} INFO - [2024-07-31T12:30:46.370+0000] {dag.py:3089} INFO - Sync 1 DAGs
[2024-07-31T12:30:46.394+0000] {logging_mixin.py:188} INFO - [2024-07-31T12:30:46.394+0000] {dag.py:3947} INFO - Setting next_dagrun for example_bash_operator to 2024-07-30 00:00:00+00:00, run_after=2024-07-31 00:00:00+00:00
[2024-07-31T12:30:46.422+0000] {processor.py:183} INFO - Processing /home/airflow/.local/lib/python3.12/site-packages/airflow/example_dags/example_bash_operator.py took 0.103 seconds
[2024-07-31T12:31:16.745+0000] {processor.py:161} INFO - Started process (PID=2634) to work on /home/airflow/.local/lib/python3.12/site-packages/airflow/example_dags/example_bash_operator.py
[2024-07-31T12:31:16.746+0000] {processor.py:830} INFO - Processing file /home/airflow/.local/lib/python3.12/site-packages/airflow/example_dags/example_bash_operator.py for tasks to queue
[2024-07-31T12:31:16.748+0000] {logging_mixin.py:188} INFO - [2024-07-31T12:31:16.748+0000] {dagbag.py:545} INFO - Filling up the DagBag from /home/airflow/.local/lib/python3.12/site-packages/airflow/example_dags/example_bash_operator.py
[2024-07-31T12:31:16.768+0000] {processor.py:840} INFO - DAG(s) 'example_bash_operator' retrieved from /home/airflow/.local/lib/python3.12/site-packages/airflow/example_dags/example_bash_operator.py
[2024-07-31T12:31:16.827+0000] {logging_mixin.py:188} INFO - [2024-07-31T12:31:16.826+0000] {dag.py:3089} INFO - Sync 1 DAGs
[2024-07-31T12:31:16.874+0000] {logging_mixin.py:188} INFO - [2024-07-31T12:31:16.873+0000] {dag.py:3947} INFO - Setting next_dagrun for example_bash_operator to 2024-07-30 00:00:00+00:00, run_after=2024-07-31 00:00:00+00:00
[2024-07-31T12:31:16.916+0000] {processor.py:183} INFO - Processing /home/airflow/.local/lib/python3.12/site-packages/airflow/example_dags/example_bash_operator.py took 0.180 seconds
[2024-07-31T12:31:47.273+0000] {processor.py:161} INFO - Started process (PID=2692) to work on /home/airflow/.local/lib/python3.12/site-packages/airflow/example_dags/example_bash_operator.py
[2024-07-31T12:31:47.274+0000] {processor.py:830} INFO - Processing file /home/airflow/.local/lib/python3.12/site-packages/airflow/example_dags/example_bash_operator.py for tasks to queue
[2024-07-31T12:31:47.277+0000] {logging_mixin.py:188} INFO - [2024-07-31T12:31:47.276+0000] {dagbag.py:545} INFO - Filling up the DagBag from /home/airflow/.local/lib/python3.12/site-packages/airflow/example_dags/example_bash_operator.py
[2024-07-31T12:31:47.316+0000] {processor.py:840} INFO - DAG(s) 'example_bash_operator' retrieved from /home/airflow/.local/lib/python3.12/site-packages/airflow/example_dags/example_bash_operator.py
[2024-07-31T12:31:47.407+0000] {logging_mixin.py:188} INFO - [2024-07-31T12:31:47.407+0000] {dag.py:3089} INFO - Sync 1 DAGs
[2024-07-31T12:31:47.446+0000] {logging_mixin.py:188} INFO - [2024-07-31T12:31:47.446+0000] {dag.py:3947} INFO - Setting next_dagrun for example_bash_operator to 2024-07-30 00:00:00+00:00, run_after=2024-07-31 00:00:00+00:00
[2024-07-31T12:31:47.482+0000] {processor.py:183} INFO - Processing /home/airflow/.local/lib/python3.12/site-packages/airflow/example_dags/example_bash_operator.py took 0.221 seconds
[2024-07-31T12:32:17.581+0000] {processor.py:161} INFO - Started process (PID=2750) to work on /home/airflow/.local/lib/python3.12/site-packages/airflow/example_dags/example_bash_operator.py
[2024-07-31T12:32:17.582+0000] {processor.py:830} INFO - Processing file /home/airflow/.local/lib/python3.12/site-packages/airflow/example_dags/example_bash_operator.py for tasks to queue
[2024-07-31T12:32:17.586+0000] {logging_mixin.py:188} INFO - [2024-07-31T12:32:17.585+0000] {dagbag.py:545} INFO - Filling up the DagBag from /home/airflow/.local/lib/python3.12/site-packages/airflow/example_dags/example_bash_operator.py
[2024-07-31T12:32:17.606+0000] {processor.py:840} INFO - DAG(s) 'example_bash_operator' retrieved from /home/airflow/.local/lib/python3.12/site-packages/airflow/example_dags/example_bash_operator.py
[2024-07-31T12:32:17.641+0000] {logging_mixin.py:188} INFO - [2024-07-31T12:32:17.641+0000] {dag.py:3089} INFO - Sync 1 DAGs
[2024-07-31T12:32:17.667+0000] {logging_mixin.py:188} INFO - [2024-07-31T12:32:17.667+0000] {dag.py:3947} INFO - Setting next_dagrun for example_bash_operator to 2024-07-30 00:00:00+00:00, run_after=2024-07-31 00:00:00+00:00
[2024-07-31T12:32:17.701+0000] {processor.py:183} INFO - Processing /home/airflow/.local/lib/python3.12/site-packages/airflow/example_dags/example_bash_operator.py took 0.135 seconds
[2024-07-31T12:32:48.069+0000] {processor.py:161} INFO - Started process (PID=2808) to work on /home/airflow/.local/lib/python3.12/site-packages/airflow/example_dags/example_bash_operator.py
[2024-07-31T12:32:48.072+0000] {processor.py:830} INFO - Processing file /home/airflow/.local/lib/python3.12/site-packages/airflow/example_dags/example_bash_operator.py for tasks to queue
[2024-07-31T12:32:48.075+0000] {logging_mixin.py:188} INFO - [2024-07-31T12:32:48.074+0000] {dagbag.py:545} INFO - Filling up the DagBag from /home/airflow/.local/lib/python3.12/site-packages/airflow/example_dags/example_bash_operator.py
[2024-07-31T12:32:48.087+0000] {processor.py:840} INFO - DAG(s) 'example_bash_operator' retrieved from /home/airflow/.local/lib/python3.12/site-packages/airflow/example_dags/example_bash_operator.py
[2024-07-31T12:32:48.119+0000] {logging_mixin.py:188} INFO - [2024-07-31T12:32:48.119+0000] {dag.py:3089} INFO - Sync 1 DAGs
[2024-07-31T12:32:48.148+0000] {logging_mixin.py:188} INFO - [2024-07-31T12:32:48.148+0000] {dag.py:3947} INFO - Setting next_dagrun for example_bash_operator to 2024-07-30 00:00:00+00:00, run_after=2024-07-31 00:00:00+00:00
[2024-07-31T12:32:48.177+0000] {processor.py:183} INFO - Processing /home/airflow/.local/lib/python3.12/site-packages/airflow/example_dags/example_bash_operator.py took 0.115 seconds
[2024-07-31T12:33:18.855+0000] {processor.py:161} INFO - Started process (PID=2866) to work on /home/airflow/.local/lib/python3.12/site-packages/airflow/example_dags/example_bash_operator.py
[2024-07-31T12:33:18.855+0000] {processor.py:830} INFO - Processing file /home/airflow/.local/lib/python3.12/site-packages/airflow/example_dags/example_bash_operator.py for tasks to queue
[2024-07-31T12:33:18.857+0000] {logging_mixin.py:188} INFO - [2024-07-31T12:33:18.856+0000] {dagbag.py:545} INFO - Filling up the DagBag from /home/airflow/.local/lib/python3.12/site-packages/airflow/example_dags/example_bash_operator.py
[2024-07-31T12:33:18.869+0000] {processor.py:840} INFO - DAG(s) 'example_bash_operator' retrieved from /home/airflow/.local/lib/python3.12/site-packages/airflow/example_dags/example_bash_operator.py
[2024-07-31T12:33:18.901+0000] {logging_mixin.py:188} INFO - [2024-07-31T12:33:18.900+0000] {dag.py:3089} INFO - Sync 1 DAGs
[2024-07-31T12:33:18.935+0000] {logging_mixin.py:188} INFO - [2024-07-31T12:33:18.934+0000] {dag.py:3947} INFO - Setting next_dagrun for example_bash_operator to 2024-07-30 00:00:00+00:00, run_after=2024-07-31 00:00:00+00:00
[2024-07-31T12:33:18.981+0000] {processor.py:183} INFO - Processing /home/airflow/.local/lib/python3.12/site-packages/airflow/example_dags/example_bash_operator.py took 0.133 seconds
[2024-07-31T12:33:49.343+0000] {processor.py:161} INFO - Started process (PID=2924) to work on /home/airflow/.local/lib/python3.12/site-packages/airflow/example_dags/example_bash_operator.py
[2024-07-31T12:33:49.346+0000] {processor.py:830} INFO - Processing file /home/airflow/.local/lib/python3.12/site-packages/airflow/example_dags/example_bash_operator.py for tasks to queue
[2024-07-31T12:33:49.349+0000] {logging_mixin.py:188} INFO - [2024-07-31T12:33:49.348+0000] {dagbag.py:545} INFO - Filling up the DagBag from /home/airflow/.local/lib/python3.12/site-packages/airflow/example_dags/example_bash_operator.py
[2024-07-31T12:33:49.371+0000] {processor.py:840} INFO - DAG(s) 'example_bash_operator' retrieved from /home/airflow/.local/lib/python3.12/site-packages/airflow/example_dags/example_bash_operator.py
[2024-07-31T12:33:49.424+0000] {logging_mixin.py:188} INFO - [2024-07-31T12:33:49.424+0000] {dag.py:3089} INFO - Sync 1 DAGs
[2024-07-31T12:33:49.460+0000] {logging_mixin.py:188} INFO - [2024-07-31T12:33:49.460+0000] {dag.py:3947} INFO - Setting next_dagrun for example_bash_operator to 2024-07-30 00:00:00+00:00, run_after=2024-07-31 00:00:00+00:00
[2024-07-31T12:33:49.497+0000] {processor.py:183} INFO - Processing /home/airflow/.local/lib/python3.12/site-packages/airflow/example_dags/example_bash_operator.py took 0.167 seconds
[2024-07-31T12:34:19.538+0000] {processor.py:161} INFO - Started process (PID=2980) to work on /home/airflow/.local/lib/python3.12/site-packages/airflow/example_dags/example_bash_operator.py
[2024-07-31T12:34:19.539+0000] {processor.py:830} INFO - Processing file /home/airflow/.local/lib/python3.12/site-packages/airflow/example_dags/example_bash_operator.py for tasks to queue
[2024-07-31T12:34:19.542+0000] {logging_mixin.py:188} INFO - [2024-07-31T12:34:19.541+0000] {dagbag.py:545} INFO - Filling up the DagBag from /home/airflow/.local/lib/python3.12/site-packages/airflow/example_dags/example_bash_operator.py
[2024-07-31T12:34:19.557+0000] {processor.py:840} INFO - DAG(s) 'example_bash_operator' retrieved from /home/airflow/.local/lib/python3.12/site-packages/airflow/example_dags/example_bash_operator.py
[2024-07-31T12:34:19.600+0000] {logging_mixin.py:188} INFO - [2024-07-31T12:34:19.600+0000] {dag.py:3089} INFO - Sync 1 DAGs
[2024-07-31T12:34:19.646+0000] {logging_mixin.py:188} INFO - [2024-07-31T12:34:19.645+0000] {dag.py:3947} INFO - Setting next_dagrun for example_bash_operator to 2024-07-30 00:00:00+00:00, run_after=2024-07-31 00:00:00+00:00
[2024-07-31T12:34:19.683+0000] {processor.py:183} INFO - Processing /home/airflow/.local/lib/python3.12/site-packages/airflow/example_dags/example_bash_operator.py took 0.152 seconds
[2024-07-31T12:34:49.908+0000] {processor.py:161} INFO - Started process (PID=3037) to work on /home/airflow/.local/lib/python3.12/site-packages/airflow/example_dags/example_bash_operator.py
[2024-07-31T12:34:49.911+0000] {processor.py:830} INFO - Processing file /home/airflow/.local/lib/python3.12/site-packages/airflow/example_dags/example_bash_operator.py for tasks to queue
[2024-07-31T12:34:49.914+0000] {logging_mixin.py:188} INFO - [2024-07-31T12:34:49.913+0000] {dagbag.py:545} INFO - Filling up the DagBag from /home/airflow/.local/lib/python3.12/site-packages/airflow/example_dags/example_bash_operator.py
[2024-07-31T12:34:49.934+0000] {processor.py:840} INFO - DAG(s) 'example_bash_operator' retrieved from /home/airflow/.local/lib/python3.12/site-packages/airflow/example_dags/example_bash_operator.py
[2024-07-31T12:34:49.977+0000] {logging_mixin.py:188} INFO - [2024-07-31T12:34:49.976+0000] {dag.py:3089} INFO - Sync 1 DAGs
[2024-07-31T12:34:50.003+0000] {logging_mixin.py:188} INFO - [2024-07-31T12:34:50.003+0000] {dag.py:3947} INFO - Setting next_dagrun for example_bash_operator to 2024-07-30 00:00:00+00:00, run_after=2024-07-31 00:00:00+00:00
[2024-07-31T12:34:50.039+0000] {processor.py:183} INFO - Processing /home/airflow/.local/lib/python3.12/site-packages/airflow/example_dags/example_bash_operator.py took 0.141 seconds
[2024-07-31T12:35:20.157+0000] {processor.py:161} INFO - Started process (PID=3094) to work on /home/airflow/.local/lib/python3.12/site-packages/airflow/example_dags/example_bash_operator.py
[2024-07-31T12:35:20.158+0000] {processor.py:830} INFO - Processing file /home/airflow/.local/lib/python3.12/site-packages/airflow/example_dags/example_bash_operator.py for tasks to queue
[2024-07-31T12:35:20.160+0000] {logging_mixin.py:188} INFO - [2024-07-31T12:35:20.159+0000] {dagbag.py:545} INFO - Filling up the DagBag from /home/airflow/.local/lib/python3.12/site-packages/airflow/example_dags/example_bash_operator.py
[2024-07-31T12:35:20.173+0000] {processor.py:840} INFO - DAG(s) 'example_bash_operator' retrieved from /home/airflow/.local/lib/python3.12/site-packages/airflow/example_dags/example_bash_operator.py
[2024-07-31T12:35:20.208+0000] {logging_mixin.py:188} INFO - [2024-07-31T12:35:20.207+0000] {dag.py:3089} INFO - Sync 1 DAGs
[2024-07-31T12:35:20.236+0000] {logging_mixin.py:188} INFO - [2024-07-31T12:35:20.236+0000] {dag.py:3947} INFO - Setting next_dagrun for example_bash_operator to 2024-07-30 00:00:00+00:00, run_after=2024-07-31 00:00:00+00:00
[2024-07-31T12:35:20.268+0000] {processor.py:183} INFO - Processing /home/airflow/.local/lib/python3.12/site-packages/airflow/example_dags/example_bash_operator.py took 0.121 seconds
[2024-07-31T12:35:50.421+0000] {processor.py:161} INFO - Started process (PID=3151) to work on /home/airflow/.local/lib/python3.12/site-packages/airflow/example_dags/example_bash_operator.py
[2024-07-31T12:35:50.423+0000] {processor.py:830} INFO - Processing file /home/airflow/.local/lib/python3.12/site-packages/airflow/example_dags/example_bash_operator.py for tasks to queue
[2024-07-31T12:35:50.425+0000] {logging_mixin.py:188} INFO - [2024-07-31T12:35:50.425+0000] {dagbag.py:545} INFO - Filling up the DagBag from /home/airflow/.local/lib/python3.12/site-packages/airflow/example_dags/example_bash_operator.py
[2024-07-31T12:35:50.443+0000] {processor.py:840} INFO - DAG(s) 'example_bash_operator' retrieved from /home/airflow/.local/lib/python3.12/site-packages/airflow/example_dags/example_bash_operator.py
[2024-07-31T12:35:50.495+0000] {logging_mixin.py:188} INFO - [2024-07-31T12:35:50.495+0000] {dag.py:3089} INFO - Sync 1 DAGs
[2024-07-31T12:35:50.539+0000] {logging_mixin.py:188} INFO - [2024-07-31T12:35:50.538+0000] {dag.py:3947} INFO - Setting next_dagrun for example_bash_operator to 2024-07-30 00:00:00+00:00, run_after=2024-07-31 00:00:00+00:00
[2024-07-31T12:35:50.593+0000] {processor.py:183} INFO - Processing /home/airflow/.local/lib/python3.12/site-packages/airflow/example_dags/example_bash_operator.py took 0.180 seconds
[2024-07-31T12:36:20.823+0000] {processor.py:161} INFO - Started process (PID=3208) to work on /home/airflow/.local/lib/python3.12/site-packages/airflow/example_dags/example_bash_operator.py
[2024-07-31T12:36:20.824+0000] {processor.py:830} INFO - Processing file /home/airflow/.local/lib/python3.12/site-packages/airflow/example_dags/example_bash_operator.py for tasks to queue
[2024-07-31T12:36:20.826+0000] {logging_mixin.py:188} INFO - [2024-07-31T12:36:20.826+0000] {dagbag.py:545} INFO - Filling up the DagBag from /home/airflow/.local/lib/python3.12/site-packages/airflow/example_dags/example_bash_operator.py
[2024-07-31T12:36:20.838+0000] {processor.py:840} INFO - DAG(s) 'example_bash_operator' retrieved from /home/airflow/.local/lib/python3.12/site-packages/airflow/example_dags/example_bash_operator.py
[2024-07-31T12:36:20.882+0000] {logging_mixin.py:188} INFO - [2024-07-31T12:36:20.882+0000] {dag.py:3089} INFO - Sync 1 DAGs
[2024-07-31T12:36:20.925+0000] {logging_mixin.py:188} INFO - [2024-07-31T12:36:20.925+0000] {dag.py:3947} INFO - Setting next_dagrun for example_bash_operator to 2024-07-30 00:00:00+00:00, run_after=2024-07-31 00:00:00+00:00
[2024-07-31T12:36:20.960+0000] {processor.py:183} INFO - Processing /home/airflow/.local/lib/python3.12/site-packages/airflow/example_dags/example_bash_operator.py took 0.145 seconds
[2024-07-31T12:36:51.234+0000] {processor.py:161} INFO - Started process (PID=3265) to work on /home/airflow/.local/lib/python3.12/site-packages/airflow/example_dags/example_bash_operator.py
[2024-07-31T12:36:51.237+0000] {processor.py:830} INFO - Processing file /home/airflow/.local/lib/python3.12/site-packages/airflow/example_dags/example_bash_operator.py for tasks to queue
[2024-07-31T12:36:51.240+0000] {logging_mixin.py:188} INFO - [2024-07-31T12:36:51.239+0000] {dagbag.py:545} INFO - Filling up the DagBag from /home/airflow/.local/lib/python3.12/site-packages/airflow/example_dags/example_bash_operator.py
[2024-07-31T12:36:51.256+0000] {processor.py:840} INFO - DAG(s) 'example_bash_operator' retrieved from /home/airflow/.local/lib/python3.12/site-packages/airflow/example_dags/example_bash_operator.py
[2024-07-31T12:36:51.308+0000] {logging_mixin.py:188} INFO - [2024-07-31T12:36:51.308+0000] {dag.py:3089} INFO - Sync 1 DAGs
[2024-07-31T12:36:51.334+0000] {logging_mixin.py:188} INFO - [2024-07-31T12:36:51.334+0000] {dag.py:3947} INFO - Setting next_dagrun for example_bash_operator to 2024-07-30 00:00:00+00:00, run_after=2024-07-31 00:00:00+00:00
[2024-07-31T12:36:51.365+0000] {processor.py:183} INFO - Processing /home/airflow/.local/lib/python3.12/site-packages/airflow/example_dags/example_bash_operator.py took 0.139 seconds
[2024-07-31T12:37:21.544+0000] {processor.py:161} INFO - Started process (PID=3323) to work on /home/airflow/.local/lib/python3.12/site-packages/airflow/example_dags/example_bash_operator.py
[2024-07-31T12:37:21.545+0000] {processor.py:830} INFO - Processing file /home/airflow/.local/lib/python3.12/site-packages/airflow/example_dags/example_bash_operator.py for tasks to queue
[2024-07-31T12:37:21.546+0000] {logging_mixin.py:188} INFO - [2024-07-31T12:37:21.546+0000] {dagbag.py:545} INFO - Filling up the DagBag from /home/airflow/.local/lib/python3.12/site-packages/airflow/example_dags/example_bash_operator.py
[2024-07-31T12:37:21.558+0000] {processor.py:840} INFO - DAG(s) 'example_bash_operator' retrieved from /home/airflow/.local/lib/python3.12/site-packages/airflow/example_dags/example_bash_operator.py
[2024-07-31T12:37:21.589+0000] {logging_mixin.py:188} INFO - [2024-07-31T12:37:21.588+0000] {dag.py:3089} INFO - Sync 1 DAGs
[2024-07-31T12:37:21.622+0000] {logging_mixin.py:188} INFO - [2024-07-31T12:37:21.622+0000] {dag.py:3947} INFO - Setting next_dagrun for example_bash_operator to 2024-07-30 00:00:00+00:00, run_after=2024-07-31 00:00:00+00:00
[2024-07-31T12:37:21.647+0000] {processor.py:183} INFO - Processing /home/airflow/.local/lib/python3.12/site-packages/airflow/example_dags/example_bash_operator.py took 0.110 seconds
[2024-07-31T12:37:52.338+0000] {processor.py:161} INFO - Started process (PID=3380) to work on /home/airflow/.local/lib/python3.12/site-packages/airflow/example_dags/example_bash_operator.py
[2024-07-31T12:37:52.341+0000] {processor.py:830} INFO - Processing file /home/airflow/.local/lib/python3.12/site-packages/airflow/example_dags/example_bash_operator.py for tasks to queue
[2024-07-31T12:37:52.345+0000] {logging_mixin.py:188} INFO - [2024-07-31T12:37:52.344+0000] {dagbag.py:545} INFO - Filling up the DagBag from /home/airflow/.local/lib/python3.12/site-packages/airflow/example_dags/example_bash_operator.py
[2024-07-31T12:37:52.359+0000] {processor.py:840} INFO - DAG(s) 'example_bash_operator' retrieved from /home/airflow/.local/lib/python3.12/site-packages/airflow/example_dags/example_bash_operator.py
[2024-07-31T12:37:52.390+0000] {logging_mixin.py:188} INFO - [2024-07-31T12:37:52.389+0000] {dag.py:3089} INFO - Sync 1 DAGs
[2024-07-31T12:37:52.424+0000] {logging_mixin.py:188} INFO - [2024-07-31T12:37:52.424+0000] {dag.py:3947} INFO - Setting next_dagrun for example_bash_operator to 2024-07-30 00:00:00+00:00, run_after=2024-07-31 00:00:00+00:00
[2024-07-31T12:37:52.454+0000] {processor.py:183} INFO - Processing /home/airflow/.local/lib/python3.12/site-packages/airflow/example_dags/example_bash_operator.py took 0.122 seconds
[2024-07-31T12:38:23.016+0000] {processor.py:161} INFO - Started process (PID=3438) to work on /home/airflow/.local/lib/python3.12/site-packages/airflow/example_dags/example_bash_operator.py
[2024-07-31T12:38:23.017+0000] {processor.py:830} INFO - Processing file /home/airflow/.local/lib/python3.12/site-packages/airflow/example_dags/example_bash_operator.py for tasks to queue
[2024-07-31T12:38:23.020+0000] {logging_mixin.py:188} INFO - [2024-07-31T12:38:23.019+0000] {dagbag.py:545} INFO - Filling up the DagBag from /home/airflow/.local/lib/python3.12/site-packages/airflow/example_dags/example_bash_operator.py
[2024-07-31T12:38:23.038+0000] {processor.py:840} INFO - DAG(s) 'example_bash_operator' retrieved from /home/airflow/.local/lib/python3.12/site-packages/airflow/example_dags/example_bash_operator.py
[2024-07-31T12:38:23.082+0000] {logging_mixin.py:188} INFO - [2024-07-31T12:38:23.081+0000] {dag.py:3089} INFO - Sync 1 DAGs
[2024-07-31T12:38:23.131+0000] {logging_mixin.py:188} INFO - [2024-07-31T12:38:23.130+0000] {dag.py:3947} INFO - Setting next_dagrun for example_bash_operator to 2024-07-30 00:00:00+00:00, run_after=2024-07-31 00:00:00+00:00
[2024-07-31T12:38:23.176+0000] {processor.py:183} INFO - Processing /home/airflow/.local/lib/python3.12/site-packages/airflow/example_dags/example_bash_operator.py took 0.167 seconds
