[2024-07-31T12:08:50.191+0000] {processor.py:161} INFO - Started process (PID=75) to work on /home/airflow/.local/lib/python3.12/site-packages/airflow/example_dags/example_xcomargs.py
[2024-07-31T12:08:50.192+0000] {processor.py:830} INFO - Processing file /home/airflow/.local/lib/python3.12/site-packages/airflow/example_dags/example_xcomargs.py for tasks to queue
[2024-07-31T12:08:50.193+0000] {logging_mixin.py:188} INFO - [2024-07-31T12:08:50.193+0000] {dagbag.py:545} INFO - Filling up the DagBag from /home/airflow/.local/lib/python3.12/site-packages/airflow/example_dags/example_xcomargs.py
[2024-07-31T12:08:50.205+0000] {processor.py:840} INFO - DAG(s) 'example_xcom_args', 'example_xcom_args_with_operators' retrieved from /home/airflow/.local/lib/python3.12/site-packages/airflow/example_dags/example_xcomargs.py
[2024-07-31T12:08:50.333+0000] {logging_mixin.py:188} INFO - [2024-07-31T12:08:50.333+0000] {override.py:1858} INFO - Created Permission View: can delete on DAG:example_xcom_args
[2024-07-31T12:08:50.346+0000] {logging_mixin.py:188} INFO - [2024-07-31T12:08:50.345+0000] {override.py:1858} INFO - Created Permission View: can read on DAG:example_xcom_args
[2024-07-31T12:08:50.355+0000] {logging_mixin.py:188} INFO - [2024-07-31T12:08:50.355+0000] {override.py:1858} INFO - Created Permission View: can edit on DAG:example_xcom_args
[2024-07-31T12:08:50.367+0000] {logging_mixin.py:188} INFO - [2024-07-31T12:08:50.367+0000] {override.py:1858} INFO - Created Permission View: can delete on DAG:example_xcom_args_with_operators
[2024-07-31T12:08:50.373+0000] {logging_mixin.py:188} INFO - [2024-07-31T12:08:50.373+0000] {override.py:1858} INFO - Created Permission View: can read on DAG:example_xcom_args_with_operators
[2024-07-31T12:08:50.378+0000] {logging_mixin.py:188} INFO - [2024-07-31T12:08:50.378+0000] {override.py:1858} INFO - Created Permission View: can edit on DAG:example_xcom_args_with_operators
[2024-07-31T12:08:50.379+0000] {logging_mixin.py:188} INFO - [2024-07-31T12:08:50.379+0000] {dag.py:3089} INFO - Sync 2 DAGs
[2024-07-31T12:08:50.392+0000] {logging_mixin.py:188} INFO - [2024-07-31T12:08:50.392+0000] {dag.py:3111} INFO - Creating ORM DAG for example_xcom_args_with_operators
[2024-07-31T12:08:50.393+0000] {logging_mixin.py:188} INFO - [2024-07-31T12:08:50.393+0000] {dag.py:3111} INFO - Creating ORM DAG for example_xcom_args
[2024-07-31T12:08:50.393+0000] {logging_mixin.py:188} INFO - [2024-07-31T12:08:50.393+0000] {dag.py:3947} INFO - Setting next_dagrun for example_xcom_args to None, run_after=None
[2024-07-31T12:08:50.394+0000] {logging_mixin.py:188} INFO - [2024-07-31T12:08:50.394+0000] {dag.py:3947} INFO - Setting next_dagrun for example_xcom_args_with_operators to None, run_after=None
[2024-07-31T12:08:50.414+0000] {processor.py:183} INFO - Processing /home/airflow/.local/lib/python3.12/site-packages/airflow/example_dags/example_xcomargs.py took 0.228 seconds
[2024-07-31T12:09:20.451+0000] {processor.py:161} INFO - Started process (PID=132) to work on /home/airflow/.local/lib/python3.12/site-packages/airflow/example_dags/example_xcomargs.py
[2024-07-31T12:09:20.452+0000] {processor.py:830} INFO - Processing file /home/airflow/.local/lib/python3.12/site-packages/airflow/example_dags/example_xcomargs.py for tasks to queue
[2024-07-31T12:09:20.454+0000] {logging_mixin.py:188} INFO - [2024-07-31T12:09:20.454+0000] {dagbag.py:545} INFO - Filling up the DagBag from /home/airflow/.local/lib/python3.12/site-packages/airflow/example_dags/example_xcomargs.py
[2024-07-31T12:09:20.466+0000] {processor.py:840} INFO - DAG(s) 'example_xcom_args_with_operators', 'example_xcom_args' retrieved from /home/airflow/.local/lib/python3.12/site-packages/airflow/example_dags/example_xcomargs.py
[2024-07-31T12:09:20.496+0000] {logging_mixin.py:188} INFO - [2024-07-31T12:09:20.495+0000] {dag.py:3089} INFO - Sync 2 DAGs
[2024-07-31T12:09:20.513+0000] {logging_mixin.py:188} INFO - [2024-07-31T12:09:20.513+0000] {dag.py:3947} INFO - Setting next_dagrun for example_xcom_args to None, run_after=None
[2024-07-31T12:09:20.517+0000] {logging_mixin.py:188} INFO - [2024-07-31T12:09:20.517+0000] {dag.py:3947} INFO - Setting next_dagrun for example_xcom_args_with_operators to None, run_after=None
[2024-07-31T12:09:20.538+0000] {processor.py:183} INFO - Processing /home/airflow/.local/lib/python3.12/site-packages/airflow/example_dags/example_xcomargs.py took 0.096 seconds
[2024-07-31T12:09:51.479+0000] {processor.py:161} INFO - Started process (PID=190) to work on /home/airflow/.local/lib/python3.12/site-packages/airflow/example_dags/example_xcomargs.py
[2024-07-31T12:09:51.480+0000] {processor.py:830} INFO - Processing file /home/airflow/.local/lib/python3.12/site-packages/airflow/example_dags/example_xcomargs.py for tasks to queue
[2024-07-31T12:09:51.481+0000] {logging_mixin.py:188} INFO - [2024-07-31T12:09:51.481+0000] {dagbag.py:545} INFO - Filling up the DagBag from /home/airflow/.local/lib/python3.12/site-packages/airflow/example_dags/example_xcomargs.py
[2024-07-31T12:09:51.488+0000] {processor.py:840} INFO - DAG(s) 'example_xcom_args_with_operators', 'example_xcom_args' retrieved from /home/airflow/.local/lib/python3.12/site-packages/airflow/example_dags/example_xcomargs.py
[2024-07-31T12:09:51.514+0000] {logging_mixin.py:188} INFO - [2024-07-31T12:09:51.514+0000] {dag.py:3089} INFO - Sync 2 DAGs
[2024-07-31T12:09:51.527+0000] {logging_mixin.py:188} INFO - [2024-07-31T12:09:51.527+0000] {dag.py:3947} INFO - Setting next_dagrun for example_xcom_args to None, run_after=None
[2024-07-31T12:09:51.531+0000] {logging_mixin.py:188} INFO - [2024-07-31T12:09:51.531+0000] {dag.py:3947} INFO - Setting next_dagrun for example_xcom_args_with_operators to None, run_after=None
[2024-07-31T12:09:51.553+0000] {processor.py:183} INFO - Processing /home/airflow/.local/lib/python3.12/site-packages/airflow/example_dags/example_xcomargs.py took 0.081 seconds
[2024-07-31T12:10:21.913+0000] {processor.py:161} INFO - Started process (PID=248) to work on /home/airflow/.local/lib/python3.12/site-packages/airflow/example_dags/example_xcomargs.py
[2024-07-31T12:10:21.913+0000] {processor.py:830} INFO - Processing file /home/airflow/.local/lib/python3.12/site-packages/airflow/example_dags/example_xcomargs.py for tasks to queue
[2024-07-31T12:10:21.915+0000] {logging_mixin.py:188} INFO - [2024-07-31T12:10:21.915+0000] {dagbag.py:545} INFO - Filling up the DagBag from /home/airflow/.local/lib/python3.12/site-packages/airflow/example_dags/example_xcomargs.py
[2024-07-31T12:10:21.923+0000] {processor.py:840} INFO - DAG(s) 'example_xcom_args', 'example_xcom_args_with_operators' retrieved from /home/airflow/.local/lib/python3.12/site-packages/airflow/example_dags/example_xcomargs.py
[2024-07-31T12:10:21.946+0000] {logging_mixin.py:188} INFO - [2024-07-31T12:10:21.946+0000] {dag.py:3089} INFO - Sync 2 DAGs
[2024-07-31T12:10:21.959+0000] {logging_mixin.py:188} INFO - [2024-07-31T12:10:21.959+0000] {dag.py:3947} INFO - Setting next_dagrun for example_xcom_args to None, run_after=None
[2024-07-31T12:10:21.964+0000] {logging_mixin.py:188} INFO - [2024-07-31T12:10:21.963+0000] {dag.py:3947} INFO - Setting next_dagrun for example_xcom_args_with_operators to None, run_after=None
[2024-07-31T12:10:21.985+0000] {processor.py:183} INFO - Processing /home/airflow/.local/lib/python3.12/site-packages/airflow/example_dags/example_xcomargs.py took 0.079 seconds
[2024-07-31T12:10:52.194+0000] {processor.py:161} INFO - Started process (PID=306) to work on /home/airflow/.local/lib/python3.12/site-packages/airflow/example_dags/example_xcomargs.py
[2024-07-31T12:10:52.195+0000] {processor.py:830} INFO - Processing file /home/airflow/.local/lib/python3.12/site-packages/airflow/example_dags/example_xcomargs.py for tasks to queue
[2024-07-31T12:10:52.198+0000] {logging_mixin.py:188} INFO - [2024-07-31T12:10:52.197+0000] {dagbag.py:545} INFO - Filling up the DagBag from /home/airflow/.local/lib/python3.12/site-packages/airflow/example_dags/example_xcomargs.py
[2024-07-31T12:10:52.213+0000] {processor.py:840} INFO - DAG(s) 'example_xcom_args_with_operators', 'example_xcom_args' retrieved from /home/airflow/.local/lib/python3.12/site-packages/airflow/example_dags/example_xcomargs.py
[2024-07-31T12:10:52.242+0000] {logging_mixin.py:188} INFO - [2024-07-31T12:10:52.241+0000] {dag.py:3089} INFO - Sync 2 DAGs
[2024-07-31T12:10:52.255+0000] {logging_mixin.py:188} INFO - [2024-07-31T12:10:52.255+0000] {dag.py:3947} INFO - Setting next_dagrun for example_xcom_args to None, run_after=None
[2024-07-31T12:10:52.258+0000] {logging_mixin.py:188} INFO - [2024-07-31T12:10:52.258+0000] {dag.py:3947} INFO - Setting next_dagrun for example_xcom_args_with_operators to None, run_after=None
[2024-07-31T12:10:52.276+0000] {processor.py:183} INFO - Processing /home/airflow/.local/lib/python3.12/site-packages/airflow/example_dags/example_xcomargs.py took 0.092 seconds
[2024-07-31T12:11:22.684+0000] {processor.py:161} INFO - Started process (PID=363) to work on /home/airflow/.local/lib/python3.12/site-packages/airflow/example_dags/example_xcomargs.py
[2024-07-31T12:11:22.685+0000] {processor.py:830} INFO - Processing file /home/airflow/.local/lib/python3.12/site-packages/airflow/example_dags/example_xcomargs.py for tasks to queue
[2024-07-31T12:11:22.687+0000] {logging_mixin.py:188} INFO - [2024-07-31T12:11:22.686+0000] {dagbag.py:545} INFO - Filling up the DagBag from /home/airflow/.local/lib/python3.12/site-packages/airflow/example_dags/example_xcomargs.py
[2024-07-31T12:11:22.695+0000] {processor.py:840} INFO - DAG(s) 'example_xcom_args', 'example_xcom_args_with_operators' retrieved from /home/airflow/.local/lib/python3.12/site-packages/airflow/example_dags/example_xcomargs.py
[2024-07-31T12:11:22.723+0000] {logging_mixin.py:188} INFO - [2024-07-31T12:11:22.722+0000] {dag.py:3089} INFO - Sync 2 DAGs
[2024-07-31T12:11:22.740+0000] {logging_mixin.py:188} INFO - [2024-07-31T12:11:22.740+0000] {dag.py:3947} INFO - Setting next_dagrun for example_xcom_args to None, run_after=None
[2024-07-31T12:11:22.746+0000] {logging_mixin.py:188} INFO - [2024-07-31T12:11:22.746+0000] {dag.py:3947} INFO - Setting next_dagrun for example_xcom_args_with_operators to None, run_after=None
[2024-07-31T12:11:22.772+0000] {processor.py:183} INFO - Processing /home/airflow/.local/lib/python3.12/site-packages/airflow/example_dags/example_xcomargs.py took 0.093 seconds
[2024-07-31T12:11:52.941+0000] {processor.py:161} INFO - Started process (PID=421) to work on /home/airflow/.local/lib/python3.12/site-packages/airflow/example_dags/example_xcomargs.py
[2024-07-31T12:11:52.942+0000] {processor.py:830} INFO - Processing file /home/airflow/.local/lib/python3.12/site-packages/airflow/example_dags/example_xcomargs.py for tasks to queue
[2024-07-31T12:11:52.944+0000] {logging_mixin.py:188} INFO - [2024-07-31T12:11:52.944+0000] {dagbag.py:545} INFO - Filling up the DagBag from /home/airflow/.local/lib/python3.12/site-packages/airflow/example_dags/example_xcomargs.py
[2024-07-31T12:11:52.951+0000] {processor.py:840} INFO - DAG(s) 'example_xcom_args', 'example_xcom_args_with_operators' retrieved from /home/airflow/.local/lib/python3.12/site-packages/airflow/example_dags/example_xcomargs.py
[2024-07-31T12:11:52.972+0000] {logging_mixin.py:188} INFO - [2024-07-31T12:11:52.972+0000] {dag.py:3089} INFO - Sync 2 DAGs
[2024-07-31T12:11:52.986+0000] {logging_mixin.py:188} INFO - [2024-07-31T12:11:52.986+0000] {dag.py:3947} INFO - Setting next_dagrun for example_xcom_args to None, run_after=None
[2024-07-31T12:11:52.992+0000] {logging_mixin.py:188} INFO - [2024-07-31T12:11:52.992+0000] {dag.py:3947} INFO - Setting next_dagrun for example_xcom_args_with_operators to None, run_after=None
[2024-07-31T12:11:53.010+0000] {processor.py:183} INFO - Processing /home/airflow/.local/lib/python3.12/site-packages/airflow/example_dags/example_xcomargs.py took 0.074 seconds
[2024-07-31T12:12:23.542+0000] {processor.py:161} INFO - Started process (PID=479) to work on /home/airflow/.local/lib/python3.12/site-packages/airflow/example_dags/example_xcomargs.py
[2024-07-31T12:12:23.543+0000] {processor.py:830} INFO - Processing file /home/airflow/.local/lib/python3.12/site-packages/airflow/example_dags/example_xcomargs.py for tasks to queue
[2024-07-31T12:12:23.545+0000] {logging_mixin.py:188} INFO - [2024-07-31T12:12:23.545+0000] {dagbag.py:545} INFO - Filling up the DagBag from /home/airflow/.local/lib/python3.12/site-packages/airflow/example_dags/example_xcomargs.py
[2024-07-31T12:12:23.555+0000] {processor.py:840} INFO - DAG(s) 'example_xcom_args', 'example_xcom_args_with_operators' retrieved from /home/airflow/.local/lib/python3.12/site-packages/airflow/example_dags/example_xcomargs.py
[2024-07-31T12:12:23.583+0000] {logging_mixin.py:188} INFO - [2024-07-31T12:12:23.583+0000] {dag.py:3089} INFO - Sync 2 DAGs
[2024-07-31T12:12:23.600+0000] {logging_mixin.py:188} INFO - [2024-07-31T12:12:23.599+0000] {dag.py:3947} INFO - Setting next_dagrun for example_xcom_args to None, run_after=None
[2024-07-31T12:12:23.603+0000] {logging_mixin.py:188} INFO - [2024-07-31T12:12:23.603+0000] {dag.py:3947} INFO - Setting next_dagrun for example_xcom_args_with_operators to None, run_after=None
[2024-07-31T12:12:23.622+0000] {processor.py:183} INFO - Processing /home/airflow/.local/lib/python3.12/site-packages/airflow/example_dags/example_xcomargs.py took 0.087 seconds
[2024-07-31T12:12:54.153+0000] {processor.py:161} INFO - Started process (PID=536) to work on /home/airflow/.local/lib/python3.12/site-packages/airflow/example_dags/example_xcomargs.py
[2024-07-31T12:12:54.154+0000] {processor.py:830} INFO - Processing file /home/airflow/.local/lib/python3.12/site-packages/airflow/example_dags/example_xcomargs.py for tasks to queue
[2024-07-31T12:12:54.156+0000] {logging_mixin.py:188} INFO - [2024-07-31T12:12:54.155+0000] {dagbag.py:545} INFO - Filling up the DagBag from /home/airflow/.local/lib/python3.12/site-packages/airflow/example_dags/example_xcomargs.py
[2024-07-31T12:12:54.167+0000] {processor.py:840} INFO - DAG(s) 'example_xcom_args_with_operators', 'example_xcom_args' retrieved from /home/airflow/.local/lib/python3.12/site-packages/airflow/example_dags/example_xcomargs.py
[2024-07-31T12:12:54.190+0000] {logging_mixin.py:188} INFO - [2024-07-31T12:12:54.190+0000] {dag.py:3089} INFO - Sync 2 DAGs
[2024-07-31T12:12:54.204+0000] {logging_mixin.py:188} INFO - [2024-07-31T12:12:54.204+0000] {dag.py:3947} INFO - Setting next_dagrun for example_xcom_args to None, run_after=None
[2024-07-31T12:12:54.209+0000] {logging_mixin.py:188} INFO - [2024-07-31T12:12:54.209+0000] {dag.py:3947} INFO - Setting next_dagrun for example_xcom_args_with_operators to None, run_after=None
[2024-07-31T12:12:54.231+0000] {processor.py:183} INFO - Processing /home/airflow/.local/lib/python3.12/site-packages/airflow/example_dags/example_xcomargs.py took 0.086 seconds
[2024-07-31T12:13:24.400+0000] {processor.py:161} INFO - Started process (PID=594) to work on /home/airflow/.local/lib/python3.12/site-packages/airflow/example_dags/example_xcomargs.py
[2024-07-31T12:13:24.402+0000] {processor.py:830} INFO - Processing file /home/airflow/.local/lib/python3.12/site-packages/airflow/example_dags/example_xcomargs.py for tasks to queue
[2024-07-31T12:13:24.404+0000] {logging_mixin.py:188} INFO - [2024-07-31T12:13:24.404+0000] {dagbag.py:545} INFO - Filling up the DagBag from /home/airflow/.local/lib/python3.12/site-packages/airflow/example_dags/example_xcomargs.py
[2024-07-31T12:13:24.413+0000] {processor.py:840} INFO - DAG(s) 'example_xcom_args_with_operators', 'example_xcom_args' retrieved from /home/airflow/.local/lib/python3.12/site-packages/airflow/example_dags/example_xcomargs.py
[2024-07-31T12:13:24.434+0000] {logging_mixin.py:188} INFO - [2024-07-31T12:13:24.434+0000] {dag.py:3089} INFO - Sync 2 DAGs
[2024-07-31T12:13:24.447+0000] {logging_mixin.py:188} INFO - [2024-07-31T12:13:24.447+0000] {dag.py:3947} INFO - Setting next_dagrun for example_xcom_args to None, run_after=None
[2024-07-31T12:13:24.451+0000] {logging_mixin.py:188} INFO - [2024-07-31T12:13:24.451+0000] {dag.py:3947} INFO - Setting next_dagrun for example_xcom_args_with_operators to None, run_after=None
[2024-07-31T12:13:24.473+0000] {processor.py:183} INFO - Processing /home/airflow/.local/lib/python3.12/site-packages/airflow/example_dags/example_xcomargs.py took 0.080 seconds
[2024-07-31T12:13:55.367+0000] {processor.py:161} INFO - Started process (PID=651) to work on /home/airflow/.local/lib/python3.12/site-packages/airflow/example_dags/example_xcomargs.py
[2024-07-31T12:13:55.367+0000] {processor.py:830} INFO - Processing file /home/airflow/.local/lib/python3.12/site-packages/airflow/example_dags/example_xcomargs.py for tasks to queue
[2024-07-31T12:13:55.369+0000] {logging_mixin.py:188} INFO - [2024-07-31T12:13:55.369+0000] {dagbag.py:545} INFO - Filling up the DagBag from /home/airflow/.local/lib/python3.12/site-packages/airflow/example_dags/example_xcomargs.py
[2024-07-31T12:13:55.379+0000] {processor.py:840} INFO - DAG(s) 'example_xcom_args_with_operators', 'example_xcom_args' retrieved from /home/airflow/.local/lib/python3.12/site-packages/airflow/example_dags/example_xcomargs.py
[2024-07-31T12:13:55.405+0000] {logging_mixin.py:188} INFO - [2024-07-31T12:13:55.404+0000] {dag.py:3089} INFO - Sync 2 DAGs
[2024-07-31T12:13:55.423+0000] {logging_mixin.py:188} INFO - [2024-07-31T12:13:55.422+0000] {dag.py:3947} INFO - Setting next_dagrun for example_xcom_args to None, run_after=None
[2024-07-31T12:13:55.433+0000] {logging_mixin.py:188} INFO - [2024-07-31T12:13:55.432+0000] {dag.py:3947} INFO - Setting next_dagrun for example_xcom_args_with_operators to None, run_after=None
[2024-07-31T12:13:55.463+0000] {processor.py:183} INFO - Processing /home/airflow/.local/lib/python3.12/site-packages/airflow/example_dags/example_xcomargs.py took 0.104 seconds
[2024-07-31T12:14:25.940+0000] {processor.py:161} INFO - Started process (PID=715) to work on /home/airflow/.local/lib/python3.12/site-packages/airflow/example_dags/example_xcomargs.py
[2024-07-31T12:14:25.942+0000] {processor.py:830} INFO - Processing file /home/airflow/.local/lib/python3.12/site-packages/airflow/example_dags/example_xcomargs.py for tasks to queue
[2024-07-31T12:14:25.944+0000] {logging_mixin.py:188} INFO - [2024-07-31T12:14:25.943+0000] {dagbag.py:545} INFO - Filling up the DagBag from /home/airflow/.local/lib/python3.12/site-packages/airflow/example_dags/example_xcomargs.py
[2024-07-31T12:14:25.956+0000] {processor.py:840} INFO - DAG(s) 'example_xcom_args', 'example_xcom_args_with_operators' retrieved from /home/airflow/.local/lib/python3.12/site-packages/airflow/example_dags/example_xcomargs.py
[2024-07-31T12:14:25.983+0000] {logging_mixin.py:188} INFO - [2024-07-31T12:14:25.982+0000] {dag.py:3089} INFO - Sync 2 DAGs
[2024-07-31T12:14:25.996+0000] {logging_mixin.py:188} INFO - [2024-07-31T12:14:25.996+0000] {dag.py:3947} INFO - Setting next_dagrun for example_xcom_args to None, run_after=None
[2024-07-31T12:14:26.000+0000] {logging_mixin.py:188} INFO - [2024-07-31T12:14:26.000+0000] {dag.py:3947} INFO - Setting next_dagrun for example_xcom_args_with_operators to None, run_after=None
[2024-07-31T12:14:26.023+0000] {processor.py:183} INFO - Processing /home/airflow/.local/lib/python3.12/site-packages/airflow/example_dags/example_xcomargs.py took 0.093 seconds
[2024-07-31T12:14:56.365+0000] {processor.py:161} INFO - Started process (PID=773) to work on /home/airflow/.local/lib/python3.12/site-packages/airflow/example_dags/example_xcomargs.py
[2024-07-31T12:14:56.366+0000] {processor.py:830} INFO - Processing file /home/airflow/.local/lib/python3.12/site-packages/airflow/example_dags/example_xcomargs.py for tasks to queue
[2024-07-31T12:14:56.367+0000] {logging_mixin.py:188} INFO - [2024-07-31T12:14:56.367+0000] {dagbag.py:545} INFO - Filling up the DagBag from /home/airflow/.local/lib/python3.12/site-packages/airflow/example_dags/example_xcomargs.py
[2024-07-31T12:14:56.376+0000] {processor.py:840} INFO - DAG(s) 'example_xcom_args', 'example_xcom_args_with_operators' retrieved from /home/airflow/.local/lib/python3.12/site-packages/airflow/example_dags/example_xcomargs.py
[2024-07-31T12:14:56.401+0000] {logging_mixin.py:188} INFO - [2024-07-31T12:14:56.401+0000] {dag.py:3089} INFO - Sync 2 DAGs
[2024-07-31T12:14:56.415+0000] {logging_mixin.py:188} INFO - [2024-07-31T12:14:56.415+0000] {dag.py:3947} INFO - Setting next_dagrun for example_xcom_args to None, run_after=None
[2024-07-31T12:14:56.419+0000] {logging_mixin.py:188} INFO - [2024-07-31T12:14:56.419+0000] {dag.py:3947} INFO - Setting next_dagrun for example_xcom_args_with_operators to None, run_after=None
[2024-07-31T12:14:56.439+0000] {processor.py:183} INFO - Processing /home/airflow/.local/lib/python3.12/site-packages/airflow/example_dags/example_xcomargs.py took 0.079 seconds
[2024-07-31T12:15:26.588+0000] {processor.py:161} INFO - Started process (PID=830) to work on /home/airflow/.local/lib/python3.12/site-packages/airflow/example_dags/example_xcomargs.py
[2024-07-31T12:15:26.589+0000] {processor.py:830} INFO - Processing file /home/airflow/.local/lib/python3.12/site-packages/airflow/example_dags/example_xcomargs.py for tasks to queue
[2024-07-31T12:15:26.591+0000] {logging_mixin.py:188} INFO - [2024-07-31T12:15:26.591+0000] {dagbag.py:545} INFO - Filling up the DagBag from /home/airflow/.local/lib/python3.12/site-packages/airflow/example_dags/example_xcomargs.py
[2024-07-31T12:15:26.606+0000] {processor.py:840} INFO - DAG(s) 'example_xcom_args', 'example_xcom_args_with_operators' retrieved from /home/airflow/.local/lib/python3.12/site-packages/airflow/example_dags/example_xcomargs.py
[2024-07-31T12:15:26.633+0000] {logging_mixin.py:188} INFO - [2024-07-31T12:15:26.632+0000] {dag.py:3089} INFO - Sync 2 DAGs
[2024-07-31T12:15:26.649+0000] {logging_mixin.py:188} INFO - [2024-07-31T12:15:26.649+0000] {dag.py:3947} INFO - Setting next_dagrun for example_xcom_args to None, run_after=None
[2024-07-31T12:15:26.654+0000] {logging_mixin.py:188} INFO - [2024-07-31T12:15:26.654+0000] {dag.py:3947} INFO - Setting next_dagrun for example_xcom_args_with_operators to None, run_after=None
[2024-07-31T12:15:26.677+0000] {processor.py:183} INFO - Processing /home/airflow/.local/lib/python3.12/site-packages/airflow/example_dags/example_xcomargs.py took 0.096 seconds
[2024-07-31T12:15:56.937+0000] {processor.py:161} INFO - Started process (PID=887) to work on /home/airflow/.local/lib/python3.12/site-packages/airflow/example_dags/example_xcomargs.py
[2024-07-31T12:15:56.939+0000] {processor.py:830} INFO - Processing file /home/airflow/.local/lib/python3.12/site-packages/airflow/example_dags/example_xcomargs.py for tasks to queue
[2024-07-31T12:15:56.941+0000] {logging_mixin.py:188} INFO - [2024-07-31T12:15:56.941+0000] {dagbag.py:545} INFO - Filling up the DagBag from /home/airflow/.local/lib/python3.12/site-packages/airflow/example_dags/example_xcomargs.py
[2024-07-31T12:15:56.950+0000] {processor.py:840} INFO - DAG(s) 'example_xcom_args_with_operators', 'example_xcom_args' retrieved from /home/airflow/.local/lib/python3.12/site-packages/airflow/example_dags/example_xcomargs.py
[2024-07-31T12:15:56.974+0000] {logging_mixin.py:188} INFO - [2024-07-31T12:15:56.973+0000] {dag.py:3089} INFO - Sync 2 DAGs
[2024-07-31T12:15:56.987+0000] {logging_mixin.py:188} INFO - [2024-07-31T12:15:56.987+0000] {dag.py:3947} INFO - Setting next_dagrun for example_xcom_args to None, run_after=None
[2024-07-31T12:15:56.991+0000] {logging_mixin.py:188} INFO - [2024-07-31T12:15:56.991+0000] {dag.py:3947} INFO - Setting next_dagrun for example_xcom_args_with_operators to None, run_after=None
[2024-07-31T12:15:57.014+0000] {processor.py:183} INFO - Processing /home/airflow/.local/lib/python3.12/site-packages/airflow/example_dags/example_xcomargs.py took 0.084 seconds
[2024-07-31T12:16:27.287+0000] {processor.py:161} INFO - Started process (PID=944) to work on /home/airflow/.local/lib/python3.12/site-packages/airflow/example_dags/example_xcomargs.py
[2024-07-31T12:16:27.288+0000] {processor.py:830} INFO - Processing file /home/airflow/.local/lib/python3.12/site-packages/airflow/example_dags/example_xcomargs.py for tasks to queue
[2024-07-31T12:16:27.290+0000] {logging_mixin.py:188} INFO - [2024-07-31T12:16:27.290+0000] {dagbag.py:545} INFO - Filling up the DagBag from /home/airflow/.local/lib/python3.12/site-packages/airflow/example_dags/example_xcomargs.py
[2024-07-31T12:16:27.299+0000] {processor.py:840} INFO - DAG(s) 'example_xcom_args_with_operators', 'example_xcom_args' retrieved from /home/airflow/.local/lib/python3.12/site-packages/airflow/example_dags/example_xcomargs.py
[2024-07-31T12:16:27.340+0000] {logging_mixin.py:188} INFO - [2024-07-31T12:16:27.340+0000] {dag.py:3089} INFO - Sync 2 DAGs
[2024-07-31T12:16:27.360+0000] {logging_mixin.py:188} INFO - [2024-07-31T12:16:27.360+0000] {dag.py:3947} INFO - Setting next_dagrun for example_xcom_args to None, run_after=None
[2024-07-31T12:16:27.368+0000] {logging_mixin.py:188} INFO - [2024-07-31T12:16:27.368+0000] {dag.py:3947} INFO - Setting next_dagrun for example_xcom_args_with_operators to None, run_after=None
[2024-07-31T12:16:27.397+0000] {processor.py:183} INFO - Processing /home/airflow/.local/lib/python3.12/site-packages/airflow/example_dags/example_xcomargs.py took 0.118 seconds
[2024-07-31T12:16:57.456+0000] {processor.py:161} INFO - Started process (PID=1001) to work on /home/airflow/.local/lib/python3.12/site-packages/airflow/example_dags/example_xcomargs.py
[2024-07-31T12:16:57.457+0000] {processor.py:830} INFO - Processing file /home/airflow/.local/lib/python3.12/site-packages/airflow/example_dags/example_xcomargs.py for tasks to queue
[2024-07-31T12:16:57.459+0000] {logging_mixin.py:188} INFO - [2024-07-31T12:16:57.459+0000] {dagbag.py:545} INFO - Filling up the DagBag from /home/airflow/.local/lib/python3.12/site-packages/airflow/example_dags/example_xcomargs.py
[2024-07-31T12:16:57.467+0000] {processor.py:840} INFO - DAG(s) 'example_xcom_args_with_operators', 'example_xcom_args' retrieved from /home/airflow/.local/lib/python3.12/site-packages/airflow/example_dags/example_xcomargs.py
[2024-07-31T12:16:57.489+0000] {logging_mixin.py:188} INFO - [2024-07-31T12:16:57.489+0000] {dag.py:3089} INFO - Sync 2 DAGs
[2024-07-31T12:16:57.502+0000] {logging_mixin.py:188} INFO - [2024-07-31T12:16:57.501+0000] {dag.py:3947} INFO - Setting next_dagrun for example_xcom_args to None, run_after=None
[2024-07-31T12:16:57.505+0000] {logging_mixin.py:188} INFO - [2024-07-31T12:16:57.505+0000] {dag.py:3947} INFO - Setting next_dagrun for example_xcom_args_with_operators to None, run_after=None
[2024-07-31T12:16:57.524+0000] {processor.py:183} INFO - Processing /home/airflow/.local/lib/python3.12/site-packages/airflow/example_dags/example_xcomargs.py took 0.073 seconds
[2024-07-31T12:17:28.444+0000] {processor.py:161} INFO - Started process (PID=1059) to work on /home/airflow/.local/lib/python3.12/site-packages/airflow/example_dags/example_xcomargs.py
[2024-07-31T12:17:28.445+0000] {processor.py:830} INFO - Processing file /home/airflow/.local/lib/python3.12/site-packages/airflow/example_dags/example_xcomargs.py for tasks to queue
[2024-07-31T12:17:28.447+0000] {logging_mixin.py:188} INFO - [2024-07-31T12:17:28.446+0000] {dagbag.py:545} INFO - Filling up the DagBag from /home/airflow/.local/lib/python3.12/site-packages/airflow/example_dags/example_xcomargs.py
[2024-07-31T12:17:28.460+0000] {processor.py:840} INFO - DAG(s) 'example_xcom_args', 'example_xcom_args_with_operators' retrieved from /home/airflow/.local/lib/python3.12/site-packages/airflow/example_dags/example_xcomargs.py
[2024-07-31T12:17:28.504+0000] {logging_mixin.py:188} INFO - [2024-07-31T12:17:28.504+0000] {dag.py:3089} INFO - Sync 2 DAGs
[2024-07-31T12:17:28.518+0000] {logging_mixin.py:188} INFO - [2024-07-31T12:17:28.518+0000] {dag.py:3947} INFO - Setting next_dagrun for example_xcom_args to None, run_after=None
[2024-07-31T12:17:28.522+0000] {logging_mixin.py:188} INFO - [2024-07-31T12:17:28.522+0000] {dag.py:3947} INFO - Setting next_dagrun for example_xcom_args_with_operators to None, run_after=None
[2024-07-31T12:17:28.541+0000] {processor.py:183} INFO - Processing /home/airflow/.local/lib/python3.12/site-packages/airflow/example_dags/example_xcomargs.py took 0.102 seconds
[2024-07-31T12:17:59.046+0000] {processor.py:161} INFO - Started process (PID=1117) to work on /home/airflow/.local/lib/python3.12/site-packages/airflow/example_dags/example_xcomargs.py
[2024-07-31T12:17:59.047+0000] {processor.py:830} INFO - Processing file /home/airflow/.local/lib/python3.12/site-packages/airflow/example_dags/example_xcomargs.py for tasks to queue
[2024-07-31T12:17:59.049+0000] {logging_mixin.py:188} INFO - [2024-07-31T12:17:59.048+0000] {dagbag.py:545} INFO - Filling up the DagBag from /home/airflow/.local/lib/python3.12/site-packages/airflow/example_dags/example_xcomargs.py
[2024-07-31T12:17:59.057+0000] {processor.py:840} INFO - DAG(s) 'example_xcom_args_with_operators', 'example_xcom_args' retrieved from /home/airflow/.local/lib/python3.12/site-packages/airflow/example_dags/example_xcomargs.py
[2024-07-31T12:17:59.086+0000] {logging_mixin.py:188} INFO - [2024-07-31T12:17:59.085+0000] {dag.py:3089} INFO - Sync 2 DAGs
[2024-07-31T12:17:59.106+0000] {logging_mixin.py:188} INFO - [2024-07-31T12:17:59.106+0000] {dag.py:3947} INFO - Setting next_dagrun for example_xcom_args to None, run_after=None
[2024-07-31T12:17:59.111+0000] {logging_mixin.py:188} INFO - [2024-07-31T12:17:59.111+0000] {dag.py:3947} INFO - Setting next_dagrun for example_xcom_args_with_operators to None, run_after=None
[2024-07-31T12:17:59.134+0000] {processor.py:183} INFO - Processing /home/airflow/.local/lib/python3.12/site-packages/airflow/example_dags/example_xcomargs.py took 0.093 seconds
[2024-07-31T12:18:29.464+0000] {processor.py:161} INFO - Started process (PID=1175) to work on /home/airflow/.local/lib/python3.12/site-packages/airflow/example_dags/example_xcomargs.py
[2024-07-31T12:18:29.465+0000] {processor.py:830} INFO - Processing file /home/airflow/.local/lib/python3.12/site-packages/airflow/example_dags/example_xcomargs.py for tasks to queue
[2024-07-31T12:18:29.468+0000] {logging_mixin.py:188} INFO - [2024-07-31T12:18:29.467+0000] {dagbag.py:545} INFO - Filling up the DagBag from /home/airflow/.local/lib/python3.12/site-packages/airflow/example_dags/example_xcomargs.py
[2024-07-31T12:18:29.483+0000] {processor.py:840} INFO - DAG(s) 'example_xcom_args', 'example_xcom_args_with_operators' retrieved from /home/airflow/.local/lib/python3.12/site-packages/airflow/example_dags/example_xcomargs.py
[2024-07-31T12:18:29.516+0000] {logging_mixin.py:188} INFO - [2024-07-31T12:18:29.515+0000] {dag.py:3089} INFO - Sync 2 DAGs
[2024-07-31T12:18:29.533+0000] {logging_mixin.py:188} INFO - [2024-07-31T12:18:29.533+0000] {dag.py:3947} INFO - Setting next_dagrun for example_xcom_args to None, run_after=None
[2024-07-31T12:18:29.537+0000] {logging_mixin.py:188} INFO - [2024-07-31T12:18:29.537+0000] {dag.py:3947} INFO - Setting next_dagrun for example_xcom_args_with_operators to None, run_after=None
[2024-07-31T12:18:29.559+0000] {processor.py:183} INFO - Processing /home/airflow/.local/lib/python3.12/site-packages/airflow/example_dags/example_xcomargs.py took 0.107 seconds
[2024-07-31T12:18:59.760+0000] {processor.py:161} INFO - Started process (PID=1233) to work on /home/airflow/.local/lib/python3.12/site-packages/airflow/example_dags/example_xcomargs.py
[2024-07-31T12:18:59.761+0000] {processor.py:830} INFO - Processing file /home/airflow/.local/lib/python3.12/site-packages/airflow/example_dags/example_xcomargs.py for tasks to queue
[2024-07-31T12:18:59.763+0000] {logging_mixin.py:188} INFO - [2024-07-31T12:18:59.763+0000] {dagbag.py:545} INFO - Filling up the DagBag from /home/airflow/.local/lib/python3.12/site-packages/airflow/example_dags/example_xcomargs.py
[2024-07-31T12:18:59.773+0000] {processor.py:840} INFO - DAG(s) 'example_xcom_args', 'example_xcom_args_with_operators' retrieved from /home/airflow/.local/lib/python3.12/site-packages/airflow/example_dags/example_xcomargs.py
[2024-07-31T12:18:59.796+0000] {logging_mixin.py:188} INFO - [2024-07-31T12:18:59.795+0000] {dag.py:3089} INFO - Sync 2 DAGs
[2024-07-31T12:18:59.809+0000] {logging_mixin.py:188} INFO - [2024-07-31T12:18:59.809+0000] {dag.py:3947} INFO - Setting next_dagrun for example_xcom_args to None, run_after=None
[2024-07-31T12:18:59.815+0000] {logging_mixin.py:188} INFO - [2024-07-31T12:18:59.815+0000] {dag.py:3947} INFO - Setting next_dagrun for example_xcom_args_with_operators to None, run_after=None
[2024-07-31T12:18:59.846+0000] {processor.py:183} INFO - Processing /home/airflow/.local/lib/python3.12/site-packages/airflow/example_dags/example_xcomargs.py took 0.093 seconds
[2024-07-31T12:19:30.016+0000] {processor.py:161} INFO - Started process (PID=1291) to work on /home/airflow/.local/lib/python3.12/site-packages/airflow/example_dags/example_xcomargs.py
[2024-07-31T12:19:30.017+0000] {processor.py:830} INFO - Processing file /home/airflow/.local/lib/python3.12/site-packages/airflow/example_dags/example_xcomargs.py for tasks to queue
[2024-07-31T12:19:30.018+0000] {logging_mixin.py:188} INFO - [2024-07-31T12:19:30.018+0000] {dagbag.py:545} INFO - Filling up the DagBag from /home/airflow/.local/lib/python3.12/site-packages/airflow/example_dags/example_xcomargs.py
[2024-07-31T12:19:30.025+0000] {processor.py:840} INFO - DAG(s) 'example_xcom_args', 'example_xcom_args_with_operators' retrieved from /home/airflow/.local/lib/python3.12/site-packages/airflow/example_dags/example_xcomargs.py
[2024-07-31T12:19:30.046+0000] {logging_mixin.py:188} INFO - [2024-07-31T12:19:30.045+0000] {dag.py:3089} INFO - Sync 2 DAGs
[2024-07-31T12:19:30.057+0000] {logging_mixin.py:188} INFO - [2024-07-31T12:19:30.057+0000] {dag.py:3947} INFO - Setting next_dagrun for example_xcom_args to None, run_after=None
[2024-07-31T12:19:30.062+0000] {logging_mixin.py:188} INFO - [2024-07-31T12:19:30.062+0000] {dag.py:3947} INFO - Setting next_dagrun for example_xcom_args_with_operators to None, run_after=None
[2024-07-31T12:19:30.079+0000] {processor.py:183} INFO - Processing /home/airflow/.local/lib/python3.12/site-packages/airflow/example_dags/example_xcomargs.py took 0.067 seconds
[2024-07-31T12:20:00.443+0000] {processor.py:161} INFO - Started process (PID=1349) to work on /home/airflow/.local/lib/python3.12/site-packages/airflow/example_dags/example_xcomargs.py
[2024-07-31T12:20:00.443+0000] {processor.py:830} INFO - Processing file /home/airflow/.local/lib/python3.12/site-packages/airflow/example_dags/example_xcomargs.py for tasks to queue
[2024-07-31T12:20:00.445+0000] {logging_mixin.py:188} INFO - [2024-07-31T12:20:00.444+0000] {dagbag.py:545} INFO - Filling up the DagBag from /home/airflow/.local/lib/python3.12/site-packages/airflow/example_dags/example_xcomargs.py
[2024-07-31T12:20:00.453+0000] {processor.py:840} INFO - DAG(s) 'example_xcom_args', 'example_xcom_args_with_operators' retrieved from /home/airflow/.local/lib/python3.12/site-packages/airflow/example_dags/example_xcomargs.py
[2024-07-31T12:20:00.474+0000] {logging_mixin.py:188} INFO - [2024-07-31T12:20:00.474+0000] {dag.py:3089} INFO - Sync 2 DAGs
[2024-07-31T12:20:00.486+0000] {logging_mixin.py:188} INFO - [2024-07-31T12:20:00.486+0000] {dag.py:3947} INFO - Setting next_dagrun for example_xcom_args to None, run_after=None
[2024-07-31T12:20:00.491+0000] {logging_mixin.py:188} INFO - [2024-07-31T12:20:00.490+0000] {dag.py:3947} INFO - Setting next_dagrun for example_xcom_args_with_operators to None, run_after=None
[2024-07-31T12:20:00.508+0000] {processor.py:183} INFO - Processing /home/airflow/.local/lib/python3.12/site-packages/airflow/example_dags/example_xcomargs.py took 0.071 seconds
[2024-07-31T12:20:30.883+0000] {processor.py:161} INFO - Started process (PID=1407) to work on /home/airflow/.local/lib/python3.12/site-packages/airflow/example_dags/example_xcomargs.py
[2024-07-31T12:20:30.884+0000] {processor.py:830} INFO - Processing file /home/airflow/.local/lib/python3.12/site-packages/airflow/example_dags/example_xcomargs.py for tasks to queue
[2024-07-31T12:20:30.886+0000] {logging_mixin.py:188} INFO - [2024-07-31T12:20:30.885+0000] {dagbag.py:545} INFO - Filling up the DagBag from /home/airflow/.local/lib/python3.12/site-packages/airflow/example_dags/example_xcomargs.py
[2024-07-31T12:20:30.896+0000] {processor.py:840} INFO - DAG(s) 'example_xcom_args', 'example_xcom_args_with_operators' retrieved from /home/airflow/.local/lib/python3.12/site-packages/airflow/example_dags/example_xcomargs.py
[2024-07-31T12:20:30.928+0000] {logging_mixin.py:188} INFO - [2024-07-31T12:20:30.928+0000] {dag.py:3089} INFO - Sync 2 DAGs
[2024-07-31T12:20:30.952+0000] {logging_mixin.py:188} INFO - [2024-07-31T12:20:30.952+0000] {dag.py:3947} INFO - Setting next_dagrun for example_xcom_args to None, run_after=None
[2024-07-31T12:20:30.959+0000] {logging_mixin.py:188} INFO - [2024-07-31T12:20:30.958+0000] {dag.py:3947} INFO - Setting next_dagrun for example_xcom_args_with_operators to None, run_after=None
[2024-07-31T12:20:30.980+0000] {processor.py:183} INFO - Processing /home/airflow/.local/lib/python3.12/site-packages/airflow/example_dags/example_xcomargs.py took 0.104 seconds
[2024-07-31T12:21:01.342+0000] {processor.py:161} INFO - Started process (PID=1465) to work on /home/airflow/.local/lib/python3.12/site-packages/airflow/example_dags/example_xcomargs.py
[2024-07-31T12:21:01.347+0000] {processor.py:830} INFO - Processing file /home/airflow/.local/lib/python3.12/site-packages/airflow/example_dags/example_xcomargs.py for tasks to queue
[2024-07-31T12:21:01.352+0000] {logging_mixin.py:188} INFO - [2024-07-31T12:21:01.351+0000] {dagbag.py:545} INFO - Filling up the DagBag from /home/airflow/.local/lib/python3.12/site-packages/airflow/example_dags/example_xcomargs.py
[2024-07-31T12:21:01.363+0000] {processor.py:840} INFO - DAG(s) 'example_xcom_args', 'example_xcom_args_with_operators' retrieved from /home/airflow/.local/lib/python3.12/site-packages/airflow/example_dags/example_xcomargs.py
[2024-07-31T12:21:01.387+0000] {logging_mixin.py:188} INFO - [2024-07-31T12:21:01.387+0000] {dag.py:3089} INFO - Sync 2 DAGs
[2024-07-31T12:21:01.400+0000] {logging_mixin.py:188} INFO - [2024-07-31T12:21:01.400+0000] {dag.py:3947} INFO - Setting next_dagrun for example_xcom_args to None, run_after=None
[2024-07-31T12:21:01.405+0000] {logging_mixin.py:188} INFO - [2024-07-31T12:21:01.405+0000] {dag.py:3947} INFO - Setting next_dagrun for example_xcom_args_with_operators to None, run_after=None
[2024-07-31T12:21:01.431+0000] {processor.py:183} INFO - Processing /home/airflow/.local/lib/python3.12/site-packages/airflow/example_dags/example_xcomargs.py took 0.096 seconds
[2024-07-31T12:21:31.510+0000] {processor.py:161} INFO - Started process (PID=1523) to work on /home/airflow/.local/lib/python3.12/site-packages/airflow/example_dags/example_xcomargs.py
[2024-07-31T12:21:31.510+0000] {processor.py:830} INFO - Processing file /home/airflow/.local/lib/python3.12/site-packages/airflow/example_dags/example_xcomargs.py for tasks to queue
[2024-07-31T12:21:31.512+0000] {logging_mixin.py:188} INFO - [2024-07-31T12:21:31.512+0000] {dagbag.py:545} INFO - Filling up the DagBag from /home/airflow/.local/lib/python3.12/site-packages/airflow/example_dags/example_xcomargs.py
[2024-07-31T12:21:31.519+0000] {processor.py:840} INFO - DAG(s) 'example_xcom_args_with_operators', 'example_xcom_args' retrieved from /home/airflow/.local/lib/python3.12/site-packages/airflow/example_dags/example_xcomargs.py
[2024-07-31T12:21:31.542+0000] {logging_mixin.py:188} INFO - [2024-07-31T12:21:31.542+0000] {dag.py:3089} INFO - Sync 2 DAGs
[2024-07-31T12:21:31.557+0000] {logging_mixin.py:188} INFO - [2024-07-31T12:21:31.557+0000] {dag.py:3947} INFO - Setting next_dagrun for example_xcom_args to None, run_after=None
[2024-07-31T12:21:31.561+0000] {logging_mixin.py:188} INFO - [2024-07-31T12:21:31.561+0000] {dag.py:3947} INFO - Setting next_dagrun for example_xcom_args_with_operators to None, run_after=None
[2024-07-31T12:21:31.578+0000] {processor.py:183} INFO - Processing /home/airflow/.local/lib/python3.12/site-packages/airflow/example_dags/example_xcomargs.py took 0.076 seconds
[2024-07-31T12:22:01.703+0000] {processor.py:161} INFO - Started process (PID=1581) to work on /home/airflow/.local/lib/python3.12/site-packages/airflow/example_dags/example_xcomargs.py
[2024-07-31T12:22:01.704+0000] {processor.py:830} INFO - Processing file /home/airflow/.local/lib/python3.12/site-packages/airflow/example_dags/example_xcomargs.py for tasks to queue
[2024-07-31T12:22:01.705+0000] {logging_mixin.py:188} INFO - [2024-07-31T12:22:01.705+0000] {dagbag.py:545} INFO - Filling up the DagBag from /home/airflow/.local/lib/python3.12/site-packages/airflow/example_dags/example_xcomargs.py
[2024-07-31T12:22:01.712+0000] {processor.py:840} INFO - DAG(s) 'example_xcom_args', 'example_xcom_args_with_operators' retrieved from /home/airflow/.local/lib/python3.12/site-packages/airflow/example_dags/example_xcomargs.py
[2024-07-31T12:22:01.736+0000] {logging_mixin.py:188} INFO - [2024-07-31T12:22:01.736+0000] {dag.py:3089} INFO - Sync 2 DAGs
[2024-07-31T12:22:01.753+0000] {logging_mixin.py:188} INFO - [2024-07-31T12:22:01.753+0000] {dag.py:3947} INFO - Setting next_dagrun for example_xcom_args to None, run_after=None
[2024-07-31T12:22:01.759+0000] {logging_mixin.py:188} INFO - [2024-07-31T12:22:01.759+0000] {dag.py:3947} INFO - Setting next_dagrun for example_xcom_args_with_operators to None, run_after=None
[2024-07-31T12:22:01.787+0000] {processor.py:183} INFO - Processing /home/airflow/.local/lib/python3.12/site-packages/airflow/example_dags/example_xcomargs.py took 0.090 seconds
[2024-07-31T12:22:32.348+0000] {processor.py:161} INFO - Started process (PID=1639) to work on /home/airflow/.local/lib/python3.12/site-packages/airflow/example_dags/example_xcomargs.py
[2024-07-31T12:22:32.350+0000] {processor.py:830} INFO - Processing file /home/airflow/.local/lib/python3.12/site-packages/airflow/example_dags/example_xcomargs.py for tasks to queue
[2024-07-31T12:22:32.352+0000] {logging_mixin.py:188} INFO - [2024-07-31T12:22:32.352+0000] {dagbag.py:545} INFO - Filling up the DagBag from /home/airflow/.local/lib/python3.12/site-packages/airflow/example_dags/example_xcomargs.py
[2024-07-31T12:22:32.363+0000] {processor.py:840} INFO - DAG(s) 'example_xcom_args', 'example_xcom_args_with_operators' retrieved from /home/airflow/.local/lib/python3.12/site-packages/airflow/example_dags/example_xcomargs.py
[2024-07-31T12:22:32.385+0000] {logging_mixin.py:188} INFO - [2024-07-31T12:22:32.385+0000] {dag.py:3089} INFO - Sync 2 DAGs
[2024-07-31T12:22:32.398+0000] {logging_mixin.py:188} INFO - [2024-07-31T12:22:32.397+0000] {dag.py:3947} INFO - Setting next_dagrun for example_xcom_args to None, run_after=None
[2024-07-31T12:22:32.401+0000] {logging_mixin.py:188} INFO - [2024-07-31T12:22:32.401+0000] {dag.py:3947} INFO - Setting next_dagrun for example_xcom_args_with_operators to None, run_after=None
[2024-07-31T12:22:32.420+0000] {processor.py:183} INFO - Processing /home/airflow/.local/lib/python3.12/site-packages/airflow/example_dags/example_xcomargs.py took 0.077 seconds
[2024-07-31T12:23:02.584+0000] {processor.py:161} INFO - Started process (PID=1696) to work on /home/airflow/.local/lib/python3.12/site-packages/airflow/example_dags/example_xcomargs.py
[2024-07-31T12:23:02.586+0000] {processor.py:830} INFO - Processing file /home/airflow/.local/lib/python3.12/site-packages/airflow/example_dags/example_xcomargs.py for tasks to queue
[2024-07-31T12:23:02.588+0000] {logging_mixin.py:188} INFO - [2024-07-31T12:23:02.587+0000] {dagbag.py:545} INFO - Filling up the DagBag from /home/airflow/.local/lib/python3.12/site-packages/airflow/example_dags/example_xcomargs.py
[2024-07-31T12:23:02.597+0000] {processor.py:840} INFO - DAG(s) 'example_xcom_args_with_operators', 'example_xcom_args' retrieved from /home/airflow/.local/lib/python3.12/site-packages/airflow/example_dags/example_xcomargs.py
[2024-07-31T12:23:02.625+0000] {logging_mixin.py:188} INFO - [2024-07-31T12:23:02.624+0000] {dag.py:3089} INFO - Sync 2 DAGs
[2024-07-31T12:23:02.639+0000] {logging_mixin.py:188} INFO - [2024-07-31T12:23:02.639+0000] {dag.py:3947} INFO - Setting next_dagrun for example_xcom_args to None, run_after=None
[2024-07-31T12:23:02.643+0000] {logging_mixin.py:188} INFO - [2024-07-31T12:23:02.643+0000] {dag.py:3947} INFO - Setting next_dagrun for example_xcom_args_with_operators to None, run_after=None
[2024-07-31T12:23:02.668+0000] {processor.py:183} INFO - Processing /home/airflow/.local/lib/python3.12/site-packages/airflow/example_dags/example_xcomargs.py took 0.090 seconds
[2024-07-31T12:23:32.837+0000] {processor.py:161} INFO - Started process (PID=1754) to work on /home/airflow/.local/lib/python3.12/site-packages/airflow/example_dags/example_xcomargs.py
[2024-07-31T12:23:32.838+0000] {processor.py:830} INFO - Processing file /home/airflow/.local/lib/python3.12/site-packages/airflow/example_dags/example_xcomargs.py for tasks to queue
[2024-07-31T12:23:32.840+0000] {logging_mixin.py:188} INFO - [2024-07-31T12:23:32.839+0000] {dagbag.py:545} INFO - Filling up the DagBag from /home/airflow/.local/lib/python3.12/site-packages/airflow/example_dags/example_xcomargs.py
[2024-07-31T12:23:32.850+0000] {processor.py:840} INFO - DAG(s) 'example_xcom_args_with_operators', 'example_xcom_args' retrieved from /home/airflow/.local/lib/python3.12/site-packages/airflow/example_dags/example_xcomargs.py
[2024-07-31T12:23:32.878+0000] {logging_mixin.py:188} INFO - [2024-07-31T12:23:32.877+0000] {dag.py:3089} INFO - Sync 2 DAGs
[2024-07-31T12:23:32.894+0000] {logging_mixin.py:188} INFO - [2024-07-31T12:23:32.894+0000] {dag.py:3947} INFO - Setting next_dagrun for example_xcom_args to None, run_after=None
[2024-07-31T12:23:32.899+0000] {logging_mixin.py:188} INFO - [2024-07-31T12:23:32.898+0000] {dag.py:3947} INFO - Setting next_dagrun for example_xcom_args_with_operators to None, run_after=None
[2024-07-31T12:23:32.923+0000] {processor.py:183} INFO - Processing /home/airflow/.local/lib/python3.12/site-packages/airflow/example_dags/example_xcomargs.py took 0.099 seconds
[2024-07-31T12:24:03.420+0000] {processor.py:161} INFO - Started process (PID=1812) to work on /home/airflow/.local/lib/python3.12/site-packages/airflow/example_dags/example_xcomargs.py
[2024-07-31T12:24:03.422+0000] {processor.py:830} INFO - Processing file /home/airflow/.local/lib/python3.12/site-packages/airflow/example_dags/example_xcomargs.py for tasks to queue
[2024-07-31T12:24:03.424+0000] {logging_mixin.py:188} INFO - [2024-07-31T12:24:03.423+0000] {dagbag.py:545} INFO - Filling up the DagBag from /home/airflow/.local/lib/python3.12/site-packages/airflow/example_dags/example_xcomargs.py
[2024-07-31T12:24:03.435+0000] {processor.py:840} INFO - DAG(s) 'example_xcom_args_with_operators', 'example_xcom_args' retrieved from /home/airflow/.local/lib/python3.12/site-packages/airflow/example_dags/example_xcomargs.py
[2024-07-31T12:24:03.471+0000] {logging_mixin.py:188} INFO - [2024-07-31T12:24:03.471+0000] {dag.py:3089} INFO - Sync 2 DAGs
[2024-07-31T12:24:03.491+0000] {logging_mixin.py:188} INFO - [2024-07-31T12:24:03.490+0000] {dag.py:3947} INFO - Setting next_dagrun for example_xcom_args to None, run_after=None
[2024-07-31T12:24:03.498+0000] {logging_mixin.py:188} INFO - [2024-07-31T12:24:03.497+0000] {dag.py:3947} INFO - Setting next_dagrun for example_xcom_args_with_operators to None, run_after=None
[2024-07-31T12:24:03.526+0000] {processor.py:183} INFO - Processing /home/airflow/.local/lib/python3.12/site-packages/airflow/example_dags/example_xcomargs.py took 0.113 seconds
[2024-07-31T12:24:33.681+0000] {processor.py:161} INFO - Started process (PID=1870) to work on /home/airflow/.local/lib/python3.12/site-packages/airflow/example_dags/example_xcomargs.py
[2024-07-31T12:24:33.683+0000] {processor.py:830} INFO - Processing file /home/airflow/.local/lib/python3.12/site-packages/airflow/example_dags/example_xcomargs.py for tasks to queue
[2024-07-31T12:24:33.685+0000] {logging_mixin.py:188} INFO - [2024-07-31T12:24:33.684+0000] {dagbag.py:545} INFO - Filling up the DagBag from /home/airflow/.local/lib/python3.12/site-packages/airflow/example_dags/example_xcomargs.py
[2024-07-31T12:24:33.693+0000] {processor.py:840} INFO - DAG(s) 'example_xcom_args_with_operators', 'example_xcom_args' retrieved from /home/airflow/.local/lib/python3.12/site-packages/airflow/example_dags/example_xcomargs.py
[2024-07-31T12:24:33.729+0000] {logging_mixin.py:188} INFO - [2024-07-31T12:24:33.728+0000] {dag.py:3089} INFO - Sync 2 DAGs
[2024-07-31T12:24:33.743+0000] {logging_mixin.py:188} INFO - [2024-07-31T12:24:33.743+0000] {dag.py:3947} INFO - Setting next_dagrun for example_xcom_args to None, run_after=None
[2024-07-31T12:24:33.749+0000] {logging_mixin.py:188} INFO - [2024-07-31T12:24:33.749+0000] {dag.py:3947} INFO - Setting next_dagrun for example_xcom_args_with_operators to None, run_after=None
[2024-07-31T12:24:33.783+0000] {processor.py:183} INFO - Processing /home/airflow/.local/lib/python3.12/site-packages/airflow/example_dags/example_xcomargs.py took 0.109 seconds
[2024-07-31T12:25:05.007+0000] {processor.py:161} INFO - Started process (PID=1928) to work on /home/airflow/.local/lib/python3.12/site-packages/airflow/example_dags/example_xcomargs.py
[2024-07-31T12:25:05.008+0000] {processor.py:830} INFO - Processing file /home/airflow/.local/lib/python3.12/site-packages/airflow/example_dags/example_xcomargs.py for tasks to queue
[2024-07-31T12:25:05.011+0000] {logging_mixin.py:188} INFO - [2024-07-31T12:25:05.010+0000] {dagbag.py:545} INFO - Filling up the DagBag from /home/airflow/.local/lib/python3.12/site-packages/airflow/example_dags/example_xcomargs.py
[2024-07-31T12:25:05.023+0000] {processor.py:840} INFO - DAG(s) 'example_xcom_args', 'example_xcom_args_with_operators' retrieved from /home/airflow/.local/lib/python3.12/site-packages/airflow/example_dags/example_xcomargs.py
[2024-07-31T12:25:05.372+0000] {logging_mixin.py:188} INFO - [2024-07-31T12:25:05.371+0000] {dag.py:3089} INFO - Sync 2 DAGs
[2024-07-31T12:25:05.395+0000] {logging_mixin.py:188} INFO - [2024-07-31T12:25:05.394+0000] {dag.py:3947} INFO - Setting next_dagrun for example_xcom_args to None, run_after=None
[2024-07-31T12:25:05.404+0000] {logging_mixin.py:188} INFO - [2024-07-31T12:25:05.403+0000] {dag.py:3947} INFO - Setting next_dagrun for example_xcom_args_with_operators to None, run_after=None
[2024-07-31T12:25:05.439+0000] {processor.py:183} INFO - Processing /home/airflow/.local/lib/python3.12/site-packages/airflow/example_dags/example_xcomargs.py took 0.440 seconds
[2024-07-31T12:25:36.067+0000] {processor.py:161} INFO - Started process (PID=1986) to work on /home/airflow/.local/lib/python3.12/site-packages/airflow/example_dags/example_xcomargs.py
[2024-07-31T12:25:36.068+0000] {processor.py:830} INFO - Processing file /home/airflow/.local/lib/python3.12/site-packages/airflow/example_dags/example_xcomargs.py for tasks to queue
[2024-07-31T12:25:36.069+0000] {logging_mixin.py:188} INFO - [2024-07-31T12:25:36.069+0000] {dagbag.py:545} INFO - Filling up the DagBag from /home/airflow/.local/lib/python3.12/site-packages/airflow/example_dags/example_xcomargs.py
[2024-07-31T12:25:36.077+0000] {processor.py:840} INFO - DAG(s) 'example_xcom_args', 'example_xcom_args_with_operators' retrieved from /home/airflow/.local/lib/python3.12/site-packages/airflow/example_dags/example_xcomargs.py
[2024-07-31T12:25:36.101+0000] {logging_mixin.py:188} INFO - [2024-07-31T12:25:36.101+0000] {dag.py:3089} INFO - Sync 2 DAGs
[2024-07-31T12:25:36.116+0000] {logging_mixin.py:188} INFO - [2024-07-31T12:25:36.115+0000] {dag.py:3947} INFO - Setting next_dagrun for example_xcom_args to None, run_after=None
[2024-07-31T12:25:36.121+0000] {logging_mixin.py:188} INFO - [2024-07-31T12:25:36.120+0000] {dag.py:3947} INFO - Setting next_dagrun for example_xcom_args_with_operators to None, run_after=None
[2024-07-31T12:25:36.142+0000] {processor.py:183} INFO - Processing /home/airflow/.local/lib/python3.12/site-packages/airflow/example_dags/example_xcomargs.py took 0.080 seconds
[2024-07-31T12:26:06.748+0000] {processor.py:161} INFO - Started process (PID=2044) to work on /home/airflow/.local/lib/python3.12/site-packages/airflow/example_dags/example_xcomargs.py
[2024-07-31T12:26:06.748+0000] {processor.py:830} INFO - Processing file /home/airflow/.local/lib/python3.12/site-packages/airflow/example_dags/example_xcomargs.py for tasks to queue
[2024-07-31T12:26:06.750+0000] {logging_mixin.py:188} INFO - [2024-07-31T12:26:06.750+0000] {dagbag.py:545} INFO - Filling up the DagBag from /home/airflow/.local/lib/python3.12/site-packages/airflow/example_dags/example_xcomargs.py
[2024-07-31T12:26:06.759+0000] {processor.py:840} INFO - DAG(s) 'example_xcom_args_with_operators', 'example_xcom_args' retrieved from /home/airflow/.local/lib/python3.12/site-packages/airflow/example_dags/example_xcomargs.py
[2024-07-31T12:26:06.785+0000] {logging_mixin.py:188} INFO - [2024-07-31T12:26:06.785+0000] {dag.py:3089} INFO - Sync 2 DAGs
[2024-07-31T12:26:06.800+0000] {logging_mixin.py:188} INFO - [2024-07-31T12:26:06.799+0000] {dag.py:3947} INFO - Setting next_dagrun for example_xcom_args to None, run_after=None
[2024-07-31T12:26:06.805+0000] {logging_mixin.py:188} INFO - [2024-07-31T12:26:06.804+0000] {dag.py:3947} INFO - Setting next_dagrun for example_xcom_args_with_operators to None, run_after=None
[2024-07-31T12:26:06.830+0000] {processor.py:183} INFO - Processing /home/airflow/.local/lib/python3.12/site-packages/airflow/example_dags/example_xcomargs.py took 0.089 seconds
[2024-07-31T12:26:37.535+0000] {processor.py:161} INFO - Started process (PID=2101) to work on /home/airflow/.local/lib/python3.12/site-packages/airflow/example_dags/example_xcomargs.py
[2024-07-31T12:26:37.536+0000] {processor.py:830} INFO - Processing file /home/airflow/.local/lib/python3.12/site-packages/airflow/example_dags/example_xcomargs.py for tasks to queue
[2024-07-31T12:26:37.539+0000] {logging_mixin.py:188} INFO - [2024-07-31T12:26:37.539+0000] {dagbag.py:545} INFO - Filling up the DagBag from /home/airflow/.local/lib/python3.12/site-packages/airflow/example_dags/example_xcomargs.py
[2024-07-31T12:26:37.550+0000] {processor.py:840} INFO - DAG(s) 'example_xcom_args', 'example_xcom_args_with_operators' retrieved from /home/airflow/.local/lib/python3.12/site-packages/airflow/example_dags/example_xcomargs.py
[2024-07-31T12:26:37.585+0000] {logging_mixin.py:188} INFO - [2024-07-31T12:26:37.585+0000] {dag.py:3089} INFO - Sync 2 DAGs
[2024-07-31T12:26:37.603+0000] {logging_mixin.py:188} INFO - [2024-07-31T12:26:37.602+0000] {dag.py:3947} INFO - Setting next_dagrun for example_xcom_args to None, run_after=None
[2024-07-31T12:26:37.608+0000] {logging_mixin.py:188} INFO - [2024-07-31T12:26:37.608+0000] {dag.py:3947} INFO - Setting next_dagrun for example_xcom_args_with_operators to None, run_after=None
[2024-07-31T12:26:37.632+0000] {processor.py:183} INFO - Processing /home/airflow/.local/lib/python3.12/site-packages/airflow/example_dags/example_xcomargs.py took 0.106 seconds
[2024-07-31T12:27:08.053+0000] {processor.py:161} INFO - Started process (PID=2159) to work on /home/airflow/.local/lib/python3.12/site-packages/airflow/example_dags/example_xcomargs.py
[2024-07-31T12:27:08.054+0000] {processor.py:830} INFO - Processing file /home/airflow/.local/lib/python3.12/site-packages/airflow/example_dags/example_xcomargs.py for tasks to queue
[2024-07-31T12:27:08.057+0000] {logging_mixin.py:188} INFO - [2024-07-31T12:27:08.056+0000] {dagbag.py:545} INFO - Filling up the DagBag from /home/airflow/.local/lib/python3.12/site-packages/airflow/example_dags/example_xcomargs.py
[2024-07-31T12:27:08.069+0000] {processor.py:840} INFO - DAG(s) 'example_xcom_args_with_operators', 'example_xcom_args' retrieved from /home/airflow/.local/lib/python3.12/site-packages/airflow/example_dags/example_xcomargs.py
[2024-07-31T12:27:08.097+0000] {logging_mixin.py:188} INFO - [2024-07-31T12:27:08.097+0000] {dag.py:3089} INFO - Sync 2 DAGs
[2024-07-31T12:27:08.111+0000] {logging_mixin.py:188} INFO - [2024-07-31T12:27:08.111+0000] {dag.py:3947} INFO - Setting next_dagrun for example_xcom_args to None, run_after=None
[2024-07-31T12:27:08.115+0000] {logging_mixin.py:188} INFO - [2024-07-31T12:27:08.114+0000] {dag.py:3947} INFO - Setting next_dagrun for example_xcom_args_with_operators to None, run_after=None
[2024-07-31T12:27:08.137+0000] {processor.py:183} INFO - Processing /home/airflow/.local/lib/python3.12/site-packages/airflow/example_dags/example_xcomargs.py took 0.094 seconds
[2024-07-31T12:27:38.476+0000] {processor.py:161} INFO - Started process (PID=2217) to work on /home/airflow/.local/lib/python3.12/site-packages/airflow/example_dags/example_xcomargs.py
[2024-07-31T12:27:38.477+0000] {processor.py:830} INFO - Processing file /home/airflow/.local/lib/python3.12/site-packages/airflow/example_dags/example_xcomargs.py for tasks to queue
[2024-07-31T12:27:38.479+0000] {logging_mixin.py:188} INFO - [2024-07-31T12:27:38.479+0000] {dagbag.py:545} INFO - Filling up the DagBag from /home/airflow/.local/lib/python3.12/site-packages/airflow/example_dags/example_xcomargs.py
[2024-07-31T12:27:38.490+0000] {processor.py:840} INFO - DAG(s) 'example_xcom_args_with_operators', 'example_xcom_args' retrieved from /home/airflow/.local/lib/python3.12/site-packages/airflow/example_dags/example_xcomargs.py
[2024-07-31T12:27:38.518+0000] {logging_mixin.py:188} INFO - [2024-07-31T12:27:38.517+0000] {dag.py:3089} INFO - Sync 2 DAGs
[2024-07-31T12:27:38.534+0000] {logging_mixin.py:188} INFO - [2024-07-31T12:27:38.534+0000] {dag.py:3947} INFO - Setting next_dagrun for example_xcom_args to None, run_after=None
[2024-07-31T12:27:38.540+0000] {logging_mixin.py:188} INFO - [2024-07-31T12:27:38.539+0000] {dag.py:3947} INFO - Setting next_dagrun for example_xcom_args_with_operators to None, run_after=None
[2024-07-31T12:27:38.564+0000] {processor.py:183} INFO - Processing /home/airflow/.local/lib/python3.12/site-packages/airflow/example_dags/example_xcomargs.py took 0.094 seconds
[2024-07-31T12:28:09.331+0000] {processor.py:161} INFO - Started process (PID=2275) to work on /home/airflow/.local/lib/python3.12/site-packages/airflow/example_dags/example_xcomargs.py
[2024-07-31T12:28:09.333+0000] {processor.py:830} INFO - Processing file /home/airflow/.local/lib/python3.12/site-packages/airflow/example_dags/example_xcomargs.py for tasks to queue
[2024-07-31T12:28:09.336+0000] {logging_mixin.py:188} INFO - [2024-07-31T12:28:09.335+0000] {dagbag.py:545} INFO - Filling up the DagBag from /home/airflow/.local/lib/python3.12/site-packages/airflow/example_dags/example_xcomargs.py
[2024-07-31T12:28:09.349+0000] {processor.py:840} INFO - DAG(s) 'example_xcom_args_with_operators', 'example_xcom_args' retrieved from /home/airflow/.local/lib/python3.12/site-packages/airflow/example_dags/example_xcomargs.py
[2024-07-31T12:28:09.388+0000] {logging_mixin.py:188} INFO - [2024-07-31T12:28:09.388+0000] {dag.py:3089} INFO - Sync 2 DAGs
[2024-07-31T12:28:09.411+0000] {logging_mixin.py:188} INFO - [2024-07-31T12:28:09.410+0000] {dag.py:3947} INFO - Setting next_dagrun for example_xcom_args to None, run_after=None
[2024-07-31T12:28:09.418+0000] {logging_mixin.py:188} INFO - [2024-07-31T12:28:09.418+0000] {dag.py:3947} INFO - Setting next_dagrun for example_xcom_args_with_operators to None, run_after=None
[2024-07-31T12:28:09.447+0000] {processor.py:183} INFO - Processing /home/airflow/.local/lib/python3.12/site-packages/airflow/example_dags/example_xcomargs.py took 0.124 seconds
[2024-07-31T12:28:39.658+0000] {processor.py:161} INFO - Started process (PID=2333) to work on /home/airflow/.local/lib/python3.12/site-packages/airflow/example_dags/example_xcomargs.py
[2024-07-31T12:28:39.659+0000] {processor.py:830} INFO - Processing file /home/airflow/.local/lib/python3.12/site-packages/airflow/example_dags/example_xcomargs.py for tasks to queue
[2024-07-31T12:28:39.661+0000] {logging_mixin.py:188} INFO - [2024-07-31T12:28:39.660+0000] {dagbag.py:545} INFO - Filling up the DagBag from /home/airflow/.local/lib/python3.12/site-packages/airflow/example_dags/example_xcomargs.py
[2024-07-31T12:28:39.671+0000] {processor.py:840} INFO - DAG(s) 'example_xcom_args_with_operators', 'example_xcom_args' retrieved from /home/airflow/.local/lib/python3.12/site-packages/airflow/example_dags/example_xcomargs.py
[2024-07-31T12:28:39.701+0000] {logging_mixin.py:188} INFO - [2024-07-31T12:28:39.701+0000] {dag.py:3089} INFO - Sync 2 DAGs
[2024-07-31T12:28:39.716+0000] {logging_mixin.py:188} INFO - [2024-07-31T12:28:39.715+0000] {dag.py:3947} INFO - Setting next_dagrun for example_xcom_args to None, run_after=None
[2024-07-31T12:28:39.721+0000] {logging_mixin.py:188} INFO - [2024-07-31T12:28:39.721+0000] {dag.py:3947} INFO - Setting next_dagrun for example_xcom_args_with_operators to None, run_after=None
[2024-07-31T12:28:39.745+0000] {processor.py:183} INFO - Processing /home/airflow/.local/lib/python3.12/site-packages/airflow/example_dags/example_xcomargs.py took 0.095 seconds
[2024-07-31T12:29:10.201+0000] {processor.py:161} INFO - Started process (PID=2391) to work on /home/airflow/.local/lib/python3.12/site-packages/airflow/example_dags/example_xcomargs.py
[2024-07-31T12:29:10.203+0000] {processor.py:830} INFO - Processing file /home/airflow/.local/lib/python3.12/site-packages/airflow/example_dags/example_xcomargs.py for tasks to queue
[2024-07-31T12:29:10.206+0000] {logging_mixin.py:188} INFO - [2024-07-31T12:29:10.205+0000] {dagbag.py:545} INFO - Filling up the DagBag from /home/airflow/.local/lib/python3.12/site-packages/airflow/example_dags/example_xcomargs.py
[2024-07-31T12:29:10.222+0000] {processor.py:840} INFO - DAG(s) 'example_xcom_args_with_operators', 'example_xcom_args' retrieved from /home/airflow/.local/lib/python3.12/site-packages/airflow/example_dags/example_xcomargs.py
[2024-07-31T12:29:10.263+0000] {logging_mixin.py:188} INFO - [2024-07-31T12:29:10.263+0000] {dag.py:3089} INFO - Sync 2 DAGs
[2024-07-31T12:29:10.288+0000] {logging_mixin.py:188} INFO - [2024-07-31T12:29:10.287+0000] {dag.py:3947} INFO - Setting next_dagrun for example_xcom_args to None, run_after=None
[2024-07-31T12:29:10.294+0000] {logging_mixin.py:188} INFO - [2024-07-31T12:29:10.294+0000] {dag.py:3947} INFO - Setting next_dagrun for example_xcom_args_with_operators to None, run_after=None
[2024-07-31T12:29:10.328+0000] {processor.py:183} INFO - Processing /home/airflow/.local/lib/python3.12/site-packages/airflow/example_dags/example_xcomargs.py took 0.135 seconds
[2024-07-31T12:29:40.972+0000] {processor.py:161} INFO - Started process (PID=2446) to work on /home/airflow/.local/lib/python3.12/site-packages/airflow/example_dags/example_xcomargs.py
[2024-07-31T12:29:40.973+0000] {processor.py:830} INFO - Processing file /home/airflow/.local/lib/python3.12/site-packages/airflow/example_dags/example_xcomargs.py for tasks to queue
[2024-07-31T12:29:40.975+0000] {logging_mixin.py:188} INFO - [2024-07-31T12:29:40.975+0000] {dagbag.py:545} INFO - Filling up the DagBag from /home/airflow/.local/lib/python3.12/site-packages/airflow/example_dags/example_xcomargs.py
[2024-07-31T12:29:40.984+0000] {processor.py:840} INFO - DAG(s) 'example_xcom_args_with_operators', 'example_xcom_args' retrieved from /home/airflow/.local/lib/python3.12/site-packages/airflow/example_dags/example_xcomargs.py
[2024-07-31T12:29:41.014+0000] {logging_mixin.py:188} INFO - [2024-07-31T12:29:41.014+0000] {dag.py:3089} INFO - Sync 2 DAGs
[2024-07-31T12:29:41.029+0000] {logging_mixin.py:188} INFO - [2024-07-31T12:29:41.028+0000] {dag.py:3947} INFO - Setting next_dagrun for example_xcom_args to None, run_after=None
[2024-07-31T12:29:41.034+0000] {logging_mixin.py:188} INFO - [2024-07-31T12:29:41.034+0000] {dag.py:3947} INFO - Setting next_dagrun for example_xcom_args_with_operators to None, run_after=None
[2024-07-31T12:29:41.062+0000] {processor.py:183} INFO - Processing /home/airflow/.local/lib/python3.12/site-packages/airflow/example_dags/example_xcomargs.py took 0.099 seconds
[2024-07-31T12:30:11.692+0000] {processor.py:161} INFO - Started process (PID=2504) to work on /home/airflow/.local/lib/python3.12/site-packages/airflow/example_dags/example_xcomargs.py
[2024-07-31T12:30:11.693+0000] {processor.py:830} INFO - Processing file /home/airflow/.local/lib/python3.12/site-packages/airflow/example_dags/example_xcomargs.py for tasks to queue
[2024-07-31T12:30:11.695+0000] {logging_mixin.py:188} INFO - [2024-07-31T12:30:11.695+0000] {dagbag.py:545} INFO - Filling up the DagBag from /home/airflow/.local/lib/python3.12/site-packages/airflow/example_dags/example_xcomargs.py
[2024-07-31T12:30:11.708+0000] {processor.py:840} INFO - DAG(s) 'example_xcom_args_with_operators', 'example_xcom_args' retrieved from /home/airflow/.local/lib/python3.12/site-packages/airflow/example_dags/example_xcomargs.py
[2024-07-31T12:30:11.745+0000] {logging_mixin.py:188} INFO - [2024-07-31T12:30:11.745+0000] {dag.py:3089} INFO - Sync 2 DAGs
[2024-07-31T12:30:11.765+0000] {logging_mixin.py:188} INFO - [2024-07-31T12:30:11.765+0000] {dag.py:3947} INFO - Setting next_dagrun for example_xcom_args to None, run_after=None
[2024-07-31T12:30:11.770+0000] {logging_mixin.py:188} INFO - [2024-07-31T12:30:11.770+0000] {dag.py:3947} INFO - Setting next_dagrun for example_xcom_args_with_operators to None, run_after=None
[2024-07-31T12:30:11.796+0000] {processor.py:183} INFO - Processing /home/airflow/.local/lib/python3.12/site-packages/airflow/example_dags/example_xcomargs.py took 0.111 seconds
[2024-07-31T12:30:42.368+0000] {processor.py:161} INFO - Started process (PID=2562) to work on /home/airflow/.local/lib/python3.12/site-packages/airflow/example_dags/example_xcomargs.py
[2024-07-31T12:30:42.369+0000] {processor.py:830} INFO - Processing file /home/airflow/.local/lib/python3.12/site-packages/airflow/example_dags/example_xcomargs.py for tasks to queue
[2024-07-31T12:30:42.371+0000] {logging_mixin.py:188} INFO - [2024-07-31T12:30:42.371+0000] {dagbag.py:545} INFO - Filling up the DagBag from /home/airflow/.local/lib/python3.12/site-packages/airflow/example_dags/example_xcomargs.py
[2024-07-31T12:30:42.378+0000] {processor.py:840} INFO - DAG(s) 'example_xcom_args_with_operators', 'example_xcom_args' retrieved from /home/airflow/.local/lib/python3.12/site-packages/airflow/example_dags/example_xcomargs.py
[2024-07-31T12:30:42.408+0000] {logging_mixin.py:188} INFO - [2024-07-31T12:30:42.407+0000] {dag.py:3089} INFO - Sync 2 DAGs
[2024-07-31T12:30:42.425+0000] {logging_mixin.py:188} INFO - [2024-07-31T12:30:42.424+0000] {dag.py:3947} INFO - Setting next_dagrun for example_xcom_args to None, run_after=None
[2024-07-31T12:30:42.431+0000] {logging_mixin.py:188} INFO - [2024-07-31T12:30:42.431+0000] {dag.py:3947} INFO - Setting next_dagrun for example_xcom_args_with_operators to None, run_after=None
[2024-07-31T12:30:42.456+0000] {processor.py:183} INFO - Processing /home/airflow/.local/lib/python3.12/site-packages/airflow/example_dags/example_xcomargs.py took 0.093 seconds
[2024-07-31T12:31:13.093+0000] {processor.py:161} INFO - Started process (PID=2619) to work on /home/airflow/.local/lib/python3.12/site-packages/airflow/example_dags/example_xcomargs.py
[2024-07-31T12:31:13.094+0000] {processor.py:830} INFO - Processing file /home/airflow/.local/lib/python3.12/site-packages/airflow/example_dags/example_xcomargs.py for tasks to queue
[2024-07-31T12:31:13.096+0000] {logging_mixin.py:188} INFO - [2024-07-31T12:31:13.096+0000] {dagbag.py:545} INFO - Filling up the DagBag from /home/airflow/.local/lib/python3.12/site-packages/airflow/example_dags/example_xcomargs.py
[2024-07-31T12:31:13.110+0000] {processor.py:840} INFO - DAG(s) 'example_xcom_args', 'example_xcom_args_with_operators' retrieved from /home/airflow/.local/lib/python3.12/site-packages/airflow/example_dags/example_xcomargs.py
[2024-07-31T12:31:13.144+0000] {logging_mixin.py:188} INFO - [2024-07-31T12:31:13.143+0000] {dag.py:3089} INFO - Sync 2 DAGs
[2024-07-31T12:31:13.168+0000] {logging_mixin.py:188} INFO - [2024-07-31T12:31:13.167+0000] {dag.py:3947} INFO - Setting next_dagrun for example_xcom_args to None, run_after=None
[2024-07-31T12:31:13.175+0000] {logging_mixin.py:188} INFO - [2024-07-31T12:31:13.174+0000] {dag.py:3947} INFO - Setting next_dagrun for example_xcom_args_with_operators to None, run_after=None
[2024-07-31T12:31:13.221+0000] {processor.py:183} INFO - Processing /home/airflow/.local/lib/python3.12/site-packages/airflow/example_dags/example_xcomargs.py took 0.137 seconds
[2024-07-31T12:31:43.769+0000] {processor.py:161} INFO - Started process (PID=2677) to work on /home/airflow/.local/lib/python3.12/site-packages/airflow/example_dags/example_xcomargs.py
[2024-07-31T12:31:43.770+0000] {processor.py:830} INFO - Processing file /home/airflow/.local/lib/python3.12/site-packages/airflow/example_dags/example_xcomargs.py for tasks to queue
[2024-07-31T12:31:43.772+0000] {logging_mixin.py:188} INFO - [2024-07-31T12:31:43.771+0000] {dagbag.py:545} INFO - Filling up the DagBag from /home/airflow/.local/lib/python3.12/site-packages/airflow/example_dags/example_xcomargs.py
[2024-07-31T12:31:43.779+0000] {processor.py:840} INFO - DAG(s) 'example_xcom_args', 'example_xcom_args_with_operators' retrieved from /home/airflow/.local/lib/python3.12/site-packages/airflow/example_dags/example_xcomargs.py
[2024-07-31T12:31:43.806+0000] {logging_mixin.py:188} INFO - [2024-07-31T12:31:43.805+0000] {dag.py:3089} INFO - Sync 2 DAGs
[2024-07-31T12:31:43.821+0000] {logging_mixin.py:188} INFO - [2024-07-31T12:31:43.821+0000] {dag.py:3947} INFO - Setting next_dagrun for example_xcom_args to None, run_after=None
[2024-07-31T12:31:43.825+0000] {logging_mixin.py:188} INFO - [2024-07-31T12:31:43.825+0000] {dag.py:3947} INFO - Setting next_dagrun for example_xcom_args_with_operators to None, run_after=None
[2024-07-31T12:31:43.850+0000] {processor.py:183} INFO - Processing /home/airflow/.local/lib/python3.12/site-packages/airflow/example_dags/example_xcomargs.py took 0.088 seconds
[2024-07-31T12:32:14.264+0000] {processor.py:161} INFO - Started process (PID=2735) to work on /home/airflow/.local/lib/python3.12/site-packages/airflow/example_dags/example_xcomargs.py
[2024-07-31T12:32:14.265+0000] {processor.py:830} INFO - Processing file /home/airflow/.local/lib/python3.12/site-packages/airflow/example_dags/example_xcomargs.py for tasks to queue
[2024-07-31T12:32:14.267+0000] {logging_mixin.py:188} INFO - [2024-07-31T12:32:14.266+0000] {dagbag.py:545} INFO - Filling up the DagBag from /home/airflow/.local/lib/python3.12/site-packages/airflow/example_dags/example_xcomargs.py
[2024-07-31T12:32:14.282+0000] {processor.py:840} INFO - DAG(s) 'example_xcom_args_with_operators', 'example_xcom_args' retrieved from /home/airflow/.local/lib/python3.12/site-packages/airflow/example_dags/example_xcomargs.py
[2024-07-31T12:32:14.321+0000] {logging_mixin.py:188} INFO - [2024-07-31T12:32:14.320+0000] {dag.py:3089} INFO - Sync 2 DAGs
[2024-07-31T12:32:14.337+0000] {logging_mixin.py:188} INFO - [2024-07-31T12:32:14.337+0000] {dag.py:3947} INFO - Setting next_dagrun for example_xcom_args to None, run_after=None
[2024-07-31T12:32:14.341+0000] {logging_mixin.py:188} INFO - [2024-07-31T12:32:14.341+0000] {dag.py:3947} INFO - Setting next_dagrun for example_xcom_args_with_operators to None, run_after=None
[2024-07-31T12:32:14.367+0000] {processor.py:183} INFO - Processing /home/airflow/.local/lib/python3.12/site-packages/airflow/example_dags/example_xcomargs.py took 0.110 seconds
[2024-07-31T12:32:44.488+0000] {processor.py:161} INFO - Started process (PID=2793) to work on /home/airflow/.local/lib/python3.12/site-packages/airflow/example_dags/example_xcomargs.py
[2024-07-31T12:32:44.490+0000] {processor.py:830} INFO - Processing file /home/airflow/.local/lib/python3.12/site-packages/airflow/example_dags/example_xcomargs.py for tasks to queue
[2024-07-31T12:32:44.496+0000] {logging_mixin.py:188} INFO - [2024-07-31T12:32:44.495+0000] {dagbag.py:545} INFO - Filling up the DagBag from /home/airflow/.local/lib/python3.12/site-packages/airflow/example_dags/example_xcomargs.py
[2024-07-31T12:32:44.511+0000] {processor.py:840} INFO - DAG(s) 'example_xcom_args', 'example_xcom_args_with_operators' retrieved from /home/airflow/.local/lib/python3.12/site-packages/airflow/example_dags/example_xcomargs.py
[2024-07-31T12:32:44.545+0000] {logging_mixin.py:188} INFO - [2024-07-31T12:32:44.545+0000] {dag.py:3089} INFO - Sync 2 DAGs
[2024-07-31T12:32:44.563+0000] {logging_mixin.py:188} INFO - [2024-07-31T12:32:44.562+0000] {dag.py:3947} INFO - Setting next_dagrun for example_xcom_args to None, run_after=None
[2024-07-31T12:32:44.568+0000] {logging_mixin.py:188} INFO - [2024-07-31T12:32:44.568+0000] {dag.py:3947} INFO - Setting next_dagrun for example_xcom_args_with_operators to None, run_after=None
[2024-07-31T12:32:44.596+0000] {processor.py:183} INFO - Processing /home/airflow/.local/lib/python3.12/site-packages/airflow/example_dags/example_xcomargs.py took 0.116 seconds
[2024-07-31T12:33:14.796+0000] {processor.py:161} INFO - Started process (PID=2851) to work on /home/airflow/.local/lib/python3.12/site-packages/airflow/example_dags/example_xcomargs.py
[2024-07-31T12:33:14.797+0000] {processor.py:830} INFO - Processing file /home/airflow/.local/lib/python3.12/site-packages/airflow/example_dags/example_xcomargs.py for tasks to queue
[2024-07-31T12:33:14.799+0000] {logging_mixin.py:188} INFO - [2024-07-31T12:33:14.798+0000] {dagbag.py:545} INFO - Filling up the DagBag from /home/airflow/.local/lib/python3.12/site-packages/airflow/example_dags/example_xcomargs.py
[2024-07-31T12:33:14.807+0000] {processor.py:840} INFO - DAG(s) 'example_xcom_args_with_operators', 'example_xcom_args' retrieved from /home/airflow/.local/lib/python3.12/site-packages/airflow/example_dags/example_xcomargs.py
[2024-07-31T12:33:14.842+0000] {logging_mixin.py:188} INFO - [2024-07-31T12:33:14.841+0000] {dag.py:3089} INFO - Sync 2 DAGs
[2024-07-31T12:33:14.865+0000] {logging_mixin.py:188} INFO - [2024-07-31T12:33:14.865+0000] {dag.py:3947} INFO - Setting next_dagrun for example_xcom_args to None, run_after=None
[2024-07-31T12:33:14.872+0000] {logging_mixin.py:188} INFO - [2024-07-31T12:33:14.872+0000] {dag.py:3947} INFO - Setting next_dagrun for example_xcom_args_with_operators to None, run_after=None
[2024-07-31T12:33:14.897+0000] {processor.py:183} INFO - Processing /home/airflow/.local/lib/python3.12/site-packages/airflow/example_dags/example_xcomargs.py took 0.112 seconds
[2024-07-31T12:33:45.793+0000] {processor.py:161} INFO - Started process (PID=2909) to work on /home/airflow/.local/lib/python3.12/site-packages/airflow/example_dags/example_xcomargs.py
[2024-07-31T12:33:45.795+0000] {processor.py:830} INFO - Processing file /home/airflow/.local/lib/python3.12/site-packages/airflow/example_dags/example_xcomargs.py for tasks to queue
[2024-07-31T12:33:45.797+0000] {logging_mixin.py:188} INFO - [2024-07-31T12:33:45.797+0000] {dagbag.py:545} INFO - Filling up the DagBag from /home/airflow/.local/lib/python3.12/site-packages/airflow/example_dags/example_xcomargs.py
[2024-07-31T12:33:45.806+0000] {processor.py:840} INFO - DAG(s) 'example_xcom_args_with_operators', 'example_xcom_args' retrieved from /home/airflow/.local/lib/python3.12/site-packages/airflow/example_dags/example_xcomargs.py
[2024-07-31T12:33:45.860+0000] {logging_mixin.py:188} INFO - [2024-07-31T12:33:45.859+0000] {dag.py:3089} INFO - Sync 2 DAGs
[2024-07-31T12:33:45.883+0000] {logging_mixin.py:188} INFO - [2024-07-31T12:33:45.883+0000] {dag.py:3947} INFO - Setting next_dagrun for example_xcom_args to None, run_after=None
[2024-07-31T12:33:45.888+0000] {logging_mixin.py:188} INFO - [2024-07-31T12:33:45.888+0000] {dag.py:3947} INFO - Setting next_dagrun for example_xcom_args_with_operators to None, run_after=None
[2024-07-31T12:33:45.924+0000] {processor.py:183} INFO - Processing /home/airflow/.local/lib/python3.12/site-packages/airflow/example_dags/example_xcomargs.py took 0.142 seconds
[2024-07-31T12:34:16.333+0000] {processor.py:161} INFO - Started process (PID=2967) to work on /home/airflow/.local/lib/python3.12/site-packages/airflow/example_dags/example_xcomargs.py
[2024-07-31T12:34:16.335+0000] {processor.py:830} INFO - Processing file /home/airflow/.local/lib/python3.12/site-packages/airflow/example_dags/example_xcomargs.py for tasks to queue
[2024-07-31T12:34:16.337+0000] {logging_mixin.py:188} INFO - [2024-07-31T12:34:16.337+0000] {dagbag.py:545} INFO - Filling up the DagBag from /home/airflow/.local/lib/python3.12/site-packages/airflow/example_dags/example_xcomargs.py
[2024-07-31T12:34:16.352+0000] {processor.py:840} INFO - DAG(s) 'example_xcom_args_with_operators', 'example_xcom_args' retrieved from /home/airflow/.local/lib/python3.12/site-packages/airflow/example_dags/example_xcomargs.py
[2024-07-31T12:34:16.423+0000] {logging_mixin.py:188} INFO - [2024-07-31T12:34:16.423+0000] {dag.py:3089} INFO - Sync 2 DAGs
[2024-07-31T12:34:16.458+0000] {logging_mixin.py:188} INFO - [2024-07-31T12:34:16.457+0000] {dag.py:3947} INFO - Setting next_dagrun for example_xcom_args to None, run_after=None
[2024-07-31T12:34:16.476+0000] {logging_mixin.py:188} INFO - [2024-07-31T12:34:16.476+0000] {dag.py:3947} INFO - Setting next_dagrun for example_xcom_args_with_operators to None, run_after=None
[2024-07-31T12:34:16.519+0000] {processor.py:183} INFO - Processing /home/airflow/.local/lib/python3.12/site-packages/airflow/example_dags/example_xcomargs.py took 0.201 seconds
[2024-07-31T12:34:46.615+0000] {processor.py:161} INFO - Started process (PID=3024) to work on /home/airflow/.local/lib/python3.12/site-packages/airflow/example_dags/example_xcomargs.py
[2024-07-31T12:34:46.616+0000] {processor.py:830} INFO - Processing file /home/airflow/.local/lib/python3.12/site-packages/airflow/example_dags/example_xcomargs.py for tasks to queue
[2024-07-31T12:34:46.618+0000] {logging_mixin.py:188} INFO - [2024-07-31T12:34:46.618+0000] {dagbag.py:545} INFO - Filling up the DagBag from /home/airflow/.local/lib/python3.12/site-packages/airflow/example_dags/example_xcomargs.py
[2024-07-31T12:34:46.629+0000] {processor.py:840} INFO - DAG(s) 'example_xcom_args', 'example_xcom_args_with_operators' retrieved from /home/airflow/.local/lib/python3.12/site-packages/airflow/example_dags/example_xcomargs.py
[2024-07-31T12:34:46.662+0000] {logging_mixin.py:188} INFO - [2024-07-31T12:34:46.661+0000] {dag.py:3089} INFO - Sync 2 DAGs
[2024-07-31T12:34:46.682+0000] {logging_mixin.py:188} INFO - [2024-07-31T12:34:46.681+0000] {dag.py:3947} INFO - Setting next_dagrun for example_xcom_args to None, run_after=None
[2024-07-31T12:34:46.688+0000] {logging_mixin.py:188} INFO - [2024-07-31T12:34:46.688+0000] {dag.py:3947} INFO - Setting next_dagrun for example_xcom_args_with_operators to None, run_after=None
[2024-07-31T12:34:46.717+0000] {processor.py:183} INFO - Processing /home/airflow/.local/lib/python3.12/site-packages/airflow/example_dags/example_xcomargs.py took 0.108 seconds
[2024-07-31T12:35:17.097+0000] {processor.py:161} INFO - Started process (PID=3081) to work on /home/airflow/.local/lib/python3.12/site-packages/airflow/example_dags/example_xcomargs.py
[2024-07-31T12:35:17.098+0000] {processor.py:830} INFO - Processing file /home/airflow/.local/lib/python3.12/site-packages/airflow/example_dags/example_xcomargs.py for tasks to queue
[2024-07-31T12:35:17.099+0000] {logging_mixin.py:188} INFO - [2024-07-31T12:35:17.099+0000] {dagbag.py:545} INFO - Filling up the DagBag from /home/airflow/.local/lib/python3.12/site-packages/airflow/example_dags/example_xcomargs.py
[2024-07-31T12:35:17.111+0000] {processor.py:840} INFO - DAG(s) 'example_xcom_args', 'example_xcom_args_with_operators' retrieved from /home/airflow/.local/lib/python3.12/site-packages/airflow/example_dags/example_xcomargs.py
[2024-07-31T12:35:17.154+0000] {logging_mixin.py:188} INFO - [2024-07-31T12:35:17.154+0000] {dag.py:3089} INFO - Sync 2 DAGs
[2024-07-31T12:35:17.173+0000] {logging_mixin.py:188} INFO - [2024-07-31T12:35:17.173+0000] {dag.py:3947} INFO - Setting next_dagrun for example_xcom_args to None, run_after=None
[2024-07-31T12:35:17.180+0000] {logging_mixin.py:188} INFO - [2024-07-31T12:35:17.180+0000] {dag.py:3947} INFO - Setting next_dagrun for example_xcom_args_with_operators to None, run_after=None
[2024-07-31T12:35:17.212+0000] {processor.py:183} INFO - Processing /home/airflow/.local/lib/python3.12/site-packages/airflow/example_dags/example_xcomargs.py took 0.124 seconds
[2024-07-31T12:35:47.445+0000] {processor.py:161} INFO - Started process (PID=3138) to work on /home/airflow/.local/lib/python3.12/site-packages/airflow/example_dags/example_xcomargs.py
[2024-07-31T12:35:47.446+0000] {processor.py:830} INFO - Processing file /home/airflow/.local/lib/python3.12/site-packages/airflow/example_dags/example_xcomargs.py for tasks to queue
[2024-07-31T12:35:47.448+0000] {logging_mixin.py:188} INFO - [2024-07-31T12:35:47.448+0000] {dagbag.py:545} INFO - Filling up the DagBag from /home/airflow/.local/lib/python3.12/site-packages/airflow/example_dags/example_xcomargs.py
[2024-07-31T12:35:47.467+0000] {processor.py:840} INFO - DAG(s) 'example_xcom_args_with_operators', 'example_xcom_args' retrieved from /home/airflow/.local/lib/python3.12/site-packages/airflow/example_dags/example_xcomargs.py
[2024-07-31T12:35:47.511+0000] {logging_mixin.py:188} INFO - [2024-07-31T12:35:47.511+0000] {dag.py:3089} INFO - Sync 2 DAGs
[2024-07-31T12:35:47.534+0000] {logging_mixin.py:188} INFO - [2024-07-31T12:35:47.534+0000] {dag.py:3947} INFO - Setting next_dagrun for example_xcom_args to None, run_after=None
[2024-07-31T12:35:47.541+0000] {logging_mixin.py:188} INFO - [2024-07-31T12:35:47.541+0000] {dag.py:3947} INFO - Setting next_dagrun for example_xcom_args_with_operators to None, run_after=None
[2024-07-31T12:35:47.567+0000] {processor.py:183} INFO - Processing /home/airflow/.local/lib/python3.12/site-packages/airflow/example_dags/example_xcomargs.py took 0.132 seconds
[2024-07-31T12:36:17.926+0000] {processor.py:161} INFO - Started process (PID=3195) to work on /home/airflow/.local/lib/python3.12/site-packages/airflow/example_dags/example_xcomargs.py
[2024-07-31T12:36:17.927+0000] {processor.py:830} INFO - Processing file /home/airflow/.local/lib/python3.12/site-packages/airflow/example_dags/example_xcomargs.py for tasks to queue
[2024-07-31T12:36:17.929+0000] {logging_mixin.py:188} INFO - [2024-07-31T12:36:17.928+0000] {dagbag.py:545} INFO - Filling up the DagBag from /home/airflow/.local/lib/python3.12/site-packages/airflow/example_dags/example_xcomargs.py
[2024-07-31T12:36:17.939+0000] {processor.py:840} INFO - DAG(s) 'example_xcom_args_with_operators', 'example_xcom_args' retrieved from /home/airflow/.local/lib/python3.12/site-packages/airflow/example_dags/example_xcomargs.py
[2024-07-31T12:36:17.969+0000] {logging_mixin.py:188} INFO - [2024-07-31T12:36:17.968+0000] {dag.py:3089} INFO - Sync 2 DAGs
[2024-07-31T12:36:17.990+0000] {logging_mixin.py:188} INFO - [2024-07-31T12:36:17.990+0000] {dag.py:3947} INFO - Setting next_dagrun for example_xcom_args to None, run_after=None
[2024-07-31T12:36:17.996+0000] {logging_mixin.py:188} INFO - [2024-07-31T12:36:17.995+0000] {dag.py:3947} INFO - Setting next_dagrun for example_xcom_args_with_operators to None, run_after=None
[2024-07-31T12:36:18.023+0000] {processor.py:183} INFO - Processing /home/airflow/.local/lib/python3.12/site-packages/airflow/example_dags/example_xcomargs.py took 0.104 seconds
[2024-07-31T12:36:48.214+0000] {processor.py:161} INFO - Started process (PID=3252) to work on /home/airflow/.local/lib/python3.12/site-packages/airflow/example_dags/example_xcomargs.py
[2024-07-31T12:36:48.215+0000] {processor.py:830} INFO - Processing file /home/airflow/.local/lib/python3.12/site-packages/airflow/example_dags/example_xcomargs.py for tasks to queue
[2024-07-31T12:36:48.218+0000] {logging_mixin.py:188} INFO - [2024-07-31T12:36:48.217+0000] {dagbag.py:545} INFO - Filling up the DagBag from /home/airflow/.local/lib/python3.12/site-packages/airflow/example_dags/example_xcomargs.py
[2024-07-31T12:36:48.229+0000] {processor.py:840} INFO - DAG(s) 'example_xcom_args', 'example_xcom_args_with_operators' retrieved from /home/airflow/.local/lib/python3.12/site-packages/airflow/example_dags/example_xcomargs.py
[2024-07-31T12:36:48.264+0000] {logging_mixin.py:188} INFO - [2024-07-31T12:36:48.264+0000] {dag.py:3089} INFO - Sync 2 DAGs
[2024-07-31T12:36:48.282+0000] {logging_mixin.py:188} INFO - [2024-07-31T12:36:48.282+0000] {dag.py:3947} INFO - Setting next_dagrun for example_xcom_args to None, run_after=None
[2024-07-31T12:36:48.287+0000] {logging_mixin.py:188} INFO - [2024-07-31T12:36:48.287+0000] {dag.py:3947} INFO - Setting next_dagrun for example_xcom_args_with_operators to None, run_after=None
[2024-07-31T12:36:48.321+0000] {processor.py:183} INFO - Processing /home/airflow/.local/lib/python3.12/site-packages/airflow/example_dags/example_xcomargs.py took 0.116 seconds
[2024-07-31T12:37:18.498+0000] {processor.py:161} INFO - Started process (PID=3310) to work on /home/airflow/.local/lib/python3.12/site-packages/airflow/example_dags/example_xcomargs.py
[2024-07-31T12:37:18.499+0000] {processor.py:830} INFO - Processing file /home/airflow/.local/lib/python3.12/site-packages/airflow/example_dags/example_xcomargs.py for tasks to queue
[2024-07-31T12:37:18.501+0000] {logging_mixin.py:188} INFO - [2024-07-31T12:37:18.500+0000] {dagbag.py:545} INFO - Filling up the DagBag from /home/airflow/.local/lib/python3.12/site-packages/airflow/example_dags/example_xcomargs.py
[2024-07-31T12:37:18.514+0000] {processor.py:840} INFO - DAG(s) 'example_xcom_args', 'example_xcom_args_with_operators' retrieved from /home/airflow/.local/lib/python3.12/site-packages/airflow/example_dags/example_xcomargs.py
[2024-07-31T12:37:18.543+0000] {logging_mixin.py:188} INFO - [2024-07-31T12:37:18.542+0000] {dag.py:3089} INFO - Sync 2 DAGs
[2024-07-31T12:37:18.561+0000] {logging_mixin.py:188} INFO - [2024-07-31T12:37:18.560+0000] {dag.py:3947} INFO - Setting next_dagrun for example_xcom_args to None, run_after=None
[2024-07-31T12:37:18.566+0000] {logging_mixin.py:188} INFO - [2024-07-31T12:37:18.566+0000] {dag.py:3947} INFO - Setting next_dagrun for example_xcom_args_with_operators to None, run_after=None
[2024-07-31T12:37:18.600+0000] {processor.py:183} INFO - Processing /home/airflow/.local/lib/python3.12/site-packages/airflow/example_dags/example_xcomargs.py took 0.110 seconds
[2024-07-31T12:37:49.474+0000] {processor.py:161} INFO - Started process (PID=3367) to work on /home/airflow/.local/lib/python3.12/site-packages/airflow/example_dags/example_xcomargs.py
[2024-07-31T12:37:49.475+0000] {processor.py:830} INFO - Processing file /home/airflow/.local/lib/python3.12/site-packages/airflow/example_dags/example_xcomargs.py for tasks to queue
[2024-07-31T12:37:49.478+0000] {logging_mixin.py:188} INFO - [2024-07-31T12:37:49.478+0000] {dagbag.py:545} INFO - Filling up the DagBag from /home/airflow/.local/lib/python3.12/site-packages/airflow/example_dags/example_xcomargs.py
[2024-07-31T12:37:49.486+0000] {processor.py:840} INFO - DAG(s) 'example_xcom_args', 'example_xcom_args_with_operators' retrieved from /home/airflow/.local/lib/python3.12/site-packages/airflow/example_dags/example_xcomargs.py
[2024-07-31T12:37:49.517+0000] {logging_mixin.py:188} INFO - [2024-07-31T12:37:49.517+0000] {dag.py:3089} INFO - Sync 2 DAGs
[2024-07-31T12:37:49.535+0000] {logging_mixin.py:188} INFO - [2024-07-31T12:37:49.534+0000] {dag.py:3947} INFO - Setting next_dagrun for example_xcom_args to None, run_after=None
[2024-07-31T12:37:49.540+0000] {logging_mixin.py:188} INFO - [2024-07-31T12:37:49.540+0000] {dag.py:3947} INFO - Setting next_dagrun for example_xcom_args_with_operators to None, run_after=None
[2024-07-31T12:37:49.563+0000] {processor.py:183} INFO - Processing /home/airflow/.local/lib/python3.12/site-packages/airflow/example_dags/example_xcomargs.py took 0.097 seconds
[2024-07-31T12:38:20.064+0000] {processor.py:161} INFO - Started process (PID=3425) to work on /home/airflow/.local/lib/python3.12/site-packages/airflow/example_dags/example_xcomargs.py
[2024-07-31T12:38:20.064+0000] {processor.py:830} INFO - Processing file /home/airflow/.local/lib/python3.12/site-packages/airflow/example_dags/example_xcomargs.py for tasks to queue
[2024-07-31T12:38:20.066+0000] {logging_mixin.py:188} INFO - [2024-07-31T12:38:20.066+0000] {dagbag.py:545} INFO - Filling up the DagBag from /home/airflow/.local/lib/python3.12/site-packages/airflow/example_dags/example_xcomargs.py
[2024-07-31T12:38:20.076+0000] {processor.py:840} INFO - DAG(s) 'example_xcom_args_with_operators', 'example_xcom_args' retrieved from /home/airflow/.local/lib/python3.12/site-packages/airflow/example_dags/example_xcomargs.py
[2024-07-31T12:38:20.105+0000] {logging_mixin.py:188} INFO - [2024-07-31T12:38:20.105+0000] {dag.py:3089} INFO - Sync 2 DAGs
[2024-07-31T12:38:20.125+0000] {logging_mixin.py:188} INFO - [2024-07-31T12:38:20.124+0000] {dag.py:3947} INFO - Setting next_dagrun for example_xcom_args to None, run_after=None
[2024-07-31T12:38:20.129+0000] {logging_mixin.py:188} INFO - [2024-07-31T12:38:20.129+0000] {dag.py:3947} INFO - Setting next_dagrun for example_xcom_args_with_operators to None, run_after=None
[2024-07-31T12:38:20.158+0000] {processor.py:183} INFO - Processing /home/airflow/.local/lib/python3.12/site-packages/airflow/example_dags/example_xcomargs.py took 0.102 seconds
