[2024-07-31T12:08:56.002+0000] {processor.py:161} INFO - Started process (PID=116) to work on /home/airflow/.local/lib/python3.12/site-packages/airflow/example_dags/example_short_circuit_operator.py
[2024-07-31T12:08:56.003+0000] {processor.py:830} INFO - Processing file /home/airflow/.local/lib/python3.12/site-packages/airflow/example_dags/example_short_circuit_operator.py for tasks to queue
[2024-07-31T12:08:56.005+0000] {logging_mixin.py:188} INFO - [2024-07-31T12:08:56.005+0000] {dagbag.py:545} INFO - Filling up the DagBag from /home/airflow/.local/lib/python3.12/site-packages/airflow/example_dags/example_short_circuit_operator.py
[2024-07-31T12:08:56.019+0000] {processor.py:840} INFO - DAG(s) 'example_short_circuit_operator' retrieved from /home/airflow/.local/lib/python3.12/site-packages/airflow/example_dags/example_short_circuit_operator.py
[2024-07-31T12:08:56.197+0000] {logging_mixin.py:188} INFO - [2024-07-31T12:08:56.196+0000] {override.py:1858} INFO - Created Permission View: can delete on DAG:example_short_circuit_operator
[2024-07-31T12:08:56.210+0000] {logging_mixin.py:188} INFO - [2024-07-31T12:08:56.209+0000] {override.py:1858} INFO - Created Permission View: can read on DAG:example_short_circuit_operator
[2024-07-31T12:08:56.228+0000] {logging_mixin.py:188} INFO - [2024-07-31T12:08:56.228+0000] {override.py:1858} INFO - Created Permission View: can edit on DAG:example_short_circuit_operator
[2024-07-31T12:08:56.229+0000] {logging_mixin.py:188} INFO - [2024-07-31T12:08:56.228+0000] {dag.py:3089} INFO - Sync 1 DAGs
[2024-07-31T12:08:56.245+0000] {logging_mixin.py:188} INFO - [2024-07-31T12:08:56.245+0000] {dag.py:3111} INFO - Creating ORM DAG for example_short_circuit_operator
[2024-07-31T12:08:56.263+0000] {logging_mixin.py:188} INFO - [2024-07-31T12:08:56.262+0000] {dag.py:3947} INFO - Setting next_dagrun for example_short_circuit_operator to 2024-07-30 00:00:00+00:00, run_after=2024-07-31 00:00:00+00:00
[2024-07-31T12:08:56.289+0000] {processor.py:183} INFO - Processing /home/airflow/.local/lib/python3.12/site-packages/airflow/example_dags/example_short_circuit_operator.py took 0.295 seconds
[2024-07-31T12:09:26.514+0000] {processor.py:161} INFO - Started process (PID=174) to work on /home/airflow/.local/lib/python3.12/site-packages/airflow/example_dags/example_short_circuit_operator.py
[2024-07-31T12:09:26.514+0000] {processor.py:830} INFO - Processing file /home/airflow/.local/lib/python3.12/site-packages/airflow/example_dags/example_short_circuit_operator.py for tasks to queue
[2024-07-31T12:09:26.516+0000] {logging_mixin.py:188} INFO - [2024-07-31T12:09:26.516+0000] {dagbag.py:545} INFO - Filling up the DagBag from /home/airflow/.local/lib/python3.12/site-packages/airflow/example_dags/example_short_circuit_operator.py
[2024-07-31T12:09:26.526+0000] {processor.py:840} INFO - DAG(s) 'example_short_circuit_operator' retrieved from /home/airflow/.local/lib/python3.12/site-packages/airflow/example_dags/example_short_circuit_operator.py
[2024-07-31T12:09:26.559+0000] {logging_mixin.py:188} INFO - [2024-07-31T12:09:26.559+0000] {dag.py:3089} INFO - Sync 1 DAGs
[2024-07-31T12:09:26.593+0000] {logging_mixin.py:188} INFO - [2024-07-31T12:09:26.592+0000] {dag.py:3947} INFO - Setting next_dagrun for example_short_circuit_operator to 2024-07-30 00:00:00+00:00, run_after=2024-07-31 00:00:00+00:00
[2024-07-31T12:09:26.621+0000] {processor.py:183} INFO - Processing /home/airflow/.local/lib/python3.12/site-packages/airflow/example_dags/example_short_circuit_operator.py took 0.114 seconds
[2024-07-31T12:09:56.776+0000] {processor.py:161} INFO - Started process (PID=232) to work on /home/airflow/.local/lib/python3.12/site-packages/airflow/example_dags/example_short_circuit_operator.py
[2024-07-31T12:09:56.777+0000] {processor.py:830} INFO - Processing file /home/airflow/.local/lib/python3.12/site-packages/airflow/example_dags/example_short_circuit_operator.py for tasks to queue
[2024-07-31T12:09:56.779+0000] {logging_mixin.py:188} INFO - [2024-07-31T12:09:56.778+0000] {dagbag.py:545} INFO - Filling up the DagBag from /home/airflow/.local/lib/python3.12/site-packages/airflow/example_dags/example_short_circuit_operator.py
[2024-07-31T12:09:56.785+0000] {processor.py:840} INFO - DAG(s) 'example_short_circuit_operator' retrieved from /home/airflow/.local/lib/python3.12/site-packages/airflow/example_dags/example_short_circuit_operator.py
[2024-07-31T12:09:56.807+0000] {logging_mixin.py:188} INFO - [2024-07-31T12:09:56.807+0000] {dag.py:3089} INFO - Sync 1 DAGs
[2024-07-31T12:09:56.828+0000] {logging_mixin.py:188} INFO - [2024-07-31T12:09:56.828+0000] {dag.py:3947} INFO - Setting next_dagrun for example_short_circuit_operator to 2024-07-30 00:00:00+00:00, run_after=2024-07-31 00:00:00+00:00
[2024-07-31T12:09:56.854+0000] {processor.py:183} INFO - Processing /home/airflow/.local/lib/python3.12/site-packages/airflow/example_dags/example_short_circuit_operator.py took 0.083 seconds
[2024-07-31T12:10:27.365+0000] {processor.py:161} INFO - Started process (PID=290) to work on /home/airflow/.local/lib/python3.12/site-packages/airflow/example_dags/example_short_circuit_operator.py
[2024-07-31T12:10:27.366+0000] {processor.py:830} INFO - Processing file /home/airflow/.local/lib/python3.12/site-packages/airflow/example_dags/example_short_circuit_operator.py for tasks to queue
[2024-07-31T12:10:27.369+0000] {logging_mixin.py:188} INFO - [2024-07-31T12:10:27.368+0000] {dagbag.py:545} INFO - Filling up the DagBag from /home/airflow/.local/lib/python3.12/site-packages/airflow/example_dags/example_short_circuit_operator.py
[2024-07-31T12:10:27.380+0000] {processor.py:840} INFO - DAG(s) 'example_short_circuit_operator' retrieved from /home/airflow/.local/lib/python3.12/site-packages/airflow/example_dags/example_short_circuit_operator.py
[2024-07-31T12:10:27.423+0000] {logging_mixin.py:188} INFO - [2024-07-31T12:10:27.422+0000] {dag.py:3089} INFO - Sync 1 DAGs
[2024-07-31T12:10:27.476+0000] {logging_mixin.py:188} INFO - [2024-07-31T12:10:27.475+0000] {dag.py:3947} INFO - Setting next_dagrun for example_short_circuit_operator to 2024-07-30 00:00:00+00:00, run_after=2024-07-31 00:00:00+00:00
[2024-07-31T12:10:27.502+0000] {processor.py:183} INFO - Processing /home/airflow/.local/lib/python3.12/site-packages/airflow/example_dags/example_short_circuit_operator.py took 0.145 seconds
[2024-07-31T12:10:58.309+0000] {processor.py:161} INFO - Started process (PID=347) to work on /home/airflow/.local/lib/python3.12/site-packages/airflow/example_dags/example_short_circuit_operator.py
[2024-07-31T12:10:58.311+0000] {processor.py:830} INFO - Processing file /home/airflow/.local/lib/python3.12/site-packages/airflow/example_dags/example_short_circuit_operator.py for tasks to queue
[2024-07-31T12:10:58.313+0000] {logging_mixin.py:188} INFO - [2024-07-31T12:10:58.313+0000] {dagbag.py:545} INFO - Filling up the DagBag from /home/airflow/.local/lib/python3.12/site-packages/airflow/example_dags/example_short_circuit_operator.py
[2024-07-31T12:10:58.323+0000] {processor.py:840} INFO - DAG(s) 'example_short_circuit_operator' retrieved from /home/airflow/.local/lib/python3.12/site-packages/airflow/example_dags/example_short_circuit_operator.py
[2024-07-31T12:10:58.346+0000] {logging_mixin.py:188} INFO - [2024-07-31T12:10:58.345+0000] {dag.py:3089} INFO - Sync 1 DAGs
[2024-07-31T12:10:58.373+0000] {logging_mixin.py:188} INFO - [2024-07-31T12:10:58.373+0000] {dag.py:3947} INFO - Setting next_dagrun for example_short_circuit_operator to 2024-07-30 00:00:00+00:00, run_after=2024-07-31 00:00:00+00:00
[2024-07-31T12:10:58.402+0000] {processor.py:183} INFO - Processing /home/airflow/.local/lib/python3.12/site-packages/airflow/example_dags/example_short_circuit_operator.py took 0.102 seconds
[2024-07-31T12:11:29.112+0000] {processor.py:161} INFO - Started process (PID=405) to work on /home/airflow/.local/lib/python3.12/site-packages/airflow/example_dags/example_short_circuit_operator.py
[2024-07-31T12:11:29.113+0000] {processor.py:830} INFO - Processing file /home/airflow/.local/lib/python3.12/site-packages/airflow/example_dags/example_short_circuit_operator.py for tasks to queue
[2024-07-31T12:11:29.115+0000] {logging_mixin.py:188} INFO - [2024-07-31T12:11:29.115+0000] {dagbag.py:545} INFO - Filling up the DagBag from /home/airflow/.local/lib/python3.12/site-packages/airflow/example_dags/example_short_circuit_operator.py
[2024-07-31T12:11:29.123+0000] {processor.py:840} INFO - DAG(s) 'example_short_circuit_operator' retrieved from /home/airflow/.local/lib/python3.12/site-packages/airflow/example_dags/example_short_circuit_operator.py
[2024-07-31T12:11:29.144+0000] {logging_mixin.py:188} INFO - [2024-07-31T12:11:29.143+0000] {dag.py:3089} INFO - Sync 1 DAGs
[2024-07-31T12:11:29.169+0000] {logging_mixin.py:188} INFO - [2024-07-31T12:11:29.168+0000] {dag.py:3947} INFO - Setting next_dagrun for example_short_circuit_operator to 2024-07-30 00:00:00+00:00, run_after=2024-07-31 00:00:00+00:00
[2024-07-31T12:11:29.194+0000] {processor.py:183} INFO - Processing /home/airflow/.local/lib/python3.12/site-packages/airflow/example_dags/example_short_circuit_operator.py took 0.088 seconds
[2024-07-31T12:11:59.719+0000] {processor.py:161} INFO - Started process (PID=463) to work on /home/airflow/.local/lib/python3.12/site-packages/airflow/example_dags/example_short_circuit_operator.py
[2024-07-31T12:11:59.719+0000] {processor.py:830} INFO - Processing file /home/airflow/.local/lib/python3.12/site-packages/airflow/example_dags/example_short_circuit_operator.py for tasks to queue
[2024-07-31T12:11:59.721+0000] {logging_mixin.py:188} INFO - [2024-07-31T12:11:59.720+0000] {dagbag.py:545} INFO - Filling up the DagBag from /home/airflow/.local/lib/python3.12/site-packages/airflow/example_dags/example_short_circuit_operator.py
[2024-07-31T12:11:59.729+0000] {processor.py:840} INFO - DAG(s) 'example_short_circuit_operator' retrieved from /home/airflow/.local/lib/python3.12/site-packages/airflow/example_dags/example_short_circuit_operator.py
[2024-07-31T12:11:59.757+0000] {logging_mixin.py:188} INFO - [2024-07-31T12:11:59.757+0000] {dag.py:3089} INFO - Sync 1 DAGs
[2024-07-31T12:11:59.786+0000] {logging_mixin.py:188} INFO - [2024-07-31T12:11:59.786+0000] {dag.py:3947} INFO - Setting next_dagrun for example_short_circuit_operator to 2024-07-30 00:00:00+00:00, run_after=2024-07-31 00:00:00+00:00
[2024-07-31T12:11:59.808+0000] {processor.py:183} INFO - Processing /home/airflow/.local/lib/python3.12/site-packages/airflow/example_dags/example_short_circuit_operator.py took 0.094 seconds
[2024-07-31T12:12:30.695+0000] {processor.py:161} INFO - Started process (PID=520) to work on /home/airflow/.local/lib/python3.12/site-packages/airflow/example_dags/example_short_circuit_operator.py
[2024-07-31T12:12:30.696+0000] {processor.py:830} INFO - Processing file /home/airflow/.local/lib/python3.12/site-packages/airflow/example_dags/example_short_circuit_operator.py for tasks to queue
[2024-07-31T12:12:30.698+0000] {logging_mixin.py:188} INFO - [2024-07-31T12:12:30.697+0000] {dagbag.py:545} INFO - Filling up the DagBag from /home/airflow/.local/lib/python3.12/site-packages/airflow/example_dags/example_short_circuit_operator.py
[2024-07-31T12:12:30.704+0000] {processor.py:840} INFO - DAG(s) 'example_short_circuit_operator' retrieved from /home/airflow/.local/lib/python3.12/site-packages/airflow/example_dags/example_short_circuit_operator.py
[2024-07-31T12:12:30.725+0000] {logging_mixin.py:188} INFO - [2024-07-31T12:12:30.725+0000] {dag.py:3089} INFO - Sync 1 DAGs
[2024-07-31T12:12:30.746+0000] {logging_mixin.py:188} INFO - [2024-07-31T12:12:30.745+0000] {dag.py:3947} INFO - Setting next_dagrun for example_short_circuit_operator to 2024-07-30 00:00:00+00:00, run_after=2024-07-31 00:00:00+00:00
[2024-07-31T12:12:30.767+0000] {processor.py:183} INFO - Processing /home/airflow/.local/lib/python3.12/site-packages/airflow/example_dags/example_short_circuit_operator.py took 0.079 seconds
[2024-07-31T12:13:01.438+0000] {processor.py:161} INFO - Started process (PID=578) to work on /home/airflow/.local/lib/python3.12/site-packages/airflow/example_dags/example_short_circuit_operator.py
[2024-07-31T12:13:01.439+0000] {processor.py:830} INFO - Processing file /home/airflow/.local/lib/python3.12/site-packages/airflow/example_dags/example_short_circuit_operator.py for tasks to queue
[2024-07-31T12:13:01.441+0000] {logging_mixin.py:188} INFO - [2024-07-31T12:13:01.440+0000] {dagbag.py:545} INFO - Filling up the DagBag from /home/airflow/.local/lib/python3.12/site-packages/airflow/example_dags/example_short_circuit_operator.py
[2024-07-31T12:13:01.451+0000] {processor.py:840} INFO - DAG(s) 'example_short_circuit_operator' retrieved from /home/airflow/.local/lib/python3.12/site-packages/airflow/example_dags/example_short_circuit_operator.py
[2024-07-31T12:13:01.481+0000] {logging_mixin.py:188} INFO - [2024-07-31T12:13:01.480+0000] {dag.py:3089} INFO - Sync 1 DAGs
[2024-07-31T12:13:01.509+0000] {logging_mixin.py:188} INFO - [2024-07-31T12:13:01.509+0000] {dag.py:3947} INFO - Setting next_dagrun for example_short_circuit_operator to 2024-07-30 00:00:00+00:00, run_after=2024-07-31 00:00:00+00:00
[2024-07-31T12:13:01.535+0000] {processor.py:183} INFO - Processing /home/airflow/.local/lib/python3.12/site-packages/airflow/example_dags/example_short_circuit_operator.py took 0.105 seconds
[2024-07-31T12:13:32.023+0000] {processor.py:161} INFO - Started process (PID=635) to work on /home/airflow/.local/lib/python3.12/site-packages/airflow/example_dags/example_short_circuit_operator.py
[2024-07-31T12:13:32.024+0000] {processor.py:830} INFO - Processing file /home/airflow/.local/lib/python3.12/site-packages/airflow/example_dags/example_short_circuit_operator.py for tasks to queue
[2024-07-31T12:13:32.026+0000] {logging_mixin.py:188} INFO - [2024-07-31T12:13:32.026+0000] {dagbag.py:545} INFO - Filling up the DagBag from /home/airflow/.local/lib/python3.12/site-packages/airflow/example_dags/example_short_circuit_operator.py
[2024-07-31T12:13:32.033+0000] {processor.py:840} INFO - DAG(s) 'example_short_circuit_operator' retrieved from /home/airflow/.local/lib/python3.12/site-packages/airflow/example_dags/example_short_circuit_operator.py
[2024-07-31T12:13:32.056+0000] {logging_mixin.py:188} INFO - [2024-07-31T12:13:32.055+0000] {dag.py:3089} INFO - Sync 1 DAGs
[2024-07-31T12:13:32.085+0000] {logging_mixin.py:188} INFO - [2024-07-31T12:13:32.085+0000] {dag.py:3947} INFO - Setting next_dagrun for example_short_circuit_operator to 2024-07-30 00:00:00+00:00, run_after=2024-07-31 00:00:00+00:00
[2024-07-31T12:13:32.118+0000] {processor.py:183} INFO - Processing /home/airflow/.local/lib/python3.12/site-packages/airflow/example_dags/example_short_circuit_operator.py took 0.100 seconds
[2024-07-31T12:14:02.639+0000] {processor.py:161} INFO - Started process (PID=693) to work on /home/airflow/.local/lib/python3.12/site-packages/airflow/example_dags/example_short_circuit_operator.py
[2024-07-31T12:14:02.640+0000] {processor.py:830} INFO - Processing file /home/airflow/.local/lib/python3.12/site-packages/airflow/example_dags/example_short_circuit_operator.py for tasks to queue
[2024-07-31T12:14:02.643+0000] {logging_mixin.py:188} INFO - [2024-07-31T12:14:02.642+0000] {dagbag.py:545} INFO - Filling up the DagBag from /home/airflow/.local/lib/python3.12/site-packages/airflow/example_dags/example_short_circuit_operator.py
[2024-07-31T12:14:02.653+0000] {processor.py:840} INFO - DAG(s) 'example_short_circuit_operator' retrieved from /home/airflow/.local/lib/python3.12/site-packages/airflow/example_dags/example_short_circuit_operator.py
[2024-07-31T12:14:02.685+0000] {logging_mixin.py:188} INFO - [2024-07-31T12:14:02.685+0000] {dag.py:3089} INFO - Sync 1 DAGs
[2024-07-31T12:14:02.712+0000] {logging_mixin.py:188} INFO - [2024-07-31T12:14:02.712+0000] {dag.py:3947} INFO - Setting next_dagrun for example_short_circuit_operator to 2024-07-30 00:00:00+00:00, run_after=2024-07-31 00:00:00+00:00
[2024-07-31T12:14:02.734+0000] {processor.py:183} INFO - Processing /home/airflow/.local/lib/python3.12/site-packages/airflow/example_dags/example_short_circuit_operator.py took 0.102 seconds
[2024-07-31T12:14:33.507+0000] {processor.py:161} INFO - Started process (PID=751) to work on /home/airflow/.local/lib/python3.12/site-packages/airflow/example_dags/example_short_circuit_operator.py
[2024-07-31T12:14:33.509+0000] {processor.py:830} INFO - Processing file /home/airflow/.local/lib/python3.12/site-packages/airflow/example_dags/example_short_circuit_operator.py for tasks to queue
[2024-07-31T12:14:33.511+0000] {logging_mixin.py:188} INFO - [2024-07-31T12:14:33.510+0000] {dagbag.py:545} INFO - Filling up the DagBag from /home/airflow/.local/lib/python3.12/site-packages/airflow/example_dags/example_short_circuit_operator.py
[2024-07-31T12:14:33.522+0000] {processor.py:840} INFO - DAG(s) 'example_short_circuit_operator' retrieved from /home/airflow/.local/lib/python3.12/site-packages/airflow/example_dags/example_short_circuit_operator.py
[2024-07-31T12:14:33.557+0000] {logging_mixin.py:188} INFO - [2024-07-31T12:14:33.556+0000] {dag.py:3089} INFO - Sync 1 DAGs
[2024-07-31T12:14:33.590+0000] {logging_mixin.py:188} INFO - [2024-07-31T12:14:33.589+0000] {dag.py:3947} INFO - Setting next_dagrun for example_short_circuit_operator to 2024-07-30 00:00:00+00:00, run_after=2024-07-31 00:00:00+00:00
[2024-07-31T12:14:33.617+0000] {processor.py:183} INFO - Processing /home/airflow/.local/lib/python3.12/site-packages/airflow/example_dags/example_short_circuit_operator.py took 0.118 seconds
[2024-07-31T12:15:03.670+0000] {processor.py:161} INFO - Started process (PID=809) to work on /home/airflow/.local/lib/python3.12/site-packages/airflow/example_dags/example_short_circuit_operator.py
[2024-07-31T12:15:03.671+0000] {processor.py:830} INFO - Processing file /home/airflow/.local/lib/python3.12/site-packages/airflow/example_dags/example_short_circuit_operator.py for tasks to queue
[2024-07-31T12:15:03.672+0000] {logging_mixin.py:188} INFO - [2024-07-31T12:15:03.672+0000] {dagbag.py:545} INFO - Filling up the DagBag from /home/airflow/.local/lib/python3.12/site-packages/airflow/example_dags/example_short_circuit_operator.py
[2024-07-31T12:15:03.678+0000] {processor.py:840} INFO - DAG(s) 'example_short_circuit_operator' retrieved from /home/airflow/.local/lib/python3.12/site-packages/airflow/example_dags/example_short_circuit_operator.py
[2024-07-31T12:15:03.699+0000] {logging_mixin.py:188} INFO - [2024-07-31T12:15:03.699+0000] {dag.py:3089} INFO - Sync 1 DAGs
[2024-07-31T12:15:03.720+0000] {logging_mixin.py:188} INFO - [2024-07-31T12:15:03.720+0000] {dag.py:3947} INFO - Setting next_dagrun for example_short_circuit_operator to 2024-07-30 00:00:00+00:00, run_after=2024-07-31 00:00:00+00:00
[2024-07-31T12:15:03.740+0000] {processor.py:183} INFO - Processing /home/airflow/.local/lib/python3.12/site-packages/airflow/example_dags/example_short_circuit_operator.py took 0.075 seconds
[2024-07-31T12:15:34.360+0000] {processor.py:161} INFO - Started process (PID=866) to work on /home/airflow/.local/lib/python3.12/site-packages/airflow/example_dags/example_short_circuit_operator.py
[2024-07-31T12:15:34.361+0000] {processor.py:830} INFO - Processing file /home/airflow/.local/lib/python3.12/site-packages/airflow/example_dags/example_short_circuit_operator.py for tasks to queue
[2024-07-31T12:15:34.363+0000] {logging_mixin.py:188} INFO - [2024-07-31T12:15:34.362+0000] {dagbag.py:545} INFO - Filling up the DagBag from /home/airflow/.local/lib/python3.12/site-packages/airflow/example_dags/example_short_circuit_operator.py
[2024-07-31T12:15:34.370+0000] {processor.py:840} INFO - DAG(s) 'example_short_circuit_operator' retrieved from /home/airflow/.local/lib/python3.12/site-packages/airflow/example_dags/example_short_circuit_operator.py
[2024-07-31T12:15:34.390+0000] {logging_mixin.py:188} INFO - [2024-07-31T12:15:34.390+0000] {dag.py:3089} INFO - Sync 1 DAGs
[2024-07-31T12:15:34.413+0000] {logging_mixin.py:188} INFO - [2024-07-31T12:15:34.413+0000] {dag.py:3947} INFO - Setting next_dagrun for example_short_circuit_operator to 2024-07-30 00:00:00+00:00, run_after=2024-07-31 00:00:00+00:00
[2024-07-31T12:15:34.435+0000] {processor.py:183} INFO - Processing /home/airflow/.local/lib/python3.12/site-packages/airflow/example_dags/example_short_circuit_operator.py took 0.080 seconds
[2024-07-31T12:16:05.329+0000] {processor.py:161} INFO - Started process (PID=923) to work on /home/airflow/.local/lib/python3.12/site-packages/airflow/example_dags/example_short_circuit_operator.py
[2024-07-31T12:16:05.331+0000] {processor.py:830} INFO - Processing file /home/airflow/.local/lib/python3.12/site-packages/airflow/example_dags/example_short_circuit_operator.py for tasks to queue
[2024-07-31T12:16:05.333+0000] {logging_mixin.py:188} INFO - [2024-07-31T12:16:05.333+0000] {dagbag.py:545} INFO - Filling up the DagBag from /home/airflow/.local/lib/python3.12/site-packages/airflow/example_dags/example_short_circuit_operator.py
[2024-07-31T12:16:05.341+0000] {processor.py:840} INFO - DAG(s) 'example_short_circuit_operator' retrieved from /home/airflow/.local/lib/python3.12/site-packages/airflow/example_dags/example_short_circuit_operator.py
[2024-07-31T12:16:05.362+0000] {logging_mixin.py:188} INFO - [2024-07-31T12:16:05.362+0000] {dag.py:3089} INFO - Sync 1 DAGs
[2024-07-31T12:16:05.385+0000] {logging_mixin.py:188} INFO - [2024-07-31T12:16:05.385+0000] {dag.py:3947} INFO - Setting next_dagrun for example_short_circuit_operator to 2024-07-30 00:00:00+00:00, run_after=2024-07-31 00:00:00+00:00
[2024-07-31T12:16:05.408+0000] {processor.py:183} INFO - Processing /home/airflow/.local/lib/python3.12/site-packages/airflow/example_dags/example_short_circuit_operator.py took 0.084 seconds
[2024-07-31T12:16:35.567+0000] {processor.py:161} INFO - Started process (PID=980) to work on /home/airflow/.local/lib/python3.12/site-packages/airflow/example_dags/example_short_circuit_operator.py
[2024-07-31T12:16:35.568+0000] {processor.py:830} INFO - Processing file /home/airflow/.local/lib/python3.12/site-packages/airflow/example_dags/example_short_circuit_operator.py for tasks to queue
[2024-07-31T12:16:35.569+0000] {logging_mixin.py:188} INFO - [2024-07-31T12:16:35.569+0000] {dagbag.py:545} INFO - Filling up the DagBag from /home/airflow/.local/lib/python3.12/site-packages/airflow/example_dags/example_short_circuit_operator.py
[2024-07-31T12:16:35.577+0000] {processor.py:840} INFO - DAG(s) 'example_short_circuit_operator' retrieved from /home/airflow/.local/lib/python3.12/site-packages/airflow/example_dags/example_short_circuit_operator.py
[2024-07-31T12:16:35.598+0000] {logging_mixin.py:188} INFO - [2024-07-31T12:16:35.597+0000] {dag.py:3089} INFO - Sync 1 DAGs
[2024-07-31T12:16:35.624+0000] {logging_mixin.py:188} INFO - [2024-07-31T12:16:35.624+0000] {dag.py:3947} INFO - Setting next_dagrun for example_short_circuit_operator to 2024-07-30 00:00:00+00:00, run_after=2024-07-31 00:00:00+00:00
[2024-07-31T12:16:35.647+0000] {processor.py:183} INFO - Processing /home/airflow/.local/lib/python3.12/site-packages/airflow/example_dags/example_short_circuit_operator.py took 0.086 seconds
[2024-07-31T12:17:05.745+0000] {processor.py:161} INFO - Started process (PID=1037) to work on /home/airflow/.local/lib/python3.12/site-packages/airflow/example_dags/example_short_circuit_operator.py
[2024-07-31T12:17:05.746+0000] {processor.py:830} INFO - Processing file /home/airflow/.local/lib/python3.12/site-packages/airflow/example_dags/example_short_circuit_operator.py for tasks to queue
[2024-07-31T12:17:05.747+0000] {logging_mixin.py:188} INFO - [2024-07-31T12:17:05.747+0000] {dagbag.py:545} INFO - Filling up the DagBag from /home/airflow/.local/lib/python3.12/site-packages/airflow/example_dags/example_short_circuit_operator.py
[2024-07-31T12:17:05.754+0000] {processor.py:840} INFO - DAG(s) 'example_short_circuit_operator' retrieved from /home/airflow/.local/lib/python3.12/site-packages/airflow/example_dags/example_short_circuit_operator.py
[2024-07-31T12:17:05.774+0000] {logging_mixin.py:188} INFO - [2024-07-31T12:17:05.774+0000] {dag.py:3089} INFO - Sync 1 DAGs
[2024-07-31T12:17:05.796+0000] {logging_mixin.py:188} INFO - [2024-07-31T12:17:05.796+0000] {dag.py:3947} INFO - Setting next_dagrun for example_short_circuit_operator to 2024-07-30 00:00:00+00:00, run_after=2024-07-31 00:00:00+00:00
[2024-07-31T12:17:05.821+0000] {processor.py:183} INFO - Processing /home/airflow/.local/lib/python3.12/site-packages/airflow/example_dags/example_short_circuit_operator.py took 0.081 seconds
[2024-07-31T12:17:36.673+0000] {processor.py:161} INFO - Started process (PID=1095) to work on /home/airflow/.local/lib/python3.12/site-packages/airflow/example_dags/example_short_circuit_operator.py
[2024-07-31T12:17:36.674+0000] {processor.py:830} INFO - Processing file /home/airflow/.local/lib/python3.12/site-packages/airflow/example_dags/example_short_circuit_operator.py for tasks to queue
[2024-07-31T12:17:36.675+0000] {logging_mixin.py:188} INFO - [2024-07-31T12:17:36.675+0000] {dagbag.py:545} INFO - Filling up the DagBag from /home/airflow/.local/lib/python3.12/site-packages/airflow/example_dags/example_short_circuit_operator.py
[2024-07-31T12:17:36.681+0000] {processor.py:840} INFO - DAG(s) 'example_short_circuit_operator' retrieved from /home/airflow/.local/lib/python3.12/site-packages/airflow/example_dags/example_short_circuit_operator.py
[2024-07-31T12:17:36.702+0000] {logging_mixin.py:188} INFO - [2024-07-31T12:17:36.702+0000] {dag.py:3089} INFO - Sync 1 DAGs
[2024-07-31T12:17:36.722+0000] {logging_mixin.py:188} INFO - [2024-07-31T12:17:36.721+0000] {dag.py:3947} INFO - Setting next_dagrun for example_short_circuit_operator to 2024-07-30 00:00:00+00:00, run_after=2024-07-31 00:00:00+00:00
[2024-07-31T12:17:36.742+0000] {processor.py:183} INFO - Processing /home/airflow/.local/lib/python3.12/site-packages/airflow/example_dags/example_short_circuit_operator.py took 0.075 seconds
[2024-07-31T12:18:07.154+0000] {processor.py:161} INFO - Started process (PID=1153) to work on /home/airflow/.local/lib/python3.12/site-packages/airflow/example_dags/example_short_circuit_operator.py
[2024-07-31T12:18:07.154+0000] {processor.py:830} INFO - Processing file /home/airflow/.local/lib/python3.12/site-packages/airflow/example_dags/example_short_circuit_operator.py for tasks to queue
[2024-07-31T12:18:07.156+0000] {logging_mixin.py:188} INFO - [2024-07-31T12:18:07.156+0000] {dagbag.py:545} INFO - Filling up the DagBag from /home/airflow/.local/lib/python3.12/site-packages/airflow/example_dags/example_short_circuit_operator.py
[2024-07-31T12:18:07.162+0000] {processor.py:840} INFO - DAG(s) 'example_short_circuit_operator' retrieved from /home/airflow/.local/lib/python3.12/site-packages/airflow/example_dags/example_short_circuit_operator.py
[2024-07-31T12:18:07.190+0000] {logging_mixin.py:188} INFO - [2024-07-31T12:18:07.190+0000] {dag.py:3089} INFO - Sync 1 DAGs
[2024-07-31T12:18:07.209+0000] {logging_mixin.py:188} INFO - [2024-07-31T12:18:07.209+0000] {dag.py:3947} INFO - Setting next_dagrun for example_short_circuit_operator to 2024-07-30 00:00:00+00:00, run_after=2024-07-31 00:00:00+00:00
[2024-07-31T12:18:07.233+0000] {processor.py:183} INFO - Processing /home/airflow/.local/lib/python3.12/site-packages/airflow/example_dags/example_short_circuit_operator.py took 0.085 seconds
[2024-07-31T12:18:37.868+0000] {processor.py:161} INFO - Started process (PID=1211) to work on /home/airflow/.local/lib/python3.12/site-packages/airflow/example_dags/example_short_circuit_operator.py
[2024-07-31T12:18:37.869+0000] {processor.py:830} INFO - Processing file /home/airflow/.local/lib/python3.12/site-packages/airflow/example_dags/example_short_circuit_operator.py for tasks to queue
[2024-07-31T12:18:37.870+0000] {logging_mixin.py:188} INFO - [2024-07-31T12:18:37.870+0000] {dagbag.py:545} INFO - Filling up the DagBag from /home/airflow/.local/lib/python3.12/site-packages/airflow/example_dags/example_short_circuit_operator.py
[2024-07-31T12:18:37.877+0000] {processor.py:840} INFO - DAG(s) 'example_short_circuit_operator' retrieved from /home/airflow/.local/lib/python3.12/site-packages/airflow/example_dags/example_short_circuit_operator.py
[2024-07-31T12:18:37.899+0000] {logging_mixin.py:188} INFO - [2024-07-31T12:18:37.899+0000] {dag.py:3089} INFO - Sync 1 DAGs
[2024-07-31T12:18:37.921+0000] {logging_mixin.py:188} INFO - [2024-07-31T12:18:37.920+0000] {dag.py:3947} INFO - Setting next_dagrun for example_short_circuit_operator to 2024-07-30 00:00:00+00:00, run_after=2024-07-31 00:00:00+00:00
[2024-07-31T12:18:37.943+0000] {processor.py:183} INFO - Processing /home/airflow/.local/lib/python3.12/site-packages/airflow/example_dags/example_short_circuit_operator.py took 0.080 seconds
[2024-07-31T12:19:08.191+0000] {processor.py:161} INFO - Started process (PID=1269) to work on /home/airflow/.local/lib/python3.12/site-packages/airflow/example_dags/example_short_circuit_operator.py
[2024-07-31T12:19:08.192+0000] {processor.py:830} INFO - Processing file /home/airflow/.local/lib/python3.12/site-packages/airflow/example_dags/example_short_circuit_operator.py for tasks to queue
[2024-07-31T12:19:08.193+0000] {logging_mixin.py:188} INFO - [2024-07-31T12:19:08.193+0000] {dagbag.py:545} INFO - Filling up the DagBag from /home/airflow/.local/lib/python3.12/site-packages/airflow/example_dags/example_short_circuit_operator.py
[2024-07-31T12:19:08.200+0000] {processor.py:840} INFO - DAG(s) 'example_short_circuit_operator' retrieved from /home/airflow/.local/lib/python3.12/site-packages/airflow/example_dags/example_short_circuit_operator.py
[2024-07-31T12:19:08.224+0000] {logging_mixin.py:188} INFO - [2024-07-31T12:19:08.223+0000] {dag.py:3089} INFO - Sync 1 DAGs
[2024-07-31T12:19:08.258+0000] {logging_mixin.py:188} INFO - [2024-07-31T12:19:08.258+0000] {dag.py:3947} INFO - Setting next_dagrun for example_short_circuit_operator to 2024-07-30 00:00:00+00:00, run_after=2024-07-31 00:00:00+00:00
[2024-07-31T12:19:08.282+0000] {processor.py:183} INFO - Processing /home/airflow/.local/lib/python3.12/site-packages/airflow/example_dags/example_short_circuit_operator.py took 0.097 seconds
[2024-07-31T12:19:38.573+0000] {processor.py:161} INFO - Started process (PID=1327) to work on /home/airflow/.local/lib/python3.12/site-packages/airflow/example_dags/example_short_circuit_operator.py
[2024-07-31T12:19:38.574+0000] {processor.py:830} INFO - Processing file /home/airflow/.local/lib/python3.12/site-packages/airflow/example_dags/example_short_circuit_operator.py for tasks to queue
[2024-07-31T12:19:38.576+0000] {logging_mixin.py:188} INFO - [2024-07-31T12:19:38.576+0000] {dagbag.py:545} INFO - Filling up the DagBag from /home/airflow/.local/lib/python3.12/site-packages/airflow/example_dags/example_short_circuit_operator.py
[2024-07-31T12:19:38.584+0000] {processor.py:840} INFO - DAG(s) 'example_short_circuit_operator' retrieved from /home/airflow/.local/lib/python3.12/site-packages/airflow/example_dags/example_short_circuit_operator.py
[2024-07-31T12:19:38.608+0000] {logging_mixin.py:188} INFO - [2024-07-31T12:19:38.608+0000] {dag.py:3089} INFO - Sync 1 DAGs
[2024-07-31T12:19:38.636+0000] {logging_mixin.py:188} INFO - [2024-07-31T12:19:38.635+0000] {dag.py:3947} INFO - Setting next_dagrun for example_short_circuit_operator to 2024-07-30 00:00:00+00:00, run_after=2024-07-31 00:00:00+00:00
[2024-07-31T12:19:38.660+0000] {processor.py:183} INFO - Processing /home/airflow/.local/lib/python3.12/site-packages/airflow/example_dags/example_short_circuit_operator.py took 0.094 seconds
[2024-07-31T12:20:08.945+0000] {processor.py:161} INFO - Started process (PID=1385) to work on /home/airflow/.local/lib/python3.12/site-packages/airflow/example_dags/example_short_circuit_operator.py
[2024-07-31T12:20:08.946+0000] {processor.py:830} INFO - Processing file /home/airflow/.local/lib/python3.12/site-packages/airflow/example_dags/example_short_circuit_operator.py for tasks to queue
[2024-07-31T12:20:08.948+0000] {logging_mixin.py:188} INFO - [2024-07-31T12:20:08.948+0000] {dagbag.py:545} INFO - Filling up the DagBag from /home/airflow/.local/lib/python3.12/site-packages/airflow/example_dags/example_short_circuit_operator.py
[2024-07-31T12:20:08.957+0000] {processor.py:840} INFO - DAG(s) 'example_short_circuit_operator' retrieved from /home/airflow/.local/lib/python3.12/site-packages/airflow/example_dags/example_short_circuit_operator.py
[2024-07-31T12:20:08.989+0000] {logging_mixin.py:188} INFO - [2024-07-31T12:20:08.989+0000] {dag.py:3089} INFO - Sync 1 DAGs
[2024-07-31T12:20:09.024+0000] {logging_mixin.py:188} INFO - [2024-07-31T12:20:09.024+0000] {dag.py:3947} INFO - Setting next_dagrun for example_short_circuit_operator to 2024-07-30 00:00:00+00:00, run_after=2024-07-31 00:00:00+00:00
[2024-07-31T12:20:09.053+0000] {processor.py:183} INFO - Processing /home/airflow/.local/lib/python3.12/site-packages/airflow/example_dags/example_short_circuit_operator.py took 0.116 seconds
[2024-07-31T12:20:39.552+0000] {processor.py:161} INFO - Started process (PID=1443) to work on /home/airflow/.local/lib/python3.12/site-packages/airflow/example_dags/example_short_circuit_operator.py
[2024-07-31T12:20:39.552+0000] {processor.py:830} INFO - Processing file /home/airflow/.local/lib/python3.12/site-packages/airflow/example_dags/example_short_circuit_operator.py for tasks to queue
[2024-07-31T12:20:39.554+0000] {logging_mixin.py:188} INFO - [2024-07-31T12:20:39.554+0000] {dagbag.py:545} INFO - Filling up the DagBag from /home/airflow/.local/lib/python3.12/site-packages/airflow/example_dags/example_short_circuit_operator.py
[2024-07-31T12:20:39.561+0000] {processor.py:840} INFO - DAG(s) 'example_short_circuit_operator' retrieved from /home/airflow/.local/lib/python3.12/site-packages/airflow/example_dags/example_short_circuit_operator.py
[2024-07-31T12:20:39.583+0000] {logging_mixin.py:188} INFO - [2024-07-31T12:20:39.583+0000] {dag.py:3089} INFO - Sync 1 DAGs
[2024-07-31T12:20:39.606+0000] {logging_mixin.py:188} INFO - [2024-07-31T12:20:39.606+0000] {dag.py:3947} INFO - Setting next_dagrun for example_short_circuit_operator to 2024-07-30 00:00:00+00:00, run_after=2024-07-31 00:00:00+00:00
[2024-07-31T12:20:39.635+0000] {processor.py:183} INFO - Processing /home/airflow/.local/lib/python3.12/site-packages/airflow/example_dags/example_short_circuit_operator.py took 0.089 seconds
[2024-07-31T12:21:09.689+0000] {processor.py:161} INFO - Started process (PID=1501) to work on /home/airflow/.local/lib/python3.12/site-packages/airflow/example_dags/example_short_circuit_operator.py
[2024-07-31T12:21:09.690+0000] {processor.py:830} INFO - Processing file /home/airflow/.local/lib/python3.12/site-packages/airflow/example_dags/example_short_circuit_operator.py for tasks to queue
[2024-07-31T12:21:09.692+0000] {logging_mixin.py:188} INFO - [2024-07-31T12:21:09.691+0000] {dagbag.py:545} INFO - Filling up the DagBag from /home/airflow/.local/lib/python3.12/site-packages/airflow/example_dags/example_short_circuit_operator.py
[2024-07-31T12:21:09.698+0000] {processor.py:840} INFO - DAG(s) 'example_short_circuit_operator' retrieved from /home/airflow/.local/lib/python3.12/site-packages/airflow/example_dags/example_short_circuit_operator.py
[2024-07-31T12:21:09.728+0000] {logging_mixin.py:188} INFO - [2024-07-31T12:21:09.728+0000] {dag.py:3089} INFO - Sync 1 DAGs
[2024-07-31T12:21:09.756+0000] {logging_mixin.py:188} INFO - [2024-07-31T12:21:09.755+0000] {dag.py:3947} INFO - Setting next_dagrun for example_short_circuit_operator to 2024-07-30 00:00:00+00:00, run_after=2024-07-31 00:00:00+00:00
[2024-07-31T12:21:09.781+0000] {processor.py:183} INFO - Processing /home/airflow/.local/lib/python3.12/site-packages/airflow/example_dags/example_short_circuit_operator.py took 0.097 seconds
[2024-07-31T12:21:40.115+0000] {processor.py:161} INFO - Started process (PID=1559) to work on /home/airflow/.local/lib/python3.12/site-packages/airflow/example_dags/example_short_circuit_operator.py
[2024-07-31T12:21:40.116+0000] {processor.py:830} INFO - Processing file /home/airflow/.local/lib/python3.12/site-packages/airflow/example_dags/example_short_circuit_operator.py for tasks to queue
[2024-07-31T12:21:40.118+0000] {logging_mixin.py:188} INFO - [2024-07-31T12:21:40.117+0000] {dagbag.py:545} INFO - Filling up the DagBag from /home/airflow/.local/lib/python3.12/site-packages/airflow/example_dags/example_short_circuit_operator.py
[2024-07-31T12:21:40.126+0000] {processor.py:840} INFO - DAG(s) 'example_short_circuit_operator' retrieved from /home/airflow/.local/lib/python3.12/site-packages/airflow/example_dags/example_short_circuit_operator.py
[2024-07-31T12:21:40.148+0000] {logging_mixin.py:188} INFO - [2024-07-31T12:21:40.148+0000] {dag.py:3089} INFO - Sync 1 DAGs
[2024-07-31T12:21:40.172+0000] {logging_mixin.py:188} INFO - [2024-07-31T12:21:40.172+0000] {dag.py:3947} INFO - Setting next_dagrun for example_short_circuit_operator to 2024-07-30 00:00:00+00:00, run_after=2024-07-31 00:00:00+00:00
[2024-07-31T12:21:40.192+0000] {processor.py:183} INFO - Processing /home/airflow/.local/lib/python3.12/site-packages/airflow/example_dags/example_short_circuit_operator.py took 0.083 seconds
[2024-07-31T12:22:10.540+0000] {processor.py:161} INFO - Started process (PID=1617) to work on /home/airflow/.local/lib/python3.12/site-packages/airflow/example_dags/example_short_circuit_operator.py
[2024-07-31T12:22:10.541+0000] {processor.py:830} INFO - Processing file /home/airflow/.local/lib/python3.12/site-packages/airflow/example_dags/example_short_circuit_operator.py for tasks to queue
[2024-07-31T12:22:10.543+0000] {logging_mixin.py:188} INFO - [2024-07-31T12:22:10.543+0000] {dagbag.py:545} INFO - Filling up the DagBag from /home/airflow/.local/lib/python3.12/site-packages/airflow/example_dags/example_short_circuit_operator.py
[2024-07-31T12:22:10.550+0000] {processor.py:840} INFO - DAG(s) 'example_short_circuit_operator' retrieved from /home/airflow/.local/lib/python3.12/site-packages/airflow/example_dags/example_short_circuit_operator.py
[2024-07-31T12:22:10.583+0000] {logging_mixin.py:188} INFO - [2024-07-31T12:22:10.582+0000] {dag.py:3089} INFO - Sync 1 DAGs
[2024-07-31T12:22:10.610+0000] {logging_mixin.py:188} INFO - [2024-07-31T12:22:10.610+0000] {dag.py:3947} INFO - Setting next_dagrun for example_short_circuit_operator to 2024-07-30 00:00:00+00:00, run_after=2024-07-31 00:00:00+00:00
[2024-07-31T12:22:10.633+0000] {processor.py:183} INFO - Processing /home/airflow/.local/lib/python3.12/site-packages/airflow/example_dags/example_short_circuit_operator.py took 0.102 seconds
[2024-07-31T12:22:40.981+0000] {processor.py:161} INFO - Started process (PID=1675) to work on /home/airflow/.local/lib/python3.12/site-packages/airflow/example_dags/example_short_circuit_operator.py
[2024-07-31T12:22:40.982+0000] {processor.py:830} INFO - Processing file /home/airflow/.local/lib/python3.12/site-packages/airflow/example_dags/example_short_circuit_operator.py for tasks to queue
[2024-07-31T12:22:40.984+0000] {logging_mixin.py:188} INFO - [2024-07-31T12:22:40.983+0000] {dagbag.py:545} INFO - Filling up the DagBag from /home/airflow/.local/lib/python3.12/site-packages/airflow/example_dags/example_short_circuit_operator.py
[2024-07-31T12:22:40.990+0000] {processor.py:840} INFO - DAG(s) 'example_short_circuit_operator' retrieved from /home/airflow/.local/lib/python3.12/site-packages/airflow/example_dags/example_short_circuit_operator.py
[2024-07-31T12:22:41.011+0000] {logging_mixin.py:188} INFO - [2024-07-31T12:22:41.011+0000] {dag.py:3089} INFO - Sync 1 DAGs
[2024-07-31T12:22:41.035+0000] {logging_mixin.py:188} INFO - [2024-07-31T12:22:41.035+0000] {dag.py:3947} INFO - Setting next_dagrun for example_short_circuit_operator to 2024-07-30 00:00:00+00:00, run_after=2024-07-31 00:00:00+00:00
[2024-07-31T12:22:41.056+0000] {processor.py:183} INFO - Processing /home/airflow/.local/lib/python3.12/site-packages/airflow/example_dags/example_short_circuit_operator.py took 0.080 seconds
[2024-07-31T12:23:11.770+0000] {processor.py:161} INFO - Started process (PID=1732) to work on /home/airflow/.local/lib/python3.12/site-packages/airflow/example_dags/example_short_circuit_operator.py
[2024-07-31T12:23:11.772+0000] {processor.py:830} INFO - Processing file /home/airflow/.local/lib/python3.12/site-packages/airflow/example_dags/example_short_circuit_operator.py for tasks to queue
[2024-07-31T12:23:11.773+0000] {logging_mixin.py:188} INFO - [2024-07-31T12:23:11.773+0000] {dagbag.py:545} INFO - Filling up the DagBag from /home/airflow/.local/lib/python3.12/site-packages/airflow/example_dags/example_short_circuit_operator.py
[2024-07-31T12:23:11.781+0000] {processor.py:840} INFO - DAG(s) 'example_short_circuit_operator' retrieved from /home/airflow/.local/lib/python3.12/site-packages/airflow/example_dags/example_short_circuit_operator.py
[2024-07-31T12:23:11.808+0000] {logging_mixin.py:188} INFO - [2024-07-31T12:23:11.807+0000] {dag.py:3089} INFO - Sync 1 DAGs
[2024-07-31T12:23:11.843+0000] {logging_mixin.py:188} INFO - [2024-07-31T12:23:11.843+0000] {dag.py:3947} INFO - Setting next_dagrun for example_short_circuit_operator to 2024-07-30 00:00:00+00:00, run_after=2024-07-31 00:00:00+00:00
[2024-07-31T12:23:11.872+0000] {processor.py:183} INFO - Processing /home/airflow/.local/lib/python3.12/site-packages/airflow/example_dags/example_short_circuit_operator.py took 0.110 seconds
[2024-07-31T12:23:43.616+0000] {processor.py:161} INFO - Started process (PID=1790) to work on /home/airflow/.local/lib/python3.12/site-packages/airflow/example_dags/example_short_circuit_operator.py
[2024-07-31T12:23:43.617+0000] {processor.py:830} INFO - Processing file /home/airflow/.local/lib/python3.12/site-packages/airflow/example_dags/example_short_circuit_operator.py for tasks to queue
[2024-07-31T12:23:43.619+0000] {logging_mixin.py:188} INFO - [2024-07-31T12:23:43.619+0000] {dagbag.py:545} INFO - Filling up the DagBag from /home/airflow/.local/lib/python3.12/site-packages/airflow/example_dags/example_short_circuit_operator.py
[2024-07-31T12:23:43.627+0000] {processor.py:840} INFO - DAG(s) 'example_short_circuit_operator' retrieved from /home/airflow/.local/lib/python3.12/site-packages/airflow/example_dags/example_short_circuit_operator.py
[2024-07-31T12:23:43.655+0000] {logging_mixin.py:188} INFO - [2024-07-31T12:23:43.655+0000] {dag.py:3089} INFO - Sync 1 DAGs
[2024-07-31T12:23:43.821+0000] {logging_mixin.py:188} INFO - [2024-07-31T12:23:43.821+0000] {dag.py:3947} INFO - Setting next_dagrun for example_short_circuit_operator to 2024-07-30 00:00:00+00:00, run_after=2024-07-31 00:00:00+00:00
[2024-07-31T12:23:43.852+0000] {processor.py:183} INFO - Processing /home/airflow/.local/lib/python3.12/site-packages/airflow/example_dags/example_short_circuit_operator.py took 0.243 seconds
[2024-07-31T12:24:14.701+0000] {processor.py:161} INFO - Started process (PID=1848) to work on /home/airflow/.local/lib/python3.12/site-packages/airflow/example_dags/example_short_circuit_operator.py
[2024-07-31T12:24:14.703+0000] {processor.py:830} INFO - Processing file /home/airflow/.local/lib/python3.12/site-packages/airflow/example_dags/example_short_circuit_operator.py for tasks to queue
[2024-07-31T12:24:14.705+0000] {logging_mixin.py:188} INFO - [2024-07-31T12:24:14.705+0000] {dagbag.py:545} INFO - Filling up the DagBag from /home/airflow/.local/lib/python3.12/site-packages/airflow/example_dags/example_short_circuit_operator.py
[2024-07-31T12:24:14.714+0000] {processor.py:840} INFO - DAG(s) 'example_short_circuit_operator' retrieved from /home/airflow/.local/lib/python3.12/site-packages/airflow/example_dags/example_short_circuit_operator.py
[2024-07-31T12:24:14.751+0000] {logging_mixin.py:188} INFO - [2024-07-31T12:24:14.751+0000] {dag.py:3089} INFO - Sync 1 DAGs
[2024-07-31T12:24:14.783+0000] {logging_mixin.py:188} INFO - [2024-07-31T12:24:14.783+0000] {dag.py:3947} INFO - Setting next_dagrun for example_short_circuit_operator to 2024-07-30 00:00:00+00:00, run_after=2024-07-31 00:00:00+00:00
[2024-07-31T12:24:14.989+0000] {processor.py:183} INFO - Processing /home/airflow/.local/lib/python3.12/site-packages/airflow/example_dags/example_short_circuit_operator.py took 0.299 seconds
[2024-07-31T12:24:45.093+0000] {processor.py:161} INFO - Started process (PID=1906) to work on /home/airflow/.local/lib/python3.12/site-packages/airflow/example_dags/example_short_circuit_operator.py
[2024-07-31T12:24:45.094+0000] {processor.py:830} INFO - Processing file /home/airflow/.local/lib/python3.12/site-packages/airflow/example_dags/example_short_circuit_operator.py for tasks to queue
[2024-07-31T12:24:45.096+0000] {logging_mixin.py:188} INFO - [2024-07-31T12:24:45.096+0000] {dagbag.py:545} INFO - Filling up the DagBag from /home/airflow/.local/lib/python3.12/site-packages/airflow/example_dags/example_short_circuit_operator.py
[2024-07-31T12:24:45.107+0000] {processor.py:840} INFO - DAG(s) 'example_short_circuit_operator' retrieved from /home/airflow/.local/lib/python3.12/site-packages/airflow/example_dags/example_short_circuit_operator.py
[2024-07-31T12:24:45.139+0000] {logging_mixin.py:188} INFO - [2024-07-31T12:24:45.139+0000] {dag.py:3089} INFO - Sync 1 DAGs
[2024-07-31T12:24:45.175+0000] {logging_mixin.py:188} INFO - [2024-07-31T12:24:45.175+0000] {dag.py:3947} INFO - Setting next_dagrun for example_short_circuit_operator to 2024-07-30 00:00:00+00:00, run_after=2024-07-31 00:00:00+00:00
[2024-07-31T12:24:45.384+0000] {processor.py:183} INFO - Processing /home/airflow/.local/lib/python3.12/site-packages/airflow/example_dags/example_short_circuit_operator.py took 0.299 seconds
[2024-07-31T12:25:16.008+0000] {processor.py:161} INFO - Started process (PID=1964) to work on /home/airflow/.local/lib/python3.12/site-packages/airflow/example_dags/example_short_circuit_operator.py
[2024-07-31T12:25:16.009+0000] {processor.py:830} INFO - Processing file /home/airflow/.local/lib/python3.12/site-packages/airflow/example_dags/example_short_circuit_operator.py for tasks to queue
[2024-07-31T12:25:16.011+0000] {logging_mixin.py:188} INFO - [2024-07-31T12:25:16.011+0000] {dagbag.py:545} INFO - Filling up the DagBag from /home/airflow/.local/lib/python3.12/site-packages/airflow/example_dags/example_short_circuit_operator.py
[2024-07-31T12:25:16.019+0000] {processor.py:840} INFO - DAG(s) 'example_short_circuit_operator' retrieved from /home/airflow/.local/lib/python3.12/site-packages/airflow/example_dags/example_short_circuit_operator.py
[2024-07-31T12:25:16.044+0000] {logging_mixin.py:188} INFO - [2024-07-31T12:25:16.043+0000] {dag.py:3089} INFO - Sync 1 DAGs
[2024-07-31T12:25:16.072+0000] {logging_mixin.py:188} INFO - [2024-07-31T12:25:16.071+0000] {dag.py:3947} INFO - Setting next_dagrun for example_short_circuit_operator to 2024-07-30 00:00:00+00:00, run_after=2024-07-31 00:00:00+00:00
[2024-07-31T12:25:16.095+0000] {processor.py:183} INFO - Processing /home/airflow/.local/lib/python3.12/site-packages/airflow/example_dags/example_short_circuit_operator.py took 0.094 seconds
[2024-07-31T12:25:46.747+0000] {processor.py:161} INFO - Started process (PID=2022) to work on /home/airflow/.local/lib/python3.12/site-packages/airflow/example_dags/example_short_circuit_operator.py
[2024-07-31T12:25:46.748+0000] {processor.py:830} INFO - Processing file /home/airflow/.local/lib/python3.12/site-packages/airflow/example_dags/example_short_circuit_operator.py for tasks to queue
[2024-07-31T12:25:46.750+0000] {logging_mixin.py:188} INFO - [2024-07-31T12:25:46.749+0000] {dagbag.py:545} INFO - Filling up the DagBag from /home/airflow/.local/lib/python3.12/site-packages/airflow/example_dags/example_short_circuit_operator.py
[2024-07-31T12:25:46.765+0000] {processor.py:840} INFO - DAG(s) 'example_short_circuit_operator' retrieved from /home/airflow/.local/lib/python3.12/site-packages/airflow/example_dags/example_short_circuit_operator.py
[2024-07-31T12:25:46.803+0000] {logging_mixin.py:188} INFO - [2024-07-31T12:25:46.803+0000] {dag.py:3089} INFO - Sync 1 DAGs
[2024-07-31T12:25:46.840+0000] {logging_mixin.py:188} INFO - [2024-07-31T12:25:46.840+0000] {dag.py:3947} INFO - Setting next_dagrun for example_short_circuit_operator to 2024-07-30 00:00:00+00:00, run_after=2024-07-31 00:00:00+00:00
[2024-07-31T12:25:46.873+0000] {processor.py:183} INFO - Processing /home/airflow/.local/lib/python3.12/site-packages/airflow/example_dags/example_short_circuit_operator.py took 0.134 seconds
[2024-07-31T12:26:17.684+0000] {processor.py:161} INFO - Started process (PID=2080) to work on /home/airflow/.local/lib/python3.12/site-packages/airflow/example_dags/example_short_circuit_operator.py
[2024-07-31T12:26:17.684+0000] {processor.py:830} INFO - Processing file /home/airflow/.local/lib/python3.12/site-packages/airflow/example_dags/example_short_circuit_operator.py for tasks to queue
[2024-07-31T12:26:17.686+0000] {logging_mixin.py:188} INFO - [2024-07-31T12:26:17.686+0000] {dagbag.py:545} INFO - Filling up the DagBag from /home/airflow/.local/lib/python3.12/site-packages/airflow/example_dags/example_short_circuit_operator.py
[2024-07-31T12:26:17.693+0000] {processor.py:840} INFO - DAG(s) 'example_short_circuit_operator' retrieved from /home/airflow/.local/lib/python3.12/site-packages/airflow/example_dags/example_short_circuit_operator.py
[2024-07-31T12:26:17.715+0000] {logging_mixin.py:188} INFO - [2024-07-31T12:26:17.714+0000] {dag.py:3089} INFO - Sync 1 DAGs
[2024-07-31T12:26:17.740+0000] {logging_mixin.py:188} INFO - [2024-07-31T12:26:17.740+0000] {dag.py:3947} INFO - Setting next_dagrun for example_short_circuit_operator to 2024-07-30 00:00:00+00:00, run_after=2024-07-31 00:00:00+00:00
[2024-07-31T12:26:17.766+0000] {processor.py:183} INFO - Processing /home/airflow/.local/lib/python3.12/site-packages/airflow/example_dags/example_short_circuit_operator.py took 0.088 seconds
[2024-07-31T12:26:48.066+0000] {processor.py:161} INFO - Started process (PID=2137) to work on /home/airflow/.local/lib/python3.12/site-packages/airflow/example_dags/example_short_circuit_operator.py
[2024-07-31T12:26:48.068+0000] {processor.py:830} INFO - Processing file /home/airflow/.local/lib/python3.12/site-packages/airflow/example_dags/example_short_circuit_operator.py for tasks to queue
[2024-07-31T12:26:48.069+0000] {logging_mixin.py:188} INFO - [2024-07-31T12:26:48.069+0000] {dagbag.py:545} INFO - Filling up the DagBag from /home/airflow/.local/lib/python3.12/site-packages/airflow/example_dags/example_short_circuit_operator.py
[2024-07-31T12:26:48.076+0000] {processor.py:840} INFO - DAG(s) 'example_short_circuit_operator' retrieved from /home/airflow/.local/lib/python3.12/site-packages/airflow/example_dags/example_short_circuit_operator.py
[2024-07-31T12:26:48.097+0000] {logging_mixin.py:188} INFO - [2024-07-31T12:26:48.097+0000] {dag.py:3089} INFO - Sync 1 DAGs
[2024-07-31T12:26:48.120+0000] {logging_mixin.py:188} INFO - [2024-07-31T12:26:48.119+0000] {dag.py:3947} INFO - Setting next_dagrun for example_short_circuit_operator to 2024-07-30 00:00:00+00:00, run_after=2024-07-31 00:00:00+00:00
[2024-07-31T12:26:48.149+0000] {processor.py:183} INFO - Processing /home/airflow/.local/lib/python3.12/site-packages/airflow/example_dags/example_short_circuit_operator.py took 0.088 seconds
[2024-07-31T12:27:18.483+0000] {processor.py:161} INFO - Started process (PID=2195) to work on /home/airflow/.local/lib/python3.12/site-packages/airflow/example_dags/example_short_circuit_operator.py
[2024-07-31T12:27:18.484+0000] {processor.py:830} INFO - Processing file /home/airflow/.local/lib/python3.12/site-packages/airflow/example_dags/example_short_circuit_operator.py for tasks to queue
[2024-07-31T12:27:18.485+0000] {logging_mixin.py:188} INFO - [2024-07-31T12:27:18.485+0000] {dagbag.py:545} INFO - Filling up the DagBag from /home/airflow/.local/lib/python3.12/site-packages/airflow/example_dags/example_short_circuit_operator.py
[2024-07-31T12:27:18.492+0000] {processor.py:840} INFO - DAG(s) 'example_short_circuit_operator' retrieved from /home/airflow/.local/lib/python3.12/site-packages/airflow/example_dags/example_short_circuit_operator.py
[2024-07-31T12:27:18.516+0000] {logging_mixin.py:188} INFO - [2024-07-31T12:27:18.515+0000] {dag.py:3089} INFO - Sync 1 DAGs
[2024-07-31T12:27:18.540+0000] {logging_mixin.py:188} INFO - [2024-07-31T12:27:18.540+0000] {dag.py:3947} INFO - Setting next_dagrun for example_short_circuit_operator to 2024-07-30 00:00:00+00:00, run_after=2024-07-31 00:00:00+00:00
[2024-07-31T12:27:18.571+0000] {processor.py:183} INFO - Processing /home/airflow/.local/lib/python3.12/site-packages/airflow/example_dags/example_short_circuit_operator.py took 0.093 seconds
[2024-07-31T12:27:49.188+0000] {processor.py:161} INFO - Started process (PID=2253) to work on /home/airflow/.local/lib/python3.12/site-packages/airflow/example_dags/example_short_circuit_operator.py
[2024-07-31T12:27:49.189+0000] {processor.py:830} INFO - Processing file /home/airflow/.local/lib/python3.12/site-packages/airflow/example_dags/example_short_circuit_operator.py for tasks to queue
[2024-07-31T12:27:49.191+0000] {logging_mixin.py:188} INFO - [2024-07-31T12:27:49.190+0000] {dagbag.py:545} INFO - Filling up the DagBag from /home/airflow/.local/lib/python3.12/site-packages/airflow/example_dags/example_short_circuit_operator.py
[2024-07-31T12:27:49.198+0000] {processor.py:840} INFO - DAG(s) 'example_short_circuit_operator' retrieved from /home/airflow/.local/lib/python3.12/site-packages/airflow/example_dags/example_short_circuit_operator.py
[2024-07-31T12:27:49.230+0000] {logging_mixin.py:188} INFO - [2024-07-31T12:27:49.230+0000] {dag.py:3089} INFO - Sync 1 DAGs
[2024-07-31T12:27:49.258+0000] {logging_mixin.py:188} INFO - [2024-07-31T12:27:49.258+0000] {dag.py:3947} INFO - Setting next_dagrun for example_short_circuit_operator to 2024-07-30 00:00:00+00:00, run_after=2024-07-31 00:00:00+00:00
[2024-07-31T12:27:49.285+0000] {processor.py:183} INFO - Processing /home/airflow/.local/lib/python3.12/site-packages/airflow/example_dags/example_short_circuit_operator.py took 0.104 seconds
[2024-07-31T12:28:20.140+0000] {processor.py:161} INFO - Started process (PID=2311) to work on /home/airflow/.local/lib/python3.12/site-packages/airflow/example_dags/example_short_circuit_operator.py
[2024-07-31T12:28:20.141+0000] {processor.py:830} INFO - Processing file /home/airflow/.local/lib/python3.12/site-packages/airflow/example_dags/example_short_circuit_operator.py for tasks to queue
[2024-07-31T12:28:20.143+0000] {logging_mixin.py:188} INFO - [2024-07-31T12:28:20.143+0000] {dagbag.py:545} INFO - Filling up the DagBag from /home/airflow/.local/lib/python3.12/site-packages/airflow/example_dags/example_short_circuit_operator.py
[2024-07-31T12:28:20.154+0000] {processor.py:840} INFO - DAG(s) 'example_short_circuit_operator' retrieved from /home/airflow/.local/lib/python3.12/site-packages/airflow/example_dags/example_short_circuit_operator.py
[2024-07-31T12:28:20.187+0000] {logging_mixin.py:188} INFO - [2024-07-31T12:28:20.187+0000] {dag.py:3089} INFO - Sync 1 DAGs
[2024-07-31T12:28:20.219+0000] {logging_mixin.py:188} INFO - [2024-07-31T12:28:20.218+0000] {dag.py:3947} INFO - Setting next_dagrun for example_short_circuit_operator to 2024-07-30 00:00:00+00:00, run_after=2024-07-31 00:00:00+00:00
[2024-07-31T12:28:20.252+0000] {processor.py:183} INFO - Processing /home/airflow/.local/lib/python3.12/site-packages/airflow/example_dags/example_short_circuit_operator.py took 0.121 seconds
[2024-07-31T12:28:50.488+0000] {processor.py:161} INFO - Started process (PID=2369) to work on /home/airflow/.local/lib/python3.12/site-packages/airflow/example_dags/example_short_circuit_operator.py
[2024-07-31T12:28:50.489+0000] {processor.py:830} INFO - Processing file /home/airflow/.local/lib/python3.12/site-packages/airflow/example_dags/example_short_circuit_operator.py for tasks to queue
[2024-07-31T12:28:50.491+0000] {logging_mixin.py:188} INFO - [2024-07-31T12:28:50.491+0000] {dagbag.py:545} INFO - Filling up the DagBag from /home/airflow/.local/lib/python3.12/site-packages/airflow/example_dags/example_short_circuit_operator.py
[2024-07-31T12:28:50.499+0000] {processor.py:840} INFO - DAG(s) 'example_short_circuit_operator' retrieved from /home/airflow/.local/lib/python3.12/site-packages/airflow/example_dags/example_short_circuit_operator.py
[2024-07-31T12:28:50.528+0000] {logging_mixin.py:188} INFO - [2024-07-31T12:28:50.528+0000] {dag.py:3089} INFO - Sync 1 DAGs
[2024-07-31T12:28:50.558+0000] {logging_mixin.py:188} INFO - [2024-07-31T12:28:50.558+0000] {dag.py:3947} INFO - Setting next_dagrun for example_short_circuit_operator to 2024-07-30 00:00:00+00:00, run_after=2024-07-31 00:00:00+00:00
[2024-07-31T12:28:50.589+0000] {processor.py:183} INFO - Processing /home/airflow/.local/lib/python3.12/site-packages/airflow/example_dags/example_short_circuit_operator.py took 0.108 seconds
[2024-07-31T12:29:21.045+0000] {processor.py:161} INFO - Started process (PID=2427) to work on /home/airflow/.local/lib/python3.12/site-packages/airflow/example_dags/example_short_circuit_operator.py
[2024-07-31T12:29:21.046+0000] {processor.py:830} INFO - Processing file /home/airflow/.local/lib/python3.12/site-packages/airflow/example_dags/example_short_circuit_operator.py for tasks to queue
[2024-07-31T12:29:21.048+0000] {logging_mixin.py:188} INFO - [2024-07-31T12:29:21.048+0000] {dagbag.py:545} INFO - Filling up the DagBag from /home/airflow/.local/lib/python3.12/site-packages/airflow/example_dags/example_short_circuit_operator.py
[2024-07-31T12:29:21.057+0000] {processor.py:840} INFO - DAG(s) 'example_short_circuit_operator' retrieved from /home/airflow/.local/lib/python3.12/site-packages/airflow/example_dags/example_short_circuit_operator.py
[2024-07-31T12:29:21.083+0000] {logging_mixin.py:188} INFO - [2024-07-31T12:29:21.083+0000] {dag.py:3089} INFO - Sync 1 DAGs
[2024-07-31T12:29:21.106+0000] {logging_mixin.py:188} INFO - [2024-07-31T12:29:21.106+0000] {dag.py:3947} INFO - Setting next_dagrun for example_short_circuit_operator to 2024-07-30 00:00:00+00:00, run_after=2024-07-31 00:00:00+00:00
[2024-07-31T12:29:21.132+0000] {processor.py:183} INFO - Processing /home/airflow/.local/lib/python3.12/site-packages/airflow/example_dags/example_short_circuit_operator.py took 0.096 seconds
[2024-07-31T12:29:51.716+0000] {processor.py:161} INFO - Started process (PID=2484) to work on /home/airflow/.local/lib/python3.12/site-packages/airflow/example_dags/example_short_circuit_operator.py
[2024-07-31T12:29:51.718+0000] {processor.py:830} INFO - Processing file /home/airflow/.local/lib/python3.12/site-packages/airflow/example_dags/example_short_circuit_operator.py for tasks to queue
[2024-07-31T12:29:51.719+0000] {logging_mixin.py:188} INFO - [2024-07-31T12:29:51.719+0000] {dagbag.py:545} INFO - Filling up the DagBag from /home/airflow/.local/lib/python3.12/site-packages/airflow/example_dags/example_short_circuit_operator.py
[2024-07-31T12:29:51.729+0000] {processor.py:840} INFO - DAG(s) 'example_short_circuit_operator' retrieved from /home/airflow/.local/lib/python3.12/site-packages/airflow/example_dags/example_short_circuit_operator.py
[2024-07-31T12:29:51.754+0000] {logging_mixin.py:188} INFO - [2024-07-31T12:29:51.754+0000] {dag.py:3089} INFO - Sync 1 DAGs
[2024-07-31T12:29:51.780+0000] {logging_mixin.py:188} INFO - [2024-07-31T12:29:51.780+0000] {dag.py:3947} INFO - Setting next_dagrun for example_short_circuit_operator to 2024-07-30 00:00:00+00:00, run_after=2024-07-31 00:00:00+00:00
[2024-07-31T12:29:51.808+0000] {processor.py:183} INFO - Processing /home/airflow/.local/lib/python3.12/site-packages/airflow/example_dags/example_short_circuit_operator.py took 0.099 seconds
[2024-07-31T12:30:22.530+0000] {processor.py:161} INFO - Started process (PID=2542) to work on /home/airflow/.local/lib/python3.12/site-packages/airflow/example_dags/example_short_circuit_operator.py
[2024-07-31T12:30:22.531+0000] {processor.py:830} INFO - Processing file /home/airflow/.local/lib/python3.12/site-packages/airflow/example_dags/example_short_circuit_operator.py for tasks to queue
[2024-07-31T12:30:22.533+0000] {logging_mixin.py:188} INFO - [2024-07-31T12:30:22.532+0000] {dagbag.py:545} INFO - Filling up the DagBag from /home/airflow/.local/lib/python3.12/site-packages/airflow/example_dags/example_short_circuit_operator.py
[2024-07-31T12:30:22.541+0000] {processor.py:840} INFO - DAG(s) 'example_short_circuit_operator' retrieved from /home/airflow/.local/lib/python3.12/site-packages/airflow/example_dags/example_short_circuit_operator.py
[2024-07-31T12:30:22.568+0000] {logging_mixin.py:188} INFO - [2024-07-31T12:30:22.568+0000] {dag.py:3089} INFO - Sync 1 DAGs
[2024-07-31T12:30:22.594+0000] {logging_mixin.py:188} INFO - [2024-07-31T12:30:22.593+0000] {dag.py:3947} INFO - Setting next_dagrun for example_short_circuit_operator to 2024-07-30 00:00:00+00:00, run_after=2024-07-31 00:00:00+00:00
[2024-07-31T12:30:22.623+0000] {processor.py:183} INFO - Processing /home/airflow/.local/lib/python3.12/site-packages/airflow/example_dags/example_short_circuit_operator.py took 0.099 seconds
[2024-07-31T12:30:53.058+0000] {processor.py:161} INFO - Started process (PID=2600) to work on /home/airflow/.local/lib/python3.12/site-packages/airflow/example_dags/example_short_circuit_operator.py
[2024-07-31T12:30:53.059+0000] {processor.py:830} INFO - Processing file /home/airflow/.local/lib/python3.12/site-packages/airflow/example_dags/example_short_circuit_operator.py for tasks to queue
[2024-07-31T12:30:53.061+0000] {logging_mixin.py:188} INFO - [2024-07-31T12:30:53.061+0000] {dagbag.py:545} INFO - Filling up the DagBag from /home/airflow/.local/lib/python3.12/site-packages/airflow/example_dags/example_short_circuit_operator.py
[2024-07-31T12:30:53.071+0000] {processor.py:840} INFO - DAG(s) 'example_short_circuit_operator' retrieved from /home/airflow/.local/lib/python3.12/site-packages/airflow/example_dags/example_short_circuit_operator.py
[2024-07-31T12:30:53.100+0000] {logging_mixin.py:188} INFO - [2024-07-31T12:30:53.100+0000] {dag.py:3089} INFO - Sync 1 DAGs
[2024-07-31T12:30:53.132+0000] {logging_mixin.py:188} INFO - [2024-07-31T12:30:53.132+0000] {dag.py:3947} INFO - Setting next_dagrun for example_short_circuit_operator to 2024-07-30 00:00:00+00:00, run_after=2024-07-31 00:00:00+00:00
[2024-07-31T12:30:53.161+0000] {processor.py:183} INFO - Processing /home/airflow/.local/lib/python3.12/site-packages/airflow/example_dags/example_short_circuit_operator.py took 0.111 seconds
[2024-07-31T12:31:23.767+0000] {processor.py:161} INFO - Started process (PID=2657) to work on /home/airflow/.local/lib/python3.12/site-packages/airflow/example_dags/example_short_circuit_operator.py
[2024-07-31T12:31:23.769+0000] {processor.py:830} INFO - Processing file /home/airflow/.local/lib/python3.12/site-packages/airflow/example_dags/example_short_circuit_operator.py for tasks to queue
[2024-07-31T12:31:23.772+0000] {logging_mixin.py:188} INFO - [2024-07-31T12:31:23.772+0000] {dagbag.py:545} INFO - Filling up the DagBag from /home/airflow/.local/lib/python3.12/site-packages/airflow/example_dags/example_short_circuit_operator.py
[2024-07-31T12:31:23.788+0000] {processor.py:840} INFO - DAG(s) 'example_short_circuit_operator' retrieved from /home/airflow/.local/lib/python3.12/site-packages/airflow/example_dags/example_short_circuit_operator.py
[2024-07-31T12:31:23.825+0000] {logging_mixin.py:188} INFO - [2024-07-31T12:31:23.824+0000] {dag.py:3089} INFO - Sync 1 DAGs
[2024-07-31T12:31:23.854+0000] {logging_mixin.py:188} INFO - [2024-07-31T12:31:23.854+0000] {dag.py:3947} INFO - Setting next_dagrun for example_short_circuit_operator to 2024-07-30 00:00:00+00:00, run_after=2024-07-31 00:00:00+00:00
[2024-07-31T12:31:23.892+0000] {processor.py:183} INFO - Processing /home/airflow/.local/lib/python3.12/site-packages/airflow/example_dags/example_short_circuit_operator.py took 0.150 seconds
[2024-07-31T12:31:54.225+0000] {processor.py:161} INFO - Started process (PID=2715) to work on /home/airflow/.local/lib/python3.12/site-packages/airflow/example_dags/example_short_circuit_operator.py
[2024-07-31T12:31:54.226+0000] {processor.py:830} INFO - Processing file /home/airflow/.local/lib/python3.12/site-packages/airflow/example_dags/example_short_circuit_operator.py for tasks to queue
[2024-07-31T12:31:54.228+0000] {logging_mixin.py:188} INFO - [2024-07-31T12:31:54.228+0000] {dagbag.py:545} INFO - Filling up the DagBag from /home/airflow/.local/lib/python3.12/site-packages/airflow/example_dags/example_short_circuit_operator.py
[2024-07-31T12:31:54.235+0000] {processor.py:840} INFO - DAG(s) 'example_short_circuit_operator' retrieved from /home/airflow/.local/lib/python3.12/site-packages/airflow/example_dags/example_short_circuit_operator.py
[2024-07-31T12:31:54.270+0000] {logging_mixin.py:188} INFO - [2024-07-31T12:31:54.269+0000] {dag.py:3089} INFO - Sync 1 DAGs
[2024-07-31T12:31:54.303+0000] {logging_mixin.py:188} INFO - [2024-07-31T12:31:54.302+0000] {dag.py:3947} INFO - Setting next_dagrun for example_short_circuit_operator to 2024-07-30 00:00:00+00:00, run_after=2024-07-31 00:00:00+00:00
[2024-07-31T12:31:54.335+0000] {processor.py:183} INFO - Processing /home/airflow/.local/lib/python3.12/site-packages/airflow/example_dags/example_short_circuit_operator.py took 0.119 seconds
[2024-07-31T12:32:24.595+0000] {processor.py:161} INFO - Started process (PID=2774) to work on /home/airflow/.local/lib/python3.12/site-packages/airflow/example_dags/example_short_circuit_operator.py
[2024-07-31T12:32:24.596+0000] {processor.py:830} INFO - Processing file /home/airflow/.local/lib/python3.12/site-packages/airflow/example_dags/example_short_circuit_operator.py for tasks to queue
[2024-07-31T12:32:24.599+0000] {logging_mixin.py:188} INFO - [2024-07-31T12:32:24.598+0000] {dagbag.py:545} INFO - Filling up the DagBag from /home/airflow/.local/lib/python3.12/site-packages/airflow/example_dags/example_short_circuit_operator.py
[2024-07-31T12:32:24.611+0000] {processor.py:840} INFO - DAG(s) 'example_short_circuit_operator' retrieved from /home/airflow/.local/lib/python3.12/site-packages/airflow/example_dags/example_short_circuit_operator.py
[2024-07-31T12:32:24.648+0000] {logging_mixin.py:188} INFO - [2024-07-31T12:32:24.647+0000] {dag.py:3089} INFO - Sync 1 DAGs
[2024-07-31T12:32:24.681+0000] {logging_mixin.py:188} INFO - [2024-07-31T12:32:24.681+0000] {dag.py:3947} INFO - Setting next_dagrun for example_short_circuit_operator to 2024-07-30 00:00:00+00:00, run_after=2024-07-31 00:00:00+00:00
[2024-07-31T12:32:24.711+0000] {processor.py:183} INFO - Processing /home/airflow/.local/lib/python3.12/site-packages/airflow/example_dags/example_short_circuit_operator.py took 0.124 seconds
[2024-07-31T12:32:54.752+0000] {processor.py:161} INFO - Started process (PID=2831) to work on /home/airflow/.local/lib/python3.12/site-packages/airflow/example_dags/example_short_circuit_operator.py
[2024-07-31T12:32:54.753+0000] {processor.py:830} INFO - Processing file /home/airflow/.local/lib/python3.12/site-packages/airflow/example_dags/example_short_circuit_operator.py for tasks to queue
[2024-07-31T12:32:54.755+0000] {logging_mixin.py:188} INFO - [2024-07-31T12:32:54.754+0000] {dagbag.py:545} INFO - Filling up the DagBag from /home/airflow/.local/lib/python3.12/site-packages/airflow/example_dags/example_short_circuit_operator.py
[2024-07-31T12:32:54.763+0000] {processor.py:840} INFO - DAG(s) 'example_short_circuit_operator' retrieved from /home/airflow/.local/lib/python3.12/site-packages/airflow/example_dags/example_short_circuit_operator.py
[2024-07-31T12:32:54.790+0000] {logging_mixin.py:188} INFO - [2024-07-31T12:32:54.789+0000] {dag.py:3089} INFO - Sync 1 DAGs
[2024-07-31T12:32:54.818+0000] {logging_mixin.py:188} INFO - [2024-07-31T12:32:54.818+0000] {dag.py:3947} INFO - Setting next_dagrun for example_short_circuit_operator to 2024-07-30 00:00:00+00:00, run_after=2024-07-31 00:00:00+00:00
[2024-07-31T12:32:54.847+0000] {processor.py:183} INFO - Processing /home/airflow/.local/lib/python3.12/site-packages/airflow/example_dags/example_short_circuit_operator.py took 0.101 seconds
[2024-07-31T12:33:25.371+0000] {processor.py:161} INFO - Started process (PID=2888) to work on /home/airflow/.local/lib/python3.12/site-packages/airflow/example_dags/example_short_circuit_operator.py
[2024-07-31T12:33:25.372+0000] {processor.py:830} INFO - Processing file /home/airflow/.local/lib/python3.12/site-packages/airflow/example_dags/example_short_circuit_operator.py for tasks to queue
[2024-07-31T12:33:25.375+0000] {logging_mixin.py:188} INFO - [2024-07-31T12:33:25.375+0000] {dagbag.py:545} INFO - Filling up the DagBag from /home/airflow/.local/lib/python3.12/site-packages/airflow/example_dags/example_short_circuit_operator.py
[2024-07-31T12:33:25.385+0000] {processor.py:840} INFO - DAG(s) 'example_short_circuit_operator' retrieved from /home/airflow/.local/lib/python3.12/site-packages/airflow/example_dags/example_short_circuit_operator.py
[2024-07-31T12:33:25.412+0000] {logging_mixin.py:188} INFO - [2024-07-31T12:33:25.411+0000] {dag.py:3089} INFO - Sync 1 DAGs
[2024-07-31T12:33:25.445+0000] {logging_mixin.py:188} INFO - [2024-07-31T12:33:25.444+0000] {dag.py:3947} INFO - Setting next_dagrun for example_short_circuit_operator to 2024-07-30 00:00:00+00:00, run_after=2024-07-31 00:00:00+00:00
[2024-07-31T12:33:25.472+0000] {processor.py:183} INFO - Processing /home/airflow/.local/lib/python3.12/site-packages/airflow/example_dags/example_short_circuit_operator.py took 0.110 seconds
[2024-07-31T12:33:55.876+0000] {processor.py:161} INFO - Started process (PID=2946) to work on /home/airflow/.local/lib/python3.12/site-packages/airflow/example_dags/example_short_circuit_operator.py
[2024-07-31T12:33:55.878+0000] {processor.py:830} INFO - Processing file /home/airflow/.local/lib/python3.12/site-packages/airflow/example_dags/example_short_circuit_operator.py for tasks to queue
[2024-07-31T12:33:55.881+0000] {logging_mixin.py:188} INFO - [2024-07-31T12:33:55.880+0000] {dagbag.py:545} INFO - Filling up the DagBag from /home/airflow/.local/lib/python3.12/site-packages/airflow/example_dags/example_short_circuit_operator.py
[2024-07-31T12:33:55.891+0000] {processor.py:840} INFO - DAG(s) 'example_short_circuit_operator' retrieved from /home/airflow/.local/lib/python3.12/site-packages/airflow/example_dags/example_short_circuit_operator.py
[2024-07-31T12:33:55.921+0000] {logging_mixin.py:188} INFO - [2024-07-31T12:33:55.921+0000] {dag.py:3089} INFO - Sync 1 DAGs
[2024-07-31T12:33:55.950+0000] {logging_mixin.py:188} INFO - [2024-07-31T12:33:55.949+0000] {dag.py:3947} INFO - Setting next_dagrun for example_short_circuit_operator to 2024-07-30 00:00:00+00:00, run_after=2024-07-31 00:00:00+00:00
[2024-07-31T12:33:55.973+0000] {processor.py:183} INFO - Processing /home/airflow/.local/lib/python3.12/site-packages/airflow/example_dags/example_short_circuit_operator.py took 0.106 seconds
[2024-07-31T12:34:26.385+0000] {processor.py:161} INFO - Started process (PID=3004) to work on /home/airflow/.local/lib/python3.12/site-packages/airflow/example_dags/example_short_circuit_operator.py
[2024-07-31T12:34:26.386+0000] {processor.py:830} INFO - Processing file /home/airflow/.local/lib/python3.12/site-packages/airflow/example_dags/example_short_circuit_operator.py for tasks to queue
[2024-07-31T12:34:26.387+0000] {logging_mixin.py:188} INFO - [2024-07-31T12:34:26.387+0000] {dagbag.py:545} INFO - Filling up the DagBag from /home/airflow/.local/lib/python3.12/site-packages/airflow/example_dags/example_short_circuit_operator.py
[2024-07-31T12:34:26.396+0000] {processor.py:840} INFO - DAG(s) 'example_short_circuit_operator' retrieved from /home/airflow/.local/lib/python3.12/site-packages/airflow/example_dags/example_short_circuit_operator.py
[2024-07-31T12:34:26.425+0000] {logging_mixin.py:188} INFO - [2024-07-31T12:34:26.425+0000] {dag.py:3089} INFO - Sync 1 DAGs
[2024-07-31T12:34:26.459+0000] {logging_mixin.py:188} INFO - [2024-07-31T12:34:26.458+0000] {dag.py:3947} INFO - Setting next_dagrun for example_short_circuit_operator to 2024-07-30 00:00:00+00:00, run_after=2024-07-31 00:00:00+00:00
[2024-07-31T12:34:26.489+0000] {processor.py:183} INFO - Processing /home/airflow/.local/lib/python3.12/site-packages/airflow/example_dags/example_short_circuit_operator.py took 0.112 seconds
[2024-07-31T12:34:56.764+0000] {processor.py:161} INFO - Started process (PID=3061) to work on /home/airflow/.local/lib/python3.12/site-packages/airflow/example_dags/example_short_circuit_operator.py
[2024-07-31T12:34:56.765+0000] {processor.py:830} INFO - Processing file /home/airflow/.local/lib/python3.12/site-packages/airflow/example_dags/example_short_circuit_operator.py for tasks to queue
[2024-07-31T12:34:56.766+0000] {logging_mixin.py:188} INFO - [2024-07-31T12:34:56.766+0000] {dagbag.py:545} INFO - Filling up the DagBag from /home/airflow/.local/lib/python3.12/site-packages/airflow/example_dags/example_short_circuit_operator.py
[2024-07-31T12:34:56.778+0000] {processor.py:840} INFO - DAG(s) 'example_short_circuit_operator' retrieved from /home/airflow/.local/lib/python3.12/site-packages/airflow/example_dags/example_short_circuit_operator.py
[2024-07-31T12:34:56.811+0000] {logging_mixin.py:188} INFO - [2024-07-31T12:34:56.810+0000] {dag.py:3089} INFO - Sync 1 DAGs
[2024-07-31T12:34:56.840+0000] {logging_mixin.py:188} INFO - [2024-07-31T12:34:56.840+0000] {dag.py:3947} INFO - Setting next_dagrun for example_short_circuit_operator to 2024-07-30 00:00:00+00:00, run_after=2024-07-31 00:00:00+00:00
[2024-07-31T12:34:56.884+0000] {processor.py:183} INFO - Processing /home/airflow/.local/lib/python3.12/site-packages/airflow/example_dags/example_short_circuit_operator.py took 0.126 seconds
[2024-07-31T12:35:26.990+0000] {processor.py:161} INFO - Started process (PID=3118) to work on /home/airflow/.local/lib/python3.12/site-packages/airflow/example_dags/example_short_circuit_operator.py
[2024-07-31T12:35:26.991+0000] {processor.py:830} INFO - Processing file /home/airflow/.local/lib/python3.12/site-packages/airflow/example_dags/example_short_circuit_operator.py for tasks to queue
[2024-07-31T12:35:26.994+0000] {logging_mixin.py:188} INFO - [2024-07-31T12:35:26.993+0000] {dagbag.py:545} INFO - Filling up the DagBag from /home/airflow/.local/lib/python3.12/site-packages/airflow/example_dags/example_short_circuit_operator.py
[2024-07-31T12:35:27.004+0000] {processor.py:840} INFO - DAG(s) 'example_short_circuit_operator' retrieved from /home/airflow/.local/lib/python3.12/site-packages/airflow/example_dags/example_short_circuit_operator.py
[2024-07-31T12:35:27.033+0000] {logging_mixin.py:188} INFO - [2024-07-31T12:35:27.033+0000] {dag.py:3089} INFO - Sync 1 DAGs
[2024-07-31T12:35:27.064+0000] {logging_mixin.py:188} INFO - [2024-07-31T12:35:27.064+0000] {dag.py:3947} INFO - Setting next_dagrun for example_short_circuit_operator to 2024-07-30 00:00:00+00:00, run_after=2024-07-31 00:00:00+00:00
[2024-07-31T12:35:27.095+0000] {processor.py:183} INFO - Processing /home/airflow/.local/lib/python3.12/site-packages/airflow/example_dags/example_short_circuit_operator.py took 0.119 seconds
[2024-07-31T12:35:57.444+0000] {processor.py:161} INFO - Started process (PID=3175) to work on /home/airflow/.local/lib/python3.12/site-packages/airflow/example_dags/example_short_circuit_operator.py
[2024-07-31T12:35:57.445+0000] {processor.py:830} INFO - Processing file /home/airflow/.local/lib/python3.12/site-packages/airflow/example_dags/example_short_circuit_operator.py for tasks to queue
[2024-07-31T12:35:57.448+0000] {logging_mixin.py:188} INFO - [2024-07-31T12:35:57.447+0000] {dagbag.py:545} INFO - Filling up the DagBag from /home/airflow/.local/lib/python3.12/site-packages/airflow/example_dags/example_short_circuit_operator.py
[2024-07-31T12:35:57.459+0000] {processor.py:840} INFO - DAG(s) 'example_short_circuit_operator' retrieved from /home/airflow/.local/lib/python3.12/site-packages/airflow/example_dags/example_short_circuit_operator.py
[2024-07-31T12:35:57.499+0000] {logging_mixin.py:188} INFO - [2024-07-31T12:35:57.498+0000] {dag.py:3089} INFO - Sync 1 DAGs
[2024-07-31T12:35:57.545+0000] {logging_mixin.py:188} INFO - [2024-07-31T12:35:57.545+0000] {dag.py:3947} INFO - Setting next_dagrun for example_short_circuit_operator to 2024-07-30 00:00:00+00:00, run_after=2024-07-31 00:00:00+00:00
[2024-07-31T12:35:57.611+0000] {processor.py:183} INFO - Processing /home/airflow/.local/lib/python3.12/site-packages/airflow/example_dags/example_short_circuit_operator.py took 0.177 seconds
[2024-07-31T12:36:27.994+0000] {processor.py:161} INFO - Started process (PID=3232) to work on /home/airflow/.local/lib/python3.12/site-packages/airflow/example_dags/example_short_circuit_operator.py
[2024-07-31T12:36:27.994+0000] {processor.py:830} INFO - Processing file /home/airflow/.local/lib/python3.12/site-packages/airflow/example_dags/example_short_circuit_operator.py for tasks to queue
[2024-07-31T12:36:27.996+0000] {logging_mixin.py:188} INFO - [2024-07-31T12:36:27.996+0000] {dagbag.py:545} INFO - Filling up the DagBag from /home/airflow/.local/lib/python3.12/site-packages/airflow/example_dags/example_short_circuit_operator.py
[2024-07-31T12:36:28.004+0000] {processor.py:840} INFO - DAG(s) 'example_short_circuit_operator' retrieved from /home/airflow/.local/lib/python3.12/site-packages/airflow/example_dags/example_short_circuit_operator.py
[2024-07-31T12:36:28.033+0000] {logging_mixin.py:188} INFO - [2024-07-31T12:36:28.033+0000] {dag.py:3089} INFO - Sync 1 DAGs
[2024-07-31T12:36:28.059+0000] {logging_mixin.py:188} INFO - [2024-07-31T12:36:28.058+0000] {dag.py:3947} INFO - Setting next_dagrun for example_short_circuit_operator to 2024-07-30 00:00:00+00:00, run_after=2024-07-31 00:00:00+00:00
[2024-07-31T12:36:28.095+0000] {processor.py:183} INFO - Processing /home/airflow/.local/lib/python3.12/site-packages/airflow/example_dags/example_short_circuit_operator.py took 0.107 seconds
[2024-07-31T12:36:58.147+0000] {processor.py:161} INFO - Started process (PID=3289) to work on /home/airflow/.local/lib/python3.12/site-packages/airflow/example_dags/example_short_circuit_operator.py
[2024-07-31T12:36:58.148+0000] {processor.py:830} INFO - Processing file /home/airflow/.local/lib/python3.12/site-packages/airflow/example_dags/example_short_circuit_operator.py for tasks to queue
[2024-07-31T12:36:58.151+0000] {logging_mixin.py:188} INFO - [2024-07-31T12:36:58.150+0000] {dagbag.py:545} INFO - Filling up the DagBag from /home/airflow/.local/lib/python3.12/site-packages/airflow/example_dags/example_short_circuit_operator.py
[2024-07-31T12:36:58.166+0000] {processor.py:840} INFO - DAG(s) 'example_short_circuit_operator' retrieved from /home/airflow/.local/lib/python3.12/site-packages/airflow/example_dags/example_short_circuit_operator.py
[2024-07-31T12:36:58.216+0000] {logging_mixin.py:188} INFO - [2024-07-31T12:36:58.216+0000] {dag.py:3089} INFO - Sync 1 DAGs
[2024-07-31T12:36:58.256+0000] {logging_mixin.py:188} INFO - [2024-07-31T12:36:58.256+0000] {dag.py:3947} INFO - Setting next_dagrun for example_short_circuit_operator to 2024-07-30 00:00:00+00:00, run_after=2024-07-31 00:00:00+00:00
[2024-07-31T12:36:58.293+0000] {processor.py:183} INFO - Processing /home/airflow/.local/lib/python3.12/site-packages/airflow/example_dags/example_short_circuit_operator.py took 0.152 seconds
[2024-07-31T12:37:28.418+0000] {processor.py:161} INFO - Started process (PID=3347) to work on /home/airflow/.local/lib/python3.12/site-packages/airflow/example_dags/example_short_circuit_operator.py
[2024-07-31T12:37:28.419+0000] {processor.py:830} INFO - Processing file /home/airflow/.local/lib/python3.12/site-packages/airflow/example_dags/example_short_circuit_operator.py for tasks to queue
[2024-07-31T12:37:28.421+0000] {logging_mixin.py:188} INFO - [2024-07-31T12:37:28.420+0000] {dagbag.py:545} INFO - Filling up the DagBag from /home/airflow/.local/lib/python3.12/site-packages/airflow/example_dags/example_short_circuit_operator.py
[2024-07-31T12:37:28.432+0000] {processor.py:840} INFO - DAG(s) 'example_short_circuit_operator' retrieved from /home/airflow/.local/lib/python3.12/site-packages/airflow/example_dags/example_short_circuit_operator.py
[2024-07-31T12:37:28.464+0000] {logging_mixin.py:188} INFO - [2024-07-31T12:37:28.464+0000] {dag.py:3089} INFO - Sync 1 DAGs
[2024-07-31T12:37:28.506+0000] {logging_mixin.py:188} INFO - [2024-07-31T12:37:28.505+0000] {dag.py:3947} INFO - Setting next_dagrun for example_short_circuit_operator to 2024-07-30 00:00:00+00:00, run_after=2024-07-31 00:00:00+00:00
[2024-07-31T12:37:28.536+0000] {processor.py:183} INFO - Processing /home/airflow/.local/lib/python3.12/site-packages/airflow/example_dags/example_short_circuit_operator.py took 0.126 seconds
[2024-07-31T12:37:58.914+0000] {processor.py:161} INFO - Started process (PID=3404) to work on /home/airflow/.local/lib/python3.12/site-packages/airflow/example_dags/example_short_circuit_operator.py
[2024-07-31T12:37:58.915+0000] {processor.py:830} INFO - Processing file /home/airflow/.local/lib/python3.12/site-packages/airflow/example_dags/example_short_circuit_operator.py for tasks to queue
[2024-07-31T12:37:58.916+0000] {logging_mixin.py:188} INFO - [2024-07-31T12:37:58.916+0000] {dagbag.py:545} INFO - Filling up the DagBag from /home/airflow/.local/lib/python3.12/site-packages/airflow/example_dags/example_short_circuit_operator.py
[2024-07-31T12:37:58.923+0000] {processor.py:840} INFO - DAG(s) 'example_short_circuit_operator' retrieved from /home/airflow/.local/lib/python3.12/site-packages/airflow/example_dags/example_short_circuit_operator.py
[2024-07-31T12:37:58.947+0000] {logging_mixin.py:188} INFO - [2024-07-31T12:37:58.947+0000] {dag.py:3089} INFO - Sync 1 DAGs
[2024-07-31T12:37:58.971+0000] {logging_mixin.py:188} INFO - [2024-07-31T12:37:58.971+0000] {dag.py:3947} INFO - Setting next_dagrun for example_short_circuit_operator to 2024-07-30 00:00:00+00:00, run_after=2024-07-31 00:00:00+00:00
[2024-07-31T12:37:58.997+0000] {processor.py:183} INFO - Processing /home/airflow/.local/lib/python3.12/site-packages/airflow/example_dags/example_short_circuit_operator.py took 0.090 seconds
[2024-07-31T16:44:32.197+0000] {processor.py:161} INFO - Started process (PID=119) to work on /home/airflow/.local/lib/python3.12/site-packages/airflow/example_dags/example_short_circuit_operator.py
[2024-07-31T16:44:32.199+0000] {processor.py:830} INFO - Processing file /home/airflow/.local/lib/python3.12/site-packages/airflow/example_dags/example_short_circuit_operator.py for tasks to queue
[2024-07-31T16:44:32.200+0000] {logging_mixin.py:188} INFO - [2024-07-31T16:44:32.200+0000] {dagbag.py:545} INFO - Filling up the DagBag from /home/airflow/.local/lib/python3.12/site-packages/airflow/example_dags/example_short_circuit_operator.py
[2024-07-31T16:44:32.211+0000] {processor.py:840} INFO - DAG(s) 'example_short_circuit_operator' retrieved from /home/airflow/.local/lib/python3.12/site-packages/airflow/example_dags/example_short_circuit_operator.py
[2024-07-31T16:44:32.334+0000] {logging_mixin.py:188} INFO - [2024-07-31T16:44:32.334+0000] {dag.py:3089} INFO - Sync 1 DAGs
[2024-07-31T16:44:32.370+0000] {logging_mixin.py:188} INFO - [2024-07-31T16:44:32.370+0000] {dag.py:3947} INFO - Setting next_dagrun for example_short_circuit_operator to 2024-07-30 00:00:00+00:00, run_after=2024-07-31 00:00:00+00:00
[2024-07-31T16:44:32.413+0000] {processor.py:183} INFO - Processing /home/airflow/.local/lib/python3.12/site-packages/airflow/example_dags/example_short_circuit_operator.py took 0.226 seconds
[2024-07-31T16:45:02.804+0000] {processor.py:161} INFO - Started process (PID=176) to work on /home/airflow/.local/lib/python3.12/site-packages/airflow/example_dags/example_short_circuit_operator.py
[2024-07-31T16:45:02.805+0000] {processor.py:830} INFO - Processing file /home/airflow/.local/lib/python3.12/site-packages/airflow/example_dags/example_short_circuit_operator.py for tasks to queue
[2024-07-31T16:45:02.806+0000] {logging_mixin.py:188} INFO - [2024-07-31T16:45:02.805+0000] {dagbag.py:545} INFO - Filling up the DagBag from /home/airflow/.local/lib/python3.12/site-packages/airflow/example_dags/example_short_circuit_operator.py
[2024-07-31T16:45:02.821+0000] {processor.py:840} INFO - DAG(s) 'example_short_circuit_operator' retrieved from /home/airflow/.local/lib/python3.12/site-packages/airflow/example_dags/example_short_circuit_operator.py
[2024-07-31T16:45:02.862+0000] {logging_mixin.py:188} INFO - [2024-07-31T16:45:02.861+0000] {dag.py:3089} INFO - Sync 1 DAGs
[2024-07-31T16:45:02.967+0000] {logging_mixin.py:188} INFO - [2024-07-31T16:45:02.966+0000] {dag.py:3947} INFO - Setting next_dagrun for example_short_circuit_operator to 2024-07-30 00:00:00+00:00, run_after=2024-07-31 00:00:00+00:00
[2024-07-31T16:45:03.032+0000] {processor.py:183} INFO - Processing /home/airflow/.local/lib/python3.12/site-packages/airflow/example_dags/example_short_circuit_operator.py took 0.249 seconds
[2024-07-31T16:45:33.863+0000] {processor.py:161} INFO - Started process (PID=234) to work on /home/airflow/.local/lib/python3.12/site-packages/airflow/example_dags/example_short_circuit_operator.py
[2024-07-31T16:45:33.865+0000] {processor.py:830} INFO - Processing file /home/airflow/.local/lib/python3.12/site-packages/airflow/example_dags/example_short_circuit_operator.py for tasks to queue
[2024-07-31T16:45:33.866+0000] {logging_mixin.py:188} INFO - [2024-07-31T16:45:33.865+0000] {dagbag.py:545} INFO - Filling up the DagBag from /home/airflow/.local/lib/python3.12/site-packages/airflow/example_dags/example_short_circuit_operator.py
[2024-07-31T16:45:33.877+0000] {processor.py:840} INFO - DAG(s) 'example_short_circuit_operator' retrieved from /home/airflow/.local/lib/python3.12/site-packages/airflow/example_dags/example_short_circuit_operator.py
[2024-07-31T16:45:33.916+0000] {logging_mixin.py:188} INFO - [2024-07-31T16:45:33.916+0000] {dag.py:3089} INFO - Sync 1 DAGs
[2024-07-31T16:45:33.960+0000] {logging_mixin.py:188} INFO - [2024-07-31T16:45:33.960+0000] {dag.py:3947} INFO - Setting next_dagrun for example_short_circuit_operator to 2024-07-30 00:00:00+00:00, run_after=2024-07-31 00:00:00+00:00
[2024-07-31T16:45:33.999+0000] {processor.py:183} INFO - Processing /home/airflow/.local/lib/python3.12/site-packages/airflow/example_dags/example_short_circuit_operator.py took 0.148 seconds
[2024-07-31T16:46:04.457+0000] {processor.py:161} INFO - Started process (PID=292) to work on /home/airflow/.local/lib/python3.12/site-packages/airflow/example_dags/example_short_circuit_operator.py
[2024-07-31T16:46:04.458+0000] {processor.py:830} INFO - Processing file /home/airflow/.local/lib/python3.12/site-packages/airflow/example_dags/example_short_circuit_operator.py for tasks to queue
[2024-07-31T16:46:04.459+0000] {logging_mixin.py:188} INFO - [2024-07-31T16:46:04.458+0000] {dagbag.py:545} INFO - Filling up the DagBag from /home/airflow/.local/lib/python3.12/site-packages/airflow/example_dags/example_short_circuit_operator.py
[2024-07-31T16:46:04.469+0000] {processor.py:840} INFO - DAG(s) 'example_short_circuit_operator' retrieved from /home/airflow/.local/lib/python3.12/site-packages/airflow/example_dags/example_short_circuit_operator.py
[2024-07-31T16:46:04.497+0000] {logging_mixin.py:188} INFO - [2024-07-31T16:46:04.497+0000] {dag.py:3089} INFO - Sync 1 DAGs
[2024-07-31T16:46:04.524+0000] {logging_mixin.py:188} INFO - [2024-07-31T16:46:04.524+0000] {dag.py:3947} INFO - Setting next_dagrun for example_short_circuit_operator to 2024-07-30 00:00:00+00:00, run_after=2024-07-31 00:00:00+00:00
[2024-07-31T16:46:04.547+0000] {processor.py:183} INFO - Processing /home/airflow/.local/lib/python3.12/site-packages/airflow/example_dags/example_short_circuit_operator.py took 0.096 seconds
