[2024-07-31T12:08:48.575+0000] {processor.py:161} INFO - Started process (PID=68) to work on /home/airflow/.local/lib/python3.12/site-packages/airflow/example_dags/example_sla_dag.py
[2024-07-31T12:08:48.575+0000] {processor.py:830} INFO - Processing file /home/airflow/.local/lib/python3.12/site-packages/airflow/example_dags/example_sla_dag.py for tasks to queue
[2024-07-31T12:08:48.577+0000] {logging_mixin.py:188} INFO - [2024-07-31T12:08:48.576+0000] {dagbag.py:545} INFO - Filling up the DagBag from /home/airflow/.local/lib/python3.12/site-packages/airflow/example_dags/example_sla_dag.py
[2024-07-31T12:08:48.593+0000] {processor.py:840} INFO - DAG(s) 'example_sla_dag' retrieved from /home/airflow/.local/lib/python3.12/site-packages/airflow/example_dags/example_sla_dag.py
[2024-07-31T12:08:49.022+0000] {logging_mixin.py:188} INFO - [2024-07-31T12:08:49.021+0000] {override.py:1858} INFO - Created Permission View: can delete on DAG:example_sla_dag
[2024-07-31T12:08:49.032+0000] {logging_mixin.py:188} INFO - [2024-07-31T12:08:49.031+0000] {override.py:1858} INFO - Created Permission View: can read on DAG:example_sla_dag
[2024-07-31T12:08:49.037+0000] {logging_mixin.py:188} INFO - [2024-07-31T12:08:49.037+0000] {override.py:1858} INFO - Created Permission View: can edit on DAG:example_sla_dag
[2024-07-31T12:08:49.037+0000] {logging_mixin.py:188} INFO - [2024-07-31T12:08:49.037+0000] {dag.py:3089} INFO - Sync 1 DAGs
[2024-07-31T12:08:49.051+0000] {logging_mixin.py:188} INFO - [2024-07-31T12:08:49.051+0000] {dag.py:3111} INFO - Creating ORM DAG for example_sla_dag
[2024-07-31T12:08:49.065+0000] {logging_mixin.py:188} INFO - [2024-07-31T12:08:49.065+0000] {dag.py:3947} INFO - Setting next_dagrun for example_sla_dag to 2024-07-31 12:06:00+00:00, run_after=2024-07-31 12:08:00+00:00
[2024-07-31T12:08:49.080+0000] {processor.py:183} INFO - Processing /home/airflow/.local/lib/python3.12/site-packages/airflow/example_dags/example_sla_dag.py took 0.511 seconds
[2024-07-31T12:09:19.969+0000] {processor.py:161} INFO - Started process (PID=126) to work on /home/airflow/.local/lib/python3.12/site-packages/airflow/example_dags/example_sla_dag.py
[2024-07-31T12:09:19.971+0000] {processor.py:830} INFO - Processing file /home/airflow/.local/lib/python3.12/site-packages/airflow/example_dags/example_sla_dag.py for tasks to queue
[2024-07-31T12:09:19.973+0000] {logging_mixin.py:188} INFO - [2024-07-31T12:09:19.972+0000] {dagbag.py:545} INFO - Filling up the DagBag from /home/airflow/.local/lib/python3.12/site-packages/airflow/example_dags/example_sla_dag.py
[2024-07-31T12:09:19.989+0000] {processor.py:840} INFO - DAG(s) 'example_sla_dag' retrieved from /home/airflow/.local/lib/python3.12/site-packages/airflow/example_dags/example_sla_dag.py
[2024-07-31T12:09:20.017+0000] {logging_mixin.py:188} INFO - [2024-07-31T12:09:20.017+0000] {dag.py:3089} INFO - Sync 1 DAGs
[2024-07-31T12:09:20.051+0000] {logging_mixin.py:188} INFO - [2024-07-31T12:09:20.051+0000] {dag.py:3947} INFO - Setting next_dagrun for example_sla_dag to 2024-07-31 12:06:00+00:00, run_after=2024-07-31 12:08:00+00:00
[2024-07-31T12:09:20.076+0000] {processor.py:183} INFO - Processing /home/airflow/.local/lib/python3.12/site-packages/airflow/example_dags/example_sla_dag.py took 0.114 seconds
[2024-07-31T12:09:50.149+0000] {processor.py:161} INFO - Started process (PID=184) to work on /home/airflow/.local/lib/python3.12/site-packages/airflow/example_dags/example_sla_dag.py
[2024-07-31T12:09:50.151+0000] {processor.py:830} INFO - Processing file /home/airflow/.local/lib/python3.12/site-packages/airflow/example_dags/example_sla_dag.py for tasks to queue
[2024-07-31T12:09:50.153+0000] {logging_mixin.py:188} INFO - [2024-07-31T12:09:50.152+0000] {dagbag.py:545} INFO - Filling up the DagBag from /home/airflow/.local/lib/python3.12/site-packages/airflow/example_dags/example_sla_dag.py
[2024-07-31T12:09:50.160+0000] {processor.py:840} INFO - DAG(s) 'example_sla_dag' retrieved from /home/airflow/.local/lib/python3.12/site-packages/airflow/example_dags/example_sla_dag.py
[2024-07-31T12:09:50.178+0000] {logging_mixin.py:188} INFO - [2024-07-31T12:09:50.178+0000] {dag.py:3089} INFO - Sync 1 DAGs
[2024-07-31T12:09:50.203+0000] {logging_mixin.py:188} INFO - [2024-07-31T12:09:50.202+0000] {dag.py:3947} INFO - Setting next_dagrun for example_sla_dag to 2024-07-31 12:06:00+00:00, run_after=2024-07-31 12:08:00+00:00
[2024-07-31T12:09:50.223+0000] {processor.py:183} INFO - Processing /home/airflow/.local/lib/python3.12/site-packages/airflow/example_dags/example_sla_dag.py took 0.080 seconds
[2024-07-31T12:10:20.564+0000] {processor.py:161} INFO - Started process (PID=242) to work on /home/airflow/.local/lib/python3.12/site-packages/airflow/example_dags/example_sla_dag.py
[2024-07-31T12:10:20.564+0000] {processor.py:830} INFO - Processing file /home/airflow/.local/lib/python3.12/site-packages/airflow/example_dags/example_sla_dag.py for tasks to queue
[2024-07-31T12:10:20.566+0000] {logging_mixin.py:188} INFO - [2024-07-31T12:10:20.565+0000] {dagbag.py:545} INFO - Filling up the DagBag from /home/airflow/.local/lib/python3.12/site-packages/airflow/example_dags/example_sla_dag.py
[2024-07-31T12:10:20.573+0000] {processor.py:840} INFO - DAG(s) 'example_sla_dag' retrieved from /home/airflow/.local/lib/python3.12/site-packages/airflow/example_dags/example_sla_dag.py
[2024-07-31T12:10:20.591+0000] {logging_mixin.py:188} INFO - [2024-07-31T12:10:20.590+0000] {dag.py:3089} INFO - Sync 1 DAGs
[2024-07-31T12:10:20.616+0000] {logging_mixin.py:188} INFO - [2024-07-31T12:10:20.616+0000] {dag.py:3947} INFO - Setting next_dagrun for example_sla_dag to 2024-07-31 12:08:00+00:00, run_after=2024-07-31 12:10:00+00:00
[2024-07-31T12:10:20.638+0000] {processor.py:183} INFO - Processing /home/airflow/.local/lib/python3.12/site-packages/airflow/example_dags/example_sla_dag.py took 0.079 seconds
[2024-07-31T12:10:50.854+0000] {processor.py:161} INFO - Started process (PID=300) to work on /home/airflow/.local/lib/python3.12/site-packages/airflow/example_dags/example_sla_dag.py
[2024-07-31T12:10:50.857+0000] {processor.py:830} INFO - Processing file /home/airflow/.local/lib/python3.12/site-packages/airflow/example_dags/example_sla_dag.py for tasks to queue
[2024-07-31T12:10:50.858+0000] {logging_mixin.py:188} INFO - [2024-07-31T12:10:50.858+0000] {dagbag.py:545} INFO - Filling up the DagBag from /home/airflow/.local/lib/python3.12/site-packages/airflow/example_dags/example_sla_dag.py
[2024-07-31T12:10:50.866+0000] {processor.py:840} INFO - DAG(s) 'example_sla_dag' retrieved from /home/airflow/.local/lib/python3.12/site-packages/airflow/example_dags/example_sla_dag.py
[2024-07-31T12:10:50.882+0000] {logging_mixin.py:188} INFO - [2024-07-31T12:10:50.882+0000] {dag.py:3089} INFO - Sync 1 DAGs
[2024-07-31T12:10:50.906+0000] {logging_mixin.py:188} INFO - [2024-07-31T12:10:50.906+0000] {dag.py:3947} INFO - Setting next_dagrun for example_sla_dag to 2024-07-31 12:08:00+00:00, run_after=2024-07-31 12:10:00+00:00
[2024-07-31T12:10:50.925+0000] {processor.py:183} INFO - Processing /home/airflow/.local/lib/python3.12/site-packages/airflow/example_dags/example_sla_dag.py took 0.077 seconds
[2024-07-31T12:11:21.304+0000] {processor.py:161} INFO - Started process (PID=357) to work on /home/airflow/.local/lib/python3.12/site-packages/airflow/example_dags/example_sla_dag.py
[2024-07-31T12:11:21.305+0000] {processor.py:830} INFO - Processing file /home/airflow/.local/lib/python3.12/site-packages/airflow/example_dags/example_sla_dag.py for tasks to queue
[2024-07-31T12:11:21.307+0000] {logging_mixin.py:188} INFO - [2024-07-31T12:11:21.307+0000] {dagbag.py:545} INFO - Filling up the DagBag from /home/airflow/.local/lib/python3.12/site-packages/airflow/example_dags/example_sla_dag.py
[2024-07-31T12:11:21.316+0000] {processor.py:840} INFO - DAG(s) 'example_sla_dag' retrieved from /home/airflow/.local/lib/python3.12/site-packages/airflow/example_dags/example_sla_dag.py
[2024-07-31T12:11:21.334+0000] {logging_mixin.py:188} INFO - [2024-07-31T12:11:21.333+0000] {dag.py:3089} INFO - Sync 1 DAGs
[2024-07-31T12:11:21.366+0000] {logging_mixin.py:188} INFO - [2024-07-31T12:11:21.366+0000] {dag.py:3947} INFO - Setting next_dagrun for example_sla_dag to 2024-07-31 12:08:00+00:00, run_after=2024-07-31 12:10:00+00:00
[2024-07-31T12:11:21.387+0000] {processor.py:183} INFO - Processing /home/airflow/.local/lib/python3.12/site-packages/airflow/example_dags/example_sla_dag.py took 0.089 seconds
[2024-07-31T12:11:51.577+0000] {processor.py:161} INFO - Started process (PID=415) to work on /home/airflow/.local/lib/python3.12/site-packages/airflow/example_dags/example_sla_dag.py
[2024-07-31T12:11:51.579+0000] {processor.py:830} INFO - Processing file /home/airflow/.local/lib/python3.12/site-packages/airflow/example_dags/example_sla_dag.py for tasks to queue
[2024-07-31T12:11:51.580+0000] {logging_mixin.py:188} INFO - [2024-07-31T12:11:51.580+0000] {dagbag.py:545} INFO - Filling up the DagBag from /home/airflow/.local/lib/python3.12/site-packages/airflow/example_dags/example_sla_dag.py
[2024-07-31T12:11:51.588+0000] {processor.py:840} INFO - DAG(s) 'example_sla_dag' retrieved from /home/airflow/.local/lib/python3.12/site-packages/airflow/example_dags/example_sla_dag.py
[2024-07-31T12:11:51.605+0000] {logging_mixin.py:188} INFO - [2024-07-31T12:11:51.604+0000] {dag.py:3089} INFO - Sync 1 DAGs
[2024-07-31T12:11:51.630+0000] {logging_mixin.py:188} INFO - [2024-07-31T12:11:51.630+0000] {dag.py:3947} INFO - Setting next_dagrun for example_sla_dag to 2024-07-31 12:08:00+00:00, run_after=2024-07-31 12:10:00+00:00
[2024-07-31T12:11:51.653+0000] {processor.py:183} INFO - Processing /home/airflow/.local/lib/python3.12/site-packages/airflow/example_dags/example_sla_dag.py took 0.081 seconds
[2024-07-31T12:12:22.196+0000] {processor.py:161} INFO - Started process (PID=473) to work on /home/airflow/.local/lib/python3.12/site-packages/airflow/example_dags/example_sla_dag.py
[2024-07-31T12:12:22.197+0000] {processor.py:830} INFO - Processing file /home/airflow/.local/lib/python3.12/site-packages/airflow/example_dags/example_sla_dag.py for tasks to queue
[2024-07-31T12:12:22.199+0000] {logging_mixin.py:188} INFO - [2024-07-31T12:12:22.199+0000] {dagbag.py:545} INFO - Filling up the DagBag from /home/airflow/.local/lib/python3.12/site-packages/airflow/example_dags/example_sla_dag.py
[2024-07-31T12:12:22.206+0000] {processor.py:840} INFO - DAG(s) 'example_sla_dag' retrieved from /home/airflow/.local/lib/python3.12/site-packages/airflow/example_dags/example_sla_dag.py
[2024-07-31T12:12:22.228+0000] {logging_mixin.py:188} INFO - [2024-07-31T12:12:22.228+0000] {dag.py:3089} INFO - Sync 1 DAGs
[2024-07-31T12:12:22.251+0000] {logging_mixin.py:188} INFO - [2024-07-31T12:12:22.251+0000] {dag.py:3947} INFO - Setting next_dagrun for example_sla_dag to 2024-07-31 12:10:00+00:00, run_after=2024-07-31 12:12:00+00:00
[2024-07-31T12:12:22.275+0000] {processor.py:183} INFO - Processing /home/airflow/.local/lib/python3.12/site-packages/airflow/example_dags/example_sla_dag.py took 0.084 seconds
[2024-07-31T12:12:52.769+0000] {processor.py:161} INFO - Started process (PID=530) to work on /home/airflow/.local/lib/python3.12/site-packages/airflow/example_dags/example_sla_dag.py
[2024-07-31T12:12:52.770+0000] {processor.py:830} INFO - Processing file /home/airflow/.local/lib/python3.12/site-packages/airflow/example_dags/example_sla_dag.py for tasks to queue
[2024-07-31T12:12:52.772+0000] {logging_mixin.py:188} INFO - [2024-07-31T12:12:52.772+0000] {dagbag.py:545} INFO - Filling up the DagBag from /home/airflow/.local/lib/python3.12/site-packages/airflow/example_dags/example_sla_dag.py
[2024-07-31T12:12:52.785+0000] {processor.py:840} INFO - DAG(s) 'example_sla_dag' retrieved from /home/airflow/.local/lib/python3.12/site-packages/airflow/example_dags/example_sla_dag.py
[2024-07-31T12:12:52.812+0000] {logging_mixin.py:188} INFO - [2024-07-31T12:12:52.811+0000] {dag.py:3089} INFO - Sync 1 DAGs
[2024-07-31T12:12:52.846+0000] {logging_mixin.py:188} INFO - [2024-07-31T12:12:52.846+0000] {dag.py:3947} INFO - Setting next_dagrun for example_sla_dag to 2024-07-31 12:10:00+00:00, run_after=2024-07-31 12:12:00+00:00
[2024-07-31T12:12:52.869+0000] {processor.py:183} INFO - Processing /home/airflow/.local/lib/python3.12/site-packages/airflow/example_dags/example_sla_dag.py took 0.107 seconds
[2024-07-31T12:13:22.931+0000] {processor.py:161} INFO - Started process (PID=588) to work on /home/airflow/.local/lib/python3.12/site-packages/airflow/example_dags/example_sla_dag.py
[2024-07-31T12:13:22.932+0000] {processor.py:830} INFO - Processing file /home/airflow/.local/lib/python3.12/site-packages/airflow/example_dags/example_sla_dag.py for tasks to queue
[2024-07-31T12:13:22.936+0000] {logging_mixin.py:188} INFO - [2024-07-31T12:13:22.935+0000] {dagbag.py:545} INFO - Filling up the DagBag from /home/airflow/.local/lib/python3.12/site-packages/airflow/example_dags/example_sla_dag.py
[2024-07-31T12:13:22.952+0000] {processor.py:840} INFO - DAG(s) 'example_sla_dag' retrieved from /home/airflow/.local/lib/python3.12/site-packages/airflow/example_dags/example_sla_dag.py
[2024-07-31T12:13:22.997+0000] {logging_mixin.py:188} INFO - [2024-07-31T12:13:22.996+0000] {dag.py:3089} INFO - Sync 1 DAGs
[2024-07-31T12:13:23.051+0000] {logging_mixin.py:188} INFO - [2024-07-31T12:13:23.051+0000] {dag.py:3947} INFO - Setting next_dagrun for example_sla_dag to 2024-07-31 12:10:00+00:00, run_after=2024-07-31 12:12:00+00:00
[2024-07-31T12:13:23.087+0000] {processor.py:183} INFO - Processing /home/airflow/.local/lib/python3.12/site-packages/airflow/example_dags/example_sla_dag.py took 0.166 seconds
[2024-07-31T12:13:53.984+0000] {processor.py:161} INFO - Started process (PID=645) to work on /home/airflow/.local/lib/python3.12/site-packages/airflow/example_dags/example_sla_dag.py
[2024-07-31T12:13:53.985+0000] {processor.py:830} INFO - Processing file /home/airflow/.local/lib/python3.12/site-packages/airflow/example_dags/example_sla_dag.py for tasks to queue
[2024-07-31T12:13:53.986+0000] {logging_mixin.py:188} INFO - [2024-07-31T12:13:53.986+0000] {dagbag.py:545} INFO - Filling up the DagBag from /home/airflow/.local/lib/python3.12/site-packages/airflow/example_dags/example_sla_dag.py
[2024-07-31T12:13:53.994+0000] {processor.py:840} INFO - DAG(s) 'example_sla_dag' retrieved from /home/airflow/.local/lib/python3.12/site-packages/airflow/example_dags/example_sla_dag.py
[2024-07-31T12:13:54.012+0000] {logging_mixin.py:188} INFO - [2024-07-31T12:13:54.012+0000] {dag.py:3089} INFO - Sync 1 DAGs
[2024-07-31T12:13:54.045+0000] {logging_mixin.py:188} INFO - [2024-07-31T12:13:54.045+0000] {dag.py:3947} INFO - Setting next_dagrun for example_sla_dag to 2024-07-31 12:10:00+00:00, run_after=2024-07-31 12:12:00+00:00
[2024-07-31T12:13:54.068+0000] {processor.py:183} INFO - Processing /home/airflow/.local/lib/python3.12/site-packages/airflow/example_dags/example_sla_dag.py took 0.089 seconds
[2024-07-31T12:14:24.507+0000] {processor.py:161} INFO - Started process (PID=703) to work on /home/airflow/.local/lib/python3.12/site-packages/airflow/example_dags/example_sla_dag.py
[2024-07-31T12:14:24.510+0000] {processor.py:830} INFO - Processing file /home/airflow/.local/lib/python3.12/site-packages/airflow/example_dags/example_sla_dag.py for tasks to queue
[2024-07-31T12:14:24.511+0000] {logging_mixin.py:188} INFO - [2024-07-31T12:14:24.511+0000] {dagbag.py:545} INFO - Filling up the DagBag from /home/airflow/.local/lib/python3.12/site-packages/airflow/example_dags/example_sla_dag.py
[2024-07-31T12:14:24.520+0000] {processor.py:840} INFO - DAG(s) 'example_sla_dag' retrieved from /home/airflow/.local/lib/python3.12/site-packages/airflow/example_dags/example_sla_dag.py
[2024-07-31T12:14:24.540+0000] {logging_mixin.py:188} INFO - [2024-07-31T12:14:24.540+0000] {dag.py:3089} INFO - Sync 1 DAGs
[2024-07-31T12:14:24.571+0000] {logging_mixin.py:188} INFO - [2024-07-31T12:14:24.570+0000] {dag.py:3947} INFO - Setting next_dagrun for example_sla_dag to 2024-07-31 12:12:00+00:00, run_after=2024-07-31 12:14:00+00:00
[2024-07-31T12:14:24.599+0000] {processor.py:183} INFO - Processing /home/airflow/.local/lib/python3.12/site-packages/airflow/example_dags/example_sla_dag.py took 0.097 seconds
[2024-07-31T12:14:55.001+0000] {processor.py:161} INFO - Started process (PID=761) to work on /home/airflow/.local/lib/python3.12/site-packages/airflow/example_dags/example_sla_dag.py
[2024-07-31T12:14:55.002+0000] {processor.py:830} INFO - Processing file /home/airflow/.local/lib/python3.12/site-packages/airflow/example_dags/example_sla_dag.py for tasks to queue
[2024-07-31T12:14:55.004+0000] {logging_mixin.py:188} INFO - [2024-07-31T12:14:55.003+0000] {dagbag.py:545} INFO - Filling up the DagBag from /home/airflow/.local/lib/python3.12/site-packages/airflow/example_dags/example_sla_dag.py
[2024-07-31T12:14:55.011+0000] {processor.py:840} INFO - DAG(s) 'example_sla_dag' retrieved from /home/airflow/.local/lib/python3.12/site-packages/airflow/example_dags/example_sla_dag.py
[2024-07-31T12:14:55.029+0000] {logging_mixin.py:188} INFO - [2024-07-31T12:14:55.029+0000] {dag.py:3089} INFO - Sync 1 DAGs
[2024-07-31T12:14:55.052+0000] {logging_mixin.py:188} INFO - [2024-07-31T12:14:55.052+0000] {dag.py:3947} INFO - Setting next_dagrun for example_sla_dag to 2024-07-31 12:12:00+00:00, run_after=2024-07-31 12:14:00+00:00
[2024-07-31T12:14:55.075+0000] {processor.py:183} INFO - Processing /home/airflow/.local/lib/python3.12/site-packages/airflow/example_dags/example_sla_dag.py took 0.079 seconds
[2024-07-31T12:15:25.110+0000] {processor.py:161} INFO - Started process (PID=819) to work on /home/airflow/.local/lib/python3.12/site-packages/airflow/example_dags/example_sla_dag.py
[2024-07-31T12:15:25.111+0000] {processor.py:830} INFO - Processing file /home/airflow/.local/lib/python3.12/site-packages/airflow/example_dags/example_sla_dag.py for tasks to queue
[2024-07-31T12:15:25.113+0000] {logging_mixin.py:188} INFO - [2024-07-31T12:15:25.112+0000] {dagbag.py:545} INFO - Filling up the DagBag from /home/airflow/.local/lib/python3.12/site-packages/airflow/example_dags/example_sla_dag.py
[2024-07-31T12:15:25.122+0000] {processor.py:840} INFO - DAG(s) 'example_sla_dag' retrieved from /home/airflow/.local/lib/python3.12/site-packages/airflow/example_dags/example_sla_dag.py
[2024-07-31T12:15:25.150+0000] {logging_mixin.py:188} INFO - [2024-07-31T12:15:25.149+0000] {dag.py:3089} INFO - Sync 1 DAGs
[2024-07-31T12:15:25.189+0000] {logging_mixin.py:188} INFO - [2024-07-31T12:15:25.188+0000] {dag.py:3947} INFO - Setting next_dagrun for example_sla_dag to 2024-07-31 12:12:00+00:00, run_after=2024-07-31 12:14:00+00:00
[2024-07-31T12:15:25.214+0000] {processor.py:183} INFO - Processing /home/airflow/.local/lib/python3.12/site-packages/airflow/example_dags/example_sla_dag.py took 0.110 seconds
[2024-07-31T12:15:55.496+0000] {processor.py:161} INFO - Started process (PID=876) to work on /home/airflow/.local/lib/python3.12/site-packages/airflow/example_dags/example_sla_dag.py
[2024-07-31T12:15:55.499+0000] {processor.py:830} INFO - Processing file /home/airflow/.local/lib/python3.12/site-packages/airflow/example_dags/example_sla_dag.py for tasks to queue
[2024-07-31T12:15:55.502+0000] {logging_mixin.py:188} INFO - [2024-07-31T12:15:55.501+0000] {dagbag.py:545} INFO - Filling up the DagBag from /home/airflow/.local/lib/python3.12/site-packages/airflow/example_dags/example_sla_dag.py
[2024-07-31T12:15:55.514+0000] {processor.py:840} INFO - DAG(s) 'example_sla_dag' retrieved from /home/airflow/.local/lib/python3.12/site-packages/airflow/example_dags/example_sla_dag.py
[2024-07-31T12:15:55.539+0000] {logging_mixin.py:188} INFO - [2024-07-31T12:15:55.538+0000] {dag.py:3089} INFO - Sync 1 DAGs
[2024-07-31T12:15:55.568+0000] {logging_mixin.py:188} INFO - [2024-07-31T12:15:55.568+0000] {dag.py:3947} INFO - Setting next_dagrun for example_sla_dag to 2024-07-31 12:12:00+00:00, run_after=2024-07-31 12:14:00+00:00
[2024-07-31T12:15:55.591+0000] {processor.py:183} INFO - Processing /home/airflow/.local/lib/python3.12/site-packages/airflow/example_dags/example_sla_dag.py took 0.102 seconds
[2024-07-31T12:16:25.879+0000] {processor.py:161} INFO - Started process (PID=933) to work on /home/airflow/.local/lib/python3.12/site-packages/airflow/example_dags/example_sla_dag.py
[2024-07-31T12:16:25.880+0000] {processor.py:830} INFO - Processing file /home/airflow/.local/lib/python3.12/site-packages/airflow/example_dags/example_sla_dag.py for tasks to queue
[2024-07-31T12:16:25.883+0000] {logging_mixin.py:188} INFO - [2024-07-31T12:16:25.883+0000] {dagbag.py:545} INFO - Filling up the DagBag from /home/airflow/.local/lib/python3.12/site-packages/airflow/example_dags/example_sla_dag.py
[2024-07-31T12:16:25.894+0000] {processor.py:840} INFO - DAG(s) 'example_sla_dag' retrieved from /home/airflow/.local/lib/python3.12/site-packages/airflow/example_dags/example_sla_dag.py
[2024-07-31T12:16:25.919+0000] {logging_mixin.py:188} INFO - [2024-07-31T12:16:25.918+0000] {dag.py:3089} INFO - Sync 1 DAGs
[2024-07-31T12:16:25.945+0000] {logging_mixin.py:188} INFO - [2024-07-31T12:16:25.945+0000] {dag.py:3947} INFO - Setting next_dagrun for example_sla_dag to 2024-07-31 12:14:00+00:00, run_after=2024-07-31 12:16:00+00:00
[2024-07-31T12:16:25.974+0000] {processor.py:183} INFO - Processing /home/airflow/.local/lib/python3.12/site-packages/airflow/example_dags/example_sla_dag.py took 0.106 seconds
[2024-07-31T12:16:56.023+0000] {processor.py:161} INFO - Started process (PID=990) to work on /home/airflow/.local/lib/python3.12/site-packages/airflow/example_dags/example_sla_dag.py
[2024-07-31T12:16:56.026+0000] {processor.py:830} INFO - Processing file /home/airflow/.local/lib/python3.12/site-packages/airflow/example_dags/example_sla_dag.py for tasks to queue
[2024-07-31T12:16:56.028+0000] {logging_mixin.py:188} INFO - [2024-07-31T12:16:56.027+0000] {dagbag.py:545} INFO - Filling up the DagBag from /home/airflow/.local/lib/python3.12/site-packages/airflow/example_dags/example_sla_dag.py
[2024-07-31T12:16:56.036+0000] {processor.py:840} INFO - DAG(s) 'example_sla_dag' retrieved from /home/airflow/.local/lib/python3.12/site-packages/airflow/example_dags/example_sla_dag.py
[2024-07-31T12:16:56.057+0000] {logging_mixin.py:188} INFO - [2024-07-31T12:16:56.057+0000] {dag.py:3089} INFO - Sync 1 DAGs
[2024-07-31T12:16:56.092+0000] {logging_mixin.py:188} INFO - [2024-07-31T12:16:56.092+0000] {dag.py:3947} INFO - Setting next_dagrun for example_sla_dag to 2024-07-31 12:14:00+00:00, run_after=2024-07-31 12:16:00+00:00
[2024-07-31T12:16:56.124+0000] {processor.py:183} INFO - Processing /home/airflow/.local/lib/python3.12/site-packages/airflow/example_dags/example_sla_dag.py took 0.108 seconds
[2024-07-31T12:17:26.196+0000] {processor.py:161} INFO - Started process (PID=1047) to work on /home/airflow/.local/lib/python3.12/site-packages/airflow/example_dags/example_sla_dag.py
[2024-07-31T12:17:26.197+0000] {processor.py:830} INFO - Processing file /home/airflow/.local/lib/python3.12/site-packages/airflow/example_dags/example_sla_dag.py for tasks to queue
[2024-07-31T12:17:26.198+0000] {logging_mixin.py:188} INFO - [2024-07-31T12:17:26.198+0000] {dagbag.py:545} INFO - Filling up the DagBag from /home/airflow/.local/lib/python3.12/site-packages/airflow/example_dags/example_sla_dag.py
[2024-07-31T12:17:26.206+0000] {processor.py:840} INFO - DAG(s) 'example_sla_dag' retrieved from /home/airflow/.local/lib/python3.12/site-packages/airflow/example_dags/example_sla_dag.py
[2024-07-31T12:17:26.228+0000] {logging_mixin.py:188} INFO - [2024-07-31T12:17:26.228+0000] {dag.py:3089} INFO - Sync 1 DAGs
[2024-07-31T12:17:26.253+0000] {logging_mixin.py:188} INFO - [2024-07-31T12:17:26.253+0000] {dag.py:3947} INFO - Setting next_dagrun for example_sla_dag to 2024-07-31 12:14:00+00:00, run_after=2024-07-31 12:16:00+00:00
[2024-07-31T12:17:26.276+0000] {processor.py:183} INFO - Processing /home/airflow/.local/lib/python3.12/site-packages/airflow/example_dags/example_sla_dag.py took 0.085 seconds
[2024-07-31T12:17:56.690+0000] {processor.py:161} INFO - Started process (PID=1111) to work on /home/airflow/.local/lib/python3.12/site-packages/airflow/example_dags/example_sla_dag.py
[2024-07-31T12:17:56.690+0000] {processor.py:830} INFO - Processing file /home/airflow/.local/lib/python3.12/site-packages/airflow/example_dags/example_sla_dag.py for tasks to queue
[2024-07-31T12:17:56.692+0000] {logging_mixin.py:188} INFO - [2024-07-31T12:17:56.692+0000] {dagbag.py:545} INFO - Filling up the DagBag from /home/airflow/.local/lib/python3.12/site-packages/airflow/example_dags/example_sla_dag.py
[2024-07-31T12:17:56.704+0000] {processor.py:840} INFO - DAG(s) 'example_sla_dag' retrieved from /home/airflow/.local/lib/python3.12/site-packages/airflow/example_dags/example_sla_dag.py
[2024-07-31T12:17:56.723+0000] {logging_mixin.py:188} INFO - [2024-07-31T12:17:56.722+0000] {dag.py:3089} INFO - Sync 1 DAGs
[2024-07-31T12:17:56.752+0000] {logging_mixin.py:188} INFO - [2024-07-31T12:17:56.752+0000] {dag.py:3947} INFO - Setting next_dagrun for example_sla_dag to 2024-07-31 12:14:00+00:00, run_after=2024-07-31 12:16:00+00:00
[2024-07-31T12:17:56.777+0000] {processor.py:183} INFO - Processing /home/airflow/.local/lib/python3.12/site-packages/airflow/example_dags/example_sla_dag.py took 0.095 seconds
[2024-07-31T12:18:27.068+0000] {processor.py:161} INFO - Started process (PID=1169) to work on /home/airflow/.local/lib/python3.12/site-packages/airflow/example_dags/example_sla_dag.py
[2024-07-31T12:18:27.069+0000] {processor.py:830} INFO - Processing file /home/airflow/.local/lib/python3.12/site-packages/airflow/example_dags/example_sla_dag.py for tasks to queue
[2024-07-31T12:18:27.071+0000] {logging_mixin.py:188} INFO - [2024-07-31T12:18:27.071+0000] {dagbag.py:545} INFO - Filling up the DagBag from /home/airflow/.local/lib/python3.12/site-packages/airflow/example_dags/example_sla_dag.py
[2024-07-31T12:18:27.080+0000] {processor.py:840} INFO - DAG(s) 'example_sla_dag' retrieved from /home/airflow/.local/lib/python3.12/site-packages/airflow/example_dags/example_sla_dag.py
[2024-07-31T12:18:27.104+0000] {logging_mixin.py:188} INFO - [2024-07-31T12:18:27.104+0000] {dag.py:3089} INFO - Sync 1 DAGs
[2024-07-31T12:18:27.141+0000] {logging_mixin.py:188} INFO - [2024-07-31T12:18:27.141+0000] {dag.py:3947} INFO - Setting next_dagrun for example_sla_dag to 2024-07-31 12:16:00+00:00, run_after=2024-07-31 12:18:00+00:00
[2024-07-31T12:18:27.180+0000] {processor.py:183} INFO - Processing /home/airflow/.local/lib/python3.12/site-packages/airflow/example_dags/example_sla_dag.py took 0.119 seconds
[2024-07-31T12:18:57.355+0000] {processor.py:161} INFO - Started process (PID=1227) to work on /home/airflow/.local/lib/python3.12/site-packages/airflow/example_dags/example_sla_dag.py
[2024-07-31T12:18:57.357+0000] {processor.py:830} INFO - Processing file /home/airflow/.local/lib/python3.12/site-packages/airflow/example_dags/example_sla_dag.py for tasks to queue
[2024-07-31T12:18:57.359+0000] {logging_mixin.py:188} INFO - [2024-07-31T12:18:57.359+0000] {dagbag.py:545} INFO - Filling up the DagBag from /home/airflow/.local/lib/python3.12/site-packages/airflow/example_dags/example_sla_dag.py
[2024-07-31T12:18:57.368+0000] {processor.py:840} INFO - DAG(s) 'example_sla_dag' retrieved from /home/airflow/.local/lib/python3.12/site-packages/airflow/example_dags/example_sla_dag.py
[2024-07-31T12:18:57.394+0000] {logging_mixin.py:188} INFO - [2024-07-31T12:18:57.393+0000] {dag.py:3089} INFO - Sync 1 DAGs
[2024-07-31T12:18:57.433+0000] {logging_mixin.py:188} INFO - [2024-07-31T12:18:57.433+0000] {dag.py:3947} INFO - Setting next_dagrun for example_sla_dag to 2024-07-31 12:16:00+00:00, run_after=2024-07-31 12:18:00+00:00
[2024-07-31T12:18:57.462+0000] {processor.py:183} INFO - Processing /home/airflow/.local/lib/python3.12/site-packages/airflow/example_dags/example_sla_dag.py took 0.113 seconds
[2024-07-31T12:19:27.655+0000] {processor.py:161} INFO - Started process (PID=1285) to work on /home/airflow/.local/lib/python3.12/site-packages/airflow/example_dags/example_sla_dag.py
[2024-07-31T12:19:27.656+0000] {processor.py:830} INFO - Processing file /home/airflow/.local/lib/python3.12/site-packages/airflow/example_dags/example_sla_dag.py for tasks to queue
[2024-07-31T12:19:27.658+0000] {logging_mixin.py:188} INFO - [2024-07-31T12:19:27.658+0000] {dagbag.py:545} INFO - Filling up the DagBag from /home/airflow/.local/lib/python3.12/site-packages/airflow/example_dags/example_sla_dag.py
[2024-07-31T12:19:27.669+0000] {processor.py:840} INFO - DAG(s) 'example_sla_dag' retrieved from /home/airflow/.local/lib/python3.12/site-packages/airflow/example_dags/example_sla_dag.py
[2024-07-31T12:19:27.698+0000] {logging_mixin.py:188} INFO - [2024-07-31T12:19:27.698+0000] {dag.py:3089} INFO - Sync 1 DAGs
[2024-07-31T12:19:27.724+0000] {logging_mixin.py:188} INFO - [2024-07-31T12:19:27.724+0000] {dag.py:3947} INFO - Setting next_dagrun for example_sla_dag to 2024-07-31 12:16:00+00:00, run_after=2024-07-31 12:18:00+00:00
[2024-07-31T12:19:27.749+0000] {processor.py:183} INFO - Processing /home/airflow/.local/lib/python3.12/site-packages/airflow/example_dags/example_sla_dag.py took 0.099 seconds
[2024-07-31T12:19:58.096+0000] {processor.py:161} INFO - Started process (PID=1343) to work on /home/airflow/.local/lib/python3.12/site-packages/airflow/example_dags/example_sla_dag.py
[2024-07-31T12:19:58.097+0000] {processor.py:830} INFO - Processing file /home/airflow/.local/lib/python3.12/site-packages/airflow/example_dags/example_sla_dag.py for tasks to queue
[2024-07-31T12:19:58.098+0000] {logging_mixin.py:188} INFO - [2024-07-31T12:19:58.098+0000] {dagbag.py:545} INFO - Filling up the DagBag from /home/airflow/.local/lib/python3.12/site-packages/airflow/example_dags/example_sla_dag.py
[2024-07-31T12:19:58.106+0000] {processor.py:840} INFO - DAG(s) 'example_sla_dag' retrieved from /home/airflow/.local/lib/python3.12/site-packages/airflow/example_dags/example_sla_dag.py
[2024-07-31T12:19:58.128+0000] {logging_mixin.py:188} INFO - [2024-07-31T12:19:58.127+0000] {dag.py:3089} INFO - Sync 1 DAGs
[2024-07-31T12:19:58.159+0000] {logging_mixin.py:188} INFO - [2024-07-31T12:19:58.158+0000] {dag.py:3947} INFO - Setting next_dagrun for example_sla_dag to 2024-07-31 12:16:00+00:00, run_after=2024-07-31 12:18:00+00:00
[2024-07-31T12:19:58.184+0000] {processor.py:183} INFO - Processing /home/airflow/.local/lib/python3.12/site-packages/airflow/example_dags/example_sla_dag.py took 0.096 seconds
[2024-07-31T12:20:28.491+0000] {processor.py:161} INFO - Started process (PID=1401) to work on /home/airflow/.local/lib/python3.12/site-packages/airflow/example_dags/example_sla_dag.py
[2024-07-31T12:20:28.491+0000] {processor.py:830} INFO - Processing file /home/airflow/.local/lib/python3.12/site-packages/airflow/example_dags/example_sla_dag.py for tasks to queue
[2024-07-31T12:20:28.493+0000] {logging_mixin.py:188} INFO - [2024-07-31T12:20:28.493+0000] {dagbag.py:545} INFO - Filling up the DagBag from /home/airflow/.local/lib/python3.12/site-packages/airflow/example_dags/example_sla_dag.py
[2024-07-31T12:20:28.500+0000] {processor.py:840} INFO - DAG(s) 'example_sla_dag' retrieved from /home/airflow/.local/lib/python3.12/site-packages/airflow/example_dags/example_sla_dag.py
[2024-07-31T12:20:28.520+0000] {logging_mixin.py:188} INFO - [2024-07-31T12:20:28.520+0000] {dag.py:3089} INFO - Sync 1 DAGs
[2024-07-31T12:20:28.549+0000] {logging_mixin.py:188} INFO - [2024-07-31T12:20:28.549+0000] {dag.py:3947} INFO - Setting next_dagrun for example_sla_dag to 2024-07-31 12:18:00+00:00, run_after=2024-07-31 12:20:00+00:00
[2024-07-31T12:20:28.569+0000] {processor.py:183} INFO - Processing /home/airflow/.local/lib/python3.12/site-packages/airflow/example_dags/example_sla_dag.py took 0.085 seconds
[2024-07-31T12:20:58.985+0000] {processor.py:161} INFO - Started process (PID=1459) to work on /home/airflow/.local/lib/python3.12/site-packages/airflow/example_dags/example_sla_dag.py
[2024-07-31T12:20:58.989+0000] {processor.py:830} INFO - Processing file /home/airflow/.local/lib/python3.12/site-packages/airflow/example_dags/example_sla_dag.py for tasks to queue
[2024-07-31T12:20:58.990+0000] {logging_mixin.py:188} INFO - [2024-07-31T12:20:58.990+0000] {dagbag.py:545} INFO - Filling up the DagBag from /home/airflow/.local/lib/python3.12/site-packages/airflow/example_dags/example_sla_dag.py
[2024-07-31T12:20:58.997+0000] {processor.py:840} INFO - DAG(s) 'example_sla_dag' retrieved from /home/airflow/.local/lib/python3.12/site-packages/airflow/example_dags/example_sla_dag.py
[2024-07-31T12:20:59.017+0000] {logging_mixin.py:188} INFO - [2024-07-31T12:20:59.017+0000] {dag.py:3089} INFO - Sync 1 DAGs
[2024-07-31T12:20:59.041+0000] {logging_mixin.py:188} INFO - [2024-07-31T12:20:59.041+0000] {dag.py:3947} INFO - Setting next_dagrun for example_sla_dag to 2024-07-31 12:18:00+00:00, run_after=2024-07-31 12:20:00+00:00
[2024-07-31T12:20:59.062+0000] {processor.py:183} INFO - Processing /home/airflow/.local/lib/python3.12/site-packages/airflow/example_dags/example_sla_dag.py took 0.081 seconds
[2024-07-31T12:21:29.147+0000] {processor.py:161} INFO - Started process (PID=1517) to work on /home/airflow/.local/lib/python3.12/site-packages/airflow/example_dags/example_sla_dag.py
[2024-07-31T12:21:29.148+0000] {processor.py:830} INFO - Processing file /home/airflow/.local/lib/python3.12/site-packages/airflow/example_dags/example_sla_dag.py for tasks to queue
[2024-07-31T12:21:29.149+0000] {logging_mixin.py:188} INFO - [2024-07-31T12:21:29.149+0000] {dagbag.py:545} INFO - Filling up the DagBag from /home/airflow/.local/lib/python3.12/site-packages/airflow/example_dags/example_sla_dag.py
[2024-07-31T12:21:29.156+0000] {processor.py:840} INFO - DAG(s) 'example_sla_dag' retrieved from /home/airflow/.local/lib/python3.12/site-packages/airflow/example_dags/example_sla_dag.py
[2024-07-31T12:21:29.179+0000] {logging_mixin.py:188} INFO - [2024-07-31T12:21:29.179+0000] {dag.py:3089} INFO - Sync 1 DAGs
[2024-07-31T12:21:29.212+0000] {logging_mixin.py:188} INFO - [2024-07-31T12:21:29.212+0000] {dag.py:3947} INFO - Setting next_dagrun for example_sla_dag to 2024-07-31 12:18:00+00:00, run_after=2024-07-31 12:20:00+00:00
[2024-07-31T12:21:29.234+0000] {processor.py:183} INFO - Processing /home/airflow/.local/lib/python3.12/site-packages/airflow/example_dags/example_sla_dag.py took 0.092 seconds
[2024-07-31T12:21:59.421+0000] {processor.py:161} INFO - Started process (PID=1575) to work on /home/airflow/.local/lib/python3.12/site-packages/airflow/example_dags/example_sla_dag.py
[2024-07-31T12:21:59.424+0000] {processor.py:830} INFO - Processing file /home/airflow/.local/lib/python3.12/site-packages/airflow/example_dags/example_sla_dag.py for tasks to queue
[2024-07-31T12:21:59.425+0000] {logging_mixin.py:188} INFO - [2024-07-31T12:21:59.425+0000] {dagbag.py:545} INFO - Filling up the DagBag from /home/airflow/.local/lib/python3.12/site-packages/airflow/example_dags/example_sla_dag.py
[2024-07-31T12:21:59.435+0000] {processor.py:840} INFO - DAG(s) 'example_sla_dag' retrieved from /home/airflow/.local/lib/python3.12/site-packages/airflow/example_dags/example_sla_dag.py
[2024-07-31T12:21:59.460+0000] {logging_mixin.py:188} INFO - [2024-07-31T12:21:59.460+0000] {dag.py:3089} INFO - Sync 1 DAGs
[2024-07-31T12:21:59.491+0000] {logging_mixin.py:188} INFO - [2024-07-31T12:21:59.491+0000] {dag.py:3947} INFO - Setting next_dagrun for example_sla_dag to 2024-07-31 12:18:00+00:00, run_after=2024-07-31 12:20:00+00:00
[2024-07-31T12:21:59.517+0000] {processor.py:183} INFO - Processing /home/airflow/.local/lib/python3.12/site-packages/airflow/example_dags/example_sla_dag.py took 0.103 seconds
[2024-07-31T12:22:29.944+0000] {processor.py:161} INFO - Started process (PID=1633) to work on /home/airflow/.local/lib/python3.12/site-packages/airflow/example_dags/example_sla_dag.py
[2024-07-31T12:22:29.947+0000] {processor.py:830} INFO - Processing file /home/airflow/.local/lib/python3.12/site-packages/airflow/example_dags/example_sla_dag.py for tasks to queue
[2024-07-31T12:22:29.949+0000] {logging_mixin.py:188} INFO - [2024-07-31T12:22:29.948+0000] {dagbag.py:545} INFO - Filling up the DagBag from /home/airflow/.local/lib/python3.12/site-packages/airflow/example_dags/example_sla_dag.py
[2024-07-31T12:22:29.959+0000] {processor.py:840} INFO - DAG(s) 'example_sla_dag' retrieved from /home/airflow/.local/lib/python3.12/site-packages/airflow/example_dags/example_sla_dag.py
[2024-07-31T12:22:29.986+0000] {logging_mixin.py:188} INFO - [2024-07-31T12:22:29.985+0000] {dag.py:3089} INFO - Sync 1 DAGs
[2024-07-31T12:22:30.013+0000] {logging_mixin.py:188} INFO - [2024-07-31T12:22:30.012+0000] {dag.py:3947} INFO - Setting next_dagrun for example_sla_dag to 2024-07-31 12:20:00+00:00, run_after=2024-07-31 12:22:00+00:00
[2024-07-31T12:22:30.038+0000] {processor.py:183} INFO - Processing /home/airflow/.local/lib/python3.12/site-packages/airflow/example_dags/example_sla_dag.py took 0.099 seconds
[2024-07-31T12:23:00.068+0000] {processor.py:161} INFO - Started process (PID=1690) to work on /home/airflow/.local/lib/python3.12/site-packages/airflow/example_dags/example_sla_dag.py
[2024-07-31T12:23:00.071+0000] {processor.py:830} INFO - Processing file /home/airflow/.local/lib/python3.12/site-packages/airflow/example_dags/example_sla_dag.py for tasks to queue
[2024-07-31T12:23:00.073+0000] {logging_mixin.py:188} INFO - [2024-07-31T12:23:00.072+0000] {dagbag.py:545} INFO - Filling up the DagBag from /home/airflow/.local/lib/python3.12/site-packages/airflow/example_dags/example_sla_dag.py
[2024-07-31T12:23:00.080+0000] {processor.py:840} INFO - DAG(s) 'example_sla_dag' retrieved from /home/airflow/.local/lib/python3.12/site-packages/airflow/example_dags/example_sla_dag.py
[2024-07-31T12:23:00.099+0000] {logging_mixin.py:188} INFO - [2024-07-31T12:23:00.099+0000] {dag.py:3089} INFO - Sync 1 DAGs
[2024-07-31T12:23:00.127+0000] {logging_mixin.py:188} INFO - [2024-07-31T12:23:00.127+0000] {dag.py:3947} INFO - Setting next_dagrun for example_sla_dag to 2024-07-31 12:20:00+00:00, run_after=2024-07-31 12:22:00+00:00
[2024-07-31T12:23:00.156+0000] {processor.py:183} INFO - Processing /home/airflow/.local/lib/python3.12/site-packages/airflow/example_dags/example_sla_dag.py took 0.095 seconds
[2024-07-31T12:23:30.257+0000] {processor.py:161} INFO - Started process (PID=1748) to work on /home/airflow/.local/lib/python3.12/site-packages/airflow/example_dags/example_sla_dag.py
[2024-07-31T12:23:30.258+0000] {processor.py:830} INFO - Processing file /home/airflow/.local/lib/python3.12/site-packages/airflow/example_dags/example_sla_dag.py for tasks to queue
[2024-07-31T12:23:30.260+0000] {logging_mixin.py:188} INFO - [2024-07-31T12:23:30.259+0000] {dagbag.py:545} INFO - Filling up the DagBag from /home/airflow/.local/lib/python3.12/site-packages/airflow/example_dags/example_sla_dag.py
[2024-07-31T12:23:30.270+0000] {processor.py:840} INFO - DAG(s) 'example_sla_dag' retrieved from /home/airflow/.local/lib/python3.12/site-packages/airflow/example_dags/example_sla_dag.py
[2024-07-31T12:23:30.300+0000] {logging_mixin.py:188} INFO - [2024-07-31T12:23:30.299+0000] {dag.py:3089} INFO - Sync 1 DAGs
[2024-07-31T12:23:30.353+0000] {logging_mixin.py:188} INFO - [2024-07-31T12:23:30.353+0000] {dag.py:3947} INFO - Setting next_dagrun for example_sla_dag to 2024-07-31 12:20:00+00:00, run_after=2024-07-31 12:22:00+00:00
[2024-07-31T12:23:30.393+0000] {processor.py:183} INFO - Processing /home/airflow/.local/lib/python3.12/site-packages/airflow/example_dags/example_sla_dag.py took 0.142 seconds
[2024-07-31T12:24:00.952+0000] {processor.py:161} INFO - Started process (PID=1806) to work on /home/airflow/.local/lib/python3.12/site-packages/airflow/example_dags/example_sla_dag.py
[2024-07-31T12:24:00.954+0000] {processor.py:830} INFO - Processing file /home/airflow/.local/lib/python3.12/site-packages/airflow/example_dags/example_sla_dag.py for tasks to queue
[2024-07-31T12:24:00.956+0000] {logging_mixin.py:188} INFO - [2024-07-31T12:24:00.955+0000] {dagbag.py:545} INFO - Filling up the DagBag from /home/airflow/.local/lib/python3.12/site-packages/airflow/example_dags/example_sla_dag.py
[2024-07-31T12:24:00.967+0000] {processor.py:840} INFO - DAG(s) 'example_sla_dag' retrieved from /home/airflow/.local/lib/python3.12/site-packages/airflow/example_dags/example_sla_dag.py
[2024-07-31T12:24:00.993+0000] {logging_mixin.py:188} INFO - [2024-07-31T12:24:00.992+0000] {dag.py:3089} INFO - Sync 1 DAGs
[2024-07-31T12:24:01.021+0000] {logging_mixin.py:188} INFO - [2024-07-31T12:24:01.020+0000] {dag.py:3947} INFO - Setting next_dagrun for example_sla_dag to 2024-07-31 12:22:00+00:00, run_after=2024-07-31 12:24:00+00:00
[2024-07-31T12:24:01.061+0000] {processor.py:183} INFO - Processing /home/airflow/.local/lib/python3.12/site-packages/airflow/example_dags/example_sla_dag.py took 0.117 seconds
[2024-07-31T12:24:31.568+0000] {processor.py:161} INFO - Started process (PID=1862) to work on /home/airflow/.local/lib/python3.12/site-packages/airflow/example_dags/example_sla_dag.py
[2024-07-31T12:24:31.569+0000] {processor.py:830} INFO - Processing file /home/airflow/.local/lib/python3.12/site-packages/airflow/example_dags/example_sla_dag.py for tasks to queue
[2024-07-31T12:24:31.570+0000] {logging_mixin.py:188} INFO - [2024-07-31T12:24:31.570+0000] {dagbag.py:545} INFO - Filling up the DagBag from /home/airflow/.local/lib/python3.12/site-packages/airflow/example_dags/example_sla_dag.py
[2024-07-31T12:24:31.579+0000] {processor.py:840} INFO - DAG(s) 'example_sla_dag' retrieved from /home/airflow/.local/lib/python3.12/site-packages/airflow/example_dags/example_sla_dag.py
[2024-07-31T12:24:31.598+0000] {logging_mixin.py:188} INFO - [2024-07-31T12:24:31.598+0000] {dag.py:3089} INFO - Sync 1 DAGs
[2024-07-31T12:24:31.761+0000] {logging_mixin.py:188} INFO - [2024-07-31T12:24:31.761+0000] {dag.py:3947} INFO - Setting next_dagrun for example_sla_dag to 2024-07-31 12:22:00+00:00, run_after=2024-07-31 12:24:00+00:00
[2024-07-31T12:24:31.782+0000] {processor.py:183} INFO - Processing /home/airflow/.local/lib/python3.12/site-packages/airflow/example_dags/example_sla_dag.py took 0.220 seconds
[2024-07-31T12:25:01.907+0000] {processor.py:161} INFO - Started process (PID=1920) to work on /home/airflow/.local/lib/python3.12/site-packages/airflow/example_dags/example_sla_dag.py
[2024-07-31T12:25:01.908+0000] {processor.py:830} INFO - Processing file /home/airflow/.local/lib/python3.12/site-packages/airflow/example_dags/example_sla_dag.py for tasks to queue
[2024-07-31T12:25:01.909+0000] {logging_mixin.py:188} INFO - [2024-07-31T12:25:01.909+0000] {dagbag.py:545} INFO - Filling up the DagBag from /home/airflow/.local/lib/python3.12/site-packages/airflow/example_dags/example_sla_dag.py
[2024-07-31T12:25:01.917+0000] {processor.py:840} INFO - DAG(s) 'example_sla_dag' retrieved from /home/airflow/.local/lib/python3.12/site-packages/airflow/example_dags/example_sla_dag.py
[2024-07-31T12:25:01.935+0000] {logging_mixin.py:188} INFO - [2024-07-31T12:25:01.935+0000] {dag.py:3089} INFO - Sync 1 DAGs
[2024-07-31T12:25:02.102+0000] {logging_mixin.py:188} INFO - [2024-07-31T12:25:02.101+0000] {dag.py:3947} INFO - Setting next_dagrun for example_sla_dag to 2024-07-31 12:22:00+00:00, run_after=2024-07-31 12:24:00+00:00
[2024-07-31T12:25:02.127+0000] {processor.py:183} INFO - Processing /home/airflow/.local/lib/python3.12/site-packages/airflow/example_dags/example_sla_dag.py took 0.225 seconds
[2024-07-31T12:25:32.581+0000] {processor.py:161} INFO - Started process (PID=1978) to work on /home/airflow/.local/lib/python3.12/site-packages/airflow/example_dags/example_sla_dag.py
[2024-07-31T12:25:32.581+0000] {processor.py:830} INFO - Processing file /home/airflow/.local/lib/python3.12/site-packages/airflow/example_dags/example_sla_dag.py for tasks to queue
[2024-07-31T12:25:32.583+0000] {logging_mixin.py:188} INFO - [2024-07-31T12:25:32.583+0000] {dagbag.py:545} INFO - Filling up the DagBag from /home/airflow/.local/lib/python3.12/site-packages/airflow/example_dags/example_sla_dag.py
[2024-07-31T12:25:32.591+0000] {processor.py:840} INFO - DAG(s) 'example_sla_dag' retrieved from /home/airflow/.local/lib/python3.12/site-packages/airflow/example_dags/example_sla_dag.py
[2024-07-31T12:25:32.608+0000] {logging_mixin.py:188} INFO - [2024-07-31T12:25:32.608+0000] {dag.py:3089} INFO - Sync 1 DAGs
[2024-07-31T12:25:32.632+0000] {logging_mixin.py:188} INFO - [2024-07-31T12:25:32.632+0000] {dag.py:3947} INFO - Setting next_dagrun for example_sla_dag to 2024-07-31 12:22:00+00:00, run_after=2024-07-31 12:24:00+00:00
[2024-07-31T12:25:32.653+0000] {processor.py:183} INFO - Processing /home/airflow/.local/lib/python3.12/site-packages/airflow/example_dags/example_sla_dag.py took 0.077 seconds
[2024-07-31T12:26:03.261+0000] {processor.py:161} INFO - Started process (PID=2036) to work on /home/airflow/.local/lib/python3.12/site-packages/airflow/example_dags/example_sla_dag.py
[2024-07-31T12:26:03.262+0000] {processor.py:830} INFO - Processing file /home/airflow/.local/lib/python3.12/site-packages/airflow/example_dags/example_sla_dag.py for tasks to queue
[2024-07-31T12:26:03.265+0000] {logging_mixin.py:188} INFO - [2024-07-31T12:26:03.264+0000] {dagbag.py:545} INFO - Filling up the DagBag from /home/airflow/.local/lib/python3.12/site-packages/airflow/example_dags/example_sla_dag.py
[2024-07-31T12:26:03.277+0000] {processor.py:840} INFO - DAG(s) 'example_sla_dag' retrieved from /home/airflow/.local/lib/python3.12/site-packages/airflow/example_dags/example_sla_dag.py
[2024-07-31T12:26:03.307+0000] {logging_mixin.py:188} INFO - [2024-07-31T12:26:03.306+0000] {dag.py:3089} INFO - Sync 1 DAGs
[2024-07-31T12:26:03.352+0000] {logging_mixin.py:188} INFO - [2024-07-31T12:26:03.352+0000] {dag.py:3947} INFO - Setting next_dagrun for example_sla_dag to 2024-07-31 12:24:00+00:00, run_after=2024-07-31 12:26:00+00:00
[2024-07-31T12:26:03.387+0000] {processor.py:183} INFO - Processing /home/airflow/.local/lib/python3.12/site-packages/airflow/example_dags/example_sla_dag.py took 0.135 seconds
[2024-07-31T12:26:34.136+0000] {processor.py:161} INFO - Started process (PID=2093) to work on /home/airflow/.local/lib/python3.12/site-packages/airflow/example_dags/example_sla_dag.py
[2024-07-31T12:26:34.137+0000] {processor.py:830} INFO - Processing file /home/airflow/.local/lib/python3.12/site-packages/airflow/example_dags/example_sla_dag.py for tasks to queue
[2024-07-31T12:26:34.139+0000] {logging_mixin.py:188} INFO - [2024-07-31T12:26:34.139+0000] {dagbag.py:545} INFO - Filling up the DagBag from /home/airflow/.local/lib/python3.12/site-packages/airflow/example_dags/example_sla_dag.py
[2024-07-31T12:26:34.147+0000] {processor.py:840} INFO - DAG(s) 'example_sla_dag' retrieved from /home/airflow/.local/lib/python3.12/site-packages/airflow/example_dags/example_sla_dag.py
[2024-07-31T12:26:34.171+0000] {logging_mixin.py:188} INFO - [2024-07-31T12:26:34.170+0000] {dag.py:3089} INFO - Sync 1 DAGs
[2024-07-31T12:26:34.206+0000] {logging_mixin.py:188} INFO - [2024-07-31T12:26:34.205+0000] {dag.py:3947} INFO - Setting next_dagrun for example_sla_dag to 2024-07-31 12:24:00+00:00, run_after=2024-07-31 12:26:00+00:00
[2024-07-31T12:26:34.227+0000] {processor.py:183} INFO - Processing /home/airflow/.local/lib/python3.12/site-packages/airflow/example_dags/example_sla_dag.py took 0.098 seconds
[2024-07-31T12:27:04.539+0000] {processor.py:161} INFO - Started process (PID=2151) to work on /home/airflow/.local/lib/python3.12/site-packages/airflow/example_dags/example_sla_dag.py
[2024-07-31T12:27:04.540+0000] {processor.py:830} INFO - Processing file /home/airflow/.local/lib/python3.12/site-packages/airflow/example_dags/example_sla_dag.py for tasks to queue
[2024-07-31T12:27:04.542+0000] {logging_mixin.py:188} INFO - [2024-07-31T12:27:04.542+0000] {dagbag.py:545} INFO - Filling up the DagBag from /home/airflow/.local/lib/python3.12/site-packages/airflow/example_dags/example_sla_dag.py
[2024-07-31T12:27:04.549+0000] {processor.py:840} INFO - DAG(s) 'example_sla_dag' retrieved from /home/airflow/.local/lib/python3.12/site-packages/airflow/example_dags/example_sla_dag.py
[2024-07-31T12:27:04.568+0000] {logging_mixin.py:188} INFO - [2024-07-31T12:27:04.568+0000] {dag.py:3089} INFO - Sync 1 DAGs
[2024-07-31T12:27:04.592+0000] {logging_mixin.py:188} INFO - [2024-07-31T12:27:04.592+0000] {dag.py:3947} INFO - Setting next_dagrun for example_sla_dag to 2024-07-31 12:24:00+00:00, run_after=2024-07-31 12:26:00+00:00
[2024-07-31T12:27:04.620+0000] {processor.py:183} INFO - Processing /home/airflow/.local/lib/python3.12/site-packages/airflow/example_dags/example_sla_dag.py took 0.086 seconds
[2024-07-31T12:27:34.977+0000] {processor.py:161} INFO - Started process (PID=2209) to work on /home/airflow/.local/lib/python3.12/site-packages/airflow/example_dags/example_sla_dag.py
[2024-07-31T12:27:34.978+0000] {processor.py:830} INFO - Processing file /home/airflow/.local/lib/python3.12/site-packages/airflow/example_dags/example_sla_dag.py for tasks to queue
[2024-07-31T12:27:34.980+0000] {logging_mixin.py:188} INFO - [2024-07-31T12:27:34.980+0000] {dagbag.py:545} INFO - Filling up the DagBag from /home/airflow/.local/lib/python3.12/site-packages/airflow/example_dags/example_sla_dag.py
[2024-07-31T12:27:34.988+0000] {processor.py:840} INFO - DAG(s) 'example_sla_dag' retrieved from /home/airflow/.local/lib/python3.12/site-packages/airflow/example_dags/example_sla_dag.py
[2024-07-31T12:27:35.012+0000] {logging_mixin.py:188} INFO - [2024-07-31T12:27:35.011+0000] {dag.py:3089} INFO - Sync 1 DAGs
[2024-07-31T12:27:35.046+0000] {logging_mixin.py:188} INFO - [2024-07-31T12:27:35.045+0000] {dag.py:3947} INFO - Setting next_dagrun for example_sla_dag to 2024-07-31 12:24:00+00:00, run_after=2024-07-31 12:26:00+00:00
[2024-07-31T12:27:35.068+0000] {processor.py:183} INFO - Processing /home/airflow/.local/lib/python3.12/site-packages/airflow/example_dags/example_sla_dag.py took 0.098 seconds
[2024-07-31T12:28:05.683+0000] {processor.py:161} INFO - Started process (PID=2267) to work on /home/airflow/.local/lib/python3.12/site-packages/airflow/example_dags/example_sla_dag.py
[2024-07-31T12:28:05.684+0000] {processor.py:830} INFO - Processing file /home/airflow/.local/lib/python3.12/site-packages/airflow/example_dags/example_sla_dag.py for tasks to queue
[2024-07-31T12:28:05.686+0000] {logging_mixin.py:188} INFO - [2024-07-31T12:28:05.686+0000] {dagbag.py:545} INFO - Filling up the DagBag from /home/airflow/.local/lib/python3.12/site-packages/airflow/example_dags/example_sla_dag.py
[2024-07-31T12:28:05.694+0000] {processor.py:840} INFO - DAG(s) 'example_sla_dag' retrieved from /home/airflow/.local/lib/python3.12/site-packages/airflow/example_dags/example_sla_dag.py
[2024-07-31T12:28:05.717+0000] {logging_mixin.py:188} INFO - [2024-07-31T12:28:05.716+0000] {dag.py:3089} INFO - Sync 1 DAGs
[2024-07-31T12:28:05.757+0000] {logging_mixin.py:188} INFO - [2024-07-31T12:28:05.756+0000] {dag.py:3947} INFO - Setting next_dagrun for example_sla_dag to 2024-07-31 12:26:00+00:00, run_after=2024-07-31 12:28:00+00:00
[2024-07-31T12:28:05.782+0000] {processor.py:183} INFO - Processing /home/airflow/.local/lib/python3.12/site-packages/airflow/example_dags/example_sla_dag.py took 0.105 seconds
[2024-07-31T12:28:36.674+0000] {processor.py:161} INFO - Started process (PID=2325) to work on /home/airflow/.local/lib/python3.12/site-packages/airflow/example_dags/example_sla_dag.py
[2024-07-31T12:28:36.676+0000] {processor.py:830} INFO - Processing file /home/airflow/.local/lib/python3.12/site-packages/airflow/example_dags/example_sla_dag.py for tasks to queue
[2024-07-31T12:28:36.678+0000] {logging_mixin.py:188} INFO - [2024-07-31T12:28:36.678+0000] {dagbag.py:545} INFO - Filling up the DagBag from /home/airflow/.local/lib/python3.12/site-packages/airflow/example_dags/example_sla_dag.py
[2024-07-31T12:28:36.690+0000] {processor.py:840} INFO - DAG(s) 'example_sla_dag' retrieved from /home/airflow/.local/lib/python3.12/site-packages/airflow/example_dags/example_sla_dag.py
[2024-07-31T12:28:36.722+0000] {logging_mixin.py:188} INFO - [2024-07-31T12:28:36.721+0000] {dag.py:3089} INFO - Sync 1 DAGs
[2024-07-31T12:28:36.765+0000] {logging_mixin.py:188} INFO - [2024-07-31T12:28:36.765+0000] {dag.py:3947} INFO - Setting next_dagrun for example_sla_dag to 2024-07-31 12:26:00+00:00, run_after=2024-07-31 12:28:00+00:00
[2024-07-31T12:28:36.800+0000] {processor.py:183} INFO - Processing /home/airflow/.local/lib/python3.12/site-packages/airflow/example_dags/example_sla_dag.py took 0.135 seconds
[2024-07-31T12:29:07.010+0000] {processor.py:161} INFO - Started process (PID=2383) to work on /home/airflow/.local/lib/python3.12/site-packages/airflow/example_dags/example_sla_dag.py
[2024-07-31T12:29:07.011+0000] {processor.py:830} INFO - Processing file /home/airflow/.local/lib/python3.12/site-packages/airflow/example_dags/example_sla_dag.py for tasks to queue
[2024-07-31T12:29:07.014+0000] {logging_mixin.py:188} INFO - [2024-07-31T12:29:07.013+0000] {dagbag.py:545} INFO - Filling up the DagBag from /home/airflow/.local/lib/python3.12/site-packages/airflow/example_dags/example_sla_dag.py
[2024-07-31T12:29:07.025+0000] {processor.py:840} INFO - DAG(s) 'example_sla_dag' retrieved from /home/airflow/.local/lib/python3.12/site-packages/airflow/example_dags/example_sla_dag.py
[2024-07-31T12:29:07.052+0000] {logging_mixin.py:188} INFO - [2024-07-31T12:29:07.052+0000] {dag.py:3089} INFO - Sync 1 DAGs
[2024-07-31T12:29:07.083+0000] {logging_mixin.py:188} INFO - [2024-07-31T12:29:07.083+0000] {dag.py:3947} INFO - Setting next_dagrun for example_sla_dag to 2024-07-31 12:26:00+00:00, run_after=2024-07-31 12:28:00+00:00
[2024-07-31T12:29:07.107+0000] {processor.py:183} INFO - Processing /home/airflow/.local/lib/python3.12/site-packages/airflow/example_dags/example_sla_dag.py took 0.107 seconds
[2024-07-31T12:29:37.497+0000] {processor.py:161} INFO - Started process (PID=2440) to work on /home/airflow/.local/lib/python3.12/site-packages/airflow/example_dags/example_sla_dag.py
[2024-07-31T12:29:37.498+0000] {processor.py:830} INFO - Processing file /home/airflow/.local/lib/python3.12/site-packages/airflow/example_dags/example_sla_dag.py for tasks to queue
[2024-07-31T12:29:37.500+0000] {logging_mixin.py:188} INFO - [2024-07-31T12:29:37.500+0000] {dagbag.py:545} INFO - Filling up the DagBag from /home/airflow/.local/lib/python3.12/site-packages/airflow/example_dags/example_sla_dag.py
[2024-07-31T12:29:37.513+0000] {processor.py:840} INFO - DAG(s) 'example_sla_dag' retrieved from /home/airflow/.local/lib/python3.12/site-packages/airflow/example_dags/example_sla_dag.py
[2024-07-31T12:29:37.535+0000] {logging_mixin.py:188} INFO - [2024-07-31T12:29:37.535+0000] {dag.py:3089} INFO - Sync 1 DAGs
[2024-07-31T12:29:37.565+0000] {logging_mixin.py:188} INFO - [2024-07-31T12:29:37.565+0000] {dag.py:3947} INFO - Setting next_dagrun for example_sla_dag to 2024-07-31 12:26:00+00:00, run_after=2024-07-31 12:28:00+00:00
[2024-07-31T12:29:37.595+0000] {processor.py:183} INFO - Processing /home/airflow/.local/lib/python3.12/site-packages/airflow/example_dags/example_sla_dag.py took 0.107 seconds
[2024-07-31T12:30:08.203+0000] {processor.py:161} INFO - Started process (PID=2498) to work on /home/airflow/.local/lib/python3.12/site-packages/airflow/example_dags/example_sla_dag.py
[2024-07-31T12:30:08.204+0000] {processor.py:830} INFO - Processing file /home/airflow/.local/lib/python3.12/site-packages/airflow/example_dags/example_sla_dag.py for tasks to queue
[2024-07-31T12:30:08.205+0000] {logging_mixin.py:188} INFO - [2024-07-31T12:30:08.205+0000] {dagbag.py:545} INFO - Filling up the DagBag from /home/airflow/.local/lib/python3.12/site-packages/airflow/example_dags/example_sla_dag.py
[2024-07-31T12:30:08.214+0000] {processor.py:840} INFO - DAG(s) 'example_sla_dag' retrieved from /home/airflow/.local/lib/python3.12/site-packages/airflow/example_dags/example_sla_dag.py
[2024-07-31T12:30:08.232+0000] {logging_mixin.py:188} INFO - [2024-07-31T12:30:08.232+0000] {dag.py:3089} INFO - Sync 1 DAGs
[2024-07-31T12:30:08.264+0000] {logging_mixin.py:188} INFO - [2024-07-31T12:30:08.264+0000] {dag.py:3947} INFO - Setting next_dagrun for example_sla_dag to 2024-07-31 12:28:00+00:00, run_after=2024-07-31 12:30:00+00:00
[2024-07-31T12:30:08.294+0000] {processor.py:183} INFO - Processing /home/airflow/.local/lib/python3.12/site-packages/airflow/example_dags/example_sla_dag.py took 0.096 seconds
[2024-07-31T12:30:38.954+0000] {processor.py:161} INFO - Started process (PID=2556) to work on /home/airflow/.local/lib/python3.12/site-packages/airflow/example_dags/example_sla_dag.py
[2024-07-31T12:30:38.955+0000] {processor.py:830} INFO - Processing file /home/airflow/.local/lib/python3.12/site-packages/airflow/example_dags/example_sla_dag.py for tasks to queue
[2024-07-31T12:30:38.956+0000] {logging_mixin.py:188} INFO - [2024-07-31T12:30:38.956+0000] {dagbag.py:545} INFO - Filling up the DagBag from /home/airflow/.local/lib/python3.12/site-packages/airflow/example_dags/example_sla_dag.py
[2024-07-31T12:30:38.965+0000] {processor.py:840} INFO - DAG(s) 'example_sla_dag' retrieved from /home/airflow/.local/lib/python3.12/site-packages/airflow/example_dags/example_sla_dag.py
[2024-07-31T12:30:38.989+0000] {logging_mixin.py:188} INFO - [2024-07-31T12:30:38.988+0000] {dag.py:3089} INFO - Sync 1 DAGs
[2024-07-31T12:30:39.022+0000] {logging_mixin.py:188} INFO - [2024-07-31T12:30:39.021+0000] {dag.py:3947} INFO - Setting next_dagrun for example_sla_dag to 2024-07-31 12:28:00+00:00, run_after=2024-07-31 12:30:00+00:00
[2024-07-31T12:30:39.050+0000] {processor.py:183} INFO - Processing /home/airflow/.local/lib/python3.12/site-packages/airflow/example_dags/example_sla_dag.py took 0.102 seconds
[2024-07-31T12:31:09.592+0000] {processor.py:161} INFO - Started process (PID=2613) to work on /home/airflow/.local/lib/python3.12/site-packages/airflow/example_dags/example_sla_dag.py
[2024-07-31T12:31:09.593+0000] {processor.py:830} INFO - Processing file /home/airflow/.local/lib/python3.12/site-packages/airflow/example_dags/example_sla_dag.py for tasks to queue
[2024-07-31T12:31:09.596+0000] {logging_mixin.py:188} INFO - [2024-07-31T12:31:09.595+0000] {dagbag.py:545} INFO - Filling up the DagBag from /home/airflow/.local/lib/python3.12/site-packages/airflow/example_dags/example_sla_dag.py
[2024-07-31T12:31:09.608+0000] {processor.py:840} INFO - DAG(s) 'example_sla_dag' retrieved from /home/airflow/.local/lib/python3.12/site-packages/airflow/example_dags/example_sla_dag.py
[2024-07-31T12:31:09.631+0000] {logging_mixin.py:188} INFO - [2024-07-31T12:31:09.630+0000] {dag.py:3089} INFO - Sync 1 DAGs
[2024-07-31T12:31:09.660+0000] {logging_mixin.py:188} INFO - [2024-07-31T12:31:09.660+0000] {dag.py:3947} INFO - Setting next_dagrun for example_sla_dag to 2024-07-31 12:28:00+00:00, run_after=2024-07-31 12:30:00+00:00
[2024-07-31T12:31:09.689+0000] {processor.py:183} INFO - Processing /home/airflow/.local/lib/python3.12/site-packages/airflow/example_dags/example_sla_dag.py took 0.106 seconds
[2024-07-31T12:31:40.303+0000] {processor.py:161} INFO - Started process (PID=2671) to work on /home/airflow/.local/lib/python3.12/site-packages/airflow/example_dags/example_sla_dag.py
[2024-07-31T12:31:40.304+0000] {processor.py:830} INFO - Processing file /home/airflow/.local/lib/python3.12/site-packages/airflow/example_dags/example_sla_dag.py for tasks to queue
[2024-07-31T12:31:40.306+0000] {logging_mixin.py:188} INFO - [2024-07-31T12:31:40.306+0000] {dagbag.py:545} INFO - Filling up the DagBag from /home/airflow/.local/lib/python3.12/site-packages/airflow/example_dags/example_sla_dag.py
[2024-07-31T12:31:40.315+0000] {processor.py:840} INFO - DAG(s) 'example_sla_dag' retrieved from /home/airflow/.local/lib/python3.12/site-packages/airflow/example_dags/example_sla_dag.py
[2024-07-31T12:31:40.335+0000] {logging_mixin.py:188} INFO - [2024-07-31T12:31:40.335+0000] {dag.py:3089} INFO - Sync 1 DAGs
[2024-07-31T12:31:40.365+0000] {logging_mixin.py:188} INFO - [2024-07-31T12:31:40.365+0000] {dag.py:3947} INFO - Setting next_dagrun for example_sla_dag to 2024-07-31 12:28:00+00:00, run_after=2024-07-31 12:30:00+00:00
[2024-07-31T12:31:40.392+0000] {processor.py:183} INFO - Processing /home/airflow/.local/lib/python3.12/site-packages/airflow/example_dags/example_sla_dag.py took 0.095 seconds
[2024-07-31T12:32:10.773+0000] {processor.py:161} INFO - Started process (PID=2729) to work on /home/airflow/.local/lib/python3.12/site-packages/airflow/example_dags/example_sla_dag.py
[2024-07-31T12:32:10.774+0000] {processor.py:830} INFO - Processing file /home/airflow/.local/lib/python3.12/site-packages/airflow/example_dags/example_sla_dag.py for tasks to queue
[2024-07-31T12:32:10.775+0000] {logging_mixin.py:188} INFO - [2024-07-31T12:32:10.775+0000] {dagbag.py:545} INFO - Filling up the DagBag from /home/airflow/.local/lib/python3.12/site-packages/airflow/example_dags/example_sla_dag.py
[2024-07-31T12:32:10.785+0000] {processor.py:840} INFO - DAG(s) 'example_sla_dag' retrieved from /home/airflow/.local/lib/python3.12/site-packages/airflow/example_dags/example_sla_dag.py
[2024-07-31T12:32:10.811+0000] {logging_mixin.py:188} INFO - [2024-07-31T12:32:10.811+0000] {dag.py:3089} INFO - Sync 1 DAGs
[2024-07-31T12:32:10.848+0000] {logging_mixin.py:188} INFO - [2024-07-31T12:32:10.847+0000] {dag.py:3947} INFO - Setting next_dagrun for example_sla_dag to 2024-07-31 12:30:00+00:00, run_after=2024-07-31 12:32:00+00:00
[2024-07-31T12:32:10.895+0000] {processor.py:183} INFO - Processing /home/airflow/.local/lib/python3.12/site-packages/airflow/example_dags/example_sla_dag.py took 0.129 seconds
[2024-07-31T12:32:41.079+0000] {processor.py:161} INFO - Started process (PID=2787) to work on /home/airflow/.local/lib/python3.12/site-packages/airflow/example_dags/example_sla_dag.py
[2024-07-31T12:32:41.080+0000] {processor.py:830} INFO - Processing file /home/airflow/.local/lib/python3.12/site-packages/airflow/example_dags/example_sla_dag.py for tasks to queue
[2024-07-31T12:32:41.082+0000] {logging_mixin.py:188} INFO - [2024-07-31T12:32:41.081+0000] {dagbag.py:545} INFO - Filling up the DagBag from /home/airflow/.local/lib/python3.12/site-packages/airflow/example_dags/example_sla_dag.py
[2024-07-31T12:32:41.092+0000] {processor.py:840} INFO - DAG(s) 'example_sla_dag' retrieved from /home/airflow/.local/lib/python3.12/site-packages/airflow/example_dags/example_sla_dag.py
[2024-07-31T12:32:41.117+0000] {logging_mixin.py:188} INFO - [2024-07-31T12:32:41.117+0000] {dag.py:3089} INFO - Sync 1 DAGs
[2024-07-31T12:32:41.153+0000] {logging_mixin.py:188} INFO - [2024-07-31T12:32:41.152+0000] {dag.py:3947} INFO - Setting next_dagrun for example_sla_dag to 2024-07-31 12:30:00+00:00, run_after=2024-07-31 12:32:00+00:00
[2024-07-31T12:32:41.178+0000] {processor.py:183} INFO - Processing /home/airflow/.local/lib/python3.12/site-packages/airflow/example_dags/example_sla_dag.py took 0.107 seconds
[2024-07-31T12:33:11.411+0000] {processor.py:161} INFO - Started process (PID=2845) to work on /home/airflow/.local/lib/python3.12/site-packages/airflow/example_dags/example_sla_dag.py
[2024-07-31T12:33:11.412+0000] {processor.py:830} INFO - Processing file /home/airflow/.local/lib/python3.12/site-packages/airflow/example_dags/example_sla_dag.py for tasks to queue
[2024-07-31T12:33:11.415+0000] {logging_mixin.py:188} INFO - [2024-07-31T12:33:11.414+0000] {dagbag.py:545} INFO - Filling up the DagBag from /home/airflow/.local/lib/python3.12/site-packages/airflow/example_dags/example_sla_dag.py
[2024-07-31T12:33:11.427+0000] {processor.py:840} INFO - DAG(s) 'example_sla_dag' retrieved from /home/airflow/.local/lib/python3.12/site-packages/airflow/example_dags/example_sla_dag.py
[2024-07-31T12:33:11.465+0000] {logging_mixin.py:188} INFO - [2024-07-31T12:33:11.464+0000] {dag.py:3089} INFO - Sync 1 DAGs
[2024-07-31T12:33:11.523+0000] {logging_mixin.py:188} INFO - [2024-07-31T12:33:11.523+0000] {dag.py:3947} INFO - Setting next_dagrun for example_sla_dag to 2024-07-31 12:30:00+00:00, run_after=2024-07-31 12:32:00+00:00
[2024-07-31T12:33:11.560+0000] {processor.py:183} INFO - Processing /home/airflow/.local/lib/python3.12/site-packages/airflow/example_dags/example_sla_dag.py took 0.160 seconds
[2024-07-31T12:33:42.277+0000] {processor.py:161} INFO - Started process (PID=2903) to work on /home/airflow/.local/lib/python3.12/site-packages/airflow/example_dags/example_sla_dag.py
[2024-07-31T12:33:42.277+0000] {processor.py:830} INFO - Processing file /home/airflow/.local/lib/python3.12/site-packages/airflow/example_dags/example_sla_dag.py for tasks to queue
[2024-07-31T12:33:42.280+0000] {logging_mixin.py:188} INFO - [2024-07-31T12:33:42.280+0000] {dagbag.py:545} INFO - Filling up the DagBag from /home/airflow/.local/lib/python3.12/site-packages/airflow/example_dags/example_sla_dag.py
[2024-07-31T12:33:42.291+0000] {processor.py:840} INFO - DAG(s) 'example_sla_dag' retrieved from /home/airflow/.local/lib/python3.12/site-packages/airflow/example_dags/example_sla_dag.py
[2024-07-31T12:33:42.326+0000] {logging_mixin.py:188} INFO - [2024-07-31T12:33:42.326+0000] {dag.py:3089} INFO - Sync 1 DAGs
[2024-07-31T12:33:42.375+0000] {logging_mixin.py:188} INFO - [2024-07-31T12:33:42.374+0000] {dag.py:3947} INFO - Setting next_dagrun for example_sla_dag to 2024-07-31 12:30:00+00:00, run_after=2024-07-31 12:32:00+00:00
[2024-07-31T12:33:42.409+0000] {processor.py:183} INFO - Processing /home/airflow/.local/lib/python3.12/site-packages/airflow/example_dags/example_sla_dag.py took 0.143 seconds
[2024-07-31T12:34:12.719+0000] {processor.py:161} INFO - Started process (PID=2961) to work on /home/airflow/.local/lib/python3.12/site-packages/airflow/example_dags/example_sla_dag.py
[2024-07-31T12:34:12.719+0000] {processor.py:830} INFO - Processing file /home/airflow/.local/lib/python3.12/site-packages/airflow/example_dags/example_sla_dag.py for tasks to queue
[2024-07-31T12:34:12.722+0000] {logging_mixin.py:188} INFO - [2024-07-31T12:34:12.721+0000] {dagbag.py:545} INFO - Filling up the DagBag from /home/airflow/.local/lib/python3.12/site-packages/airflow/example_dags/example_sla_dag.py
[2024-07-31T12:34:12.735+0000] {processor.py:840} INFO - DAG(s) 'example_sla_dag' retrieved from /home/airflow/.local/lib/python3.12/site-packages/airflow/example_dags/example_sla_dag.py
[2024-07-31T12:34:12.757+0000] {logging_mixin.py:188} INFO - [2024-07-31T12:34:12.757+0000] {dag.py:3089} INFO - Sync 1 DAGs
[2024-07-31T12:34:12.794+0000] {logging_mixin.py:188} INFO - [2024-07-31T12:34:12.794+0000] {dag.py:3947} INFO - Setting next_dagrun for example_sla_dag to 2024-07-31 12:32:00+00:00, run_after=2024-07-31 12:34:00+00:00
[2024-07-31T12:34:12.826+0000] {processor.py:183} INFO - Processing /home/airflow/.local/lib/python3.12/site-packages/airflow/example_dags/example_sla_dag.py took 0.114 seconds
[2024-07-31T12:34:43.147+0000] {processor.py:161} INFO - Started process (PID=3018) to work on /home/airflow/.local/lib/python3.12/site-packages/airflow/example_dags/example_sla_dag.py
[2024-07-31T12:34:43.147+0000] {processor.py:830} INFO - Processing file /home/airflow/.local/lib/python3.12/site-packages/airflow/example_dags/example_sla_dag.py for tasks to queue
[2024-07-31T12:34:43.149+0000] {logging_mixin.py:188} INFO - [2024-07-31T12:34:43.149+0000] {dagbag.py:545} INFO - Filling up the DagBag from /home/airflow/.local/lib/python3.12/site-packages/airflow/example_dags/example_sla_dag.py
[2024-07-31T12:34:43.159+0000] {processor.py:840} INFO - DAG(s) 'example_sla_dag' retrieved from /home/airflow/.local/lib/python3.12/site-packages/airflow/example_dags/example_sla_dag.py
[2024-07-31T12:34:43.185+0000] {logging_mixin.py:188} INFO - [2024-07-31T12:34:43.185+0000] {dag.py:3089} INFO - Sync 1 DAGs
[2024-07-31T12:34:43.216+0000] {logging_mixin.py:188} INFO - [2024-07-31T12:34:43.216+0000] {dag.py:3947} INFO - Setting next_dagrun for example_sla_dag to 2024-07-31 12:32:00+00:00, run_after=2024-07-31 12:34:00+00:00
[2024-07-31T12:34:43.240+0000] {processor.py:183} INFO - Processing /home/airflow/.local/lib/python3.12/site-packages/airflow/example_dags/example_sla_dag.py took 0.103 seconds
[2024-07-31T12:35:13.627+0000] {processor.py:161} INFO - Started process (PID=3075) to work on /home/airflow/.local/lib/python3.12/site-packages/airflow/example_dags/example_sla_dag.py
[2024-07-31T12:35:13.629+0000] {processor.py:830} INFO - Processing file /home/airflow/.local/lib/python3.12/site-packages/airflow/example_dags/example_sla_dag.py for tasks to queue
[2024-07-31T12:35:13.632+0000] {logging_mixin.py:188} INFO - [2024-07-31T12:35:13.632+0000] {dagbag.py:545} INFO - Filling up the DagBag from /home/airflow/.local/lib/python3.12/site-packages/airflow/example_dags/example_sla_dag.py
[2024-07-31T12:35:13.648+0000] {processor.py:840} INFO - DAG(s) 'example_sla_dag' retrieved from /home/airflow/.local/lib/python3.12/site-packages/airflow/example_dags/example_sla_dag.py
[2024-07-31T12:35:13.689+0000] {logging_mixin.py:188} INFO - [2024-07-31T12:35:13.688+0000] {dag.py:3089} INFO - Sync 1 DAGs
[2024-07-31T12:35:13.730+0000] {logging_mixin.py:188} INFO - [2024-07-31T12:35:13.730+0000] {dag.py:3947} INFO - Setting next_dagrun for example_sla_dag to 2024-07-31 12:32:00+00:00, run_after=2024-07-31 12:34:00+00:00
[2024-07-31T12:35:13.759+0000] {processor.py:183} INFO - Processing /home/airflow/.local/lib/python3.12/site-packages/airflow/example_dags/example_sla_dag.py took 0.144 seconds
[2024-07-31T12:35:43.974+0000] {processor.py:161} INFO - Started process (PID=3132) to work on /home/airflow/.local/lib/python3.12/site-packages/airflow/example_dags/example_sla_dag.py
[2024-07-31T12:35:43.976+0000] {processor.py:830} INFO - Processing file /home/airflow/.local/lib/python3.12/site-packages/airflow/example_dags/example_sla_dag.py for tasks to queue
[2024-07-31T12:35:43.978+0000] {logging_mixin.py:188} INFO - [2024-07-31T12:35:43.978+0000] {dagbag.py:545} INFO - Filling up the DagBag from /home/airflow/.local/lib/python3.12/site-packages/airflow/example_dags/example_sla_dag.py
[2024-07-31T12:35:43.987+0000] {processor.py:840} INFO - DAG(s) 'example_sla_dag' retrieved from /home/airflow/.local/lib/python3.12/site-packages/airflow/example_dags/example_sla_dag.py
[2024-07-31T12:35:44.011+0000] {logging_mixin.py:188} INFO - [2024-07-31T12:35:44.011+0000] {dag.py:3089} INFO - Sync 1 DAGs
[2024-07-31T12:35:44.049+0000] {logging_mixin.py:188} INFO - [2024-07-31T12:35:44.048+0000] {dag.py:3947} INFO - Setting next_dagrun for example_sla_dag to 2024-07-31 12:32:00+00:00, run_after=2024-07-31 12:34:00+00:00
[2024-07-31T12:35:44.076+0000] {processor.py:183} INFO - Processing /home/airflow/.local/lib/python3.12/site-packages/airflow/example_dags/example_sla_dag.py took 0.108 seconds
[2024-07-31T12:36:14.357+0000] {processor.py:161} INFO - Started process (PID=3189) to work on /home/airflow/.local/lib/python3.12/site-packages/airflow/example_dags/example_sla_dag.py
[2024-07-31T12:36:14.358+0000] {processor.py:830} INFO - Processing file /home/airflow/.local/lib/python3.12/site-packages/airflow/example_dags/example_sla_dag.py for tasks to queue
[2024-07-31T12:36:14.360+0000] {logging_mixin.py:188} INFO - [2024-07-31T12:36:14.359+0000] {dagbag.py:545} INFO - Filling up the DagBag from /home/airflow/.local/lib/python3.12/site-packages/airflow/example_dags/example_sla_dag.py
[2024-07-31T12:36:14.370+0000] {processor.py:840} INFO - DAG(s) 'example_sla_dag' retrieved from /home/airflow/.local/lib/python3.12/site-packages/airflow/example_dags/example_sla_dag.py
[2024-07-31T12:36:14.393+0000] {logging_mixin.py:188} INFO - [2024-07-31T12:36:14.393+0000] {dag.py:3089} INFO - Sync 1 DAGs
[2024-07-31T12:36:14.425+0000] {logging_mixin.py:188} INFO - [2024-07-31T12:36:14.425+0000] {dag.py:3947} INFO - Setting next_dagrun for example_sla_dag to 2024-07-31 12:34:00+00:00, run_after=2024-07-31 12:36:00+00:00
[2024-07-31T12:36:14.468+0000] {processor.py:183} INFO - Processing /home/airflow/.local/lib/python3.12/site-packages/airflow/example_dags/example_sla_dag.py took 0.121 seconds
[2024-07-31T12:36:44.579+0000] {processor.py:161} INFO - Started process (PID=3246) to work on /home/airflow/.local/lib/python3.12/site-packages/airflow/example_dags/example_sla_dag.py
[2024-07-31T12:36:44.580+0000] {processor.py:830} INFO - Processing file /home/airflow/.local/lib/python3.12/site-packages/airflow/example_dags/example_sla_dag.py for tasks to queue
[2024-07-31T12:36:44.583+0000] {logging_mixin.py:188} INFO - [2024-07-31T12:36:44.583+0000] {dagbag.py:545} INFO - Filling up the DagBag from /home/airflow/.local/lib/python3.12/site-packages/airflow/example_dags/example_sla_dag.py
[2024-07-31T12:36:44.597+0000] {processor.py:840} INFO - DAG(s) 'example_sla_dag' retrieved from /home/airflow/.local/lib/python3.12/site-packages/airflow/example_dags/example_sla_dag.py
[2024-07-31T12:36:44.632+0000] {logging_mixin.py:188} INFO - [2024-07-31T12:36:44.632+0000] {dag.py:3089} INFO - Sync 1 DAGs
[2024-07-31T12:36:44.670+0000] {logging_mixin.py:188} INFO - [2024-07-31T12:36:44.670+0000] {dag.py:3947} INFO - Setting next_dagrun for example_sla_dag to 2024-07-31 12:34:00+00:00, run_after=2024-07-31 12:36:00+00:00
[2024-07-31T12:36:44.703+0000] {processor.py:183} INFO - Processing /home/airflow/.local/lib/python3.12/site-packages/airflow/example_dags/example_sla_dag.py took 0.133 seconds
[2024-07-31T12:37:14.733+0000] {processor.py:161} INFO - Started process (PID=3304) to work on /home/airflow/.local/lib/python3.12/site-packages/airflow/example_dags/example_sla_dag.py
[2024-07-31T12:37:14.734+0000] {processor.py:830} INFO - Processing file /home/airflow/.local/lib/python3.12/site-packages/airflow/example_dags/example_sla_dag.py for tasks to queue
[2024-07-31T12:37:14.736+0000] {logging_mixin.py:188} INFO - [2024-07-31T12:37:14.735+0000] {dagbag.py:545} INFO - Filling up the DagBag from /home/airflow/.local/lib/python3.12/site-packages/airflow/example_dags/example_sla_dag.py
[2024-07-31T12:37:14.751+0000] {processor.py:840} INFO - DAG(s) 'example_sla_dag' retrieved from /home/airflow/.local/lib/python3.12/site-packages/airflow/example_dags/example_sla_dag.py
[2024-07-31T12:37:14.788+0000] {logging_mixin.py:188} INFO - [2024-07-31T12:37:14.788+0000] {dag.py:3089} INFO - Sync 1 DAGs
[2024-07-31T12:37:14.828+0000] {logging_mixin.py:188} INFO - [2024-07-31T12:37:14.828+0000] {dag.py:3947} INFO - Setting next_dagrun for example_sla_dag to 2024-07-31 12:34:00+00:00, run_after=2024-07-31 12:36:00+00:00
[2024-07-31T12:37:14.854+0000] {processor.py:183} INFO - Processing /home/airflow/.local/lib/python3.12/site-packages/airflow/example_dags/example_sla_dag.py took 0.126 seconds
[2024-07-31T12:37:45.048+0000] {processor.py:161} INFO - Started process (PID=3361) to work on /home/airflow/.local/lib/python3.12/site-packages/airflow/example_dags/example_sla_dag.py
[2024-07-31T12:37:45.049+0000] {processor.py:830} INFO - Processing file /home/airflow/.local/lib/python3.12/site-packages/airflow/example_dags/example_sla_dag.py for tasks to queue
[2024-07-31T12:37:45.051+0000] {logging_mixin.py:188} INFO - [2024-07-31T12:37:45.050+0000] {dagbag.py:545} INFO - Filling up the DagBag from /home/airflow/.local/lib/python3.12/site-packages/airflow/example_dags/example_sla_dag.py
[2024-07-31T12:37:45.059+0000] {processor.py:840} INFO - DAG(s) 'example_sla_dag' retrieved from /home/airflow/.local/lib/python3.12/site-packages/airflow/example_dags/example_sla_dag.py
[2024-07-31T12:37:45.089+0000] {logging_mixin.py:188} INFO - [2024-07-31T12:37:45.088+0000] {dag.py:3089} INFO - Sync 1 DAGs
[2024-07-31T12:37:45.123+0000] {logging_mixin.py:188} INFO - [2024-07-31T12:37:45.123+0000] {dag.py:3947} INFO - Setting next_dagrun for example_sla_dag to 2024-07-31 12:34:00+00:00, run_after=2024-07-31 12:36:00+00:00
[2024-07-31T12:37:45.157+0000] {processor.py:183} INFO - Processing /home/airflow/.local/lib/python3.12/site-packages/airflow/example_dags/example_sla_dag.py took 0.118 seconds
[2024-07-31T12:38:15.565+0000] {processor.py:161} INFO - Started process (PID=3419) to work on /home/airflow/.local/lib/python3.12/site-packages/airflow/example_dags/example_sla_dag.py
[2024-07-31T12:38:15.566+0000] {processor.py:830} INFO - Processing file /home/airflow/.local/lib/python3.12/site-packages/airflow/example_dags/example_sla_dag.py for tasks to queue
[2024-07-31T12:38:15.568+0000] {logging_mixin.py:188} INFO - [2024-07-31T12:38:15.568+0000] {dagbag.py:545} INFO - Filling up the DagBag from /home/airflow/.local/lib/python3.12/site-packages/airflow/example_dags/example_sla_dag.py
[2024-07-31T12:38:15.581+0000] {processor.py:840} INFO - DAG(s) 'example_sla_dag' retrieved from /home/airflow/.local/lib/python3.12/site-packages/airflow/example_dags/example_sla_dag.py
[2024-07-31T12:38:15.609+0000] {logging_mixin.py:188} INFO - [2024-07-31T12:38:15.609+0000] {dag.py:3089} INFO - Sync 1 DAGs
[2024-07-31T12:38:15.646+0000] {logging_mixin.py:188} INFO - [2024-07-31T12:38:15.645+0000] {dag.py:3947} INFO - Setting next_dagrun for example_sla_dag to 2024-07-31 12:36:00+00:00, run_after=2024-07-31 12:38:00+00:00
[2024-07-31T12:38:15.687+0000] {processor.py:183} INFO - Processing /home/airflow/.local/lib/python3.12/site-packages/airflow/example_dags/example_sla_dag.py took 0.129 seconds
[2024-07-31T16:44:22.864+0000] {processor.py:161} INFO - Started process (PID=71) to work on /home/airflow/.local/lib/python3.12/site-packages/airflow/example_dags/example_sla_dag.py
[2024-07-31T16:44:22.866+0000] {processor.py:830} INFO - Processing file /home/airflow/.local/lib/python3.12/site-packages/airflow/example_dags/example_sla_dag.py for tasks to queue
[2024-07-31T16:44:22.869+0000] {logging_mixin.py:188} INFO - [2024-07-31T16:44:22.868+0000] {dagbag.py:545} INFO - Filling up the DagBag from /home/airflow/.local/lib/python3.12/site-packages/airflow/example_dags/example_sla_dag.py
[2024-07-31T16:44:23.088+0000] {processor.py:840} INFO - DAG(s) 'example_sla_dag' retrieved from /home/airflow/.local/lib/python3.12/site-packages/airflow/example_dags/example_sla_dag.py
[2024-07-31T16:44:24.603+0000] {logging_mixin.py:188} INFO - [2024-07-31T16:44:24.603+0000] {dag.py:3089} INFO - Sync 1 DAGs
[2024-07-31T16:44:24.645+0000] {logging_mixin.py:188} INFO - [2024-07-31T16:44:24.644+0000] {dag.py:3947} INFO - Setting next_dagrun for example_sla_dag to 2024-07-31 16:42:00+00:00, run_after=2024-07-31 16:44:00+00:00
[2024-07-31T16:44:24.679+0000] {processor.py:183} INFO - Processing /home/airflow/.local/lib/python3.12/site-packages/airflow/example_dags/example_sla_dag.py took 1.847 seconds
[2024-07-31T16:44:55.122+0000] {processor.py:161} INFO - Started process (PID=134) to work on /home/airflow/.local/lib/python3.12/site-packages/airflow/example_dags/example_sla_dag.py
[2024-07-31T16:44:55.123+0000] {processor.py:830} INFO - Processing file /home/airflow/.local/lib/python3.12/site-packages/airflow/example_dags/example_sla_dag.py for tasks to queue
[2024-07-31T16:44:55.124+0000] {logging_mixin.py:188} INFO - [2024-07-31T16:44:55.124+0000] {dagbag.py:545} INFO - Filling up the DagBag from /home/airflow/.local/lib/python3.12/site-packages/airflow/example_dags/example_sla_dag.py
[2024-07-31T16:44:55.139+0000] {processor.py:840} INFO - DAG(s) 'example_sla_dag' retrieved from /home/airflow/.local/lib/python3.12/site-packages/airflow/example_dags/example_sla_dag.py
[2024-07-31T16:44:55.180+0000] {logging_mixin.py:188} INFO - [2024-07-31T16:44:55.179+0000] {dag.py:3089} INFO - Sync 1 DAGs
[2024-07-31T16:44:55.226+0000] {logging_mixin.py:188} INFO - [2024-07-31T16:44:55.225+0000] {dag.py:3947} INFO - Setting next_dagrun for example_sla_dag to 2024-07-31 16:42:00+00:00, run_after=2024-07-31 16:44:00+00:00
[2024-07-31T16:44:55.292+0000] {processor.py:183} INFO - Processing /home/airflow/.local/lib/python3.12/site-packages/airflow/example_dags/example_sla_dag.py took 0.178 seconds
[2024-07-31T16:45:25.385+0000] {processor.py:161} INFO - Started process (PID=192) to work on /home/airflow/.local/lib/python3.12/site-packages/airflow/example_dags/example_sla_dag.py
[2024-07-31T16:45:25.388+0000] {processor.py:830} INFO - Processing file /home/airflow/.local/lib/python3.12/site-packages/airflow/example_dags/example_sla_dag.py for tasks to queue
[2024-07-31T16:45:25.389+0000] {logging_mixin.py:188} INFO - [2024-07-31T16:45:25.389+0000] {dagbag.py:545} INFO - Filling up the DagBag from /home/airflow/.local/lib/python3.12/site-packages/airflow/example_dags/example_sla_dag.py
[2024-07-31T16:45:25.404+0000] {processor.py:840} INFO - DAG(s) 'example_sla_dag' retrieved from /home/airflow/.local/lib/python3.12/site-packages/airflow/example_dags/example_sla_dag.py
[2024-07-31T16:45:25.440+0000] {logging_mixin.py:188} INFO - [2024-07-31T16:45:25.439+0000] {dag.py:3089} INFO - Sync 1 DAGs
[2024-07-31T16:45:25.537+0000] {logging_mixin.py:188} INFO - [2024-07-31T16:45:25.537+0000] {dag.py:3947} INFO - Setting next_dagrun for example_sla_dag to 2024-07-31 16:42:00+00:00, run_after=2024-07-31 16:44:00+00:00
[2024-07-31T16:45:25.592+0000] {processor.py:183} INFO - Processing /home/airflow/.local/lib/python3.12/site-packages/airflow/example_dags/example_sla_dag.py took 0.214 seconds
[2024-07-31T16:45:55.784+0000] {processor.py:161} INFO - Started process (PID=250) to work on /home/airflow/.local/lib/python3.12/site-packages/airflow/example_dags/example_sla_dag.py
[2024-07-31T16:45:55.786+0000] {processor.py:830} INFO - Processing file /home/airflow/.local/lib/python3.12/site-packages/airflow/example_dags/example_sla_dag.py for tasks to queue
[2024-07-31T16:45:55.787+0000] {logging_mixin.py:188} INFO - [2024-07-31T16:45:55.787+0000] {dagbag.py:545} INFO - Filling up the DagBag from /home/airflow/.local/lib/python3.12/site-packages/airflow/example_dags/example_sla_dag.py
[2024-07-31T16:45:55.798+0000] {processor.py:840} INFO - DAG(s) 'example_sla_dag' retrieved from /home/airflow/.local/lib/python3.12/site-packages/airflow/example_dags/example_sla_dag.py
[2024-07-31T16:45:55.828+0000] {logging_mixin.py:188} INFO - [2024-07-31T16:45:55.828+0000] {dag.py:3089} INFO - Sync 1 DAGs
[2024-07-31T16:45:55.890+0000] {logging_mixin.py:188} INFO - [2024-07-31T16:45:55.890+0000] {dag.py:3947} INFO - Setting next_dagrun for example_sla_dag to 2024-07-31 16:42:00+00:00, run_after=2024-07-31 16:44:00+00:00
[2024-07-31T16:45:55.936+0000] {processor.py:183} INFO - Processing /home/airflow/.local/lib/python3.12/site-packages/airflow/example_dags/example_sla_dag.py took 0.161 seconds
[2024-07-31T21:22:50.273+0000] {processor.py:161} INFO - Started process (PID=70) to work on /home/airflow/.local/lib/python3.12/site-packages/airflow/example_dags/example_sla_dag.py
[2024-07-31T21:22:50.274+0000] {processor.py:830} INFO - Processing file /home/airflow/.local/lib/python3.12/site-packages/airflow/example_dags/example_sla_dag.py for tasks to queue
[2024-07-31T21:22:50.276+0000] {logging_mixin.py:188} INFO - [2024-07-31T21:22:50.276+0000] {dagbag.py:545} INFO - Filling up the DagBag from /home/airflow/.local/lib/python3.12/site-packages/airflow/example_dags/example_sla_dag.py
[2024-07-31T21:22:50.297+0000] {processor.py:840} INFO - DAG(s) 'example_sla_dag' retrieved from /home/airflow/.local/lib/python3.12/site-packages/airflow/example_dags/example_sla_dag.py
[2024-07-31T21:22:50.658+0000] {logging_mixin.py:188} INFO - [2024-07-31T21:22:50.658+0000] {dag.py:3089} INFO - Sync 1 DAGs
[2024-07-31T21:22:50.690+0000] {logging_mixin.py:188} INFO - [2024-07-31T21:22:50.690+0000] {dag.py:3947} INFO - Setting next_dagrun for example_sla_dag to 2024-07-31 21:20:00+00:00, run_after=2024-07-31 21:22:00+00:00
[2024-07-31T21:22:50.730+0000] {processor.py:183} INFO - Processing /home/airflow/.local/lib/python3.12/site-packages/airflow/example_dags/example_sla_dag.py took 0.464 seconds
[2024-07-31T21:23:21.185+0000] {processor.py:161} INFO - Started process (PID=128) to work on /home/airflow/.local/lib/python3.12/site-packages/airflow/example_dags/example_sla_dag.py
[2024-07-31T21:23:21.188+0000] {processor.py:830} INFO - Processing file /home/airflow/.local/lib/python3.12/site-packages/airflow/example_dags/example_sla_dag.py for tasks to queue
[2024-07-31T21:23:21.193+0000] {logging_mixin.py:188} INFO - [2024-07-31T21:23:21.192+0000] {dagbag.py:545} INFO - Filling up the DagBag from /home/airflow/.local/lib/python3.12/site-packages/airflow/example_dags/example_sla_dag.py
[2024-07-31T21:23:21.214+0000] {processor.py:840} INFO - DAG(s) 'example_sla_dag' retrieved from /home/airflow/.local/lib/python3.12/site-packages/airflow/example_dags/example_sla_dag.py
[2024-07-31T21:23:21.269+0000] {logging_mixin.py:188} INFO - [2024-07-31T21:23:21.268+0000] {dag.py:3089} INFO - Sync 1 DAGs
[2024-07-31T21:23:21.322+0000] {logging_mixin.py:188} INFO - [2024-07-31T21:23:21.321+0000] {dag.py:3947} INFO - Setting next_dagrun for example_sla_dag to 2024-07-31 21:20:00+00:00, run_after=2024-07-31 21:22:00+00:00
[2024-07-31T21:23:21.370+0000] {processor.py:183} INFO - Processing /home/airflow/.local/lib/python3.12/site-packages/airflow/example_dags/example_sla_dag.py took 0.196 seconds
[2024-07-31T21:23:51.506+0000] {processor.py:161} INFO - Started process (PID=186) to work on /home/airflow/.local/lib/python3.12/site-packages/airflow/example_dags/example_sla_dag.py
[2024-07-31T21:23:51.507+0000] {processor.py:830} INFO - Processing file /home/airflow/.local/lib/python3.12/site-packages/airflow/example_dags/example_sla_dag.py for tasks to queue
[2024-07-31T21:23:51.512+0000] {logging_mixin.py:188} INFO - [2024-07-31T21:23:51.511+0000] {dagbag.py:545} INFO - Filling up the DagBag from /home/airflow/.local/lib/python3.12/site-packages/airflow/example_dags/example_sla_dag.py
[2024-07-31T21:23:51.531+0000] {processor.py:840} INFO - DAG(s) 'example_sla_dag' retrieved from /home/airflow/.local/lib/python3.12/site-packages/airflow/example_dags/example_sla_dag.py
[2024-07-31T21:23:51.581+0000] {logging_mixin.py:188} INFO - [2024-07-31T21:23:51.580+0000] {dag.py:3089} INFO - Sync 1 DAGs
[2024-07-31T21:23:51.616+0000] {logging_mixin.py:188} INFO - [2024-07-31T21:23:51.616+0000] {dag.py:3947} INFO - Setting next_dagrun for example_sla_dag to 2024-07-31 21:20:00+00:00, run_after=2024-07-31 21:22:00+00:00
[2024-07-31T21:23:51.650+0000] {processor.py:183} INFO - Processing /home/airflow/.local/lib/python3.12/site-packages/airflow/example_dags/example_sla_dag.py took 0.151 seconds
[2024-07-31T21:24:22.190+0000] {processor.py:161} INFO - Started process (PID=245) to work on /home/airflow/.local/lib/python3.12/site-packages/airflow/example_dags/example_sla_dag.py
[2024-07-31T21:24:22.194+0000] {processor.py:830} INFO - Processing file /home/airflow/.local/lib/python3.12/site-packages/airflow/example_dags/example_sla_dag.py for tasks to queue
[2024-07-31T21:24:22.215+0000] {logging_mixin.py:188} INFO - [2024-07-31T21:24:22.204+0000] {dagbag.py:545} INFO - Filling up the DagBag from /home/airflow/.local/lib/python3.12/site-packages/airflow/example_dags/example_sla_dag.py
[2024-07-31T21:24:22.346+0000] {processor.py:840} INFO - DAG(s) 'example_sla_dag' retrieved from /home/airflow/.local/lib/python3.12/site-packages/airflow/example_dags/example_sla_dag.py
[2024-07-31T21:24:23.223+0000] {logging_mixin.py:188} INFO - [2024-07-31T21:24:23.191+0000] {dag.py:3089} INFO - Sync 1 DAGs
[2024-07-31T21:24:23.719+0000] {logging_mixin.py:188} INFO - [2024-07-31T21:24:23.694+0000] {dag.py:3947} INFO - Setting next_dagrun for example_sla_dag to 2024-07-31 21:22:00+00:00, run_after=2024-07-31 21:24:00+00:00
[2024-07-31T21:24:25.121+0000] {processor.py:183} INFO - Processing /home/airflow/.local/lib/python3.12/site-packages/airflow/example_dags/example_sla_dag.py took 3.000 seconds
[2024-07-31T21:24:55.447+0000] {processor.py:161} INFO - Started process (PID=303) to work on /home/airflow/.local/lib/python3.12/site-packages/airflow/example_dags/example_sla_dag.py
[2024-07-31T21:24:55.449+0000] {processor.py:830} INFO - Processing file /home/airflow/.local/lib/python3.12/site-packages/airflow/example_dags/example_sla_dag.py for tasks to queue
[2024-07-31T21:24:55.452+0000] {logging_mixin.py:188} INFO - [2024-07-31T21:24:55.451+0000] {dagbag.py:545} INFO - Filling up the DagBag from /home/airflow/.local/lib/python3.12/site-packages/airflow/example_dags/example_sla_dag.py
[2024-07-31T21:24:55.482+0000] {processor.py:840} INFO - DAG(s) 'example_sla_dag' retrieved from /home/airflow/.local/lib/python3.12/site-packages/airflow/example_dags/example_sla_dag.py
[2024-07-31T21:24:55.531+0000] {logging_mixin.py:188} INFO - [2024-07-31T21:24:55.531+0000] {dag.py:3089} INFO - Sync 1 DAGs
[2024-07-31T21:24:55.566+0000] {logging_mixin.py:188} INFO - [2024-07-31T21:24:55.566+0000] {dag.py:3947} INFO - Setting next_dagrun for example_sla_dag to 2024-07-31 21:22:00+00:00, run_after=2024-07-31 21:24:00+00:00
[2024-07-31T21:24:55.612+0000] {processor.py:183} INFO - Processing /home/airflow/.local/lib/python3.12/site-packages/airflow/example_dags/example_sla_dag.py took 0.181 seconds
[2024-07-31T21:25:47.993+0000] {processor.py:161} INFO - Started process (PID=361) to work on /home/airflow/.local/lib/python3.12/site-packages/airflow/example_dags/example_sla_dag.py
[2024-07-31T21:25:48.012+0000] {processor.py:830} INFO - Processing file /home/airflow/.local/lib/python3.12/site-packages/airflow/example_dags/example_sla_dag.py for tasks to queue
[2024-07-31T21:25:48.030+0000] {logging_mixin.py:188} INFO - [2024-07-31T21:25:48.016+0000] {dagbag.py:545} INFO - Filling up the DagBag from /home/airflow/.local/lib/python3.12/site-packages/airflow/example_dags/example_sla_dag.py
[2024-07-31T21:25:48.127+0000] {processor.py:840} INFO - DAG(s) 'example_sla_dag' retrieved from /home/airflow/.local/lib/python3.12/site-packages/airflow/example_dags/example_sla_dag.py
[2024-07-31T21:25:48.562+0000] {logging_mixin.py:188} INFO - [2024-07-31T21:25:48.562+0000] {dag.py:3089} INFO - Sync 1 DAGs
[2024-07-31T21:25:48.653+0000] {logging_mixin.py:188} INFO - [2024-07-31T21:25:48.651+0000] {dag.py:3947} INFO - Setting next_dagrun for example_sla_dag to 2024-07-31 21:22:00+00:00, run_after=2024-07-31 21:24:00+00:00
[2024-07-31T21:25:48.919+0000] {processor.py:183} INFO - Processing /home/airflow/.local/lib/python3.12/site-packages/airflow/example_dags/example_sla_dag.py took 0.978 seconds
[2024-07-31T21:26:19.710+0000] {processor.py:161} INFO - Started process (PID=419) to work on /home/airflow/.local/lib/python3.12/site-packages/airflow/example_dags/example_sla_dag.py
[2024-07-31T21:26:19.711+0000] {processor.py:830} INFO - Processing file /home/airflow/.local/lib/python3.12/site-packages/airflow/example_dags/example_sla_dag.py for tasks to queue
[2024-07-31T21:26:19.713+0000] {logging_mixin.py:188} INFO - [2024-07-31T21:26:19.713+0000] {dagbag.py:545} INFO - Filling up the DagBag from /home/airflow/.local/lib/python3.12/site-packages/airflow/example_dags/example_sla_dag.py
[2024-07-31T21:26:19.723+0000] {processor.py:840} INFO - DAG(s) 'example_sla_dag' retrieved from /home/airflow/.local/lib/python3.12/site-packages/airflow/example_dags/example_sla_dag.py
[2024-07-31T21:26:19.745+0000] {logging_mixin.py:188} INFO - [2024-07-31T21:26:19.744+0000] {dag.py:3089} INFO - Sync 1 DAGs
[2024-07-31T21:26:19.778+0000] {logging_mixin.py:188} INFO - [2024-07-31T21:26:19.778+0000] {dag.py:3947} INFO - Setting next_dagrun for example_sla_dag to 2024-07-31 21:24:00+00:00, run_after=2024-07-31 21:26:00+00:00
[2024-07-31T21:26:19.804+0000] {processor.py:183} INFO - Processing /home/airflow/.local/lib/python3.12/site-packages/airflow/example_dags/example_sla_dag.py took 0.099 seconds
[2024-07-31T21:26:49.901+0000] {processor.py:161} INFO - Started process (PID=477) to work on /home/airflow/.local/lib/python3.12/site-packages/airflow/example_dags/example_sla_dag.py
[2024-07-31T21:26:49.906+0000] {processor.py:830} INFO - Processing file /home/airflow/.local/lib/python3.12/site-packages/airflow/example_dags/example_sla_dag.py for tasks to queue
[2024-07-31T21:26:49.910+0000] {logging_mixin.py:188} INFO - [2024-07-31T21:26:49.910+0000] {dagbag.py:545} INFO - Filling up the DagBag from /home/airflow/.local/lib/python3.12/site-packages/airflow/example_dags/example_sla_dag.py
[2024-07-31T21:26:49.920+0000] {processor.py:840} INFO - DAG(s) 'example_sla_dag' retrieved from /home/airflow/.local/lib/python3.12/site-packages/airflow/example_dags/example_sla_dag.py
[2024-07-31T21:26:49.949+0000] {logging_mixin.py:188} INFO - [2024-07-31T21:26:49.949+0000] {dag.py:3089} INFO - Sync 1 DAGs
[2024-07-31T21:26:49.997+0000] {logging_mixin.py:188} INFO - [2024-07-31T21:26:49.997+0000] {dag.py:3947} INFO - Setting next_dagrun for example_sla_dag to 2024-07-31 21:24:00+00:00, run_after=2024-07-31 21:26:00+00:00
[2024-07-31T21:26:50.032+0000] {processor.py:183} INFO - Processing /home/airflow/.local/lib/python3.12/site-packages/airflow/example_dags/example_sla_dag.py took 0.151 seconds
[2024-07-31T21:27:20.185+0000] {processor.py:161} INFO - Started process (PID=535) to work on /home/airflow/.local/lib/python3.12/site-packages/airflow/example_dags/example_sla_dag.py
[2024-07-31T21:27:20.186+0000] {processor.py:830} INFO - Processing file /home/airflow/.local/lib/python3.12/site-packages/airflow/example_dags/example_sla_dag.py for tasks to queue
[2024-07-31T21:27:20.190+0000] {logging_mixin.py:188} INFO - [2024-07-31T21:27:20.189+0000] {dagbag.py:545} INFO - Filling up the DagBag from /home/airflow/.local/lib/python3.12/site-packages/airflow/example_dags/example_sla_dag.py
[2024-07-31T21:27:20.205+0000] {processor.py:840} INFO - DAG(s) 'example_sla_dag' retrieved from /home/airflow/.local/lib/python3.12/site-packages/airflow/example_dags/example_sla_dag.py
[2024-07-31T21:27:20.248+0000] {logging_mixin.py:188} INFO - [2024-07-31T21:27:20.248+0000] {dag.py:3089} INFO - Sync 1 DAGs
[2024-07-31T21:27:20.284+0000] {logging_mixin.py:188} INFO - [2024-07-31T21:27:20.284+0000] {dag.py:3947} INFO - Setting next_dagrun for example_sla_dag to 2024-07-31 21:24:00+00:00, run_after=2024-07-31 21:26:00+00:00
[2024-07-31T21:27:20.385+0000] {processor.py:183} INFO - Processing /home/airflow/.local/lib/python3.12/site-packages/airflow/example_dags/example_sla_dag.py took 0.209 seconds
[2024-07-31T21:27:50.510+0000] {processor.py:161} INFO - Started process (PID=593) to work on /home/airflow/.local/lib/python3.12/site-packages/airflow/example_dags/example_sla_dag.py
[2024-07-31T21:27:50.511+0000] {processor.py:830} INFO - Processing file /home/airflow/.local/lib/python3.12/site-packages/airflow/example_dags/example_sla_dag.py for tasks to queue
[2024-07-31T21:27:50.513+0000] {logging_mixin.py:188} INFO - [2024-07-31T21:27:50.512+0000] {dagbag.py:545} INFO - Filling up the DagBag from /home/airflow/.local/lib/python3.12/site-packages/airflow/example_dags/example_sla_dag.py
[2024-07-31T21:27:50.521+0000] {processor.py:840} INFO - DAG(s) 'example_sla_dag' retrieved from /home/airflow/.local/lib/python3.12/site-packages/airflow/example_dags/example_sla_dag.py
[2024-07-31T21:27:50.556+0000] {logging_mixin.py:188} INFO - [2024-07-31T21:27:50.556+0000] {dag.py:3089} INFO - Sync 1 DAGs
[2024-07-31T21:27:50.584+0000] {logging_mixin.py:188} INFO - [2024-07-31T21:27:50.584+0000] {dag.py:3947} INFO - Setting next_dagrun for example_sla_dag to 2024-07-31 21:24:00+00:00, run_after=2024-07-31 21:26:00+00:00
[2024-07-31T21:27:50.604+0000] {processor.py:183} INFO - Processing /home/airflow/.local/lib/python3.12/site-packages/airflow/example_dags/example_sla_dag.py took 0.099 seconds
[2024-07-31T21:28:59.734+0000] {processor.py:161} INFO - Started process (PID=652) to work on /home/airflow/.local/lib/python3.12/site-packages/airflow/example_dags/example_sla_dag.py
[2024-07-31T21:28:59.735+0000] {processor.py:830} INFO - Processing file /home/airflow/.local/lib/python3.12/site-packages/airflow/example_dags/example_sla_dag.py for tasks to queue
[2024-07-31T21:28:59.737+0000] {logging_mixin.py:188} INFO - [2024-07-31T21:28:59.737+0000] {dagbag.py:545} INFO - Filling up the DagBag from /home/airflow/.local/lib/python3.12/site-packages/airflow/example_dags/example_sla_dag.py
[2024-07-31T21:28:59.767+0000] {processor.py:840} INFO - DAG(s) 'example_sla_dag' retrieved from /home/airflow/.local/lib/python3.12/site-packages/airflow/example_dags/example_sla_dag.py
[2024-07-31T21:28:59.855+0000] {logging_mixin.py:188} INFO - [2024-07-31T21:28:59.854+0000] {dag.py:3089} INFO - Sync 1 DAGs
[2024-07-31T21:29:00.026+0000] {logging_mixin.py:188} INFO - [2024-07-31T21:29:00.025+0000] {dag.py:3947} INFO - Setting next_dagrun for example_sla_dag to 2024-07-31 21:26:00+00:00, run_after=2024-07-31 21:28:00+00:00
[2024-07-31T21:29:00.100+0000] {processor.py:183} INFO - Processing /home/airflow/.local/lib/python3.12/site-packages/airflow/example_dags/example_sla_dag.py took 0.401 seconds
