[2024-07-31T12:08:53.817+0000] {processor.py:161} INFO - Started process (PID=98) to work on /home/airflow/.local/lib/python3.12/site-packages/airflow/example_dags/example_bash_decorator.py
[2024-07-31T12:08:53.818+0000] {processor.py:830} INFO - Processing file /home/airflow/.local/lib/python3.12/site-packages/airflow/example_dags/example_bash_decorator.py for tasks to queue
[2024-07-31T12:08:53.820+0000] {logging_mixin.py:188} INFO - [2024-07-31T12:08:53.819+0000] {dagbag.py:545} INFO - Filling up the DagBag from /home/airflow/.local/lib/python3.12/site-packages/airflow/example_dags/example_bash_decorator.py
[2024-07-31T12:08:53.855+0000] {processor.py:840} INFO - DAG(s) 'example_bash_decorator' retrieved from /home/airflow/.local/lib/python3.12/site-packages/airflow/example_dags/example_bash_decorator.py
[2024-07-31T12:08:54.041+0000] {logging_mixin.py:188} INFO - [2024-07-31T12:08:54.040+0000] {override.py:1858} INFO - Created Permission View: can delete on DAG:example_bash_decorator
[2024-07-31T12:08:54.056+0000] {logging_mixin.py:188} INFO - [2024-07-31T12:08:54.055+0000] {override.py:1858} INFO - Created Permission View: can read on DAG:example_bash_decorator
[2024-07-31T12:08:54.067+0000] {logging_mixin.py:188} INFO - [2024-07-31T12:08:54.066+0000] {override.py:1858} INFO - Created Permission View: can edit on DAG:example_bash_decorator
[2024-07-31T12:08:54.067+0000] {logging_mixin.py:188} INFO - [2024-07-31T12:08:54.067+0000] {dag.py:3089} INFO - Sync 1 DAGs
[2024-07-31T12:08:54.084+0000] {logging_mixin.py:188} INFO - [2024-07-31T12:08:54.084+0000] {dag.py:3111} INFO - Creating ORM DAG for example_bash_decorator
[2024-07-31T12:08:54.085+0000] {logging_mixin.py:188} INFO - [2024-07-31T12:08:54.085+0000] {dag.py:3947} INFO - Setting next_dagrun for example_bash_decorator to None, run_after=None
[2024-07-31T12:08:54.105+0000] {processor.py:183} INFO - Processing /home/airflow/.local/lib/python3.12/site-packages/airflow/example_dags/example_bash_decorator.py took 0.296 seconds
[2024-07-31T12:09:24.471+0000] {processor.py:161} INFO - Started process (PID=155) to work on /home/airflow/.local/lib/python3.12/site-packages/airflow/example_dags/example_bash_decorator.py
[2024-07-31T12:09:24.473+0000] {processor.py:830} INFO - Processing file /home/airflow/.local/lib/python3.12/site-packages/airflow/example_dags/example_bash_decorator.py for tasks to queue
[2024-07-31T12:09:24.476+0000] {logging_mixin.py:188} INFO - [2024-07-31T12:09:24.475+0000] {dagbag.py:545} INFO - Filling up the DagBag from /home/airflow/.local/lib/python3.12/site-packages/airflow/example_dags/example_bash_decorator.py
[2024-07-31T12:09:24.506+0000] {processor.py:840} INFO - DAG(s) 'example_bash_decorator' retrieved from /home/airflow/.local/lib/python3.12/site-packages/airflow/example_dags/example_bash_decorator.py
[2024-07-31T12:09:24.552+0000] {logging_mixin.py:188} INFO - [2024-07-31T12:09:24.551+0000] {dag.py:3089} INFO - Sync 1 DAGs
[2024-07-31T12:09:24.580+0000] {logging_mixin.py:188} INFO - [2024-07-31T12:09:24.579+0000] {dag.py:3947} INFO - Setting next_dagrun for example_bash_decorator to None, run_after=None
[2024-07-31T12:09:24.643+0000] {processor.py:183} INFO - Processing /home/airflow/.local/lib/python3.12/site-packages/airflow/example_dags/example_bash_decorator.py took 0.180 seconds
[2024-07-31T12:09:54.894+0000] {processor.py:161} INFO - Started process (PID=220) to work on /home/airflow/.local/lib/python3.12/site-packages/airflow/example_dags/example_bash_decorator.py
[2024-07-31T12:09:54.895+0000] {processor.py:830} INFO - Processing file /home/airflow/.local/lib/python3.12/site-packages/airflow/example_dags/example_bash_decorator.py for tasks to queue
[2024-07-31T12:09:54.896+0000] {logging_mixin.py:188} INFO - [2024-07-31T12:09:54.896+0000] {dagbag.py:545} INFO - Filling up the DagBag from /home/airflow/.local/lib/python3.12/site-packages/airflow/example_dags/example_bash_decorator.py
[2024-07-31T12:09:54.908+0000] {processor.py:840} INFO - DAG(s) 'example_bash_decorator' retrieved from /home/airflow/.local/lib/python3.12/site-packages/airflow/example_dags/example_bash_decorator.py
[2024-07-31T12:09:54.929+0000] {logging_mixin.py:188} INFO - [2024-07-31T12:09:54.928+0000] {dag.py:3089} INFO - Sync 1 DAGs
[2024-07-31T12:09:54.941+0000] {logging_mixin.py:188} INFO - [2024-07-31T12:09:54.941+0000] {dag.py:3947} INFO - Setting next_dagrun for example_bash_decorator to None, run_after=None
[2024-07-31T12:09:54.961+0000] {processor.py:183} INFO - Processing /home/airflow/.local/lib/python3.12/site-packages/airflow/example_dags/example_bash_decorator.py took 0.072 seconds
[2024-07-31T12:10:25.619+0000] {processor.py:161} INFO - Started process (PID=278) to work on /home/airflow/.local/lib/python3.12/site-packages/airflow/example_dags/example_bash_decorator.py
[2024-07-31T12:10:25.620+0000] {processor.py:830} INFO - Processing file /home/airflow/.local/lib/python3.12/site-packages/airflow/example_dags/example_bash_decorator.py for tasks to queue
[2024-07-31T12:10:25.621+0000] {logging_mixin.py:188} INFO - [2024-07-31T12:10:25.621+0000] {dagbag.py:545} INFO - Filling up the DagBag from /home/airflow/.local/lib/python3.12/site-packages/airflow/example_dags/example_bash_decorator.py
[2024-07-31T12:10:25.632+0000] {processor.py:840} INFO - DAG(s) 'example_bash_decorator' retrieved from /home/airflow/.local/lib/python3.12/site-packages/airflow/example_dags/example_bash_decorator.py
[2024-07-31T12:10:25.655+0000] {logging_mixin.py:188} INFO - [2024-07-31T12:10:25.655+0000] {dag.py:3089} INFO - Sync 1 DAGs
[2024-07-31T12:10:25.668+0000] {logging_mixin.py:188} INFO - [2024-07-31T12:10:25.667+0000] {dag.py:3947} INFO - Setting next_dagrun for example_bash_decorator to None, run_after=None
[2024-07-31T12:10:25.688+0000] {processor.py:183} INFO - Processing /home/airflow/.local/lib/python3.12/site-packages/airflow/example_dags/example_bash_decorator.py took 0.074 seconds
[2024-07-31T12:10:56.593+0000] {processor.py:161} INFO - Started process (PID=335) to work on /home/airflow/.local/lib/python3.12/site-packages/airflow/example_dags/example_bash_decorator.py
[2024-07-31T12:10:56.594+0000] {processor.py:830} INFO - Processing file /home/airflow/.local/lib/python3.12/site-packages/airflow/example_dags/example_bash_decorator.py for tasks to queue
[2024-07-31T12:10:56.595+0000] {logging_mixin.py:188} INFO - [2024-07-31T12:10:56.595+0000] {dagbag.py:545} INFO - Filling up the DagBag from /home/airflow/.local/lib/python3.12/site-packages/airflow/example_dags/example_bash_decorator.py
[2024-07-31T12:10:56.609+0000] {processor.py:840} INFO - DAG(s) 'example_bash_decorator' retrieved from /home/airflow/.local/lib/python3.12/site-packages/airflow/example_dags/example_bash_decorator.py
[2024-07-31T12:10:56.636+0000] {logging_mixin.py:188} INFO - [2024-07-31T12:10:56.636+0000] {dag.py:3089} INFO - Sync 1 DAGs
[2024-07-31T12:10:56.653+0000] {logging_mixin.py:188} INFO - [2024-07-31T12:10:56.652+0000] {dag.py:3947} INFO - Setting next_dagrun for example_bash_decorator to None, run_after=None
[2024-07-31T12:10:56.678+0000] {processor.py:183} INFO - Processing /home/airflow/.local/lib/python3.12/site-packages/airflow/example_dags/example_bash_decorator.py took 0.089 seconds
[2024-07-31T12:11:27.375+0000] {processor.py:161} INFO - Started process (PID=393) to work on /home/airflow/.local/lib/python3.12/site-packages/airflow/example_dags/example_bash_decorator.py
[2024-07-31T12:11:27.376+0000] {processor.py:830} INFO - Processing file /home/airflow/.local/lib/python3.12/site-packages/airflow/example_dags/example_bash_decorator.py for tasks to queue
[2024-07-31T12:11:27.377+0000] {logging_mixin.py:188} INFO - [2024-07-31T12:11:27.377+0000] {dagbag.py:545} INFO - Filling up the DagBag from /home/airflow/.local/lib/python3.12/site-packages/airflow/example_dags/example_bash_decorator.py
[2024-07-31T12:11:27.395+0000] {processor.py:840} INFO - DAG(s) 'example_bash_decorator' retrieved from /home/airflow/.local/lib/python3.12/site-packages/airflow/example_dags/example_bash_decorator.py
[2024-07-31T12:11:27.421+0000] {logging_mixin.py:188} INFO - [2024-07-31T12:11:27.421+0000] {dag.py:3089} INFO - Sync 1 DAGs
[2024-07-31T12:11:27.438+0000] {logging_mixin.py:188} INFO - [2024-07-31T12:11:27.438+0000] {dag.py:3947} INFO - Setting next_dagrun for example_bash_decorator to None, run_after=None
[2024-07-31T12:11:27.464+0000] {processor.py:183} INFO - Processing /home/airflow/.local/lib/python3.12/site-packages/airflow/example_dags/example_bash_decorator.py took 0.094 seconds
[2024-07-31T12:11:57.795+0000] {processor.py:161} INFO - Started process (PID=451) to work on /home/airflow/.local/lib/python3.12/site-packages/airflow/example_dags/example_bash_decorator.py
[2024-07-31T12:11:57.795+0000] {processor.py:830} INFO - Processing file /home/airflow/.local/lib/python3.12/site-packages/airflow/example_dags/example_bash_decorator.py for tasks to queue
[2024-07-31T12:11:57.797+0000] {logging_mixin.py:188} INFO - [2024-07-31T12:11:57.796+0000] {dagbag.py:545} INFO - Filling up the DagBag from /home/airflow/.local/lib/python3.12/site-packages/airflow/example_dags/example_bash_decorator.py
[2024-07-31T12:11:57.809+0000] {processor.py:840} INFO - DAG(s) 'example_bash_decorator' retrieved from /home/airflow/.local/lib/python3.12/site-packages/airflow/example_dags/example_bash_decorator.py
[2024-07-31T12:11:57.831+0000] {logging_mixin.py:188} INFO - [2024-07-31T12:11:57.831+0000] {dag.py:3089} INFO - Sync 1 DAGs
[2024-07-31T12:11:57.843+0000] {logging_mixin.py:188} INFO - [2024-07-31T12:11:57.842+0000] {dag.py:3947} INFO - Setting next_dagrun for example_bash_decorator to None, run_after=None
[2024-07-31T12:11:57.864+0000] {processor.py:183} INFO - Processing /home/airflow/.local/lib/python3.12/site-packages/airflow/example_dags/example_bash_decorator.py took 0.074 seconds
[2024-07-31T12:12:27.915+0000] {processor.py:161} INFO - Started process (PID=507) to work on /home/airflow/.local/lib/python3.12/site-packages/airflow/example_dags/example_bash_decorator.py
[2024-07-31T12:12:27.916+0000] {processor.py:830} INFO - Processing file /home/airflow/.local/lib/python3.12/site-packages/airflow/example_dags/example_bash_decorator.py for tasks to queue
[2024-07-31T12:12:27.917+0000] {logging_mixin.py:188} INFO - [2024-07-31T12:12:27.917+0000] {dagbag.py:545} INFO - Filling up the DagBag from /home/airflow/.local/lib/python3.12/site-packages/airflow/example_dags/example_bash_decorator.py
[2024-07-31T12:12:27.928+0000] {processor.py:840} INFO - DAG(s) 'example_bash_decorator' retrieved from /home/airflow/.local/lib/python3.12/site-packages/airflow/example_dags/example_bash_decorator.py
[2024-07-31T12:12:27.950+0000] {logging_mixin.py:188} INFO - [2024-07-31T12:12:27.950+0000] {dag.py:3089} INFO - Sync 1 DAGs
[2024-07-31T12:12:27.962+0000] {logging_mixin.py:188} INFO - [2024-07-31T12:12:27.962+0000] {dag.py:3947} INFO - Setting next_dagrun for example_bash_decorator to None, run_after=None
[2024-07-31T12:12:27.987+0000] {processor.py:183} INFO - Processing /home/airflow/.local/lib/python3.12/site-packages/airflow/example_dags/example_bash_decorator.py took 0.077 seconds
[2024-07-31T12:12:58.761+0000] {processor.py:161} INFO - Started process (PID=566) to work on /home/airflow/.local/lib/python3.12/site-packages/airflow/example_dags/example_bash_decorator.py
[2024-07-31T12:12:58.761+0000] {processor.py:830} INFO - Processing file /home/airflow/.local/lib/python3.12/site-packages/airflow/example_dags/example_bash_decorator.py for tasks to queue
[2024-07-31T12:12:58.763+0000] {logging_mixin.py:188} INFO - [2024-07-31T12:12:58.762+0000] {dagbag.py:545} INFO - Filling up the DagBag from /home/airflow/.local/lib/python3.12/site-packages/airflow/example_dags/example_bash_decorator.py
[2024-07-31T12:12:58.775+0000] {processor.py:840} INFO - DAG(s) 'example_bash_decorator' retrieved from /home/airflow/.local/lib/python3.12/site-packages/airflow/example_dags/example_bash_decorator.py
[2024-07-31T12:12:58.799+0000] {logging_mixin.py:188} INFO - [2024-07-31T12:12:58.799+0000] {dag.py:3089} INFO - Sync 1 DAGs
[2024-07-31T12:12:58.813+0000] {logging_mixin.py:188} INFO - [2024-07-31T12:12:58.812+0000] {dag.py:3947} INFO - Setting next_dagrun for example_bash_decorator to None, run_after=None
[2024-07-31T12:12:58.838+0000] {processor.py:183} INFO - Processing /home/airflow/.local/lib/python3.12/site-packages/airflow/example_dags/example_bash_decorator.py took 0.083 seconds
[2024-07-31T12:13:29.260+0000] {processor.py:161} INFO - Started process (PID=623) to work on /home/airflow/.local/lib/python3.12/site-packages/airflow/example_dags/example_bash_decorator.py
[2024-07-31T12:13:29.261+0000] {processor.py:830} INFO - Processing file /home/airflow/.local/lib/python3.12/site-packages/airflow/example_dags/example_bash_decorator.py for tasks to queue
[2024-07-31T12:13:29.262+0000] {logging_mixin.py:188} INFO - [2024-07-31T12:13:29.262+0000] {dagbag.py:545} INFO - Filling up the DagBag from /home/airflow/.local/lib/python3.12/site-packages/airflow/example_dags/example_bash_decorator.py
[2024-07-31T12:13:29.274+0000] {processor.py:840} INFO - DAG(s) 'example_bash_decorator' retrieved from /home/airflow/.local/lib/python3.12/site-packages/airflow/example_dags/example_bash_decorator.py
[2024-07-31T12:13:29.294+0000] {logging_mixin.py:188} INFO - [2024-07-31T12:13:29.293+0000] {dag.py:3089} INFO - Sync 1 DAGs
[2024-07-31T12:13:29.305+0000] {logging_mixin.py:188} INFO - [2024-07-31T12:13:29.305+0000] {dag.py:3947} INFO - Setting next_dagrun for example_bash_decorator to None, run_after=None
[2024-07-31T12:13:29.335+0000] {processor.py:183} INFO - Processing /home/airflow/.local/lib/python3.12/site-packages/airflow/example_dags/example_bash_decorator.py took 0.080 seconds
[2024-07-31T12:13:59.562+0000] {processor.py:161} INFO - Started process (PID=681) to work on /home/airflow/.local/lib/python3.12/site-packages/airflow/example_dags/example_bash_decorator.py
[2024-07-31T12:13:59.563+0000] {processor.py:830} INFO - Processing file /home/airflow/.local/lib/python3.12/site-packages/airflow/example_dags/example_bash_decorator.py for tasks to queue
[2024-07-31T12:13:59.566+0000] {logging_mixin.py:188} INFO - [2024-07-31T12:13:59.565+0000] {dagbag.py:545} INFO - Filling up the DagBag from /home/airflow/.local/lib/python3.12/site-packages/airflow/example_dags/example_bash_decorator.py
[2024-07-31T12:13:59.586+0000] {processor.py:840} INFO - DAG(s) 'example_bash_decorator' retrieved from /home/airflow/.local/lib/python3.12/site-packages/airflow/example_dags/example_bash_decorator.py
[2024-07-31T12:13:59.618+0000] {logging_mixin.py:188} INFO - [2024-07-31T12:13:59.618+0000] {dag.py:3089} INFO - Sync 1 DAGs
[2024-07-31T12:13:59.642+0000] {logging_mixin.py:188} INFO - [2024-07-31T12:13:59.642+0000] {dag.py:3947} INFO - Setting next_dagrun for example_bash_decorator to None, run_after=None
[2024-07-31T12:13:59.688+0000] {processor.py:183} INFO - Processing /home/airflow/.local/lib/python3.12/site-packages/airflow/example_dags/example_bash_decorator.py took 0.133 seconds
[2024-07-31T12:14:30.645+0000] {processor.py:161} INFO - Started process (PID=739) to work on /home/airflow/.local/lib/python3.12/site-packages/airflow/example_dags/example_bash_decorator.py
[2024-07-31T12:14:30.646+0000] {processor.py:830} INFO - Processing file /home/airflow/.local/lib/python3.12/site-packages/airflow/example_dags/example_bash_decorator.py for tasks to queue
[2024-07-31T12:14:30.647+0000] {logging_mixin.py:188} INFO - [2024-07-31T12:14:30.647+0000] {dagbag.py:545} INFO - Filling up the DagBag from /home/airflow/.local/lib/python3.12/site-packages/airflow/example_dags/example_bash_decorator.py
[2024-07-31T12:14:30.662+0000] {processor.py:840} INFO - DAG(s) 'example_bash_decorator' retrieved from /home/airflow/.local/lib/python3.12/site-packages/airflow/example_dags/example_bash_decorator.py
[2024-07-31T12:14:30.690+0000] {logging_mixin.py:188} INFO - [2024-07-31T12:14:30.689+0000] {dag.py:3089} INFO - Sync 1 DAGs
[2024-07-31T12:14:30.711+0000] {logging_mixin.py:188} INFO - [2024-07-31T12:14:30.710+0000] {dag.py:3947} INFO - Setting next_dagrun for example_bash_decorator to None, run_after=None
[2024-07-31T12:14:30.736+0000] {processor.py:183} INFO - Processing /home/airflow/.local/lib/python3.12/site-packages/airflow/example_dags/example_bash_decorator.py took 0.104 seconds
[2024-07-31T12:15:00.933+0000] {processor.py:161} INFO - Started process (PID=797) to work on /home/airflow/.local/lib/python3.12/site-packages/airflow/example_dags/example_bash_decorator.py
[2024-07-31T12:15:00.934+0000] {processor.py:830} INFO - Processing file /home/airflow/.local/lib/python3.12/site-packages/airflow/example_dags/example_bash_decorator.py for tasks to queue
[2024-07-31T12:15:00.935+0000] {logging_mixin.py:188} INFO - [2024-07-31T12:15:00.935+0000] {dagbag.py:545} INFO - Filling up the DagBag from /home/airflow/.local/lib/python3.12/site-packages/airflow/example_dags/example_bash_decorator.py
[2024-07-31T12:15:00.948+0000] {processor.py:840} INFO - DAG(s) 'example_bash_decorator' retrieved from /home/airflow/.local/lib/python3.12/site-packages/airflow/example_dags/example_bash_decorator.py
[2024-07-31T12:15:00.982+0000] {logging_mixin.py:188} INFO - [2024-07-31T12:15:00.981+0000] {dag.py:3089} INFO - Sync 1 DAGs
[2024-07-31T12:15:01.004+0000] {logging_mixin.py:188} INFO - [2024-07-31T12:15:01.004+0000] {dag.py:3947} INFO - Setting next_dagrun for example_bash_decorator to None, run_after=None
[2024-07-31T12:15:01.034+0000] {processor.py:183} INFO - Processing /home/airflow/.local/lib/python3.12/site-packages/airflow/example_dags/example_bash_decorator.py took 0.108 seconds
[2024-07-31T12:15:31.389+0000] {processor.py:161} INFO - Started process (PID=854) to work on /home/airflow/.local/lib/python3.12/site-packages/airflow/example_dags/example_bash_decorator.py
[2024-07-31T12:15:31.390+0000] {processor.py:830} INFO - Processing file /home/airflow/.local/lib/python3.12/site-packages/airflow/example_dags/example_bash_decorator.py for tasks to queue
[2024-07-31T12:15:31.391+0000] {logging_mixin.py:188} INFO - [2024-07-31T12:15:31.391+0000] {dagbag.py:545} INFO - Filling up the DagBag from /home/airflow/.local/lib/python3.12/site-packages/airflow/example_dags/example_bash_decorator.py
[2024-07-31T12:15:31.407+0000] {processor.py:840} INFO - DAG(s) 'example_bash_decorator' retrieved from /home/airflow/.local/lib/python3.12/site-packages/airflow/example_dags/example_bash_decorator.py
[2024-07-31T12:15:31.438+0000] {logging_mixin.py:188} INFO - [2024-07-31T12:15:31.437+0000] {dag.py:3089} INFO - Sync 1 DAGs
[2024-07-31T12:15:31.454+0000] {logging_mixin.py:188} INFO - [2024-07-31T12:15:31.454+0000] {dag.py:3947} INFO - Setting next_dagrun for example_bash_decorator to None, run_after=None
[2024-07-31T12:15:31.485+0000] {processor.py:183} INFO - Processing /home/airflow/.local/lib/python3.12/site-packages/airflow/example_dags/example_bash_decorator.py took 0.102 seconds
[2024-07-31T12:16:01.595+0000] {processor.py:161} INFO - Started process (PID=911) to work on /home/airflow/.local/lib/python3.12/site-packages/airflow/example_dags/example_bash_decorator.py
[2024-07-31T12:16:01.596+0000] {processor.py:830} INFO - Processing file /home/airflow/.local/lib/python3.12/site-packages/airflow/example_dags/example_bash_decorator.py for tasks to queue
[2024-07-31T12:16:01.597+0000] {logging_mixin.py:188} INFO - [2024-07-31T12:16:01.597+0000] {dagbag.py:545} INFO - Filling up the DagBag from /home/airflow/.local/lib/python3.12/site-packages/airflow/example_dags/example_bash_decorator.py
[2024-07-31T12:16:01.612+0000] {processor.py:840} INFO - DAG(s) 'example_bash_decorator' retrieved from /home/airflow/.local/lib/python3.12/site-packages/airflow/example_dags/example_bash_decorator.py
[2024-07-31T12:16:01.642+0000] {logging_mixin.py:188} INFO - [2024-07-31T12:16:01.642+0000] {dag.py:3089} INFO - Sync 1 DAGs
[2024-07-31T12:16:01.655+0000] {logging_mixin.py:188} INFO - [2024-07-31T12:16:01.655+0000] {dag.py:3947} INFO - Setting next_dagrun for example_bash_decorator to None, run_after=None
[2024-07-31T12:16:01.678+0000] {processor.py:183} INFO - Processing /home/airflow/.local/lib/python3.12/site-packages/airflow/example_dags/example_bash_decorator.py took 0.089 seconds
[2024-07-31T12:16:31.795+0000] {processor.py:161} INFO - Started process (PID=967) to work on /home/airflow/.local/lib/python3.12/site-packages/airflow/example_dags/example_bash_decorator.py
[2024-07-31T12:16:31.796+0000] {processor.py:830} INFO - Processing file /home/airflow/.local/lib/python3.12/site-packages/airflow/example_dags/example_bash_decorator.py for tasks to queue
[2024-07-31T12:16:31.798+0000] {logging_mixin.py:188} INFO - [2024-07-31T12:16:31.797+0000] {dagbag.py:545} INFO - Filling up the DagBag from /home/airflow/.local/lib/python3.12/site-packages/airflow/example_dags/example_bash_decorator.py
[2024-07-31T12:16:31.818+0000] {processor.py:840} INFO - DAG(s) 'example_bash_decorator' retrieved from /home/airflow/.local/lib/python3.12/site-packages/airflow/example_dags/example_bash_decorator.py
[2024-07-31T12:16:31.846+0000] {logging_mixin.py:188} INFO - [2024-07-31T12:16:31.846+0000] {dag.py:3089} INFO - Sync 1 DAGs
[2024-07-31T12:16:31.864+0000] {logging_mixin.py:188} INFO - [2024-07-31T12:16:31.863+0000] {dag.py:3947} INFO - Setting next_dagrun for example_bash_decorator to None, run_after=None
[2024-07-31T12:16:31.889+0000] {processor.py:183} INFO - Processing /home/airflow/.local/lib/python3.12/site-packages/airflow/example_dags/example_bash_decorator.py took 0.102 seconds
[2024-07-31T12:17:02.993+0000] {processor.py:161} INFO - Started process (PID=1025) to work on /home/airflow/.local/lib/python3.12/site-packages/airflow/example_dags/example_bash_decorator.py
[2024-07-31T12:17:02.994+0000] {processor.py:830} INFO - Processing file /home/airflow/.local/lib/python3.12/site-packages/airflow/example_dags/example_bash_decorator.py for tasks to queue
[2024-07-31T12:17:02.996+0000] {logging_mixin.py:188} INFO - [2024-07-31T12:17:02.996+0000] {dagbag.py:545} INFO - Filling up the DagBag from /home/airflow/.local/lib/python3.12/site-packages/airflow/example_dags/example_bash_decorator.py
[2024-07-31T12:17:03.010+0000] {processor.py:840} INFO - DAG(s) 'example_bash_decorator' retrieved from /home/airflow/.local/lib/python3.12/site-packages/airflow/example_dags/example_bash_decorator.py
[2024-07-31T12:17:03.035+0000] {logging_mixin.py:188} INFO - [2024-07-31T12:17:03.035+0000] {dag.py:3089} INFO - Sync 1 DAGs
[2024-07-31T12:17:03.050+0000] {logging_mixin.py:188} INFO - [2024-07-31T12:17:03.050+0000] {dag.py:3947} INFO - Setting next_dagrun for example_bash_decorator to None, run_after=None
[2024-07-31T12:17:03.077+0000] {processor.py:183} INFO - Processing /home/airflow/.local/lib/python3.12/site-packages/airflow/example_dags/example_bash_decorator.py took 0.089 seconds
[2024-07-31T12:17:33.941+0000] {processor.py:161} INFO - Started process (PID=1083) to work on /home/airflow/.local/lib/python3.12/site-packages/airflow/example_dags/example_bash_decorator.py
[2024-07-31T12:17:33.942+0000] {processor.py:830} INFO - Processing file /home/airflow/.local/lib/python3.12/site-packages/airflow/example_dags/example_bash_decorator.py for tasks to queue
[2024-07-31T12:17:33.943+0000] {logging_mixin.py:188} INFO - [2024-07-31T12:17:33.943+0000] {dagbag.py:545} INFO - Filling up the DagBag from /home/airflow/.local/lib/python3.12/site-packages/airflow/example_dags/example_bash_decorator.py
[2024-07-31T12:17:33.956+0000] {processor.py:840} INFO - DAG(s) 'example_bash_decorator' retrieved from /home/airflow/.local/lib/python3.12/site-packages/airflow/example_dags/example_bash_decorator.py
[2024-07-31T12:17:33.988+0000] {logging_mixin.py:188} INFO - [2024-07-31T12:17:33.988+0000] {dag.py:3089} INFO - Sync 1 DAGs
[2024-07-31T12:17:34.002+0000] {logging_mixin.py:188} INFO - [2024-07-31T12:17:34.001+0000] {dag.py:3947} INFO - Setting next_dagrun for example_bash_decorator to None, run_after=None
[2024-07-31T12:17:34.021+0000] {processor.py:183} INFO - Processing /home/airflow/.local/lib/python3.12/site-packages/airflow/example_dags/example_bash_decorator.py took 0.087 seconds
[2024-07-31T12:18:04.534+0000] {processor.py:161} INFO - Started process (PID=1141) to work on /home/airflow/.local/lib/python3.12/site-packages/airflow/example_dags/example_bash_decorator.py
[2024-07-31T12:18:04.534+0000] {processor.py:830} INFO - Processing file /home/airflow/.local/lib/python3.12/site-packages/airflow/example_dags/example_bash_decorator.py for tasks to queue
[2024-07-31T12:18:04.536+0000] {logging_mixin.py:188} INFO - [2024-07-31T12:18:04.536+0000] {dagbag.py:545} INFO - Filling up the DagBag from /home/airflow/.local/lib/python3.12/site-packages/airflow/example_dags/example_bash_decorator.py
[2024-07-31T12:18:04.548+0000] {processor.py:840} INFO - DAG(s) 'example_bash_decorator' retrieved from /home/airflow/.local/lib/python3.12/site-packages/airflow/example_dags/example_bash_decorator.py
[2024-07-31T12:18:04.575+0000] {logging_mixin.py:188} INFO - [2024-07-31T12:18:04.574+0000] {dag.py:3089} INFO - Sync 1 DAGs
[2024-07-31T12:18:04.585+0000] {logging_mixin.py:188} INFO - [2024-07-31T12:18:04.585+0000] {dag.py:3947} INFO - Setting next_dagrun for example_bash_decorator to None, run_after=None
[2024-07-31T12:18:04.605+0000] {processor.py:183} INFO - Processing /home/airflow/.local/lib/python3.12/site-packages/airflow/example_dags/example_bash_decorator.py took 0.077 seconds
[2024-07-31T12:18:35.114+0000] {processor.py:161} INFO - Started process (PID=1199) to work on /home/airflow/.local/lib/python3.12/site-packages/airflow/example_dags/example_bash_decorator.py
[2024-07-31T12:18:35.115+0000] {processor.py:830} INFO - Processing file /home/airflow/.local/lib/python3.12/site-packages/airflow/example_dags/example_bash_decorator.py for tasks to queue
[2024-07-31T12:18:35.117+0000] {logging_mixin.py:188} INFO - [2024-07-31T12:18:35.116+0000] {dagbag.py:545} INFO - Filling up the DagBag from /home/airflow/.local/lib/python3.12/site-packages/airflow/example_dags/example_bash_decorator.py
[2024-07-31T12:18:35.133+0000] {processor.py:840} INFO - DAG(s) 'example_bash_decorator' retrieved from /home/airflow/.local/lib/python3.12/site-packages/airflow/example_dags/example_bash_decorator.py
[2024-07-31T12:18:35.155+0000] {logging_mixin.py:188} INFO - [2024-07-31T12:18:35.155+0000] {dag.py:3089} INFO - Sync 1 DAGs
[2024-07-31T12:18:35.168+0000] {logging_mixin.py:188} INFO - [2024-07-31T12:18:35.168+0000] {dag.py:3947} INFO - Setting next_dagrun for example_bash_decorator to None, run_after=None
[2024-07-31T12:18:35.192+0000] {processor.py:183} INFO - Processing /home/airflow/.local/lib/python3.12/site-packages/airflow/example_dags/example_bash_decorator.py took 0.083 seconds
[2024-07-31T12:19:06.438+0000] {processor.py:161} INFO - Started process (PID=1257) to work on /home/airflow/.local/lib/python3.12/site-packages/airflow/example_dags/example_bash_decorator.py
[2024-07-31T12:19:06.439+0000] {processor.py:830} INFO - Processing file /home/airflow/.local/lib/python3.12/site-packages/airflow/example_dags/example_bash_decorator.py for tasks to queue
[2024-07-31T12:19:06.441+0000] {logging_mixin.py:188} INFO - [2024-07-31T12:19:06.440+0000] {dagbag.py:545} INFO - Filling up the DagBag from /home/airflow/.local/lib/python3.12/site-packages/airflow/example_dags/example_bash_decorator.py
[2024-07-31T12:19:06.453+0000] {processor.py:840} INFO - DAG(s) 'example_bash_decorator' retrieved from /home/airflow/.local/lib/python3.12/site-packages/airflow/example_dags/example_bash_decorator.py
[2024-07-31T12:19:06.485+0000] {logging_mixin.py:188} INFO - [2024-07-31T12:19:06.485+0000] {dag.py:3089} INFO - Sync 1 DAGs
[2024-07-31T12:19:06.501+0000] {logging_mixin.py:188} INFO - [2024-07-31T12:19:06.501+0000] {dag.py:3947} INFO - Setting next_dagrun for example_bash_decorator to None, run_after=None
[2024-07-31T12:19:06.524+0000] {processor.py:183} INFO - Processing /home/airflow/.local/lib/python3.12/site-packages/airflow/example_dags/example_bash_decorator.py took 0.091 seconds
[2024-07-31T12:19:36.839+0000] {processor.py:161} INFO - Started process (PID=1315) to work on /home/airflow/.local/lib/python3.12/site-packages/airflow/example_dags/example_bash_decorator.py
[2024-07-31T12:19:36.840+0000] {processor.py:830} INFO - Processing file /home/airflow/.local/lib/python3.12/site-packages/airflow/example_dags/example_bash_decorator.py for tasks to queue
[2024-07-31T12:19:36.842+0000] {logging_mixin.py:188} INFO - [2024-07-31T12:19:36.841+0000] {dagbag.py:545} INFO - Filling up the DagBag from /home/airflow/.local/lib/python3.12/site-packages/airflow/example_dags/example_bash_decorator.py
[2024-07-31T12:19:36.854+0000] {processor.py:840} INFO - DAG(s) 'example_bash_decorator' retrieved from /home/airflow/.local/lib/python3.12/site-packages/airflow/example_dags/example_bash_decorator.py
[2024-07-31T12:19:36.876+0000] {logging_mixin.py:188} INFO - [2024-07-31T12:19:36.876+0000] {dag.py:3089} INFO - Sync 1 DAGs
[2024-07-31T12:19:36.891+0000] {logging_mixin.py:188} INFO - [2024-07-31T12:19:36.891+0000] {dag.py:3947} INFO - Setting next_dagrun for example_bash_decorator to None, run_after=None
[2024-07-31T12:19:36.916+0000] {processor.py:183} INFO - Processing /home/airflow/.local/lib/python3.12/site-packages/airflow/example_dags/example_bash_decorator.py took 0.082 seconds
[2024-07-31T12:20:08.014+0000] {processor.py:161} INFO - Started process (PID=1373) to work on /home/airflow/.local/lib/python3.12/site-packages/airflow/example_dags/example_bash_decorator.py
[2024-07-31T12:20:08.016+0000] {processor.py:830} INFO - Processing file /home/airflow/.local/lib/python3.12/site-packages/airflow/example_dags/example_bash_decorator.py for tasks to queue
[2024-07-31T12:20:08.019+0000] {logging_mixin.py:188} INFO - [2024-07-31T12:20:08.018+0000] {dagbag.py:545} INFO - Filling up the DagBag from /home/airflow/.local/lib/python3.12/site-packages/airflow/example_dags/example_bash_decorator.py
[2024-07-31T12:20:08.041+0000] {processor.py:840} INFO - DAG(s) 'example_bash_decorator' retrieved from /home/airflow/.local/lib/python3.12/site-packages/airflow/example_dags/example_bash_decorator.py
[2024-07-31T12:20:08.078+0000] {logging_mixin.py:188} INFO - [2024-07-31T12:20:08.077+0000] {dag.py:3089} INFO - Sync 1 DAGs
[2024-07-31T12:20:08.097+0000] {logging_mixin.py:188} INFO - [2024-07-31T12:20:08.097+0000] {dag.py:3947} INFO - Setting next_dagrun for example_bash_decorator to None, run_after=None
[2024-07-31T12:20:08.129+0000] {processor.py:183} INFO - Processing /home/airflow/.local/lib/python3.12/site-packages/airflow/example_dags/example_bash_decorator.py took 0.124 seconds
[2024-07-31T12:20:38.253+0000] {processor.py:161} INFO - Started process (PID=1431) to work on /home/airflow/.local/lib/python3.12/site-packages/airflow/example_dags/example_bash_decorator.py
[2024-07-31T12:20:38.254+0000] {processor.py:830} INFO - Processing file /home/airflow/.local/lib/python3.12/site-packages/airflow/example_dags/example_bash_decorator.py for tasks to queue
[2024-07-31T12:20:38.256+0000] {logging_mixin.py:188} INFO - [2024-07-31T12:20:38.256+0000] {dagbag.py:545} INFO - Filling up the DagBag from /home/airflow/.local/lib/python3.12/site-packages/airflow/example_dags/example_bash_decorator.py
[2024-07-31T12:20:38.274+0000] {processor.py:840} INFO - DAG(s) 'example_bash_decorator' retrieved from /home/airflow/.local/lib/python3.12/site-packages/airflow/example_dags/example_bash_decorator.py
[2024-07-31T12:20:38.299+0000] {logging_mixin.py:188} INFO - [2024-07-31T12:20:38.299+0000] {dag.py:3089} INFO - Sync 1 DAGs
[2024-07-31T12:20:38.312+0000] {logging_mixin.py:188} INFO - [2024-07-31T12:20:38.312+0000] {dag.py:3947} INFO - Setting next_dagrun for example_bash_decorator to None, run_after=None
[2024-07-31T12:20:38.341+0000] {processor.py:183} INFO - Processing /home/airflow/.local/lib/python3.12/site-packages/airflow/example_dags/example_bash_decorator.py took 0.095 seconds
[2024-07-31T12:21:08.611+0000] {processor.py:161} INFO - Started process (PID=1488) to work on /home/airflow/.local/lib/python3.12/site-packages/airflow/example_dags/example_bash_decorator.py
[2024-07-31T12:21:08.612+0000] {processor.py:830} INFO - Processing file /home/airflow/.local/lib/python3.12/site-packages/airflow/example_dags/example_bash_decorator.py for tasks to queue
[2024-07-31T12:21:08.615+0000] {logging_mixin.py:188} INFO - [2024-07-31T12:21:08.614+0000] {dagbag.py:545} INFO - Filling up the DagBag from /home/airflow/.local/lib/python3.12/site-packages/airflow/example_dags/example_bash_decorator.py
[2024-07-31T12:21:08.630+0000] {processor.py:840} INFO - DAG(s) 'example_bash_decorator' retrieved from /home/airflow/.local/lib/python3.12/site-packages/airflow/example_dags/example_bash_decorator.py
[2024-07-31T12:21:08.654+0000] {logging_mixin.py:188} INFO - [2024-07-31T12:21:08.654+0000] {dag.py:3089} INFO - Sync 1 DAGs
[2024-07-31T12:21:08.667+0000] {logging_mixin.py:188} INFO - [2024-07-31T12:21:08.667+0000] {dag.py:3947} INFO - Setting next_dagrun for example_bash_decorator to None, run_after=None
[2024-07-31T12:21:08.692+0000] {processor.py:183} INFO - Processing /home/airflow/.local/lib/python3.12/site-packages/airflow/example_dags/example_bash_decorator.py took 0.088 seconds
[2024-07-31T12:21:38.781+0000] {processor.py:161} INFO - Started process (PID=1545) to work on /home/airflow/.local/lib/python3.12/site-packages/airflow/example_dags/example_bash_decorator.py
[2024-07-31T12:21:38.782+0000] {processor.py:830} INFO - Processing file /home/airflow/.local/lib/python3.12/site-packages/airflow/example_dags/example_bash_decorator.py for tasks to queue
[2024-07-31T12:21:38.784+0000] {logging_mixin.py:188} INFO - [2024-07-31T12:21:38.784+0000] {dagbag.py:545} INFO - Filling up the DagBag from /home/airflow/.local/lib/python3.12/site-packages/airflow/example_dags/example_bash_decorator.py
[2024-07-31T12:21:38.798+0000] {processor.py:840} INFO - DAG(s) 'example_bash_decorator' retrieved from /home/airflow/.local/lib/python3.12/site-packages/airflow/example_dags/example_bash_decorator.py
[2024-07-31T12:21:38.827+0000] {logging_mixin.py:188} INFO - [2024-07-31T12:21:38.826+0000] {dag.py:3089} INFO - Sync 1 DAGs
[2024-07-31T12:21:38.846+0000] {logging_mixin.py:188} INFO - [2024-07-31T12:21:38.845+0000] {dag.py:3947} INFO - Setting next_dagrun for example_bash_decorator to None, run_after=None
[2024-07-31T12:21:38.887+0000] {processor.py:183} INFO - Processing /home/airflow/.local/lib/python3.12/site-packages/airflow/example_dags/example_bash_decorator.py took 0.114 seconds
[2024-07-31T12:22:09.384+0000] {processor.py:161} INFO - Started process (PID=1604) to work on /home/airflow/.local/lib/python3.12/site-packages/airflow/example_dags/example_bash_decorator.py
[2024-07-31T12:22:09.386+0000] {processor.py:830} INFO - Processing file /home/airflow/.local/lib/python3.12/site-packages/airflow/example_dags/example_bash_decorator.py for tasks to queue
[2024-07-31T12:22:09.387+0000] {logging_mixin.py:188} INFO - [2024-07-31T12:22:09.387+0000] {dagbag.py:545} INFO - Filling up the DagBag from /home/airflow/.local/lib/python3.12/site-packages/airflow/example_dags/example_bash_decorator.py
[2024-07-31T12:22:09.403+0000] {processor.py:840} INFO - DAG(s) 'example_bash_decorator' retrieved from /home/airflow/.local/lib/python3.12/site-packages/airflow/example_dags/example_bash_decorator.py
[2024-07-31T12:22:09.440+0000] {logging_mixin.py:188} INFO - [2024-07-31T12:22:09.440+0000] {dag.py:3089} INFO - Sync 1 DAGs
[2024-07-31T12:22:09.458+0000] {logging_mixin.py:188} INFO - [2024-07-31T12:22:09.458+0000] {dag.py:3947} INFO - Setting next_dagrun for example_bash_decorator to None, run_after=None
[2024-07-31T12:22:09.494+0000] {processor.py:183} INFO - Processing /home/airflow/.local/lib/python3.12/site-packages/airflow/example_dags/example_bash_decorator.py took 0.116 seconds
[2024-07-31T12:22:40.008+0000] {processor.py:161} INFO - Started process (PID=1662) to work on /home/airflow/.local/lib/python3.12/site-packages/airflow/example_dags/example_bash_decorator.py
[2024-07-31T12:22:40.010+0000] {processor.py:830} INFO - Processing file /home/airflow/.local/lib/python3.12/site-packages/airflow/example_dags/example_bash_decorator.py for tasks to queue
[2024-07-31T12:22:40.012+0000] {logging_mixin.py:188} INFO - [2024-07-31T12:22:40.012+0000] {dagbag.py:545} INFO - Filling up the DagBag from /home/airflow/.local/lib/python3.12/site-packages/airflow/example_dags/example_bash_decorator.py
[2024-07-31T12:22:40.036+0000] {processor.py:840} INFO - DAG(s) 'example_bash_decorator' retrieved from /home/airflow/.local/lib/python3.12/site-packages/airflow/example_dags/example_bash_decorator.py
[2024-07-31T12:22:40.073+0000] {logging_mixin.py:188} INFO - [2024-07-31T12:22:40.073+0000] {dag.py:3089} INFO - Sync 1 DAGs
[2024-07-31T12:22:40.098+0000] {logging_mixin.py:188} INFO - [2024-07-31T12:22:40.098+0000] {dag.py:3947} INFO - Setting next_dagrun for example_bash_decorator to None, run_after=None
[2024-07-31T12:22:40.139+0000] {processor.py:183} INFO - Processing /home/airflow/.local/lib/python3.12/site-packages/airflow/example_dags/example_bash_decorator.py took 0.139 seconds
[2024-07-31T12:23:10.691+0000] {processor.py:161} INFO - Started process (PID=1719) to work on /home/airflow/.local/lib/python3.12/site-packages/airflow/example_dags/example_bash_decorator.py
[2024-07-31T12:23:10.692+0000] {processor.py:830} INFO - Processing file /home/airflow/.local/lib/python3.12/site-packages/airflow/example_dags/example_bash_decorator.py for tasks to queue
[2024-07-31T12:23:10.693+0000] {logging_mixin.py:188} INFO - [2024-07-31T12:23:10.693+0000] {dagbag.py:545} INFO - Filling up the DagBag from /home/airflow/.local/lib/python3.12/site-packages/airflow/example_dags/example_bash_decorator.py
[2024-07-31T12:23:10.707+0000] {processor.py:840} INFO - DAG(s) 'example_bash_decorator' retrieved from /home/airflow/.local/lib/python3.12/site-packages/airflow/example_dags/example_bash_decorator.py
[2024-07-31T12:23:10.735+0000] {logging_mixin.py:188} INFO - [2024-07-31T12:23:10.735+0000] {dag.py:3089} INFO - Sync 1 DAGs
[2024-07-31T12:23:10.757+0000] {logging_mixin.py:188} INFO - [2024-07-31T12:23:10.756+0000] {dag.py:3947} INFO - Setting next_dagrun for example_bash_decorator to None, run_after=None
[2024-07-31T12:23:10.794+0000] {processor.py:183} INFO - Processing /home/airflow/.local/lib/python3.12/site-packages/airflow/example_dags/example_bash_decorator.py took 0.110 seconds
[2024-07-31T12:23:41.505+0000] {processor.py:161} INFO - Started process (PID=1777) to work on /home/airflow/.local/lib/python3.12/site-packages/airflow/example_dags/example_bash_decorator.py
[2024-07-31T12:23:41.506+0000] {processor.py:830} INFO - Processing file /home/airflow/.local/lib/python3.12/site-packages/airflow/example_dags/example_bash_decorator.py for tasks to queue
[2024-07-31T12:23:41.508+0000] {logging_mixin.py:188} INFO - [2024-07-31T12:23:41.508+0000] {dagbag.py:545} INFO - Filling up the DagBag from /home/airflow/.local/lib/python3.12/site-packages/airflow/example_dags/example_bash_decorator.py
[2024-07-31T12:23:41.522+0000] {processor.py:840} INFO - DAG(s) 'example_bash_decorator' retrieved from /home/airflow/.local/lib/python3.12/site-packages/airflow/example_dags/example_bash_decorator.py
[2024-07-31T12:23:41.556+0000] {logging_mixin.py:188} INFO - [2024-07-31T12:23:41.556+0000] {dag.py:3089} INFO - Sync 1 DAGs
[2024-07-31T12:23:41.578+0000] {logging_mixin.py:188} INFO - [2024-07-31T12:23:41.577+0000] {dag.py:3947} INFO - Setting next_dagrun for example_bash_decorator to None, run_after=None
[2024-07-31T12:23:41.769+0000] {processor.py:183} INFO - Processing /home/airflow/.local/lib/python3.12/site-packages/airflow/example_dags/example_bash_decorator.py took 0.269 seconds
[2024-07-31T12:24:12.145+0000] {processor.py:161} INFO - Started process (PID=1835) to work on /home/airflow/.local/lib/python3.12/site-packages/airflow/example_dags/example_bash_decorator.py
[2024-07-31T12:24:12.147+0000] {processor.py:830} INFO - Processing file /home/airflow/.local/lib/python3.12/site-packages/airflow/example_dags/example_bash_decorator.py for tasks to queue
[2024-07-31T12:24:12.149+0000] {logging_mixin.py:188} INFO - [2024-07-31T12:24:12.148+0000] {dagbag.py:545} INFO - Filling up the DagBag from /home/airflow/.local/lib/python3.12/site-packages/airflow/example_dags/example_bash_decorator.py
[2024-07-31T12:24:12.164+0000] {processor.py:840} INFO - DAG(s) 'example_bash_decorator' retrieved from /home/airflow/.local/lib/python3.12/site-packages/airflow/example_dags/example_bash_decorator.py
[2024-07-31T12:24:12.204+0000] {logging_mixin.py:188} INFO - [2024-07-31T12:24:12.204+0000] {dag.py:3089} INFO - Sync 1 DAGs
[2024-07-31T12:24:12.223+0000] {logging_mixin.py:188} INFO - [2024-07-31T12:24:12.223+0000] {dag.py:3947} INFO - Setting next_dagrun for example_bash_decorator to None, run_after=None
[2024-07-31T12:24:12.256+0000] {processor.py:183} INFO - Processing /home/airflow/.local/lib/python3.12/site-packages/airflow/example_dags/example_bash_decorator.py took 0.120 seconds
[2024-07-31T12:24:42.304+0000] {processor.py:161} INFO - Started process (PID=1892) to work on /home/airflow/.local/lib/python3.12/site-packages/airflow/example_dags/example_bash_decorator.py
[2024-07-31T12:24:42.305+0000] {processor.py:830} INFO - Processing file /home/airflow/.local/lib/python3.12/site-packages/airflow/example_dags/example_bash_decorator.py for tasks to queue
[2024-07-31T12:24:42.307+0000] {logging_mixin.py:188} INFO - [2024-07-31T12:24:42.307+0000] {dagbag.py:545} INFO - Filling up the DagBag from /home/airflow/.local/lib/python3.12/site-packages/airflow/example_dags/example_bash_decorator.py
[2024-07-31T12:24:42.326+0000] {processor.py:840} INFO - DAG(s) 'example_bash_decorator' retrieved from /home/airflow/.local/lib/python3.12/site-packages/airflow/example_dags/example_bash_decorator.py
[2024-07-31T12:24:42.368+0000] {logging_mixin.py:188} INFO - [2024-07-31T12:24:42.368+0000] {dag.py:3089} INFO - Sync 1 DAGs
[2024-07-31T12:24:42.384+0000] {logging_mixin.py:188} INFO - [2024-07-31T12:24:42.384+0000] {dag.py:3947} INFO - Setting next_dagrun for example_bash_decorator to None, run_after=None
[2024-07-31T12:24:42.408+0000] {processor.py:183} INFO - Processing /home/airflow/.local/lib/python3.12/site-packages/airflow/example_dags/example_bash_decorator.py took 0.109 seconds
[2024-07-31T12:25:13.021+0000] {processor.py:161} INFO - Started process (PID=1950) to work on /home/airflow/.local/lib/python3.12/site-packages/airflow/example_dags/example_bash_decorator.py
[2024-07-31T12:25:13.022+0000] {processor.py:830} INFO - Processing file /home/airflow/.local/lib/python3.12/site-packages/airflow/example_dags/example_bash_decorator.py for tasks to queue
[2024-07-31T12:25:13.024+0000] {logging_mixin.py:188} INFO - [2024-07-31T12:25:13.023+0000] {dagbag.py:545} INFO - Filling up the DagBag from /home/airflow/.local/lib/python3.12/site-packages/airflow/example_dags/example_bash_decorator.py
[2024-07-31T12:25:13.036+0000] {processor.py:840} INFO - DAG(s) 'example_bash_decorator' retrieved from /home/airflow/.local/lib/python3.12/site-packages/airflow/example_dags/example_bash_decorator.py
[2024-07-31T12:25:13.056+0000] {logging_mixin.py:188} INFO - [2024-07-31T12:25:13.056+0000] {dag.py:3089} INFO - Sync 1 DAGs
[2024-07-31T12:25:13.068+0000] {logging_mixin.py:188} INFO - [2024-07-31T12:25:13.067+0000] {dag.py:3947} INFO - Setting next_dagrun for example_bash_decorator to None, run_after=None
[2024-07-31T12:25:13.089+0000] {processor.py:183} INFO - Processing /home/airflow/.local/lib/python3.12/site-packages/airflow/example_dags/example_bash_decorator.py took 0.075 seconds
[2024-07-31T12:25:43.744+0000] {processor.py:161} INFO - Started process (PID=2008) to work on /home/airflow/.local/lib/python3.12/site-packages/airflow/example_dags/example_bash_decorator.py
[2024-07-31T12:25:43.745+0000] {processor.py:830} INFO - Processing file /home/airflow/.local/lib/python3.12/site-packages/airflow/example_dags/example_bash_decorator.py for tasks to queue
[2024-07-31T12:25:43.746+0000] {logging_mixin.py:188} INFO - [2024-07-31T12:25:43.746+0000] {dagbag.py:545} INFO - Filling up the DagBag from /home/airflow/.local/lib/python3.12/site-packages/airflow/example_dags/example_bash_decorator.py
[2024-07-31T12:25:43.764+0000] {processor.py:840} INFO - DAG(s) 'example_bash_decorator' retrieved from /home/airflow/.local/lib/python3.12/site-packages/airflow/example_dags/example_bash_decorator.py
[2024-07-31T12:25:43.795+0000] {logging_mixin.py:188} INFO - [2024-07-31T12:25:43.795+0000] {dag.py:3089} INFO - Sync 1 DAGs
[2024-07-31T12:25:43.813+0000] {logging_mixin.py:188} INFO - [2024-07-31T12:25:43.812+0000] {dag.py:3947} INFO - Setting next_dagrun for example_bash_decorator to None, run_after=None
[2024-07-31T12:25:43.840+0000] {processor.py:183} INFO - Processing /home/airflow/.local/lib/python3.12/site-packages/airflow/example_dags/example_bash_decorator.py took 0.102 seconds
[2024-07-31T12:26:14.375+0000] {processor.py:161} INFO - Started process (PID=2066) to work on /home/airflow/.local/lib/python3.12/site-packages/airflow/example_dags/example_bash_decorator.py
[2024-07-31T12:26:14.376+0000] {processor.py:830} INFO - Processing file /home/airflow/.local/lib/python3.12/site-packages/airflow/example_dags/example_bash_decorator.py for tasks to queue
[2024-07-31T12:26:14.378+0000] {logging_mixin.py:188} INFO - [2024-07-31T12:26:14.378+0000] {dagbag.py:545} INFO - Filling up the DagBag from /home/airflow/.local/lib/python3.12/site-packages/airflow/example_dags/example_bash_decorator.py
[2024-07-31T12:26:14.397+0000] {processor.py:840} INFO - DAG(s) 'example_bash_decorator' retrieved from /home/airflow/.local/lib/python3.12/site-packages/airflow/example_dags/example_bash_decorator.py
[2024-07-31T12:26:14.432+0000] {logging_mixin.py:188} INFO - [2024-07-31T12:26:14.431+0000] {dag.py:3089} INFO - Sync 1 DAGs
[2024-07-31T12:26:14.446+0000] {logging_mixin.py:188} INFO - [2024-07-31T12:26:14.446+0000] {dag.py:3947} INFO - Setting next_dagrun for example_bash_decorator to None, run_after=None
[2024-07-31T12:26:14.474+0000] {processor.py:183} INFO - Processing /home/airflow/.local/lib/python3.12/site-packages/airflow/example_dags/example_bash_decorator.py took 0.107 seconds
[2024-07-31T12:26:45.122+0000] {processor.py:161} INFO - Started process (PID=2123) to work on /home/airflow/.local/lib/python3.12/site-packages/airflow/example_dags/example_bash_decorator.py
[2024-07-31T12:26:45.123+0000] {processor.py:830} INFO - Processing file /home/airflow/.local/lib/python3.12/site-packages/airflow/example_dags/example_bash_decorator.py for tasks to queue
[2024-07-31T12:26:45.125+0000] {logging_mixin.py:188} INFO - [2024-07-31T12:26:45.124+0000] {dagbag.py:545} INFO - Filling up the DagBag from /home/airflow/.local/lib/python3.12/site-packages/airflow/example_dags/example_bash_decorator.py
[2024-07-31T12:26:45.138+0000] {processor.py:840} INFO - DAG(s) 'example_bash_decorator' retrieved from /home/airflow/.local/lib/python3.12/site-packages/airflow/example_dags/example_bash_decorator.py
[2024-07-31T12:26:45.162+0000] {logging_mixin.py:188} INFO - [2024-07-31T12:26:45.162+0000] {dag.py:3089} INFO - Sync 1 DAGs
[2024-07-31T12:26:45.175+0000] {logging_mixin.py:188} INFO - [2024-07-31T12:26:45.175+0000] {dag.py:3947} INFO - Setting next_dagrun for example_bash_decorator to None, run_after=None
[2024-07-31T12:26:45.199+0000] {processor.py:183} INFO - Processing /home/airflow/.local/lib/python3.12/site-packages/airflow/example_dags/example_bash_decorator.py took 0.084 seconds
[2024-07-31T12:27:15.345+0000] {processor.py:161} INFO - Started process (PID=2181) to work on /home/airflow/.local/lib/python3.12/site-packages/airflow/example_dags/example_bash_decorator.py
[2024-07-31T12:27:15.346+0000] {processor.py:830} INFO - Processing file /home/airflow/.local/lib/python3.12/site-packages/airflow/example_dags/example_bash_decorator.py for tasks to queue
[2024-07-31T12:27:15.347+0000] {logging_mixin.py:188} INFO - [2024-07-31T12:27:15.347+0000] {dagbag.py:545} INFO - Filling up the DagBag from /home/airflow/.local/lib/python3.12/site-packages/airflow/example_dags/example_bash_decorator.py
[2024-07-31T12:27:15.361+0000] {processor.py:840} INFO - DAG(s) 'example_bash_decorator' retrieved from /home/airflow/.local/lib/python3.12/site-packages/airflow/example_dags/example_bash_decorator.py
[2024-07-31T12:27:15.387+0000] {logging_mixin.py:188} INFO - [2024-07-31T12:27:15.387+0000] {dag.py:3089} INFO - Sync 1 DAGs
[2024-07-31T12:27:15.400+0000] {logging_mixin.py:188} INFO - [2024-07-31T12:27:15.399+0000] {dag.py:3947} INFO - Setting next_dagrun for example_bash_decorator to None, run_after=None
[2024-07-31T12:27:15.426+0000] {processor.py:183} INFO - Processing /home/airflow/.local/lib/python3.12/site-packages/airflow/example_dags/example_bash_decorator.py took 0.086 seconds
[2024-07-31T12:27:46.085+0000] {processor.py:161} INFO - Started process (PID=2239) to work on /home/airflow/.local/lib/python3.12/site-packages/airflow/example_dags/example_bash_decorator.py
[2024-07-31T12:27:46.087+0000] {processor.py:830} INFO - Processing file /home/airflow/.local/lib/python3.12/site-packages/airflow/example_dags/example_bash_decorator.py for tasks to queue
[2024-07-31T12:27:46.089+0000] {logging_mixin.py:188} INFO - [2024-07-31T12:27:46.088+0000] {dagbag.py:545} INFO - Filling up the DagBag from /home/airflow/.local/lib/python3.12/site-packages/airflow/example_dags/example_bash_decorator.py
[2024-07-31T12:27:46.102+0000] {processor.py:840} INFO - DAG(s) 'example_bash_decorator' retrieved from /home/airflow/.local/lib/python3.12/site-packages/airflow/example_dags/example_bash_decorator.py
[2024-07-31T12:27:46.127+0000] {logging_mixin.py:188} INFO - [2024-07-31T12:27:46.127+0000] {dag.py:3089} INFO - Sync 1 DAGs
[2024-07-31T12:27:46.141+0000] {logging_mixin.py:188} INFO - [2024-07-31T12:27:46.141+0000] {dag.py:3947} INFO - Setting next_dagrun for example_bash_decorator to None, run_after=None
[2024-07-31T12:27:46.170+0000] {processor.py:183} INFO - Processing /home/airflow/.local/lib/python3.12/site-packages/airflow/example_dags/example_bash_decorator.py took 0.095 seconds
[2024-07-31T12:28:17.047+0000] {processor.py:161} INFO - Started process (PID=2297) to work on /home/airflow/.local/lib/python3.12/site-packages/airflow/example_dags/example_bash_decorator.py
[2024-07-31T12:28:17.048+0000] {processor.py:830} INFO - Processing file /home/airflow/.local/lib/python3.12/site-packages/airflow/example_dags/example_bash_decorator.py for tasks to queue
[2024-07-31T12:28:17.050+0000] {logging_mixin.py:188} INFO - [2024-07-31T12:28:17.050+0000] {dagbag.py:545} INFO - Filling up the DagBag from /home/airflow/.local/lib/python3.12/site-packages/airflow/example_dags/example_bash_decorator.py
[2024-07-31T12:28:17.074+0000] {processor.py:840} INFO - DAG(s) 'example_bash_decorator' retrieved from /home/airflow/.local/lib/python3.12/site-packages/airflow/example_dags/example_bash_decorator.py
[2024-07-31T12:28:17.109+0000] {logging_mixin.py:188} INFO - [2024-07-31T12:28:17.109+0000] {dag.py:3089} INFO - Sync 1 DAGs
[2024-07-31T12:28:17.129+0000] {logging_mixin.py:188} INFO - [2024-07-31T12:28:17.128+0000] {dag.py:3947} INFO - Setting next_dagrun for example_bash_decorator to None, run_after=None
[2024-07-31T12:28:17.160+0000] {processor.py:183} INFO - Processing /home/airflow/.local/lib/python3.12/site-packages/airflow/example_dags/example_bash_decorator.py took 0.121 seconds
[2024-07-31T12:28:47.434+0000] {processor.py:161} INFO - Started process (PID=2355) to work on /home/airflow/.local/lib/python3.12/site-packages/airflow/example_dags/example_bash_decorator.py
[2024-07-31T12:28:47.435+0000] {processor.py:830} INFO - Processing file /home/airflow/.local/lib/python3.12/site-packages/airflow/example_dags/example_bash_decorator.py for tasks to queue
[2024-07-31T12:28:47.438+0000] {logging_mixin.py:188} INFO - [2024-07-31T12:28:47.437+0000] {dagbag.py:545} INFO - Filling up the DagBag from /home/airflow/.local/lib/python3.12/site-packages/airflow/example_dags/example_bash_decorator.py
[2024-07-31T12:28:47.456+0000] {processor.py:840} INFO - DAG(s) 'example_bash_decorator' retrieved from /home/airflow/.local/lib/python3.12/site-packages/airflow/example_dags/example_bash_decorator.py
[2024-07-31T12:28:47.483+0000] {logging_mixin.py:188} INFO - [2024-07-31T12:28:47.483+0000] {dag.py:3089} INFO - Sync 1 DAGs
[2024-07-31T12:28:47.499+0000] {logging_mixin.py:188} INFO - [2024-07-31T12:28:47.499+0000] {dag.py:3947} INFO - Setting next_dagrun for example_bash_decorator to None, run_after=None
[2024-07-31T12:28:47.531+0000] {processor.py:183} INFO - Processing /home/airflow/.local/lib/python3.12/site-packages/airflow/example_dags/example_bash_decorator.py took 0.107 seconds
[2024-07-31T12:29:18.037+0000] {processor.py:161} INFO - Started process (PID=2413) to work on /home/airflow/.local/lib/python3.12/site-packages/airflow/example_dags/example_bash_decorator.py
[2024-07-31T12:29:18.038+0000] {processor.py:830} INFO - Processing file /home/airflow/.local/lib/python3.12/site-packages/airflow/example_dags/example_bash_decorator.py for tasks to queue
[2024-07-31T12:29:18.040+0000] {logging_mixin.py:188} INFO - [2024-07-31T12:29:18.039+0000] {dagbag.py:545} INFO - Filling up the DagBag from /home/airflow/.local/lib/python3.12/site-packages/airflow/example_dags/example_bash_decorator.py
[2024-07-31T12:29:18.055+0000] {processor.py:840} INFO - DAG(s) 'example_bash_decorator' retrieved from /home/airflow/.local/lib/python3.12/site-packages/airflow/example_dags/example_bash_decorator.py
[2024-07-31T12:29:18.089+0000] {logging_mixin.py:188} INFO - [2024-07-31T12:29:18.089+0000] {dag.py:3089} INFO - Sync 1 DAGs
[2024-07-31T12:29:18.108+0000] {logging_mixin.py:188} INFO - [2024-07-31T12:29:18.107+0000] {dag.py:3947} INFO - Setting next_dagrun for example_bash_decorator to None, run_after=None
[2024-07-31T12:29:18.143+0000] {processor.py:183} INFO - Processing /home/airflow/.local/lib/python3.12/site-packages/airflow/example_dags/example_bash_decorator.py took 0.113 seconds
[2024-07-31T12:29:48.648+0000] {processor.py:161} INFO - Started process (PID=2470) to work on /home/airflow/.local/lib/python3.12/site-packages/airflow/example_dags/example_bash_decorator.py
[2024-07-31T12:29:48.650+0000] {processor.py:830} INFO - Processing file /home/airflow/.local/lib/python3.12/site-packages/airflow/example_dags/example_bash_decorator.py for tasks to queue
[2024-07-31T12:29:48.651+0000] {logging_mixin.py:188} INFO - [2024-07-31T12:29:48.651+0000] {dagbag.py:545} INFO - Filling up the DagBag from /home/airflow/.local/lib/python3.12/site-packages/airflow/example_dags/example_bash_decorator.py
[2024-07-31T12:29:48.664+0000] {processor.py:840} INFO - DAG(s) 'example_bash_decorator' retrieved from /home/airflow/.local/lib/python3.12/site-packages/airflow/example_dags/example_bash_decorator.py
[2024-07-31T12:29:48.696+0000] {logging_mixin.py:188} INFO - [2024-07-31T12:29:48.696+0000] {dag.py:3089} INFO - Sync 1 DAGs
[2024-07-31T12:29:48.719+0000] {logging_mixin.py:188} INFO - [2024-07-31T12:29:48.718+0000] {dag.py:3947} INFO - Setting next_dagrun for example_bash_decorator to None, run_after=None
[2024-07-31T12:29:48.748+0000] {processor.py:183} INFO - Processing /home/airflow/.local/lib/python3.12/site-packages/airflow/example_dags/example_bash_decorator.py took 0.110 seconds
[2024-07-31T12:30:19.377+0000] {processor.py:161} INFO - Started process (PID=2528) to work on /home/airflow/.local/lib/python3.12/site-packages/airflow/example_dags/example_bash_decorator.py
[2024-07-31T12:30:19.378+0000] {processor.py:830} INFO - Processing file /home/airflow/.local/lib/python3.12/site-packages/airflow/example_dags/example_bash_decorator.py for tasks to queue
[2024-07-31T12:30:19.380+0000] {logging_mixin.py:188} INFO - [2024-07-31T12:30:19.380+0000] {dagbag.py:545} INFO - Filling up the DagBag from /home/airflow/.local/lib/python3.12/site-packages/airflow/example_dags/example_bash_decorator.py
[2024-07-31T12:30:19.395+0000] {processor.py:840} INFO - DAG(s) 'example_bash_decorator' retrieved from /home/airflow/.local/lib/python3.12/site-packages/airflow/example_dags/example_bash_decorator.py
[2024-07-31T12:30:19.439+0000] {logging_mixin.py:188} INFO - [2024-07-31T12:30:19.438+0000] {dag.py:3089} INFO - Sync 1 DAGs
[2024-07-31T12:30:19.459+0000] {logging_mixin.py:188} INFO - [2024-07-31T12:30:19.458+0000] {dag.py:3947} INFO - Setting next_dagrun for example_bash_decorator to None, run_after=None
[2024-07-31T12:30:19.500+0000] {processor.py:183} INFO - Processing /home/airflow/.local/lib/python3.12/site-packages/airflow/example_dags/example_bash_decorator.py took 0.131 seconds
[2024-07-31T12:30:49.983+0000] {processor.py:161} INFO - Started process (PID=2586) to work on /home/airflow/.local/lib/python3.12/site-packages/airflow/example_dags/example_bash_decorator.py
[2024-07-31T12:30:49.985+0000] {processor.py:830} INFO - Processing file /home/airflow/.local/lib/python3.12/site-packages/airflow/example_dags/example_bash_decorator.py for tasks to queue
[2024-07-31T12:30:49.988+0000] {logging_mixin.py:188} INFO - [2024-07-31T12:30:49.988+0000] {dagbag.py:545} INFO - Filling up the DagBag from /home/airflow/.local/lib/python3.12/site-packages/airflow/example_dags/example_bash_decorator.py
[2024-07-31T12:30:50.008+0000] {processor.py:840} INFO - DAG(s) 'example_bash_decorator' retrieved from /home/airflow/.local/lib/python3.12/site-packages/airflow/example_dags/example_bash_decorator.py
[2024-07-31T12:30:50.041+0000] {logging_mixin.py:188} INFO - [2024-07-31T12:30:50.041+0000] {dag.py:3089} INFO - Sync 1 DAGs
[2024-07-31T12:30:50.062+0000] {logging_mixin.py:188} INFO - [2024-07-31T12:30:50.061+0000] {dag.py:3947} INFO - Setting next_dagrun for example_bash_decorator to None, run_after=None
[2024-07-31T12:30:50.092+0000] {processor.py:183} INFO - Processing /home/airflow/.local/lib/python3.12/site-packages/airflow/example_dags/example_bash_decorator.py took 0.119 seconds
[2024-07-31T12:31:20.530+0000] {processor.py:161} INFO - Started process (PID=2643) to work on /home/airflow/.local/lib/python3.12/site-packages/airflow/example_dags/example_bash_decorator.py
[2024-07-31T12:31:20.531+0000] {processor.py:830} INFO - Processing file /home/airflow/.local/lib/python3.12/site-packages/airflow/example_dags/example_bash_decorator.py for tasks to queue
[2024-07-31T12:31:20.533+0000] {logging_mixin.py:188} INFO - [2024-07-31T12:31:20.532+0000] {dagbag.py:545} INFO - Filling up the DagBag from /home/airflow/.local/lib/python3.12/site-packages/airflow/example_dags/example_bash_decorator.py
[2024-07-31T12:31:20.548+0000] {processor.py:840} INFO - DAG(s) 'example_bash_decorator' retrieved from /home/airflow/.local/lib/python3.12/site-packages/airflow/example_dags/example_bash_decorator.py
[2024-07-31T12:31:20.570+0000] {logging_mixin.py:188} INFO - [2024-07-31T12:31:20.570+0000] {dag.py:3089} INFO - Sync 1 DAGs
[2024-07-31T12:31:20.586+0000] {logging_mixin.py:188} INFO - [2024-07-31T12:31:20.586+0000] {dag.py:3947} INFO - Setting next_dagrun for example_bash_decorator to None, run_after=None
[2024-07-31T12:31:20.612+0000] {processor.py:183} INFO - Processing /home/airflow/.local/lib/python3.12/site-packages/airflow/example_dags/example_bash_decorator.py took 0.088 seconds
[2024-07-31T12:31:51.011+0000] {processor.py:161} INFO - Started process (PID=2701) to work on /home/airflow/.local/lib/python3.12/site-packages/airflow/example_dags/example_bash_decorator.py
[2024-07-31T12:31:51.012+0000] {processor.py:830} INFO - Processing file /home/airflow/.local/lib/python3.12/site-packages/airflow/example_dags/example_bash_decorator.py for tasks to queue
[2024-07-31T12:31:51.014+0000] {logging_mixin.py:188} INFO - [2024-07-31T12:31:51.014+0000] {dagbag.py:545} INFO - Filling up the DagBag from /home/airflow/.local/lib/python3.12/site-packages/airflow/example_dags/example_bash_decorator.py
[2024-07-31T12:31:51.033+0000] {processor.py:840} INFO - DAG(s) 'example_bash_decorator' retrieved from /home/airflow/.local/lib/python3.12/site-packages/airflow/example_dags/example_bash_decorator.py
[2024-07-31T12:31:51.061+0000] {logging_mixin.py:188} INFO - [2024-07-31T12:31:51.060+0000] {dag.py:3089} INFO - Sync 1 DAGs
[2024-07-31T12:31:51.075+0000] {logging_mixin.py:188} INFO - [2024-07-31T12:31:51.075+0000] {dag.py:3947} INFO - Setting next_dagrun for example_bash_decorator to None, run_after=None
[2024-07-31T12:31:51.102+0000] {processor.py:183} INFO - Processing /home/airflow/.local/lib/python3.12/site-packages/airflow/example_dags/example_bash_decorator.py took 0.096 seconds
[2024-07-31T12:32:21.202+0000] {processor.py:161} INFO - Started process (PID=2759) to work on /home/airflow/.local/lib/python3.12/site-packages/airflow/example_dags/example_bash_decorator.py
[2024-07-31T12:32:21.203+0000] {processor.py:830} INFO - Processing file /home/airflow/.local/lib/python3.12/site-packages/airflow/example_dags/example_bash_decorator.py for tasks to queue
[2024-07-31T12:32:21.204+0000] {logging_mixin.py:188} INFO - [2024-07-31T12:32:21.204+0000] {dagbag.py:545} INFO - Filling up the DagBag from /home/airflow/.local/lib/python3.12/site-packages/airflow/example_dags/example_bash_decorator.py
[2024-07-31T12:32:21.217+0000] {processor.py:840} INFO - DAG(s) 'example_bash_decorator' retrieved from /home/airflow/.local/lib/python3.12/site-packages/airflow/example_dags/example_bash_decorator.py
[2024-07-31T12:32:21.242+0000] {logging_mixin.py:188} INFO - [2024-07-31T12:32:21.242+0000] {dag.py:3089} INFO - Sync 1 DAGs
[2024-07-31T12:32:21.256+0000] {logging_mixin.py:188} INFO - [2024-07-31T12:32:21.256+0000] {dag.py:3947} INFO - Setting next_dagrun for example_bash_decorator to None, run_after=None
[2024-07-31T12:32:21.281+0000] {processor.py:183} INFO - Processing /home/airflow/.local/lib/python3.12/site-packages/airflow/example_dags/example_bash_decorator.py took 0.086 seconds
[2024-07-31T12:32:51.628+0000] {processor.py:161} INFO - Started process (PID=2817) to work on /home/airflow/.local/lib/python3.12/site-packages/airflow/example_dags/example_bash_decorator.py
[2024-07-31T12:32:51.629+0000] {processor.py:830} INFO - Processing file /home/airflow/.local/lib/python3.12/site-packages/airflow/example_dags/example_bash_decorator.py for tasks to queue
[2024-07-31T12:32:51.631+0000] {logging_mixin.py:188} INFO - [2024-07-31T12:32:51.630+0000] {dagbag.py:545} INFO - Filling up the DagBag from /home/airflow/.local/lib/python3.12/site-packages/airflow/example_dags/example_bash_decorator.py
[2024-07-31T12:32:51.647+0000] {processor.py:840} INFO - DAG(s) 'example_bash_decorator' retrieved from /home/airflow/.local/lib/python3.12/site-packages/airflow/example_dags/example_bash_decorator.py
[2024-07-31T12:32:51.672+0000] {logging_mixin.py:188} INFO - [2024-07-31T12:32:51.672+0000] {dag.py:3089} INFO - Sync 1 DAGs
[2024-07-31T12:32:51.690+0000] {logging_mixin.py:188} INFO - [2024-07-31T12:32:51.689+0000] {dag.py:3947} INFO - Setting next_dagrun for example_bash_decorator to None, run_after=None
[2024-07-31T12:32:51.722+0000] {processor.py:183} INFO - Processing /home/airflow/.local/lib/python3.12/site-packages/airflow/example_dags/example_bash_decorator.py took 0.099 seconds
[2024-07-31T12:33:22.514+0000] {processor.py:161} INFO - Started process (PID=2875) to work on /home/airflow/.local/lib/python3.12/site-packages/airflow/example_dags/example_bash_decorator.py
[2024-07-31T12:33:22.515+0000] {processor.py:830} INFO - Processing file /home/airflow/.local/lib/python3.12/site-packages/airflow/example_dags/example_bash_decorator.py for tasks to queue
[2024-07-31T12:33:22.517+0000] {logging_mixin.py:188} INFO - [2024-07-31T12:33:22.517+0000] {dagbag.py:545} INFO - Filling up the DagBag from /home/airflow/.local/lib/python3.12/site-packages/airflow/example_dags/example_bash_decorator.py
[2024-07-31T12:33:22.537+0000] {processor.py:840} INFO - DAG(s) 'example_bash_decorator' retrieved from /home/airflow/.local/lib/python3.12/site-packages/airflow/example_dags/example_bash_decorator.py
[2024-07-31T12:33:22.566+0000] {logging_mixin.py:188} INFO - [2024-07-31T12:33:22.565+0000] {dag.py:3089} INFO - Sync 1 DAGs
[2024-07-31T12:33:22.579+0000] {logging_mixin.py:188} INFO - [2024-07-31T12:33:22.579+0000] {dag.py:3947} INFO - Setting next_dagrun for example_bash_decorator to None, run_after=None
[2024-07-31T12:33:22.604+0000] {processor.py:183} INFO - Processing /home/airflow/.local/lib/python3.12/site-packages/airflow/example_dags/example_bash_decorator.py took 0.097 seconds
[2024-07-31T12:33:52.994+0000] {processor.py:161} INFO - Started process (PID=2933) to work on /home/airflow/.local/lib/python3.12/site-packages/airflow/example_dags/example_bash_decorator.py
[2024-07-31T12:33:52.996+0000] {processor.py:830} INFO - Processing file /home/airflow/.local/lib/python3.12/site-packages/airflow/example_dags/example_bash_decorator.py for tasks to queue
[2024-07-31T12:33:52.998+0000] {logging_mixin.py:188} INFO - [2024-07-31T12:33:52.997+0000] {dagbag.py:545} INFO - Filling up the DagBag from /home/airflow/.local/lib/python3.12/site-packages/airflow/example_dags/example_bash_decorator.py
[2024-07-31T12:33:53.014+0000] {processor.py:840} INFO - DAG(s) 'example_bash_decorator' retrieved from /home/airflow/.local/lib/python3.12/site-packages/airflow/example_dags/example_bash_decorator.py
[2024-07-31T12:33:53.041+0000] {logging_mixin.py:188} INFO - [2024-07-31T12:33:53.041+0000] {dag.py:3089} INFO - Sync 1 DAGs
[2024-07-31T12:33:53.059+0000] {logging_mixin.py:188} INFO - [2024-07-31T12:33:53.058+0000] {dag.py:3947} INFO - Setting next_dagrun for example_bash_decorator to None, run_after=None
[2024-07-31T12:33:53.088+0000] {processor.py:183} INFO - Processing /home/airflow/.local/lib/python3.12/site-packages/airflow/example_dags/example_bash_decorator.py took 0.101 seconds
[2024-07-31T12:34:23.446+0000] {processor.py:161} INFO - Started process (PID=2991) to work on /home/airflow/.local/lib/python3.12/site-packages/airflow/example_dags/example_bash_decorator.py
[2024-07-31T12:34:23.448+0000] {processor.py:830} INFO - Processing file /home/airflow/.local/lib/python3.12/site-packages/airflow/example_dags/example_bash_decorator.py for tasks to queue
[2024-07-31T12:34:23.450+0000] {logging_mixin.py:188} INFO - [2024-07-31T12:34:23.450+0000] {dagbag.py:545} INFO - Filling up the DagBag from /home/airflow/.local/lib/python3.12/site-packages/airflow/example_dags/example_bash_decorator.py
[2024-07-31T12:34:23.472+0000] {processor.py:840} INFO - DAG(s) 'example_bash_decorator' retrieved from /home/airflow/.local/lib/python3.12/site-packages/airflow/example_dags/example_bash_decorator.py
[2024-07-31T12:34:23.511+0000] {logging_mixin.py:188} INFO - [2024-07-31T12:34:23.511+0000] {dag.py:3089} INFO - Sync 1 DAGs
[2024-07-31T12:34:23.536+0000] {logging_mixin.py:188} INFO - [2024-07-31T12:34:23.535+0000] {dag.py:3947} INFO - Setting next_dagrun for example_bash_decorator to None, run_after=None
[2024-07-31T12:34:23.578+0000] {processor.py:183} INFO - Processing /home/airflow/.local/lib/python3.12/site-packages/airflow/example_dags/example_bash_decorator.py took 0.141 seconds
[2024-07-31T12:34:53.675+0000] {processor.py:161} INFO - Started process (PID=3048) to work on /home/airflow/.local/lib/python3.12/site-packages/airflow/example_dags/example_bash_decorator.py
[2024-07-31T12:34:53.677+0000] {processor.py:830} INFO - Processing file /home/airflow/.local/lib/python3.12/site-packages/airflow/example_dags/example_bash_decorator.py for tasks to queue
[2024-07-31T12:34:53.679+0000] {logging_mixin.py:188} INFO - [2024-07-31T12:34:53.679+0000] {dagbag.py:545} INFO - Filling up the DagBag from /home/airflow/.local/lib/python3.12/site-packages/airflow/example_dags/example_bash_decorator.py
[2024-07-31T12:34:53.695+0000] {processor.py:840} INFO - DAG(s) 'example_bash_decorator' retrieved from /home/airflow/.local/lib/python3.12/site-packages/airflow/example_dags/example_bash_decorator.py
[2024-07-31T12:34:53.735+0000] {logging_mixin.py:188} INFO - [2024-07-31T12:34:53.734+0000] {dag.py:3089} INFO - Sync 1 DAGs
[2024-07-31T12:34:53.751+0000] {logging_mixin.py:188} INFO - [2024-07-31T12:34:53.750+0000] {dag.py:3947} INFO - Setting next_dagrun for example_bash_decorator to None, run_after=None
[2024-07-31T12:34:53.776+0000] {processor.py:183} INFO - Processing /home/airflow/.local/lib/python3.12/site-packages/airflow/example_dags/example_bash_decorator.py took 0.108 seconds
[2024-07-31T12:35:23.901+0000] {processor.py:161} INFO - Started process (PID=3105) to work on /home/airflow/.local/lib/python3.12/site-packages/airflow/example_dags/example_bash_decorator.py
[2024-07-31T12:35:23.902+0000] {processor.py:830} INFO - Processing file /home/airflow/.local/lib/python3.12/site-packages/airflow/example_dags/example_bash_decorator.py for tasks to queue
[2024-07-31T12:35:23.904+0000] {logging_mixin.py:188} INFO - [2024-07-31T12:35:23.904+0000] {dagbag.py:545} INFO - Filling up the DagBag from /home/airflow/.local/lib/python3.12/site-packages/airflow/example_dags/example_bash_decorator.py
[2024-07-31T12:35:23.921+0000] {processor.py:840} INFO - DAG(s) 'example_bash_decorator' retrieved from /home/airflow/.local/lib/python3.12/site-packages/airflow/example_dags/example_bash_decorator.py
[2024-07-31T12:35:23.952+0000] {logging_mixin.py:188} INFO - [2024-07-31T12:35:23.951+0000] {dag.py:3089} INFO - Sync 1 DAGs
[2024-07-31T12:35:23.971+0000] {logging_mixin.py:188} INFO - [2024-07-31T12:35:23.971+0000] {dag.py:3947} INFO - Setting next_dagrun for example_bash_decorator to None, run_after=None
[2024-07-31T12:35:24.009+0000] {processor.py:183} INFO - Processing /home/airflow/.local/lib/python3.12/site-packages/airflow/example_dags/example_bash_decorator.py took 0.117 seconds
[2024-07-31T12:35:54.139+0000] {processor.py:161} INFO - Started process (PID=3162) to work on /home/airflow/.local/lib/python3.12/site-packages/airflow/example_dags/example_bash_decorator.py
[2024-07-31T12:35:54.144+0000] {processor.py:830} INFO - Processing file /home/airflow/.local/lib/python3.12/site-packages/airflow/example_dags/example_bash_decorator.py for tasks to queue
[2024-07-31T12:35:54.147+0000] {logging_mixin.py:188} INFO - [2024-07-31T12:35:54.146+0000] {dagbag.py:545} INFO - Filling up the DagBag from /home/airflow/.local/lib/python3.12/site-packages/airflow/example_dags/example_bash_decorator.py
[2024-07-31T12:35:54.168+0000] {processor.py:840} INFO - DAG(s) 'example_bash_decorator' retrieved from /home/airflow/.local/lib/python3.12/site-packages/airflow/example_dags/example_bash_decorator.py
[2024-07-31T12:35:54.200+0000] {logging_mixin.py:188} INFO - [2024-07-31T12:35:54.200+0000] {dag.py:3089} INFO - Sync 1 DAGs
[2024-07-31T12:35:54.221+0000] {logging_mixin.py:188} INFO - [2024-07-31T12:35:54.221+0000] {dag.py:3947} INFO - Setting next_dagrun for example_bash_decorator to None, run_after=None
[2024-07-31T12:35:54.267+0000] {processor.py:183} INFO - Processing /home/airflow/.local/lib/python3.12/site-packages/airflow/example_dags/example_bash_decorator.py took 0.136 seconds
[2024-07-31T12:36:24.495+0000] {processor.py:161} INFO - Started process (PID=3219) to work on /home/airflow/.local/lib/python3.12/site-packages/airflow/example_dags/example_bash_decorator.py
[2024-07-31T12:36:24.496+0000] {processor.py:830} INFO - Processing file /home/airflow/.local/lib/python3.12/site-packages/airflow/example_dags/example_bash_decorator.py for tasks to queue
[2024-07-31T12:36:24.498+0000] {logging_mixin.py:188} INFO - [2024-07-31T12:36:24.498+0000] {dagbag.py:545} INFO - Filling up the DagBag from /home/airflow/.local/lib/python3.12/site-packages/airflow/example_dags/example_bash_decorator.py
[2024-07-31T12:36:24.513+0000] {processor.py:840} INFO - DAG(s) 'example_bash_decorator' retrieved from /home/airflow/.local/lib/python3.12/site-packages/airflow/example_dags/example_bash_decorator.py
[2024-07-31T12:36:24.541+0000] {logging_mixin.py:188} INFO - [2024-07-31T12:36:24.541+0000] {dag.py:3089} INFO - Sync 1 DAGs
[2024-07-31T12:36:24.556+0000] {logging_mixin.py:188} INFO - [2024-07-31T12:36:24.555+0000] {dag.py:3947} INFO - Setting next_dagrun for example_bash_decorator to None, run_after=None
[2024-07-31T12:36:24.583+0000] {processor.py:183} INFO - Processing /home/airflow/.local/lib/python3.12/site-packages/airflow/example_dags/example_bash_decorator.py took 0.095 seconds
[2024-07-31T12:36:55.005+0000] {processor.py:161} INFO - Started process (PID=3276) to work on /home/airflow/.local/lib/python3.12/site-packages/airflow/example_dags/example_bash_decorator.py
[2024-07-31T12:36:55.006+0000] {processor.py:830} INFO - Processing file /home/airflow/.local/lib/python3.12/site-packages/airflow/example_dags/example_bash_decorator.py for tasks to queue
[2024-07-31T12:36:55.008+0000] {logging_mixin.py:188} INFO - [2024-07-31T12:36:55.007+0000] {dagbag.py:545} INFO - Filling up the DagBag from /home/airflow/.local/lib/python3.12/site-packages/airflow/example_dags/example_bash_decorator.py
[2024-07-31T12:36:55.024+0000] {processor.py:840} INFO - DAG(s) 'example_bash_decorator' retrieved from /home/airflow/.local/lib/python3.12/site-packages/airflow/example_dags/example_bash_decorator.py
[2024-07-31T12:36:55.064+0000] {logging_mixin.py:188} INFO - [2024-07-31T12:36:55.064+0000] {dag.py:3089} INFO - Sync 1 DAGs
[2024-07-31T12:36:55.092+0000] {logging_mixin.py:188} INFO - [2024-07-31T12:36:55.091+0000] {dag.py:3947} INFO - Setting next_dagrun for example_bash_decorator to None, run_after=None
[2024-07-31T12:36:55.133+0000] {processor.py:183} INFO - Processing /home/airflow/.local/lib/python3.12/site-packages/airflow/example_dags/example_bash_decorator.py took 0.134 seconds
[2024-07-31T12:37:25.526+0000] {processor.py:161} INFO - Started process (PID=3334) to work on /home/airflow/.local/lib/python3.12/site-packages/airflow/example_dags/example_bash_decorator.py
[2024-07-31T12:37:25.527+0000] {processor.py:830} INFO - Processing file /home/airflow/.local/lib/python3.12/site-packages/airflow/example_dags/example_bash_decorator.py for tasks to queue
[2024-07-31T12:37:25.529+0000] {logging_mixin.py:188} INFO - [2024-07-31T12:37:25.529+0000] {dagbag.py:545} INFO - Filling up the DagBag from /home/airflow/.local/lib/python3.12/site-packages/airflow/example_dags/example_bash_decorator.py
[2024-07-31T12:37:25.549+0000] {processor.py:840} INFO - DAG(s) 'example_bash_decorator' retrieved from /home/airflow/.local/lib/python3.12/site-packages/airflow/example_dags/example_bash_decorator.py
[2024-07-31T12:37:25.578+0000] {logging_mixin.py:188} INFO - [2024-07-31T12:37:25.578+0000] {dag.py:3089} INFO - Sync 1 DAGs
[2024-07-31T12:37:25.595+0000] {logging_mixin.py:188} INFO - [2024-07-31T12:37:25.595+0000] {dag.py:3947} INFO - Setting next_dagrun for example_bash_decorator to None, run_after=None
[2024-07-31T12:37:25.623+0000] {processor.py:183} INFO - Processing /home/airflow/.local/lib/python3.12/site-packages/airflow/example_dags/example_bash_decorator.py took 0.105 seconds
[2024-07-31T12:37:55.933+0000] {processor.py:161} INFO - Started process (PID=3389) to work on /home/airflow/.local/lib/python3.12/site-packages/airflow/example_dags/example_bash_decorator.py
[2024-07-31T12:37:55.935+0000] {processor.py:830} INFO - Processing file /home/airflow/.local/lib/python3.12/site-packages/airflow/example_dags/example_bash_decorator.py for tasks to queue
[2024-07-31T12:37:55.937+0000] {logging_mixin.py:188} INFO - [2024-07-31T12:37:55.937+0000] {dagbag.py:545} INFO - Filling up the DagBag from /home/airflow/.local/lib/python3.12/site-packages/airflow/example_dags/example_bash_decorator.py
[2024-07-31T12:37:55.959+0000] {processor.py:840} INFO - DAG(s) 'example_bash_decorator' retrieved from /home/airflow/.local/lib/python3.12/site-packages/airflow/example_dags/example_bash_decorator.py
[2024-07-31T12:37:55.995+0000] {logging_mixin.py:188} INFO - [2024-07-31T12:37:55.995+0000] {dag.py:3089} INFO - Sync 1 DAGs
[2024-07-31T12:37:56.019+0000] {logging_mixin.py:188} INFO - [2024-07-31T12:37:56.019+0000] {dag.py:3947} INFO - Setting next_dagrun for example_bash_decorator to None, run_after=None
[2024-07-31T12:37:56.052+0000] {processor.py:183} INFO - Processing /home/airflow/.local/lib/python3.12/site-packages/airflow/example_dags/example_bash_decorator.py took 0.128 seconds
[2024-07-31T12:38:26.829+0000] {processor.py:161} INFO - Started process (PID=3447) to work on /home/airflow/.local/lib/python3.12/site-packages/airflow/example_dags/example_bash_decorator.py
[2024-07-31T12:38:26.830+0000] {processor.py:830} INFO - Processing file /home/airflow/.local/lib/python3.12/site-packages/airflow/example_dags/example_bash_decorator.py for tasks to queue
[2024-07-31T12:38:26.832+0000] {logging_mixin.py:188} INFO - [2024-07-31T12:38:26.831+0000] {dagbag.py:545} INFO - Filling up the DagBag from /home/airflow/.local/lib/python3.12/site-packages/airflow/example_dags/example_bash_decorator.py
[2024-07-31T12:38:26.848+0000] {processor.py:840} INFO - DAG(s) 'example_bash_decorator' retrieved from /home/airflow/.local/lib/python3.12/site-packages/airflow/example_dags/example_bash_decorator.py
[2024-07-31T12:38:26.884+0000] {logging_mixin.py:188} INFO - [2024-07-31T12:38:26.884+0000] {dag.py:3089} INFO - Sync 1 DAGs
[2024-07-31T12:38:26.899+0000] {logging_mixin.py:188} INFO - [2024-07-31T12:38:26.899+0000] {dag.py:3947} INFO - Setting next_dagrun for example_bash_decorator to None, run_after=None
[2024-07-31T12:38:26.932+0000] {processor.py:183} INFO - Processing /home/airflow/.local/lib/python3.12/site-packages/airflow/example_dags/example_bash_decorator.py took 0.108 seconds
[2024-07-31T16:44:30.432+0000] {processor.py:161} INFO - Started process (PID=107) to work on /home/airflow/.local/lib/python3.12/site-packages/airflow/example_dags/example_bash_decorator.py
[2024-07-31T16:44:30.433+0000] {processor.py:830} INFO - Processing file /home/airflow/.local/lib/python3.12/site-packages/airflow/example_dags/example_bash_decorator.py for tasks to queue
[2024-07-31T16:44:30.435+0000] {logging_mixin.py:188} INFO - [2024-07-31T16:44:30.434+0000] {dagbag.py:545} INFO - Filling up the DagBag from /home/airflow/.local/lib/python3.12/site-packages/airflow/example_dags/example_bash_decorator.py
[2024-07-31T16:44:30.458+0000] {processor.py:840} INFO - DAG(s) 'example_bash_decorator' retrieved from /home/airflow/.local/lib/python3.12/site-packages/airflow/example_dags/example_bash_decorator.py
[2024-07-31T16:44:30.642+0000] {logging_mixin.py:188} INFO - [2024-07-31T16:44:30.641+0000] {dag.py:3089} INFO - Sync 1 DAGs
[2024-07-31T16:44:30.681+0000] {logging_mixin.py:188} INFO - [2024-07-31T16:44:30.681+0000] {dag.py:3947} INFO - Setting next_dagrun for example_bash_decorator to None, run_after=None
[2024-07-31T16:44:30.734+0000] {processor.py:183} INFO - Processing /home/airflow/.local/lib/python3.12/site-packages/airflow/example_dags/example_bash_decorator.py took 0.309 seconds
[2024-07-31T16:45:00.898+0000] {processor.py:161} INFO - Started process (PID=163) to work on /home/airflow/.local/lib/python3.12/site-packages/airflow/example_dags/example_bash_decorator.py
[2024-07-31T16:45:00.899+0000] {processor.py:830} INFO - Processing file /home/airflow/.local/lib/python3.12/site-packages/airflow/example_dags/example_bash_decorator.py for tasks to queue
[2024-07-31T16:45:00.900+0000] {logging_mixin.py:188} INFO - [2024-07-31T16:45:00.900+0000] {dagbag.py:545} INFO - Filling up the DagBag from /home/airflow/.local/lib/python3.12/site-packages/airflow/example_dags/example_bash_decorator.py
[2024-07-31T16:45:00.921+0000] {processor.py:840} INFO - DAG(s) 'example_bash_decorator' retrieved from /home/airflow/.local/lib/python3.12/site-packages/airflow/example_dags/example_bash_decorator.py
[2024-07-31T16:45:00.966+0000] {logging_mixin.py:188} INFO - [2024-07-31T16:45:00.966+0000] {dag.py:3089} INFO - Sync 1 DAGs
[2024-07-31T16:45:00.987+0000] {logging_mixin.py:188} INFO - [2024-07-31T16:45:00.987+0000] {dag.py:3947} INFO - Setting next_dagrun for example_bash_decorator to None, run_after=None
[2024-07-31T16:45:01.037+0000] {processor.py:183} INFO - Processing /home/airflow/.local/lib/python3.12/site-packages/airflow/example_dags/example_bash_decorator.py took 0.146 seconds
[2024-07-31T16:45:31.313+0000] {processor.py:161} INFO - Started process (PID=221) to work on /home/airflow/.local/lib/python3.12/site-packages/airflow/example_dags/example_bash_decorator.py
[2024-07-31T16:45:31.316+0000] {processor.py:830} INFO - Processing file /home/airflow/.local/lib/python3.12/site-packages/airflow/example_dags/example_bash_decorator.py for tasks to queue
[2024-07-31T16:45:31.318+0000] {logging_mixin.py:188} INFO - [2024-07-31T16:45:31.317+0000] {dagbag.py:545} INFO - Filling up the DagBag from /home/airflow/.local/lib/python3.12/site-packages/airflow/example_dags/example_bash_decorator.py
[2024-07-31T16:45:31.340+0000] {processor.py:840} INFO - DAG(s) 'example_bash_decorator' retrieved from /home/airflow/.local/lib/python3.12/site-packages/airflow/example_dags/example_bash_decorator.py
[2024-07-31T16:45:31.386+0000] {logging_mixin.py:188} INFO - [2024-07-31T16:45:31.385+0000] {dag.py:3089} INFO - Sync 1 DAGs
[2024-07-31T16:45:31.406+0000] {logging_mixin.py:188} INFO - [2024-07-31T16:45:31.406+0000] {dag.py:3947} INFO - Setting next_dagrun for example_bash_decorator to None, run_after=None
[2024-07-31T16:45:31.442+0000] {processor.py:183} INFO - Processing /home/airflow/.local/lib/python3.12/site-packages/airflow/example_dags/example_bash_decorator.py took 0.142 seconds
[2024-07-31T16:46:01.585+0000] {processor.py:161} INFO - Started process (PID=279) to work on /home/airflow/.local/lib/python3.12/site-packages/airflow/example_dags/example_bash_decorator.py
[2024-07-31T16:46:01.586+0000] {processor.py:830} INFO - Processing file /home/airflow/.local/lib/python3.12/site-packages/airflow/example_dags/example_bash_decorator.py for tasks to queue
[2024-07-31T16:46:01.586+0000] {logging_mixin.py:188} INFO - [2024-07-31T16:46:01.586+0000] {dagbag.py:545} INFO - Filling up the DagBag from /home/airflow/.local/lib/python3.12/site-packages/airflow/example_dags/example_bash_decorator.py
[2024-07-31T16:46:01.604+0000] {processor.py:840} INFO - DAG(s) 'example_bash_decorator' retrieved from /home/airflow/.local/lib/python3.12/site-packages/airflow/example_dags/example_bash_decorator.py
[2024-07-31T16:46:01.635+0000] {logging_mixin.py:188} INFO - [2024-07-31T16:46:01.634+0000] {dag.py:3089} INFO - Sync 1 DAGs
[2024-07-31T16:46:01.653+0000] {logging_mixin.py:188} INFO - [2024-07-31T16:46:01.653+0000] {dag.py:3947} INFO - Setting next_dagrun for example_bash_decorator to None, run_after=None
[2024-07-31T16:46:01.683+0000] {processor.py:183} INFO - Processing /home/airflow/.local/lib/python3.12/site-packages/airflow/example_dags/example_bash_decorator.py took 0.104 seconds
