[2024-07-31T12:08:48.633+0000] {processor.py:161} INFO - Started process (PID=69) to work on /home/airflow/.local/lib/python3.12/site-packages/airflow/example_dags/example_branch_python_dop_operator_3.py
[2024-07-31T12:08:48.634+0000] {processor.py:830} INFO - Processing file /home/airflow/.local/lib/python3.12/site-packages/airflow/example_dags/example_branch_python_dop_operator_3.py for tasks to queue
[2024-07-31T12:08:48.635+0000] {logging_mixin.py:188} INFO - [2024-07-31T12:08:48.635+0000] {dagbag.py:545} INFO - Filling up the DagBag from /home/airflow/.local/lib/python3.12/site-packages/airflow/example_dags/example_branch_python_dop_operator_3.py
[2024-07-31T12:08:48.646+0000] {processor.py:840} INFO - DAG(s) 'example_branch_dop_operator_v3' retrieved from /home/airflow/.local/lib/python3.12/site-packages/airflow/example_dags/example_branch_python_dop_operator_3.py
[2024-07-31T12:08:49.008+0000] {logging_mixin.py:188} INFO - [2024-07-31T12:08:49.007+0000] {override.py:1858} INFO - Created Permission View: can delete on DAG:example_branch_dop_operator_v3
[2024-07-31T12:08:49.019+0000] {logging_mixin.py:188} INFO - [2024-07-31T12:08:49.019+0000] {override.py:1858} INFO - Created Permission View: can read on DAG:example_branch_dop_operator_v3
[2024-07-31T12:08:49.025+0000] {logging_mixin.py:188} INFO - [2024-07-31T12:08:49.024+0000] {override.py:1858} INFO - Created Permission View: can edit on DAG:example_branch_dop_operator_v3
[2024-07-31T12:08:49.025+0000] {logging_mixin.py:188} INFO - [2024-07-31T12:08:49.025+0000] {dag.py:3089} INFO - Sync 1 DAGs
[2024-07-31T12:08:49.039+0000] {logging_mixin.py:188} INFO - [2024-07-31T12:08:49.039+0000] {dag.py:3111} INFO - Creating ORM DAG for example_branch_dop_operator_v3
[2024-07-31T12:08:49.054+0000] {logging_mixin.py:188} INFO - [2024-07-31T12:08:49.054+0000] {dag.py:3947} INFO - Setting next_dagrun for example_branch_dop_operator_v3 to 2024-07-31 12:07:00+00:00, run_after=2024-07-31 12:08:00+00:00
[2024-07-31T12:08:49.070+0000] {processor.py:183} INFO - Processing /home/airflow/.local/lib/python3.12/site-packages/airflow/example_dags/example_branch_python_dop_operator_3.py took 0.443 seconds
[2024-07-31T12:09:19.978+0000] {processor.py:161} INFO - Started process (PID=127) to work on /home/airflow/.local/lib/python3.12/site-packages/airflow/example_dags/example_branch_python_dop_operator_3.py
[2024-07-31T12:09:19.979+0000] {processor.py:830} INFO - Processing file /home/airflow/.local/lib/python3.12/site-packages/airflow/example_dags/example_branch_python_dop_operator_3.py for tasks to queue
[2024-07-31T12:09:19.981+0000] {logging_mixin.py:188} INFO - [2024-07-31T12:09:19.981+0000] {dagbag.py:545} INFO - Filling up the DagBag from /home/airflow/.local/lib/python3.12/site-packages/airflow/example_dags/example_branch_python_dop_operator_3.py
[2024-07-31T12:09:19.997+0000] {processor.py:840} INFO - DAG(s) 'example_branch_dop_operator_v3' retrieved from /home/airflow/.local/lib/python3.12/site-packages/airflow/example_dags/example_branch_python_dop_operator_3.py
[2024-07-31T12:09:20.019+0000] {logging_mixin.py:188} INFO - [2024-07-31T12:09:20.019+0000] {dag.py:3089} INFO - Sync 1 DAGs
[2024-07-31T12:09:20.057+0000] {logging_mixin.py:188} INFO - [2024-07-31T12:09:20.057+0000] {dag.py:3947} INFO - Setting next_dagrun for example_branch_dop_operator_v3 to 2024-07-31 12:08:00+00:00, run_after=2024-07-31 12:09:00+00:00
[2024-07-31T12:09:20.083+0000] {processor.py:183} INFO - Processing /home/airflow/.local/lib/python3.12/site-packages/airflow/example_dags/example_branch_python_dop_operator_3.py took 0.113 seconds
[2024-07-31T12:09:50.156+0000] {processor.py:161} INFO - Started process (PID=185) to work on /home/airflow/.local/lib/python3.12/site-packages/airflow/example_dags/example_branch_python_dop_operator_3.py
[2024-07-31T12:09:50.156+0000] {processor.py:830} INFO - Processing file /home/airflow/.local/lib/python3.12/site-packages/airflow/example_dags/example_branch_python_dop_operator_3.py for tasks to queue
[2024-07-31T12:09:50.158+0000] {logging_mixin.py:188} INFO - [2024-07-31T12:09:50.157+0000] {dagbag.py:545} INFO - Filling up the DagBag from /home/airflow/.local/lib/python3.12/site-packages/airflow/example_dags/example_branch_python_dop_operator_3.py
[2024-07-31T12:09:50.167+0000] {processor.py:840} INFO - DAG(s) 'example_branch_dop_operator_v3' retrieved from /home/airflow/.local/lib/python3.12/site-packages/airflow/example_dags/example_branch_python_dop_operator_3.py
[2024-07-31T12:09:50.185+0000] {logging_mixin.py:188} INFO - [2024-07-31T12:09:50.185+0000] {dag.py:3089} INFO - Sync 1 DAGs
[2024-07-31T12:09:50.210+0000] {logging_mixin.py:188} INFO - [2024-07-31T12:09:50.210+0000] {dag.py:3947} INFO - Setting next_dagrun for example_branch_dop_operator_v3 to 2024-07-31 12:08:00+00:00, run_after=2024-07-31 12:09:00+00:00
[2024-07-31T12:09:50.232+0000] {processor.py:183} INFO - Processing /home/airflow/.local/lib/python3.12/site-packages/airflow/example_dags/example_branch_python_dop_operator_3.py took 0.081 seconds
[2024-07-31T12:10:20.572+0000] {processor.py:161} INFO - Started process (PID=243) to work on /home/airflow/.local/lib/python3.12/site-packages/airflow/example_dags/example_branch_python_dop_operator_3.py
[2024-07-31T12:10:20.573+0000] {processor.py:830} INFO - Processing file /home/airflow/.local/lib/python3.12/site-packages/airflow/example_dags/example_branch_python_dop_operator_3.py for tasks to queue
[2024-07-31T12:10:20.575+0000] {logging_mixin.py:188} INFO - [2024-07-31T12:10:20.575+0000] {dagbag.py:545} INFO - Filling up the DagBag from /home/airflow/.local/lib/python3.12/site-packages/airflow/example_dags/example_branch_python_dop_operator_3.py
[2024-07-31T12:10:20.587+0000] {processor.py:840} INFO - DAG(s) 'example_branch_dop_operator_v3' retrieved from /home/airflow/.local/lib/python3.12/site-packages/airflow/example_dags/example_branch_python_dop_operator_3.py
[2024-07-31T12:10:20.608+0000] {logging_mixin.py:188} INFO - [2024-07-31T12:10:20.607+0000] {dag.py:3089} INFO - Sync 1 DAGs
[2024-07-31T12:10:20.634+0000] {logging_mixin.py:188} INFO - [2024-07-31T12:10:20.634+0000] {dag.py:3947} INFO - Setting next_dagrun for example_branch_dop_operator_v3 to 2024-07-31 12:09:00+00:00, run_after=2024-07-31 12:10:00+00:00
[2024-07-31T12:10:20.658+0000] {processor.py:183} INFO - Processing /home/airflow/.local/lib/python3.12/site-packages/airflow/example_dags/example_branch_python_dop_operator_3.py took 0.091 seconds
[2024-07-31T12:10:50.861+0000] {processor.py:161} INFO - Started process (PID=301) to work on /home/airflow/.local/lib/python3.12/site-packages/airflow/example_dags/example_branch_python_dop_operator_3.py
[2024-07-31T12:10:50.862+0000] {processor.py:830} INFO - Processing file /home/airflow/.local/lib/python3.12/site-packages/airflow/example_dags/example_branch_python_dop_operator_3.py for tasks to queue
[2024-07-31T12:10:50.863+0000] {logging_mixin.py:188} INFO - [2024-07-31T12:10:50.863+0000] {dagbag.py:545} INFO - Filling up the DagBag from /home/airflow/.local/lib/python3.12/site-packages/airflow/example_dags/example_branch_python_dop_operator_3.py
[2024-07-31T12:10:50.874+0000] {processor.py:840} INFO - DAG(s) 'example_branch_dop_operator_v3' retrieved from /home/airflow/.local/lib/python3.12/site-packages/airflow/example_dags/example_branch_python_dop_operator_3.py
[2024-07-31T12:10:50.899+0000] {logging_mixin.py:188} INFO - [2024-07-31T12:10:50.899+0000] {dag.py:3089} INFO - Sync 1 DAGs
[2024-07-31T12:10:50.936+0000] {logging_mixin.py:188} INFO - [2024-07-31T12:10:50.935+0000] {dag.py:3947} INFO - Setting next_dagrun for example_branch_dop_operator_v3 to 2024-07-31 12:09:00+00:00, run_after=2024-07-31 12:10:00+00:00
[2024-07-31T12:10:50.955+0000] {processor.py:183} INFO - Processing /home/airflow/.local/lib/python3.12/site-packages/airflow/example_dags/example_branch_python_dop_operator_3.py took 0.099 seconds
[2024-07-31T12:11:21.315+0000] {processor.py:161} INFO - Started process (PID=358) to work on /home/airflow/.local/lib/python3.12/site-packages/airflow/example_dags/example_branch_python_dop_operator_3.py
[2024-07-31T12:11:21.316+0000] {processor.py:830} INFO - Processing file /home/airflow/.local/lib/python3.12/site-packages/airflow/example_dags/example_branch_python_dop_operator_3.py for tasks to queue
[2024-07-31T12:11:21.318+0000] {logging_mixin.py:188} INFO - [2024-07-31T12:11:21.317+0000] {dagbag.py:545} INFO - Filling up the DagBag from /home/airflow/.local/lib/python3.12/site-packages/airflow/example_dags/example_branch_python_dop_operator_3.py
[2024-07-31T12:11:21.329+0000] {processor.py:840} INFO - DAG(s) 'example_branch_dop_operator_v3' retrieved from /home/airflow/.local/lib/python3.12/site-packages/airflow/example_dags/example_branch_python_dop_operator_3.py
[2024-07-31T12:11:21.348+0000] {logging_mixin.py:188} INFO - [2024-07-31T12:11:21.348+0000] {dag.py:3089} INFO - Sync 1 DAGs
[2024-07-31T12:11:21.383+0000] {logging_mixin.py:188} INFO - [2024-07-31T12:11:21.383+0000] {dag.py:3947} INFO - Setting next_dagrun for example_branch_dop_operator_v3 to 2024-07-31 12:10:00+00:00, run_after=2024-07-31 12:11:00+00:00
[2024-07-31T12:11:21.420+0000] {processor.py:183} INFO - Processing /home/airflow/.local/lib/python3.12/site-packages/airflow/example_dags/example_branch_python_dop_operator_3.py took 0.112 seconds
[2024-07-31T12:11:51.584+0000] {processor.py:161} INFO - Started process (PID=416) to work on /home/airflow/.local/lib/python3.12/site-packages/airflow/example_dags/example_branch_python_dop_operator_3.py
[2024-07-31T12:11:51.586+0000] {processor.py:830} INFO - Processing file /home/airflow/.local/lib/python3.12/site-packages/airflow/example_dags/example_branch_python_dop_operator_3.py for tasks to queue
[2024-07-31T12:11:51.588+0000] {logging_mixin.py:188} INFO - [2024-07-31T12:11:51.588+0000] {dagbag.py:545} INFO - Filling up the DagBag from /home/airflow/.local/lib/python3.12/site-packages/airflow/example_dags/example_branch_python_dop_operator_3.py
[2024-07-31T12:11:51.600+0000] {processor.py:840} INFO - DAG(s) 'example_branch_dop_operator_v3' retrieved from /home/airflow/.local/lib/python3.12/site-packages/airflow/example_dags/example_branch_python_dop_operator_3.py
[2024-07-31T12:11:51.617+0000] {logging_mixin.py:188} INFO - [2024-07-31T12:11:51.617+0000] {dag.py:3089} INFO - Sync 1 DAGs
[2024-07-31T12:11:51.644+0000] {logging_mixin.py:188} INFO - [2024-07-31T12:11:51.643+0000] {dag.py:3947} INFO - Setting next_dagrun for example_branch_dop_operator_v3 to 2024-07-31 12:10:00+00:00, run_after=2024-07-31 12:11:00+00:00
[2024-07-31T12:11:51.675+0000] {processor.py:183} INFO - Processing /home/airflow/.local/lib/python3.12/site-packages/airflow/example_dags/example_branch_python_dop_operator_3.py took 0.096 seconds
[2024-07-31T12:12:22.203+0000] {processor.py:161} INFO - Started process (PID=474) to work on /home/airflow/.local/lib/python3.12/site-packages/airflow/example_dags/example_branch_python_dop_operator_3.py
[2024-07-31T12:12:22.204+0000] {processor.py:830} INFO - Processing file /home/airflow/.local/lib/python3.12/site-packages/airflow/example_dags/example_branch_python_dop_operator_3.py for tasks to queue
[2024-07-31T12:12:22.205+0000] {logging_mixin.py:188} INFO - [2024-07-31T12:12:22.205+0000] {dagbag.py:545} INFO - Filling up the DagBag from /home/airflow/.local/lib/python3.12/site-packages/airflow/example_dags/example_branch_python_dop_operator_3.py
[2024-07-31T12:12:22.213+0000] {processor.py:840} INFO - DAG(s) 'example_branch_dop_operator_v3' retrieved from /home/airflow/.local/lib/python3.12/site-packages/airflow/example_dags/example_branch_python_dop_operator_3.py
[2024-07-31T12:12:22.237+0000] {logging_mixin.py:188} INFO - [2024-07-31T12:12:22.236+0000] {dag.py:3089} INFO - Sync 1 DAGs
[2024-07-31T12:12:22.264+0000] {logging_mixin.py:188} INFO - [2024-07-31T12:12:22.263+0000] {dag.py:3947} INFO - Setting next_dagrun for example_branch_dop_operator_v3 to 2024-07-31 12:11:00+00:00, run_after=2024-07-31 12:12:00+00:00
[2024-07-31T12:12:22.290+0000] {processor.py:183} INFO - Processing /home/airflow/.local/lib/python3.12/site-packages/airflow/example_dags/example_branch_python_dop_operator_3.py took 0.092 seconds
[2024-07-31T12:12:52.778+0000] {processor.py:161} INFO - Started process (PID=531) to work on /home/airflow/.local/lib/python3.12/site-packages/airflow/example_dags/example_branch_python_dop_operator_3.py
[2024-07-31T12:12:52.778+0000] {processor.py:830} INFO - Processing file /home/airflow/.local/lib/python3.12/site-packages/airflow/example_dags/example_branch_python_dop_operator_3.py for tasks to queue
[2024-07-31T12:12:52.780+0000] {logging_mixin.py:188} INFO - [2024-07-31T12:12:52.779+0000] {dagbag.py:545} INFO - Filling up the DagBag from /home/airflow/.local/lib/python3.12/site-packages/airflow/example_dags/example_branch_python_dop_operator_3.py
[2024-07-31T12:12:52.789+0000] {processor.py:840} INFO - DAG(s) 'example_branch_dop_operator_v3' retrieved from /home/airflow/.local/lib/python3.12/site-packages/airflow/example_dags/example_branch_python_dop_operator_3.py
[2024-07-31T12:12:52.812+0000] {logging_mixin.py:188} INFO - [2024-07-31T12:12:52.811+0000] {dag.py:3089} INFO - Sync 1 DAGs
[2024-07-31T12:12:52.847+0000] {logging_mixin.py:188} INFO - [2024-07-31T12:12:52.847+0000] {dag.py:3947} INFO - Setting next_dagrun for example_branch_dop_operator_v3 to 2024-07-31 12:11:00+00:00, run_after=2024-07-31 12:12:00+00:00
[2024-07-31T12:12:52.875+0000] {processor.py:183} INFO - Processing /home/airflow/.local/lib/python3.12/site-packages/airflow/example_dags/example_branch_python_dop_operator_3.py took 0.104 seconds
[2024-07-31T12:13:22.947+0000] {processor.py:161} INFO - Started process (PID=589) to work on /home/airflow/.local/lib/python3.12/site-packages/airflow/example_dags/example_branch_python_dop_operator_3.py
[2024-07-31T12:13:22.949+0000] {processor.py:830} INFO - Processing file /home/airflow/.local/lib/python3.12/site-packages/airflow/example_dags/example_branch_python_dop_operator_3.py for tasks to queue
[2024-07-31T12:13:22.952+0000] {logging_mixin.py:188} INFO - [2024-07-31T12:13:22.951+0000] {dagbag.py:545} INFO - Filling up the DagBag from /home/airflow/.local/lib/python3.12/site-packages/airflow/example_dags/example_branch_python_dop_operator_3.py
[2024-07-31T12:13:22.968+0000] {processor.py:840} INFO - DAG(s) 'example_branch_dop_operator_v3' retrieved from /home/airflow/.local/lib/python3.12/site-packages/airflow/example_dags/example_branch_python_dop_operator_3.py
[2024-07-31T12:13:23.002+0000] {logging_mixin.py:188} INFO - [2024-07-31T12:13:23.001+0000] {dag.py:3089} INFO - Sync 1 DAGs
[2024-07-31T12:13:23.052+0000] {logging_mixin.py:188} INFO - [2024-07-31T12:13:23.051+0000] {dag.py:3947} INFO - Setting next_dagrun for example_branch_dop_operator_v3 to 2024-07-31 12:12:00+00:00, run_after=2024-07-31 12:13:00+00:00
[2024-07-31T12:13:23.092+0000] {processor.py:183} INFO - Processing /home/airflow/.local/lib/python3.12/site-packages/airflow/example_dags/example_branch_python_dop_operator_3.py took 0.157 seconds
[2024-07-31T12:13:53.993+0000] {processor.py:161} INFO - Started process (PID=646) to work on /home/airflow/.local/lib/python3.12/site-packages/airflow/example_dags/example_branch_python_dop_operator_3.py
[2024-07-31T12:13:53.994+0000] {processor.py:830} INFO - Processing file /home/airflow/.local/lib/python3.12/site-packages/airflow/example_dags/example_branch_python_dop_operator_3.py for tasks to queue
[2024-07-31T12:13:53.995+0000] {logging_mixin.py:188} INFO - [2024-07-31T12:13:53.995+0000] {dagbag.py:545} INFO - Filling up the DagBag from /home/airflow/.local/lib/python3.12/site-packages/airflow/example_dags/example_branch_python_dop_operator_3.py
[2024-07-31T12:13:54.004+0000] {processor.py:840} INFO - DAG(s) 'example_branch_dop_operator_v3' retrieved from /home/airflow/.local/lib/python3.12/site-packages/airflow/example_dags/example_branch_python_dop_operator_3.py
[2024-07-31T12:13:54.026+0000] {logging_mixin.py:188} INFO - [2024-07-31T12:13:54.026+0000] {dag.py:3089} INFO - Sync 1 DAGs
[2024-07-31T12:13:54.063+0000] {logging_mixin.py:188} INFO - [2024-07-31T12:13:54.063+0000] {dag.py:3947} INFO - Setting next_dagrun for example_branch_dop_operator_v3 to 2024-07-31 12:12:00+00:00, run_after=2024-07-31 12:13:00+00:00
[2024-07-31T12:13:54.088+0000] {processor.py:183} INFO - Processing /home/airflow/.local/lib/python3.12/site-packages/airflow/example_dags/example_branch_python_dop_operator_3.py took 0.101 seconds
[2024-07-31T12:14:24.514+0000] {processor.py:161} INFO - Started process (PID=704) to work on /home/airflow/.local/lib/python3.12/site-packages/airflow/example_dags/example_branch_python_dop_operator_3.py
[2024-07-31T12:14:24.515+0000] {processor.py:830} INFO - Processing file /home/airflow/.local/lib/python3.12/site-packages/airflow/example_dags/example_branch_python_dop_operator_3.py for tasks to queue
[2024-07-31T12:14:24.516+0000] {logging_mixin.py:188} INFO - [2024-07-31T12:14:24.516+0000] {dagbag.py:545} INFO - Filling up the DagBag from /home/airflow/.local/lib/python3.12/site-packages/airflow/example_dags/example_branch_python_dop_operator_3.py
[2024-07-31T12:14:24.528+0000] {processor.py:840} INFO - DAG(s) 'example_branch_dop_operator_v3' retrieved from /home/airflow/.local/lib/python3.12/site-packages/airflow/example_dags/example_branch_python_dop_operator_3.py
[2024-07-31T12:14:24.547+0000] {logging_mixin.py:188} INFO - [2024-07-31T12:14:24.547+0000] {dag.py:3089} INFO - Sync 1 DAGs
[2024-07-31T12:14:24.571+0000] {logging_mixin.py:188} INFO - [2024-07-31T12:14:24.571+0000] {dag.py:3947} INFO - Setting next_dagrun for example_branch_dop_operator_v3 to 2024-07-31 12:13:00+00:00, run_after=2024-07-31 12:14:00+00:00
[2024-07-31T12:14:24.594+0000] {processor.py:183} INFO - Processing /home/airflow/.local/lib/python3.12/site-packages/airflow/example_dags/example_branch_python_dop_operator_3.py took 0.085 seconds
[2024-07-31T12:14:55.010+0000] {processor.py:161} INFO - Started process (PID=762) to work on /home/airflow/.local/lib/python3.12/site-packages/airflow/example_dags/example_branch_python_dop_operator_3.py
[2024-07-31T12:14:55.011+0000] {processor.py:830} INFO - Processing file /home/airflow/.local/lib/python3.12/site-packages/airflow/example_dags/example_branch_python_dop_operator_3.py for tasks to queue
[2024-07-31T12:14:55.012+0000] {logging_mixin.py:188} INFO - [2024-07-31T12:14:55.012+0000] {dagbag.py:545} INFO - Filling up the DagBag from /home/airflow/.local/lib/python3.12/site-packages/airflow/example_dags/example_branch_python_dop_operator_3.py
[2024-07-31T12:14:55.022+0000] {processor.py:840} INFO - DAG(s) 'example_branch_dop_operator_v3' retrieved from /home/airflow/.local/lib/python3.12/site-packages/airflow/example_dags/example_branch_python_dop_operator_3.py
[2024-07-31T12:14:55.043+0000] {logging_mixin.py:188} INFO - [2024-07-31T12:14:55.043+0000] {dag.py:3089} INFO - Sync 1 DAGs
[2024-07-31T12:14:55.069+0000] {logging_mixin.py:188} INFO - [2024-07-31T12:14:55.068+0000] {dag.py:3947} INFO - Setting next_dagrun for example_branch_dop_operator_v3 to 2024-07-31 12:13:00+00:00, run_after=2024-07-31 12:14:00+00:00
[2024-07-31T12:14:55.091+0000] {processor.py:183} INFO - Processing /home/airflow/.local/lib/python3.12/site-packages/airflow/example_dags/example_branch_python_dop_operator_3.py took 0.086 seconds
[2024-07-31T12:15:25.127+0000] {processor.py:161} INFO - Started process (PID=820) to work on /home/airflow/.local/lib/python3.12/site-packages/airflow/example_dags/example_branch_python_dop_operator_3.py
[2024-07-31T12:15:25.128+0000] {processor.py:830} INFO - Processing file /home/airflow/.local/lib/python3.12/site-packages/airflow/example_dags/example_branch_python_dop_operator_3.py for tasks to queue
[2024-07-31T12:15:25.130+0000] {logging_mixin.py:188} INFO - [2024-07-31T12:15:25.130+0000] {dagbag.py:545} INFO - Filling up the DagBag from /home/airflow/.local/lib/python3.12/site-packages/airflow/example_dags/example_branch_python_dop_operator_3.py
[2024-07-31T12:15:25.140+0000] {processor.py:840} INFO - DAG(s) 'example_branch_dop_operator_v3' retrieved from /home/airflow/.local/lib/python3.12/site-packages/airflow/example_dags/example_branch_python_dop_operator_3.py
[2024-07-31T12:15:25.171+0000] {logging_mixin.py:188} INFO - [2024-07-31T12:15:25.170+0000] {dag.py:3089} INFO - Sync 1 DAGs
[2024-07-31T12:15:25.208+0000] {logging_mixin.py:188} INFO - [2024-07-31T12:15:25.208+0000] {dag.py:3947} INFO - Setting next_dagrun for example_branch_dop_operator_v3 to 2024-07-31 12:14:00+00:00, run_after=2024-07-31 12:15:00+00:00
[2024-07-31T12:15:25.239+0000] {processor.py:183} INFO - Processing /home/airflow/.local/lib/python3.12/site-packages/airflow/example_dags/example_branch_python_dop_operator_3.py took 0.120 seconds
[2024-07-31T12:15:55.506+0000] {processor.py:161} INFO - Started process (PID=877) to work on /home/airflow/.local/lib/python3.12/site-packages/airflow/example_dags/example_branch_python_dop_operator_3.py
[2024-07-31T12:15:55.507+0000] {processor.py:830} INFO - Processing file /home/airflow/.local/lib/python3.12/site-packages/airflow/example_dags/example_branch_python_dop_operator_3.py for tasks to queue
[2024-07-31T12:15:55.509+0000] {logging_mixin.py:188} INFO - [2024-07-31T12:15:55.509+0000] {dagbag.py:545} INFO - Filling up the DagBag from /home/airflow/.local/lib/python3.12/site-packages/airflow/example_dags/example_branch_python_dop_operator_3.py
[2024-07-31T12:15:55.520+0000] {processor.py:840} INFO - DAG(s) 'example_branch_dop_operator_v3' retrieved from /home/airflow/.local/lib/python3.12/site-packages/airflow/example_dags/example_branch_python_dop_operator_3.py
[2024-07-31T12:15:55.544+0000] {logging_mixin.py:188} INFO - [2024-07-31T12:15:55.544+0000] {dag.py:3089} INFO - Sync 1 DAGs
[2024-07-31T12:15:55.574+0000] {logging_mixin.py:188} INFO - [2024-07-31T12:15:55.573+0000] {dag.py:3947} INFO - Setting next_dagrun for example_branch_dop_operator_v3 to 2024-07-31 12:14:00+00:00, run_after=2024-07-31 12:15:00+00:00
[2024-07-31T12:15:55.598+0000] {processor.py:183} INFO - Processing /home/airflow/.local/lib/python3.12/site-packages/airflow/example_dags/example_branch_python_dop_operator_3.py took 0.100 seconds
[2024-07-31T12:16:25.887+0000] {processor.py:161} INFO - Started process (PID=934) to work on /home/airflow/.local/lib/python3.12/site-packages/airflow/example_dags/example_branch_python_dop_operator_3.py
[2024-07-31T12:16:25.887+0000] {processor.py:830} INFO - Processing file /home/airflow/.local/lib/python3.12/site-packages/airflow/example_dags/example_branch_python_dop_operator_3.py for tasks to queue
[2024-07-31T12:16:25.889+0000] {logging_mixin.py:188} INFO - [2024-07-31T12:16:25.889+0000] {dagbag.py:545} INFO - Filling up the DagBag from /home/airflow/.local/lib/python3.12/site-packages/airflow/example_dags/example_branch_python_dop_operator_3.py
[2024-07-31T12:16:25.901+0000] {processor.py:840} INFO - DAG(s) 'example_branch_dop_operator_v3' retrieved from /home/airflow/.local/lib/python3.12/site-packages/airflow/example_dags/example_branch_python_dop_operator_3.py
[2024-07-31T12:16:25.922+0000] {logging_mixin.py:188} INFO - [2024-07-31T12:16:25.922+0000] {dag.py:3089} INFO - Sync 1 DAGs
[2024-07-31T12:16:25.949+0000] {logging_mixin.py:188} INFO - [2024-07-31T12:16:25.949+0000] {dag.py:3947} INFO - Setting next_dagrun for example_branch_dop_operator_v3 to 2024-07-31 12:15:00+00:00, run_after=2024-07-31 12:16:00+00:00
[2024-07-31T12:16:25.976+0000] {processor.py:183} INFO - Processing /home/airflow/.local/lib/python3.12/site-packages/airflow/example_dags/example_branch_python_dop_operator_3.py took 0.098 seconds
[2024-07-31T12:16:56.033+0000] {processor.py:161} INFO - Started process (PID=991) to work on /home/airflow/.local/lib/python3.12/site-packages/airflow/example_dags/example_branch_python_dop_operator_3.py
[2024-07-31T12:16:56.033+0000] {processor.py:830} INFO - Processing file /home/airflow/.local/lib/python3.12/site-packages/airflow/example_dags/example_branch_python_dop_operator_3.py for tasks to queue
[2024-07-31T12:16:56.035+0000] {logging_mixin.py:188} INFO - [2024-07-31T12:16:56.035+0000] {dagbag.py:545} INFO - Filling up the DagBag from /home/airflow/.local/lib/python3.12/site-packages/airflow/example_dags/example_branch_python_dop_operator_3.py
[2024-07-31T12:16:56.043+0000] {processor.py:840} INFO - DAG(s) 'example_branch_dop_operator_v3' retrieved from /home/airflow/.local/lib/python3.12/site-packages/airflow/example_dags/example_branch_python_dop_operator_3.py
[2024-07-31T12:16:56.070+0000] {logging_mixin.py:188} INFO - [2024-07-31T12:16:56.070+0000] {dag.py:3089} INFO - Sync 1 DAGs
[2024-07-31T12:16:56.097+0000] {logging_mixin.py:188} INFO - [2024-07-31T12:16:56.097+0000] {dag.py:3947} INFO - Setting next_dagrun for example_branch_dop_operator_v3 to 2024-07-31 12:15:00+00:00, run_after=2024-07-31 12:16:00+00:00
[2024-07-31T12:16:56.126+0000] {processor.py:183} INFO - Processing /home/airflow/.local/lib/python3.12/site-packages/airflow/example_dags/example_branch_python_dop_operator_3.py took 0.099 seconds
[2024-07-31T12:17:26.202+0000] {processor.py:161} INFO - Started process (PID=1048) to work on /home/airflow/.local/lib/python3.12/site-packages/airflow/example_dags/example_branch_python_dop_operator_3.py
[2024-07-31T12:17:26.203+0000] {processor.py:830} INFO - Processing file /home/airflow/.local/lib/python3.12/site-packages/airflow/example_dags/example_branch_python_dop_operator_3.py for tasks to queue
[2024-07-31T12:17:26.204+0000] {logging_mixin.py:188} INFO - [2024-07-31T12:17:26.204+0000] {dagbag.py:545} INFO - Filling up the DagBag from /home/airflow/.local/lib/python3.12/site-packages/airflow/example_dags/example_branch_python_dop_operator_3.py
[2024-07-31T12:17:26.213+0000] {processor.py:840} INFO - DAG(s) 'example_branch_dop_operator_v3' retrieved from /home/airflow/.local/lib/python3.12/site-packages/airflow/example_dags/example_branch_python_dop_operator_3.py
[2024-07-31T12:17:26.230+0000] {logging_mixin.py:188} INFO - [2024-07-31T12:17:26.230+0000] {dag.py:3089} INFO - Sync 1 DAGs
[2024-07-31T12:17:26.254+0000] {logging_mixin.py:188} INFO - [2024-07-31T12:17:26.254+0000] {dag.py:3947} INFO - Setting next_dagrun for example_branch_dop_operator_v3 to 2024-07-31 12:16:00+00:00, run_after=2024-07-31 12:17:00+00:00
[2024-07-31T12:17:26.279+0000] {processor.py:183} INFO - Processing /home/airflow/.local/lib/python3.12/site-packages/airflow/example_dags/example_branch_python_dop_operator_3.py took 0.083 seconds
[2024-07-31T12:17:56.699+0000] {processor.py:161} INFO - Started process (PID=1112) to work on /home/airflow/.local/lib/python3.12/site-packages/airflow/example_dags/example_branch_python_dop_operator_3.py
[2024-07-31T12:17:56.700+0000] {processor.py:830} INFO - Processing file /home/airflow/.local/lib/python3.12/site-packages/airflow/example_dags/example_branch_python_dop_operator_3.py for tasks to queue
[2024-07-31T12:17:56.702+0000] {logging_mixin.py:188} INFO - [2024-07-31T12:17:56.702+0000] {dagbag.py:545} INFO - Filling up the DagBag from /home/airflow/.local/lib/python3.12/site-packages/airflow/example_dags/example_branch_python_dop_operator_3.py
[2024-07-31T12:17:56.711+0000] {processor.py:840} INFO - DAG(s) 'example_branch_dop_operator_v3' retrieved from /home/airflow/.local/lib/python3.12/site-packages/airflow/example_dags/example_branch_python_dop_operator_3.py
[2024-07-31T12:17:56.730+0000] {logging_mixin.py:188} INFO - [2024-07-31T12:17:56.729+0000] {dag.py:3089} INFO - Sync 1 DAGs
[2024-07-31T12:17:56.762+0000] {logging_mixin.py:188} INFO - [2024-07-31T12:17:56.762+0000] {dag.py:3947} INFO - Setting next_dagrun for example_branch_dop_operator_v3 to 2024-07-31 12:16:00+00:00, run_after=2024-07-31 12:17:00+00:00
[2024-07-31T12:17:56.788+0000] {processor.py:183} INFO - Processing /home/airflow/.local/lib/python3.12/site-packages/airflow/example_dags/example_branch_python_dop_operator_3.py took 0.098 seconds
[2024-07-31T12:18:27.075+0000] {processor.py:161} INFO - Started process (PID=1170) to work on /home/airflow/.local/lib/python3.12/site-packages/airflow/example_dags/example_branch_python_dop_operator_3.py
[2024-07-31T12:18:27.076+0000] {processor.py:830} INFO - Processing file /home/airflow/.local/lib/python3.12/site-packages/airflow/example_dags/example_branch_python_dop_operator_3.py for tasks to queue
[2024-07-31T12:18:27.077+0000] {logging_mixin.py:188} INFO - [2024-07-31T12:18:27.077+0000] {dagbag.py:545} INFO - Filling up the DagBag from /home/airflow/.local/lib/python3.12/site-packages/airflow/example_dags/example_branch_python_dop_operator_3.py
[2024-07-31T12:18:27.087+0000] {processor.py:840} INFO - DAG(s) 'example_branch_dop_operator_v3' retrieved from /home/airflow/.local/lib/python3.12/site-packages/airflow/example_dags/example_branch_python_dop_operator_3.py
[2024-07-31T12:18:27.106+0000] {logging_mixin.py:188} INFO - [2024-07-31T12:18:27.106+0000] {dag.py:3089} INFO - Sync 1 DAGs
[2024-07-31T12:18:27.142+0000] {logging_mixin.py:188} INFO - [2024-07-31T12:18:27.142+0000] {dag.py:3947} INFO - Setting next_dagrun for example_branch_dop_operator_v3 to 2024-07-31 12:17:00+00:00, run_after=2024-07-31 12:18:00+00:00
[2024-07-31T12:18:27.182+0000] {processor.py:183} INFO - Processing /home/airflow/.local/lib/python3.12/site-packages/airflow/example_dags/example_branch_python_dop_operator_3.py took 0.113 seconds
[2024-07-31T12:18:57.365+0000] {processor.py:161} INFO - Started process (PID=1228) to work on /home/airflow/.local/lib/python3.12/site-packages/airflow/example_dags/example_branch_python_dop_operator_3.py
[2024-07-31T12:18:57.366+0000] {processor.py:830} INFO - Processing file /home/airflow/.local/lib/python3.12/site-packages/airflow/example_dags/example_branch_python_dop_operator_3.py for tasks to queue
[2024-07-31T12:18:57.368+0000] {logging_mixin.py:188} INFO - [2024-07-31T12:18:57.367+0000] {dagbag.py:545} INFO - Filling up the DagBag from /home/airflow/.local/lib/python3.12/site-packages/airflow/example_dags/example_branch_python_dop_operator_3.py
[2024-07-31T12:18:57.383+0000] {processor.py:840} INFO - DAG(s) 'example_branch_dop_operator_v3' retrieved from /home/airflow/.local/lib/python3.12/site-packages/airflow/example_dags/example_branch_python_dop_operator_3.py
[2024-07-31T12:18:57.408+0000] {logging_mixin.py:188} INFO - [2024-07-31T12:18:57.408+0000] {dag.py:3089} INFO - Sync 1 DAGs
[2024-07-31T12:18:57.436+0000] {logging_mixin.py:188} INFO - [2024-07-31T12:18:57.436+0000] {dag.py:3947} INFO - Setting next_dagrun for example_branch_dop_operator_v3 to 2024-07-31 12:17:00+00:00, run_after=2024-07-31 12:18:00+00:00
[2024-07-31T12:18:57.467+0000] {processor.py:183} INFO - Processing /home/airflow/.local/lib/python3.12/site-packages/airflow/example_dags/example_branch_python_dop_operator_3.py took 0.110 seconds
[2024-07-31T12:19:27.665+0000] {processor.py:161} INFO - Started process (PID=1286) to work on /home/airflow/.local/lib/python3.12/site-packages/airflow/example_dags/example_branch_python_dop_operator_3.py
[2024-07-31T12:19:27.665+0000] {processor.py:830} INFO - Processing file /home/airflow/.local/lib/python3.12/site-packages/airflow/example_dags/example_branch_python_dop_operator_3.py for tasks to queue
[2024-07-31T12:19:27.667+0000] {logging_mixin.py:188} INFO - [2024-07-31T12:19:27.667+0000] {dagbag.py:545} INFO - Filling up the DagBag from /home/airflow/.local/lib/python3.12/site-packages/airflow/example_dags/example_branch_python_dop_operator_3.py
[2024-07-31T12:19:27.676+0000] {processor.py:840} INFO - DAG(s) 'example_branch_dop_operator_v3' retrieved from /home/airflow/.local/lib/python3.12/site-packages/airflow/example_dags/example_branch_python_dop_operator_3.py
[2024-07-31T12:19:27.703+0000] {logging_mixin.py:188} INFO - [2024-07-31T12:19:27.703+0000] {dag.py:3089} INFO - Sync 1 DAGs
[2024-07-31T12:19:27.731+0000] {logging_mixin.py:188} INFO - [2024-07-31T12:19:27.731+0000] {dag.py:3947} INFO - Setting next_dagrun for example_branch_dop_operator_v3 to 2024-07-31 12:18:00+00:00, run_after=2024-07-31 12:19:00+00:00
[2024-07-31T12:19:27.754+0000] {processor.py:183} INFO - Processing /home/airflow/.local/lib/python3.12/site-packages/airflow/example_dags/example_branch_python_dop_operator_3.py took 0.094 seconds
[2024-07-31T12:19:58.101+0000] {processor.py:161} INFO - Started process (PID=1344) to work on /home/airflow/.local/lib/python3.12/site-packages/airflow/example_dags/example_branch_python_dop_operator_3.py
[2024-07-31T12:19:58.102+0000] {processor.py:830} INFO - Processing file /home/airflow/.local/lib/python3.12/site-packages/airflow/example_dags/example_branch_python_dop_operator_3.py for tasks to queue
[2024-07-31T12:19:58.103+0000] {logging_mixin.py:188} INFO - [2024-07-31T12:19:58.103+0000] {dagbag.py:545} INFO - Filling up the DagBag from /home/airflow/.local/lib/python3.12/site-packages/airflow/example_dags/example_branch_python_dop_operator_3.py
[2024-07-31T12:19:58.111+0000] {processor.py:840} INFO - DAG(s) 'example_branch_dop_operator_v3' retrieved from /home/airflow/.local/lib/python3.12/site-packages/airflow/example_dags/example_branch_python_dop_operator_3.py
[2024-07-31T12:19:58.136+0000] {logging_mixin.py:188} INFO - [2024-07-31T12:19:58.136+0000] {dag.py:3089} INFO - Sync 1 DAGs
[2024-07-31T12:19:58.168+0000] {logging_mixin.py:188} INFO - [2024-07-31T12:19:58.167+0000] {dag.py:3947} INFO - Setting next_dagrun for example_branch_dop_operator_v3 to 2024-07-31 12:18:00+00:00, run_after=2024-07-31 12:19:00+00:00
[2024-07-31T12:19:58.193+0000] {processor.py:183} INFO - Processing /home/airflow/.local/lib/python3.12/site-packages/airflow/example_dags/example_branch_python_dop_operator_3.py took 0.097 seconds
[2024-07-31T12:20:28.497+0000] {processor.py:161} INFO - Started process (PID=1402) to work on /home/airflow/.local/lib/python3.12/site-packages/airflow/example_dags/example_branch_python_dop_operator_3.py
[2024-07-31T12:20:28.497+0000] {processor.py:830} INFO - Processing file /home/airflow/.local/lib/python3.12/site-packages/airflow/example_dags/example_branch_python_dop_operator_3.py for tasks to queue
[2024-07-31T12:20:28.499+0000] {logging_mixin.py:188} INFO - [2024-07-31T12:20:28.498+0000] {dagbag.py:545} INFO - Filling up the DagBag from /home/airflow/.local/lib/python3.12/site-packages/airflow/example_dags/example_branch_python_dop_operator_3.py
[2024-07-31T12:20:28.507+0000] {processor.py:840} INFO - DAG(s) 'example_branch_dop_operator_v3' retrieved from /home/airflow/.local/lib/python3.12/site-packages/airflow/example_dags/example_branch_python_dop_operator_3.py
[2024-07-31T12:20:28.528+0000] {logging_mixin.py:188} INFO - [2024-07-31T12:20:28.528+0000] {dag.py:3089} INFO - Sync 1 DAGs
[2024-07-31T12:20:28.555+0000] {logging_mixin.py:188} INFO - [2024-07-31T12:20:28.555+0000] {dag.py:3947} INFO - Setting next_dagrun for example_branch_dop_operator_v3 to 2024-07-31 12:19:00+00:00, run_after=2024-07-31 12:20:00+00:00
[2024-07-31T12:20:28.577+0000] {processor.py:183} INFO - Processing /home/airflow/.local/lib/python3.12/site-packages/airflow/example_dags/example_branch_python_dop_operator_3.py took 0.085 seconds
[2024-07-31T12:20:58.993+0000] {processor.py:161} INFO - Started process (PID=1460) to work on /home/airflow/.local/lib/python3.12/site-packages/airflow/example_dags/example_branch_python_dop_operator_3.py
[2024-07-31T12:20:58.994+0000] {processor.py:830} INFO - Processing file /home/airflow/.local/lib/python3.12/site-packages/airflow/example_dags/example_branch_python_dop_operator_3.py for tasks to queue
[2024-07-31T12:20:58.995+0000] {logging_mixin.py:188} INFO - [2024-07-31T12:20:58.995+0000] {dagbag.py:545} INFO - Filling up the DagBag from /home/airflow/.local/lib/python3.12/site-packages/airflow/example_dags/example_branch_python_dop_operator_3.py
[2024-07-31T12:20:59.003+0000] {processor.py:840} INFO - DAG(s) 'example_branch_dop_operator_v3' retrieved from /home/airflow/.local/lib/python3.12/site-packages/airflow/example_dags/example_branch_python_dop_operator_3.py
[2024-07-31T12:20:59.024+0000] {logging_mixin.py:188} INFO - [2024-07-31T12:20:59.023+0000] {dag.py:3089} INFO - Sync 1 DAGs
[2024-07-31T12:20:59.051+0000] {logging_mixin.py:188} INFO - [2024-07-31T12:20:59.051+0000] {dag.py:3947} INFO - Setting next_dagrun for example_branch_dop_operator_v3 to 2024-07-31 12:19:00+00:00, run_after=2024-07-31 12:20:00+00:00
[2024-07-31T12:20:59.079+0000] {processor.py:183} INFO - Processing /home/airflow/.local/lib/python3.12/site-packages/airflow/example_dags/example_branch_python_dop_operator_3.py took 0.092 seconds
[2024-07-31T12:21:29.153+0000] {processor.py:161} INFO - Started process (PID=1518) to work on /home/airflow/.local/lib/python3.12/site-packages/airflow/example_dags/example_branch_python_dop_operator_3.py
[2024-07-31T12:21:29.154+0000] {processor.py:830} INFO - Processing file /home/airflow/.local/lib/python3.12/site-packages/airflow/example_dags/example_branch_python_dop_operator_3.py for tasks to queue
[2024-07-31T12:21:29.155+0000] {logging_mixin.py:188} INFO - [2024-07-31T12:21:29.155+0000] {dagbag.py:545} INFO - Filling up the DagBag from /home/airflow/.local/lib/python3.12/site-packages/airflow/example_dags/example_branch_python_dop_operator_3.py
[2024-07-31T12:21:29.165+0000] {processor.py:840} INFO - DAG(s) 'example_branch_dop_operator_v3' retrieved from /home/airflow/.local/lib/python3.12/site-packages/airflow/example_dags/example_branch_python_dop_operator_3.py
[2024-07-31T12:21:29.187+0000] {logging_mixin.py:188} INFO - [2024-07-31T12:21:29.186+0000] {dag.py:3089} INFO - Sync 1 DAGs
[2024-07-31T12:21:29.216+0000] {logging_mixin.py:188} INFO - [2024-07-31T12:21:29.216+0000] {dag.py:3947} INFO - Setting next_dagrun for example_branch_dop_operator_v3 to 2024-07-31 12:20:00+00:00, run_after=2024-07-31 12:21:00+00:00
[2024-07-31T12:21:29.240+0000] {processor.py:183} INFO - Processing /home/airflow/.local/lib/python3.12/site-packages/airflow/example_dags/example_branch_python_dop_operator_3.py took 0.092 seconds
[2024-07-31T12:21:59.428+0000] {processor.py:161} INFO - Started process (PID=1576) to work on /home/airflow/.local/lib/python3.12/site-packages/airflow/example_dags/example_branch_python_dop_operator_3.py
[2024-07-31T12:21:59.429+0000] {processor.py:830} INFO - Processing file /home/airflow/.local/lib/python3.12/site-packages/airflow/example_dags/example_branch_python_dop_operator_3.py for tasks to queue
[2024-07-31T12:21:59.430+0000] {logging_mixin.py:188} INFO - [2024-07-31T12:21:59.430+0000] {dagbag.py:545} INFO - Filling up the DagBag from /home/airflow/.local/lib/python3.12/site-packages/airflow/example_dags/example_branch_python_dop_operator_3.py
[2024-07-31T12:21:59.438+0000] {processor.py:840} INFO - DAG(s) 'example_branch_dop_operator_v3' retrieved from /home/airflow/.local/lib/python3.12/site-packages/airflow/example_dags/example_branch_python_dop_operator_3.py
[2024-07-31T12:21:59.460+0000] {logging_mixin.py:188} INFO - [2024-07-31T12:21:59.460+0000] {dag.py:3089} INFO - Sync 1 DAGs
[2024-07-31T12:21:59.490+0000] {logging_mixin.py:188} INFO - [2024-07-31T12:21:59.490+0000] {dag.py:3947} INFO - Setting next_dagrun for example_branch_dop_operator_v3 to 2024-07-31 12:20:00+00:00, run_after=2024-07-31 12:21:00+00:00
[2024-07-31T12:21:59.514+0000] {processor.py:183} INFO - Processing /home/airflow/.local/lib/python3.12/site-packages/airflow/example_dags/example_branch_python_dop_operator_3.py took 0.091 seconds
[2024-07-31T12:22:29.954+0000] {processor.py:161} INFO - Started process (PID=1634) to work on /home/airflow/.local/lib/python3.12/site-packages/airflow/example_dags/example_branch_python_dop_operator_3.py
[2024-07-31T12:22:29.955+0000] {processor.py:830} INFO - Processing file /home/airflow/.local/lib/python3.12/site-packages/airflow/example_dags/example_branch_python_dop_operator_3.py for tasks to queue
[2024-07-31T12:22:29.958+0000] {logging_mixin.py:188} INFO - [2024-07-31T12:22:29.957+0000] {dagbag.py:545} INFO - Filling up the DagBag from /home/airflow/.local/lib/python3.12/site-packages/airflow/example_dags/example_branch_python_dop_operator_3.py
[2024-07-31T12:22:29.969+0000] {processor.py:840} INFO - DAG(s) 'example_branch_dop_operator_v3' retrieved from /home/airflow/.local/lib/python3.12/site-packages/airflow/example_dags/example_branch_python_dop_operator_3.py
[2024-07-31T12:22:30.003+0000] {logging_mixin.py:188} INFO - [2024-07-31T12:22:30.002+0000] {dag.py:3089} INFO - Sync 1 DAGs
[2024-07-31T12:22:30.034+0000] {logging_mixin.py:188} INFO - [2024-07-31T12:22:30.033+0000] {dag.py:3947} INFO - Setting next_dagrun for example_branch_dop_operator_v3 to 2024-07-31 12:21:00+00:00, run_after=2024-07-31 12:22:00+00:00
[2024-07-31T12:22:30.059+0000] {processor.py:183} INFO - Processing /home/airflow/.local/lib/python3.12/site-packages/airflow/example_dags/example_branch_python_dop_operator_3.py took 0.112 seconds
[2024-07-31T12:23:00.185+0000] {processor.py:161} INFO - Started process (PID=1691) to work on /home/airflow/.local/lib/python3.12/site-packages/airflow/example_dags/example_branch_python_dop_operator_3.py
[2024-07-31T12:23:00.186+0000] {processor.py:830} INFO - Processing file /home/airflow/.local/lib/python3.12/site-packages/airflow/example_dags/example_branch_python_dop_operator_3.py for tasks to queue
[2024-07-31T12:23:00.188+0000] {logging_mixin.py:188} INFO - [2024-07-31T12:23:00.188+0000] {dagbag.py:545} INFO - Filling up the DagBag from /home/airflow/.local/lib/python3.12/site-packages/airflow/example_dags/example_branch_python_dop_operator_3.py
[2024-07-31T12:23:00.196+0000] {processor.py:840} INFO - DAG(s) 'example_branch_dop_operator_v3' retrieved from /home/airflow/.local/lib/python3.12/site-packages/airflow/example_dags/example_branch_python_dop_operator_3.py
[2024-07-31T12:23:00.225+0000] {logging_mixin.py:188} INFO - [2024-07-31T12:23:00.225+0000] {dag.py:3089} INFO - Sync 1 DAGs
[2024-07-31T12:23:00.262+0000] {logging_mixin.py:188} INFO - [2024-07-31T12:23:00.262+0000] {dag.py:3947} INFO - Setting next_dagrun for example_branch_dop_operator_v3 to 2024-07-31 12:22:00+00:00, run_after=2024-07-31 12:23:00+00:00
[2024-07-31T12:23:00.294+0000] {processor.py:183} INFO - Processing /home/airflow/.local/lib/python3.12/site-packages/airflow/example_dags/example_branch_python_dop_operator_3.py took 0.116 seconds
[2024-07-31T12:23:30.429+0000] {processor.py:161} INFO - Started process (PID=1749) to work on /home/airflow/.local/lib/python3.12/site-packages/airflow/example_dags/example_branch_python_dop_operator_3.py
[2024-07-31T12:23:30.430+0000] {processor.py:830} INFO - Processing file /home/airflow/.local/lib/python3.12/site-packages/airflow/example_dags/example_branch_python_dop_operator_3.py for tasks to queue
[2024-07-31T12:23:30.432+0000] {logging_mixin.py:188} INFO - [2024-07-31T12:23:30.432+0000] {dagbag.py:545} INFO - Filling up the DagBag from /home/airflow/.local/lib/python3.12/site-packages/airflow/example_dags/example_branch_python_dop_operator_3.py
[2024-07-31T12:23:30.440+0000] {processor.py:840} INFO - DAG(s) 'example_branch_dop_operator_v3' retrieved from /home/airflow/.local/lib/python3.12/site-packages/airflow/example_dags/example_branch_python_dop_operator_3.py
[2024-07-31T12:23:30.469+0000] {logging_mixin.py:188} INFO - [2024-07-31T12:23:30.469+0000] {dag.py:3089} INFO - Sync 1 DAGs
[2024-07-31T12:23:30.528+0000] {logging_mixin.py:188} INFO - [2024-07-31T12:23:30.527+0000] {dag.py:3947} INFO - Setting next_dagrun for example_branch_dop_operator_v3 to 2024-07-31 12:22:00+00:00, run_after=2024-07-31 12:23:00+00:00
[2024-07-31T12:23:30.588+0000] {processor.py:183} INFO - Processing /home/airflow/.local/lib/python3.12/site-packages/airflow/example_dags/example_branch_python_dop_operator_3.py took 0.164 seconds
[2024-07-31T12:24:00.963+0000] {processor.py:161} INFO - Started process (PID=1807) to work on /home/airflow/.local/lib/python3.12/site-packages/airflow/example_dags/example_branch_python_dop_operator_3.py
[2024-07-31T12:24:00.964+0000] {processor.py:830} INFO - Processing file /home/airflow/.local/lib/python3.12/site-packages/airflow/example_dags/example_branch_python_dop_operator_3.py for tasks to queue
[2024-07-31T12:24:00.965+0000] {logging_mixin.py:188} INFO - [2024-07-31T12:24:00.965+0000] {dagbag.py:545} INFO - Filling up the DagBag from /home/airflow/.local/lib/python3.12/site-packages/airflow/example_dags/example_branch_python_dop_operator_3.py
[2024-07-31T12:24:00.974+0000] {processor.py:840} INFO - DAG(s) 'example_branch_dop_operator_v3' retrieved from /home/airflow/.local/lib/python3.12/site-packages/airflow/example_dags/example_branch_python_dop_operator_3.py
[2024-07-31T12:24:01.003+0000] {logging_mixin.py:188} INFO - [2024-07-31T12:24:01.003+0000] {dag.py:3089} INFO - Sync 1 DAGs
[2024-07-31T12:24:01.051+0000] {logging_mixin.py:188} INFO - [2024-07-31T12:24:01.051+0000] {dag.py:3947} INFO - Setting next_dagrun for example_branch_dop_operator_v3 to 2024-07-31 12:23:00+00:00, run_after=2024-07-31 12:24:00+00:00
[2024-07-31T12:24:01.081+0000] {processor.py:183} INFO - Processing /home/airflow/.local/lib/python3.12/site-packages/airflow/example_dags/example_branch_python_dop_operator_3.py took 0.125 seconds
[2024-07-31T12:24:31.808+0000] {processor.py:161} INFO - Started process (PID=1863) to work on /home/airflow/.local/lib/python3.12/site-packages/airflow/example_dags/example_branch_python_dop_operator_3.py
[2024-07-31T12:24:31.809+0000] {processor.py:830} INFO - Processing file /home/airflow/.local/lib/python3.12/site-packages/airflow/example_dags/example_branch_python_dop_operator_3.py for tasks to queue
[2024-07-31T12:24:31.811+0000] {logging_mixin.py:188} INFO - [2024-07-31T12:24:31.811+0000] {dagbag.py:545} INFO - Filling up the DagBag from /home/airflow/.local/lib/python3.12/site-packages/airflow/example_dags/example_branch_python_dop_operator_3.py
[2024-07-31T12:24:31.819+0000] {processor.py:840} INFO - DAG(s) 'example_branch_dop_operator_v3' retrieved from /home/airflow/.local/lib/python3.12/site-packages/airflow/example_dags/example_branch_python_dop_operator_3.py
[2024-07-31T12:24:31.837+0000] {logging_mixin.py:188} INFO - [2024-07-31T12:24:31.837+0000] {dag.py:3089} INFO - Sync 1 DAGs
[2024-07-31T12:24:32.024+0000] {logging_mixin.py:188} INFO - [2024-07-31T12:24:32.024+0000] {dag.py:3947} INFO - Setting next_dagrun for example_branch_dop_operator_v3 to 2024-07-31 12:23:00+00:00, run_after=2024-07-31 12:24:00+00:00
[2024-07-31T12:24:32.051+0000] {processor.py:183} INFO - Processing /home/airflow/.local/lib/python3.12/site-packages/airflow/example_dags/example_branch_python_dop_operator_3.py took 0.248 seconds
[2024-07-31T12:25:02.164+0000] {processor.py:161} INFO - Started process (PID=1921) to work on /home/airflow/.local/lib/python3.12/site-packages/airflow/example_dags/example_branch_python_dop_operator_3.py
[2024-07-31T12:25:02.165+0000] {processor.py:830} INFO - Processing file /home/airflow/.local/lib/python3.12/site-packages/airflow/example_dags/example_branch_python_dop_operator_3.py for tasks to queue
[2024-07-31T12:25:02.167+0000] {logging_mixin.py:188} INFO - [2024-07-31T12:25:02.166+0000] {dagbag.py:545} INFO - Filling up the DagBag from /home/airflow/.local/lib/python3.12/site-packages/airflow/example_dags/example_branch_python_dop_operator_3.py
[2024-07-31T12:25:02.176+0000] {processor.py:840} INFO - DAG(s) 'example_branch_dop_operator_v3' retrieved from /home/airflow/.local/lib/python3.12/site-packages/airflow/example_dags/example_branch_python_dop_operator_3.py
[2024-07-31T12:25:02.195+0000] {logging_mixin.py:188} INFO - [2024-07-31T12:25:02.195+0000] {dag.py:3089} INFO - Sync 1 DAGs
[2024-07-31T12:25:02.365+0000] {logging_mixin.py:188} INFO - [2024-07-31T12:25:02.365+0000] {dag.py:3947} INFO - Setting next_dagrun for example_branch_dop_operator_v3 to 2024-07-31 12:24:00+00:00, run_after=2024-07-31 12:25:00+00:00
[2024-07-31T12:25:02.389+0000] {processor.py:183} INFO - Processing /home/airflow/.local/lib/python3.12/site-packages/airflow/example_dags/example_branch_python_dop_operator_3.py took 0.233 seconds
[2024-07-31T12:25:32.677+0000] {processor.py:161} INFO - Started process (PID=1979) to work on /home/airflow/.local/lib/python3.12/site-packages/airflow/example_dags/example_branch_python_dop_operator_3.py
[2024-07-31T12:25:32.677+0000] {processor.py:830} INFO - Processing file /home/airflow/.local/lib/python3.12/site-packages/airflow/example_dags/example_branch_python_dop_operator_3.py for tasks to queue
[2024-07-31T12:25:32.679+0000] {logging_mixin.py:188} INFO - [2024-07-31T12:25:32.679+0000] {dagbag.py:545} INFO - Filling up the DagBag from /home/airflow/.local/lib/python3.12/site-packages/airflow/example_dags/example_branch_python_dop_operator_3.py
[2024-07-31T12:25:32.686+0000] {processor.py:840} INFO - DAG(s) 'example_branch_dop_operator_v3' retrieved from /home/airflow/.local/lib/python3.12/site-packages/airflow/example_dags/example_branch_python_dop_operator_3.py
[2024-07-31T12:25:32.705+0000] {logging_mixin.py:188} INFO - [2024-07-31T12:25:32.704+0000] {dag.py:3089} INFO - Sync 1 DAGs
[2024-07-31T12:25:32.732+0000] {logging_mixin.py:188} INFO - [2024-07-31T12:25:32.732+0000] {dag.py:3947} INFO - Setting next_dagrun for example_branch_dop_operator_v3 to 2024-07-31 12:24:00+00:00, run_after=2024-07-31 12:25:00+00:00
[2024-07-31T12:25:32.753+0000] {processor.py:183} INFO - Processing /home/airflow/.local/lib/python3.12/site-packages/airflow/example_dags/example_branch_python_dop_operator_3.py took 0.081 seconds
[2024-07-31T12:26:03.426+0000] {processor.py:161} INFO - Started process (PID=2037) to work on /home/airflow/.local/lib/python3.12/site-packages/airflow/example_dags/example_branch_python_dop_operator_3.py
[2024-07-31T12:26:03.427+0000] {processor.py:830} INFO - Processing file /home/airflow/.local/lib/python3.12/site-packages/airflow/example_dags/example_branch_python_dop_operator_3.py for tasks to queue
[2024-07-31T12:26:03.429+0000] {logging_mixin.py:188} INFO - [2024-07-31T12:26:03.429+0000] {dagbag.py:545} INFO - Filling up the DagBag from /home/airflow/.local/lib/python3.12/site-packages/airflow/example_dags/example_branch_python_dop_operator_3.py
[2024-07-31T12:26:03.442+0000] {processor.py:840} INFO - DAG(s) 'example_branch_dop_operator_v3' retrieved from /home/airflow/.local/lib/python3.12/site-packages/airflow/example_dags/example_branch_python_dop_operator_3.py
[2024-07-31T12:26:03.476+0000] {logging_mixin.py:188} INFO - [2024-07-31T12:26:03.476+0000] {dag.py:3089} INFO - Sync 1 DAGs
[2024-07-31T12:26:03.521+0000] {logging_mixin.py:188} INFO - [2024-07-31T12:26:03.521+0000] {dag.py:3947} INFO - Setting next_dagrun for example_branch_dop_operator_v3 to 2024-07-31 12:25:00+00:00, run_after=2024-07-31 12:26:00+00:00
[2024-07-31T12:26:03.556+0000] {processor.py:183} INFO - Processing /home/airflow/.local/lib/python3.12/site-packages/airflow/example_dags/example_branch_python_dop_operator_3.py took 0.138 seconds
[2024-07-31T12:26:34.150+0000] {processor.py:161} INFO - Started process (PID=2094) to work on /home/airflow/.local/lib/python3.12/site-packages/airflow/example_dags/example_branch_python_dop_operator_3.py
[2024-07-31T12:26:34.151+0000] {processor.py:830} INFO - Processing file /home/airflow/.local/lib/python3.12/site-packages/airflow/example_dags/example_branch_python_dop_operator_3.py for tasks to queue
[2024-07-31T12:26:34.153+0000] {logging_mixin.py:188} INFO - [2024-07-31T12:26:34.153+0000] {dagbag.py:545} INFO - Filling up the DagBag from /home/airflow/.local/lib/python3.12/site-packages/airflow/example_dags/example_branch_python_dop_operator_3.py
[2024-07-31T12:26:34.161+0000] {processor.py:840} INFO - DAG(s) 'example_branch_dop_operator_v3' retrieved from /home/airflow/.local/lib/python3.12/site-packages/airflow/example_dags/example_branch_python_dop_operator_3.py
[2024-07-31T12:26:34.189+0000] {logging_mixin.py:188} INFO - [2024-07-31T12:26:34.189+0000] {dag.py:3089} INFO - Sync 1 DAGs
[2024-07-31T12:26:34.230+0000] {logging_mixin.py:188} INFO - [2024-07-31T12:26:34.230+0000] {dag.py:3947} INFO - Setting next_dagrun for example_branch_dop_operator_v3 to 2024-07-31 12:25:00+00:00, run_after=2024-07-31 12:26:00+00:00
[2024-07-31T12:26:34.262+0000] {processor.py:183} INFO - Processing /home/airflow/.local/lib/python3.12/site-packages/airflow/example_dags/example_branch_python_dop_operator_3.py took 0.118 seconds
[2024-07-31T12:27:04.645+0000] {processor.py:161} INFO - Started process (PID=2152) to work on /home/airflow/.local/lib/python3.12/site-packages/airflow/example_dags/example_branch_python_dop_operator_3.py
[2024-07-31T12:27:04.646+0000] {processor.py:830} INFO - Processing file /home/airflow/.local/lib/python3.12/site-packages/airflow/example_dags/example_branch_python_dop_operator_3.py for tasks to queue
[2024-07-31T12:27:04.647+0000] {logging_mixin.py:188} INFO - [2024-07-31T12:27:04.647+0000] {dagbag.py:545} INFO - Filling up the DagBag from /home/airflow/.local/lib/python3.12/site-packages/airflow/example_dags/example_branch_python_dop_operator_3.py
[2024-07-31T12:27:04.658+0000] {processor.py:840} INFO - DAG(s) 'example_branch_dop_operator_v3' retrieved from /home/airflow/.local/lib/python3.12/site-packages/airflow/example_dags/example_branch_python_dop_operator_3.py
[2024-07-31T12:27:04.687+0000] {logging_mixin.py:188} INFO - [2024-07-31T12:27:04.687+0000] {dag.py:3089} INFO - Sync 1 DAGs
[2024-07-31T12:27:04.721+0000] {logging_mixin.py:188} INFO - [2024-07-31T12:27:04.721+0000] {dag.py:3947} INFO - Setting next_dagrun for example_branch_dop_operator_v3 to 2024-07-31 12:26:00+00:00, run_after=2024-07-31 12:27:00+00:00
[2024-07-31T12:27:04.747+0000] {processor.py:183} INFO - Processing /home/airflow/.local/lib/python3.12/site-packages/airflow/example_dags/example_branch_python_dop_operator_3.py took 0.107 seconds
[2024-07-31T12:27:35.093+0000] {processor.py:161} INFO - Started process (PID=2210) to work on /home/airflow/.local/lib/python3.12/site-packages/airflow/example_dags/example_branch_python_dop_operator_3.py
[2024-07-31T12:27:35.094+0000] {processor.py:830} INFO - Processing file /home/airflow/.local/lib/python3.12/site-packages/airflow/example_dags/example_branch_python_dop_operator_3.py for tasks to queue
[2024-07-31T12:27:35.095+0000] {logging_mixin.py:188} INFO - [2024-07-31T12:27:35.095+0000] {dagbag.py:545} INFO - Filling up the DagBag from /home/airflow/.local/lib/python3.12/site-packages/airflow/example_dags/example_branch_python_dop_operator_3.py
[2024-07-31T12:27:35.104+0000] {processor.py:840} INFO - DAG(s) 'example_branch_dop_operator_v3' retrieved from /home/airflow/.local/lib/python3.12/site-packages/airflow/example_dags/example_branch_python_dop_operator_3.py
[2024-07-31T12:27:35.124+0000] {logging_mixin.py:188} INFO - [2024-07-31T12:27:35.123+0000] {dag.py:3089} INFO - Sync 1 DAGs
[2024-07-31T12:27:35.149+0000] {logging_mixin.py:188} INFO - [2024-07-31T12:27:35.149+0000] {dag.py:3947} INFO - Setting next_dagrun for example_branch_dop_operator_v3 to 2024-07-31 12:26:00+00:00, run_after=2024-07-31 12:27:00+00:00
[2024-07-31T12:27:35.171+0000] {processor.py:183} INFO - Processing /home/airflow/.local/lib/python3.12/site-packages/airflow/example_dags/example_branch_python_dop_operator_3.py took 0.083 seconds
[2024-07-31T12:28:05.810+0000] {processor.py:161} INFO - Started process (PID=2268) to work on /home/airflow/.local/lib/python3.12/site-packages/airflow/example_dags/example_branch_python_dop_operator_3.py
[2024-07-31T12:28:05.812+0000] {processor.py:830} INFO - Processing file /home/airflow/.local/lib/python3.12/site-packages/airflow/example_dags/example_branch_python_dop_operator_3.py for tasks to queue
[2024-07-31T12:28:05.814+0000] {logging_mixin.py:188} INFO - [2024-07-31T12:28:05.814+0000] {dagbag.py:545} INFO - Filling up the DagBag from /home/airflow/.local/lib/python3.12/site-packages/airflow/example_dags/example_branch_python_dop_operator_3.py
[2024-07-31T12:28:05.831+0000] {processor.py:840} INFO - DAG(s) 'example_branch_dop_operator_v3' retrieved from /home/airflow/.local/lib/python3.12/site-packages/airflow/example_dags/example_branch_python_dop_operator_3.py
[2024-07-31T12:28:05.881+0000] {logging_mixin.py:188} INFO - [2024-07-31T12:28:05.880+0000] {dag.py:3089} INFO - Sync 1 DAGs
[2024-07-31T12:28:05.926+0000] {logging_mixin.py:188} INFO - [2024-07-31T12:28:05.926+0000] {dag.py:3947} INFO - Setting next_dagrun for example_branch_dop_operator_v3 to 2024-07-31 12:27:00+00:00, run_after=2024-07-31 12:28:00+00:00
[2024-07-31T12:28:05.971+0000] {processor.py:183} INFO - Processing /home/airflow/.local/lib/python3.12/site-packages/airflow/example_dags/example_branch_python_dop_operator_3.py took 0.167 seconds
[2024-07-31T12:28:36.839+0000] {processor.py:161} INFO - Started process (PID=2326) to work on /home/airflow/.local/lib/python3.12/site-packages/airflow/example_dags/example_branch_python_dop_operator_3.py
[2024-07-31T12:28:36.841+0000] {processor.py:830} INFO - Processing file /home/airflow/.local/lib/python3.12/site-packages/airflow/example_dags/example_branch_python_dop_operator_3.py for tasks to queue
[2024-07-31T12:28:36.843+0000] {logging_mixin.py:188} INFO - [2024-07-31T12:28:36.843+0000] {dagbag.py:545} INFO - Filling up the DagBag from /home/airflow/.local/lib/python3.12/site-packages/airflow/example_dags/example_branch_python_dop_operator_3.py
[2024-07-31T12:28:36.855+0000] {processor.py:840} INFO - DAG(s) 'example_branch_dop_operator_v3' retrieved from /home/airflow/.local/lib/python3.12/site-packages/airflow/example_dags/example_branch_python_dop_operator_3.py
[2024-07-31T12:28:36.888+0000] {logging_mixin.py:188} INFO - [2024-07-31T12:28:36.888+0000] {dag.py:3089} INFO - Sync 1 DAGs
[2024-07-31T12:28:36.929+0000] {logging_mixin.py:188} INFO - [2024-07-31T12:28:36.928+0000] {dag.py:3947} INFO - Setting next_dagrun for example_branch_dop_operator_v3 to 2024-07-31 12:27:00+00:00, run_after=2024-07-31 12:28:00+00:00
[2024-07-31T12:28:36.966+0000] {processor.py:183} INFO - Processing /home/airflow/.local/lib/python3.12/site-packages/airflow/example_dags/example_branch_python_dop_operator_3.py took 0.135 seconds
[2024-07-31T12:29:07.137+0000] {processor.py:161} INFO - Started process (PID=2384) to work on /home/airflow/.local/lib/python3.12/site-packages/airflow/example_dags/example_branch_python_dop_operator_3.py
[2024-07-31T12:29:07.138+0000] {processor.py:830} INFO - Processing file /home/airflow/.local/lib/python3.12/site-packages/airflow/example_dags/example_branch_python_dop_operator_3.py for tasks to queue
[2024-07-31T12:29:07.139+0000] {logging_mixin.py:188} INFO - [2024-07-31T12:29:07.139+0000] {dagbag.py:545} INFO - Filling up the DagBag from /home/airflow/.local/lib/python3.12/site-packages/airflow/example_dags/example_branch_python_dop_operator_3.py
[2024-07-31T12:29:07.148+0000] {processor.py:840} INFO - DAG(s) 'example_branch_dop_operator_v3' retrieved from /home/airflow/.local/lib/python3.12/site-packages/airflow/example_dags/example_branch_python_dop_operator_3.py
[2024-07-31T12:29:07.177+0000] {logging_mixin.py:188} INFO - [2024-07-31T12:29:07.177+0000] {dag.py:3089} INFO - Sync 1 DAGs
[2024-07-31T12:29:07.209+0000] {logging_mixin.py:188} INFO - [2024-07-31T12:29:07.209+0000] {dag.py:3947} INFO - Setting next_dagrun for example_branch_dop_operator_v3 to 2024-07-31 12:28:00+00:00, run_after=2024-07-31 12:29:00+00:00
[2024-07-31T12:29:07.241+0000] {processor.py:183} INFO - Processing /home/airflow/.local/lib/python3.12/site-packages/airflow/example_dags/example_branch_python_dop_operator_3.py took 0.110 seconds
[2024-07-31T12:29:37.524+0000] {processor.py:161} INFO - Started process (PID=2441) to work on /home/airflow/.local/lib/python3.12/site-packages/airflow/example_dags/example_branch_python_dop_operator_3.py
[2024-07-31T12:29:37.527+0000] {processor.py:830} INFO - Processing file /home/airflow/.local/lib/python3.12/site-packages/airflow/example_dags/example_branch_python_dop_operator_3.py for tasks to queue
[2024-07-31T12:29:37.529+0000] {logging_mixin.py:188} INFO - [2024-07-31T12:29:37.529+0000] {dagbag.py:545} INFO - Filling up the DagBag from /home/airflow/.local/lib/python3.12/site-packages/airflow/example_dags/example_branch_python_dop_operator_3.py
[2024-07-31T12:29:37.541+0000] {processor.py:840} INFO - DAG(s) 'example_branch_dop_operator_v3' retrieved from /home/airflow/.local/lib/python3.12/site-packages/airflow/example_dags/example_branch_python_dop_operator_3.py
[2024-07-31T12:29:37.563+0000] {logging_mixin.py:188} INFO - [2024-07-31T12:29:37.562+0000] {dag.py:3089} INFO - Sync 1 DAGs
[2024-07-31T12:29:37.592+0000] {logging_mixin.py:188} INFO - [2024-07-31T12:29:37.592+0000] {dag.py:3947} INFO - Setting next_dagrun for example_branch_dop_operator_v3 to 2024-07-31 12:28:00+00:00, run_after=2024-07-31 12:29:00+00:00
[2024-07-31T12:29:37.617+0000] {processor.py:183} INFO - Processing /home/airflow/.local/lib/python3.12/site-packages/airflow/example_dags/example_branch_python_dop_operator_3.py took 0.102 seconds
[2024-07-31T12:30:08.326+0000] {processor.py:161} INFO - Started process (PID=2499) to work on /home/airflow/.local/lib/python3.12/site-packages/airflow/example_dags/example_branch_python_dop_operator_3.py
[2024-07-31T12:30:08.327+0000] {processor.py:830} INFO - Processing file /home/airflow/.local/lib/python3.12/site-packages/airflow/example_dags/example_branch_python_dop_operator_3.py for tasks to queue
[2024-07-31T12:30:08.328+0000] {logging_mixin.py:188} INFO - [2024-07-31T12:30:08.328+0000] {dagbag.py:545} INFO - Filling up the DagBag from /home/airflow/.local/lib/python3.12/site-packages/airflow/example_dags/example_branch_python_dop_operator_3.py
[2024-07-31T12:30:08.336+0000] {processor.py:840} INFO - DAG(s) 'example_branch_dop_operator_v3' retrieved from /home/airflow/.local/lib/python3.12/site-packages/airflow/example_dags/example_branch_python_dop_operator_3.py
[2024-07-31T12:30:08.361+0000] {logging_mixin.py:188} INFO - [2024-07-31T12:30:08.361+0000] {dag.py:3089} INFO - Sync 1 DAGs
[2024-07-31T12:30:08.400+0000] {logging_mixin.py:188} INFO - [2024-07-31T12:30:08.400+0000] {dag.py:3947} INFO - Setting next_dagrun for example_branch_dop_operator_v3 to 2024-07-31 12:29:00+00:00, run_after=2024-07-31 12:30:00+00:00
[2024-07-31T12:30:08.429+0000] {processor.py:183} INFO - Processing /home/airflow/.local/lib/python3.12/site-packages/airflow/example_dags/example_branch_python_dop_operator_3.py took 0.109 seconds
[2024-07-31T12:30:38.971+0000] {processor.py:161} INFO - Started process (PID=2557) to work on /home/airflow/.local/lib/python3.12/site-packages/airflow/example_dags/example_branch_python_dop_operator_3.py
[2024-07-31T12:30:38.972+0000] {processor.py:830} INFO - Processing file /home/airflow/.local/lib/python3.12/site-packages/airflow/example_dags/example_branch_python_dop_operator_3.py for tasks to queue
[2024-07-31T12:30:38.974+0000] {logging_mixin.py:188} INFO - [2024-07-31T12:30:38.973+0000] {dagbag.py:545} INFO - Filling up the DagBag from /home/airflow/.local/lib/python3.12/site-packages/airflow/example_dags/example_branch_python_dop_operator_3.py
[2024-07-31T12:30:38.984+0000] {processor.py:840} INFO - DAG(s) 'example_branch_dop_operator_v3' retrieved from /home/airflow/.local/lib/python3.12/site-packages/airflow/example_dags/example_branch_python_dop_operator_3.py
[2024-07-31T12:30:39.010+0000] {logging_mixin.py:188} INFO - [2024-07-31T12:30:39.008+0000] {dag.py:3089} INFO - Sync 1 DAGs
[2024-07-31T12:30:39.043+0000] {logging_mixin.py:188} INFO - [2024-07-31T12:30:39.043+0000] {dag.py:3947} INFO - Setting next_dagrun for example_branch_dop_operator_v3 to 2024-07-31 12:29:00+00:00, run_after=2024-07-31 12:30:00+00:00
[2024-07-31T12:30:39.070+0000] {processor.py:183} INFO - Processing /home/airflow/.local/lib/python3.12/site-packages/airflow/example_dags/example_branch_python_dop_operator_3.py took 0.105 seconds
[2024-07-31T12:31:09.615+0000] {processor.py:161} INFO - Started process (PID=2614) to work on /home/airflow/.local/lib/python3.12/site-packages/airflow/example_dags/example_branch_python_dop_operator_3.py
[2024-07-31T12:31:09.616+0000] {processor.py:830} INFO - Processing file /home/airflow/.local/lib/python3.12/site-packages/airflow/example_dags/example_branch_python_dop_operator_3.py for tasks to queue
[2024-07-31T12:31:09.617+0000] {logging_mixin.py:188} INFO - [2024-07-31T12:31:09.617+0000] {dagbag.py:545} INFO - Filling up the DagBag from /home/airflow/.local/lib/python3.12/site-packages/airflow/example_dags/example_branch_python_dop_operator_3.py
[2024-07-31T12:31:09.627+0000] {processor.py:840} INFO - DAG(s) 'example_branch_dop_operator_v3' retrieved from /home/airflow/.local/lib/python3.12/site-packages/airflow/example_dags/example_branch_python_dop_operator_3.py
[2024-07-31T12:31:09.650+0000] {logging_mixin.py:188} INFO - [2024-07-31T12:31:09.649+0000] {dag.py:3089} INFO - Sync 1 DAGs
[2024-07-31T12:31:09.680+0000] {logging_mixin.py:188} INFO - [2024-07-31T12:31:09.679+0000] {dag.py:3947} INFO - Setting next_dagrun for example_branch_dop_operator_v3 to 2024-07-31 12:30:00+00:00, run_after=2024-07-31 12:31:00+00:00
[2024-07-31T12:31:09.706+0000] {processor.py:183} INFO - Processing /home/airflow/.local/lib/python3.12/site-packages/airflow/example_dags/example_branch_python_dop_operator_3.py took 0.100 seconds
[2024-07-31T12:31:40.423+0000] {processor.py:161} INFO - Started process (PID=2672) to work on /home/airflow/.local/lib/python3.12/site-packages/airflow/example_dags/example_branch_python_dop_operator_3.py
[2024-07-31T12:31:40.424+0000] {processor.py:830} INFO - Processing file /home/airflow/.local/lib/python3.12/site-packages/airflow/example_dags/example_branch_python_dop_operator_3.py for tasks to queue
[2024-07-31T12:31:40.426+0000] {logging_mixin.py:188} INFO - [2024-07-31T12:31:40.425+0000] {dagbag.py:545} INFO - Filling up the DagBag from /home/airflow/.local/lib/python3.12/site-packages/airflow/example_dags/example_branch_python_dop_operator_3.py
[2024-07-31T12:31:40.434+0000] {processor.py:840} INFO - DAG(s) 'example_branch_dop_operator_v3' retrieved from /home/airflow/.local/lib/python3.12/site-packages/airflow/example_dags/example_branch_python_dop_operator_3.py
[2024-07-31T12:31:40.459+0000] {logging_mixin.py:188} INFO - [2024-07-31T12:31:40.459+0000] {dag.py:3089} INFO - Sync 1 DAGs
[2024-07-31T12:31:40.496+0000] {logging_mixin.py:188} INFO - [2024-07-31T12:31:40.496+0000] {dag.py:3947} INFO - Setting next_dagrun for example_branch_dop_operator_v3 to 2024-07-31 12:30:00+00:00, run_after=2024-07-31 12:31:00+00:00
[2024-07-31T12:31:40.537+0000] {processor.py:183} INFO - Processing /home/airflow/.local/lib/python3.12/site-packages/airflow/example_dags/example_branch_python_dop_operator_3.py took 0.119 seconds
[2024-07-31T12:32:10.939+0000] {processor.py:161} INFO - Started process (PID=2730) to work on /home/airflow/.local/lib/python3.12/site-packages/airflow/example_dags/example_branch_python_dop_operator_3.py
[2024-07-31T12:32:10.940+0000] {processor.py:830} INFO - Processing file /home/airflow/.local/lib/python3.12/site-packages/airflow/example_dags/example_branch_python_dop_operator_3.py for tasks to queue
[2024-07-31T12:32:10.942+0000] {logging_mixin.py:188} INFO - [2024-07-31T12:32:10.942+0000] {dagbag.py:545} INFO - Filling up the DagBag from /home/airflow/.local/lib/python3.12/site-packages/airflow/example_dags/example_branch_python_dop_operator_3.py
[2024-07-31T12:32:10.955+0000] {processor.py:840} INFO - DAG(s) 'example_branch_dop_operator_v3' retrieved from /home/airflow/.local/lib/python3.12/site-packages/airflow/example_dags/example_branch_python_dop_operator_3.py
[2024-07-31T12:32:10.981+0000] {logging_mixin.py:188} INFO - [2024-07-31T12:32:10.981+0000] {dag.py:3089} INFO - Sync 1 DAGs
[2024-07-31T12:32:11.015+0000] {logging_mixin.py:188} INFO - [2024-07-31T12:32:11.015+0000] {dag.py:3947} INFO - Setting next_dagrun for example_branch_dop_operator_v3 to 2024-07-31 12:31:00+00:00, run_after=2024-07-31 12:32:00+00:00
[2024-07-31T12:32:11.041+0000] {processor.py:183} INFO - Processing /home/airflow/.local/lib/python3.12/site-packages/airflow/example_dags/example_branch_python_dop_operator_3.py took 0.110 seconds
[2024-07-31T12:32:41.207+0000] {processor.py:161} INFO - Started process (PID=2788) to work on /home/airflow/.local/lib/python3.12/site-packages/airflow/example_dags/example_branch_python_dop_operator_3.py
[2024-07-31T12:32:41.208+0000] {processor.py:830} INFO - Processing file /home/airflow/.local/lib/python3.12/site-packages/airflow/example_dags/example_branch_python_dop_operator_3.py for tasks to queue
[2024-07-31T12:32:41.210+0000] {logging_mixin.py:188} INFO - [2024-07-31T12:32:41.209+0000] {dagbag.py:545} INFO - Filling up the DagBag from /home/airflow/.local/lib/python3.12/site-packages/airflow/example_dags/example_branch_python_dop_operator_3.py
[2024-07-31T12:32:41.218+0000] {processor.py:840} INFO - DAG(s) 'example_branch_dop_operator_v3' retrieved from /home/airflow/.local/lib/python3.12/site-packages/airflow/example_dags/example_branch_python_dop_operator_3.py
[2024-07-31T12:32:41.238+0000] {logging_mixin.py:188} INFO - [2024-07-31T12:32:41.238+0000] {dag.py:3089} INFO - Sync 1 DAGs
[2024-07-31T12:32:41.270+0000] {logging_mixin.py:188} INFO - [2024-07-31T12:32:41.270+0000] {dag.py:3947} INFO - Setting next_dagrun for example_branch_dop_operator_v3 to 2024-07-31 12:31:00+00:00, run_after=2024-07-31 12:32:00+00:00
[2024-07-31T12:32:41.308+0000] {processor.py:183} INFO - Processing /home/airflow/.local/lib/python3.12/site-packages/airflow/example_dags/example_branch_python_dop_operator_3.py took 0.108 seconds
[2024-07-31T12:33:11.434+0000] {processor.py:161} INFO - Started process (PID=2846) to work on /home/airflow/.local/lib/python3.12/site-packages/airflow/example_dags/example_branch_python_dop_operator_3.py
[2024-07-31T12:33:11.435+0000] {processor.py:830} INFO - Processing file /home/airflow/.local/lib/python3.12/site-packages/airflow/example_dags/example_branch_python_dop_operator_3.py for tasks to queue
[2024-07-31T12:33:11.437+0000] {logging_mixin.py:188} INFO - [2024-07-31T12:33:11.436+0000] {dagbag.py:545} INFO - Filling up the DagBag from /home/airflow/.local/lib/python3.12/site-packages/airflow/example_dags/example_branch_python_dop_operator_3.py
[2024-07-31T12:33:11.452+0000] {processor.py:840} INFO - DAG(s) 'example_branch_dop_operator_v3' retrieved from /home/airflow/.local/lib/python3.12/site-packages/airflow/example_dags/example_branch_python_dop_operator_3.py
[2024-07-31T12:33:11.484+0000] {logging_mixin.py:188} INFO - [2024-07-31T12:33:11.483+0000] {dag.py:3089} INFO - Sync 1 DAGs
[2024-07-31T12:33:11.524+0000] {logging_mixin.py:188} INFO - [2024-07-31T12:33:11.524+0000] {dag.py:3947} INFO - Setting next_dagrun for example_branch_dop_operator_v3 to 2024-07-31 12:32:00+00:00, run_after=2024-07-31 12:33:00+00:00
[2024-07-31T12:33:11.566+0000] {processor.py:183} INFO - Processing /home/airflow/.local/lib/python3.12/site-packages/airflow/example_dags/example_branch_python_dop_operator_3.py took 0.139 seconds
[2024-07-31T12:33:42.454+0000] {processor.py:161} INFO - Started process (PID=2904) to work on /home/airflow/.local/lib/python3.12/site-packages/airflow/example_dags/example_branch_python_dop_operator_3.py
[2024-07-31T12:33:42.456+0000] {processor.py:830} INFO - Processing file /home/airflow/.local/lib/python3.12/site-packages/airflow/example_dags/example_branch_python_dop_operator_3.py for tasks to queue
[2024-07-31T12:33:42.458+0000] {logging_mixin.py:188} INFO - [2024-07-31T12:33:42.457+0000] {dagbag.py:545} INFO - Filling up the DagBag from /home/airflow/.local/lib/python3.12/site-packages/airflow/example_dags/example_branch_python_dop_operator_3.py
[2024-07-31T12:33:42.472+0000] {processor.py:840} INFO - DAG(s) 'example_branch_dop_operator_v3' retrieved from /home/airflow/.local/lib/python3.12/site-packages/airflow/example_dags/example_branch_python_dop_operator_3.py
[2024-07-31T12:33:42.503+0000] {logging_mixin.py:188} INFO - [2024-07-31T12:33:42.503+0000] {dag.py:3089} INFO - Sync 1 DAGs
[2024-07-31T12:33:42.551+0000] {logging_mixin.py:188} INFO - [2024-07-31T12:33:42.550+0000] {dag.py:3947} INFO - Setting next_dagrun for example_branch_dop_operator_v3 to 2024-07-31 12:32:00+00:00, run_after=2024-07-31 12:33:00+00:00
[2024-07-31T12:33:42.594+0000] {processor.py:183} INFO - Processing /home/airflow/.local/lib/python3.12/site-packages/airflow/example_dags/example_branch_python_dop_operator_3.py took 0.147 seconds
[2024-07-31T12:34:12.883+0000] {processor.py:161} INFO - Started process (PID=2962) to work on /home/airflow/.local/lib/python3.12/site-packages/airflow/example_dags/example_branch_python_dop_operator_3.py
[2024-07-31T12:34:12.884+0000] {processor.py:830} INFO - Processing file /home/airflow/.local/lib/python3.12/site-packages/airflow/example_dags/example_branch_python_dop_operator_3.py for tasks to queue
[2024-07-31T12:34:12.886+0000] {logging_mixin.py:188} INFO - [2024-07-31T12:34:12.886+0000] {dagbag.py:545} INFO - Filling up the DagBag from /home/airflow/.local/lib/python3.12/site-packages/airflow/example_dags/example_branch_python_dop_operator_3.py
[2024-07-31T12:34:12.901+0000] {processor.py:840} INFO - DAG(s) 'example_branch_dop_operator_v3' retrieved from /home/airflow/.local/lib/python3.12/site-packages/airflow/example_dags/example_branch_python_dop_operator_3.py
[2024-07-31T12:34:12.932+0000] {logging_mixin.py:188} INFO - [2024-07-31T12:34:12.932+0000] {dag.py:3089} INFO - Sync 1 DAGs
[2024-07-31T12:34:12.961+0000] {logging_mixin.py:188} INFO - [2024-07-31T12:34:12.961+0000] {dag.py:3947} INFO - Setting next_dagrun for example_branch_dop_operator_v3 to 2024-07-31 12:33:00+00:00, run_after=2024-07-31 12:34:00+00:00
[2024-07-31T12:34:12.992+0000] {processor.py:183} INFO - Processing /home/airflow/.local/lib/python3.12/site-packages/airflow/example_dags/example_branch_python_dop_operator_3.py took 0.119 seconds
[2024-07-31T12:34:43.277+0000] {processor.py:161} INFO - Started process (PID=3019) to work on /home/airflow/.local/lib/python3.12/site-packages/airflow/example_dags/example_branch_python_dop_operator_3.py
[2024-07-31T12:34:43.278+0000] {processor.py:830} INFO - Processing file /home/airflow/.local/lib/python3.12/site-packages/airflow/example_dags/example_branch_python_dop_operator_3.py for tasks to queue
[2024-07-31T12:34:43.281+0000] {logging_mixin.py:188} INFO - [2024-07-31T12:34:43.280+0000] {dagbag.py:545} INFO - Filling up the DagBag from /home/airflow/.local/lib/python3.12/site-packages/airflow/example_dags/example_branch_python_dop_operator_3.py
[2024-07-31T12:34:43.292+0000] {processor.py:840} INFO - DAG(s) 'example_branch_dop_operator_v3' retrieved from /home/airflow/.local/lib/python3.12/site-packages/airflow/example_dags/example_branch_python_dop_operator_3.py
[2024-07-31T12:34:43.317+0000] {logging_mixin.py:188} INFO - [2024-07-31T12:34:43.316+0000] {dag.py:3089} INFO - Sync 1 DAGs
[2024-07-31T12:34:43.349+0000] {logging_mixin.py:188} INFO - [2024-07-31T12:34:43.349+0000] {dag.py:3947} INFO - Setting next_dagrun for example_branch_dop_operator_v3 to 2024-07-31 12:33:00+00:00, run_after=2024-07-31 12:34:00+00:00
[2024-07-31T12:34:43.381+0000] {processor.py:183} INFO - Processing /home/airflow/.local/lib/python3.12/site-packages/airflow/example_dags/example_branch_python_dop_operator_3.py took 0.115 seconds
[2024-07-31T12:35:13.671+0000] {processor.py:161} INFO - Started process (PID=3076) to work on /home/airflow/.local/lib/python3.12/site-packages/airflow/example_dags/example_branch_python_dop_operator_3.py
[2024-07-31T12:35:13.673+0000] {processor.py:830} INFO - Processing file /home/airflow/.local/lib/python3.12/site-packages/airflow/example_dags/example_branch_python_dop_operator_3.py for tasks to queue
[2024-07-31T12:35:13.677+0000] {logging_mixin.py:188} INFO - [2024-07-31T12:35:13.676+0000] {dagbag.py:545} INFO - Filling up the DagBag from /home/airflow/.local/lib/python3.12/site-packages/airflow/example_dags/example_branch_python_dop_operator_3.py
[2024-07-31T12:35:13.687+0000] {processor.py:840} INFO - DAG(s) 'example_branch_dop_operator_v3' retrieved from /home/airflow/.local/lib/python3.12/site-packages/airflow/example_dags/example_branch_python_dop_operator_3.py
[2024-07-31T12:35:13.718+0000] {logging_mixin.py:188} INFO - [2024-07-31T12:35:13.718+0000] {dag.py:3089} INFO - Sync 1 DAGs
[2024-07-31T12:35:13.762+0000] {logging_mixin.py:188} INFO - [2024-07-31T12:35:13.761+0000] {dag.py:3947} INFO - Setting next_dagrun for example_branch_dop_operator_v3 to 2024-07-31 12:34:00+00:00, run_after=2024-07-31 12:35:00+00:00
[2024-07-31T12:35:13.791+0000] {processor.py:183} INFO - Processing /home/airflow/.local/lib/python3.12/site-packages/airflow/example_dags/example_branch_python_dop_operator_3.py took 0.130 seconds
[2024-07-31T12:35:44.113+0000] {processor.py:161} INFO - Started process (PID=3133) to work on /home/airflow/.local/lib/python3.12/site-packages/airflow/example_dags/example_branch_python_dop_operator_3.py
[2024-07-31T12:35:44.115+0000] {processor.py:830} INFO - Processing file /home/airflow/.local/lib/python3.12/site-packages/airflow/example_dags/example_branch_python_dop_operator_3.py for tasks to queue
[2024-07-31T12:35:44.117+0000] {logging_mixin.py:188} INFO - [2024-07-31T12:35:44.116+0000] {dagbag.py:545} INFO - Filling up the DagBag from /home/airflow/.local/lib/python3.12/site-packages/airflow/example_dags/example_branch_python_dop_operator_3.py
[2024-07-31T12:35:44.127+0000] {processor.py:840} INFO - DAG(s) 'example_branch_dop_operator_v3' retrieved from /home/airflow/.local/lib/python3.12/site-packages/airflow/example_dags/example_branch_python_dop_operator_3.py
[2024-07-31T12:35:44.150+0000] {logging_mixin.py:188} INFO - [2024-07-31T12:35:44.150+0000] {dag.py:3089} INFO - Sync 1 DAGs
[2024-07-31T12:35:44.191+0000] {logging_mixin.py:188} INFO - [2024-07-31T12:35:44.190+0000] {dag.py:3947} INFO - Setting next_dagrun for example_branch_dop_operator_v3 to 2024-07-31 12:34:00+00:00, run_after=2024-07-31 12:35:00+00:00
[2024-07-31T12:35:44.220+0000] {processor.py:183} INFO - Processing /home/airflow/.local/lib/python3.12/site-packages/airflow/example_dags/example_branch_python_dop_operator_3.py took 0.115 seconds
[2024-07-31T12:36:14.373+0000] {processor.py:161} INFO - Started process (PID=3190) to work on /home/airflow/.local/lib/python3.12/site-packages/airflow/example_dags/example_branch_python_dop_operator_3.py
[2024-07-31T12:36:14.374+0000] {processor.py:830} INFO - Processing file /home/airflow/.local/lib/python3.12/site-packages/airflow/example_dags/example_branch_python_dop_operator_3.py for tasks to queue
[2024-07-31T12:36:14.376+0000] {logging_mixin.py:188} INFO - [2024-07-31T12:36:14.375+0000] {dagbag.py:545} INFO - Filling up the DagBag from /home/airflow/.local/lib/python3.12/site-packages/airflow/example_dags/example_branch_python_dop_operator_3.py
[2024-07-31T12:36:14.387+0000] {processor.py:840} INFO - DAG(s) 'example_branch_dop_operator_v3' retrieved from /home/airflow/.local/lib/python3.12/site-packages/airflow/example_dags/example_branch_python_dop_operator_3.py
[2024-07-31T12:36:14.412+0000] {logging_mixin.py:188} INFO - [2024-07-31T12:36:14.412+0000] {dag.py:3089} INFO - Sync 1 DAGs
[2024-07-31T12:36:14.451+0000] {logging_mixin.py:188} INFO - [2024-07-31T12:36:14.451+0000] {dag.py:3947} INFO - Setting next_dagrun for example_branch_dop_operator_v3 to 2024-07-31 12:35:00+00:00, run_after=2024-07-31 12:36:00+00:00
[2024-07-31T12:36:14.496+0000] {processor.py:183} INFO - Processing /home/airflow/.local/lib/python3.12/site-packages/airflow/example_dags/example_branch_python_dop_operator_3.py took 0.131 seconds
[2024-07-31T12:36:44.733+0000] {processor.py:161} INFO - Started process (PID=3247) to work on /home/airflow/.local/lib/python3.12/site-packages/airflow/example_dags/example_branch_python_dop_operator_3.py
[2024-07-31T12:36:44.735+0000] {processor.py:830} INFO - Processing file /home/airflow/.local/lib/python3.12/site-packages/airflow/example_dags/example_branch_python_dop_operator_3.py for tasks to queue
[2024-07-31T12:36:44.737+0000] {logging_mixin.py:188} INFO - [2024-07-31T12:36:44.737+0000] {dagbag.py:545} INFO - Filling up the DagBag from /home/airflow/.local/lib/python3.12/site-packages/airflow/example_dags/example_branch_python_dop_operator_3.py
[2024-07-31T12:36:44.746+0000] {processor.py:840} INFO - DAG(s) 'example_branch_dop_operator_v3' retrieved from /home/airflow/.local/lib/python3.12/site-packages/airflow/example_dags/example_branch_python_dop_operator_3.py
[2024-07-31T12:36:44.768+0000] {logging_mixin.py:188} INFO - [2024-07-31T12:36:44.768+0000] {dag.py:3089} INFO - Sync 1 DAGs
[2024-07-31T12:36:44.796+0000] {logging_mixin.py:188} INFO - [2024-07-31T12:36:44.796+0000] {dag.py:3947} INFO - Setting next_dagrun for example_branch_dop_operator_v3 to 2024-07-31 12:35:00+00:00, run_after=2024-07-31 12:36:00+00:00
[2024-07-31T12:36:44.826+0000] {processor.py:183} INFO - Processing /home/airflow/.local/lib/python3.12/site-packages/airflow/example_dags/example_branch_python_dop_operator_3.py took 0.099 seconds
[2024-07-31T12:37:14.883+0000] {processor.py:161} INFO - Started process (PID=3305) to work on /home/airflow/.local/lib/python3.12/site-packages/airflow/example_dags/example_branch_python_dop_operator_3.py
[2024-07-31T12:37:14.884+0000] {processor.py:830} INFO - Processing file /home/airflow/.local/lib/python3.12/site-packages/airflow/example_dags/example_branch_python_dop_operator_3.py for tasks to queue
[2024-07-31T12:37:14.885+0000] {logging_mixin.py:188} INFO - [2024-07-31T12:37:14.885+0000] {dagbag.py:545} INFO - Filling up the DagBag from /home/airflow/.local/lib/python3.12/site-packages/airflow/example_dags/example_branch_python_dop_operator_3.py
[2024-07-31T12:37:14.895+0000] {processor.py:840} INFO - DAG(s) 'example_branch_dop_operator_v3' retrieved from /home/airflow/.local/lib/python3.12/site-packages/airflow/example_dags/example_branch_python_dop_operator_3.py
[2024-07-31T12:37:14.921+0000] {logging_mixin.py:188} INFO - [2024-07-31T12:37:14.921+0000] {dag.py:3089} INFO - Sync 1 DAGs
[2024-07-31T12:37:14.956+0000] {logging_mixin.py:188} INFO - [2024-07-31T12:37:14.956+0000] {dag.py:3947} INFO - Setting next_dagrun for example_branch_dop_operator_v3 to 2024-07-31 12:36:00+00:00, run_after=2024-07-31 12:37:00+00:00
[2024-07-31T12:37:14.989+0000] {processor.py:183} INFO - Processing /home/airflow/.local/lib/python3.12/site-packages/airflow/example_dags/example_branch_python_dop_operator_3.py took 0.113 seconds
[2024-07-31T12:37:45.189+0000] {processor.py:161} INFO - Started process (PID=3362) to work on /home/airflow/.local/lib/python3.12/site-packages/airflow/example_dags/example_branch_python_dop_operator_3.py
[2024-07-31T12:37:45.190+0000] {processor.py:830} INFO - Processing file /home/airflow/.local/lib/python3.12/site-packages/airflow/example_dags/example_branch_python_dop_operator_3.py for tasks to queue
[2024-07-31T12:37:45.191+0000] {logging_mixin.py:188} INFO - [2024-07-31T12:37:45.191+0000] {dagbag.py:545} INFO - Filling up the DagBag from /home/airflow/.local/lib/python3.12/site-packages/airflow/example_dags/example_branch_python_dop_operator_3.py
[2024-07-31T12:37:45.200+0000] {processor.py:840} INFO - DAG(s) 'example_branch_dop_operator_v3' retrieved from /home/airflow/.local/lib/python3.12/site-packages/airflow/example_dags/example_branch_python_dop_operator_3.py
[2024-07-31T12:37:45.228+0000] {logging_mixin.py:188} INFO - [2024-07-31T12:37:45.227+0000] {dag.py:3089} INFO - Sync 1 DAGs
[2024-07-31T12:37:45.263+0000] {logging_mixin.py:188} INFO - [2024-07-31T12:37:45.262+0000] {dag.py:3947} INFO - Setting next_dagrun for example_branch_dop_operator_v3 to 2024-07-31 12:36:00+00:00, run_after=2024-07-31 12:37:00+00:00
[2024-07-31T12:37:45.294+0000] {processor.py:183} INFO - Processing /home/airflow/.local/lib/python3.12/site-packages/airflow/example_dags/example_branch_python_dop_operator_3.py took 0.111 seconds
[2024-07-31T12:38:15.725+0000] {processor.py:161} INFO - Started process (PID=3420) to work on /home/airflow/.local/lib/python3.12/site-packages/airflow/example_dags/example_branch_python_dop_operator_3.py
[2024-07-31T12:38:15.727+0000] {processor.py:830} INFO - Processing file /home/airflow/.local/lib/python3.12/site-packages/airflow/example_dags/example_branch_python_dop_operator_3.py for tasks to queue
[2024-07-31T12:38:15.729+0000] {logging_mixin.py:188} INFO - [2024-07-31T12:38:15.728+0000] {dagbag.py:545} INFO - Filling up the DagBag from /home/airflow/.local/lib/python3.12/site-packages/airflow/example_dags/example_branch_python_dop_operator_3.py
[2024-07-31T12:38:15.743+0000] {processor.py:840} INFO - DAG(s) 'example_branch_dop_operator_v3' retrieved from /home/airflow/.local/lib/python3.12/site-packages/airflow/example_dags/example_branch_python_dop_operator_3.py
[2024-07-31T12:38:15.778+0000] {logging_mixin.py:188} INFO - [2024-07-31T12:38:15.777+0000] {dag.py:3089} INFO - Sync 1 DAGs
[2024-07-31T12:38:15.826+0000] {logging_mixin.py:188} INFO - [2024-07-31T12:38:15.825+0000] {dag.py:3947} INFO - Setting next_dagrun for example_branch_dop_operator_v3 to 2024-07-31 12:37:00+00:00, run_after=2024-07-31 12:38:00+00:00
[2024-07-31T12:38:15.866+0000] {processor.py:183} INFO - Processing /home/airflow/.local/lib/python3.12/site-packages/airflow/example_dags/example_branch_python_dop_operator_3.py took 0.150 seconds
[2024-07-31T16:44:22.864+0000] {processor.py:161} INFO - Started process (PID=72) to work on /home/airflow/.local/lib/python3.12/site-packages/airflow/example_dags/example_branch_python_dop_operator_3.py
[2024-07-31T16:44:22.868+0000] {processor.py:830} INFO - Processing file /home/airflow/.local/lib/python3.12/site-packages/airflow/example_dags/example_branch_python_dop_operator_3.py for tasks to queue
[2024-07-31T16:44:22.872+0000] {logging_mixin.py:188} INFO - [2024-07-31T16:44:22.872+0000] {dagbag.py:545} INFO - Filling up the DagBag from /home/airflow/.local/lib/python3.12/site-packages/airflow/example_dags/example_branch_python_dop_operator_3.py
[2024-07-31T16:44:23.090+0000] {processor.py:840} INFO - DAG(s) 'example_branch_dop_operator_v3' retrieved from /home/airflow/.local/lib/python3.12/site-packages/airflow/example_dags/example_branch_python_dop_operator_3.py
[2024-07-31T16:44:24.604+0000] {logging_mixin.py:188} INFO - [2024-07-31T16:44:24.604+0000] {dag.py:3089} INFO - Sync 1 DAGs
[2024-07-31T16:44:24.646+0000] {logging_mixin.py:188} INFO - [2024-07-31T16:44:24.646+0000] {dag.py:3947} INFO - Setting next_dagrun for example_branch_dop_operator_v3 to 2024-07-31 16:43:00+00:00, run_after=2024-07-31 16:44:00+00:00
[2024-07-31T16:44:24.685+0000] {processor.py:183} INFO - Processing /home/airflow/.local/lib/python3.12/site-packages/airflow/example_dags/example_branch_python_dop_operator_3.py took 1.853 seconds
[2024-07-31T16:44:55.149+0000] {processor.py:161} INFO - Started process (PID=135) to work on /home/airflow/.local/lib/python3.12/site-packages/airflow/example_dags/example_branch_python_dop_operator_3.py
[2024-07-31T16:44:55.150+0000] {processor.py:830} INFO - Processing file /home/airflow/.local/lib/python3.12/site-packages/airflow/example_dags/example_branch_python_dop_operator_3.py for tasks to queue
[2024-07-31T16:44:55.151+0000] {logging_mixin.py:188} INFO - [2024-07-31T16:44:55.151+0000] {dagbag.py:545} INFO - Filling up the DagBag from /home/airflow/.local/lib/python3.12/site-packages/airflow/example_dags/example_branch_python_dop_operator_3.py
[2024-07-31T16:44:55.172+0000] {processor.py:840} INFO - DAG(s) 'example_branch_dop_operator_v3' retrieved from /home/airflow/.local/lib/python3.12/site-packages/airflow/example_dags/example_branch_python_dop_operator_3.py
[2024-07-31T16:44:55.228+0000] {logging_mixin.py:188} INFO - [2024-07-31T16:44:55.228+0000] {dag.py:3089} INFO - Sync 1 DAGs
[2024-07-31T16:44:55.285+0000] {logging_mixin.py:188} INFO - [2024-07-31T16:44:55.285+0000] {dag.py:3947} INFO - Setting next_dagrun for example_branch_dop_operator_v3 to 2024-07-31 16:43:00+00:00, run_after=2024-07-31 16:44:00+00:00
[2024-07-31T16:44:55.324+0000] {processor.py:183} INFO - Processing /home/airflow/.local/lib/python3.12/site-packages/airflow/example_dags/example_branch_python_dop_operator_3.py took 0.183 seconds
[2024-07-31T16:45:25.397+0000] {processor.py:161} INFO - Started process (PID=193) to work on /home/airflow/.local/lib/python3.12/site-packages/airflow/example_dags/example_branch_python_dop_operator_3.py
[2024-07-31T16:45:25.400+0000] {processor.py:830} INFO - Processing file /home/airflow/.local/lib/python3.12/site-packages/airflow/example_dags/example_branch_python_dop_operator_3.py for tasks to queue
[2024-07-31T16:45:25.401+0000] {logging_mixin.py:188} INFO - [2024-07-31T16:45:25.400+0000] {dagbag.py:545} INFO - Filling up the DagBag from /home/airflow/.local/lib/python3.12/site-packages/airflow/example_dags/example_branch_python_dop_operator_3.py
[2024-07-31T16:45:25.421+0000] {processor.py:840} INFO - DAG(s) 'example_branch_dop_operator_v3' retrieved from /home/airflow/.local/lib/python3.12/site-packages/airflow/example_dags/example_branch_python_dop_operator_3.py
[2024-07-31T16:45:25.469+0000] {logging_mixin.py:188} INFO - [2024-07-31T16:45:25.468+0000] {dag.py:3089} INFO - Sync 1 DAGs
[2024-07-31T16:45:25.525+0000] {logging_mixin.py:188} INFO - [2024-07-31T16:45:25.524+0000] {dag.py:3947} INFO - Setting next_dagrun for example_branch_dop_operator_v3 to 2024-07-31 16:44:00+00:00, run_after=2024-07-31 16:45:00+00:00
[2024-07-31T16:45:25.570+0000] {processor.py:183} INFO - Processing /home/airflow/.local/lib/python3.12/site-packages/airflow/example_dags/example_branch_python_dop_operator_3.py took 0.182 seconds
[2024-07-31T16:45:55.800+0000] {processor.py:161} INFO - Started process (PID=251) to work on /home/airflow/.local/lib/python3.12/site-packages/airflow/example_dags/example_branch_python_dop_operator_3.py
[2024-07-31T16:45:55.801+0000] {processor.py:830} INFO - Processing file /home/airflow/.local/lib/python3.12/site-packages/airflow/example_dags/example_branch_python_dop_operator_3.py for tasks to queue
[2024-07-31T16:45:55.801+0000] {logging_mixin.py:188} INFO - [2024-07-31T16:45:55.801+0000] {dagbag.py:545} INFO - Filling up the DagBag from /home/airflow/.local/lib/python3.12/site-packages/airflow/example_dags/example_branch_python_dop_operator_3.py
[2024-07-31T16:45:55.816+0000] {processor.py:840} INFO - DAG(s) 'example_branch_dop_operator_v3' retrieved from /home/airflow/.local/lib/python3.12/site-packages/airflow/example_dags/example_branch_python_dop_operator_3.py
[2024-07-31T16:45:55.872+0000] {logging_mixin.py:188} INFO - [2024-07-31T16:45:55.872+0000] {dag.py:3089} INFO - Sync 1 DAGs
[2024-07-31T16:45:55.909+0000] {logging_mixin.py:188} INFO - [2024-07-31T16:45:55.909+0000] {dag.py:3947} INFO - Setting next_dagrun for example_branch_dop_operator_v3 to 2024-07-31 16:44:00+00:00, run_after=2024-07-31 16:45:00+00:00
[2024-07-31T16:45:55.962+0000] {processor.py:183} INFO - Processing /home/airflow/.local/lib/python3.12/site-packages/airflow/example_dags/example_branch_python_dop_operator_3.py took 0.169 seconds
