[2024-07-31T12:08:51.534+0000] {processor.py:161} INFO - Started process (PID=83) to work on /home/airflow/.local/lib/python3.12/site-packages/airflow/example_dags/example_display_name.py
[2024-07-31T12:08:51.535+0000] {processor.py:830} INFO - Processing file /home/airflow/.local/lib/python3.12/site-packages/airflow/example_dags/example_display_name.py for tasks to queue
[2024-07-31T12:08:51.537+0000] {logging_mixin.py:188} INFO - [2024-07-31T12:08:51.537+0000] {dagbag.py:545} INFO - Filling up the DagBag from /home/airflow/.local/lib/python3.12/site-packages/airflow/example_dags/example_display_name.py
[2024-07-31T12:08:51.547+0000] {processor.py:840} INFO - DAG(s) 'example_display_name' retrieved from /home/airflow/.local/lib/python3.12/site-packages/airflow/example_dags/example_display_name.py
[2024-07-31T12:08:51.673+0000] {logging_mixin.py:188} INFO - [2024-07-31T12:08:51.672+0000] {override.py:1858} INFO - Created Permission View: can delete on DAG:example_display_name
[2024-07-31T12:08:51.687+0000] {logging_mixin.py:188} INFO - [2024-07-31T12:08:51.686+0000] {override.py:1858} INFO - Created Permission View: can read on DAG:example_display_name
[2024-07-31T12:08:51.694+0000] {logging_mixin.py:188} INFO - [2024-07-31T12:08:51.693+0000] {override.py:1858} INFO - Created Permission View: can edit on DAG:example_display_name
[2024-07-31T12:08:51.694+0000] {logging_mixin.py:188} INFO - [2024-07-31T12:08:51.694+0000] {dag.py:3089} INFO - Sync 1 DAGs
[2024-07-31T12:08:51.709+0000] {logging_mixin.py:188} INFO - [2024-07-31T12:08:51.709+0000] {dag.py:3111} INFO - Creating ORM DAG for example_display_name
[2024-07-31T12:08:51.710+0000] {logging_mixin.py:188} INFO - [2024-07-31T12:08:51.710+0000] {dag.py:3947} INFO - Setting next_dagrun for example_display_name to None, run_after=None
[2024-07-31T12:08:51.731+0000] {processor.py:183} INFO - Processing /home/airflow/.local/lib/python3.12/site-packages/airflow/example_dags/example_display_name.py took 0.203 seconds
[2024-07-31T12:09:22.416+0000] {processor.py:161} INFO - Started process (PID=141) to work on /home/airflow/.local/lib/python3.12/site-packages/airflow/example_dags/example_display_name.py
[2024-07-31T12:09:22.417+0000] {processor.py:830} INFO - Processing file /home/airflow/.local/lib/python3.12/site-packages/airflow/example_dags/example_display_name.py for tasks to queue
[2024-07-31T12:09:22.419+0000] {logging_mixin.py:188} INFO - [2024-07-31T12:09:22.418+0000] {dagbag.py:545} INFO - Filling up the DagBag from /home/airflow/.local/lib/python3.12/site-packages/airflow/example_dags/example_display_name.py
[2024-07-31T12:09:22.425+0000] {processor.py:840} INFO - DAG(s) 'example_display_name' retrieved from /home/airflow/.local/lib/python3.12/site-packages/airflow/example_dags/example_display_name.py
[2024-07-31T12:09:22.447+0000] {logging_mixin.py:188} INFO - [2024-07-31T12:09:22.446+0000] {dag.py:3089} INFO - Sync 1 DAGs
[2024-07-31T12:09:22.461+0000] {logging_mixin.py:188} INFO - [2024-07-31T12:09:22.460+0000] {dag.py:3947} INFO - Setting next_dagrun for example_display_name to None, run_after=None
[2024-07-31T12:09:22.488+0000] {processor.py:183} INFO - Processing /home/airflow/.local/lib/python3.12/site-packages/airflow/example_dags/example_display_name.py took 0.078 seconds
[2024-07-31T12:09:53.029+0000] {processor.py:161} INFO - Started process (PID=199) to work on /home/airflow/.local/lib/python3.12/site-packages/airflow/example_dags/example_display_name.py
[2024-07-31T12:09:53.030+0000] {processor.py:830} INFO - Processing file /home/airflow/.local/lib/python3.12/site-packages/airflow/example_dags/example_display_name.py for tasks to queue
[2024-07-31T12:09:53.031+0000] {logging_mixin.py:188} INFO - [2024-07-31T12:09:53.031+0000] {dagbag.py:545} INFO - Filling up the DagBag from /home/airflow/.local/lib/python3.12/site-packages/airflow/example_dags/example_display_name.py
[2024-07-31T12:09:53.036+0000] {processor.py:840} INFO - DAG(s) 'example_display_name' retrieved from /home/airflow/.local/lib/python3.12/site-packages/airflow/example_dags/example_display_name.py
[2024-07-31T12:09:53.055+0000] {logging_mixin.py:188} INFO - [2024-07-31T12:09:53.054+0000] {dag.py:3089} INFO - Sync 1 DAGs
[2024-07-31T12:09:53.067+0000] {logging_mixin.py:188} INFO - [2024-07-31T12:09:53.067+0000] {dag.py:3947} INFO - Setting next_dagrun for example_display_name to None, run_after=None
[2024-07-31T12:09:53.089+0000] {processor.py:183} INFO - Processing /home/airflow/.local/lib/python3.12/site-packages/airflow/example_dags/example_display_name.py took 0.066 seconds
[2024-07-31T12:10:23.585+0000] {processor.py:161} INFO - Started process (PID=257) to work on /home/airflow/.local/lib/python3.12/site-packages/airflow/example_dags/example_display_name.py
[2024-07-31T12:10:23.585+0000] {processor.py:830} INFO - Processing file /home/airflow/.local/lib/python3.12/site-packages/airflow/example_dags/example_display_name.py for tasks to queue
[2024-07-31T12:10:23.587+0000] {logging_mixin.py:188} INFO - [2024-07-31T12:10:23.587+0000] {dagbag.py:545} INFO - Filling up the DagBag from /home/airflow/.local/lib/python3.12/site-packages/airflow/example_dags/example_display_name.py
[2024-07-31T12:10:23.592+0000] {processor.py:840} INFO - DAG(s) 'example_display_name' retrieved from /home/airflow/.local/lib/python3.12/site-packages/airflow/example_dags/example_display_name.py
[2024-07-31T12:10:23.610+0000] {logging_mixin.py:188} INFO - [2024-07-31T12:10:23.610+0000] {dag.py:3089} INFO - Sync 1 DAGs
[2024-07-31T12:10:23.622+0000] {logging_mixin.py:188} INFO - [2024-07-31T12:10:23.622+0000] {dag.py:3947} INFO - Setting next_dagrun for example_display_name to None, run_after=None
[2024-07-31T12:10:23.647+0000] {processor.py:183} INFO - Processing /home/airflow/.local/lib/python3.12/site-packages/airflow/example_dags/example_display_name.py took 0.067 seconds
[2024-07-31T12:10:53.830+0000] {processor.py:161} INFO - Started process (PID=315) to work on /home/airflow/.local/lib/python3.12/site-packages/airflow/example_dags/example_display_name.py
[2024-07-31T12:10:53.831+0000] {processor.py:830} INFO - Processing file /home/airflow/.local/lib/python3.12/site-packages/airflow/example_dags/example_display_name.py for tasks to queue
[2024-07-31T12:10:53.832+0000] {logging_mixin.py:188} INFO - [2024-07-31T12:10:53.832+0000] {dagbag.py:545} INFO - Filling up the DagBag from /home/airflow/.local/lib/python3.12/site-packages/airflow/example_dags/example_display_name.py
[2024-07-31T12:10:53.837+0000] {processor.py:840} INFO - DAG(s) 'example_display_name' retrieved from /home/airflow/.local/lib/python3.12/site-packages/airflow/example_dags/example_display_name.py
[2024-07-31T12:10:53.857+0000] {logging_mixin.py:188} INFO - [2024-07-31T12:10:53.857+0000] {dag.py:3089} INFO - Sync 1 DAGs
[2024-07-31T12:10:53.869+0000] {logging_mixin.py:188} INFO - [2024-07-31T12:10:53.869+0000] {dag.py:3947} INFO - Setting next_dagrun for example_display_name to None, run_after=None
[2024-07-31T12:10:53.897+0000] {processor.py:183} INFO - Processing /home/airflow/.local/lib/python3.12/site-packages/airflow/example_dags/example_display_name.py took 0.072 seconds
[2024-07-31T12:11:24.554+0000] {processor.py:161} INFO - Started process (PID=372) to work on /home/airflow/.local/lib/python3.12/site-packages/airflow/example_dags/example_display_name.py
[2024-07-31T12:11:24.555+0000] {processor.py:830} INFO - Processing file /home/airflow/.local/lib/python3.12/site-packages/airflow/example_dags/example_display_name.py for tasks to queue
[2024-07-31T12:11:24.556+0000] {logging_mixin.py:188} INFO - [2024-07-31T12:11:24.556+0000] {dagbag.py:545} INFO - Filling up the DagBag from /home/airflow/.local/lib/python3.12/site-packages/airflow/example_dags/example_display_name.py
[2024-07-31T12:11:24.563+0000] {processor.py:840} INFO - DAG(s) 'example_display_name' retrieved from /home/airflow/.local/lib/python3.12/site-packages/airflow/example_dags/example_display_name.py
[2024-07-31T12:11:24.586+0000] {logging_mixin.py:188} INFO - [2024-07-31T12:11:24.585+0000] {dag.py:3089} INFO - Sync 1 DAGs
[2024-07-31T12:11:24.598+0000] {logging_mixin.py:188} INFO - [2024-07-31T12:11:24.598+0000] {dag.py:3947} INFO - Setting next_dagrun for example_display_name to None, run_after=None
[2024-07-31T12:11:24.626+0000] {processor.py:183} INFO - Processing /home/airflow/.local/lib/python3.12/site-packages/airflow/example_dags/example_display_name.py took 0.078 seconds
[2024-07-31T12:11:55.518+0000] {processor.py:161} INFO - Started process (PID=436) to work on /home/airflow/.local/lib/python3.12/site-packages/airflow/example_dags/example_display_name.py
[2024-07-31T12:11:55.519+0000] {processor.py:830} INFO - Processing file /home/airflow/.local/lib/python3.12/site-packages/airflow/example_dags/example_display_name.py for tasks to queue
[2024-07-31T12:11:55.521+0000] {logging_mixin.py:188} INFO - [2024-07-31T12:11:55.520+0000] {dagbag.py:545} INFO - Filling up the DagBag from /home/airflow/.local/lib/python3.12/site-packages/airflow/example_dags/example_display_name.py
[2024-07-31T12:11:55.525+0000] {processor.py:840} INFO - DAG(s) 'example_display_name' retrieved from /home/airflow/.local/lib/python3.12/site-packages/airflow/example_dags/example_display_name.py
[2024-07-31T12:11:55.543+0000] {logging_mixin.py:188} INFO - [2024-07-31T12:11:55.542+0000] {dag.py:3089} INFO - Sync 1 DAGs
[2024-07-31T12:11:55.554+0000] {logging_mixin.py:188} INFO - [2024-07-31T12:11:55.553+0000] {dag.py:3947} INFO - Setting next_dagrun for example_display_name to None, run_after=None
[2024-07-31T12:11:55.830+0000] {processor.py:183} INFO - Processing /home/airflow/.local/lib/python3.12/site-packages/airflow/example_dags/example_display_name.py took 0.318 seconds
[2024-07-31T12:12:26.095+0000] {processor.py:161} INFO - Started process (PID=493) to work on /home/airflow/.local/lib/python3.12/site-packages/airflow/example_dags/example_display_name.py
[2024-07-31T12:12:26.096+0000] {processor.py:830} INFO - Processing file /home/airflow/.local/lib/python3.12/site-packages/airflow/example_dags/example_display_name.py for tasks to queue
[2024-07-31T12:12:26.097+0000] {logging_mixin.py:188} INFO - [2024-07-31T12:12:26.097+0000] {dagbag.py:545} INFO - Filling up the DagBag from /home/airflow/.local/lib/python3.12/site-packages/airflow/example_dags/example_display_name.py
[2024-07-31T12:12:26.102+0000] {processor.py:840} INFO - DAG(s) 'example_display_name' retrieved from /home/airflow/.local/lib/python3.12/site-packages/airflow/example_dags/example_display_name.py
[2024-07-31T12:12:26.122+0000] {logging_mixin.py:188} INFO - [2024-07-31T12:12:26.122+0000] {dag.py:3089} INFO - Sync 1 DAGs
[2024-07-31T12:12:26.134+0000] {logging_mixin.py:188} INFO - [2024-07-31T12:12:26.134+0000] {dag.py:3947} INFO - Setting next_dagrun for example_display_name to None, run_after=None
[2024-07-31T12:12:26.156+0000] {processor.py:183} INFO - Processing /home/airflow/.local/lib/python3.12/site-packages/airflow/example_dags/example_display_name.py took 0.066 seconds
[2024-07-31T12:12:56.798+0000] {processor.py:161} INFO - Started process (PID=551) to work on /home/airflow/.local/lib/python3.12/site-packages/airflow/example_dags/example_display_name.py
[2024-07-31T12:12:56.799+0000] {processor.py:830} INFO - Processing file /home/airflow/.local/lib/python3.12/site-packages/airflow/example_dags/example_display_name.py for tasks to queue
[2024-07-31T12:12:56.800+0000] {logging_mixin.py:188} INFO - [2024-07-31T12:12:56.800+0000] {dagbag.py:545} INFO - Filling up the DagBag from /home/airflow/.local/lib/python3.12/site-packages/airflow/example_dags/example_display_name.py
[2024-07-31T12:12:56.805+0000] {processor.py:840} INFO - DAG(s) 'example_display_name' retrieved from /home/airflow/.local/lib/python3.12/site-packages/airflow/example_dags/example_display_name.py
[2024-07-31T12:12:56.827+0000] {logging_mixin.py:188} INFO - [2024-07-31T12:12:56.826+0000] {dag.py:3089} INFO - Sync 1 DAGs
[2024-07-31T12:12:56.844+0000] {logging_mixin.py:188} INFO - [2024-07-31T12:12:56.844+0000] {dag.py:3947} INFO - Setting next_dagrun for example_display_name to None, run_after=None
[2024-07-31T12:12:56.867+0000] {processor.py:183} INFO - Processing /home/airflow/.local/lib/python3.12/site-packages/airflow/example_dags/example_display_name.py took 0.074 seconds
[2024-07-31T12:13:27.350+0000] {processor.py:161} INFO - Started process (PID=608) to work on /home/airflow/.local/lib/python3.12/site-packages/airflow/example_dags/example_display_name.py
[2024-07-31T12:13:27.353+0000] {processor.py:830} INFO - Processing file /home/airflow/.local/lib/python3.12/site-packages/airflow/example_dags/example_display_name.py for tasks to queue
[2024-07-31T12:13:27.355+0000] {logging_mixin.py:188} INFO - [2024-07-31T12:13:27.355+0000] {dagbag.py:545} INFO - Filling up the DagBag from /home/airflow/.local/lib/python3.12/site-packages/airflow/example_dags/example_display_name.py
[2024-07-31T12:13:27.363+0000] {processor.py:840} INFO - DAG(s) 'example_display_name' retrieved from /home/airflow/.local/lib/python3.12/site-packages/airflow/example_dags/example_display_name.py
[2024-07-31T12:13:27.388+0000] {logging_mixin.py:188} INFO - [2024-07-31T12:13:27.388+0000] {dag.py:3089} INFO - Sync 1 DAGs
[2024-07-31T12:13:27.404+0000] {logging_mixin.py:188} INFO - [2024-07-31T12:13:27.404+0000] {dag.py:3947} INFO - Setting next_dagrun for example_display_name to None, run_after=None
[2024-07-31T12:13:27.429+0000] {processor.py:183} INFO - Processing /home/airflow/.local/lib/python3.12/site-packages/airflow/example_dags/example_display_name.py took 0.085 seconds
[2024-07-31T12:13:58.131+0000] {processor.py:161} INFO - Started process (PID=666) to work on /home/airflow/.local/lib/python3.12/site-packages/airflow/example_dags/example_display_name.py
[2024-07-31T12:13:58.132+0000] {processor.py:830} INFO - Processing file /home/airflow/.local/lib/python3.12/site-packages/airflow/example_dags/example_display_name.py for tasks to queue
[2024-07-31T12:13:58.134+0000] {logging_mixin.py:188} INFO - [2024-07-31T12:13:58.134+0000] {dagbag.py:545} INFO - Filling up the DagBag from /home/airflow/.local/lib/python3.12/site-packages/airflow/example_dags/example_display_name.py
[2024-07-31T12:13:58.142+0000] {processor.py:840} INFO - DAG(s) 'example_display_name' retrieved from /home/airflow/.local/lib/python3.12/site-packages/airflow/example_dags/example_display_name.py
[2024-07-31T12:13:58.175+0000] {logging_mixin.py:188} INFO - [2024-07-31T12:13:58.174+0000] {dag.py:3089} INFO - Sync 1 DAGs
[2024-07-31T12:13:58.198+0000] {logging_mixin.py:188} INFO - [2024-07-31T12:13:58.198+0000] {dag.py:3947} INFO - Setting next_dagrun for example_display_name to None, run_after=None
[2024-07-31T12:13:58.249+0000] {processor.py:183} INFO - Processing /home/airflow/.local/lib/python3.12/site-packages/airflow/example_dags/example_display_name.py took 0.128 seconds
[2024-07-31T12:14:28.578+0000] {processor.py:161} INFO - Started process (PID=724) to work on /home/airflow/.local/lib/python3.12/site-packages/airflow/example_dags/example_display_name.py
[2024-07-31T12:14:28.579+0000] {processor.py:830} INFO - Processing file /home/airflow/.local/lib/python3.12/site-packages/airflow/example_dags/example_display_name.py for tasks to queue
[2024-07-31T12:14:28.581+0000] {logging_mixin.py:188} INFO - [2024-07-31T12:14:28.580+0000] {dagbag.py:545} INFO - Filling up the DagBag from /home/airflow/.local/lib/python3.12/site-packages/airflow/example_dags/example_display_name.py
[2024-07-31T12:14:28.586+0000] {processor.py:840} INFO - DAG(s) 'example_display_name' retrieved from /home/airflow/.local/lib/python3.12/site-packages/airflow/example_dags/example_display_name.py
[2024-07-31T12:14:28.603+0000] {logging_mixin.py:188} INFO - [2024-07-31T12:14:28.603+0000] {dag.py:3089} INFO - Sync 1 DAGs
[2024-07-31T12:14:28.616+0000] {logging_mixin.py:188} INFO - [2024-07-31T12:14:28.616+0000] {dag.py:3947} INFO - Setting next_dagrun for example_display_name to None, run_after=None
[2024-07-31T12:14:28.643+0000] {processor.py:183} INFO - Processing /home/airflow/.local/lib/python3.12/site-packages/airflow/example_dags/example_display_name.py took 0.070 seconds
[2024-07-31T12:14:58.804+0000] {processor.py:161} INFO - Started process (PID=781) to work on /home/airflow/.local/lib/python3.12/site-packages/airflow/example_dags/example_display_name.py
[2024-07-31T12:14:58.806+0000] {processor.py:830} INFO - Processing file /home/airflow/.local/lib/python3.12/site-packages/airflow/example_dags/example_display_name.py for tasks to queue
[2024-07-31T12:14:58.809+0000] {logging_mixin.py:188} INFO - [2024-07-31T12:14:58.809+0000] {dagbag.py:545} INFO - Filling up the DagBag from /home/airflow/.local/lib/python3.12/site-packages/airflow/example_dags/example_display_name.py
[2024-07-31T12:14:58.819+0000] {processor.py:840} INFO - DAG(s) 'example_display_name' retrieved from /home/airflow/.local/lib/python3.12/site-packages/airflow/example_dags/example_display_name.py
[2024-07-31T12:14:58.853+0000] {logging_mixin.py:188} INFO - [2024-07-31T12:14:58.853+0000] {dag.py:3089} INFO - Sync 1 DAGs
[2024-07-31T12:14:58.869+0000] {logging_mixin.py:188} INFO - [2024-07-31T12:14:58.868+0000] {dag.py:3947} INFO - Setting next_dagrun for example_display_name to None, run_after=None
[2024-07-31T12:14:58.895+0000] {processor.py:183} INFO - Processing /home/airflow/.local/lib/python3.12/site-packages/airflow/example_dags/example_display_name.py took 0.108 seconds
[2024-07-31T12:15:29.039+0000] {processor.py:161} INFO - Started process (PID=838) to work on /home/airflow/.local/lib/python3.12/site-packages/airflow/example_dags/example_display_name.py
[2024-07-31T12:15:29.040+0000] {processor.py:830} INFO - Processing file /home/airflow/.local/lib/python3.12/site-packages/airflow/example_dags/example_display_name.py for tasks to queue
[2024-07-31T12:15:29.041+0000] {logging_mixin.py:188} INFO - [2024-07-31T12:15:29.041+0000] {dagbag.py:545} INFO - Filling up the DagBag from /home/airflow/.local/lib/python3.12/site-packages/airflow/example_dags/example_display_name.py
[2024-07-31T12:15:29.048+0000] {processor.py:840} INFO - DAG(s) 'example_display_name' retrieved from /home/airflow/.local/lib/python3.12/site-packages/airflow/example_dags/example_display_name.py
[2024-07-31T12:15:29.068+0000] {logging_mixin.py:188} INFO - [2024-07-31T12:15:29.067+0000] {dag.py:3089} INFO - Sync 1 DAGs
[2024-07-31T12:15:29.083+0000] {logging_mixin.py:188} INFO - [2024-07-31T12:15:29.082+0000] {dag.py:3947} INFO - Setting next_dagrun for example_display_name to None, run_after=None
[2024-07-31T12:15:29.117+0000] {processor.py:183} INFO - Processing /home/airflow/.local/lib/python3.12/site-packages/airflow/example_dags/example_display_name.py took 0.084 seconds
[2024-07-31T12:15:59.320+0000] {processor.py:161} INFO - Started process (PID=895) to work on /home/airflow/.local/lib/python3.12/site-packages/airflow/example_dags/example_display_name.py
[2024-07-31T12:15:59.322+0000] {processor.py:830} INFO - Processing file /home/airflow/.local/lib/python3.12/site-packages/airflow/example_dags/example_display_name.py for tasks to queue
[2024-07-31T12:15:59.324+0000] {logging_mixin.py:188} INFO - [2024-07-31T12:15:59.323+0000] {dagbag.py:545} INFO - Filling up the DagBag from /home/airflow/.local/lib/python3.12/site-packages/airflow/example_dags/example_display_name.py
[2024-07-31T12:15:59.330+0000] {processor.py:840} INFO - DAG(s) 'example_display_name' retrieved from /home/airflow/.local/lib/python3.12/site-packages/airflow/example_dags/example_display_name.py
[2024-07-31T12:15:59.348+0000] {logging_mixin.py:188} INFO - [2024-07-31T12:15:59.348+0000] {dag.py:3089} INFO - Sync 1 DAGs
[2024-07-31T12:15:59.362+0000] {logging_mixin.py:188} INFO - [2024-07-31T12:15:59.361+0000] {dag.py:3947} INFO - Setting next_dagrun for example_display_name to None, run_after=None
[2024-07-31T12:15:59.382+0000] {processor.py:183} INFO - Processing /home/airflow/.local/lib/python3.12/site-packages/airflow/example_dags/example_display_name.py took 0.068 seconds
[2024-07-31T12:16:29.694+0000] {processor.py:161} INFO - Started process (PID=951) to work on /home/airflow/.local/lib/python3.12/site-packages/airflow/example_dags/example_display_name.py
[2024-07-31T12:16:29.695+0000] {processor.py:830} INFO - Processing file /home/airflow/.local/lib/python3.12/site-packages/airflow/example_dags/example_display_name.py for tasks to queue
[2024-07-31T12:16:29.697+0000] {logging_mixin.py:188} INFO - [2024-07-31T12:16:29.696+0000] {dagbag.py:545} INFO - Filling up the DagBag from /home/airflow/.local/lib/python3.12/site-packages/airflow/example_dags/example_display_name.py
[2024-07-31T12:16:29.701+0000] {processor.py:840} INFO - DAG(s) 'example_display_name' retrieved from /home/airflow/.local/lib/python3.12/site-packages/airflow/example_dags/example_display_name.py
[2024-07-31T12:16:29.722+0000] {logging_mixin.py:188} INFO - [2024-07-31T12:16:29.721+0000] {dag.py:3089} INFO - Sync 1 DAGs
[2024-07-31T12:16:29.735+0000] {logging_mixin.py:188} INFO - [2024-07-31T12:16:29.734+0000] {dag.py:3947} INFO - Setting next_dagrun for example_display_name to None, run_after=None
[2024-07-31T12:16:29.757+0000] {processor.py:183} INFO - Processing /home/airflow/.local/lib/python3.12/site-packages/airflow/example_dags/example_display_name.py took 0.068 seconds
[2024-07-31T12:16:59.822+0000] {processor.py:161} INFO - Started process (PID=1008) to work on /home/airflow/.local/lib/python3.12/site-packages/airflow/example_dags/example_display_name.py
[2024-07-31T12:16:59.824+0000] {processor.py:830} INFO - Processing file /home/airflow/.local/lib/python3.12/site-packages/airflow/example_dags/example_display_name.py for tasks to queue
[2024-07-31T12:16:59.825+0000] {logging_mixin.py:188} INFO - [2024-07-31T12:16:59.825+0000] {dagbag.py:545} INFO - Filling up the DagBag from /home/airflow/.local/lib/python3.12/site-packages/airflow/example_dags/example_display_name.py
[2024-07-31T12:16:59.830+0000] {processor.py:840} INFO - DAG(s) 'example_display_name' retrieved from /home/airflow/.local/lib/python3.12/site-packages/airflow/example_dags/example_display_name.py
[2024-07-31T12:16:59.848+0000] {logging_mixin.py:188} INFO - [2024-07-31T12:16:59.848+0000] {dag.py:3089} INFO - Sync 1 DAGs
[2024-07-31T12:16:59.860+0000] {logging_mixin.py:188} INFO - [2024-07-31T12:16:59.860+0000] {dag.py:3947} INFO - Setting next_dagrun for example_display_name to None, run_after=None
[2024-07-31T12:16:59.882+0000] {processor.py:183} INFO - Processing /home/airflow/.local/lib/python3.12/site-packages/airflow/example_dags/example_display_name.py took 0.065 seconds
[2024-07-31T12:17:30.834+0000] {processor.py:161} INFO - Started process (PID=1067) to work on /home/airflow/.local/lib/python3.12/site-packages/airflow/example_dags/example_display_name.py
[2024-07-31T12:17:30.835+0000] {processor.py:830} INFO - Processing file /home/airflow/.local/lib/python3.12/site-packages/airflow/example_dags/example_display_name.py for tasks to queue
[2024-07-31T12:17:30.837+0000] {logging_mixin.py:188} INFO - [2024-07-31T12:17:30.837+0000] {dagbag.py:545} INFO - Filling up the DagBag from /home/airflow/.local/lib/python3.12/site-packages/airflow/example_dags/example_display_name.py
[2024-07-31T12:17:30.843+0000] {processor.py:840} INFO - DAG(s) 'example_display_name' retrieved from /home/airflow/.local/lib/python3.12/site-packages/airflow/example_dags/example_display_name.py
[2024-07-31T12:17:30.866+0000] {logging_mixin.py:188} INFO - [2024-07-31T12:17:30.866+0000] {dag.py:3089} INFO - Sync 1 DAGs
[2024-07-31T12:17:30.879+0000] {logging_mixin.py:188} INFO - [2024-07-31T12:17:30.879+0000] {dag.py:3947} INFO - Setting next_dagrun for example_display_name to None, run_after=None
[2024-07-31T12:17:30.901+0000] {processor.py:183} INFO - Processing /home/airflow/.local/lib/python3.12/site-packages/airflow/example_dags/example_display_name.py took 0.075 seconds
[2024-07-31T12:18:01.405+0000] {processor.py:161} INFO - Started process (PID=1125) to work on /home/airflow/.local/lib/python3.12/site-packages/airflow/example_dags/example_display_name.py
[2024-07-31T12:18:01.406+0000] {processor.py:830} INFO - Processing file /home/airflow/.local/lib/python3.12/site-packages/airflow/example_dags/example_display_name.py for tasks to queue
[2024-07-31T12:18:01.407+0000] {logging_mixin.py:188} INFO - [2024-07-31T12:18:01.407+0000] {dagbag.py:545} INFO - Filling up the DagBag from /home/airflow/.local/lib/python3.12/site-packages/airflow/example_dags/example_display_name.py
[2024-07-31T12:18:01.415+0000] {processor.py:840} INFO - DAG(s) 'example_display_name' retrieved from /home/airflow/.local/lib/python3.12/site-packages/airflow/example_dags/example_display_name.py
[2024-07-31T12:18:01.436+0000] {logging_mixin.py:188} INFO - [2024-07-31T12:18:01.436+0000] {dag.py:3089} INFO - Sync 1 DAGs
[2024-07-31T12:18:01.462+0000] {logging_mixin.py:188} INFO - [2024-07-31T12:18:01.461+0000] {dag.py:3947} INFO - Setting next_dagrun for example_display_name to None, run_after=None
[2024-07-31T12:18:01.500+0000] {processor.py:183} INFO - Processing /home/airflow/.local/lib/python3.12/site-packages/airflow/example_dags/example_display_name.py took 0.102 seconds
[2024-07-31T12:18:32.041+0000] {processor.py:161} INFO - Started process (PID=1183) to work on /home/airflow/.local/lib/python3.12/site-packages/airflow/example_dags/example_display_name.py
[2024-07-31T12:18:32.042+0000] {processor.py:830} INFO - Processing file /home/airflow/.local/lib/python3.12/site-packages/airflow/example_dags/example_display_name.py for tasks to queue
[2024-07-31T12:18:32.043+0000] {logging_mixin.py:188} INFO - [2024-07-31T12:18:32.043+0000] {dagbag.py:545} INFO - Filling up the DagBag from /home/airflow/.local/lib/python3.12/site-packages/airflow/example_dags/example_display_name.py
[2024-07-31T12:18:32.049+0000] {processor.py:840} INFO - DAG(s) 'example_display_name' retrieved from /home/airflow/.local/lib/python3.12/site-packages/airflow/example_dags/example_display_name.py
[2024-07-31T12:18:32.067+0000] {logging_mixin.py:188} INFO - [2024-07-31T12:18:32.066+0000] {dag.py:3089} INFO - Sync 1 DAGs
[2024-07-31T12:18:32.085+0000] {logging_mixin.py:188} INFO - [2024-07-31T12:18:32.085+0000] {dag.py:3947} INFO - Setting next_dagrun for example_display_name to None, run_after=None
[2024-07-31T12:18:32.118+0000] {processor.py:183} INFO - Processing /home/airflow/.local/lib/python3.12/site-packages/airflow/example_dags/example_display_name.py took 0.084 seconds
[2024-07-31T12:19:02.197+0000] {processor.py:161} INFO - Started process (PID=1241) to work on /home/airflow/.local/lib/python3.12/site-packages/airflow/example_dags/example_display_name.py
[2024-07-31T12:19:02.198+0000] {processor.py:830} INFO - Processing file /home/airflow/.local/lib/python3.12/site-packages/airflow/example_dags/example_display_name.py for tasks to queue
[2024-07-31T12:19:02.200+0000] {logging_mixin.py:188} INFO - [2024-07-31T12:19:02.200+0000] {dagbag.py:545} INFO - Filling up the DagBag from /home/airflow/.local/lib/python3.12/site-packages/airflow/example_dags/example_display_name.py
[2024-07-31T12:19:02.207+0000] {processor.py:840} INFO - DAG(s) 'example_display_name' retrieved from /home/airflow/.local/lib/python3.12/site-packages/airflow/example_dags/example_display_name.py
[2024-07-31T12:19:02.227+0000] {logging_mixin.py:188} INFO - [2024-07-31T12:19:02.226+0000] {dag.py:3089} INFO - Sync 1 DAGs
[2024-07-31T12:19:02.239+0000] {logging_mixin.py:188} INFO - [2024-07-31T12:19:02.239+0000] {dag.py:3947} INFO - Setting next_dagrun for example_display_name to None, run_after=None
[2024-07-31T12:19:02.271+0000] {processor.py:183} INFO - Processing /home/airflow/.local/lib/python3.12/site-packages/airflow/example_dags/example_display_name.py took 0.081 seconds
[2024-07-31T12:19:32.409+0000] {processor.py:161} INFO - Started process (PID=1299) to work on /home/airflow/.local/lib/python3.12/site-packages/airflow/example_dags/example_display_name.py
[2024-07-31T12:19:32.409+0000] {processor.py:830} INFO - Processing file /home/airflow/.local/lib/python3.12/site-packages/airflow/example_dags/example_display_name.py for tasks to queue
[2024-07-31T12:19:32.411+0000] {logging_mixin.py:188} INFO - [2024-07-31T12:19:32.411+0000] {dagbag.py:545} INFO - Filling up the DagBag from /home/airflow/.local/lib/python3.12/site-packages/airflow/example_dags/example_display_name.py
[2024-07-31T12:19:32.418+0000] {processor.py:840} INFO - DAG(s) 'example_display_name' retrieved from /home/airflow/.local/lib/python3.12/site-packages/airflow/example_dags/example_display_name.py
[2024-07-31T12:19:32.441+0000] {logging_mixin.py:188} INFO - [2024-07-31T12:19:32.440+0000] {dag.py:3089} INFO - Sync 1 DAGs
[2024-07-31T12:19:32.459+0000] {logging_mixin.py:188} INFO - [2024-07-31T12:19:32.459+0000] {dag.py:3947} INFO - Setting next_dagrun for example_display_name to None, run_after=None
[2024-07-31T12:19:32.486+0000] {processor.py:183} INFO - Processing /home/airflow/.local/lib/python3.12/site-packages/airflow/example_dags/example_display_name.py took 0.086 seconds
[2024-07-31T12:20:02.873+0000] {processor.py:161} INFO - Started process (PID=1357) to work on /home/airflow/.local/lib/python3.12/site-packages/airflow/example_dags/example_display_name.py
[2024-07-31T12:20:02.874+0000] {processor.py:830} INFO - Processing file /home/airflow/.local/lib/python3.12/site-packages/airflow/example_dags/example_display_name.py for tasks to queue
[2024-07-31T12:20:02.875+0000] {logging_mixin.py:188} INFO - [2024-07-31T12:20:02.875+0000] {dagbag.py:545} INFO - Filling up the DagBag from /home/airflow/.local/lib/python3.12/site-packages/airflow/example_dags/example_display_name.py
[2024-07-31T12:20:02.880+0000] {processor.py:840} INFO - DAG(s) 'example_display_name' retrieved from /home/airflow/.local/lib/python3.12/site-packages/airflow/example_dags/example_display_name.py
[2024-07-31T12:20:02.899+0000] {logging_mixin.py:188} INFO - [2024-07-31T12:20:02.899+0000] {dag.py:3089} INFO - Sync 1 DAGs
[2024-07-31T12:20:02.916+0000] {logging_mixin.py:188} INFO - [2024-07-31T12:20:02.915+0000] {dag.py:3947} INFO - Setting next_dagrun for example_display_name to None, run_after=None
[2024-07-31T12:20:02.936+0000] {processor.py:183} INFO - Processing /home/airflow/.local/lib/python3.12/site-packages/airflow/example_dags/example_display_name.py took 0.069 seconds
[2024-07-31T12:20:33.310+0000] {processor.py:161} INFO - Started process (PID=1415) to work on /home/airflow/.local/lib/python3.12/site-packages/airflow/example_dags/example_display_name.py
[2024-07-31T12:20:33.310+0000] {processor.py:830} INFO - Processing file /home/airflow/.local/lib/python3.12/site-packages/airflow/example_dags/example_display_name.py for tasks to queue
[2024-07-31T12:20:33.313+0000] {logging_mixin.py:188} INFO - [2024-07-31T12:20:33.312+0000] {dagbag.py:545} INFO - Filling up the DagBag from /home/airflow/.local/lib/python3.12/site-packages/airflow/example_dags/example_display_name.py
[2024-07-31T12:20:33.320+0000] {processor.py:840} INFO - DAG(s) 'example_display_name' retrieved from /home/airflow/.local/lib/python3.12/site-packages/airflow/example_dags/example_display_name.py
[2024-07-31T12:20:33.339+0000] {logging_mixin.py:188} INFO - [2024-07-31T12:20:33.339+0000] {dag.py:3089} INFO - Sync 1 DAGs
[2024-07-31T12:20:33.354+0000] {logging_mixin.py:188} INFO - [2024-07-31T12:20:33.354+0000] {dag.py:3947} INFO - Setting next_dagrun for example_display_name to None, run_after=None
[2024-07-31T12:20:33.378+0000] {processor.py:183} INFO - Processing /home/airflow/.local/lib/python3.12/site-packages/airflow/example_dags/example_display_name.py took 0.075 seconds
[2024-07-31T12:21:03.769+0000] {processor.py:161} INFO - Started process (PID=1473) to work on /home/airflow/.local/lib/python3.12/site-packages/airflow/example_dags/example_display_name.py
[2024-07-31T12:21:03.770+0000] {processor.py:830} INFO - Processing file /home/airflow/.local/lib/python3.12/site-packages/airflow/example_dags/example_display_name.py for tasks to queue
[2024-07-31T12:21:03.772+0000] {logging_mixin.py:188} INFO - [2024-07-31T12:21:03.772+0000] {dagbag.py:545} INFO - Filling up the DagBag from /home/airflow/.local/lib/python3.12/site-packages/airflow/example_dags/example_display_name.py
[2024-07-31T12:21:03.779+0000] {processor.py:840} INFO - DAG(s) 'example_display_name' retrieved from /home/airflow/.local/lib/python3.12/site-packages/airflow/example_dags/example_display_name.py
[2024-07-31T12:21:03.803+0000] {logging_mixin.py:188} INFO - [2024-07-31T12:21:03.803+0000] {dag.py:3089} INFO - Sync 1 DAGs
[2024-07-31T12:21:03.822+0000] {logging_mixin.py:188} INFO - [2024-07-31T12:21:03.821+0000] {dag.py:3947} INFO - Setting next_dagrun for example_display_name to None, run_after=None
[2024-07-31T12:21:03.857+0000] {processor.py:183} INFO - Processing /home/airflow/.local/lib/python3.12/site-packages/airflow/example_dags/example_display_name.py took 0.093 seconds
[2024-07-31T12:21:33.942+0000] {processor.py:161} INFO - Started process (PID=1531) to work on /home/airflow/.local/lib/python3.12/site-packages/airflow/example_dags/example_display_name.py
[2024-07-31T12:21:33.942+0000] {processor.py:830} INFO - Processing file /home/airflow/.local/lib/python3.12/site-packages/airflow/example_dags/example_display_name.py for tasks to queue
[2024-07-31T12:21:33.944+0000] {logging_mixin.py:188} INFO - [2024-07-31T12:21:33.944+0000] {dagbag.py:545} INFO - Filling up the DagBag from /home/airflow/.local/lib/python3.12/site-packages/airflow/example_dags/example_display_name.py
[2024-07-31T12:21:33.950+0000] {processor.py:840} INFO - DAG(s) 'example_display_name' retrieved from /home/airflow/.local/lib/python3.12/site-packages/airflow/example_dags/example_display_name.py
[2024-07-31T12:21:33.970+0000] {logging_mixin.py:188} INFO - [2024-07-31T12:21:33.969+0000] {dag.py:3089} INFO - Sync 1 DAGs
[2024-07-31T12:21:33.984+0000] {logging_mixin.py:188} INFO - [2024-07-31T12:21:33.984+0000] {dag.py:3947} INFO - Setting next_dagrun for example_display_name to None, run_after=None
[2024-07-31T12:21:34.011+0000] {processor.py:183} INFO - Processing /home/airflow/.local/lib/python3.12/site-packages/airflow/example_dags/example_display_name.py took 0.074 seconds
[2024-07-31T12:22:04.284+0000] {processor.py:161} INFO - Started process (PID=1589) to work on /home/airflow/.local/lib/python3.12/site-packages/airflow/example_dags/example_display_name.py
[2024-07-31T12:22:04.286+0000] {processor.py:830} INFO - Processing file /home/airflow/.local/lib/python3.12/site-packages/airflow/example_dags/example_display_name.py for tasks to queue
[2024-07-31T12:22:04.288+0000] {logging_mixin.py:188} INFO - [2024-07-31T12:22:04.288+0000] {dagbag.py:545} INFO - Filling up the DagBag from /home/airflow/.local/lib/python3.12/site-packages/airflow/example_dags/example_display_name.py
[2024-07-31T12:22:04.309+0000] {processor.py:840} INFO - DAG(s) 'example_display_name' retrieved from /home/airflow/.local/lib/python3.12/site-packages/airflow/example_dags/example_display_name.py
[2024-07-31T12:22:04.354+0000] {logging_mixin.py:188} INFO - [2024-07-31T12:22:04.353+0000] {dag.py:3089} INFO - Sync 1 DAGs
[2024-07-31T12:22:04.381+0000] {logging_mixin.py:188} INFO - [2024-07-31T12:22:04.380+0000] {dag.py:3947} INFO - Setting next_dagrun for example_display_name to None, run_after=None
[2024-07-31T12:22:04.414+0000] {processor.py:183} INFO - Processing /home/airflow/.local/lib/python3.12/site-packages/airflow/example_dags/example_display_name.py took 0.145 seconds
[2024-07-31T12:22:34.893+0000] {processor.py:161} INFO - Started process (PID=1647) to work on /home/airflow/.local/lib/python3.12/site-packages/airflow/example_dags/example_display_name.py
[2024-07-31T12:22:34.894+0000] {processor.py:830} INFO - Processing file /home/airflow/.local/lib/python3.12/site-packages/airflow/example_dags/example_display_name.py for tasks to queue
[2024-07-31T12:22:34.897+0000] {logging_mixin.py:188} INFO - [2024-07-31T12:22:34.897+0000] {dagbag.py:545} INFO - Filling up the DagBag from /home/airflow/.local/lib/python3.12/site-packages/airflow/example_dags/example_display_name.py
[2024-07-31T12:22:34.909+0000] {processor.py:840} INFO - DAG(s) 'example_display_name' retrieved from /home/airflow/.local/lib/python3.12/site-packages/airflow/example_dags/example_display_name.py
[2024-07-31T12:22:34.944+0000] {logging_mixin.py:188} INFO - [2024-07-31T12:22:34.943+0000] {dag.py:3089} INFO - Sync 1 DAGs
[2024-07-31T12:22:34.968+0000] {logging_mixin.py:188} INFO - [2024-07-31T12:22:34.968+0000] {dag.py:3947} INFO - Setting next_dagrun for example_display_name to None, run_after=None
[2024-07-31T12:22:35.005+0000] {processor.py:183} INFO - Processing /home/airflow/.local/lib/python3.12/site-packages/airflow/example_dags/example_display_name.py took 0.118 seconds
[2024-07-31T12:23:05.087+0000] {processor.py:161} INFO - Started process (PID=1704) to work on /home/airflow/.local/lib/python3.12/site-packages/airflow/example_dags/example_display_name.py
[2024-07-31T12:23:05.088+0000] {processor.py:830} INFO - Processing file /home/airflow/.local/lib/python3.12/site-packages/airflow/example_dags/example_display_name.py for tasks to queue
[2024-07-31T12:23:05.090+0000] {logging_mixin.py:188} INFO - [2024-07-31T12:23:05.090+0000] {dagbag.py:545} INFO - Filling up the DagBag from /home/airflow/.local/lib/python3.12/site-packages/airflow/example_dags/example_display_name.py
[2024-07-31T12:23:05.097+0000] {processor.py:840} INFO - DAG(s) 'example_display_name' retrieved from /home/airflow/.local/lib/python3.12/site-packages/airflow/example_dags/example_display_name.py
[2024-07-31T12:23:05.121+0000] {logging_mixin.py:188} INFO - [2024-07-31T12:23:05.121+0000] {dag.py:3089} INFO - Sync 1 DAGs
[2024-07-31T12:23:05.139+0000] {logging_mixin.py:188} INFO - [2024-07-31T12:23:05.139+0000] {dag.py:3947} INFO - Setting next_dagrun for example_display_name to None, run_after=None
[2024-07-31T12:23:05.174+0000] {processor.py:183} INFO - Processing /home/airflow/.local/lib/python3.12/site-packages/airflow/example_dags/example_display_name.py took 0.093 seconds
[2024-07-31T12:23:35.362+0000] {processor.py:161} INFO - Started process (PID=1762) to work on /home/airflow/.local/lib/python3.12/site-packages/airflow/example_dags/example_display_name.py
[2024-07-31T12:23:35.363+0000] {processor.py:830} INFO - Processing file /home/airflow/.local/lib/python3.12/site-packages/airflow/example_dags/example_display_name.py for tasks to queue
[2024-07-31T12:23:35.364+0000] {logging_mixin.py:188} INFO - [2024-07-31T12:23:35.364+0000] {dagbag.py:545} INFO - Filling up the DagBag from /home/airflow/.local/lib/python3.12/site-packages/airflow/example_dags/example_display_name.py
[2024-07-31T12:23:35.369+0000] {processor.py:840} INFO - DAG(s) 'example_display_name' retrieved from /home/airflow/.local/lib/python3.12/site-packages/airflow/example_dags/example_display_name.py
[2024-07-31T12:23:35.386+0000] {logging_mixin.py:188} INFO - [2024-07-31T12:23:35.385+0000] {dag.py:3089} INFO - Sync 1 DAGs
[2024-07-31T12:23:35.398+0000] {logging_mixin.py:188} INFO - [2024-07-31T12:23:35.397+0000] {dag.py:3947} INFO - Setting next_dagrun for example_display_name to None, run_after=None
[2024-07-31T12:23:35.422+0000] {processor.py:183} INFO - Processing /home/airflow/.local/lib/python3.12/site-packages/airflow/example_dags/example_display_name.py took 0.065 seconds
[2024-07-31T12:24:05.890+0000] {processor.py:161} INFO - Started process (PID=1820) to work on /home/airflow/.local/lib/python3.12/site-packages/airflow/example_dags/example_display_name.py
[2024-07-31T12:24:05.891+0000] {processor.py:830} INFO - Processing file /home/airflow/.local/lib/python3.12/site-packages/airflow/example_dags/example_display_name.py for tasks to queue
[2024-07-31T12:24:05.892+0000] {logging_mixin.py:188} INFO - [2024-07-31T12:24:05.892+0000] {dagbag.py:545} INFO - Filling up the DagBag from /home/airflow/.local/lib/python3.12/site-packages/airflow/example_dags/example_display_name.py
[2024-07-31T12:24:05.899+0000] {processor.py:840} INFO - DAG(s) 'example_display_name' retrieved from /home/airflow/.local/lib/python3.12/site-packages/airflow/example_dags/example_display_name.py
[2024-07-31T12:24:05.923+0000] {logging_mixin.py:188} INFO - [2024-07-31T12:24:05.923+0000] {dag.py:3089} INFO - Sync 1 DAGs
[2024-07-31T12:24:05.939+0000] {logging_mixin.py:188} INFO - [2024-07-31T12:24:05.938+0000] {dag.py:3947} INFO - Setting next_dagrun for example_display_name to None, run_after=None
[2024-07-31T12:24:05.971+0000] {processor.py:183} INFO - Processing /home/airflow/.local/lib/python3.12/site-packages/airflow/example_dags/example_display_name.py took 0.087 seconds
[2024-07-31T12:24:36.135+0000] {processor.py:161} INFO - Started process (PID=1878) to work on /home/airflow/.local/lib/python3.12/site-packages/airflow/example_dags/example_display_name.py
[2024-07-31T12:24:36.136+0000] {processor.py:830} INFO - Processing file /home/airflow/.local/lib/python3.12/site-packages/airflow/example_dags/example_display_name.py for tasks to queue
[2024-07-31T12:24:36.138+0000] {logging_mixin.py:188} INFO - [2024-07-31T12:24:36.138+0000] {dagbag.py:545} INFO - Filling up the DagBag from /home/airflow/.local/lib/python3.12/site-packages/airflow/example_dags/example_display_name.py
[2024-07-31T12:24:36.148+0000] {processor.py:840} INFO - DAG(s) 'example_display_name' retrieved from /home/airflow/.local/lib/python3.12/site-packages/airflow/example_dags/example_display_name.py
[2024-07-31T12:24:36.174+0000] {logging_mixin.py:188} INFO - [2024-07-31T12:24:36.174+0000] {dag.py:3089} INFO - Sync 1 DAGs
[2024-07-31T12:24:36.191+0000] {logging_mixin.py:188} INFO - [2024-07-31T12:24:36.191+0000] {dag.py:3947} INFO - Setting next_dagrun for example_display_name to None, run_after=None
[2024-07-31T12:24:36.221+0000] {processor.py:183} INFO - Processing /home/airflow/.local/lib/python3.12/site-packages/airflow/example_dags/example_display_name.py took 0.091 seconds
[2024-07-31T12:25:06.658+0000] {processor.py:161} INFO - Started process (PID=1936) to work on /home/airflow/.local/lib/python3.12/site-packages/airflow/example_dags/example_display_name.py
[2024-07-31T12:25:06.659+0000] {processor.py:830} INFO - Processing file /home/airflow/.local/lib/python3.12/site-packages/airflow/example_dags/example_display_name.py for tasks to queue
[2024-07-31T12:25:06.660+0000] {logging_mixin.py:188} INFO - [2024-07-31T12:25:06.660+0000] {dagbag.py:545} INFO - Filling up the DagBag from /home/airflow/.local/lib/python3.12/site-packages/airflow/example_dags/example_display_name.py
[2024-07-31T12:25:06.799+0000] {processor.py:840} INFO - DAG(s) 'example_display_name' retrieved from /home/airflow/.local/lib/python3.12/site-packages/airflow/example_dags/example_display_name.py
[2024-07-31T12:25:06.816+0000] {logging_mixin.py:188} INFO - [2024-07-31T12:25:06.816+0000] {dag.py:3089} INFO - Sync 1 DAGs
[2024-07-31T12:25:06.828+0000] {logging_mixin.py:188} INFO - [2024-07-31T12:25:06.827+0000] {dag.py:3947} INFO - Setting next_dagrun for example_display_name to None, run_after=None
[2024-07-31T12:25:06.851+0000] {processor.py:183} INFO - Processing /home/airflow/.local/lib/python3.12/site-packages/airflow/example_dags/example_display_name.py took 0.198 seconds
[2024-07-31T12:25:36.908+0000] {processor.py:161} INFO - Started process (PID=1994) to work on /home/airflow/.local/lib/python3.12/site-packages/airflow/example_dags/example_display_name.py
[2024-07-31T12:25:36.910+0000] {processor.py:830} INFO - Processing file /home/airflow/.local/lib/python3.12/site-packages/airflow/example_dags/example_display_name.py for tasks to queue
[2024-07-31T12:25:36.913+0000] {logging_mixin.py:188} INFO - [2024-07-31T12:25:36.912+0000] {dagbag.py:545} INFO - Filling up the DagBag from /home/airflow/.local/lib/python3.12/site-packages/airflow/example_dags/example_display_name.py
[2024-07-31T12:25:36.923+0000] {processor.py:840} INFO - DAG(s) 'example_display_name' retrieved from /home/airflow/.local/lib/python3.12/site-packages/airflow/example_dags/example_display_name.py
[2024-07-31T12:25:36.953+0000] {logging_mixin.py:188} INFO - [2024-07-31T12:25:36.953+0000] {dag.py:3089} INFO - Sync 1 DAGs
[2024-07-31T12:25:36.973+0000] {logging_mixin.py:188} INFO - [2024-07-31T12:25:36.973+0000] {dag.py:3947} INFO - Setting next_dagrun for example_display_name to None, run_after=None
[2024-07-31T12:25:37.009+0000] {processor.py:183} INFO - Processing /home/airflow/.local/lib/python3.12/site-packages/airflow/example_dags/example_display_name.py took 0.112 seconds
[2024-07-31T12:26:07.242+0000] {processor.py:161} INFO - Started process (PID=2052) to work on /home/airflow/.local/lib/python3.12/site-packages/airflow/example_dags/example_display_name.py
[2024-07-31T12:26:07.243+0000] {processor.py:830} INFO - Processing file /home/airflow/.local/lib/python3.12/site-packages/airflow/example_dags/example_display_name.py for tasks to queue
[2024-07-31T12:26:07.245+0000] {logging_mixin.py:188} INFO - [2024-07-31T12:26:07.244+0000] {dagbag.py:545} INFO - Filling up the DagBag from /home/airflow/.local/lib/python3.12/site-packages/airflow/example_dags/example_display_name.py
[2024-07-31T12:26:07.250+0000] {processor.py:840} INFO - DAG(s) 'example_display_name' retrieved from /home/airflow/.local/lib/python3.12/site-packages/airflow/example_dags/example_display_name.py
[2024-07-31T12:26:07.285+0000] {logging_mixin.py:188} INFO - [2024-07-31T12:26:07.284+0000] {dag.py:3089} INFO - Sync 1 DAGs
[2024-07-31T12:26:07.304+0000] {logging_mixin.py:188} INFO - [2024-07-31T12:26:07.304+0000] {dag.py:3947} INFO - Setting next_dagrun for example_display_name to None, run_after=None
[2024-07-31T12:26:07.341+0000] {processor.py:183} INFO - Processing /home/airflow/.local/lib/python3.12/site-packages/airflow/example_dags/example_display_name.py took 0.106 seconds
[2024-07-31T12:26:38.140+0000] {processor.py:161} INFO - Started process (PID=2109) to work on /home/airflow/.local/lib/python3.12/site-packages/airflow/example_dags/example_display_name.py
[2024-07-31T12:26:38.141+0000] {processor.py:830} INFO - Processing file /home/airflow/.local/lib/python3.12/site-packages/airflow/example_dags/example_display_name.py for tasks to queue
[2024-07-31T12:26:38.144+0000] {logging_mixin.py:188} INFO - [2024-07-31T12:26:38.143+0000] {dagbag.py:545} INFO - Filling up the DagBag from /home/airflow/.local/lib/python3.12/site-packages/airflow/example_dags/example_display_name.py
[2024-07-31T12:26:38.151+0000] {processor.py:840} INFO - DAG(s) 'example_display_name' retrieved from /home/airflow/.local/lib/python3.12/site-packages/airflow/example_dags/example_display_name.py
[2024-07-31T12:26:38.177+0000] {logging_mixin.py:188} INFO - [2024-07-31T12:26:38.177+0000] {dag.py:3089} INFO - Sync 1 DAGs
[2024-07-31T12:26:38.195+0000] {logging_mixin.py:188} INFO - [2024-07-31T12:26:38.195+0000] {dag.py:3947} INFO - Setting next_dagrun for example_display_name to None, run_after=None
[2024-07-31T12:26:38.230+0000] {processor.py:183} INFO - Processing /home/airflow/.local/lib/python3.12/site-packages/airflow/example_dags/example_display_name.py took 0.098 seconds
[2024-07-31T12:27:08.544+0000] {processor.py:161} INFO - Started process (PID=2167) to work on /home/airflow/.local/lib/python3.12/site-packages/airflow/example_dags/example_display_name.py
[2024-07-31T12:27:08.544+0000] {processor.py:830} INFO - Processing file /home/airflow/.local/lib/python3.12/site-packages/airflow/example_dags/example_display_name.py for tasks to queue
[2024-07-31T12:27:08.546+0000] {logging_mixin.py:188} INFO - [2024-07-31T12:27:08.546+0000] {dagbag.py:545} INFO - Filling up the DagBag from /home/airflow/.local/lib/python3.12/site-packages/airflow/example_dags/example_display_name.py
[2024-07-31T12:27:08.551+0000] {processor.py:840} INFO - DAG(s) 'example_display_name' retrieved from /home/airflow/.local/lib/python3.12/site-packages/airflow/example_dags/example_display_name.py
[2024-07-31T12:27:08.584+0000] {logging_mixin.py:188} INFO - [2024-07-31T12:27:08.584+0000] {dag.py:3089} INFO - Sync 1 DAGs
[2024-07-31T12:27:08.614+0000] {logging_mixin.py:188} INFO - [2024-07-31T12:27:08.614+0000] {dag.py:3947} INFO - Setting next_dagrun for example_display_name to None, run_after=None
[2024-07-31T12:27:08.651+0000] {processor.py:183} INFO - Processing /home/airflow/.local/lib/python3.12/site-packages/airflow/example_dags/example_display_name.py took 0.114 seconds
[2024-07-31T12:27:39.157+0000] {processor.py:161} INFO - Started process (PID=2225) to work on /home/airflow/.local/lib/python3.12/site-packages/airflow/example_dags/example_display_name.py
[2024-07-31T12:27:39.158+0000] {processor.py:830} INFO - Processing file /home/airflow/.local/lib/python3.12/site-packages/airflow/example_dags/example_display_name.py for tasks to queue
[2024-07-31T12:27:39.160+0000] {logging_mixin.py:188} INFO - [2024-07-31T12:27:39.160+0000] {dagbag.py:545} INFO - Filling up the DagBag from /home/airflow/.local/lib/python3.12/site-packages/airflow/example_dags/example_display_name.py
[2024-07-31T12:27:39.169+0000] {processor.py:840} INFO - DAG(s) 'example_display_name' retrieved from /home/airflow/.local/lib/python3.12/site-packages/airflow/example_dags/example_display_name.py
[2024-07-31T12:27:39.196+0000] {logging_mixin.py:188} INFO - [2024-07-31T12:27:39.196+0000] {dag.py:3089} INFO - Sync 1 DAGs
[2024-07-31T12:27:39.213+0000] {logging_mixin.py:188} INFO - [2024-07-31T12:27:39.213+0000] {dag.py:3947} INFO - Setting next_dagrun for example_display_name to None, run_after=None
[2024-07-31T12:27:39.249+0000] {processor.py:183} INFO - Processing /home/airflow/.local/lib/python3.12/site-packages/airflow/example_dags/example_display_name.py took 0.099 seconds
[2024-07-31T12:28:09.988+0000] {processor.py:161} INFO - Started process (PID=2283) to work on /home/airflow/.local/lib/python3.12/site-packages/airflow/example_dags/example_display_name.py
[2024-07-31T12:28:09.989+0000] {processor.py:830} INFO - Processing file /home/airflow/.local/lib/python3.12/site-packages/airflow/example_dags/example_display_name.py for tasks to queue
[2024-07-31T12:28:09.991+0000] {logging_mixin.py:188} INFO - [2024-07-31T12:28:09.991+0000] {dagbag.py:545} INFO - Filling up the DagBag from /home/airflow/.local/lib/python3.12/site-packages/airflow/example_dags/example_display_name.py
[2024-07-31T12:28:09.998+0000] {processor.py:840} INFO - DAG(s) 'example_display_name' retrieved from /home/airflow/.local/lib/python3.12/site-packages/airflow/example_dags/example_display_name.py
[2024-07-31T12:28:10.029+0000] {logging_mixin.py:188} INFO - [2024-07-31T12:28:10.029+0000] {dag.py:3089} INFO - Sync 1 DAGs
[2024-07-31T12:28:10.051+0000] {logging_mixin.py:188} INFO - [2024-07-31T12:28:10.050+0000] {dag.py:3947} INFO - Setting next_dagrun for example_display_name to None, run_after=None
[2024-07-31T12:28:10.087+0000] {processor.py:183} INFO - Processing /home/airflow/.local/lib/python3.12/site-packages/airflow/example_dags/example_display_name.py took 0.106 seconds
[2024-07-31T12:28:40.430+0000] {processor.py:161} INFO - Started process (PID=2341) to work on /home/airflow/.local/lib/python3.12/site-packages/airflow/example_dags/example_display_name.py
[2024-07-31T12:28:40.431+0000] {processor.py:830} INFO - Processing file /home/airflow/.local/lib/python3.12/site-packages/airflow/example_dags/example_display_name.py for tasks to queue
[2024-07-31T12:28:40.434+0000] {logging_mixin.py:188} INFO - [2024-07-31T12:28:40.433+0000] {dagbag.py:545} INFO - Filling up the DagBag from /home/airflow/.local/lib/python3.12/site-packages/airflow/example_dags/example_display_name.py
[2024-07-31T12:28:40.443+0000] {processor.py:840} INFO - DAG(s) 'example_display_name' retrieved from /home/airflow/.local/lib/python3.12/site-packages/airflow/example_dags/example_display_name.py
[2024-07-31T12:28:40.475+0000] {logging_mixin.py:188} INFO - [2024-07-31T12:28:40.474+0000] {dag.py:3089} INFO - Sync 1 DAGs
[2024-07-31T12:28:40.492+0000] {logging_mixin.py:188} INFO - [2024-07-31T12:28:40.492+0000] {dag.py:3947} INFO - Setting next_dagrun for example_display_name to None, run_after=None
[2024-07-31T12:28:40.533+0000] {processor.py:183} INFO - Processing /home/airflow/.local/lib/python3.12/site-packages/airflow/example_dags/example_display_name.py took 0.113 seconds
[2024-07-31T12:29:10.991+0000] {processor.py:161} INFO - Started process (PID=2399) to work on /home/airflow/.local/lib/python3.12/site-packages/airflow/example_dags/example_display_name.py
[2024-07-31T12:29:10.992+0000] {processor.py:830} INFO - Processing file /home/airflow/.local/lib/python3.12/site-packages/airflow/example_dags/example_display_name.py for tasks to queue
[2024-07-31T12:29:10.995+0000] {logging_mixin.py:188} INFO - [2024-07-31T12:29:10.995+0000] {dagbag.py:545} INFO - Filling up the DagBag from /home/airflow/.local/lib/python3.12/site-packages/airflow/example_dags/example_display_name.py
[2024-07-31T12:29:11.005+0000] {processor.py:840} INFO - DAG(s) 'example_display_name' retrieved from /home/airflow/.local/lib/python3.12/site-packages/airflow/example_dags/example_display_name.py
[2024-07-31T12:29:11.044+0000] {logging_mixin.py:188} INFO - [2024-07-31T12:29:11.043+0000] {dag.py:3089} INFO - Sync 1 DAGs
[2024-07-31T12:29:11.069+0000] {logging_mixin.py:188} INFO - [2024-07-31T12:29:11.069+0000] {dag.py:3947} INFO - Setting next_dagrun for example_display_name to None, run_after=None
[2024-07-31T12:29:11.107+0000] {processor.py:183} INFO - Processing /home/airflow/.local/lib/python3.12/site-packages/airflow/example_dags/example_display_name.py took 0.127 seconds
[2024-07-31T12:29:41.749+0000] {processor.py:161} INFO - Started process (PID=2456) to work on /home/airflow/.local/lib/python3.12/site-packages/airflow/example_dags/example_display_name.py
[2024-07-31T12:29:41.751+0000] {processor.py:830} INFO - Processing file /home/airflow/.local/lib/python3.12/site-packages/airflow/example_dags/example_display_name.py for tasks to queue
[2024-07-31T12:29:41.752+0000] {logging_mixin.py:188} INFO - [2024-07-31T12:29:41.752+0000] {dagbag.py:545} INFO - Filling up the DagBag from /home/airflow/.local/lib/python3.12/site-packages/airflow/example_dags/example_display_name.py
[2024-07-31T12:29:41.759+0000] {processor.py:840} INFO - DAG(s) 'example_display_name' retrieved from /home/airflow/.local/lib/python3.12/site-packages/airflow/example_dags/example_display_name.py
[2024-07-31T12:29:41.787+0000] {logging_mixin.py:188} INFO - [2024-07-31T12:29:41.787+0000] {dag.py:3089} INFO - Sync 1 DAGs
[2024-07-31T12:29:41.806+0000] {logging_mixin.py:188} INFO - [2024-07-31T12:29:41.806+0000] {dag.py:3947} INFO - Setting next_dagrun for example_display_name to None, run_after=None
[2024-07-31T12:29:41.840+0000] {processor.py:183} INFO - Processing /home/airflow/.local/lib/python3.12/site-packages/airflow/example_dags/example_display_name.py took 0.099 seconds
[2024-07-31T12:30:12.282+0000] {processor.py:161} INFO - Started process (PID=2512) to work on /home/airflow/.local/lib/python3.12/site-packages/airflow/example_dags/example_display_name.py
[2024-07-31T12:30:12.283+0000] {processor.py:830} INFO - Processing file /home/airflow/.local/lib/python3.12/site-packages/airflow/example_dags/example_display_name.py for tasks to queue
[2024-07-31T12:30:12.285+0000] {logging_mixin.py:188} INFO - [2024-07-31T12:30:12.285+0000] {dagbag.py:545} INFO - Filling up the DagBag from /home/airflow/.local/lib/python3.12/site-packages/airflow/example_dags/example_display_name.py
[2024-07-31T12:30:12.292+0000] {processor.py:840} INFO - DAG(s) 'example_display_name' retrieved from /home/airflow/.local/lib/python3.12/site-packages/airflow/example_dags/example_display_name.py
[2024-07-31T12:30:12.316+0000] {logging_mixin.py:188} INFO - [2024-07-31T12:30:12.315+0000] {dag.py:3089} INFO - Sync 1 DAGs
[2024-07-31T12:30:12.336+0000] {logging_mixin.py:188} INFO - [2024-07-31T12:30:12.336+0000] {dag.py:3947} INFO - Setting next_dagrun for example_display_name to None, run_after=None
[2024-07-31T12:30:12.369+0000] {processor.py:183} INFO - Processing /home/airflow/.local/lib/python3.12/site-packages/airflow/example_dags/example_display_name.py took 0.094 seconds
[2024-07-31T12:30:42.900+0000] {processor.py:161} INFO - Started process (PID=2570) to work on /home/airflow/.local/lib/python3.12/site-packages/airflow/example_dags/example_display_name.py
[2024-07-31T12:30:42.901+0000] {processor.py:830} INFO - Processing file /home/airflow/.local/lib/python3.12/site-packages/airflow/example_dags/example_display_name.py for tasks to queue
[2024-07-31T12:30:42.903+0000] {logging_mixin.py:188} INFO - [2024-07-31T12:30:42.902+0000] {dagbag.py:545} INFO - Filling up the DagBag from /home/airflow/.local/lib/python3.12/site-packages/airflow/example_dags/example_display_name.py
[2024-07-31T12:30:42.911+0000] {processor.py:840} INFO - DAG(s) 'example_display_name' retrieved from /home/airflow/.local/lib/python3.12/site-packages/airflow/example_dags/example_display_name.py
[2024-07-31T12:30:42.949+0000] {logging_mixin.py:188} INFO - [2024-07-31T12:30:42.948+0000] {dag.py:3089} INFO - Sync 1 DAGs
[2024-07-31T12:30:42.971+0000] {logging_mixin.py:188} INFO - [2024-07-31T12:30:42.971+0000] {dag.py:3947} INFO - Setting next_dagrun for example_display_name to None, run_after=None
[2024-07-31T12:30:43.009+0000] {processor.py:183} INFO - Processing /home/airflow/.local/lib/python3.12/site-packages/airflow/example_dags/example_display_name.py took 0.117 seconds
[2024-07-31T12:31:13.769+0000] {processor.py:161} INFO - Started process (PID=2627) to work on /home/airflow/.local/lib/python3.12/site-packages/airflow/example_dags/example_display_name.py
[2024-07-31T12:31:13.770+0000] {processor.py:830} INFO - Processing file /home/airflow/.local/lib/python3.12/site-packages/airflow/example_dags/example_display_name.py for tasks to queue
[2024-07-31T12:31:13.773+0000] {logging_mixin.py:188} INFO - [2024-07-31T12:31:13.773+0000] {dagbag.py:545} INFO - Filling up the DagBag from /home/airflow/.local/lib/python3.12/site-packages/airflow/example_dags/example_display_name.py
[2024-07-31T12:31:13.780+0000] {processor.py:840} INFO - DAG(s) 'example_display_name' retrieved from /home/airflow/.local/lib/python3.12/site-packages/airflow/example_dags/example_display_name.py
[2024-07-31T12:31:13.810+0000] {logging_mixin.py:188} INFO - [2024-07-31T12:31:13.810+0000] {dag.py:3089} INFO - Sync 1 DAGs
[2024-07-31T12:31:13.827+0000] {logging_mixin.py:188} INFO - [2024-07-31T12:31:13.826+0000] {dag.py:3947} INFO - Setting next_dagrun for example_display_name to None, run_after=None
[2024-07-31T12:31:13.858+0000] {processor.py:183} INFO - Processing /home/airflow/.local/lib/python3.12/site-packages/airflow/example_dags/example_display_name.py took 0.095 seconds
[2024-07-31T12:31:44.349+0000] {processor.py:161} INFO - Started process (PID=2685) to work on /home/airflow/.local/lib/python3.12/site-packages/airflow/example_dags/example_display_name.py
[2024-07-31T12:31:44.350+0000] {processor.py:830} INFO - Processing file /home/airflow/.local/lib/python3.12/site-packages/airflow/example_dags/example_display_name.py for tasks to queue
[2024-07-31T12:31:44.352+0000] {logging_mixin.py:188} INFO - [2024-07-31T12:31:44.351+0000] {dagbag.py:545} INFO - Filling up the DagBag from /home/airflow/.local/lib/python3.12/site-packages/airflow/example_dags/example_display_name.py
[2024-07-31T12:31:44.360+0000] {processor.py:840} INFO - DAG(s) 'example_display_name' retrieved from /home/airflow/.local/lib/python3.12/site-packages/airflow/example_dags/example_display_name.py
[2024-07-31T12:31:44.382+0000] {logging_mixin.py:188} INFO - [2024-07-31T12:31:44.382+0000] {dag.py:3089} INFO - Sync 1 DAGs
[2024-07-31T12:31:44.400+0000] {logging_mixin.py:188} INFO - [2024-07-31T12:31:44.400+0000] {dag.py:3947} INFO - Setting next_dagrun for example_display_name to None, run_after=None
[2024-07-31T12:31:44.432+0000] {processor.py:183} INFO - Processing /home/airflow/.local/lib/python3.12/site-packages/airflow/example_dags/example_display_name.py took 0.091 seconds
[2024-07-31T12:32:14.841+0000] {processor.py:161} INFO - Started process (PID=2743) to work on /home/airflow/.local/lib/python3.12/site-packages/airflow/example_dags/example_display_name.py
[2024-07-31T12:32:14.842+0000] {processor.py:830} INFO - Processing file /home/airflow/.local/lib/python3.12/site-packages/airflow/example_dags/example_display_name.py for tasks to queue
[2024-07-31T12:32:14.843+0000] {logging_mixin.py:188} INFO - [2024-07-31T12:32:14.843+0000] {dagbag.py:545} INFO - Filling up the DagBag from /home/airflow/.local/lib/python3.12/site-packages/airflow/example_dags/example_display_name.py
[2024-07-31T12:32:14.849+0000] {processor.py:840} INFO - DAG(s) 'example_display_name' retrieved from /home/airflow/.local/lib/python3.12/site-packages/airflow/example_dags/example_display_name.py
[2024-07-31T12:32:14.870+0000] {logging_mixin.py:188} INFO - [2024-07-31T12:32:14.869+0000] {dag.py:3089} INFO - Sync 1 DAGs
[2024-07-31T12:32:14.889+0000] {logging_mixin.py:188} INFO - [2024-07-31T12:32:14.889+0000] {dag.py:3947} INFO - Setting next_dagrun for example_display_name to None, run_after=None
[2024-07-31T12:32:14.924+0000] {processor.py:183} INFO - Processing /home/airflow/.local/lib/python3.12/site-packages/airflow/example_dags/example_display_name.py took 0.088 seconds
[2024-07-31T12:32:45.116+0000] {processor.py:161} INFO - Started process (PID=2801) to work on /home/airflow/.local/lib/python3.12/site-packages/airflow/example_dags/example_display_name.py
[2024-07-31T12:32:45.117+0000] {processor.py:830} INFO - Processing file /home/airflow/.local/lib/python3.12/site-packages/airflow/example_dags/example_display_name.py for tasks to queue
[2024-07-31T12:32:45.120+0000] {logging_mixin.py:188} INFO - [2024-07-31T12:32:45.120+0000] {dagbag.py:545} INFO - Filling up the DagBag from /home/airflow/.local/lib/python3.12/site-packages/airflow/example_dags/example_display_name.py
[2024-07-31T12:32:45.130+0000] {processor.py:840} INFO - DAG(s) 'example_display_name' retrieved from /home/airflow/.local/lib/python3.12/site-packages/airflow/example_dags/example_display_name.py
[2024-07-31T12:32:45.168+0000] {logging_mixin.py:188} INFO - [2024-07-31T12:32:45.168+0000] {dag.py:3089} INFO - Sync 1 DAGs
[2024-07-31T12:32:45.194+0000] {logging_mixin.py:188} INFO - [2024-07-31T12:32:45.193+0000] {dag.py:3947} INFO - Setting next_dagrun for example_display_name to None, run_after=None
[2024-07-31T12:32:45.233+0000] {processor.py:183} INFO - Processing /home/airflow/.local/lib/python3.12/site-packages/airflow/example_dags/example_display_name.py took 0.125 seconds
[2024-07-31T12:33:15.437+0000] {processor.py:161} INFO - Started process (PID=2859) to work on /home/airflow/.local/lib/python3.12/site-packages/airflow/example_dags/example_display_name.py
[2024-07-31T12:33:15.438+0000] {processor.py:830} INFO - Processing file /home/airflow/.local/lib/python3.12/site-packages/airflow/example_dags/example_display_name.py for tasks to queue
[2024-07-31T12:33:15.439+0000] {logging_mixin.py:188} INFO - [2024-07-31T12:33:15.439+0000] {dagbag.py:545} INFO - Filling up the DagBag from /home/airflow/.local/lib/python3.12/site-packages/airflow/example_dags/example_display_name.py
[2024-07-31T12:33:15.447+0000] {processor.py:840} INFO - DAG(s) 'example_display_name' retrieved from /home/airflow/.local/lib/python3.12/site-packages/airflow/example_dags/example_display_name.py
[2024-07-31T12:33:15.476+0000] {logging_mixin.py:188} INFO - [2024-07-31T12:33:15.476+0000] {dag.py:3089} INFO - Sync 1 DAGs
[2024-07-31T12:33:15.490+0000] {logging_mixin.py:188} INFO - [2024-07-31T12:33:15.490+0000] {dag.py:3947} INFO - Setting next_dagrun for example_display_name to None, run_after=None
[2024-07-31T12:33:15.519+0000] {processor.py:183} INFO - Processing /home/airflow/.local/lib/python3.12/site-packages/airflow/example_dags/example_display_name.py took 0.091 seconds
[2024-07-31T12:33:46.468+0000] {processor.py:161} INFO - Started process (PID=2917) to work on /home/airflow/.local/lib/python3.12/site-packages/airflow/example_dags/example_display_name.py
[2024-07-31T12:33:46.469+0000] {processor.py:830} INFO - Processing file /home/airflow/.local/lib/python3.12/site-packages/airflow/example_dags/example_display_name.py for tasks to queue
[2024-07-31T12:33:46.471+0000] {logging_mixin.py:188} INFO - [2024-07-31T12:33:46.471+0000] {dagbag.py:545} INFO - Filling up the DagBag from /home/airflow/.local/lib/python3.12/site-packages/airflow/example_dags/example_display_name.py
[2024-07-31T12:33:46.479+0000] {processor.py:840} INFO - DAG(s) 'example_display_name' retrieved from /home/airflow/.local/lib/python3.12/site-packages/airflow/example_dags/example_display_name.py
[2024-07-31T12:33:46.502+0000] {logging_mixin.py:188} INFO - [2024-07-31T12:33:46.501+0000] {dag.py:3089} INFO - Sync 1 DAGs
[2024-07-31T12:33:46.517+0000] {logging_mixin.py:188} INFO - [2024-07-31T12:33:46.516+0000] {dag.py:3947} INFO - Setting next_dagrun for example_display_name to None, run_after=None
[2024-07-31T12:33:46.543+0000] {processor.py:183} INFO - Processing /home/airflow/.local/lib/python3.12/site-packages/airflow/example_dags/example_display_name.py took 0.084 seconds
[2024-07-31T12:34:17.209+0000] {processor.py:161} INFO - Started process (PID=2975) to work on /home/airflow/.local/lib/python3.12/site-packages/airflow/example_dags/example_display_name.py
[2024-07-31T12:34:17.209+0000] {processor.py:830} INFO - Processing file /home/airflow/.local/lib/python3.12/site-packages/airflow/example_dags/example_display_name.py for tasks to queue
[2024-07-31T12:34:17.212+0000] {logging_mixin.py:188} INFO - [2024-07-31T12:34:17.211+0000] {dagbag.py:545} INFO - Filling up the DagBag from /home/airflow/.local/lib/python3.12/site-packages/airflow/example_dags/example_display_name.py
[2024-07-31T12:34:17.219+0000] {processor.py:840} INFO - DAG(s) 'example_display_name' retrieved from /home/airflow/.local/lib/python3.12/site-packages/airflow/example_dags/example_display_name.py
[2024-07-31T12:34:17.240+0000] {logging_mixin.py:188} INFO - [2024-07-31T12:34:17.240+0000] {dag.py:3089} INFO - Sync 1 DAGs
[2024-07-31T12:34:17.258+0000] {logging_mixin.py:188} INFO - [2024-07-31T12:34:17.257+0000] {dag.py:3947} INFO - Setting next_dagrun for example_display_name to None, run_after=None
[2024-07-31T12:34:17.289+0000] {processor.py:183} INFO - Processing /home/airflow/.local/lib/python3.12/site-packages/airflow/example_dags/example_display_name.py took 0.088 seconds
[2024-07-31T12:34:47.486+0000] {processor.py:161} INFO - Started process (PID=3032) to work on /home/airflow/.local/lib/python3.12/site-packages/airflow/example_dags/example_display_name.py
[2024-07-31T12:34:47.488+0000] {processor.py:830} INFO - Processing file /home/airflow/.local/lib/python3.12/site-packages/airflow/example_dags/example_display_name.py for tasks to queue
[2024-07-31T12:34:47.491+0000] {logging_mixin.py:188} INFO - [2024-07-31T12:34:47.490+0000] {dagbag.py:545} INFO - Filling up the DagBag from /home/airflow/.local/lib/python3.12/site-packages/airflow/example_dags/example_display_name.py
[2024-07-31T12:34:47.498+0000] {processor.py:840} INFO - DAG(s) 'example_display_name' retrieved from /home/airflow/.local/lib/python3.12/site-packages/airflow/example_dags/example_display_name.py
[2024-07-31T12:34:47.528+0000] {logging_mixin.py:188} INFO - [2024-07-31T12:34:47.528+0000] {dag.py:3089} INFO - Sync 1 DAGs
[2024-07-31T12:34:47.549+0000] {logging_mixin.py:188} INFO - [2024-07-31T12:34:47.549+0000] {dag.py:3947} INFO - Setting next_dagrun for example_display_name to None, run_after=None
[2024-07-31T12:34:47.592+0000] {processor.py:183} INFO - Processing /home/airflow/.local/lib/python3.12/site-packages/airflow/example_dags/example_display_name.py took 0.120 seconds
[2024-07-31T12:35:17.682+0000] {processor.py:161} INFO - Started process (PID=3089) to work on /home/airflow/.local/lib/python3.12/site-packages/airflow/example_dags/example_display_name.py
[2024-07-31T12:35:17.683+0000] {processor.py:830} INFO - Processing file /home/airflow/.local/lib/python3.12/site-packages/airflow/example_dags/example_display_name.py for tasks to queue
[2024-07-31T12:35:17.686+0000] {logging_mixin.py:188} INFO - [2024-07-31T12:35:17.685+0000] {dagbag.py:545} INFO - Filling up the DagBag from /home/airflow/.local/lib/python3.12/site-packages/airflow/example_dags/example_display_name.py
[2024-07-31T12:35:17.698+0000] {processor.py:840} INFO - DAG(s) 'example_display_name' retrieved from /home/airflow/.local/lib/python3.12/site-packages/airflow/example_dags/example_display_name.py
[2024-07-31T12:35:17.725+0000] {logging_mixin.py:188} INFO - [2024-07-31T12:35:17.724+0000] {dag.py:3089} INFO - Sync 1 DAGs
[2024-07-31T12:35:17.744+0000] {logging_mixin.py:188} INFO - [2024-07-31T12:35:17.744+0000] {dag.py:3947} INFO - Setting next_dagrun for example_display_name to None, run_after=None
[2024-07-31T12:35:17.777+0000] {processor.py:183} INFO - Processing /home/airflow/.local/lib/python3.12/site-packages/airflow/example_dags/example_display_name.py took 0.105 seconds
[2024-07-31T12:35:48.028+0000] {processor.py:161} INFO - Started process (PID=3146) to work on /home/airflow/.local/lib/python3.12/site-packages/airflow/example_dags/example_display_name.py
[2024-07-31T12:35:48.029+0000] {processor.py:830} INFO - Processing file /home/airflow/.local/lib/python3.12/site-packages/airflow/example_dags/example_display_name.py for tasks to queue
[2024-07-31T12:35:48.031+0000] {logging_mixin.py:188} INFO - [2024-07-31T12:35:48.030+0000] {dagbag.py:545} INFO - Filling up the DagBag from /home/airflow/.local/lib/python3.12/site-packages/airflow/example_dags/example_display_name.py
[2024-07-31T12:35:48.037+0000] {processor.py:840} INFO - DAG(s) 'example_display_name' retrieved from /home/airflow/.local/lib/python3.12/site-packages/airflow/example_dags/example_display_name.py
[2024-07-31T12:35:48.059+0000] {logging_mixin.py:188} INFO - [2024-07-31T12:35:48.058+0000] {dag.py:3089} INFO - Sync 1 DAGs
[2024-07-31T12:35:48.080+0000] {logging_mixin.py:188} INFO - [2024-07-31T12:35:48.080+0000] {dag.py:3947} INFO - Setting next_dagrun for example_display_name to None, run_after=None
[2024-07-31T12:35:48.116+0000] {processor.py:183} INFO - Processing /home/airflow/.local/lib/python3.12/site-packages/airflow/example_dags/example_display_name.py took 0.093 seconds
[2024-07-31T12:36:18.608+0000] {processor.py:161} INFO - Started process (PID=3203) to work on /home/airflow/.local/lib/python3.12/site-packages/airflow/example_dags/example_display_name.py
[2024-07-31T12:36:18.609+0000] {processor.py:830} INFO - Processing file /home/airflow/.local/lib/python3.12/site-packages/airflow/example_dags/example_display_name.py for tasks to queue
[2024-07-31T12:36:18.612+0000] {logging_mixin.py:188} INFO - [2024-07-31T12:36:18.611+0000] {dagbag.py:545} INFO - Filling up the DagBag from /home/airflow/.local/lib/python3.12/site-packages/airflow/example_dags/example_display_name.py
[2024-07-31T12:36:18.620+0000] {processor.py:840} INFO - DAG(s) 'example_display_name' retrieved from /home/airflow/.local/lib/python3.12/site-packages/airflow/example_dags/example_display_name.py
[2024-07-31T12:36:18.649+0000] {logging_mixin.py:188} INFO - [2024-07-31T12:36:18.648+0000] {dag.py:3089} INFO - Sync 1 DAGs
[2024-07-31T12:36:18.669+0000] {logging_mixin.py:188} INFO - [2024-07-31T12:36:18.669+0000] {dag.py:3947} INFO - Setting next_dagrun for example_display_name to None, run_after=None
[2024-07-31T12:36:18.698+0000] {processor.py:183} INFO - Processing /home/airflow/.local/lib/python3.12/site-packages/airflow/example_dags/example_display_name.py took 0.103 seconds
[2024-07-31T12:36:48.898+0000] {processor.py:161} INFO - Started process (PID=3260) to work on /home/airflow/.local/lib/python3.12/site-packages/airflow/example_dags/example_display_name.py
[2024-07-31T12:36:48.900+0000] {processor.py:830} INFO - Processing file /home/airflow/.local/lib/python3.12/site-packages/airflow/example_dags/example_display_name.py for tasks to queue
[2024-07-31T12:36:48.901+0000] {logging_mixin.py:188} INFO - [2024-07-31T12:36:48.901+0000] {dagbag.py:545} INFO - Filling up the DagBag from /home/airflow/.local/lib/python3.12/site-packages/airflow/example_dags/example_display_name.py
[2024-07-31T12:36:48.907+0000] {processor.py:840} INFO - DAG(s) 'example_display_name' retrieved from /home/airflow/.local/lib/python3.12/site-packages/airflow/example_dags/example_display_name.py
[2024-07-31T12:36:48.936+0000] {logging_mixin.py:188} INFO - [2024-07-31T12:36:48.936+0000] {dag.py:3089} INFO - Sync 1 DAGs
[2024-07-31T12:36:48.961+0000] {logging_mixin.py:188} INFO - [2024-07-31T12:36:48.961+0000] {dag.py:3947} INFO - Setting next_dagrun for example_display_name to None, run_after=None
[2024-07-31T12:36:48.999+0000] {processor.py:183} INFO - Processing /home/airflow/.local/lib/python3.12/site-packages/airflow/example_dags/example_display_name.py took 0.111 seconds
[2024-07-31T12:37:19.269+0000] {processor.py:161} INFO - Started process (PID=3318) to work on /home/airflow/.local/lib/python3.12/site-packages/airflow/example_dags/example_display_name.py
[2024-07-31T12:37:19.269+0000] {processor.py:830} INFO - Processing file /home/airflow/.local/lib/python3.12/site-packages/airflow/example_dags/example_display_name.py for tasks to queue
[2024-07-31T12:37:19.271+0000] {logging_mixin.py:188} INFO - [2024-07-31T12:37:19.271+0000] {dagbag.py:545} INFO - Filling up the DagBag from /home/airflow/.local/lib/python3.12/site-packages/airflow/example_dags/example_display_name.py
[2024-07-31T12:37:19.276+0000] {processor.py:840} INFO - DAG(s) 'example_display_name' retrieved from /home/airflow/.local/lib/python3.12/site-packages/airflow/example_dags/example_display_name.py
[2024-07-31T12:37:19.298+0000] {logging_mixin.py:188} INFO - [2024-07-31T12:37:19.297+0000] {dag.py:3089} INFO - Sync 1 DAGs
[2024-07-31T12:37:19.312+0000] {logging_mixin.py:188} INFO - [2024-07-31T12:37:19.312+0000] {dag.py:3947} INFO - Setting next_dagrun for example_display_name to None, run_after=None
[2024-07-31T12:37:19.341+0000] {processor.py:183} INFO - Processing /home/airflow/.local/lib/python3.12/site-packages/airflow/example_dags/example_display_name.py took 0.078 seconds
[2024-07-31T12:37:50.034+0000] {processor.py:161} INFO - Started process (PID=3375) to work on /home/airflow/.local/lib/python3.12/site-packages/airflow/example_dags/example_display_name.py
[2024-07-31T12:37:50.035+0000] {processor.py:830} INFO - Processing file /home/airflow/.local/lib/python3.12/site-packages/airflow/example_dags/example_display_name.py for tasks to queue
[2024-07-31T12:37:50.037+0000] {logging_mixin.py:188} INFO - [2024-07-31T12:37:50.037+0000] {dagbag.py:545} INFO - Filling up the DagBag from /home/airflow/.local/lib/python3.12/site-packages/airflow/example_dags/example_display_name.py
[2024-07-31T12:37:50.043+0000] {processor.py:840} INFO - DAG(s) 'example_display_name' retrieved from /home/airflow/.local/lib/python3.12/site-packages/airflow/example_dags/example_display_name.py
[2024-07-31T12:37:50.067+0000] {logging_mixin.py:188} INFO - [2024-07-31T12:37:50.067+0000] {dag.py:3089} INFO - Sync 1 DAGs
[2024-07-31T12:37:50.082+0000] {logging_mixin.py:188} INFO - [2024-07-31T12:37:50.082+0000] {dag.py:3947} INFO - Setting next_dagrun for example_display_name to None, run_after=None
[2024-07-31T12:37:50.110+0000] {processor.py:183} INFO - Processing /home/airflow/.local/lib/python3.12/site-packages/airflow/example_dags/example_display_name.py took 0.084 seconds
[2024-07-31T12:38:20.657+0000] {processor.py:161} INFO - Started process (PID=3433) to work on /home/airflow/.local/lib/python3.12/site-packages/airflow/example_dags/example_display_name.py
[2024-07-31T12:38:20.658+0000] {processor.py:830} INFO - Processing file /home/airflow/.local/lib/python3.12/site-packages/airflow/example_dags/example_display_name.py for tasks to queue
[2024-07-31T12:38:20.660+0000] {logging_mixin.py:188} INFO - [2024-07-31T12:38:20.659+0000] {dagbag.py:545} INFO - Filling up the DagBag from /home/airflow/.local/lib/python3.12/site-packages/airflow/example_dags/example_display_name.py
[2024-07-31T12:38:20.666+0000] {processor.py:840} INFO - DAG(s) 'example_display_name' retrieved from /home/airflow/.local/lib/python3.12/site-packages/airflow/example_dags/example_display_name.py
[2024-07-31T12:38:20.699+0000] {logging_mixin.py:188} INFO - [2024-07-31T12:38:20.699+0000] {dag.py:3089} INFO - Sync 1 DAGs
[2024-07-31T12:38:20.719+0000] {logging_mixin.py:188} INFO - [2024-07-31T12:38:20.719+0000] {dag.py:3947} INFO - Setting next_dagrun for example_display_name to None, run_after=None
[2024-07-31T12:38:20.747+0000] {processor.py:183} INFO - Processing /home/airflow/.local/lib/python3.12/site-packages/airflow/example_dags/example_display_name.py took 0.098 seconds
[2024-07-31T16:44:27.825+0000] {processor.py:161} INFO - Started process (PID=92) to work on /home/airflow/.local/lib/python3.12/site-packages/airflow/example_dags/example_display_name.py
[2024-07-31T16:44:27.826+0000] {processor.py:830} INFO - Processing file /home/airflow/.local/lib/python3.12/site-packages/airflow/example_dags/example_display_name.py for tasks to queue
[2024-07-31T16:44:27.827+0000] {logging_mixin.py:188} INFO - [2024-07-31T16:44:27.826+0000] {dagbag.py:545} INFO - Filling up the DagBag from /home/airflow/.local/lib/python3.12/site-packages/airflow/example_dags/example_display_name.py
[2024-07-31T16:44:27.838+0000] {processor.py:840} INFO - DAG(s) 'example_display_name' retrieved from /home/airflow/.local/lib/python3.12/site-packages/airflow/example_dags/example_display_name.py
[2024-07-31T16:44:28.017+0000] {logging_mixin.py:188} INFO - [2024-07-31T16:44:28.017+0000] {dag.py:3089} INFO - Sync 1 DAGs
[2024-07-31T16:44:28.029+0000] {logging_mixin.py:188} INFO - [2024-07-31T16:44:28.029+0000] {dag.py:3947} INFO - Setting next_dagrun for example_display_name to None, run_after=None
[2024-07-31T16:44:28.057+0000] {processor.py:183} INFO - Processing /home/airflow/.local/lib/python3.12/site-packages/airflow/example_dags/example_display_name.py took 0.239 seconds
[2024-07-31T16:44:58.365+0000] {processor.py:161} INFO - Started process (PID=149) to work on /home/airflow/.local/lib/python3.12/site-packages/airflow/example_dags/example_display_name.py
[2024-07-31T16:44:58.366+0000] {processor.py:830} INFO - Processing file /home/airflow/.local/lib/python3.12/site-packages/airflow/example_dags/example_display_name.py for tasks to queue
[2024-07-31T16:44:58.367+0000] {logging_mixin.py:188} INFO - [2024-07-31T16:44:58.367+0000] {dagbag.py:545} INFO - Filling up the DagBag from /home/airflow/.local/lib/python3.12/site-packages/airflow/example_dags/example_display_name.py
[2024-07-31T16:44:58.383+0000] {processor.py:840} INFO - DAG(s) 'example_display_name' retrieved from /home/airflow/.local/lib/python3.12/site-packages/airflow/example_dags/example_display_name.py
[2024-07-31T16:44:58.417+0000] {logging_mixin.py:188} INFO - [2024-07-31T16:44:58.416+0000] {dag.py:3089} INFO - Sync 1 DAGs
[2024-07-31T16:44:58.438+0000] {logging_mixin.py:188} INFO - [2024-07-31T16:44:58.437+0000] {dag.py:3947} INFO - Setting next_dagrun for example_display_name to None, run_after=None
[2024-07-31T16:44:58.474+0000] {processor.py:183} INFO - Processing /home/airflow/.local/lib/python3.12/site-packages/airflow/example_dags/example_display_name.py took 0.119 seconds
[2024-07-31T16:45:29.161+0000] {processor.py:161} INFO - Started process (PID=207) to work on /home/airflow/.local/lib/python3.12/site-packages/airflow/example_dags/example_display_name.py
[2024-07-31T16:45:29.162+0000] {processor.py:830} INFO - Processing file /home/airflow/.local/lib/python3.12/site-packages/airflow/example_dags/example_display_name.py for tasks to queue
[2024-07-31T16:45:29.163+0000] {logging_mixin.py:188} INFO - [2024-07-31T16:45:29.162+0000] {dagbag.py:545} INFO - Filling up the DagBag from /home/airflow/.local/lib/python3.12/site-packages/airflow/example_dags/example_display_name.py
[2024-07-31T16:45:29.171+0000] {processor.py:840} INFO - DAG(s) 'example_display_name' retrieved from /home/airflow/.local/lib/python3.12/site-packages/airflow/example_dags/example_display_name.py
[2024-07-31T16:45:29.227+0000] {logging_mixin.py:188} INFO - [2024-07-31T16:45:29.226+0000] {dag.py:3089} INFO - Sync 1 DAGs
[2024-07-31T16:45:29.260+0000] {logging_mixin.py:188} INFO - [2024-07-31T16:45:29.259+0000] {dag.py:3947} INFO - Setting next_dagrun for example_display_name to None, run_after=None
[2024-07-31T16:45:29.316+0000] {processor.py:183} INFO - Processing /home/airflow/.local/lib/python3.12/site-packages/airflow/example_dags/example_display_name.py took 0.163 seconds
[2024-07-31T16:46:00.353+0000] {processor.py:161} INFO - Started process (PID=265) to work on /home/airflow/.local/lib/python3.12/site-packages/airflow/example_dags/example_display_name.py
[2024-07-31T16:46:00.354+0000] {processor.py:830} INFO - Processing file /home/airflow/.local/lib/python3.12/site-packages/airflow/example_dags/example_display_name.py for tasks to queue
[2024-07-31T16:46:00.354+0000] {logging_mixin.py:188} INFO - [2024-07-31T16:46:00.354+0000] {dagbag.py:545} INFO - Filling up the DagBag from /home/airflow/.local/lib/python3.12/site-packages/airflow/example_dags/example_display_name.py
[2024-07-31T16:46:00.361+0000] {processor.py:840} INFO - DAG(s) 'example_display_name' retrieved from /home/airflow/.local/lib/python3.12/site-packages/airflow/example_dags/example_display_name.py
[2024-07-31T16:46:00.385+0000] {logging_mixin.py:188} INFO - [2024-07-31T16:46:00.385+0000] {dag.py:3089} INFO - Sync 1 DAGs
[2024-07-31T16:46:00.399+0000] {logging_mixin.py:188} INFO - [2024-07-31T16:46:00.399+0000] {dag.py:3947} INFO - Setting next_dagrun for example_display_name to None, run_after=None
[2024-07-31T16:46:00.429+0000] {processor.py:183} INFO - Processing /home/airflow/.local/lib/python3.12/site-packages/airflow/example_dags/example_display_name.py took 0.083 seconds
[2024-07-31T21:22:53.694+0000] {processor.py:161} INFO - Started process (PID=85) to work on /home/airflow/.local/lib/python3.12/site-packages/airflow/example_dags/example_display_name.py
[2024-07-31T21:22:53.695+0000] {processor.py:830} INFO - Processing file /home/airflow/.local/lib/python3.12/site-packages/airflow/example_dags/example_display_name.py for tasks to queue
[2024-07-31T21:22:53.696+0000] {logging_mixin.py:188} INFO - [2024-07-31T21:22:53.696+0000] {dagbag.py:545} INFO - Filling up the DagBag from /home/airflow/.local/lib/python3.12/site-packages/airflow/example_dags/example_display_name.py
[2024-07-31T21:22:53.705+0000] {processor.py:840} INFO - DAG(s) 'example_display_name' retrieved from /home/airflow/.local/lib/python3.12/site-packages/airflow/example_dags/example_display_name.py
[2024-07-31T21:22:53.849+0000] {logging_mixin.py:188} INFO - [2024-07-31T21:22:53.849+0000] {dag.py:3089} INFO - Sync 1 DAGs
[2024-07-31T21:22:53.861+0000] {logging_mixin.py:188} INFO - [2024-07-31T21:22:53.860+0000] {dag.py:3947} INFO - Setting next_dagrun for example_display_name to None, run_after=None
[2024-07-31T21:22:53.888+0000] {processor.py:183} INFO - Processing /home/airflow/.local/lib/python3.12/site-packages/airflow/example_dags/example_display_name.py took 0.201 seconds
[2024-07-31T21:23:24.418+0000] {processor.py:161} INFO - Started process (PID=143) to work on /home/airflow/.local/lib/python3.12/site-packages/airflow/example_dags/example_display_name.py
[2024-07-31T21:23:24.419+0000] {processor.py:830} INFO - Processing file /home/airflow/.local/lib/python3.12/site-packages/airflow/example_dags/example_display_name.py for tasks to queue
[2024-07-31T21:23:24.421+0000] {logging_mixin.py:188} INFO - [2024-07-31T21:23:24.421+0000] {dagbag.py:545} INFO - Filling up the DagBag from /home/airflow/.local/lib/python3.12/site-packages/airflow/example_dags/example_display_name.py
[2024-07-31T21:23:24.434+0000] {processor.py:840} INFO - DAG(s) 'example_display_name' retrieved from /home/airflow/.local/lib/python3.12/site-packages/airflow/example_dags/example_display_name.py
[2024-07-31T21:23:24.470+0000] {logging_mixin.py:188} INFO - [2024-07-31T21:23:24.470+0000] {dag.py:3089} INFO - Sync 1 DAGs
[2024-07-31T21:23:24.484+0000] {logging_mixin.py:188} INFO - [2024-07-31T21:23:24.484+0000] {dag.py:3947} INFO - Setting next_dagrun for example_display_name to None, run_after=None
[2024-07-31T21:23:24.518+0000] {processor.py:183} INFO - Processing /home/airflow/.local/lib/python3.12/site-packages/airflow/example_dags/example_display_name.py took 0.107 seconds
[2024-07-31T21:24:00.371+0000] {processor.py:161} INFO - Started process (PID=201) to work on /home/airflow/.local/lib/python3.12/site-packages/airflow/example_dags/example_display_name.py
[2024-07-31T21:24:00.384+0000] {processor.py:830} INFO - Processing file /home/airflow/.local/lib/python3.12/site-packages/airflow/example_dags/example_display_name.py for tasks to queue
[2024-07-31T21:24:00.396+0000] {logging_mixin.py:188} INFO - [2024-07-31T21:24:00.388+0000] {dagbag.py:545} INFO - Filling up the DagBag from /home/airflow/.local/lib/python3.12/site-packages/airflow/example_dags/example_display_name.py
[2024-07-31T21:24:00.547+0000] {processor.py:840} INFO - DAG(s) 'example_display_name' retrieved from /home/airflow/.local/lib/python3.12/site-packages/airflow/example_dags/example_display_name.py
[2024-07-31T21:24:01.202+0000] {logging_mixin.py:188} INFO - [2024-07-31T21:24:01.170+0000] {dag.py:3089} INFO - Sync 1 DAGs
[2024-07-31T21:24:01.245+0000] {logging_mixin.py:188} INFO - [2024-07-31T21:24:01.244+0000] {dag.py:3947} INFO - Setting next_dagrun for example_display_name to None, run_after=None
[2024-07-31T21:24:02.261+0000] {processor.py:183} INFO - Processing /home/airflow/.local/lib/python3.12/site-packages/airflow/example_dags/example_display_name.py took 1.970 seconds
[2024-07-31T21:24:32.727+0000] {processor.py:161} INFO - Started process (PID=260) to work on /home/airflow/.local/lib/python3.12/site-packages/airflow/example_dags/example_display_name.py
[2024-07-31T21:24:32.728+0000] {processor.py:830} INFO - Processing file /home/airflow/.local/lib/python3.12/site-packages/airflow/example_dags/example_display_name.py for tasks to queue
[2024-07-31T21:24:32.730+0000] {logging_mixin.py:188} INFO - [2024-07-31T21:24:32.730+0000] {dagbag.py:545} INFO - Filling up the DagBag from /home/airflow/.local/lib/python3.12/site-packages/airflow/example_dags/example_display_name.py
[2024-07-31T21:24:32.742+0000] {processor.py:840} INFO - DAG(s) 'example_display_name' retrieved from /home/airflow/.local/lib/python3.12/site-packages/airflow/example_dags/example_display_name.py
[2024-07-31T21:24:32.785+0000] {logging_mixin.py:188} INFO - [2024-07-31T21:24:32.784+0000] {dag.py:3089} INFO - Sync 1 DAGs
[2024-07-31T21:24:32.803+0000] {logging_mixin.py:188} INFO - [2024-07-31T21:24:32.802+0000] {dag.py:3947} INFO - Setting next_dagrun for example_display_name to None, run_after=None
[2024-07-31T21:24:32.834+0000] {processor.py:183} INFO - Processing /home/airflow/.local/lib/python3.12/site-packages/airflow/example_dags/example_display_name.py took 0.117 seconds
[2024-07-31T21:25:03.046+0000] {processor.py:161} INFO - Started process (PID=318) to work on /home/airflow/.local/lib/python3.12/site-packages/airflow/example_dags/example_display_name.py
[2024-07-31T21:25:03.047+0000] {processor.py:830} INFO - Processing file /home/airflow/.local/lib/python3.12/site-packages/airflow/example_dags/example_display_name.py for tasks to queue
[2024-07-31T21:25:03.049+0000] {logging_mixin.py:188} INFO - [2024-07-31T21:25:03.049+0000] {dagbag.py:545} INFO - Filling up the DagBag from /home/airflow/.local/lib/python3.12/site-packages/airflow/example_dags/example_display_name.py
[2024-07-31T21:25:03.057+0000] {processor.py:840} INFO - DAG(s) 'example_display_name' retrieved from /home/airflow/.local/lib/python3.12/site-packages/airflow/example_dags/example_display_name.py
[2024-07-31T21:25:03.089+0000] {logging_mixin.py:188} INFO - [2024-07-31T21:25:03.089+0000] {dag.py:3089} INFO - Sync 1 DAGs
[2024-07-31T21:25:03.107+0000] {logging_mixin.py:188} INFO - [2024-07-31T21:25:03.107+0000] {dag.py:3947} INFO - Setting next_dagrun for example_display_name to None, run_after=None
[2024-07-31T21:25:03.131+0000] {processor.py:183} INFO - Processing /home/airflow/.local/lib/python3.12/site-packages/airflow/example_dags/example_display_name.py took 0.098 seconds
[2024-07-31T21:25:58.090+0000] {processor.py:161} INFO - Started process (PID=382) to work on /home/airflow/.local/lib/python3.12/site-packages/airflow/example_dags/example_display_name.py
[2024-07-31T21:25:58.097+0000] {processor.py:830} INFO - Processing file /home/airflow/.local/lib/python3.12/site-packages/airflow/example_dags/example_display_name.py for tasks to queue
[2024-07-31T21:25:58.104+0000] {logging_mixin.py:188} INFO - [2024-07-31T21:25:58.099+0000] {dagbag.py:545} INFO - Filling up the DagBag from /home/airflow/.local/lib/python3.12/site-packages/airflow/example_dags/example_display_name.py
[2024-07-31T21:25:58.153+0000] {processor.py:840} INFO - DAG(s) 'example_display_name' retrieved from /home/airflow/.local/lib/python3.12/site-packages/airflow/example_dags/example_display_name.py
[2024-07-31T21:25:58.413+0000] {logging_mixin.py:188} INFO - [2024-07-31T21:25:58.409+0000] {dag.py:3089} INFO - Sync 1 DAGs
[2024-07-31T21:25:58.466+0000] {logging_mixin.py:188} INFO - [2024-07-31T21:25:58.466+0000] {dag.py:3947} INFO - Setting next_dagrun for example_display_name to None, run_after=None
[2024-07-31T21:25:58.732+0000] {processor.py:183} INFO - Processing /home/airflow/.local/lib/python3.12/site-packages/airflow/example_dags/example_display_name.py took 0.697 seconds
[2024-07-31T21:26:28.853+0000] {processor.py:161} INFO - Started process (PID=440) to work on /home/airflow/.local/lib/python3.12/site-packages/airflow/example_dags/example_display_name.py
[2024-07-31T21:26:28.855+0000] {processor.py:830} INFO - Processing file /home/airflow/.local/lib/python3.12/site-packages/airflow/example_dags/example_display_name.py for tasks to queue
[2024-07-31T21:26:28.858+0000] {logging_mixin.py:188} INFO - [2024-07-31T21:26:28.857+0000] {dagbag.py:545} INFO - Filling up the DagBag from /home/airflow/.local/lib/python3.12/site-packages/airflow/example_dags/example_display_name.py
[2024-07-31T21:26:28.868+0000] {processor.py:840} INFO - DAG(s) 'example_display_name' retrieved from /home/airflow/.local/lib/python3.12/site-packages/airflow/example_dags/example_display_name.py
[2024-07-31T21:26:28.902+0000] {logging_mixin.py:188} INFO - [2024-07-31T21:26:28.901+0000] {dag.py:3089} INFO - Sync 1 DAGs
[2024-07-31T21:26:28.927+0000] {logging_mixin.py:188} INFO - [2024-07-31T21:26:28.927+0000] {dag.py:3947} INFO - Setting next_dagrun for example_display_name to None, run_after=None
[2024-07-31T21:26:28.967+0000] {processor.py:183} INFO - Processing /home/airflow/.local/lib/python3.12/site-packages/airflow/example_dags/example_display_name.py took 0.123 seconds
[2024-07-31T21:26:59.188+0000] {processor.py:161} INFO - Started process (PID=498) to work on /home/airflow/.local/lib/python3.12/site-packages/airflow/example_dags/example_display_name.py
[2024-07-31T21:26:59.188+0000] {processor.py:830} INFO - Processing file /home/airflow/.local/lib/python3.12/site-packages/airflow/example_dags/example_display_name.py for tasks to queue
[2024-07-31T21:26:59.190+0000] {logging_mixin.py:188} INFO - [2024-07-31T21:26:59.190+0000] {dagbag.py:545} INFO - Filling up the DagBag from /home/airflow/.local/lib/python3.12/site-packages/airflow/example_dags/example_display_name.py
[2024-07-31T21:26:59.195+0000] {processor.py:840} INFO - DAG(s) 'example_display_name' retrieved from /home/airflow/.local/lib/python3.12/site-packages/airflow/example_dags/example_display_name.py
[2024-07-31T21:26:59.217+0000] {logging_mixin.py:188} INFO - [2024-07-31T21:26:59.216+0000] {dag.py:3089} INFO - Sync 1 DAGs
[2024-07-31T21:26:59.231+0000] {logging_mixin.py:188} INFO - [2024-07-31T21:26:59.230+0000] {dag.py:3947} INFO - Setting next_dagrun for example_display_name to None, run_after=None
[2024-07-31T21:26:59.252+0000] {processor.py:183} INFO - Processing /home/airflow/.local/lib/python3.12/site-packages/airflow/example_dags/example_display_name.py took 0.070 seconds
[2024-07-31T21:27:29.875+0000] {processor.py:161} INFO - Started process (PID=556) to work on /home/airflow/.local/lib/python3.12/site-packages/airflow/example_dags/example_display_name.py
[2024-07-31T21:27:29.876+0000] {processor.py:830} INFO - Processing file /home/airflow/.local/lib/python3.12/site-packages/airflow/example_dags/example_display_name.py for tasks to queue
[2024-07-31T21:27:29.877+0000] {logging_mixin.py:188} INFO - [2024-07-31T21:27:29.877+0000] {dagbag.py:545} INFO - Filling up the DagBag from /home/airflow/.local/lib/python3.12/site-packages/airflow/example_dags/example_display_name.py
[2024-07-31T21:27:29.883+0000] {processor.py:840} INFO - DAG(s) 'example_display_name' retrieved from /home/airflow/.local/lib/python3.12/site-packages/airflow/example_dags/example_display_name.py
[2024-07-31T21:27:29.907+0000] {logging_mixin.py:188} INFO - [2024-07-31T21:27:29.906+0000] {dag.py:3089} INFO - Sync 1 DAGs
[2024-07-31T21:27:29.920+0000] {logging_mixin.py:188} INFO - [2024-07-31T21:27:29.919+0000] {dag.py:3947} INFO - Setting next_dagrun for example_display_name to None, run_after=None
[2024-07-31T21:27:29.944+0000] {processor.py:183} INFO - Processing /home/airflow/.local/lib/python3.12/site-packages/airflow/example_dags/example_display_name.py took 0.076 seconds
[2024-07-31T21:28:00.199+0000] {processor.py:161} INFO - Started process (PID=615) to work on /home/airflow/.local/lib/python3.12/site-packages/airflow/example_dags/example_display_name.py
[2024-07-31T21:28:00.200+0000] {processor.py:830} INFO - Processing file /home/airflow/.local/lib/python3.12/site-packages/airflow/example_dags/example_display_name.py for tasks to queue
[2024-07-31T21:28:00.201+0000] {logging_mixin.py:188} INFO - [2024-07-31T21:28:00.201+0000] {dagbag.py:545} INFO - Filling up the DagBag from /home/airflow/.local/lib/python3.12/site-packages/airflow/example_dags/example_display_name.py
[2024-07-31T21:28:00.207+0000] {processor.py:840} INFO - DAG(s) 'example_display_name' retrieved from /home/airflow/.local/lib/python3.12/site-packages/airflow/example_dags/example_display_name.py
[2024-07-31T21:28:00.226+0000] {logging_mixin.py:188} INFO - [2024-07-31T21:28:00.226+0000] {dag.py:3089} INFO - Sync 1 DAGs
[2024-07-31T21:28:00.239+0000] {logging_mixin.py:188} INFO - [2024-07-31T21:28:00.239+0000] {dag.py:3947} INFO - Setting next_dagrun for example_display_name to None, run_after=None
[2024-07-31T21:28:00.262+0000] {processor.py:183} INFO - Processing /home/airflow/.local/lib/python3.12/site-packages/airflow/example_dags/example_display_name.py took 0.069 seconds
[2024-07-31T21:29:01.417+0000] {processor.py:161} INFO - Started process (PID=673) to work on /home/airflow/.local/lib/python3.12/site-packages/airflow/example_dags/example_display_name.py
[2024-07-31T21:29:01.419+0000] {processor.py:830} INFO - Processing file /home/airflow/.local/lib/python3.12/site-packages/airflow/example_dags/example_display_name.py for tasks to queue
[2024-07-31T21:29:01.420+0000] {logging_mixin.py:188} INFO - [2024-07-31T21:29:01.420+0000] {dagbag.py:545} INFO - Filling up the DagBag from /home/airflow/.local/lib/python3.12/site-packages/airflow/example_dags/example_display_name.py
[2024-07-31T21:29:01.426+0000] {processor.py:840} INFO - DAG(s) 'example_display_name' retrieved from /home/airflow/.local/lib/python3.12/site-packages/airflow/example_dags/example_display_name.py
[2024-07-31T21:29:01.444+0000] {logging_mixin.py:188} INFO - [2024-07-31T21:29:01.444+0000] {dag.py:3089} INFO - Sync 1 DAGs
[2024-07-31T21:29:01.458+0000] {logging_mixin.py:188} INFO - [2024-07-31T21:29:01.458+0000] {dag.py:3947} INFO - Setting next_dagrun for example_display_name to None, run_after=None
[2024-07-31T21:29:01.485+0000] {processor.py:183} INFO - Processing /home/airflow/.local/lib/python3.12/site-packages/airflow/example_dags/example_display_name.py took 0.074 seconds
