[2024-07-31T12:08:53.487+0000] {processor.py:161} INFO - Started process (PID=96) to work on /home/airflow/.local/lib/python3.12/site-packages/airflow/example_dags/example_branch_labels.py
[2024-07-31T12:08:53.488+0000] {processor.py:830} INFO - Processing file /home/airflow/.local/lib/python3.12/site-packages/airflow/example_dags/example_branch_labels.py for tasks to queue
[2024-07-31T12:08:53.490+0000] {logging_mixin.py:188} INFO - [2024-07-31T12:08:53.490+0000] {dagbag.py:545} INFO - Filling up the DagBag from /home/airflow/.local/lib/python3.12/site-packages/airflow/example_dags/example_branch_labels.py
[2024-07-31T12:08:53.505+0000] {processor.py:840} INFO - DAG(s) 'example_branch_labels' retrieved from /home/airflow/.local/lib/python3.12/site-packages/airflow/example_dags/example_branch_labels.py
[2024-07-31T12:08:53.701+0000] {logging_mixin.py:188} INFO - [2024-07-31T12:08:53.700+0000] {override.py:1858} INFO - Created Permission View: can delete on DAG:example_branch_labels
[2024-07-31T12:08:53.710+0000] {logging_mixin.py:188} INFO - [2024-07-31T12:08:53.710+0000] {override.py:1858} INFO - Created Permission View: can read on DAG:example_branch_labels
[2024-07-31T12:08:53.718+0000] {logging_mixin.py:188} INFO - [2024-07-31T12:08:53.717+0000] {override.py:1858} INFO - Created Permission View: can edit on DAG:example_branch_labels
[2024-07-31T12:08:53.718+0000] {logging_mixin.py:188} INFO - [2024-07-31T12:08:53.718+0000] {dag.py:3089} INFO - Sync 1 DAGs
[2024-07-31T12:08:53.733+0000] {logging_mixin.py:188} INFO - [2024-07-31T12:08:53.733+0000] {dag.py:3111} INFO - Creating ORM DAG for example_branch_labels
[2024-07-31T12:08:53.750+0000] {logging_mixin.py:188} INFO - [2024-07-31T12:08:53.749+0000] {dag.py:3947} INFO - Setting next_dagrun for example_branch_labels to 2024-07-30 00:00:00+00:00, run_after=2024-07-31 00:00:00+00:00
[2024-07-31T12:08:53.769+0000] {processor.py:183} INFO - Processing /home/airflow/.local/lib/python3.12/site-packages/airflow/example_dags/example_branch_labels.py took 0.289 seconds
[2024-07-31T12:09:24.377+0000] {processor.py:161} INFO - Started process (PID=154) to work on /home/airflow/.local/lib/python3.12/site-packages/airflow/example_dags/example_branch_labels.py
[2024-07-31T12:09:24.378+0000] {processor.py:830} INFO - Processing file /home/airflow/.local/lib/python3.12/site-packages/airflow/example_dags/example_branch_labels.py for tasks to queue
[2024-07-31T12:09:24.380+0000] {logging_mixin.py:188} INFO - [2024-07-31T12:09:24.379+0000] {dagbag.py:545} INFO - Filling up the DagBag from /home/airflow/.local/lib/python3.12/site-packages/airflow/example_dags/example_branch_labels.py
[2024-07-31T12:09:24.391+0000] {processor.py:840} INFO - DAG(s) 'example_branch_labels' retrieved from /home/airflow/.local/lib/python3.12/site-packages/airflow/example_dags/example_branch_labels.py
[2024-07-31T12:09:24.414+0000] {logging_mixin.py:188} INFO - [2024-07-31T12:09:24.414+0000] {dag.py:3089} INFO - Sync 1 DAGs
[2024-07-31T12:09:24.439+0000] {logging_mixin.py:188} INFO - [2024-07-31T12:09:24.439+0000] {dag.py:3947} INFO - Setting next_dagrun for example_branch_labels to 2024-07-30 00:00:00+00:00, run_after=2024-07-31 00:00:00+00:00
[2024-07-31T12:09:24.469+0000] {processor.py:183} INFO - Processing /home/airflow/.local/lib/python3.12/site-packages/airflow/example_dags/example_branch_labels.py took 0.097 seconds
[2024-07-31T12:09:54.777+0000] {processor.py:161} INFO - Started process (PID=218) to work on /home/airflow/.local/lib/python3.12/site-packages/airflow/example_dags/example_branch_labels.py
[2024-07-31T12:09:54.778+0000] {processor.py:830} INFO - Processing file /home/airflow/.local/lib/python3.12/site-packages/airflow/example_dags/example_branch_labels.py for tasks to queue
[2024-07-31T12:09:54.780+0000] {logging_mixin.py:188} INFO - [2024-07-31T12:09:54.780+0000] {dagbag.py:545} INFO - Filling up the DagBag from /home/airflow/.local/lib/python3.12/site-packages/airflow/example_dags/example_branch_labels.py
[2024-07-31T12:09:54.794+0000] {processor.py:840} INFO - DAG(s) 'example_branch_labels' retrieved from /home/airflow/.local/lib/python3.12/site-packages/airflow/example_dags/example_branch_labels.py
[2024-07-31T12:09:54.819+0000] {logging_mixin.py:188} INFO - [2024-07-31T12:09:54.819+0000] {dag.py:3089} INFO - Sync 1 DAGs
[2024-07-31T12:09:54.846+0000] {logging_mixin.py:188} INFO - [2024-07-31T12:09:54.846+0000] {dag.py:3947} INFO - Setting next_dagrun for example_branch_labels to 2024-07-30 00:00:00+00:00, run_after=2024-07-31 00:00:00+00:00
[2024-07-31T12:09:54.868+0000] {processor.py:183} INFO - Processing /home/airflow/.local/lib/python3.12/site-packages/airflow/example_dags/example_branch_labels.py took 0.099 seconds
[2024-07-31T12:10:25.364+0000] {processor.py:161} INFO - Started process (PID=276) to work on /home/airflow/.local/lib/python3.12/site-packages/airflow/example_dags/example_branch_labels.py
[2024-07-31T12:10:25.365+0000] {processor.py:830} INFO - Processing file /home/airflow/.local/lib/python3.12/site-packages/airflow/example_dags/example_branch_labels.py for tasks to queue
[2024-07-31T12:10:25.366+0000] {logging_mixin.py:188} INFO - [2024-07-31T12:10:25.366+0000] {dagbag.py:545} INFO - Filling up the DagBag from /home/airflow/.local/lib/python3.12/site-packages/airflow/example_dags/example_branch_labels.py
[2024-07-31T12:10:25.374+0000] {processor.py:840} INFO - DAG(s) 'example_branch_labels' retrieved from /home/airflow/.local/lib/python3.12/site-packages/airflow/example_dags/example_branch_labels.py
[2024-07-31T12:10:25.398+0000] {logging_mixin.py:188} INFO - [2024-07-31T12:10:25.398+0000] {dag.py:3089} INFO - Sync 1 DAGs
[2024-07-31T12:10:25.423+0000] {logging_mixin.py:188} INFO - [2024-07-31T12:10:25.423+0000] {dag.py:3947} INFO - Setting next_dagrun for example_branch_labels to 2024-07-30 00:00:00+00:00, run_after=2024-07-31 00:00:00+00:00
[2024-07-31T12:10:25.444+0000] {processor.py:183} INFO - Processing /home/airflow/.local/lib/python3.12/site-packages/airflow/example_dags/example_branch_labels.py took 0.085 seconds
[2024-07-31T12:10:55.504+0000] {processor.py:161} INFO - Started process (PID=333) to work on /home/airflow/.local/lib/python3.12/site-packages/airflow/example_dags/example_branch_labels.py
[2024-07-31T12:10:55.505+0000] {processor.py:830} INFO - Processing file /home/airflow/.local/lib/python3.12/site-packages/airflow/example_dags/example_branch_labels.py for tasks to queue
[2024-07-31T12:10:55.507+0000] {logging_mixin.py:188} INFO - [2024-07-31T12:10:55.506+0000] {dagbag.py:545} INFO - Filling up the DagBag from /home/airflow/.local/lib/python3.12/site-packages/airflow/example_dags/example_branch_labels.py
[2024-07-31T12:10:55.513+0000] {processor.py:840} INFO - DAG(s) 'example_branch_labels' retrieved from /home/airflow/.local/lib/python3.12/site-packages/airflow/example_dags/example_branch_labels.py
[2024-07-31T12:10:55.532+0000] {logging_mixin.py:188} INFO - [2024-07-31T12:10:55.532+0000] {dag.py:3089} INFO - Sync 1 DAGs
[2024-07-31T12:10:55.553+0000] {logging_mixin.py:188} INFO - [2024-07-31T12:10:55.553+0000] {dag.py:3947} INFO - Setting next_dagrun for example_branch_labels to 2024-07-30 00:00:00+00:00, run_after=2024-07-31 00:00:00+00:00
[2024-07-31T12:10:55.574+0000] {processor.py:183} INFO - Processing /home/airflow/.local/lib/python3.12/site-packages/airflow/example_dags/example_branch_labels.py took 0.075 seconds
[2024-07-31T12:11:26.264+0000] {processor.py:161} INFO - Started process (PID=391) to work on /home/airflow/.local/lib/python3.12/site-packages/airflow/example_dags/example_branch_labels.py
[2024-07-31T12:11:26.265+0000] {processor.py:830} INFO - Processing file /home/airflow/.local/lib/python3.12/site-packages/airflow/example_dags/example_branch_labels.py for tasks to queue
[2024-07-31T12:11:26.266+0000] {logging_mixin.py:188} INFO - [2024-07-31T12:11:26.266+0000] {dagbag.py:545} INFO - Filling up the DagBag from /home/airflow/.local/lib/python3.12/site-packages/airflow/example_dags/example_branch_labels.py
[2024-07-31T12:11:26.273+0000] {processor.py:840} INFO - DAG(s) 'example_branch_labels' retrieved from /home/airflow/.local/lib/python3.12/site-packages/airflow/example_dags/example_branch_labels.py
[2024-07-31T12:11:26.293+0000] {logging_mixin.py:188} INFO - [2024-07-31T12:11:26.293+0000] {dag.py:3089} INFO - Sync 1 DAGs
[2024-07-31T12:11:26.322+0000] {logging_mixin.py:188} INFO - [2024-07-31T12:11:26.322+0000] {dag.py:3947} INFO - Setting next_dagrun for example_branch_labels to 2024-07-30 00:00:00+00:00, run_after=2024-07-31 00:00:00+00:00
[2024-07-31T12:11:26.346+0000] {processor.py:183} INFO - Processing /home/airflow/.local/lib/python3.12/site-packages/airflow/example_dags/example_branch_labels.py took 0.087 seconds
[2024-07-31T12:11:56.721+0000] {processor.py:161} INFO - Started process (PID=449) to work on /home/airflow/.local/lib/python3.12/site-packages/airflow/example_dags/example_branch_labels.py
[2024-07-31T12:11:56.722+0000] {processor.py:830} INFO - Processing file /home/airflow/.local/lib/python3.12/site-packages/airflow/example_dags/example_branch_labels.py for tasks to queue
[2024-07-31T12:11:56.723+0000] {logging_mixin.py:188} INFO - [2024-07-31T12:11:56.723+0000] {dagbag.py:545} INFO - Filling up the DagBag from /home/airflow/.local/lib/python3.12/site-packages/airflow/example_dags/example_branch_labels.py
[2024-07-31T12:11:56.730+0000] {processor.py:840} INFO - DAG(s) 'example_branch_labels' retrieved from /home/airflow/.local/lib/python3.12/site-packages/airflow/example_dags/example_branch_labels.py
[2024-07-31T12:11:56.752+0000] {logging_mixin.py:188} INFO - [2024-07-31T12:11:56.752+0000] {dag.py:3089} INFO - Sync 1 DAGs
[2024-07-31T12:11:56.776+0000] {logging_mixin.py:188} INFO - [2024-07-31T12:11:56.776+0000] {dag.py:3947} INFO - Setting next_dagrun for example_branch_labels to 2024-07-30 00:00:00+00:00, run_after=2024-07-31 00:00:00+00:00
[2024-07-31T12:11:56.798+0000] {processor.py:183} INFO - Processing /home/airflow/.local/lib/python3.12/site-packages/airflow/example_dags/example_branch_labels.py took 0.082 seconds
[2024-07-31T12:12:26.867+0000] {processor.py:161} INFO - Started process (PID=506) to work on /home/airflow/.local/lib/python3.12/site-packages/airflow/example_dags/example_branch_labels.py
[2024-07-31T12:12:26.868+0000] {processor.py:830} INFO - Processing file /home/airflow/.local/lib/python3.12/site-packages/airflow/example_dags/example_branch_labels.py for tasks to queue
[2024-07-31T12:12:26.870+0000] {logging_mixin.py:188} INFO - [2024-07-31T12:12:26.870+0000] {dagbag.py:545} INFO - Filling up the DagBag from /home/airflow/.local/lib/python3.12/site-packages/airflow/example_dags/example_branch_labels.py
[2024-07-31T12:12:26.879+0000] {processor.py:840} INFO - DAG(s) 'example_branch_labels' retrieved from /home/airflow/.local/lib/python3.12/site-packages/airflow/example_dags/example_branch_labels.py
[2024-07-31T12:12:26.907+0000] {logging_mixin.py:188} INFO - [2024-07-31T12:12:26.907+0000] {dag.py:3089} INFO - Sync 1 DAGs
[2024-07-31T12:12:26.947+0000] {logging_mixin.py:188} INFO - [2024-07-31T12:12:26.947+0000] {dag.py:3947} INFO - Setting next_dagrun for example_branch_labels to 2024-07-30 00:00:00+00:00, run_after=2024-07-31 00:00:00+00:00
[2024-07-31T12:12:26.970+0000] {processor.py:183} INFO - Processing /home/airflow/.local/lib/python3.12/site-packages/airflow/example_dags/example_branch_labels.py took 0.110 seconds
[2024-07-31T12:12:57.738+0000] {processor.py:161} INFO - Started process (PID=564) to work on /home/airflow/.local/lib/python3.12/site-packages/airflow/example_dags/example_branch_labels.py
[2024-07-31T12:12:57.738+0000] {processor.py:830} INFO - Processing file /home/airflow/.local/lib/python3.12/site-packages/airflow/example_dags/example_branch_labels.py for tasks to queue
[2024-07-31T12:12:57.740+0000] {logging_mixin.py:188} INFO - [2024-07-31T12:12:57.740+0000] {dagbag.py:545} INFO - Filling up the DagBag from /home/airflow/.local/lib/python3.12/site-packages/airflow/example_dags/example_branch_labels.py
[2024-07-31T12:12:57.748+0000] {processor.py:840} INFO - DAG(s) 'example_branch_labels' retrieved from /home/airflow/.local/lib/python3.12/site-packages/airflow/example_dags/example_branch_labels.py
[2024-07-31T12:12:57.772+0000] {logging_mixin.py:188} INFO - [2024-07-31T12:12:57.772+0000] {dag.py:3089} INFO - Sync 1 DAGs
[2024-07-31T12:12:57.804+0000] {logging_mixin.py:188} INFO - [2024-07-31T12:12:57.804+0000] {dag.py:3947} INFO - Setting next_dagrun for example_branch_labels to 2024-07-30 00:00:00+00:00, run_after=2024-07-31 00:00:00+00:00
[2024-07-31T12:12:57.828+0000] {processor.py:183} INFO - Processing /home/airflow/.local/lib/python3.12/site-packages/airflow/example_dags/example_branch_labels.py took 0.096 seconds
[2024-07-31T12:13:28.159+0000] {processor.py:161} INFO - Started process (PID=621) to work on /home/airflow/.local/lib/python3.12/site-packages/airflow/example_dags/example_branch_labels.py
[2024-07-31T12:13:28.159+0000] {processor.py:830} INFO - Processing file /home/airflow/.local/lib/python3.12/site-packages/airflow/example_dags/example_branch_labels.py for tasks to queue
[2024-07-31T12:13:28.161+0000] {logging_mixin.py:188} INFO - [2024-07-31T12:13:28.161+0000] {dagbag.py:545} INFO - Filling up the DagBag from /home/airflow/.local/lib/python3.12/site-packages/airflow/example_dags/example_branch_labels.py
[2024-07-31T12:13:28.169+0000] {processor.py:840} INFO - DAG(s) 'example_branch_labels' retrieved from /home/airflow/.local/lib/python3.12/site-packages/airflow/example_dags/example_branch_labels.py
[2024-07-31T12:13:28.187+0000] {logging_mixin.py:188} INFO - [2024-07-31T12:13:28.187+0000] {dag.py:3089} INFO - Sync 1 DAGs
[2024-07-31T12:13:28.209+0000] {logging_mixin.py:188} INFO - [2024-07-31T12:13:28.209+0000] {dag.py:3947} INFO - Setting next_dagrun for example_branch_labels to 2024-07-30 00:00:00+00:00, run_after=2024-07-31 00:00:00+00:00
[2024-07-31T12:13:28.232+0000] {processor.py:183} INFO - Processing /home/airflow/.local/lib/python3.12/site-packages/airflow/example_dags/example_branch_labels.py took 0.078 seconds
[2024-07-31T12:13:59.414+0000] {processor.py:161} INFO - Started process (PID=679) to work on /home/airflow/.local/lib/python3.12/site-packages/airflow/example_dags/example_branch_labels.py
[2024-07-31T12:13:59.415+0000] {processor.py:830} INFO - Processing file /home/airflow/.local/lib/python3.12/site-packages/airflow/example_dags/example_branch_labels.py for tasks to queue
[2024-07-31T12:13:59.418+0000] {logging_mixin.py:188} INFO - [2024-07-31T12:13:59.418+0000] {dagbag.py:545} INFO - Filling up the DagBag from /home/airflow/.local/lib/python3.12/site-packages/airflow/example_dags/example_branch_labels.py
[2024-07-31T12:13:59.426+0000] {processor.py:840} INFO - DAG(s) 'example_branch_labels' retrieved from /home/airflow/.local/lib/python3.12/site-packages/airflow/example_dags/example_branch_labels.py
[2024-07-31T12:13:59.455+0000] {logging_mixin.py:188} INFO - [2024-07-31T12:13:59.455+0000] {dag.py:3089} INFO - Sync 1 DAGs
[2024-07-31T12:13:59.492+0000] {logging_mixin.py:188} INFO - [2024-07-31T12:13:59.492+0000] {dag.py:3947} INFO - Setting next_dagrun for example_branch_labels to 2024-07-30 00:00:00+00:00, run_after=2024-07-31 00:00:00+00:00
[2024-07-31T12:13:59.523+0000] {processor.py:183} INFO - Processing /home/airflow/.local/lib/python3.12/site-packages/airflow/example_dags/example_branch_labels.py took 0.117 seconds
[2024-07-31T12:14:30.478+0000] {processor.py:161} INFO - Started process (PID=737) to work on /home/airflow/.local/lib/python3.12/site-packages/airflow/example_dags/example_branch_labels.py
[2024-07-31T12:14:30.480+0000] {processor.py:830} INFO - Processing file /home/airflow/.local/lib/python3.12/site-packages/airflow/example_dags/example_branch_labels.py for tasks to queue
[2024-07-31T12:14:30.482+0000] {logging_mixin.py:188} INFO - [2024-07-31T12:14:30.481+0000] {dagbag.py:545} INFO - Filling up the DagBag from /home/airflow/.local/lib/python3.12/site-packages/airflow/example_dags/example_branch_labels.py
[2024-07-31T12:14:30.500+0000] {processor.py:840} INFO - DAG(s) 'example_branch_labels' retrieved from /home/airflow/.local/lib/python3.12/site-packages/airflow/example_dags/example_branch_labels.py
[2024-07-31T12:14:30.537+0000] {logging_mixin.py:188} INFO - [2024-07-31T12:14:30.537+0000] {dag.py:3089} INFO - Sync 1 DAGs
[2024-07-31T12:14:30.567+0000] {logging_mixin.py:188} INFO - [2024-07-31T12:14:30.567+0000] {dag.py:3947} INFO - Setting next_dagrun for example_branch_labels to 2024-07-30 00:00:00+00:00, run_after=2024-07-31 00:00:00+00:00
[2024-07-31T12:14:30.609+0000] {processor.py:183} INFO - Processing /home/airflow/.local/lib/python3.12/site-packages/airflow/example_dags/example_branch_labels.py took 0.138 seconds
[2024-07-31T12:15:00.809+0000] {processor.py:161} INFO - Started process (PID=795) to work on /home/airflow/.local/lib/python3.12/site-packages/airflow/example_dags/example_branch_labels.py
[2024-07-31T12:15:00.811+0000] {processor.py:830} INFO - Processing file /home/airflow/.local/lib/python3.12/site-packages/airflow/example_dags/example_branch_labels.py for tasks to queue
[2024-07-31T12:15:00.815+0000] {logging_mixin.py:188} INFO - [2024-07-31T12:15:00.814+0000] {dagbag.py:545} INFO - Filling up the DagBag from /home/airflow/.local/lib/python3.12/site-packages/airflow/example_dags/example_branch_labels.py
[2024-07-31T12:15:00.832+0000] {processor.py:840} INFO - DAG(s) 'example_branch_labels' retrieved from /home/airflow/.local/lib/python3.12/site-packages/airflow/example_dags/example_branch_labels.py
[2024-07-31T12:15:00.856+0000] {logging_mixin.py:188} INFO - [2024-07-31T12:15:00.855+0000] {dag.py:3089} INFO - Sync 1 DAGs
[2024-07-31T12:15:00.881+0000] {logging_mixin.py:188} INFO - [2024-07-31T12:15:00.881+0000] {dag.py:3947} INFO - Setting next_dagrun for example_branch_labels to 2024-07-30 00:00:00+00:00, run_after=2024-07-31 00:00:00+00:00
[2024-07-31T12:15:00.904+0000] {processor.py:183} INFO - Processing /home/airflow/.local/lib/python3.12/site-packages/airflow/example_dags/example_branch_labels.py took 0.105 seconds
[2024-07-31T12:15:31.245+0000] {processor.py:161} INFO - Started process (PID=852) to work on /home/airflow/.local/lib/python3.12/site-packages/airflow/example_dags/example_branch_labels.py
[2024-07-31T12:15:31.247+0000] {processor.py:830} INFO - Processing file /home/airflow/.local/lib/python3.12/site-packages/airflow/example_dags/example_branch_labels.py for tasks to queue
[2024-07-31T12:15:31.248+0000] {logging_mixin.py:188} INFO - [2024-07-31T12:15:31.248+0000] {dagbag.py:545} INFO - Filling up the DagBag from /home/airflow/.local/lib/python3.12/site-packages/airflow/example_dags/example_branch_labels.py
[2024-07-31T12:15:31.256+0000] {processor.py:840} INFO - DAG(s) 'example_branch_labels' retrieved from /home/airflow/.local/lib/python3.12/site-packages/airflow/example_dags/example_branch_labels.py
[2024-07-31T12:15:31.281+0000] {logging_mixin.py:188} INFO - [2024-07-31T12:15:31.281+0000] {dag.py:3089} INFO - Sync 1 DAGs
[2024-07-31T12:15:31.319+0000] {logging_mixin.py:188} INFO - [2024-07-31T12:15:31.318+0000] {dag.py:3947} INFO - Setting next_dagrun for example_branch_labels to 2024-07-30 00:00:00+00:00, run_after=2024-07-31 00:00:00+00:00
[2024-07-31T12:15:31.354+0000] {processor.py:183} INFO - Processing /home/airflow/.local/lib/python3.12/site-packages/airflow/example_dags/example_branch_labels.py took 0.115 seconds
[2024-07-31T12:16:01.463+0000] {processor.py:161} INFO - Started process (PID=909) to work on /home/airflow/.local/lib/python3.12/site-packages/airflow/example_dags/example_branch_labels.py
[2024-07-31T12:16:01.464+0000] {processor.py:830} INFO - Processing file /home/airflow/.local/lib/python3.12/site-packages/airflow/example_dags/example_branch_labels.py for tasks to queue
[2024-07-31T12:16:01.465+0000] {logging_mixin.py:188} INFO - [2024-07-31T12:16:01.465+0000] {dagbag.py:545} INFO - Filling up the DagBag from /home/airflow/.local/lib/python3.12/site-packages/airflow/example_dags/example_branch_labels.py
[2024-07-31T12:16:01.472+0000] {processor.py:840} INFO - DAG(s) 'example_branch_labels' retrieved from /home/airflow/.local/lib/python3.12/site-packages/airflow/example_dags/example_branch_labels.py
[2024-07-31T12:16:01.500+0000] {logging_mixin.py:188} INFO - [2024-07-31T12:16:01.500+0000] {dag.py:3089} INFO - Sync 1 DAGs
[2024-07-31T12:16:01.536+0000] {logging_mixin.py:188} INFO - [2024-07-31T12:16:01.535+0000] {dag.py:3947} INFO - Setting next_dagrun for example_branch_labels to 2024-07-30 00:00:00+00:00, run_after=2024-07-31 00:00:00+00:00
[2024-07-31T12:16:01.561+0000] {processor.py:183} INFO - Processing /home/airflow/.local/lib/python3.12/site-packages/airflow/example_dags/example_branch_labels.py took 0.103 seconds
[2024-07-31T12:16:31.768+0000] {processor.py:161} INFO - Started process (PID=966) to work on /home/airflow/.local/lib/python3.12/site-packages/airflow/example_dags/example_branch_labels.py
[2024-07-31T12:16:31.769+0000] {processor.py:830} INFO - Processing file /home/airflow/.local/lib/python3.12/site-packages/airflow/example_dags/example_branch_labels.py for tasks to queue
[2024-07-31T12:16:31.772+0000] {logging_mixin.py:188} INFO - [2024-07-31T12:16:31.771+0000] {dagbag.py:545} INFO - Filling up the DagBag from /home/airflow/.local/lib/python3.12/site-packages/airflow/example_dags/example_branch_labels.py
[2024-07-31T12:16:31.781+0000] {processor.py:840} INFO - DAG(s) 'example_branch_labels' retrieved from /home/airflow/.local/lib/python3.12/site-packages/airflow/example_dags/example_branch_labels.py
[2024-07-31T12:16:31.806+0000] {logging_mixin.py:188} INFO - [2024-07-31T12:16:31.806+0000] {dag.py:3089} INFO - Sync 1 DAGs
[2024-07-31T12:16:31.835+0000] {logging_mixin.py:188} INFO - [2024-07-31T12:16:31.835+0000] {dag.py:3947} INFO - Setting next_dagrun for example_branch_labels to 2024-07-30 00:00:00+00:00, run_after=2024-07-31 00:00:00+00:00
[2024-07-31T12:16:31.861+0000] {processor.py:183} INFO - Processing /home/airflow/.local/lib/python3.12/site-packages/airflow/example_dags/example_branch_labels.py took 0.099 seconds
[2024-07-31T12:17:02.855+0000] {processor.py:161} INFO - Started process (PID=1023) to work on /home/airflow/.local/lib/python3.12/site-packages/airflow/example_dags/example_branch_labels.py
[2024-07-31T12:17:02.856+0000] {processor.py:830} INFO - Processing file /home/airflow/.local/lib/python3.12/site-packages/airflow/example_dags/example_branch_labels.py for tasks to queue
[2024-07-31T12:17:02.859+0000] {logging_mixin.py:188} INFO - [2024-07-31T12:17:02.858+0000] {dagbag.py:545} INFO - Filling up the DagBag from /home/airflow/.local/lib/python3.12/site-packages/airflow/example_dags/example_branch_labels.py
[2024-07-31T12:17:02.870+0000] {processor.py:840} INFO - DAG(s) 'example_branch_labels' retrieved from /home/airflow/.local/lib/python3.12/site-packages/airflow/example_dags/example_branch_labels.py
[2024-07-31T12:17:02.902+0000] {logging_mixin.py:188} INFO - [2024-07-31T12:17:02.901+0000] {dag.py:3089} INFO - Sync 1 DAGs
[2024-07-31T12:17:02.930+0000] {logging_mixin.py:188} INFO - [2024-07-31T12:17:02.930+0000] {dag.py:3947} INFO - Setting next_dagrun for example_branch_labels to 2024-07-30 00:00:00+00:00, run_after=2024-07-31 00:00:00+00:00
[2024-07-31T12:17:02.958+0000] {processor.py:183} INFO - Processing /home/airflow/.local/lib/python3.12/site-packages/airflow/example_dags/example_branch_labels.py took 0.110 seconds
[2024-07-31T12:17:33.779+0000] {processor.py:161} INFO - Started process (PID=1081) to work on /home/airflow/.local/lib/python3.12/site-packages/airflow/example_dags/example_branch_labels.py
[2024-07-31T12:17:33.779+0000] {processor.py:830} INFO - Processing file /home/airflow/.local/lib/python3.12/site-packages/airflow/example_dags/example_branch_labels.py for tasks to queue
[2024-07-31T12:17:33.782+0000] {logging_mixin.py:188} INFO - [2024-07-31T12:17:33.781+0000] {dagbag.py:545} INFO - Filling up the DagBag from /home/airflow/.local/lib/python3.12/site-packages/airflow/example_dags/example_branch_labels.py
[2024-07-31T12:17:33.797+0000] {processor.py:840} INFO - DAG(s) 'example_branch_labels' retrieved from /home/airflow/.local/lib/python3.12/site-packages/airflow/example_dags/example_branch_labels.py
[2024-07-31T12:17:33.847+0000] {logging_mixin.py:188} INFO - [2024-07-31T12:17:33.846+0000] {dag.py:3089} INFO - Sync 1 DAGs
[2024-07-31T12:17:33.880+0000] {logging_mixin.py:188} INFO - [2024-07-31T12:17:33.880+0000] {dag.py:3947} INFO - Setting next_dagrun for example_branch_labels to 2024-07-30 00:00:00+00:00, run_after=2024-07-31 00:00:00+00:00
[2024-07-31T12:17:33.909+0000] {processor.py:183} INFO - Processing /home/airflow/.local/lib/python3.12/site-packages/airflow/example_dags/example_branch_labels.py took 0.137 seconds
[2024-07-31T12:18:04.421+0000] {processor.py:161} INFO - Started process (PID=1139) to work on /home/airflow/.local/lib/python3.12/site-packages/airflow/example_dags/example_branch_labels.py
[2024-07-31T12:18:04.421+0000] {processor.py:830} INFO - Processing file /home/airflow/.local/lib/python3.12/site-packages/airflow/example_dags/example_branch_labels.py for tasks to queue
[2024-07-31T12:18:04.423+0000] {logging_mixin.py:188} INFO - [2024-07-31T12:18:04.422+0000] {dagbag.py:545} INFO - Filling up the DagBag from /home/airflow/.local/lib/python3.12/site-packages/airflow/example_dags/example_branch_labels.py
[2024-07-31T12:18:04.433+0000] {processor.py:840} INFO - DAG(s) 'example_branch_labels' retrieved from /home/airflow/.local/lib/python3.12/site-packages/airflow/example_dags/example_branch_labels.py
[2024-07-31T12:18:04.459+0000] {logging_mixin.py:188} INFO - [2024-07-31T12:18:04.459+0000] {dag.py:3089} INFO - Sync 1 DAGs
[2024-07-31T12:18:04.484+0000] {logging_mixin.py:188} INFO - [2024-07-31T12:18:04.484+0000] {dag.py:3947} INFO - Setting next_dagrun for example_branch_labels to 2024-07-30 00:00:00+00:00, run_after=2024-07-31 00:00:00+00:00
[2024-07-31T12:18:04.509+0000] {processor.py:183} INFO - Processing /home/airflow/.local/lib/python3.12/site-packages/airflow/example_dags/example_branch_labels.py took 0.094 seconds
[2024-07-31T12:18:34.991+0000] {processor.py:161} INFO - Started process (PID=1197) to work on /home/airflow/.local/lib/python3.12/site-packages/airflow/example_dags/example_branch_labels.py
[2024-07-31T12:18:34.992+0000] {processor.py:830} INFO - Processing file /home/airflow/.local/lib/python3.12/site-packages/airflow/example_dags/example_branch_labels.py for tasks to queue
[2024-07-31T12:18:34.993+0000] {logging_mixin.py:188} INFO - [2024-07-31T12:18:34.993+0000] {dagbag.py:545} INFO - Filling up the DagBag from /home/airflow/.local/lib/python3.12/site-packages/airflow/example_dags/example_branch_labels.py
[2024-07-31T12:18:35.002+0000] {processor.py:840} INFO - DAG(s) 'example_branch_labels' retrieved from /home/airflow/.local/lib/python3.12/site-packages/airflow/example_dags/example_branch_labels.py
[2024-07-31T12:18:35.032+0000] {logging_mixin.py:188} INFO - [2024-07-31T12:18:35.031+0000] {dag.py:3089} INFO - Sync 1 DAGs
[2024-07-31T12:18:35.063+0000] {logging_mixin.py:188} INFO - [2024-07-31T12:18:35.063+0000] {dag.py:3947} INFO - Setting next_dagrun for example_branch_labels to 2024-07-30 00:00:00+00:00, run_after=2024-07-31 00:00:00+00:00
[2024-07-31T12:18:35.087+0000] {processor.py:183} INFO - Processing /home/airflow/.local/lib/python3.12/site-packages/airflow/example_dags/example_branch_labels.py took 0.101 seconds
[2024-07-31T12:19:06.167+0000] {processor.py:161} INFO - Started process (PID=1255) to work on /home/airflow/.local/lib/python3.12/site-packages/airflow/example_dags/example_branch_labels.py
[2024-07-31T12:19:06.169+0000] {processor.py:830} INFO - Processing file /home/airflow/.local/lib/python3.12/site-packages/airflow/example_dags/example_branch_labels.py for tasks to queue
[2024-07-31T12:19:06.171+0000] {logging_mixin.py:188} INFO - [2024-07-31T12:19:06.171+0000] {dagbag.py:545} INFO - Filling up the DagBag from /home/airflow/.local/lib/python3.12/site-packages/airflow/example_dags/example_branch_labels.py
[2024-07-31T12:19:06.180+0000] {processor.py:840} INFO - DAG(s) 'example_branch_labels' retrieved from /home/airflow/.local/lib/python3.12/site-packages/airflow/example_dags/example_branch_labels.py
[2024-07-31T12:19:06.202+0000] {logging_mixin.py:188} INFO - [2024-07-31T12:19:06.202+0000] {dag.py:3089} INFO - Sync 1 DAGs
[2024-07-31T12:19:06.233+0000] {logging_mixin.py:188} INFO - [2024-07-31T12:19:06.233+0000] {dag.py:3947} INFO - Setting next_dagrun for example_branch_labels to 2024-07-30 00:00:00+00:00, run_after=2024-07-31 00:00:00+00:00
[2024-07-31T12:19:06.264+0000] {processor.py:183} INFO - Processing /home/airflow/.local/lib/python3.12/site-packages/airflow/example_dags/example_branch_labels.py took 0.105 seconds
[2024-07-31T12:19:36.713+0000] {processor.py:161} INFO - Started process (PID=1313) to work on /home/airflow/.local/lib/python3.12/site-packages/airflow/example_dags/example_branch_labels.py
[2024-07-31T12:19:36.714+0000] {processor.py:830} INFO - Processing file /home/airflow/.local/lib/python3.12/site-packages/airflow/example_dags/example_branch_labels.py for tasks to queue
[2024-07-31T12:19:36.715+0000] {logging_mixin.py:188} INFO - [2024-07-31T12:19:36.715+0000] {dagbag.py:545} INFO - Filling up the DagBag from /home/airflow/.local/lib/python3.12/site-packages/airflow/example_dags/example_branch_labels.py
[2024-07-31T12:19:36.723+0000] {processor.py:840} INFO - DAG(s) 'example_branch_labels' retrieved from /home/airflow/.local/lib/python3.12/site-packages/airflow/example_dags/example_branch_labels.py
[2024-07-31T12:19:36.750+0000] {logging_mixin.py:188} INFO - [2024-07-31T12:19:36.750+0000] {dag.py:3089} INFO - Sync 1 DAGs
[2024-07-31T12:19:36.783+0000] {logging_mixin.py:188} INFO - [2024-07-31T12:19:36.782+0000] {dag.py:3947} INFO - Setting next_dagrun for example_branch_labels to 2024-07-30 00:00:00+00:00, run_after=2024-07-31 00:00:00+00:00
[2024-07-31T12:19:36.807+0000] {processor.py:183} INFO - Processing /home/airflow/.local/lib/python3.12/site-packages/airflow/example_dags/example_branch_labels.py took 0.100 seconds
[2024-07-31T12:20:07.651+0000] {processor.py:161} INFO - Started process (PID=1371) to work on /home/airflow/.local/lib/python3.12/site-packages/airflow/example_dags/example_branch_labels.py
[2024-07-31T12:20:07.652+0000] {processor.py:830} INFO - Processing file /home/airflow/.local/lib/python3.12/site-packages/airflow/example_dags/example_branch_labels.py for tasks to queue
[2024-07-31T12:20:07.654+0000] {logging_mixin.py:188} INFO - [2024-07-31T12:20:07.653+0000] {dagbag.py:545} INFO - Filling up the DagBag from /home/airflow/.local/lib/python3.12/site-packages/airflow/example_dags/example_branch_labels.py
[2024-07-31T12:20:07.664+0000] {processor.py:840} INFO - DAG(s) 'example_branch_labels' retrieved from /home/airflow/.local/lib/python3.12/site-packages/airflow/example_dags/example_branch_labels.py
[2024-07-31T12:20:07.695+0000] {logging_mixin.py:188} INFO - [2024-07-31T12:20:07.695+0000] {dag.py:3089} INFO - Sync 1 DAGs
[2024-07-31T12:20:07.724+0000] {logging_mixin.py:188} INFO - [2024-07-31T12:20:07.724+0000] {dag.py:3947} INFO - Setting next_dagrun for example_branch_labels to 2024-07-30 00:00:00+00:00, run_after=2024-07-31 00:00:00+00:00
[2024-07-31T12:20:07.747+0000] {processor.py:183} INFO - Processing /home/airflow/.local/lib/python3.12/site-packages/airflow/example_dags/example_branch_labels.py took 0.103 seconds
[2024-07-31T12:20:37.989+0000] {processor.py:161} INFO - Started process (PID=1428) to work on /home/airflow/.local/lib/python3.12/site-packages/airflow/example_dags/example_branch_labels.py
[2024-07-31T12:20:37.990+0000] {processor.py:830} INFO - Processing file /home/airflow/.local/lib/python3.12/site-packages/airflow/example_dags/example_branch_labels.py for tasks to queue
[2024-07-31T12:20:37.991+0000] {logging_mixin.py:188} INFO - [2024-07-31T12:20:37.991+0000] {dagbag.py:545} INFO - Filling up the DagBag from /home/airflow/.local/lib/python3.12/site-packages/airflow/example_dags/example_branch_labels.py
[2024-07-31T12:20:37.997+0000] {processor.py:840} INFO - DAG(s) 'example_branch_labels' retrieved from /home/airflow/.local/lib/python3.12/site-packages/airflow/example_dags/example_branch_labels.py
[2024-07-31T12:20:38.022+0000] {logging_mixin.py:188} INFO - [2024-07-31T12:20:38.022+0000] {dag.py:3089} INFO - Sync 1 DAGs
[2024-07-31T12:20:38.056+0000] {logging_mixin.py:188} INFO - [2024-07-31T12:20:38.055+0000] {dag.py:3947} INFO - Setting next_dagrun for example_branch_labels to 2024-07-30 00:00:00+00:00, run_after=2024-07-31 00:00:00+00:00
[2024-07-31T12:20:38.080+0000] {processor.py:183} INFO - Processing /home/airflow/.local/lib/python3.12/site-packages/airflow/example_dags/example_branch_labels.py took 0.095 seconds
[2024-07-31T12:21:08.462+0000] {processor.py:161} INFO - Started process (PID=1486) to work on /home/airflow/.local/lib/python3.12/site-packages/airflow/example_dags/example_branch_labels.py
[2024-07-31T12:21:08.465+0000] {processor.py:830} INFO - Processing file /home/airflow/.local/lib/python3.12/site-packages/airflow/example_dags/example_branch_labels.py for tasks to queue
[2024-07-31T12:21:08.467+0000] {logging_mixin.py:188} INFO - [2024-07-31T12:21:08.467+0000] {dagbag.py:545} INFO - Filling up the DagBag from /home/airflow/.local/lib/python3.12/site-packages/airflow/example_dags/example_branch_labels.py
[2024-07-31T12:21:08.482+0000] {processor.py:840} INFO - DAG(s) 'example_branch_labels' retrieved from /home/airflow/.local/lib/python3.12/site-packages/airflow/example_dags/example_branch_labels.py
[2024-07-31T12:21:08.518+0000] {logging_mixin.py:188} INFO - [2024-07-31T12:21:08.518+0000] {dag.py:3089} INFO - Sync 1 DAGs
[2024-07-31T12:21:08.554+0000] {logging_mixin.py:188} INFO - [2024-07-31T12:21:08.553+0000] {dag.py:3947} INFO - Setting next_dagrun for example_branch_labels to 2024-07-30 00:00:00+00:00, run_after=2024-07-31 00:00:00+00:00
[2024-07-31T12:21:08.582+0000] {processor.py:183} INFO - Processing /home/airflow/.local/lib/python3.12/site-packages/airflow/example_dags/example_branch_labels.py took 0.127 seconds
[2024-07-31T12:21:38.701+0000] {processor.py:161} INFO - Started process (PID=1544) to work on /home/airflow/.local/lib/python3.12/site-packages/airflow/example_dags/example_branch_labels.py
[2024-07-31T12:21:38.702+0000] {processor.py:830} INFO - Processing file /home/airflow/.local/lib/python3.12/site-packages/airflow/example_dags/example_branch_labels.py for tasks to queue
[2024-07-31T12:21:38.703+0000] {logging_mixin.py:188} INFO - [2024-07-31T12:21:38.703+0000] {dagbag.py:545} INFO - Filling up the DagBag from /home/airflow/.local/lib/python3.12/site-packages/airflow/example_dags/example_branch_labels.py
[2024-07-31T12:21:38.711+0000] {processor.py:840} INFO - DAG(s) 'example_branch_labels' retrieved from /home/airflow/.local/lib/python3.12/site-packages/airflow/example_dags/example_branch_labels.py
[2024-07-31T12:21:38.738+0000] {logging_mixin.py:188} INFO - [2024-07-31T12:21:38.738+0000] {dag.py:3089} INFO - Sync 1 DAGs
[2024-07-31T12:21:38.766+0000] {logging_mixin.py:188} INFO - [2024-07-31T12:21:38.766+0000] {dag.py:3947} INFO - Setting next_dagrun for example_branch_labels to 2024-07-30 00:00:00+00:00, run_after=2024-07-31 00:00:00+00:00
[2024-07-31T12:21:38.813+0000] {processor.py:183} INFO - Processing /home/airflow/.local/lib/python3.12/site-packages/airflow/example_dags/example_branch_labels.py took 0.117 seconds
[2024-07-31T12:22:09.243+0000] {processor.py:161} INFO - Started process (PID=1602) to work on /home/airflow/.local/lib/python3.12/site-packages/airflow/example_dags/example_branch_labels.py
[2024-07-31T12:22:09.246+0000] {processor.py:830} INFO - Processing file /home/airflow/.local/lib/python3.12/site-packages/airflow/example_dags/example_branch_labels.py for tasks to queue
[2024-07-31T12:22:09.249+0000] {logging_mixin.py:188} INFO - [2024-07-31T12:22:09.249+0000] {dagbag.py:545} INFO - Filling up the DagBag from /home/airflow/.local/lib/python3.12/site-packages/airflow/example_dags/example_branch_labels.py
[2024-07-31T12:22:09.261+0000] {processor.py:840} INFO - DAG(s) 'example_branch_labels' retrieved from /home/airflow/.local/lib/python3.12/site-packages/airflow/example_dags/example_branch_labels.py
[2024-07-31T12:22:09.290+0000] {logging_mixin.py:188} INFO - [2024-07-31T12:22:09.290+0000] {dag.py:3089} INFO - Sync 1 DAGs
[2024-07-31T12:22:09.322+0000] {logging_mixin.py:188} INFO - [2024-07-31T12:22:09.321+0000] {dag.py:3947} INFO - Setting next_dagrun for example_branch_labels to 2024-07-30 00:00:00+00:00, run_after=2024-07-31 00:00:00+00:00
[2024-07-31T12:22:09.350+0000] {processor.py:183} INFO - Processing /home/airflow/.local/lib/python3.12/site-packages/airflow/example_dags/example_branch_labels.py took 0.117 seconds
[2024-07-31T12:22:39.883+0000] {processor.py:161} INFO - Started process (PID=1660) to work on /home/airflow/.local/lib/python3.12/site-packages/airflow/example_dags/example_branch_labels.py
[2024-07-31T12:22:39.884+0000] {processor.py:830} INFO - Processing file /home/airflow/.local/lib/python3.12/site-packages/airflow/example_dags/example_branch_labels.py for tasks to queue
[2024-07-31T12:22:39.886+0000] {logging_mixin.py:188} INFO - [2024-07-31T12:22:39.886+0000] {dagbag.py:545} INFO - Filling up the DagBag from /home/airflow/.local/lib/python3.12/site-packages/airflow/example_dags/example_branch_labels.py
[2024-07-31T12:22:39.895+0000] {processor.py:840} INFO - DAG(s) 'example_branch_labels' retrieved from /home/airflow/.local/lib/python3.12/site-packages/airflow/example_dags/example_branch_labels.py
[2024-07-31T12:22:39.920+0000] {logging_mixin.py:188} INFO - [2024-07-31T12:22:39.920+0000] {dag.py:3089} INFO - Sync 1 DAGs
[2024-07-31T12:22:39.948+0000] {logging_mixin.py:188} INFO - [2024-07-31T12:22:39.948+0000] {dag.py:3947} INFO - Setting next_dagrun for example_branch_labels to 2024-07-30 00:00:00+00:00, run_after=2024-07-31 00:00:00+00:00
[2024-07-31T12:22:39.970+0000] {processor.py:183} INFO - Processing /home/airflow/.local/lib/python3.12/site-packages/airflow/example_dags/example_branch_labels.py took 0.094 seconds
[2024-07-31T12:23:10.436+0000] {processor.py:161} INFO - Started process (PID=1717) to work on /home/airflow/.local/lib/python3.12/site-packages/airflow/example_dags/example_branch_labels.py
[2024-07-31T12:23:10.437+0000] {processor.py:830} INFO - Processing file /home/airflow/.local/lib/python3.12/site-packages/airflow/example_dags/example_branch_labels.py for tasks to queue
[2024-07-31T12:23:10.440+0000] {logging_mixin.py:188} INFO - [2024-07-31T12:23:10.439+0000] {dagbag.py:545} INFO - Filling up the DagBag from /home/airflow/.local/lib/python3.12/site-packages/airflow/example_dags/example_branch_labels.py
[2024-07-31T12:23:10.450+0000] {processor.py:840} INFO - DAG(s) 'example_branch_labels' retrieved from /home/airflow/.local/lib/python3.12/site-packages/airflow/example_dags/example_branch_labels.py
[2024-07-31T12:23:10.474+0000] {logging_mixin.py:188} INFO - [2024-07-31T12:23:10.474+0000] {dag.py:3089} INFO - Sync 1 DAGs
[2024-07-31T12:23:10.504+0000] {logging_mixin.py:188} INFO - [2024-07-31T12:23:10.504+0000] {dag.py:3947} INFO - Setting next_dagrun for example_branch_labels to 2024-07-30 00:00:00+00:00, run_after=2024-07-31 00:00:00+00:00
[2024-07-31T12:23:10.693+0000] {processor.py:183} INFO - Processing /home/airflow/.local/lib/python3.12/site-packages/airflow/example_dags/example_branch_labels.py took 0.265 seconds
[2024-07-31T12:23:41.394+0000] {processor.py:161} INFO - Started process (PID=1775) to work on /home/airflow/.local/lib/python3.12/site-packages/airflow/example_dags/example_branch_labels.py
[2024-07-31T12:23:41.395+0000] {processor.py:830} INFO - Processing file /home/airflow/.local/lib/python3.12/site-packages/airflow/example_dags/example_branch_labels.py for tasks to queue
[2024-07-31T12:23:41.396+0000] {logging_mixin.py:188} INFO - [2024-07-31T12:23:41.396+0000] {dagbag.py:545} INFO - Filling up the DagBag from /home/airflow/.local/lib/python3.12/site-packages/airflow/example_dags/example_branch_labels.py
[2024-07-31T12:23:41.403+0000] {processor.py:840} INFO - DAG(s) 'example_branch_labels' retrieved from /home/airflow/.local/lib/python3.12/site-packages/airflow/example_dags/example_branch_labels.py
[2024-07-31T12:23:41.424+0000] {logging_mixin.py:188} INFO - [2024-07-31T12:23:41.423+0000] {dag.py:3089} INFO - Sync 1 DAGs
[2024-07-31T12:23:41.447+0000] {logging_mixin.py:188} INFO - [2024-07-31T12:23:41.446+0000] {dag.py:3947} INFO - Setting next_dagrun for example_branch_labels to 2024-07-30 00:00:00+00:00, run_after=2024-07-31 00:00:00+00:00
[2024-07-31T12:23:41.474+0000] {processor.py:183} INFO - Processing /home/airflow/.local/lib/python3.12/site-packages/airflow/example_dags/example_branch_labels.py took 0.085 seconds
[2024-07-31T12:24:11.963+0000] {processor.py:161} INFO - Started process (PID=1833) to work on /home/airflow/.local/lib/python3.12/site-packages/airflow/example_dags/example_branch_labels.py
[2024-07-31T12:24:11.967+0000] {processor.py:830} INFO - Processing file /home/airflow/.local/lib/python3.12/site-packages/airflow/example_dags/example_branch_labels.py for tasks to queue
[2024-07-31T12:24:11.971+0000] {logging_mixin.py:188} INFO - [2024-07-31T12:24:11.970+0000] {dagbag.py:545} INFO - Filling up the DagBag from /home/airflow/.local/lib/python3.12/site-packages/airflow/example_dags/example_branch_labels.py
[2024-07-31T12:24:11.988+0000] {processor.py:840} INFO - DAG(s) 'example_branch_labels' retrieved from /home/airflow/.local/lib/python3.12/site-packages/airflow/example_dags/example_branch_labels.py
[2024-07-31T12:24:12.037+0000] {logging_mixin.py:188} INFO - [2024-07-31T12:24:12.036+0000] {dag.py:3089} INFO - Sync 1 DAGs
[2024-07-31T12:24:12.081+0000] {logging_mixin.py:188} INFO - [2024-07-31T12:24:12.080+0000] {dag.py:3947} INFO - Setting next_dagrun for example_branch_labels to 2024-07-30 00:00:00+00:00, run_after=2024-07-31 00:00:00+00:00
[2024-07-31T12:24:12.114+0000] {processor.py:183} INFO - Processing /home/airflow/.local/lib/python3.12/site-packages/airflow/example_dags/example_branch_labels.py took 0.165 seconds
[2024-07-31T12:24:42.170+0000] {processor.py:161} INFO - Started process (PID=1891) to work on /home/airflow/.local/lib/python3.12/site-packages/airflow/example_dags/example_branch_labels.py
[2024-07-31T12:24:42.171+0000] {processor.py:830} INFO - Processing file /home/airflow/.local/lib/python3.12/site-packages/airflow/example_dags/example_branch_labels.py for tasks to queue
[2024-07-31T12:24:42.173+0000] {logging_mixin.py:188} INFO - [2024-07-31T12:24:42.173+0000] {dagbag.py:545} INFO - Filling up the DagBag from /home/airflow/.local/lib/python3.12/site-packages/airflow/example_dags/example_branch_labels.py
[2024-07-31T12:24:42.184+0000] {processor.py:840} INFO - DAG(s) 'example_branch_labels' retrieved from /home/airflow/.local/lib/python3.12/site-packages/airflow/example_dags/example_branch_labels.py
[2024-07-31T12:24:42.216+0000] {logging_mixin.py:188} INFO - [2024-07-31T12:24:42.216+0000] {dag.py:3089} INFO - Sync 1 DAGs
[2024-07-31T12:24:42.246+0000] {logging_mixin.py:188} INFO - [2024-07-31T12:24:42.246+0000] {dag.py:3947} INFO - Setting next_dagrun for example_branch_labels to 2024-07-30 00:00:00+00:00, run_after=2024-07-31 00:00:00+00:00
[2024-07-31T12:24:42.273+0000] {processor.py:183} INFO - Processing /home/airflow/.local/lib/python3.12/site-packages/airflow/example_dags/example_branch_labels.py took 0.113 seconds
[2024-07-31T12:25:12.888+0000] {processor.py:161} INFO - Started process (PID=1949) to work on /home/airflow/.local/lib/python3.12/site-packages/airflow/example_dags/example_branch_labels.py
[2024-07-31T12:25:12.889+0000] {processor.py:830} INFO - Processing file /home/airflow/.local/lib/python3.12/site-packages/airflow/example_dags/example_branch_labels.py for tasks to queue
[2024-07-31T12:25:12.890+0000] {logging_mixin.py:188} INFO - [2024-07-31T12:25:12.890+0000] {dagbag.py:545} INFO - Filling up the DagBag from /home/airflow/.local/lib/python3.12/site-packages/airflow/example_dags/example_branch_labels.py
[2024-07-31T12:25:12.897+0000] {processor.py:840} INFO - DAG(s) 'example_branch_labels' retrieved from /home/airflow/.local/lib/python3.12/site-packages/airflow/example_dags/example_branch_labels.py
[2024-07-31T12:25:12.925+0000] {logging_mixin.py:188} INFO - [2024-07-31T12:25:12.925+0000] {dag.py:3089} INFO - Sync 1 DAGs
[2024-07-31T12:25:12.961+0000] {logging_mixin.py:188} INFO - [2024-07-31T12:25:12.960+0000] {dag.py:3947} INFO - Setting next_dagrun for example_branch_labels to 2024-07-30 00:00:00+00:00, run_after=2024-07-31 00:00:00+00:00
[2024-07-31T12:25:12.990+0000] {processor.py:183} INFO - Processing /home/airflow/.local/lib/python3.12/site-packages/airflow/example_dags/example_branch_labels.py took 0.108 seconds
[2024-07-31T12:25:43.637+0000] {processor.py:161} INFO - Started process (PID=2007) to work on /home/airflow/.local/lib/python3.12/site-packages/airflow/example_dags/example_branch_labels.py
[2024-07-31T12:25:43.638+0000] {processor.py:830} INFO - Processing file /home/airflow/.local/lib/python3.12/site-packages/airflow/example_dags/example_branch_labels.py for tasks to queue
[2024-07-31T12:25:43.639+0000] {logging_mixin.py:188} INFO - [2024-07-31T12:25:43.639+0000] {dagbag.py:545} INFO - Filling up the DagBag from /home/airflow/.local/lib/python3.12/site-packages/airflow/example_dags/example_branch_labels.py
[2024-07-31T12:25:43.645+0000] {processor.py:840} INFO - DAG(s) 'example_branch_labels' retrieved from /home/airflow/.local/lib/python3.12/site-packages/airflow/example_dags/example_branch_labels.py
[2024-07-31T12:25:43.667+0000] {logging_mixin.py:188} INFO - [2024-07-31T12:25:43.667+0000] {dag.py:3089} INFO - Sync 1 DAGs
[2024-07-31T12:25:43.691+0000] {logging_mixin.py:188} INFO - [2024-07-31T12:25:43.691+0000] {dag.py:3947} INFO - Setting next_dagrun for example_branch_labels to 2024-07-30 00:00:00+00:00, run_after=2024-07-31 00:00:00+00:00
[2024-07-31T12:25:43.714+0000] {processor.py:183} INFO - Processing /home/airflow/.local/lib/python3.12/site-packages/airflow/example_dags/example_branch_labels.py took 0.082 seconds
[2024-07-31T12:26:14.219+0000] {processor.py:161} INFO - Started process (PID=2065) to work on /home/airflow/.local/lib/python3.12/site-packages/airflow/example_dags/example_branch_labels.py
[2024-07-31T12:26:14.219+0000] {processor.py:830} INFO - Processing file /home/airflow/.local/lib/python3.12/site-packages/airflow/example_dags/example_branch_labels.py for tasks to queue
[2024-07-31T12:26:14.222+0000] {logging_mixin.py:188} INFO - [2024-07-31T12:26:14.221+0000] {dagbag.py:545} INFO - Filling up the DagBag from /home/airflow/.local/lib/python3.12/site-packages/airflow/example_dags/example_branch_labels.py
[2024-07-31T12:26:14.232+0000] {processor.py:840} INFO - DAG(s) 'example_branch_labels' retrieved from /home/airflow/.local/lib/python3.12/site-packages/airflow/example_dags/example_branch_labels.py
[2024-07-31T12:26:14.267+0000] {logging_mixin.py:188} INFO - [2024-07-31T12:26:14.266+0000] {dag.py:3089} INFO - Sync 1 DAGs
[2024-07-31T12:26:14.301+0000] {logging_mixin.py:188} INFO - [2024-07-31T12:26:14.301+0000] {dag.py:3947} INFO - Setting next_dagrun for example_branch_labels to 2024-07-30 00:00:00+00:00, run_after=2024-07-31 00:00:00+00:00
[2024-07-31T12:26:14.334+0000] {processor.py:183} INFO - Processing /home/airflow/.local/lib/python3.12/site-packages/airflow/example_dags/example_branch_labels.py took 0.123 seconds
[2024-07-31T12:26:44.986+0000] {processor.py:161} INFO - Started process (PID=2122) to work on /home/airflow/.local/lib/python3.12/site-packages/airflow/example_dags/example_branch_labels.py
[2024-07-31T12:26:44.987+0000] {processor.py:830} INFO - Processing file /home/airflow/.local/lib/python3.12/site-packages/airflow/example_dags/example_branch_labels.py for tasks to queue
[2024-07-31T12:26:44.989+0000] {logging_mixin.py:188} INFO - [2024-07-31T12:26:44.989+0000] {dagbag.py:545} INFO - Filling up the DagBag from /home/airflow/.local/lib/python3.12/site-packages/airflow/example_dags/example_branch_labels.py
[2024-07-31T12:26:45.001+0000] {processor.py:840} INFO - DAG(s) 'example_branch_labels' retrieved from /home/airflow/.local/lib/python3.12/site-packages/airflow/example_dags/example_branch_labels.py
[2024-07-31T12:26:45.031+0000] {logging_mixin.py:188} INFO - [2024-07-31T12:26:45.031+0000] {dag.py:3089} INFO - Sync 1 DAGs
[2024-07-31T12:26:45.062+0000] {logging_mixin.py:188} INFO - [2024-07-31T12:26:45.061+0000] {dag.py:3947} INFO - Setting next_dagrun for example_branch_labels to 2024-07-30 00:00:00+00:00, run_after=2024-07-31 00:00:00+00:00
[2024-07-31T12:26:45.088+0000] {processor.py:183} INFO - Processing /home/airflow/.local/lib/python3.12/site-packages/airflow/example_dags/example_branch_labels.py took 0.109 seconds
[2024-07-31T12:27:15.215+0000] {processor.py:161} INFO - Started process (PID=2180) to work on /home/airflow/.local/lib/python3.12/site-packages/airflow/example_dags/example_branch_labels.py
[2024-07-31T12:27:15.216+0000] {processor.py:830} INFO - Processing file /home/airflow/.local/lib/python3.12/site-packages/airflow/example_dags/example_branch_labels.py for tasks to queue
[2024-07-31T12:27:15.218+0000] {logging_mixin.py:188} INFO - [2024-07-31T12:27:15.218+0000] {dagbag.py:545} INFO - Filling up the DagBag from /home/airflow/.local/lib/python3.12/site-packages/airflow/example_dags/example_branch_labels.py
[2024-07-31T12:27:15.231+0000] {processor.py:840} INFO - DAG(s) 'example_branch_labels' retrieved from /home/airflow/.local/lib/python3.12/site-packages/airflow/example_dags/example_branch_labels.py
[2024-07-31T12:27:15.260+0000] {logging_mixin.py:188} INFO - [2024-07-31T12:27:15.260+0000] {dag.py:3089} INFO - Sync 1 DAGs
[2024-07-31T12:27:15.289+0000] {logging_mixin.py:188} INFO - [2024-07-31T12:27:15.289+0000] {dag.py:3947} INFO - Setting next_dagrun for example_branch_labels to 2024-07-30 00:00:00+00:00, run_after=2024-07-31 00:00:00+00:00
[2024-07-31T12:27:15.314+0000] {processor.py:183} INFO - Processing /home/airflow/.local/lib/python3.12/site-packages/airflow/example_dags/example_branch_labels.py took 0.109 seconds
[2024-07-31T12:27:45.910+0000] {processor.py:161} INFO - Started process (PID=2238) to work on /home/airflow/.local/lib/python3.12/site-packages/airflow/example_dags/example_branch_labels.py
[2024-07-31T12:27:45.912+0000] {processor.py:830} INFO - Processing file /home/airflow/.local/lib/python3.12/site-packages/airflow/example_dags/example_branch_labels.py for tasks to queue
[2024-07-31T12:27:45.914+0000] {logging_mixin.py:188} INFO - [2024-07-31T12:27:45.914+0000] {dagbag.py:545} INFO - Filling up the DagBag from /home/airflow/.local/lib/python3.12/site-packages/airflow/example_dags/example_branch_labels.py
[2024-07-31T12:27:45.925+0000] {processor.py:840} INFO - DAG(s) 'example_branch_labels' retrieved from /home/airflow/.local/lib/python3.12/site-packages/airflow/example_dags/example_branch_labels.py
[2024-07-31T12:27:45.955+0000] {logging_mixin.py:188} INFO - [2024-07-31T12:27:45.954+0000] {dag.py:3089} INFO - Sync 1 DAGs
[2024-07-31T12:27:45.987+0000] {logging_mixin.py:188} INFO - [2024-07-31T12:27:45.987+0000] {dag.py:3947} INFO - Setting next_dagrun for example_branch_labels to 2024-07-30 00:00:00+00:00, run_after=2024-07-31 00:00:00+00:00
[2024-07-31T12:27:46.033+0000] {processor.py:183} INFO - Processing /home/airflow/.local/lib/python3.12/site-packages/airflow/example_dags/example_branch_labels.py took 0.133 seconds
[2024-07-31T12:28:16.897+0000] {processor.py:161} INFO - Started process (PID=2296) to work on /home/airflow/.local/lib/python3.12/site-packages/airflow/example_dags/example_branch_labels.py
[2024-07-31T12:28:16.898+0000] {processor.py:830} INFO - Processing file /home/airflow/.local/lib/python3.12/site-packages/airflow/example_dags/example_branch_labels.py for tasks to queue
[2024-07-31T12:28:16.899+0000] {logging_mixin.py:188} INFO - [2024-07-31T12:28:16.899+0000] {dagbag.py:545} INFO - Filling up the DagBag from /home/airflow/.local/lib/python3.12/site-packages/airflow/example_dags/example_branch_labels.py
[2024-07-31T12:28:16.908+0000] {processor.py:840} INFO - DAG(s) 'example_branch_labels' retrieved from /home/airflow/.local/lib/python3.12/site-packages/airflow/example_dags/example_branch_labels.py
[2024-07-31T12:28:16.936+0000] {logging_mixin.py:188} INFO - [2024-07-31T12:28:16.936+0000] {dag.py:3089} INFO - Sync 1 DAGs
[2024-07-31T12:28:16.972+0000] {logging_mixin.py:188} INFO - [2024-07-31T12:28:16.971+0000] {dag.py:3947} INFO - Setting next_dagrun for example_branch_labels to 2024-07-30 00:00:00+00:00, run_after=2024-07-31 00:00:00+00:00
[2024-07-31T12:28:17.003+0000] {processor.py:183} INFO - Processing /home/airflow/.local/lib/python3.12/site-packages/airflow/example_dags/example_branch_labels.py took 0.116 seconds
[2024-07-31T12:28:47.269+0000] {processor.py:161} INFO - Started process (PID=2354) to work on /home/airflow/.local/lib/python3.12/site-packages/airflow/example_dags/example_branch_labels.py
[2024-07-31T12:28:47.271+0000] {processor.py:830} INFO - Processing file /home/airflow/.local/lib/python3.12/site-packages/airflow/example_dags/example_branch_labels.py for tasks to queue
[2024-07-31T12:28:47.273+0000] {logging_mixin.py:188} INFO - [2024-07-31T12:28:47.272+0000] {dagbag.py:545} INFO - Filling up the DagBag from /home/airflow/.local/lib/python3.12/site-packages/airflow/example_dags/example_branch_labels.py
[2024-07-31T12:28:47.281+0000] {processor.py:840} INFO - DAG(s) 'example_branch_labels' retrieved from /home/airflow/.local/lib/python3.12/site-packages/airflow/example_dags/example_branch_labels.py
[2024-07-31T12:28:47.310+0000] {logging_mixin.py:188} INFO - [2024-07-31T12:28:47.309+0000] {dag.py:3089} INFO - Sync 1 DAGs
[2024-07-31T12:28:47.354+0000] {logging_mixin.py:188} INFO - [2024-07-31T12:28:47.354+0000] {dag.py:3947} INFO - Setting next_dagrun for example_branch_labels to 2024-07-30 00:00:00+00:00, run_after=2024-07-31 00:00:00+00:00
[2024-07-31T12:28:47.391+0000] {processor.py:183} INFO - Processing /home/airflow/.local/lib/python3.12/site-packages/airflow/example_dags/example_branch_labels.py took 0.130 seconds
[2024-07-31T12:29:17.900+0000] {processor.py:161} INFO - Started process (PID=2412) to work on /home/airflow/.local/lib/python3.12/site-packages/airflow/example_dags/example_branch_labels.py
[2024-07-31T12:29:17.900+0000] {processor.py:830} INFO - Processing file /home/airflow/.local/lib/python3.12/site-packages/airflow/example_dags/example_branch_labels.py for tasks to queue
[2024-07-31T12:29:17.902+0000] {logging_mixin.py:188} INFO - [2024-07-31T12:29:17.901+0000] {dagbag.py:545} INFO - Filling up the DagBag from /home/airflow/.local/lib/python3.12/site-packages/airflow/example_dags/example_branch_labels.py
[2024-07-31T12:29:17.908+0000] {processor.py:840} INFO - DAG(s) 'example_branch_labels' retrieved from /home/airflow/.local/lib/python3.12/site-packages/airflow/example_dags/example_branch_labels.py
[2024-07-31T12:29:17.934+0000] {logging_mixin.py:188} INFO - [2024-07-31T12:29:17.934+0000] {dag.py:3089} INFO - Sync 1 DAGs
[2024-07-31T12:29:17.966+0000] {logging_mixin.py:188} INFO - [2024-07-31T12:29:17.965+0000] {dag.py:3947} INFO - Setting next_dagrun for example_branch_labels to 2024-07-30 00:00:00+00:00, run_after=2024-07-31 00:00:00+00:00
[2024-07-31T12:29:17.999+0000] {processor.py:183} INFO - Processing /home/airflow/.local/lib/python3.12/site-packages/airflow/example_dags/example_branch_labels.py took 0.105 seconds
[2024-07-31T12:29:48.531+0000] {processor.py:161} INFO - Started process (PID=2469) to work on /home/airflow/.local/lib/python3.12/site-packages/airflow/example_dags/example_branch_labels.py
[2024-07-31T12:29:48.531+0000] {processor.py:830} INFO - Processing file /home/airflow/.local/lib/python3.12/site-packages/airflow/example_dags/example_branch_labels.py for tasks to queue
[2024-07-31T12:29:48.533+0000] {logging_mixin.py:188} INFO - [2024-07-31T12:29:48.533+0000] {dagbag.py:545} INFO - Filling up the DagBag from /home/airflow/.local/lib/python3.12/site-packages/airflow/example_dags/example_branch_labels.py
[2024-07-31T12:29:48.541+0000] {processor.py:840} INFO - DAG(s) 'example_branch_labels' retrieved from /home/airflow/.local/lib/python3.12/site-packages/airflow/example_dags/example_branch_labels.py
[2024-07-31T12:29:48.563+0000] {logging_mixin.py:188} INFO - [2024-07-31T12:29:48.562+0000] {dag.py:3089} INFO - Sync 1 DAGs
[2024-07-31T12:29:48.589+0000] {logging_mixin.py:188} INFO - [2024-07-31T12:29:48.589+0000] {dag.py:3947} INFO - Setting next_dagrun for example_branch_labels to 2024-07-30 00:00:00+00:00, run_after=2024-07-31 00:00:00+00:00
[2024-07-31T12:29:48.615+0000] {processor.py:183} INFO - Processing /home/airflow/.local/lib/python3.12/site-packages/airflow/example_dags/example_branch_labels.py took 0.090 seconds
[2024-07-31T12:30:19.258+0000] {processor.py:161} INFO - Started process (PID=2527) to work on /home/airflow/.local/lib/python3.12/site-packages/airflow/example_dags/example_branch_labels.py
[2024-07-31T12:30:19.259+0000] {processor.py:830} INFO - Processing file /home/airflow/.local/lib/python3.12/site-packages/airflow/example_dags/example_branch_labels.py for tasks to queue
[2024-07-31T12:30:19.261+0000] {logging_mixin.py:188} INFO - [2024-07-31T12:30:19.260+0000] {dagbag.py:545} INFO - Filling up the DagBag from /home/airflow/.local/lib/python3.12/site-packages/airflow/example_dags/example_branch_labels.py
[2024-07-31T12:30:19.268+0000] {processor.py:840} INFO - DAG(s) 'example_branch_labels' retrieved from /home/airflow/.local/lib/python3.12/site-packages/airflow/example_dags/example_branch_labels.py
[2024-07-31T12:30:19.293+0000] {logging_mixin.py:188} INFO - [2024-07-31T12:30:19.293+0000] {dag.py:3089} INFO - Sync 1 DAGs
[2024-07-31T12:30:19.321+0000] {logging_mixin.py:188} INFO - [2024-07-31T12:30:19.321+0000] {dag.py:3947} INFO - Setting next_dagrun for example_branch_labels to 2024-07-30 00:00:00+00:00, run_after=2024-07-31 00:00:00+00:00
[2024-07-31T12:30:19.347+0000] {processor.py:183} INFO - Processing /home/airflow/.local/lib/python3.12/site-packages/airflow/example_dags/example_branch_labels.py took 0.094 seconds
[2024-07-31T12:30:49.802+0000] {processor.py:161} INFO - Started process (PID=2585) to work on /home/airflow/.local/lib/python3.12/site-packages/airflow/example_dags/example_branch_labels.py
[2024-07-31T12:30:49.803+0000] {processor.py:830} INFO - Processing file /home/airflow/.local/lib/python3.12/site-packages/airflow/example_dags/example_branch_labels.py for tasks to queue
[2024-07-31T12:30:49.805+0000] {logging_mixin.py:188} INFO - [2024-07-31T12:30:49.804+0000] {dagbag.py:545} INFO - Filling up the DagBag from /home/airflow/.local/lib/python3.12/site-packages/airflow/example_dags/example_branch_labels.py
[2024-07-31T12:30:49.815+0000] {processor.py:840} INFO - DAG(s) 'example_branch_labels' retrieved from /home/airflow/.local/lib/python3.12/site-packages/airflow/example_dags/example_branch_labels.py
[2024-07-31T12:30:49.850+0000] {logging_mixin.py:188} INFO - [2024-07-31T12:30:49.850+0000] {dag.py:3089} INFO - Sync 1 DAGs
[2024-07-31T12:30:49.888+0000] {logging_mixin.py:188} INFO - [2024-07-31T12:30:49.887+0000] {dag.py:3947} INFO - Setting next_dagrun for example_branch_labels to 2024-07-30 00:00:00+00:00, run_after=2024-07-31 00:00:00+00:00
[2024-07-31T12:30:49.932+0000] {processor.py:183} INFO - Processing /home/airflow/.local/lib/python3.12/site-packages/airflow/example_dags/example_branch_labels.py took 0.135 seconds
[2024-07-31T12:31:20.408+0000] {processor.py:161} INFO - Started process (PID=2642) to work on /home/airflow/.local/lib/python3.12/site-packages/airflow/example_dags/example_branch_labels.py
[2024-07-31T12:31:20.410+0000] {processor.py:830} INFO - Processing file /home/airflow/.local/lib/python3.12/site-packages/airflow/example_dags/example_branch_labels.py for tasks to queue
[2024-07-31T12:31:20.413+0000] {logging_mixin.py:188} INFO - [2024-07-31T12:31:20.412+0000] {dagbag.py:545} INFO - Filling up the DagBag from /home/airflow/.local/lib/python3.12/site-packages/airflow/example_dags/example_branch_labels.py
[2024-07-31T12:31:20.424+0000] {processor.py:840} INFO - DAG(s) 'example_branch_labels' retrieved from /home/airflow/.local/lib/python3.12/site-packages/airflow/example_dags/example_branch_labels.py
[2024-07-31T12:31:20.446+0000] {logging_mixin.py:188} INFO - [2024-07-31T12:31:20.446+0000] {dag.py:3089} INFO - Sync 1 DAGs
[2024-07-31T12:31:20.477+0000] {logging_mixin.py:188} INFO - [2024-07-31T12:31:20.477+0000] {dag.py:3947} INFO - Setting next_dagrun for example_branch_labels to 2024-07-30 00:00:00+00:00, run_after=2024-07-31 00:00:00+00:00
[2024-07-31T12:31:20.499+0000] {processor.py:183} INFO - Processing /home/airflow/.local/lib/python3.12/site-packages/airflow/example_dags/example_branch_labels.py took 0.099 seconds
[2024-07-31T12:31:50.860+0000] {processor.py:161} INFO - Started process (PID=2700) to work on /home/airflow/.local/lib/python3.12/site-packages/airflow/example_dags/example_branch_labels.py
[2024-07-31T12:31:50.861+0000] {processor.py:830} INFO - Processing file /home/airflow/.local/lib/python3.12/site-packages/airflow/example_dags/example_branch_labels.py for tasks to queue
[2024-07-31T12:31:50.864+0000] {logging_mixin.py:188} INFO - [2024-07-31T12:31:50.863+0000] {dagbag.py:545} INFO - Filling up the DagBag from /home/airflow/.local/lib/python3.12/site-packages/airflow/example_dags/example_branch_labels.py
[2024-07-31T12:31:50.876+0000] {processor.py:840} INFO - DAG(s) 'example_branch_labels' retrieved from /home/airflow/.local/lib/python3.12/site-packages/airflow/example_dags/example_branch_labels.py
[2024-07-31T12:31:50.912+0000] {logging_mixin.py:188} INFO - [2024-07-31T12:31:50.912+0000] {dag.py:3089} INFO - Sync 1 DAGs
[2024-07-31T12:31:50.949+0000] {logging_mixin.py:188} INFO - [2024-07-31T12:31:50.948+0000] {dag.py:3947} INFO - Setting next_dagrun for example_branch_labels to 2024-07-30 00:00:00+00:00, run_after=2024-07-31 00:00:00+00:00
[2024-07-31T12:31:50.977+0000] {processor.py:183} INFO - Processing /home/airflow/.local/lib/python3.12/site-packages/airflow/example_dags/example_branch_labels.py took 0.131 seconds
[2024-07-31T12:32:21.060+0000] {processor.py:161} INFO - Started process (PID=2758) to work on /home/airflow/.local/lib/python3.12/site-packages/airflow/example_dags/example_branch_labels.py
[2024-07-31T12:32:21.061+0000] {processor.py:830} INFO - Processing file /home/airflow/.local/lib/python3.12/site-packages/airflow/example_dags/example_branch_labels.py for tasks to queue
[2024-07-31T12:32:21.063+0000] {logging_mixin.py:188} INFO - [2024-07-31T12:32:21.063+0000] {dagbag.py:545} INFO - Filling up the DagBag from /home/airflow/.local/lib/python3.12/site-packages/airflow/example_dags/example_branch_labels.py
[2024-07-31T12:32:21.073+0000] {processor.py:840} INFO - DAG(s) 'example_branch_labels' retrieved from /home/airflow/.local/lib/python3.12/site-packages/airflow/example_dags/example_branch_labels.py
[2024-07-31T12:32:21.100+0000] {logging_mixin.py:188} INFO - [2024-07-31T12:32:21.100+0000] {dag.py:3089} INFO - Sync 1 DAGs
[2024-07-31T12:32:21.140+0000] {logging_mixin.py:188} INFO - [2024-07-31T12:32:21.140+0000] {dag.py:3947} INFO - Setting next_dagrun for example_branch_labels to 2024-07-30 00:00:00+00:00, run_after=2024-07-31 00:00:00+00:00
[2024-07-31T12:32:21.173+0000] {processor.py:183} INFO - Processing /home/airflow/.local/lib/python3.12/site-packages/airflow/example_dags/example_branch_labels.py took 0.121 seconds
[2024-07-31T12:32:51.490+0000] {processor.py:161} INFO - Started process (PID=2816) to work on /home/airflow/.local/lib/python3.12/site-packages/airflow/example_dags/example_branch_labels.py
[2024-07-31T12:32:51.491+0000] {processor.py:830} INFO - Processing file /home/airflow/.local/lib/python3.12/site-packages/airflow/example_dags/example_branch_labels.py for tasks to queue
[2024-07-31T12:32:51.493+0000] {logging_mixin.py:188} INFO - [2024-07-31T12:32:51.493+0000] {dagbag.py:545} INFO - Filling up the DagBag from /home/airflow/.local/lib/python3.12/site-packages/airflow/example_dags/example_branch_labels.py
[2024-07-31T12:32:51.502+0000] {processor.py:840} INFO - DAG(s) 'example_branch_labels' retrieved from /home/airflow/.local/lib/python3.12/site-packages/airflow/example_dags/example_branch_labels.py
[2024-07-31T12:32:51.524+0000] {logging_mixin.py:188} INFO - [2024-07-31T12:32:51.524+0000] {dag.py:3089} INFO - Sync 1 DAGs
[2024-07-31T12:32:51.556+0000] {logging_mixin.py:188} INFO - [2024-07-31T12:32:51.556+0000] {dag.py:3947} INFO - Setting next_dagrun for example_branch_labels to 2024-07-30 00:00:00+00:00, run_after=2024-07-31 00:00:00+00:00
[2024-07-31T12:32:51.585+0000] {processor.py:183} INFO - Processing /home/airflow/.local/lib/python3.12/site-packages/airflow/example_dags/example_branch_labels.py took 0.102 seconds
[2024-07-31T12:33:22.372+0000] {processor.py:161} INFO - Started process (PID=2874) to work on /home/airflow/.local/lib/python3.12/site-packages/airflow/example_dags/example_branch_labels.py
[2024-07-31T12:33:22.372+0000] {processor.py:830} INFO - Processing file /home/airflow/.local/lib/python3.12/site-packages/airflow/example_dags/example_branch_labels.py for tasks to queue
[2024-07-31T12:33:22.374+0000] {logging_mixin.py:188} INFO - [2024-07-31T12:33:22.374+0000] {dagbag.py:545} INFO - Filling up the DagBag from /home/airflow/.local/lib/python3.12/site-packages/airflow/example_dags/example_branch_labels.py
[2024-07-31T12:33:22.385+0000] {processor.py:840} INFO - DAG(s) 'example_branch_labels' retrieved from /home/airflow/.local/lib/python3.12/site-packages/airflow/example_dags/example_branch_labels.py
[2024-07-31T12:33:22.408+0000] {logging_mixin.py:188} INFO - [2024-07-31T12:33:22.408+0000] {dag.py:3089} INFO - Sync 1 DAGs
[2024-07-31T12:33:22.441+0000] {logging_mixin.py:188} INFO - [2024-07-31T12:33:22.440+0000] {dag.py:3947} INFO - Setting next_dagrun for example_branch_labels to 2024-07-30 00:00:00+00:00, run_after=2024-07-31 00:00:00+00:00
[2024-07-31T12:33:22.476+0000] {processor.py:183} INFO - Processing /home/airflow/.local/lib/python3.12/site-packages/airflow/example_dags/example_branch_labels.py took 0.113 seconds
[2024-07-31T12:33:52.854+0000] {processor.py:161} INFO - Started process (PID=2932) to work on /home/airflow/.local/lib/python3.12/site-packages/airflow/example_dags/example_branch_labels.py
[2024-07-31T12:33:52.855+0000] {processor.py:830} INFO - Processing file /home/airflow/.local/lib/python3.12/site-packages/airflow/example_dags/example_branch_labels.py for tasks to queue
[2024-07-31T12:33:52.857+0000] {logging_mixin.py:188} INFO - [2024-07-31T12:33:52.857+0000] {dagbag.py:545} INFO - Filling up the DagBag from /home/airflow/.local/lib/python3.12/site-packages/airflow/example_dags/example_branch_labels.py
[2024-07-31T12:33:52.867+0000] {processor.py:840} INFO - DAG(s) 'example_branch_labels' retrieved from /home/airflow/.local/lib/python3.12/site-packages/airflow/example_dags/example_branch_labels.py
[2024-07-31T12:33:52.894+0000] {logging_mixin.py:188} INFO - [2024-07-31T12:33:52.893+0000] {dag.py:3089} INFO - Sync 1 DAGs
[2024-07-31T12:33:52.927+0000] {logging_mixin.py:188} INFO - [2024-07-31T12:33:52.927+0000] {dag.py:3947} INFO - Setting next_dagrun for example_branch_labels to 2024-07-30 00:00:00+00:00, run_after=2024-07-31 00:00:00+00:00
[2024-07-31T12:33:52.956+0000] {processor.py:183} INFO - Processing /home/airflow/.local/lib/python3.12/site-packages/airflow/example_dags/example_branch_labels.py took 0.114 seconds
[2024-07-31T12:34:23.272+0000] {processor.py:161} INFO - Started process (PID=2990) to work on /home/airflow/.local/lib/python3.12/site-packages/airflow/example_dags/example_branch_labels.py
[2024-07-31T12:34:23.273+0000] {processor.py:830} INFO - Processing file /home/airflow/.local/lib/python3.12/site-packages/airflow/example_dags/example_branch_labels.py for tasks to queue
[2024-07-31T12:34:23.275+0000] {logging_mixin.py:188} INFO - [2024-07-31T12:34:23.275+0000] {dagbag.py:545} INFO - Filling up the DagBag from /home/airflow/.local/lib/python3.12/site-packages/airflow/example_dags/example_branch_labels.py
[2024-07-31T12:34:23.287+0000] {processor.py:840} INFO - DAG(s) 'example_branch_labels' retrieved from /home/airflow/.local/lib/python3.12/site-packages/airflow/example_dags/example_branch_labels.py
[2024-07-31T12:34:23.322+0000] {logging_mixin.py:188} INFO - [2024-07-31T12:34:23.321+0000] {dag.py:3089} INFO - Sync 1 DAGs
[2024-07-31T12:34:23.369+0000] {logging_mixin.py:188} INFO - [2024-07-31T12:34:23.369+0000] {dag.py:3947} INFO - Setting next_dagrun for example_branch_labels to 2024-07-30 00:00:00+00:00, run_after=2024-07-31 00:00:00+00:00
[2024-07-31T12:34:23.411+0000] {processor.py:183} INFO - Processing /home/airflow/.local/lib/python3.12/site-packages/airflow/example_dags/example_branch_labels.py took 0.147 seconds
[2024-07-31T12:34:53.519+0000] {processor.py:161} INFO - Started process (PID=3047) to work on /home/airflow/.local/lib/python3.12/site-packages/airflow/example_dags/example_branch_labels.py
[2024-07-31T12:34:53.520+0000] {processor.py:830} INFO - Processing file /home/airflow/.local/lib/python3.12/site-packages/airflow/example_dags/example_branch_labels.py for tasks to queue
[2024-07-31T12:34:53.522+0000] {logging_mixin.py:188} INFO - [2024-07-31T12:34:53.522+0000] {dagbag.py:545} INFO - Filling up the DagBag from /home/airflow/.local/lib/python3.12/site-packages/airflow/example_dags/example_branch_labels.py
[2024-07-31T12:34:53.534+0000] {processor.py:840} INFO - DAG(s) 'example_branch_labels' retrieved from /home/airflow/.local/lib/python3.12/site-packages/airflow/example_dags/example_branch_labels.py
[2024-07-31T12:34:53.562+0000] {logging_mixin.py:188} INFO - [2024-07-31T12:34:53.561+0000] {dag.py:3089} INFO - Sync 1 DAGs
[2024-07-31T12:34:53.600+0000] {logging_mixin.py:188} INFO - [2024-07-31T12:34:53.599+0000] {dag.py:3947} INFO - Setting next_dagrun for example_branch_labels to 2024-07-30 00:00:00+00:00, run_after=2024-07-31 00:00:00+00:00
[2024-07-31T12:34:53.632+0000] {processor.py:183} INFO - Processing /home/airflow/.local/lib/python3.12/site-packages/airflow/example_dags/example_branch_labels.py took 0.121 seconds
[2024-07-31T12:35:23.684+0000] {processor.py:161} INFO - Started process (PID=3103) to work on /home/airflow/.local/lib/python3.12/site-packages/airflow/example_dags/example_branch_labels.py
[2024-07-31T12:35:23.685+0000] {processor.py:830} INFO - Processing file /home/airflow/.local/lib/python3.12/site-packages/airflow/example_dags/example_branch_labels.py for tasks to queue
[2024-07-31T12:35:23.687+0000] {logging_mixin.py:188} INFO - [2024-07-31T12:35:23.687+0000] {dagbag.py:545} INFO - Filling up the DagBag from /home/airflow/.local/lib/python3.12/site-packages/airflow/example_dags/example_branch_labels.py
[2024-07-31T12:35:23.705+0000] {processor.py:840} INFO - DAG(s) 'example_branch_labels' retrieved from /home/airflow/.local/lib/python3.12/site-packages/airflow/example_dags/example_branch_labels.py
[2024-07-31T12:35:23.751+0000] {logging_mixin.py:188} INFO - [2024-07-31T12:35:23.751+0000] {dag.py:3089} INFO - Sync 1 DAGs
[2024-07-31T12:35:23.806+0000] {logging_mixin.py:188} INFO - [2024-07-31T12:35:23.805+0000] {dag.py:3947} INFO - Setting next_dagrun for example_branch_labels to 2024-07-30 00:00:00+00:00, run_after=2024-07-31 00:00:00+00:00
[2024-07-31T12:35:23.855+0000] {processor.py:183} INFO - Processing /home/airflow/.local/lib/python3.12/site-packages/airflow/example_dags/example_branch_labels.py took 0.179 seconds
[2024-07-31T12:35:54.001+0000] {processor.py:161} INFO - Started process (PID=3160) to work on /home/airflow/.local/lib/python3.12/site-packages/airflow/example_dags/example_branch_labels.py
[2024-07-31T12:35:54.003+0000] {processor.py:830} INFO - Processing file /home/airflow/.local/lib/python3.12/site-packages/airflow/example_dags/example_branch_labels.py for tasks to queue
[2024-07-31T12:35:54.006+0000] {logging_mixin.py:188} INFO - [2024-07-31T12:35:54.005+0000] {dagbag.py:545} INFO - Filling up the DagBag from /home/airflow/.local/lib/python3.12/site-packages/airflow/example_dags/example_branch_labels.py
[2024-07-31T12:35:54.017+0000] {processor.py:840} INFO - DAG(s) 'example_branch_labels' retrieved from /home/airflow/.local/lib/python3.12/site-packages/airflow/example_dags/example_branch_labels.py
[2024-07-31T12:35:54.043+0000] {logging_mixin.py:188} INFO - [2024-07-31T12:35:54.043+0000] {dag.py:3089} INFO - Sync 1 DAGs
[2024-07-31T12:35:54.071+0000] {logging_mixin.py:188} INFO - [2024-07-31T12:35:54.070+0000] {dag.py:3947} INFO - Setting next_dagrun for example_branch_labels to 2024-07-30 00:00:00+00:00, run_after=2024-07-31 00:00:00+00:00
[2024-07-31T12:35:54.097+0000] {processor.py:183} INFO - Processing /home/airflow/.local/lib/python3.12/site-packages/airflow/example_dags/example_branch_labels.py took 0.104 seconds
[2024-07-31T12:36:24.370+0000] {processor.py:161} INFO - Started process (PID=3218) to work on /home/airflow/.local/lib/python3.12/site-packages/airflow/example_dags/example_branch_labels.py
[2024-07-31T12:36:24.371+0000] {processor.py:830} INFO - Processing file /home/airflow/.local/lib/python3.12/site-packages/airflow/example_dags/example_branch_labels.py for tasks to queue
[2024-07-31T12:36:24.372+0000] {logging_mixin.py:188} INFO - [2024-07-31T12:36:24.372+0000] {dagbag.py:545} INFO - Filling up the DagBag from /home/airflow/.local/lib/python3.12/site-packages/airflow/example_dags/example_branch_labels.py
[2024-07-31T12:36:24.380+0000] {processor.py:840} INFO - DAG(s) 'example_branch_labels' retrieved from /home/airflow/.local/lib/python3.12/site-packages/airflow/example_dags/example_branch_labels.py
[2024-07-31T12:36:24.407+0000] {logging_mixin.py:188} INFO - [2024-07-31T12:36:24.407+0000] {dag.py:3089} INFO - Sync 1 DAGs
[2024-07-31T12:36:24.436+0000] {logging_mixin.py:188} INFO - [2024-07-31T12:36:24.436+0000] {dag.py:3947} INFO - Setting next_dagrun for example_branch_labels to 2024-07-30 00:00:00+00:00, run_after=2024-07-31 00:00:00+00:00
[2024-07-31T12:36:24.462+0000] {processor.py:183} INFO - Processing /home/airflow/.local/lib/python3.12/site-packages/airflow/example_dags/example_branch_labels.py took 0.100 seconds
[2024-07-31T12:36:54.837+0000] {processor.py:161} INFO - Started process (PID=3275) to work on /home/airflow/.local/lib/python3.12/site-packages/airflow/example_dags/example_branch_labels.py
[2024-07-31T12:36:54.838+0000] {processor.py:830} INFO - Processing file /home/airflow/.local/lib/python3.12/site-packages/airflow/example_dags/example_branch_labels.py for tasks to queue
[2024-07-31T12:36:54.841+0000] {logging_mixin.py:188} INFO - [2024-07-31T12:36:54.840+0000] {dagbag.py:545} INFO - Filling up the DagBag from /home/airflow/.local/lib/python3.12/site-packages/airflow/example_dags/example_branch_labels.py
[2024-07-31T12:36:54.858+0000] {processor.py:840} INFO - DAG(s) 'example_branch_labels' retrieved from /home/airflow/.local/lib/python3.12/site-packages/airflow/example_dags/example_branch_labels.py
[2024-07-31T12:36:54.892+0000] {logging_mixin.py:188} INFO - [2024-07-31T12:36:54.892+0000] {dag.py:3089} INFO - Sync 1 DAGs
[2024-07-31T12:36:54.930+0000] {logging_mixin.py:188} INFO - [2024-07-31T12:36:54.930+0000] {dag.py:3947} INFO - Setting next_dagrun for example_branch_labels to 2024-07-30 00:00:00+00:00, run_after=2024-07-31 00:00:00+00:00
[2024-07-31T12:36:54.964+0000] {processor.py:183} INFO - Processing /home/airflow/.local/lib/python3.12/site-packages/airflow/example_dags/example_branch_labels.py took 0.137 seconds
[2024-07-31T12:37:25.371+0000] {processor.py:161} INFO - Started process (PID=3333) to work on /home/airflow/.local/lib/python3.12/site-packages/airflow/example_dags/example_branch_labels.py
[2024-07-31T12:37:25.372+0000] {processor.py:830} INFO - Processing file /home/airflow/.local/lib/python3.12/site-packages/airflow/example_dags/example_branch_labels.py for tasks to queue
[2024-07-31T12:37:25.374+0000] {logging_mixin.py:188} INFO - [2024-07-31T12:37:25.373+0000] {dagbag.py:545} INFO - Filling up the DagBag from /home/airflow/.local/lib/python3.12/site-packages/airflow/example_dags/example_branch_labels.py
[2024-07-31T12:37:25.384+0000] {processor.py:840} INFO - DAG(s) 'example_branch_labels' retrieved from /home/airflow/.local/lib/python3.12/site-packages/airflow/example_dags/example_branch_labels.py
[2024-07-31T12:37:25.412+0000] {logging_mixin.py:188} INFO - [2024-07-31T12:37:25.412+0000] {dag.py:3089} INFO - Sync 1 DAGs
[2024-07-31T12:37:25.446+0000] {logging_mixin.py:188} INFO - [2024-07-31T12:37:25.445+0000] {dag.py:3947} INFO - Setting next_dagrun for example_branch_labels to 2024-07-30 00:00:00+00:00, run_after=2024-07-31 00:00:00+00:00
[2024-07-31T12:37:25.483+0000] {processor.py:183} INFO - Processing /home/airflow/.local/lib/python3.12/site-packages/airflow/example_dags/example_branch_labels.py took 0.119 seconds
[2024-07-31T12:37:55.776+0000] {processor.py:161} INFO - Started process (PID=3388) to work on /home/airflow/.local/lib/python3.12/site-packages/airflow/example_dags/example_branch_labels.py
[2024-07-31T12:37:55.777+0000] {processor.py:830} INFO - Processing file /home/airflow/.local/lib/python3.12/site-packages/airflow/example_dags/example_branch_labels.py for tasks to queue
[2024-07-31T12:37:55.779+0000] {logging_mixin.py:188} INFO - [2024-07-31T12:37:55.778+0000] {dagbag.py:545} INFO - Filling up the DagBag from /home/airflow/.local/lib/python3.12/site-packages/airflow/example_dags/example_branch_labels.py
[2024-07-31T12:37:55.790+0000] {processor.py:840} INFO - DAG(s) 'example_branch_labels' retrieved from /home/airflow/.local/lib/python3.12/site-packages/airflow/example_dags/example_branch_labels.py
[2024-07-31T12:37:55.815+0000] {logging_mixin.py:188} INFO - [2024-07-31T12:37:55.815+0000] {dag.py:3089} INFO - Sync 1 DAGs
[2024-07-31T12:37:55.850+0000] {logging_mixin.py:188} INFO - [2024-07-31T12:37:55.850+0000] {dag.py:3947} INFO - Setting next_dagrun for example_branch_labels to 2024-07-30 00:00:00+00:00, run_after=2024-07-31 00:00:00+00:00
[2024-07-31T12:37:55.893+0000] {processor.py:183} INFO - Processing /home/airflow/.local/lib/python3.12/site-packages/airflow/example_dags/example_branch_labels.py took 0.125 seconds
[2024-07-31T12:38:26.691+0000] {processor.py:161} INFO - Started process (PID=3446) to work on /home/airflow/.local/lib/python3.12/site-packages/airflow/example_dags/example_branch_labels.py
[2024-07-31T12:38:26.692+0000] {processor.py:830} INFO - Processing file /home/airflow/.local/lib/python3.12/site-packages/airflow/example_dags/example_branch_labels.py for tasks to queue
[2024-07-31T12:38:26.693+0000] {logging_mixin.py:188} INFO - [2024-07-31T12:38:26.693+0000] {dagbag.py:545} INFO - Filling up the DagBag from /home/airflow/.local/lib/python3.12/site-packages/airflow/example_dags/example_branch_labels.py
[2024-07-31T12:38:26.700+0000] {processor.py:840} INFO - DAG(s) 'example_branch_labels' retrieved from /home/airflow/.local/lib/python3.12/site-packages/airflow/example_dags/example_branch_labels.py
[2024-07-31T12:38:26.731+0000] {logging_mixin.py:188} INFO - [2024-07-31T12:38:26.730+0000] {dag.py:3089} INFO - Sync 1 DAGs
[2024-07-31T12:38:26.768+0000] {logging_mixin.py:188} INFO - [2024-07-31T12:38:26.768+0000] {dag.py:3947} INFO - Setting next_dagrun for example_branch_labels to 2024-07-30 00:00:00+00:00, run_after=2024-07-31 00:00:00+00:00
[2024-07-31T12:38:26.802+0000] {processor.py:183} INFO - Processing /home/airflow/.local/lib/python3.12/site-packages/airflow/example_dags/example_branch_labels.py took 0.116 seconds
[2024-07-31T16:44:30.191+0000] {processor.py:161} INFO - Started process (PID=105) to work on /home/airflow/.local/lib/python3.12/site-packages/airflow/example_dags/example_branch_labels.py
[2024-07-31T16:44:30.192+0000] {processor.py:830} INFO - Processing file /home/airflow/.local/lib/python3.12/site-packages/airflow/example_dags/example_branch_labels.py for tasks to queue
[2024-07-31T16:44:30.193+0000] {logging_mixin.py:188} INFO - [2024-07-31T16:44:30.192+0000] {dagbag.py:545} INFO - Filling up the DagBag from /home/airflow/.local/lib/python3.12/site-packages/airflow/example_dags/example_branch_labels.py
[2024-07-31T16:44:30.206+0000] {processor.py:840} INFO - DAG(s) 'example_branch_labels' retrieved from /home/airflow/.local/lib/python3.12/site-packages/airflow/example_dags/example_branch_labels.py
[2024-07-31T16:44:30.320+0000] {logging_mixin.py:188} INFO - [2024-07-31T16:44:30.319+0000] {dag.py:3089} INFO - Sync 1 DAGs
[2024-07-31T16:44:30.344+0000] {logging_mixin.py:188} INFO - [2024-07-31T16:44:30.344+0000] {dag.py:3947} INFO - Setting next_dagrun for example_branch_labels to 2024-07-30 00:00:00+00:00, run_after=2024-07-31 00:00:00+00:00
[2024-07-31T16:44:30.379+0000] {processor.py:183} INFO - Processing /home/airflow/.local/lib/python3.12/site-packages/airflow/example_dags/example_branch_labels.py took 0.195 seconds
[2024-07-31T16:45:00.753+0000] {processor.py:161} INFO - Started process (PID=162) to work on /home/airflow/.local/lib/python3.12/site-packages/airflow/example_dags/example_branch_labels.py
[2024-07-31T16:45:00.754+0000] {processor.py:830} INFO - Processing file /home/airflow/.local/lib/python3.12/site-packages/airflow/example_dags/example_branch_labels.py for tasks to queue
[2024-07-31T16:45:00.755+0000] {logging_mixin.py:188} INFO - [2024-07-31T16:45:00.754+0000] {dagbag.py:545} INFO - Filling up the DagBag from /home/airflow/.local/lib/python3.12/site-packages/airflow/example_dags/example_branch_labels.py
[2024-07-31T16:45:00.782+0000] {processor.py:840} INFO - DAG(s) 'example_branch_labels' retrieved from /home/airflow/.local/lib/python3.12/site-packages/airflow/example_dags/example_branch_labels.py
[2024-07-31T16:45:00.826+0000] {logging_mixin.py:188} INFO - [2024-07-31T16:45:00.825+0000] {dag.py:3089} INFO - Sync 1 DAGs
[2024-07-31T16:45:00.884+0000] {logging_mixin.py:188} INFO - [2024-07-31T16:45:00.883+0000] {dag.py:3947} INFO - Setting next_dagrun for example_branch_labels to 2024-07-30 00:00:00+00:00, run_after=2024-07-31 00:00:00+00:00
[2024-07-31T16:45:00.916+0000] {processor.py:183} INFO - Processing /home/airflow/.local/lib/python3.12/site-packages/airflow/example_dags/example_branch_labels.py took 0.188 seconds
[2024-07-31T16:45:31.116+0000] {processor.py:161} INFO - Started process (PID=220) to work on /home/airflow/.local/lib/python3.12/site-packages/airflow/example_dags/example_branch_labels.py
[2024-07-31T16:45:31.117+0000] {processor.py:830} INFO - Processing file /home/airflow/.local/lib/python3.12/site-packages/airflow/example_dags/example_branch_labels.py for tasks to queue
[2024-07-31T16:45:31.119+0000] {logging_mixin.py:188} INFO - [2024-07-31T16:45:31.118+0000] {dagbag.py:545} INFO - Filling up the DagBag from /home/airflow/.local/lib/python3.12/site-packages/airflow/example_dags/example_branch_labels.py
[2024-07-31T16:45:31.151+0000] {processor.py:840} INFO - DAG(s) 'example_branch_labels' retrieved from /home/airflow/.local/lib/python3.12/site-packages/airflow/example_dags/example_branch_labels.py
[2024-07-31T16:45:31.225+0000] {logging_mixin.py:188} INFO - [2024-07-31T16:45:31.225+0000] {dag.py:3089} INFO - Sync 1 DAGs
[2024-07-31T16:45:31.266+0000] {logging_mixin.py:188} INFO - [2024-07-31T16:45:31.266+0000] {dag.py:3947} INFO - Setting next_dagrun for example_branch_labels to 2024-07-30 00:00:00+00:00, run_after=2024-07-31 00:00:00+00:00
[2024-07-31T16:45:31.317+0000] {processor.py:183} INFO - Processing /home/airflow/.local/lib/python3.12/site-packages/airflow/example_dags/example_branch_labels.py took 0.211 seconds
[2024-07-31T16:46:01.515+0000] {processor.py:161} INFO - Started process (PID=278) to work on /home/airflow/.local/lib/python3.12/site-packages/airflow/example_dags/example_branch_labels.py
[2024-07-31T16:46:01.515+0000] {processor.py:830} INFO - Processing file /home/airflow/.local/lib/python3.12/site-packages/airflow/example_dags/example_branch_labels.py for tasks to queue
[2024-07-31T16:46:01.516+0000] {logging_mixin.py:188} INFO - [2024-07-31T16:46:01.516+0000] {dagbag.py:545} INFO - Filling up the DagBag from /home/airflow/.local/lib/python3.12/site-packages/airflow/example_dags/example_branch_labels.py
[2024-07-31T16:46:01.524+0000] {processor.py:840} INFO - DAG(s) 'example_branch_labels' retrieved from /home/airflow/.local/lib/python3.12/site-packages/airflow/example_dags/example_branch_labels.py
[2024-07-31T16:46:01.544+0000] {logging_mixin.py:188} INFO - [2024-07-31T16:46:01.544+0000] {dag.py:3089} INFO - Sync 1 DAGs
[2024-07-31T16:46:01.568+0000] {logging_mixin.py:188} INFO - [2024-07-31T16:46:01.568+0000] {dag.py:3947} INFO - Setting next_dagrun for example_branch_labels to 2024-07-30 00:00:00+00:00, run_after=2024-07-31 00:00:00+00:00
[2024-07-31T16:46:01.592+0000] {processor.py:183} INFO - Processing /home/airflow/.local/lib/python3.12/site-packages/airflow/example_dags/example_branch_labels.py took 0.082 seconds
