[2024-07-31T12:08:55.107+0000] {processor.py:161} INFO - Started process (PID=110) to work on /home/airflow/.local/lib/python3.12/site-packages/airflow/example_dags/tutorial_dag.py
[2024-07-31T12:08:55.108+0000] {processor.py:830} INFO - Processing file /home/airflow/.local/lib/python3.12/site-packages/airflow/example_dags/tutorial_dag.py for tasks to queue
[2024-07-31T12:08:55.110+0000] {logging_mixin.py:188} INFO - [2024-07-31T12:08:55.109+0000] {dagbag.py:545} INFO - Filling up the DagBag from /home/airflow/.local/lib/python3.12/site-packages/airflow/example_dags/tutorial_dag.py
[2024-07-31T12:08:55.118+0000] {processor.py:840} INFO - DAG(s) 'tutorial_dag' retrieved from /home/airflow/.local/lib/python3.12/site-packages/airflow/example_dags/tutorial_dag.py
[2024-07-31T12:08:55.267+0000] {logging_mixin.py:188} INFO - [2024-07-31T12:08:55.267+0000] {override.py:1858} INFO - Created Permission View: can delete on DAG:tutorial_dag
[2024-07-31T12:08:55.280+0000] {logging_mixin.py:188} INFO - [2024-07-31T12:08:55.280+0000] {override.py:1858} INFO - Created Permission View: can read on DAG:tutorial_dag
[2024-07-31T12:08:55.288+0000] {logging_mixin.py:188} INFO - [2024-07-31T12:08:55.287+0000] {override.py:1858} INFO - Created Permission View: can edit on DAG:tutorial_dag
[2024-07-31T12:08:55.288+0000] {logging_mixin.py:188} INFO - [2024-07-31T12:08:55.288+0000] {dag.py:3089} INFO - Sync 1 DAGs
[2024-07-31T12:08:55.307+0000] {logging_mixin.py:188} INFO - [2024-07-31T12:08:55.306+0000] {dag.py:3111} INFO - Creating ORM DAG for tutorial_dag
[2024-07-31T12:08:55.308+0000] {logging_mixin.py:188} INFO - [2024-07-31T12:08:55.307+0000] {dag.py:3947} INFO - Setting next_dagrun for tutorial_dag to None, run_after=None
[2024-07-31T12:08:55.328+0000] {processor.py:183} INFO - Processing /home/airflow/.local/lib/python3.12/site-packages/airflow/example_dags/tutorial_dag.py took 0.228 seconds
[2024-07-31T12:09:26.096+0000] {processor.py:161} INFO - Started process (PID=168) to work on /home/airflow/.local/lib/python3.12/site-packages/airflow/example_dags/tutorial_dag.py
[2024-07-31T12:09:26.097+0000] {processor.py:830} INFO - Processing file /home/airflow/.local/lib/python3.12/site-packages/airflow/example_dags/tutorial_dag.py for tasks to queue
[2024-07-31T12:09:26.099+0000] {logging_mixin.py:188} INFO - [2024-07-31T12:09:26.099+0000] {dagbag.py:545} INFO - Filling up the DagBag from /home/airflow/.local/lib/python3.12/site-packages/airflow/example_dags/tutorial_dag.py
[2024-07-31T12:09:26.108+0000] {processor.py:840} INFO - DAG(s) 'tutorial_dag' retrieved from /home/airflow/.local/lib/python3.12/site-packages/airflow/example_dags/tutorial_dag.py
[2024-07-31T12:09:26.134+0000] {logging_mixin.py:188} INFO - [2024-07-31T12:09:26.134+0000] {dag.py:3089} INFO - Sync 1 DAGs
[2024-07-31T12:09:26.152+0000] {logging_mixin.py:188} INFO - [2024-07-31T12:09:26.152+0000] {dag.py:3947} INFO - Setting next_dagrun for tutorial_dag to None, run_after=None
[2024-07-31T12:09:26.180+0000] {processor.py:183} INFO - Processing /home/airflow/.local/lib/python3.12/site-packages/airflow/example_dags/tutorial_dag.py took 0.091 seconds
[2024-07-31T12:09:56.246+0000] {processor.py:161} INFO - Started process (PID=226) to work on /home/airflow/.local/lib/python3.12/site-packages/airflow/example_dags/tutorial_dag.py
[2024-07-31T12:09:56.247+0000] {processor.py:830} INFO - Processing file /home/airflow/.local/lib/python3.12/site-packages/airflow/example_dags/tutorial_dag.py for tasks to queue
[2024-07-31T12:09:56.248+0000] {logging_mixin.py:188} INFO - [2024-07-31T12:09:56.248+0000] {dagbag.py:545} INFO - Filling up the DagBag from /home/airflow/.local/lib/python3.12/site-packages/airflow/example_dags/tutorial_dag.py
[2024-07-31T12:09:56.254+0000] {processor.py:840} INFO - DAG(s) 'tutorial_dag' retrieved from /home/airflow/.local/lib/python3.12/site-packages/airflow/example_dags/tutorial_dag.py
[2024-07-31T12:09:56.274+0000] {logging_mixin.py:188} INFO - [2024-07-31T12:09:56.274+0000] {dag.py:3089} INFO - Sync 1 DAGs
[2024-07-31T12:09:56.285+0000] {logging_mixin.py:188} INFO - [2024-07-31T12:09:56.285+0000] {dag.py:3947} INFO - Setting next_dagrun for tutorial_dag to None, run_after=None
[2024-07-31T12:09:56.306+0000] {processor.py:183} INFO - Processing /home/airflow/.local/lib/python3.12/site-packages/airflow/example_dags/tutorial_dag.py took 0.066 seconds
[2024-07-31T12:10:26.925+0000] {processor.py:161} INFO - Started process (PID=284) to work on /home/airflow/.local/lib/python3.12/site-packages/airflow/example_dags/tutorial_dag.py
[2024-07-31T12:10:26.926+0000] {processor.py:830} INFO - Processing file /home/airflow/.local/lib/python3.12/site-packages/airflow/example_dags/tutorial_dag.py for tasks to queue
[2024-07-31T12:10:26.927+0000] {logging_mixin.py:188} INFO - [2024-07-31T12:10:26.927+0000] {dagbag.py:545} INFO - Filling up the DagBag from /home/airflow/.local/lib/python3.12/site-packages/airflow/example_dags/tutorial_dag.py
[2024-07-31T12:10:26.932+0000] {processor.py:840} INFO - DAG(s) 'tutorial_dag' retrieved from /home/airflow/.local/lib/python3.12/site-packages/airflow/example_dags/tutorial_dag.py
[2024-07-31T12:10:26.950+0000] {logging_mixin.py:188} INFO - [2024-07-31T12:10:26.949+0000] {dag.py:3089} INFO - Sync 1 DAGs
[2024-07-31T12:10:26.962+0000] {logging_mixin.py:188} INFO - [2024-07-31T12:10:26.962+0000] {dag.py:3947} INFO - Setting next_dagrun for tutorial_dag to None, run_after=None
[2024-07-31T12:10:26.983+0000] {processor.py:183} INFO - Processing /home/airflow/.local/lib/python3.12/site-packages/airflow/example_dags/tutorial_dag.py took 0.063 seconds
[2024-07-31T12:10:57.994+0000] {processor.py:161} INFO - Started process (PID=341) to work on /home/airflow/.local/lib/python3.12/site-packages/airflow/example_dags/tutorial_dag.py
[2024-07-31T12:10:57.995+0000] {processor.py:830} INFO - Processing file /home/airflow/.local/lib/python3.12/site-packages/airflow/example_dags/tutorial_dag.py for tasks to queue
[2024-07-31T12:10:57.997+0000] {logging_mixin.py:188} INFO - [2024-07-31T12:10:57.996+0000] {dagbag.py:545} INFO - Filling up the DagBag from /home/airflow/.local/lib/python3.12/site-packages/airflow/example_dags/tutorial_dag.py
[2024-07-31T12:10:58.001+0000] {processor.py:840} INFO - DAG(s) 'tutorial_dag' retrieved from /home/airflow/.local/lib/python3.12/site-packages/airflow/example_dags/tutorial_dag.py
[2024-07-31T12:10:58.020+0000] {logging_mixin.py:188} INFO - [2024-07-31T12:10:58.019+0000] {dag.py:3089} INFO - Sync 1 DAGs
[2024-07-31T12:10:58.033+0000] {logging_mixin.py:188} INFO - [2024-07-31T12:10:58.033+0000] {dag.py:3947} INFO - Setting next_dagrun for tutorial_dag to None, run_after=None
[2024-07-31T12:10:58.055+0000] {processor.py:183} INFO - Processing /home/airflow/.local/lib/python3.12/site-packages/airflow/example_dags/tutorial_dag.py took 0.066 seconds
[2024-07-31T12:11:28.778+0000] {processor.py:161} INFO - Started process (PID=399) to work on /home/airflow/.local/lib/python3.12/site-packages/airflow/example_dags/tutorial_dag.py
[2024-07-31T12:11:28.779+0000] {processor.py:830} INFO - Processing file /home/airflow/.local/lib/python3.12/site-packages/airflow/example_dags/tutorial_dag.py for tasks to queue
[2024-07-31T12:11:28.780+0000] {logging_mixin.py:188} INFO - [2024-07-31T12:11:28.780+0000] {dagbag.py:545} INFO - Filling up the DagBag from /home/airflow/.local/lib/python3.12/site-packages/airflow/example_dags/tutorial_dag.py
[2024-07-31T12:11:28.785+0000] {processor.py:840} INFO - DAG(s) 'tutorial_dag' retrieved from /home/airflow/.local/lib/python3.12/site-packages/airflow/example_dags/tutorial_dag.py
[2024-07-31T12:11:28.806+0000] {logging_mixin.py:188} INFO - [2024-07-31T12:11:28.806+0000] {dag.py:3089} INFO - Sync 1 DAGs
[2024-07-31T12:11:28.818+0000] {logging_mixin.py:188} INFO - [2024-07-31T12:11:28.818+0000] {dag.py:3947} INFO - Setting next_dagrun for tutorial_dag to None, run_after=None
[2024-07-31T12:11:28.839+0000] {processor.py:183} INFO - Processing /home/airflow/.local/lib/python3.12/site-packages/airflow/example_dags/tutorial_dag.py took 0.067 seconds
[2024-07-31T12:11:59.161+0000] {processor.py:161} INFO - Started process (PID=457) to work on /home/airflow/.local/lib/python3.12/site-packages/airflow/example_dags/tutorial_dag.py
[2024-07-31T12:11:59.162+0000] {processor.py:830} INFO - Processing file /home/airflow/.local/lib/python3.12/site-packages/airflow/example_dags/tutorial_dag.py for tasks to queue
[2024-07-31T12:11:59.164+0000] {logging_mixin.py:188} INFO - [2024-07-31T12:11:59.164+0000] {dagbag.py:545} INFO - Filling up the DagBag from /home/airflow/.local/lib/python3.12/site-packages/airflow/example_dags/tutorial_dag.py
[2024-07-31T12:11:59.169+0000] {processor.py:840} INFO - DAG(s) 'tutorial_dag' retrieved from /home/airflow/.local/lib/python3.12/site-packages/airflow/example_dags/tutorial_dag.py
[2024-07-31T12:11:59.189+0000] {logging_mixin.py:188} INFO - [2024-07-31T12:11:59.188+0000] {dag.py:3089} INFO - Sync 1 DAGs
[2024-07-31T12:11:59.201+0000] {logging_mixin.py:188} INFO - [2024-07-31T12:11:59.201+0000] {dag.py:3947} INFO - Setting next_dagrun for tutorial_dag to None, run_after=None
[2024-07-31T12:11:59.231+0000] {processor.py:183} INFO - Processing /home/airflow/.local/lib/python3.12/site-packages/airflow/example_dags/tutorial_dag.py took 0.075 seconds
[2024-07-31T12:12:29.390+0000] {processor.py:161} INFO - Started process (PID=514) to work on /home/airflow/.local/lib/python3.12/site-packages/airflow/example_dags/tutorial_dag.py
[2024-07-31T12:12:29.391+0000] {processor.py:830} INFO - Processing file /home/airflow/.local/lib/python3.12/site-packages/airflow/example_dags/tutorial_dag.py for tasks to queue
[2024-07-31T12:12:29.392+0000] {logging_mixin.py:188} INFO - [2024-07-31T12:12:29.392+0000] {dagbag.py:545} INFO - Filling up the DagBag from /home/airflow/.local/lib/python3.12/site-packages/airflow/example_dags/tutorial_dag.py
[2024-07-31T12:12:29.396+0000] {processor.py:840} INFO - DAG(s) 'tutorial_dag' retrieved from /home/airflow/.local/lib/python3.12/site-packages/airflow/example_dags/tutorial_dag.py
[2024-07-31T12:12:29.413+0000] {logging_mixin.py:188} INFO - [2024-07-31T12:12:29.413+0000] {dag.py:3089} INFO - Sync 1 DAGs
[2024-07-31T12:12:29.426+0000] {logging_mixin.py:188} INFO - [2024-07-31T12:12:29.426+0000] {dag.py:3947} INFO - Setting next_dagrun for tutorial_dag to None, run_after=None
[2024-07-31T12:12:29.447+0000] {processor.py:183} INFO - Processing /home/airflow/.local/lib/python3.12/site-packages/airflow/example_dags/tutorial_dag.py took 0.063 seconds
[2024-07-31T12:13:00.098+0000] {processor.py:161} INFO - Started process (PID=572) to work on /home/airflow/.local/lib/python3.12/site-packages/airflow/example_dags/tutorial_dag.py
[2024-07-31T12:13:00.098+0000] {processor.py:830} INFO - Processing file /home/airflow/.local/lib/python3.12/site-packages/airflow/example_dags/tutorial_dag.py for tasks to queue
[2024-07-31T12:13:00.100+0000] {logging_mixin.py:188} INFO - [2024-07-31T12:13:00.100+0000] {dagbag.py:545} INFO - Filling up the DagBag from /home/airflow/.local/lib/python3.12/site-packages/airflow/example_dags/tutorial_dag.py
[2024-07-31T12:13:00.104+0000] {processor.py:840} INFO - DAG(s) 'tutorial_dag' retrieved from /home/airflow/.local/lib/python3.12/site-packages/airflow/example_dags/tutorial_dag.py
[2024-07-31T12:13:00.121+0000] {logging_mixin.py:188} INFO - [2024-07-31T12:13:00.121+0000] {dag.py:3089} INFO - Sync 1 DAGs
[2024-07-31T12:13:00.135+0000] {logging_mixin.py:188} INFO - [2024-07-31T12:13:00.134+0000] {dag.py:3947} INFO - Setting next_dagrun for tutorial_dag to None, run_after=None
[2024-07-31T12:13:00.156+0000] {processor.py:183} INFO - Processing /home/airflow/.local/lib/python3.12/site-packages/airflow/example_dags/tutorial_dag.py took 0.063 seconds
[2024-07-31T12:13:30.674+0000] {processor.py:161} INFO - Started process (PID=629) to work on /home/airflow/.local/lib/python3.12/site-packages/airflow/example_dags/tutorial_dag.py
[2024-07-31T12:13:30.676+0000] {processor.py:830} INFO - Processing file /home/airflow/.local/lib/python3.12/site-packages/airflow/example_dags/tutorial_dag.py for tasks to queue
[2024-07-31T12:13:30.678+0000] {logging_mixin.py:188} INFO - [2024-07-31T12:13:30.677+0000] {dagbag.py:545} INFO - Filling up the DagBag from /home/airflow/.local/lib/python3.12/site-packages/airflow/example_dags/tutorial_dag.py
[2024-07-31T12:13:30.682+0000] {processor.py:840} INFO - DAG(s) 'tutorial_dag' retrieved from /home/airflow/.local/lib/python3.12/site-packages/airflow/example_dags/tutorial_dag.py
[2024-07-31T12:13:30.700+0000] {logging_mixin.py:188} INFO - [2024-07-31T12:13:30.700+0000] {dag.py:3089} INFO - Sync 1 DAGs
[2024-07-31T12:13:30.715+0000] {logging_mixin.py:188} INFO - [2024-07-31T12:13:30.714+0000] {dag.py:3947} INFO - Setting next_dagrun for tutorial_dag to None, run_after=None
[2024-07-31T12:13:30.738+0000] {processor.py:183} INFO - Processing /home/airflow/.local/lib/python3.12/site-packages/airflow/example_dags/tutorial_dag.py took 0.070 seconds
[2024-07-31T12:14:01.040+0000] {processor.py:161} INFO - Started process (PID=687) to work on /home/airflow/.local/lib/python3.12/site-packages/airflow/example_dags/tutorial_dag.py
[2024-07-31T12:14:01.041+0000] {processor.py:830} INFO - Processing file /home/airflow/.local/lib/python3.12/site-packages/airflow/example_dags/tutorial_dag.py for tasks to queue
[2024-07-31T12:14:01.043+0000] {logging_mixin.py:188} INFO - [2024-07-31T12:14:01.043+0000] {dagbag.py:545} INFO - Filling up the DagBag from /home/airflow/.local/lib/python3.12/site-packages/airflow/example_dags/tutorial_dag.py
[2024-07-31T12:14:01.051+0000] {processor.py:840} INFO - DAG(s) 'tutorial_dag' retrieved from /home/airflow/.local/lib/python3.12/site-packages/airflow/example_dags/tutorial_dag.py
[2024-07-31T12:14:01.083+0000] {logging_mixin.py:188} INFO - [2024-07-31T12:14:01.083+0000] {dag.py:3089} INFO - Sync 1 DAGs
[2024-07-31T12:14:01.102+0000] {logging_mixin.py:188} INFO - [2024-07-31T12:14:01.102+0000] {dag.py:3947} INFO - Setting next_dagrun for tutorial_dag to None, run_after=None
[2024-07-31T12:14:01.135+0000] {processor.py:183} INFO - Processing /home/airflow/.local/lib/python3.12/site-packages/airflow/example_dags/tutorial_dag.py took 0.104 seconds
[2024-07-31T12:14:32.032+0000] {processor.py:161} INFO - Started process (PID=745) to work on /home/airflow/.local/lib/python3.12/site-packages/airflow/example_dags/tutorial_dag.py
[2024-07-31T12:14:32.033+0000] {processor.py:830} INFO - Processing file /home/airflow/.local/lib/python3.12/site-packages/airflow/example_dags/tutorial_dag.py for tasks to queue
[2024-07-31T12:14:32.035+0000] {logging_mixin.py:188} INFO - [2024-07-31T12:14:32.035+0000] {dagbag.py:545} INFO - Filling up the DagBag from /home/airflow/.local/lib/python3.12/site-packages/airflow/example_dags/tutorial_dag.py
[2024-07-31T12:14:32.042+0000] {processor.py:840} INFO - DAG(s) 'tutorial_dag' retrieved from /home/airflow/.local/lib/python3.12/site-packages/airflow/example_dags/tutorial_dag.py
[2024-07-31T12:14:32.068+0000] {logging_mixin.py:188} INFO - [2024-07-31T12:14:32.068+0000] {dag.py:3089} INFO - Sync 1 DAGs
[2024-07-31T12:14:32.087+0000] {logging_mixin.py:188} INFO - [2024-07-31T12:14:32.087+0000] {dag.py:3947} INFO - Setting next_dagrun for tutorial_dag to None, run_after=None
[2024-07-31T12:14:32.118+0000] {processor.py:183} INFO - Processing /home/airflow/.local/lib/python3.12/site-packages/airflow/example_dags/tutorial_dag.py took 0.094 seconds
[2024-07-31T12:15:02.322+0000] {processor.py:161} INFO - Started process (PID=803) to work on /home/airflow/.local/lib/python3.12/site-packages/airflow/example_dags/tutorial_dag.py
[2024-07-31T12:15:02.323+0000] {processor.py:830} INFO - Processing file /home/airflow/.local/lib/python3.12/site-packages/airflow/example_dags/tutorial_dag.py for tasks to queue
[2024-07-31T12:15:02.325+0000] {logging_mixin.py:188} INFO - [2024-07-31T12:15:02.324+0000] {dagbag.py:545} INFO - Filling up the DagBag from /home/airflow/.local/lib/python3.12/site-packages/airflow/example_dags/tutorial_dag.py
[2024-07-31T12:15:02.329+0000] {processor.py:840} INFO - DAG(s) 'tutorial_dag' retrieved from /home/airflow/.local/lib/python3.12/site-packages/airflow/example_dags/tutorial_dag.py
[2024-07-31T12:15:02.358+0000] {logging_mixin.py:188} INFO - [2024-07-31T12:15:02.358+0000] {dag.py:3089} INFO - Sync 1 DAGs
[2024-07-31T12:15:02.373+0000] {logging_mixin.py:188} INFO - [2024-07-31T12:15:02.372+0000] {dag.py:3947} INFO - Setting next_dagrun for tutorial_dag to None, run_after=None
[2024-07-31T12:15:02.396+0000] {processor.py:183} INFO - Processing /home/airflow/.local/lib/python3.12/site-packages/airflow/example_dags/tutorial_dag.py took 0.079 seconds
[2024-07-31T12:15:32.893+0000] {processor.py:161} INFO - Started process (PID=860) to work on /home/airflow/.local/lib/python3.12/site-packages/airflow/example_dags/tutorial_dag.py
[2024-07-31T12:15:32.894+0000] {processor.py:830} INFO - Processing file /home/airflow/.local/lib/python3.12/site-packages/airflow/example_dags/tutorial_dag.py for tasks to queue
[2024-07-31T12:15:32.897+0000] {logging_mixin.py:188} INFO - [2024-07-31T12:15:32.897+0000] {dagbag.py:545} INFO - Filling up the DagBag from /home/airflow/.local/lib/python3.12/site-packages/airflow/example_dags/tutorial_dag.py
[2024-07-31T12:15:32.907+0000] {processor.py:840} INFO - DAG(s) 'tutorial_dag' retrieved from /home/airflow/.local/lib/python3.12/site-packages/airflow/example_dags/tutorial_dag.py
[2024-07-31T12:15:32.936+0000] {logging_mixin.py:188} INFO - [2024-07-31T12:15:32.936+0000] {dag.py:3089} INFO - Sync 1 DAGs
[2024-07-31T12:15:32.957+0000] {logging_mixin.py:188} INFO - [2024-07-31T12:15:32.956+0000] {dag.py:3947} INFO - Setting next_dagrun for tutorial_dag to None, run_after=None
[2024-07-31T12:15:32.992+0000] {processor.py:183} INFO - Processing /home/airflow/.local/lib/python3.12/site-packages/airflow/example_dags/tutorial_dag.py took 0.104 seconds
[2024-07-31T12:16:03.040+0000] {processor.py:161} INFO - Started process (PID=917) to work on /home/airflow/.local/lib/python3.12/site-packages/airflow/example_dags/tutorial_dag.py
[2024-07-31T12:16:03.041+0000] {processor.py:830} INFO - Processing file /home/airflow/.local/lib/python3.12/site-packages/airflow/example_dags/tutorial_dag.py for tasks to queue
[2024-07-31T12:16:03.043+0000] {logging_mixin.py:188} INFO - [2024-07-31T12:16:03.043+0000] {dagbag.py:545} INFO - Filling up the DagBag from /home/airflow/.local/lib/python3.12/site-packages/airflow/example_dags/tutorial_dag.py
[2024-07-31T12:16:03.050+0000] {processor.py:840} INFO - DAG(s) 'tutorial_dag' retrieved from /home/airflow/.local/lib/python3.12/site-packages/airflow/example_dags/tutorial_dag.py
[2024-07-31T12:16:03.070+0000] {logging_mixin.py:188} INFO - [2024-07-31T12:16:03.070+0000] {dag.py:3089} INFO - Sync 1 DAGs
[2024-07-31T12:16:03.084+0000] {logging_mixin.py:188} INFO - [2024-07-31T12:16:03.084+0000] {dag.py:3947} INFO - Setting next_dagrun for tutorial_dag to None, run_after=None
[2024-07-31T12:16:03.107+0000] {processor.py:183} INFO - Processing /home/airflow/.local/lib/python3.12/site-packages/airflow/example_dags/tutorial_dag.py took 0.075 seconds
[2024-07-31T12:16:33.300+0000] {processor.py:161} INFO - Started process (PID=974) to work on /home/airflow/.local/lib/python3.12/site-packages/airflow/example_dags/tutorial_dag.py
[2024-07-31T12:16:33.301+0000] {processor.py:830} INFO - Processing file /home/airflow/.local/lib/python3.12/site-packages/airflow/example_dags/tutorial_dag.py for tasks to queue
[2024-07-31T12:16:33.303+0000] {logging_mixin.py:188} INFO - [2024-07-31T12:16:33.303+0000] {dagbag.py:545} INFO - Filling up the DagBag from /home/airflow/.local/lib/python3.12/site-packages/airflow/example_dags/tutorial_dag.py
[2024-07-31T12:16:33.317+0000] {processor.py:840} INFO - DAG(s) 'tutorial_dag' retrieved from /home/airflow/.local/lib/python3.12/site-packages/airflow/example_dags/tutorial_dag.py
[2024-07-31T12:16:33.354+0000] {logging_mixin.py:188} INFO - [2024-07-31T12:16:33.353+0000] {dag.py:3089} INFO - Sync 1 DAGs
[2024-07-31T12:16:33.373+0000] {logging_mixin.py:188} INFO - [2024-07-31T12:16:33.373+0000] {dag.py:3947} INFO - Setting next_dagrun for tutorial_dag to None, run_after=None
[2024-07-31T12:16:33.404+0000] {processor.py:183} INFO - Processing /home/airflow/.local/lib/python3.12/site-packages/airflow/example_dags/tutorial_dag.py took 0.111 seconds
[2024-07-31T12:17:04.412+0000] {processor.py:161} INFO - Started process (PID=1031) to work on /home/airflow/.local/lib/python3.12/site-packages/airflow/example_dags/tutorial_dag.py
[2024-07-31T12:17:04.415+0000] {processor.py:830} INFO - Processing file /home/airflow/.local/lib/python3.12/site-packages/airflow/example_dags/tutorial_dag.py for tasks to queue
[2024-07-31T12:17:04.418+0000] {logging_mixin.py:188} INFO - [2024-07-31T12:17:04.417+0000] {dagbag.py:545} INFO - Filling up the DagBag from /home/airflow/.local/lib/python3.12/site-packages/airflow/example_dags/tutorial_dag.py
[2024-07-31T12:17:04.424+0000] {processor.py:840} INFO - DAG(s) 'tutorial_dag' retrieved from /home/airflow/.local/lib/python3.12/site-packages/airflow/example_dags/tutorial_dag.py
[2024-07-31T12:17:04.441+0000] {logging_mixin.py:188} INFO - [2024-07-31T12:17:04.441+0000] {dag.py:3089} INFO - Sync 1 DAGs
[2024-07-31T12:17:04.453+0000] {logging_mixin.py:188} INFO - [2024-07-31T12:17:04.453+0000] {dag.py:3947} INFO - Setting next_dagrun for tutorial_dag to None, run_after=None
[2024-07-31T12:17:04.478+0000] {processor.py:183} INFO - Processing /home/airflow/.local/lib/python3.12/site-packages/airflow/example_dags/tutorial_dag.py took 0.072 seconds
[2024-07-31T12:17:35.341+0000] {processor.py:161} INFO - Started process (PID=1089) to work on /home/airflow/.local/lib/python3.12/site-packages/airflow/example_dags/tutorial_dag.py
[2024-07-31T12:17:35.342+0000] {processor.py:830} INFO - Processing file /home/airflow/.local/lib/python3.12/site-packages/airflow/example_dags/tutorial_dag.py for tasks to queue
[2024-07-31T12:17:35.344+0000] {logging_mixin.py:188} INFO - [2024-07-31T12:17:35.343+0000] {dagbag.py:545} INFO - Filling up the DagBag from /home/airflow/.local/lib/python3.12/site-packages/airflow/example_dags/tutorial_dag.py
[2024-07-31T12:17:35.350+0000] {processor.py:840} INFO - DAG(s) 'tutorial_dag' retrieved from /home/airflow/.local/lib/python3.12/site-packages/airflow/example_dags/tutorial_dag.py
[2024-07-31T12:17:35.370+0000] {logging_mixin.py:188} INFO - [2024-07-31T12:17:35.369+0000] {dag.py:3089} INFO - Sync 1 DAGs
[2024-07-31T12:17:35.382+0000] {logging_mixin.py:188} INFO - [2024-07-31T12:17:35.382+0000] {dag.py:3947} INFO - Setting next_dagrun for tutorial_dag to None, run_after=None
[2024-07-31T12:17:35.405+0000] {processor.py:183} INFO - Processing /home/airflow/.local/lib/python3.12/site-packages/airflow/example_dags/tutorial_dag.py took 0.068 seconds
[2024-07-31T12:18:05.922+0000] {processor.py:161} INFO - Started process (PID=1147) to work on /home/airflow/.local/lib/python3.12/site-packages/airflow/example_dags/tutorial_dag.py
[2024-07-31T12:18:05.922+0000] {processor.py:830} INFO - Processing file /home/airflow/.local/lib/python3.12/site-packages/airflow/example_dags/tutorial_dag.py for tasks to queue
[2024-07-31T12:18:05.924+0000] {logging_mixin.py:188} INFO - [2024-07-31T12:18:05.923+0000] {dagbag.py:545} INFO - Filling up the DagBag from /home/airflow/.local/lib/python3.12/site-packages/airflow/example_dags/tutorial_dag.py
[2024-07-31T12:18:05.928+0000] {processor.py:840} INFO - DAG(s) 'tutorial_dag' retrieved from /home/airflow/.local/lib/python3.12/site-packages/airflow/example_dags/tutorial_dag.py
[2024-07-31T12:18:05.954+0000] {logging_mixin.py:188} INFO - [2024-07-31T12:18:05.953+0000] {dag.py:3089} INFO - Sync 1 DAGs
[2024-07-31T12:18:05.971+0000] {logging_mixin.py:188} INFO - [2024-07-31T12:18:05.971+0000] {dag.py:3947} INFO - Setting next_dagrun for tutorial_dag to None, run_after=None
[2024-07-31T12:18:05.996+0000] {processor.py:183} INFO - Processing /home/airflow/.local/lib/python3.12/site-packages/airflow/example_dags/tutorial_dag.py took 0.081 seconds
[2024-07-31T12:18:36.517+0000] {processor.py:161} INFO - Started process (PID=1205) to work on /home/airflow/.local/lib/python3.12/site-packages/airflow/example_dags/tutorial_dag.py
[2024-07-31T12:18:36.518+0000] {processor.py:830} INFO - Processing file /home/airflow/.local/lib/python3.12/site-packages/airflow/example_dags/tutorial_dag.py for tasks to queue
[2024-07-31T12:18:36.519+0000] {logging_mixin.py:188} INFO - [2024-07-31T12:18:36.519+0000] {dagbag.py:545} INFO - Filling up the DagBag from /home/airflow/.local/lib/python3.12/site-packages/airflow/example_dags/tutorial_dag.py
[2024-07-31T12:18:36.525+0000] {processor.py:840} INFO - DAG(s) 'tutorial_dag' retrieved from /home/airflow/.local/lib/python3.12/site-packages/airflow/example_dags/tutorial_dag.py
[2024-07-31T12:18:36.545+0000] {logging_mixin.py:188} INFO - [2024-07-31T12:18:36.545+0000] {dag.py:3089} INFO - Sync 1 DAGs
[2024-07-31T12:18:36.558+0000] {logging_mixin.py:188} INFO - [2024-07-31T12:18:36.557+0000] {dag.py:3947} INFO - Setting next_dagrun for tutorial_dag to None, run_after=None
[2024-07-31T12:18:36.582+0000] {processor.py:183} INFO - Processing /home/airflow/.local/lib/python3.12/site-packages/airflow/example_dags/tutorial_dag.py took 0.070 seconds
[2024-07-31T12:19:06.862+0000] {processor.py:161} INFO - Started process (PID=1263) to work on /home/airflow/.local/lib/python3.12/site-packages/airflow/example_dags/tutorial_dag.py
[2024-07-31T12:19:06.863+0000] {processor.py:830} INFO - Processing file /home/airflow/.local/lib/python3.12/site-packages/airflow/example_dags/tutorial_dag.py for tasks to queue
[2024-07-31T12:19:06.864+0000] {logging_mixin.py:188} INFO - [2024-07-31T12:19:06.864+0000] {dagbag.py:545} INFO - Filling up the DagBag from /home/airflow/.local/lib/python3.12/site-packages/airflow/example_dags/tutorial_dag.py
[2024-07-31T12:19:06.869+0000] {processor.py:840} INFO - DAG(s) 'tutorial_dag' retrieved from /home/airflow/.local/lib/python3.12/site-packages/airflow/example_dags/tutorial_dag.py
[2024-07-31T12:19:06.889+0000] {logging_mixin.py:188} INFO - [2024-07-31T12:19:06.889+0000] {dag.py:3089} INFO - Sync 1 DAGs
[2024-07-31T12:19:06.901+0000] {logging_mixin.py:188} INFO - [2024-07-31T12:19:06.901+0000] {dag.py:3947} INFO - Setting next_dagrun for tutorial_dag to None, run_after=None
[2024-07-31T12:19:06.926+0000] {processor.py:183} INFO - Processing /home/airflow/.local/lib/python3.12/site-packages/airflow/example_dags/tutorial_dag.py took 0.070 seconds
[2024-07-31T12:19:37.190+0000] {processor.py:161} INFO - Started process (PID=1321) to work on /home/airflow/.local/lib/python3.12/site-packages/airflow/example_dags/tutorial_dag.py
[2024-07-31T12:19:37.191+0000] {processor.py:830} INFO - Processing file /home/airflow/.local/lib/python3.12/site-packages/airflow/example_dags/tutorial_dag.py for tasks to queue
[2024-07-31T12:19:37.192+0000] {logging_mixin.py:188} INFO - [2024-07-31T12:19:37.192+0000] {dagbag.py:545} INFO - Filling up the DagBag from /home/airflow/.local/lib/python3.12/site-packages/airflow/example_dags/tutorial_dag.py
[2024-07-31T12:19:37.196+0000] {processor.py:840} INFO - DAG(s) 'tutorial_dag' retrieved from /home/airflow/.local/lib/python3.12/site-packages/airflow/example_dags/tutorial_dag.py
[2024-07-31T12:19:37.220+0000] {logging_mixin.py:188} INFO - [2024-07-31T12:19:37.220+0000] {dag.py:3089} INFO - Sync 1 DAGs
[2024-07-31T12:19:37.238+0000] {logging_mixin.py:188} INFO - [2024-07-31T12:19:37.238+0000] {dag.py:3947} INFO - Setting next_dagrun for tutorial_dag to None, run_after=None
[2024-07-31T12:19:37.267+0000] {processor.py:183} INFO - Processing /home/airflow/.local/lib/python3.12/site-packages/airflow/example_dags/tutorial_dag.py took 0.082 seconds
[2024-07-31T12:20:08.496+0000] {processor.py:161} INFO - Started process (PID=1379) to work on /home/airflow/.local/lib/python3.12/site-packages/airflow/example_dags/tutorial_dag.py
[2024-07-31T12:20:08.498+0000] {processor.py:830} INFO - Processing file /home/airflow/.local/lib/python3.12/site-packages/airflow/example_dags/tutorial_dag.py for tasks to queue
[2024-07-31T12:20:08.500+0000] {logging_mixin.py:188} INFO - [2024-07-31T12:20:08.499+0000] {dagbag.py:545} INFO - Filling up the DagBag from /home/airflow/.local/lib/python3.12/site-packages/airflow/example_dags/tutorial_dag.py
[2024-07-31T12:20:08.505+0000] {processor.py:840} INFO - DAG(s) 'tutorial_dag' retrieved from /home/airflow/.local/lib/python3.12/site-packages/airflow/example_dags/tutorial_dag.py
[2024-07-31T12:20:08.527+0000] {logging_mixin.py:188} INFO - [2024-07-31T12:20:08.527+0000] {dag.py:3089} INFO - Sync 1 DAGs
[2024-07-31T12:20:08.544+0000] {logging_mixin.py:188} INFO - [2024-07-31T12:20:08.543+0000] {dag.py:3947} INFO - Setting next_dagrun for tutorial_dag to None, run_after=None
[2024-07-31T12:20:08.579+0000] {processor.py:183} INFO - Processing /home/airflow/.local/lib/python3.12/site-packages/airflow/example_dags/tutorial_dag.py took 0.088 seconds
[2024-07-31T12:20:38.918+0000] {processor.py:161} INFO - Started process (PID=1437) to work on /home/airflow/.local/lib/python3.12/site-packages/airflow/example_dags/tutorial_dag.py
[2024-07-31T12:20:38.919+0000] {processor.py:830} INFO - Processing file /home/airflow/.local/lib/python3.12/site-packages/airflow/example_dags/tutorial_dag.py for tasks to queue
[2024-07-31T12:20:38.921+0000] {logging_mixin.py:188} INFO - [2024-07-31T12:20:38.921+0000] {dagbag.py:545} INFO - Filling up the DagBag from /home/airflow/.local/lib/python3.12/site-packages/airflow/example_dags/tutorial_dag.py
[2024-07-31T12:20:38.927+0000] {processor.py:840} INFO - DAG(s) 'tutorial_dag' retrieved from /home/airflow/.local/lib/python3.12/site-packages/airflow/example_dags/tutorial_dag.py
[2024-07-31T12:20:38.953+0000] {logging_mixin.py:188} INFO - [2024-07-31T12:20:38.952+0000] {dag.py:3089} INFO - Sync 1 DAGs
[2024-07-31T12:20:38.971+0000] {logging_mixin.py:188} INFO - [2024-07-31T12:20:38.971+0000] {dag.py:3947} INFO - Setting next_dagrun for tutorial_dag to None, run_after=None
[2024-07-31T12:20:39.019+0000] {processor.py:183} INFO - Processing /home/airflow/.local/lib/python3.12/site-packages/airflow/example_dags/tutorial_dag.py took 0.109 seconds
[2024-07-31T12:21:09.312+0000] {processor.py:161} INFO - Started process (PID=1495) to work on /home/airflow/.local/lib/python3.12/site-packages/airflow/example_dags/tutorial_dag.py
[2024-07-31T12:21:09.314+0000] {processor.py:830} INFO - Processing file /home/airflow/.local/lib/python3.12/site-packages/airflow/example_dags/tutorial_dag.py for tasks to queue
[2024-07-31T12:21:09.316+0000] {logging_mixin.py:188} INFO - [2024-07-31T12:21:09.315+0000] {dagbag.py:545} INFO - Filling up the DagBag from /home/airflow/.local/lib/python3.12/site-packages/airflow/example_dags/tutorial_dag.py
[2024-07-31T12:21:09.321+0000] {processor.py:840} INFO - DAG(s) 'tutorial_dag' retrieved from /home/airflow/.local/lib/python3.12/site-packages/airflow/example_dags/tutorial_dag.py
[2024-07-31T12:21:09.347+0000] {logging_mixin.py:188} INFO - [2024-07-31T12:21:09.346+0000] {dag.py:3089} INFO - Sync 1 DAGs
[2024-07-31T12:21:09.366+0000] {logging_mixin.py:188} INFO - [2024-07-31T12:21:09.365+0000] {dag.py:3947} INFO - Setting next_dagrun for tutorial_dag to None, run_after=None
[2024-07-31T12:21:09.392+0000] {processor.py:183} INFO - Processing /home/airflow/.local/lib/python3.12/site-packages/airflow/example_dags/tutorial_dag.py took 0.088 seconds
[2024-07-31T12:21:39.544+0000] {processor.py:161} INFO - Started process (PID=1553) to work on /home/airflow/.local/lib/python3.12/site-packages/airflow/example_dags/tutorial_dag.py
[2024-07-31T12:21:39.545+0000] {processor.py:830} INFO - Processing file /home/airflow/.local/lib/python3.12/site-packages/airflow/example_dags/tutorial_dag.py for tasks to queue
[2024-07-31T12:21:39.547+0000] {logging_mixin.py:188} INFO - [2024-07-31T12:21:39.547+0000] {dagbag.py:545} INFO - Filling up the DagBag from /home/airflow/.local/lib/python3.12/site-packages/airflow/example_dags/tutorial_dag.py
[2024-07-31T12:21:39.555+0000] {processor.py:840} INFO - DAG(s) 'tutorial_dag' retrieved from /home/airflow/.local/lib/python3.12/site-packages/airflow/example_dags/tutorial_dag.py
[2024-07-31T12:21:39.579+0000] {logging_mixin.py:188} INFO - [2024-07-31T12:21:39.579+0000] {dag.py:3089} INFO - Sync 1 DAGs
[2024-07-31T12:21:39.596+0000] {logging_mixin.py:188} INFO - [2024-07-31T12:21:39.595+0000] {dag.py:3947} INFO - Setting next_dagrun for tutorial_dag to None, run_after=None
[2024-07-31T12:21:39.620+0000] {processor.py:183} INFO - Processing /home/airflow/.local/lib/python3.12/site-packages/airflow/example_dags/tutorial_dag.py took 0.084 seconds
[2024-07-31T12:22:09.857+0000] {processor.py:161} INFO - Started process (PID=1610) to work on /home/airflow/.local/lib/python3.12/site-packages/airflow/example_dags/tutorial_dag.py
[2024-07-31T12:22:09.859+0000] {processor.py:830} INFO - Processing file /home/airflow/.local/lib/python3.12/site-packages/airflow/example_dags/tutorial_dag.py for tasks to queue
[2024-07-31T12:22:09.861+0000] {logging_mixin.py:188} INFO - [2024-07-31T12:22:09.861+0000] {dagbag.py:545} INFO - Filling up the DagBag from /home/airflow/.local/lib/python3.12/site-packages/airflow/example_dags/tutorial_dag.py
[2024-07-31T12:22:09.868+0000] {processor.py:840} INFO - DAG(s) 'tutorial_dag' retrieved from /home/airflow/.local/lib/python3.12/site-packages/airflow/example_dags/tutorial_dag.py
[2024-07-31T12:22:09.893+0000] {logging_mixin.py:188} INFO - [2024-07-31T12:22:09.893+0000] {dag.py:3089} INFO - Sync 1 DAGs
[2024-07-31T12:22:09.912+0000] {logging_mixin.py:188} INFO - [2024-07-31T12:22:09.912+0000] {dag.py:3947} INFO - Setting next_dagrun for tutorial_dag to None, run_after=None
[2024-07-31T12:22:09.946+0000] {processor.py:183} INFO - Processing /home/airflow/.local/lib/python3.12/site-packages/airflow/example_dags/tutorial_dag.py took 0.099 seconds
[2024-07-31T12:22:40.404+0000] {processor.py:161} INFO - Started process (PID=1668) to work on /home/airflow/.local/lib/python3.12/site-packages/airflow/example_dags/tutorial_dag.py
[2024-07-31T12:22:40.405+0000] {processor.py:830} INFO - Processing file /home/airflow/.local/lib/python3.12/site-packages/airflow/example_dags/tutorial_dag.py for tasks to queue
[2024-07-31T12:22:40.406+0000] {logging_mixin.py:188} INFO - [2024-07-31T12:22:40.406+0000] {dagbag.py:545} INFO - Filling up the DagBag from /home/airflow/.local/lib/python3.12/site-packages/airflow/example_dags/tutorial_dag.py
[2024-07-31T12:22:40.411+0000] {processor.py:840} INFO - DAG(s) 'tutorial_dag' retrieved from /home/airflow/.local/lib/python3.12/site-packages/airflow/example_dags/tutorial_dag.py
[2024-07-31T12:22:40.432+0000] {logging_mixin.py:188} INFO - [2024-07-31T12:22:40.432+0000] {dag.py:3089} INFO - Sync 1 DAGs
[2024-07-31T12:22:40.446+0000] {logging_mixin.py:188} INFO - [2024-07-31T12:22:40.446+0000] {dag.py:3947} INFO - Setting next_dagrun for tutorial_dag to None, run_after=None
[2024-07-31T12:22:40.472+0000] {processor.py:183} INFO - Processing /home/airflow/.local/lib/python3.12/site-packages/airflow/example_dags/tutorial_dag.py took 0.076 seconds
[2024-07-31T12:23:11.245+0000] {processor.py:161} INFO - Started process (PID=1726) to work on /home/airflow/.local/lib/python3.12/site-packages/airflow/example_dags/tutorial_dag.py
[2024-07-31T12:23:11.246+0000] {processor.py:830} INFO - Processing file /home/airflow/.local/lib/python3.12/site-packages/airflow/example_dags/tutorial_dag.py for tasks to queue
[2024-07-31T12:23:11.248+0000] {logging_mixin.py:188} INFO - [2024-07-31T12:23:11.248+0000] {dagbag.py:545} INFO - Filling up the DagBag from /home/airflow/.local/lib/python3.12/site-packages/airflow/example_dags/tutorial_dag.py
[2024-07-31T12:23:11.254+0000] {processor.py:840} INFO - DAG(s) 'tutorial_dag' retrieved from /home/airflow/.local/lib/python3.12/site-packages/airflow/example_dags/tutorial_dag.py
[2024-07-31T12:23:11.288+0000] {logging_mixin.py:188} INFO - [2024-07-31T12:23:11.287+0000] {dag.py:3089} INFO - Sync 1 DAGs
[2024-07-31T12:23:11.309+0000] {logging_mixin.py:188} INFO - [2024-07-31T12:23:11.308+0000] {dag.py:3947} INFO - Setting next_dagrun for tutorial_dag to None, run_after=None
[2024-07-31T12:23:11.338+0000] {processor.py:183} INFO - Processing /home/airflow/.local/lib/python3.12/site-packages/airflow/example_dags/tutorial_dag.py took 0.098 seconds
[2024-07-31T12:23:42.433+0000] {processor.py:161} INFO - Started process (PID=1783) to work on /home/airflow/.local/lib/python3.12/site-packages/airflow/example_dags/tutorial_dag.py
[2024-07-31T12:23:42.433+0000] {processor.py:830} INFO - Processing file /home/airflow/.local/lib/python3.12/site-packages/airflow/example_dags/tutorial_dag.py for tasks to queue
[2024-07-31T12:23:42.435+0000] {logging_mixin.py:188} INFO - [2024-07-31T12:23:42.435+0000] {dagbag.py:545} INFO - Filling up the DagBag from /home/airflow/.local/lib/python3.12/site-packages/airflow/example_dags/tutorial_dag.py
[2024-07-31T12:23:42.440+0000] {processor.py:840} INFO - DAG(s) 'tutorial_dag' retrieved from /home/airflow/.local/lib/python3.12/site-packages/airflow/example_dags/tutorial_dag.py
[2024-07-31T12:23:42.467+0000] {logging_mixin.py:188} INFO - [2024-07-31T12:23:42.466+0000] {dag.py:3089} INFO - Sync 1 DAGs
[2024-07-31T12:23:42.482+0000] {logging_mixin.py:188} INFO - [2024-07-31T12:23:42.481+0000] {dag.py:3947} INFO - Setting next_dagrun for tutorial_dag to None, run_after=None
[2024-07-31T12:23:42.639+0000] {processor.py:183} INFO - Processing /home/airflow/.local/lib/python3.12/site-packages/airflow/example_dags/tutorial_dag.py took 0.214 seconds
[2024-07-31T12:24:13.217+0000] {processor.py:161} INFO - Started process (PID=1841) to work on /home/airflow/.local/lib/python3.12/site-packages/airflow/example_dags/tutorial_dag.py
[2024-07-31T12:24:13.219+0000] {processor.py:830} INFO - Processing file /home/airflow/.local/lib/python3.12/site-packages/airflow/example_dags/tutorial_dag.py for tasks to queue
[2024-07-31T12:24:13.221+0000] {logging_mixin.py:188} INFO - [2024-07-31T12:24:13.221+0000] {dagbag.py:545} INFO - Filling up the DagBag from /home/airflow/.local/lib/python3.12/site-packages/airflow/example_dags/tutorial_dag.py
[2024-07-31T12:24:13.230+0000] {processor.py:840} INFO - DAG(s) 'tutorial_dag' retrieved from /home/airflow/.local/lib/python3.12/site-packages/airflow/example_dags/tutorial_dag.py
[2024-07-31T12:24:13.276+0000] {logging_mixin.py:188} INFO - [2024-07-31T12:24:13.275+0000] {dag.py:3089} INFO - Sync 1 DAGs
[2024-07-31T12:24:13.296+0000] {logging_mixin.py:188} INFO - [2024-07-31T12:24:13.295+0000] {dag.py:3947} INFO - Setting next_dagrun for tutorial_dag to None, run_after=None
[2024-07-31T12:24:13.336+0000] {processor.py:183} INFO - Processing /home/airflow/.local/lib/python3.12/site-packages/airflow/example_dags/tutorial_dag.py took 0.131 seconds
[2024-07-31T12:24:44.165+0000] {processor.py:161} INFO - Started process (PID=1900) to work on /home/airflow/.local/lib/python3.12/site-packages/airflow/example_dags/tutorial_dag.py
[2024-07-31T12:24:44.167+0000] {processor.py:830} INFO - Processing file /home/airflow/.local/lib/python3.12/site-packages/airflow/example_dags/tutorial_dag.py for tasks to queue
[2024-07-31T12:24:44.169+0000] {logging_mixin.py:188} INFO - [2024-07-31T12:24:44.168+0000] {dagbag.py:545} INFO - Filling up the DagBag from /home/airflow/.local/lib/python3.12/site-packages/airflow/example_dags/tutorial_dag.py
[2024-07-31T12:24:44.174+0000] {processor.py:840} INFO - DAG(s) 'tutorial_dag' retrieved from /home/airflow/.local/lib/python3.12/site-packages/airflow/example_dags/tutorial_dag.py
[2024-07-31T12:24:44.203+0000] {logging_mixin.py:188} INFO - [2024-07-31T12:24:44.203+0000] {dag.py:3089} INFO - Sync 1 DAGs
[2024-07-31T12:24:44.219+0000] {logging_mixin.py:188} INFO - [2024-07-31T12:24:44.219+0000] {dag.py:3947} INFO - Setting next_dagrun for tutorial_dag to None, run_after=None
[2024-07-31T12:24:44.248+0000] {processor.py:183} INFO - Processing /home/airflow/.local/lib/python3.12/site-packages/airflow/example_dags/tutorial_dag.py took 0.089 seconds
[2024-07-31T12:25:14.387+0000] {processor.py:161} INFO - Started process (PID=1957) to work on /home/airflow/.local/lib/python3.12/site-packages/airflow/example_dags/tutorial_dag.py
[2024-07-31T12:25:14.388+0000] {processor.py:830} INFO - Processing file /home/airflow/.local/lib/python3.12/site-packages/airflow/example_dags/tutorial_dag.py for tasks to queue
[2024-07-31T12:25:14.389+0000] {logging_mixin.py:188} INFO - [2024-07-31T12:25:14.389+0000] {dagbag.py:545} INFO - Filling up the DagBag from /home/airflow/.local/lib/python3.12/site-packages/airflow/example_dags/tutorial_dag.py
[2024-07-31T12:25:14.394+0000] {processor.py:840} INFO - DAG(s) 'tutorial_dag' retrieved from /home/airflow/.local/lib/python3.12/site-packages/airflow/example_dags/tutorial_dag.py
[2024-07-31T12:25:14.414+0000] {logging_mixin.py:188} INFO - [2024-07-31T12:25:14.414+0000] {dag.py:3089} INFO - Sync 1 DAGs
[2024-07-31T12:25:14.427+0000] {logging_mixin.py:188} INFO - [2024-07-31T12:25:14.427+0000] {dag.py:3947} INFO - Setting next_dagrun for tutorial_dag to None, run_after=None
[2024-07-31T12:25:14.448+0000] {processor.py:183} INFO - Processing /home/airflow/.local/lib/python3.12/site-packages/airflow/example_dags/tutorial_dag.py took 0.067 seconds
[2024-07-31T12:25:45.198+0000] {processor.py:161} INFO - Started process (PID=2015) to work on /home/airflow/.local/lib/python3.12/site-packages/airflow/example_dags/tutorial_dag.py
[2024-07-31T12:25:45.200+0000] {processor.py:830} INFO - Processing file /home/airflow/.local/lib/python3.12/site-packages/airflow/example_dags/tutorial_dag.py for tasks to queue
[2024-07-31T12:25:45.202+0000] {logging_mixin.py:188} INFO - [2024-07-31T12:25:45.201+0000] {dagbag.py:545} INFO - Filling up the DagBag from /home/airflow/.local/lib/python3.12/site-packages/airflow/example_dags/tutorial_dag.py
[2024-07-31T12:25:45.207+0000] {processor.py:840} INFO - DAG(s) 'tutorial_dag' retrieved from /home/airflow/.local/lib/python3.12/site-packages/airflow/example_dags/tutorial_dag.py
[2024-07-31T12:25:45.240+0000] {logging_mixin.py:188} INFO - [2024-07-31T12:25:45.239+0000] {dag.py:3089} INFO - Sync 1 DAGs
[2024-07-31T12:25:45.253+0000] {logging_mixin.py:188} INFO - [2024-07-31T12:25:45.253+0000] {dag.py:3947} INFO - Setting next_dagrun for tutorial_dag to None, run_after=None
[2024-07-31T12:25:45.279+0000] {processor.py:183} INFO - Processing /home/airflow/.local/lib/python3.12/site-packages/airflow/example_dags/tutorial_dag.py took 0.088 seconds
[2024-07-31T12:26:16.008+0000] {processor.py:161} INFO - Started process (PID=2073) to work on /home/airflow/.local/lib/python3.12/site-packages/airflow/example_dags/tutorial_dag.py
[2024-07-31T12:26:16.009+0000] {processor.py:830} INFO - Processing file /home/airflow/.local/lib/python3.12/site-packages/airflow/example_dags/tutorial_dag.py for tasks to queue
[2024-07-31T12:26:16.011+0000] {logging_mixin.py:188} INFO - [2024-07-31T12:26:16.011+0000] {dagbag.py:545} INFO - Filling up the DagBag from /home/airflow/.local/lib/python3.12/site-packages/airflow/example_dags/tutorial_dag.py
[2024-07-31T12:26:16.019+0000] {processor.py:840} INFO - DAG(s) 'tutorial_dag' retrieved from /home/airflow/.local/lib/python3.12/site-packages/airflow/example_dags/tutorial_dag.py
[2024-07-31T12:26:16.055+0000] {logging_mixin.py:188} INFO - [2024-07-31T12:26:16.055+0000] {dag.py:3089} INFO - Sync 1 DAGs
[2024-07-31T12:26:16.088+0000] {logging_mixin.py:188} INFO - [2024-07-31T12:26:16.087+0000] {dag.py:3947} INFO - Setting next_dagrun for tutorial_dag to None, run_after=None
[2024-07-31T12:26:16.126+0000] {processor.py:183} INFO - Processing /home/airflow/.local/lib/python3.12/site-packages/airflow/example_dags/tutorial_dag.py took 0.127 seconds
[2024-07-31T12:26:46.559+0000] {processor.py:161} INFO - Started process (PID=2130) to work on /home/airflow/.local/lib/python3.12/site-packages/airflow/example_dags/tutorial_dag.py
[2024-07-31T12:26:46.560+0000] {processor.py:830} INFO - Processing file /home/airflow/.local/lib/python3.12/site-packages/airflow/example_dags/tutorial_dag.py for tasks to queue
[2024-07-31T12:26:46.562+0000] {logging_mixin.py:188} INFO - [2024-07-31T12:26:46.561+0000] {dagbag.py:545} INFO - Filling up the DagBag from /home/airflow/.local/lib/python3.12/site-packages/airflow/example_dags/tutorial_dag.py
[2024-07-31T12:26:46.567+0000] {processor.py:840} INFO - DAG(s) 'tutorial_dag' retrieved from /home/airflow/.local/lib/python3.12/site-packages/airflow/example_dags/tutorial_dag.py
[2024-07-31T12:26:46.594+0000] {logging_mixin.py:188} INFO - [2024-07-31T12:26:46.593+0000] {dag.py:3089} INFO - Sync 1 DAGs
[2024-07-31T12:26:46.609+0000] {logging_mixin.py:188} INFO - [2024-07-31T12:26:46.608+0000] {dag.py:3947} INFO - Setting next_dagrun for tutorial_dag to None, run_after=None
[2024-07-31T12:26:46.632+0000] {processor.py:183} INFO - Processing /home/airflow/.local/lib/python3.12/site-packages/airflow/example_dags/tutorial_dag.py took 0.079 seconds
[2024-07-31T12:27:16.884+0000] {processor.py:161} INFO - Started process (PID=2188) to work on /home/airflow/.local/lib/python3.12/site-packages/airflow/example_dags/tutorial_dag.py
[2024-07-31T12:27:16.886+0000] {processor.py:830} INFO - Processing file /home/airflow/.local/lib/python3.12/site-packages/airflow/example_dags/tutorial_dag.py for tasks to queue
[2024-07-31T12:27:16.889+0000] {logging_mixin.py:188} INFO - [2024-07-31T12:27:16.889+0000] {dagbag.py:545} INFO - Filling up the DagBag from /home/airflow/.local/lib/python3.12/site-packages/airflow/example_dags/tutorial_dag.py
[2024-07-31T12:27:16.897+0000] {processor.py:840} INFO - DAG(s) 'tutorial_dag' retrieved from /home/airflow/.local/lib/python3.12/site-packages/airflow/example_dags/tutorial_dag.py
[2024-07-31T12:27:16.940+0000] {logging_mixin.py:188} INFO - [2024-07-31T12:27:16.940+0000] {dag.py:3089} INFO - Sync 1 DAGs
[2024-07-31T12:27:16.957+0000] {logging_mixin.py:188} INFO - [2024-07-31T12:27:16.956+0000] {dag.py:3947} INFO - Setting next_dagrun for tutorial_dag to None, run_after=None
[2024-07-31T12:27:16.990+0000] {processor.py:183} INFO - Processing /home/airflow/.local/lib/python3.12/site-packages/airflow/example_dags/tutorial_dag.py took 0.114 seconds
[2024-07-31T12:27:47.578+0000] {processor.py:161} INFO - Started process (PID=2246) to work on /home/airflow/.local/lib/python3.12/site-packages/airflow/example_dags/tutorial_dag.py
[2024-07-31T12:27:47.579+0000] {processor.py:830} INFO - Processing file /home/airflow/.local/lib/python3.12/site-packages/airflow/example_dags/tutorial_dag.py for tasks to queue
[2024-07-31T12:27:47.582+0000] {logging_mixin.py:188} INFO - [2024-07-31T12:27:47.582+0000] {dagbag.py:545} INFO - Filling up the DagBag from /home/airflow/.local/lib/python3.12/site-packages/airflow/example_dags/tutorial_dag.py
[2024-07-31T12:27:47.589+0000] {processor.py:840} INFO - DAG(s) 'tutorial_dag' retrieved from /home/airflow/.local/lib/python3.12/site-packages/airflow/example_dags/tutorial_dag.py
[2024-07-31T12:27:47.623+0000] {logging_mixin.py:188} INFO - [2024-07-31T12:27:47.623+0000] {dag.py:3089} INFO - Sync 1 DAGs
[2024-07-31T12:27:47.640+0000] {logging_mixin.py:188} INFO - [2024-07-31T12:27:47.639+0000] {dag.py:3947} INFO - Setting next_dagrun for tutorial_dag to None, run_after=None
[2024-07-31T12:27:47.675+0000] {processor.py:183} INFO - Processing /home/airflow/.local/lib/python3.12/site-packages/airflow/example_dags/tutorial_dag.py took 0.104 seconds
[2024-07-31T12:28:18.578+0000] {processor.py:161} INFO - Started process (PID=2304) to work on /home/airflow/.local/lib/python3.12/site-packages/airflow/example_dags/tutorial_dag.py
[2024-07-31T12:28:18.580+0000] {processor.py:830} INFO - Processing file /home/airflow/.local/lib/python3.12/site-packages/airflow/example_dags/tutorial_dag.py for tasks to queue
[2024-07-31T12:28:18.581+0000] {logging_mixin.py:188} INFO - [2024-07-31T12:28:18.581+0000] {dagbag.py:545} INFO - Filling up the DagBag from /home/airflow/.local/lib/python3.12/site-packages/airflow/example_dags/tutorial_dag.py
[2024-07-31T12:28:18.589+0000] {processor.py:840} INFO - DAG(s) 'tutorial_dag' retrieved from /home/airflow/.local/lib/python3.12/site-packages/airflow/example_dags/tutorial_dag.py
[2024-07-31T12:28:18.617+0000] {logging_mixin.py:188} INFO - [2024-07-31T12:28:18.617+0000] {dag.py:3089} INFO - Sync 1 DAGs
[2024-07-31T12:28:18.638+0000] {logging_mixin.py:188} INFO - [2024-07-31T12:28:18.637+0000] {dag.py:3947} INFO - Setting next_dagrun for tutorial_dag to None, run_after=None
[2024-07-31T12:28:18.672+0000] {processor.py:183} INFO - Processing /home/airflow/.local/lib/python3.12/site-packages/airflow/example_dags/tutorial_dag.py took 0.102 seconds
[2024-07-31T12:28:48.902+0000] {processor.py:161} INFO - Started process (PID=2362) to work on /home/airflow/.local/lib/python3.12/site-packages/airflow/example_dags/tutorial_dag.py
[2024-07-31T12:28:48.903+0000] {processor.py:830} INFO - Processing file /home/airflow/.local/lib/python3.12/site-packages/airflow/example_dags/tutorial_dag.py for tasks to queue
[2024-07-31T12:28:48.906+0000] {logging_mixin.py:188} INFO - [2024-07-31T12:28:48.905+0000] {dagbag.py:545} INFO - Filling up the DagBag from /home/airflow/.local/lib/python3.12/site-packages/airflow/example_dags/tutorial_dag.py
[2024-07-31T12:28:48.911+0000] {processor.py:840} INFO - DAG(s) 'tutorial_dag' retrieved from /home/airflow/.local/lib/python3.12/site-packages/airflow/example_dags/tutorial_dag.py
[2024-07-31T12:28:48.930+0000] {logging_mixin.py:188} INFO - [2024-07-31T12:28:48.930+0000] {dag.py:3089} INFO - Sync 1 DAGs
[2024-07-31T12:28:48.946+0000] {logging_mixin.py:188} INFO - [2024-07-31T12:28:48.946+0000] {dag.py:3947} INFO - Setting next_dagrun for tutorial_dag to None, run_after=None
[2024-07-31T12:28:48.971+0000] {processor.py:183} INFO - Processing /home/airflow/.local/lib/python3.12/site-packages/airflow/example_dags/tutorial_dag.py took 0.075 seconds
[2024-07-31T12:29:19.479+0000] {processor.py:161} INFO - Started process (PID=2420) to work on /home/airflow/.local/lib/python3.12/site-packages/airflow/example_dags/tutorial_dag.py
[2024-07-31T12:29:19.480+0000] {processor.py:830} INFO - Processing file /home/airflow/.local/lib/python3.12/site-packages/airflow/example_dags/tutorial_dag.py for tasks to queue
[2024-07-31T12:29:19.482+0000] {logging_mixin.py:188} INFO - [2024-07-31T12:29:19.482+0000] {dagbag.py:545} INFO - Filling up the DagBag from /home/airflow/.local/lib/python3.12/site-packages/airflow/example_dags/tutorial_dag.py
[2024-07-31T12:29:19.489+0000] {processor.py:840} INFO - DAG(s) 'tutorial_dag' retrieved from /home/airflow/.local/lib/python3.12/site-packages/airflow/example_dags/tutorial_dag.py
[2024-07-31T12:29:19.514+0000] {logging_mixin.py:188} INFO - [2024-07-31T12:29:19.514+0000] {dag.py:3089} INFO - Sync 1 DAGs
[2024-07-31T12:29:19.536+0000] {logging_mixin.py:188} INFO - [2024-07-31T12:29:19.535+0000] {dag.py:3947} INFO - Setting next_dagrun for tutorial_dag to None, run_after=None
[2024-07-31T12:29:19.564+0000] {processor.py:183} INFO - Processing /home/airflow/.local/lib/python3.12/site-packages/airflow/example_dags/tutorial_dag.py took 0.092 seconds
[2024-07-31T12:29:50.149+0000] {processor.py:161} INFO - Started process (PID=2477) to work on /home/airflow/.local/lib/python3.12/site-packages/airflow/example_dags/tutorial_dag.py
[2024-07-31T12:29:50.151+0000] {processor.py:830} INFO - Processing file /home/airflow/.local/lib/python3.12/site-packages/airflow/example_dags/tutorial_dag.py for tasks to queue
[2024-07-31T12:29:50.154+0000] {logging_mixin.py:188} INFO - [2024-07-31T12:29:50.153+0000] {dagbag.py:545} INFO - Filling up the DagBag from /home/airflow/.local/lib/python3.12/site-packages/airflow/example_dags/tutorial_dag.py
[2024-07-31T12:29:50.165+0000] {processor.py:840} INFO - DAG(s) 'tutorial_dag' retrieved from /home/airflow/.local/lib/python3.12/site-packages/airflow/example_dags/tutorial_dag.py
[2024-07-31T12:29:50.197+0000] {logging_mixin.py:188} INFO - [2024-07-31T12:29:50.197+0000] {dag.py:3089} INFO - Sync 1 DAGs
[2024-07-31T12:29:50.213+0000] {logging_mixin.py:188} INFO - [2024-07-31T12:29:50.212+0000] {dag.py:3947} INFO - Setting next_dagrun for tutorial_dag to None, run_after=None
[2024-07-31T12:29:50.248+0000] {processor.py:183} INFO - Processing /home/airflow/.local/lib/python3.12/site-packages/airflow/example_dags/tutorial_dag.py took 0.107 seconds
[2024-07-31T12:30:20.900+0000] {processor.py:161} INFO - Started process (PID=2535) to work on /home/airflow/.local/lib/python3.12/site-packages/airflow/example_dags/tutorial_dag.py
[2024-07-31T12:30:20.901+0000] {processor.py:830} INFO - Processing file /home/airflow/.local/lib/python3.12/site-packages/airflow/example_dags/tutorial_dag.py for tasks to queue
[2024-07-31T12:30:20.903+0000] {logging_mixin.py:188} INFO - [2024-07-31T12:30:20.902+0000] {dagbag.py:545} INFO - Filling up the DagBag from /home/airflow/.local/lib/python3.12/site-packages/airflow/example_dags/tutorial_dag.py
[2024-07-31T12:30:20.911+0000] {processor.py:840} INFO - DAG(s) 'tutorial_dag' retrieved from /home/airflow/.local/lib/python3.12/site-packages/airflow/example_dags/tutorial_dag.py
[2024-07-31T12:30:20.937+0000] {logging_mixin.py:188} INFO - [2024-07-31T12:30:20.937+0000] {dag.py:3089} INFO - Sync 1 DAGs
[2024-07-31T12:30:20.955+0000] {logging_mixin.py:188} INFO - [2024-07-31T12:30:20.954+0000] {dag.py:3947} INFO - Setting next_dagrun for tutorial_dag to None, run_after=None
[2024-07-31T12:30:20.990+0000] {processor.py:183} INFO - Processing /home/airflow/.local/lib/python3.12/site-packages/airflow/example_dags/tutorial_dag.py took 0.098 seconds
[2024-07-31T12:30:51.457+0000] {processor.py:161} INFO - Started process (PID=2593) to work on /home/airflow/.local/lib/python3.12/site-packages/airflow/example_dags/tutorial_dag.py
[2024-07-31T12:30:51.459+0000] {processor.py:830} INFO - Processing file /home/airflow/.local/lib/python3.12/site-packages/airflow/example_dags/tutorial_dag.py for tasks to queue
[2024-07-31T12:30:51.461+0000] {logging_mixin.py:188} INFO - [2024-07-31T12:30:51.461+0000] {dagbag.py:545} INFO - Filling up the DagBag from /home/airflow/.local/lib/python3.12/site-packages/airflow/example_dags/tutorial_dag.py
[2024-07-31T12:30:51.467+0000] {processor.py:840} INFO - DAG(s) 'tutorial_dag' retrieved from /home/airflow/.local/lib/python3.12/site-packages/airflow/example_dags/tutorial_dag.py
[2024-07-31T12:30:51.494+0000] {logging_mixin.py:188} INFO - [2024-07-31T12:30:51.494+0000] {dag.py:3089} INFO - Sync 1 DAGs
[2024-07-31T12:30:51.512+0000] {logging_mixin.py:188} INFO - [2024-07-31T12:30:51.512+0000] {dag.py:3947} INFO - Setting next_dagrun for tutorial_dag to None, run_after=None
[2024-07-31T12:30:51.547+0000] {processor.py:183} INFO - Processing /home/airflow/.local/lib/python3.12/site-packages/airflow/example_dags/tutorial_dag.py took 0.098 seconds
[2024-07-31T12:31:22.059+0000] {processor.py:161} INFO - Started process (PID=2650) to work on /home/airflow/.local/lib/python3.12/site-packages/airflow/example_dags/tutorial_dag.py
[2024-07-31T12:31:22.060+0000] {processor.py:830} INFO - Processing file /home/airflow/.local/lib/python3.12/site-packages/airflow/example_dags/tutorial_dag.py for tasks to queue
[2024-07-31T12:31:22.063+0000] {logging_mixin.py:188} INFO - [2024-07-31T12:31:22.062+0000] {dagbag.py:545} INFO - Filling up the DagBag from /home/airflow/.local/lib/python3.12/site-packages/airflow/example_dags/tutorial_dag.py
[2024-07-31T12:31:22.071+0000] {processor.py:840} INFO - DAG(s) 'tutorial_dag' retrieved from /home/airflow/.local/lib/python3.12/site-packages/airflow/example_dags/tutorial_dag.py
[2024-07-31T12:31:22.094+0000] {logging_mixin.py:188} INFO - [2024-07-31T12:31:22.093+0000] {dag.py:3089} INFO - Sync 1 DAGs
[2024-07-31T12:31:22.110+0000] {logging_mixin.py:188} INFO - [2024-07-31T12:31:22.109+0000] {dag.py:3947} INFO - Setting next_dagrun for tutorial_dag to None, run_after=None
[2024-07-31T12:31:22.146+0000] {processor.py:183} INFO - Processing /home/airflow/.local/lib/python3.12/site-packages/airflow/example_dags/tutorial_dag.py took 0.093 seconds
[2024-07-31T12:31:52.567+0000] {processor.py:161} INFO - Started process (PID=2708) to work on /home/airflow/.local/lib/python3.12/site-packages/airflow/example_dags/tutorial_dag.py
[2024-07-31T12:31:52.568+0000] {processor.py:830} INFO - Processing file /home/airflow/.local/lib/python3.12/site-packages/airflow/example_dags/tutorial_dag.py for tasks to queue
[2024-07-31T12:31:52.569+0000] {logging_mixin.py:188} INFO - [2024-07-31T12:31:52.569+0000] {dagbag.py:545} INFO - Filling up the DagBag from /home/airflow/.local/lib/python3.12/site-packages/airflow/example_dags/tutorial_dag.py
[2024-07-31T12:31:52.579+0000] {processor.py:840} INFO - DAG(s) 'tutorial_dag' retrieved from /home/airflow/.local/lib/python3.12/site-packages/airflow/example_dags/tutorial_dag.py
[2024-07-31T12:31:52.608+0000] {logging_mixin.py:188} INFO - [2024-07-31T12:31:52.608+0000] {dag.py:3089} INFO - Sync 1 DAGs
[2024-07-31T12:31:52.631+0000] {logging_mixin.py:188} INFO - [2024-07-31T12:31:52.631+0000] {dag.py:3947} INFO - Setting next_dagrun for tutorial_dag to None, run_after=None
[2024-07-31T12:31:52.662+0000] {processor.py:183} INFO - Processing /home/airflow/.local/lib/python3.12/site-packages/airflow/example_dags/tutorial_dag.py took 0.102 seconds
[2024-07-31T12:32:22.897+0000] {processor.py:161} INFO - Started process (PID=2766) to work on /home/airflow/.local/lib/python3.12/site-packages/airflow/example_dags/tutorial_dag.py
[2024-07-31T12:32:22.897+0000] {processor.py:830} INFO - Processing file /home/airflow/.local/lib/python3.12/site-packages/airflow/example_dags/tutorial_dag.py for tasks to queue
[2024-07-31T12:32:22.899+0000] {logging_mixin.py:188} INFO - [2024-07-31T12:32:22.899+0000] {dagbag.py:545} INFO - Filling up the DagBag from /home/airflow/.local/lib/python3.12/site-packages/airflow/example_dags/tutorial_dag.py
[2024-07-31T12:32:22.907+0000] {processor.py:840} INFO - DAG(s) 'tutorial_dag' retrieved from /home/airflow/.local/lib/python3.12/site-packages/airflow/example_dags/tutorial_dag.py
[2024-07-31T12:32:22.937+0000] {logging_mixin.py:188} INFO - [2024-07-31T12:32:22.937+0000] {dag.py:3089} INFO - Sync 1 DAGs
[2024-07-31T12:32:22.956+0000] {logging_mixin.py:188} INFO - [2024-07-31T12:32:22.956+0000] {dag.py:3947} INFO - Setting next_dagrun for tutorial_dag to None, run_after=None
[2024-07-31T12:32:22.985+0000] {processor.py:183} INFO - Processing /home/airflow/.local/lib/python3.12/site-packages/airflow/example_dags/tutorial_dag.py took 0.093 seconds
[2024-07-31T12:32:53.116+0000] {processor.py:161} INFO - Started process (PID=2824) to work on /home/airflow/.local/lib/python3.12/site-packages/airflow/example_dags/tutorial_dag.py
[2024-07-31T12:32:53.117+0000] {processor.py:830} INFO - Processing file /home/airflow/.local/lib/python3.12/site-packages/airflow/example_dags/tutorial_dag.py for tasks to queue
[2024-07-31T12:32:53.120+0000] {logging_mixin.py:188} INFO - [2024-07-31T12:32:53.119+0000] {dagbag.py:545} INFO - Filling up the DagBag from /home/airflow/.local/lib/python3.12/site-packages/airflow/example_dags/tutorial_dag.py
[2024-07-31T12:32:53.127+0000] {processor.py:840} INFO - DAG(s) 'tutorial_dag' retrieved from /home/airflow/.local/lib/python3.12/site-packages/airflow/example_dags/tutorial_dag.py
[2024-07-31T12:32:53.154+0000] {logging_mixin.py:188} INFO - [2024-07-31T12:32:53.154+0000] {dag.py:3089} INFO - Sync 1 DAGs
[2024-07-31T12:32:53.169+0000] {logging_mixin.py:188} INFO - [2024-07-31T12:32:53.168+0000] {dag.py:3947} INFO - Setting next_dagrun for tutorial_dag to None, run_after=None
[2024-07-31T12:32:53.201+0000] {processor.py:183} INFO - Processing /home/airflow/.local/lib/python3.12/site-packages/airflow/example_dags/tutorial_dag.py took 0.093 seconds
[2024-07-31T12:33:23.974+0000] {processor.py:161} INFO - Started process (PID=2882) to work on /home/airflow/.local/lib/python3.12/site-packages/airflow/example_dags/tutorial_dag.py
[2024-07-31T12:33:23.975+0000] {processor.py:830} INFO - Processing file /home/airflow/.local/lib/python3.12/site-packages/airflow/example_dags/tutorial_dag.py for tasks to queue
[2024-07-31T12:33:23.977+0000] {logging_mixin.py:188} INFO - [2024-07-31T12:33:23.977+0000] {dagbag.py:545} INFO - Filling up the DagBag from /home/airflow/.local/lib/python3.12/site-packages/airflow/example_dags/tutorial_dag.py
[2024-07-31T12:33:23.983+0000] {processor.py:840} INFO - DAG(s) 'tutorial_dag' retrieved from /home/airflow/.local/lib/python3.12/site-packages/airflow/example_dags/tutorial_dag.py
[2024-07-31T12:33:24.007+0000] {logging_mixin.py:188} INFO - [2024-07-31T12:33:24.007+0000] {dag.py:3089} INFO - Sync 1 DAGs
[2024-07-31T12:33:24.022+0000] {logging_mixin.py:188} INFO - [2024-07-31T12:33:24.022+0000] {dag.py:3947} INFO - Setting next_dagrun for tutorial_dag to None, run_after=None
[2024-07-31T12:33:24.050+0000] {processor.py:183} INFO - Processing /home/airflow/.local/lib/python3.12/site-packages/airflow/example_dags/tutorial_dag.py took 0.084 seconds
[2024-07-31T12:33:54.461+0000] {processor.py:161} INFO - Started process (PID=2940) to work on /home/airflow/.local/lib/python3.12/site-packages/airflow/example_dags/tutorial_dag.py
[2024-07-31T12:33:54.463+0000] {processor.py:830} INFO - Processing file /home/airflow/.local/lib/python3.12/site-packages/airflow/example_dags/tutorial_dag.py for tasks to queue
[2024-07-31T12:33:54.466+0000] {logging_mixin.py:188} INFO - [2024-07-31T12:33:54.465+0000] {dagbag.py:545} INFO - Filling up the DagBag from /home/airflow/.local/lib/python3.12/site-packages/airflow/example_dags/tutorial_dag.py
[2024-07-31T12:33:54.473+0000] {processor.py:840} INFO - DAG(s) 'tutorial_dag' retrieved from /home/airflow/.local/lib/python3.12/site-packages/airflow/example_dags/tutorial_dag.py
[2024-07-31T12:33:54.495+0000] {logging_mixin.py:188} INFO - [2024-07-31T12:33:54.495+0000] {dag.py:3089} INFO - Sync 1 DAGs
[2024-07-31T12:33:54.512+0000] {logging_mixin.py:188} INFO - [2024-07-31T12:33:54.512+0000] {dag.py:3947} INFO - Setting next_dagrun for tutorial_dag to None, run_after=None
[2024-07-31T12:33:54.539+0000] {processor.py:183} INFO - Processing /home/airflow/.local/lib/python3.12/site-packages/airflow/example_dags/tutorial_dag.py took 0.086 seconds
[2024-07-31T12:34:24.917+0000] {processor.py:161} INFO - Started process (PID=2998) to work on /home/airflow/.local/lib/python3.12/site-packages/airflow/example_dags/tutorial_dag.py
[2024-07-31T12:34:24.918+0000] {processor.py:830} INFO - Processing file /home/airflow/.local/lib/python3.12/site-packages/airflow/example_dags/tutorial_dag.py for tasks to queue
[2024-07-31T12:34:24.922+0000] {logging_mixin.py:188} INFO - [2024-07-31T12:34:24.921+0000] {dagbag.py:545} INFO - Filling up the DagBag from /home/airflow/.local/lib/python3.12/site-packages/airflow/example_dags/tutorial_dag.py
[2024-07-31T12:34:24.930+0000] {processor.py:840} INFO - DAG(s) 'tutorial_dag' retrieved from /home/airflow/.local/lib/python3.12/site-packages/airflow/example_dags/tutorial_dag.py
[2024-07-31T12:34:24.954+0000] {logging_mixin.py:188} INFO - [2024-07-31T12:34:24.954+0000] {dag.py:3089} INFO - Sync 1 DAGs
[2024-07-31T12:34:24.969+0000] {logging_mixin.py:188} INFO - [2024-07-31T12:34:24.969+0000] {dag.py:3947} INFO - Setting next_dagrun for tutorial_dag to None, run_after=None
[2024-07-31T12:34:24.999+0000] {processor.py:183} INFO - Processing /home/airflow/.local/lib/python3.12/site-packages/airflow/example_dags/tutorial_dag.py took 0.088 seconds
[2024-07-31T12:34:55.359+0000] {processor.py:161} INFO - Started process (PID=3055) to work on /home/airflow/.local/lib/python3.12/site-packages/airflow/example_dags/tutorial_dag.py
[2024-07-31T12:34:55.360+0000] {processor.py:830} INFO - Processing file /home/airflow/.local/lib/python3.12/site-packages/airflow/example_dags/tutorial_dag.py for tasks to queue
[2024-07-31T12:34:55.361+0000] {logging_mixin.py:188} INFO - [2024-07-31T12:34:55.361+0000] {dagbag.py:545} INFO - Filling up the DagBag from /home/airflow/.local/lib/python3.12/site-packages/airflow/example_dags/tutorial_dag.py
[2024-07-31T12:34:55.367+0000] {processor.py:840} INFO - DAG(s) 'tutorial_dag' retrieved from /home/airflow/.local/lib/python3.12/site-packages/airflow/example_dags/tutorial_dag.py
[2024-07-31T12:34:55.389+0000] {logging_mixin.py:188} INFO - [2024-07-31T12:34:55.389+0000] {dag.py:3089} INFO - Sync 1 DAGs
[2024-07-31T12:34:55.403+0000] {logging_mixin.py:188} INFO - [2024-07-31T12:34:55.403+0000] {dag.py:3947} INFO - Setting next_dagrun for tutorial_dag to None, run_after=None
[2024-07-31T12:34:55.433+0000] {processor.py:183} INFO - Processing /home/airflow/.local/lib/python3.12/site-packages/airflow/example_dags/tutorial_dag.py took 0.080 seconds
[2024-07-31T12:35:25.551+0000] {processor.py:161} INFO - Started process (PID=3112) to work on /home/airflow/.local/lib/python3.12/site-packages/airflow/example_dags/tutorial_dag.py
[2024-07-31T12:35:25.552+0000] {processor.py:830} INFO - Processing file /home/airflow/.local/lib/python3.12/site-packages/airflow/example_dags/tutorial_dag.py for tasks to queue
[2024-07-31T12:35:25.555+0000] {logging_mixin.py:188} INFO - [2024-07-31T12:35:25.554+0000] {dagbag.py:545} INFO - Filling up the DagBag from /home/airflow/.local/lib/python3.12/site-packages/airflow/example_dags/tutorial_dag.py
[2024-07-31T12:35:25.561+0000] {processor.py:840} INFO - DAG(s) 'tutorial_dag' retrieved from /home/airflow/.local/lib/python3.12/site-packages/airflow/example_dags/tutorial_dag.py
[2024-07-31T12:35:25.590+0000] {logging_mixin.py:188} INFO - [2024-07-31T12:35:25.589+0000] {dag.py:3089} INFO - Sync 1 DAGs
[2024-07-31T12:35:25.608+0000] {logging_mixin.py:188} INFO - [2024-07-31T12:35:25.608+0000] {dag.py:3947} INFO - Setting next_dagrun for tutorial_dag to None, run_after=None
[2024-07-31T12:35:25.643+0000] {processor.py:183} INFO - Processing /home/airflow/.local/lib/python3.12/site-packages/airflow/example_dags/tutorial_dag.py took 0.100 seconds
[2024-07-31T12:35:55.902+0000] {processor.py:161} INFO - Started process (PID=3169) to work on /home/airflow/.local/lib/python3.12/site-packages/airflow/example_dags/tutorial_dag.py
[2024-07-31T12:35:55.904+0000] {processor.py:830} INFO - Processing file /home/airflow/.local/lib/python3.12/site-packages/airflow/example_dags/tutorial_dag.py for tasks to queue
[2024-07-31T12:35:55.906+0000] {logging_mixin.py:188} INFO - [2024-07-31T12:35:55.906+0000] {dagbag.py:545} INFO - Filling up the DagBag from /home/airflow/.local/lib/python3.12/site-packages/airflow/example_dags/tutorial_dag.py
[2024-07-31T12:35:55.913+0000] {processor.py:840} INFO - DAG(s) 'tutorial_dag' retrieved from /home/airflow/.local/lib/python3.12/site-packages/airflow/example_dags/tutorial_dag.py
[2024-07-31T12:35:55.950+0000] {logging_mixin.py:188} INFO - [2024-07-31T12:35:55.950+0000] {dag.py:3089} INFO - Sync 1 DAGs
[2024-07-31T12:35:55.972+0000] {logging_mixin.py:188} INFO - [2024-07-31T12:35:55.972+0000] {dag.py:3947} INFO - Setting next_dagrun for tutorial_dag to None, run_after=None
[2024-07-31T12:35:56.012+0000] {processor.py:183} INFO - Processing /home/airflow/.local/lib/python3.12/site-packages/airflow/example_dags/tutorial_dag.py took 0.123 seconds
[2024-07-31T12:36:26.297+0000] {processor.py:161} INFO - Started process (PID=3226) to work on /home/airflow/.local/lib/python3.12/site-packages/airflow/example_dags/tutorial_dag.py
[2024-07-31T12:36:26.298+0000] {processor.py:830} INFO - Processing file /home/airflow/.local/lib/python3.12/site-packages/airflow/example_dags/tutorial_dag.py for tasks to queue
[2024-07-31T12:36:26.300+0000] {logging_mixin.py:188} INFO - [2024-07-31T12:36:26.299+0000] {dagbag.py:545} INFO - Filling up the DagBag from /home/airflow/.local/lib/python3.12/site-packages/airflow/example_dags/tutorial_dag.py
[2024-07-31T12:36:26.308+0000] {processor.py:840} INFO - DAG(s) 'tutorial_dag' retrieved from /home/airflow/.local/lib/python3.12/site-packages/airflow/example_dags/tutorial_dag.py
[2024-07-31T12:36:26.350+0000] {logging_mixin.py:188} INFO - [2024-07-31T12:36:26.350+0000] {dag.py:3089} INFO - Sync 1 DAGs
[2024-07-31T12:36:26.371+0000] {logging_mixin.py:188} INFO - [2024-07-31T12:36:26.371+0000] {dag.py:3947} INFO - Setting next_dagrun for tutorial_dag to None, run_after=None
[2024-07-31T12:36:26.404+0000] {processor.py:183} INFO - Processing /home/airflow/.local/lib/python3.12/site-packages/airflow/example_dags/tutorial_dag.py took 0.116 seconds
[2024-07-31T12:36:56.456+0000] {processor.py:161} INFO - Started process (PID=3282) to work on /home/airflow/.local/lib/python3.12/site-packages/airflow/example_dags/tutorial_dag.py
[2024-07-31T12:36:56.457+0000] {processor.py:830} INFO - Processing file /home/airflow/.local/lib/python3.12/site-packages/airflow/example_dags/tutorial_dag.py for tasks to queue
[2024-07-31T12:36:56.459+0000] {logging_mixin.py:188} INFO - [2024-07-31T12:36:56.459+0000] {dagbag.py:545} INFO - Filling up the DagBag from /home/airflow/.local/lib/python3.12/site-packages/airflow/example_dags/tutorial_dag.py
[2024-07-31T12:36:56.465+0000] {processor.py:840} INFO - DAG(s) 'tutorial_dag' retrieved from /home/airflow/.local/lib/python3.12/site-packages/airflow/example_dags/tutorial_dag.py
[2024-07-31T12:36:56.486+0000] {logging_mixin.py:188} INFO - [2024-07-31T12:36:56.485+0000] {dag.py:3089} INFO - Sync 1 DAGs
[2024-07-31T12:36:56.502+0000] {logging_mixin.py:188} INFO - [2024-07-31T12:36:56.502+0000] {dag.py:3947} INFO - Setting next_dagrun for tutorial_dag to None, run_after=None
[2024-07-31T12:36:56.534+0000] {processor.py:183} INFO - Processing /home/airflow/.local/lib/python3.12/site-packages/airflow/example_dags/tutorial_dag.py took 0.086 seconds
[2024-07-31T12:37:27.012+0000] {processor.py:161} INFO - Started process (PID=3341) to work on /home/airflow/.local/lib/python3.12/site-packages/airflow/example_dags/tutorial_dag.py
[2024-07-31T12:37:27.013+0000] {processor.py:830} INFO - Processing file /home/airflow/.local/lib/python3.12/site-packages/airflow/example_dags/tutorial_dag.py for tasks to queue
[2024-07-31T12:37:27.017+0000] {logging_mixin.py:188} INFO - [2024-07-31T12:37:27.016+0000] {dagbag.py:545} INFO - Filling up the DagBag from /home/airflow/.local/lib/python3.12/site-packages/airflow/example_dags/tutorial_dag.py
[2024-07-31T12:37:27.026+0000] {processor.py:840} INFO - DAG(s) 'tutorial_dag' retrieved from /home/airflow/.local/lib/python3.12/site-packages/airflow/example_dags/tutorial_dag.py
[2024-07-31T12:37:27.051+0000] {logging_mixin.py:188} INFO - [2024-07-31T12:37:27.051+0000] {dag.py:3089} INFO - Sync 1 DAGs
[2024-07-31T12:37:27.071+0000] {logging_mixin.py:188} INFO - [2024-07-31T12:37:27.071+0000] {dag.py:3947} INFO - Setting next_dagrun for tutorial_dag to None, run_after=None
[2024-07-31T12:37:27.103+0000] {processor.py:183} INFO - Processing /home/airflow/.local/lib/python3.12/site-packages/airflow/example_dags/tutorial_dag.py took 0.103 seconds
[2024-07-31T12:37:57.479+0000] {processor.py:161} INFO - Started process (PID=3398) to work on /home/airflow/.local/lib/python3.12/site-packages/airflow/example_dags/tutorial_dag.py
[2024-07-31T12:37:57.480+0000] {processor.py:830} INFO - Processing file /home/airflow/.local/lib/python3.12/site-packages/airflow/example_dags/tutorial_dag.py for tasks to queue
[2024-07-31T12:37:57.482+0000] {logging_mixin.py:188} INFO - [2024-07-31T12:37:57.482+0000] {dagbag.py:545} INFO - Filling up the DagBag from /home/airflow/.local/lib/python3.12/site-packages/airflow/example_dags/tutorial_dag.py
[2024-07-31T12:37:57.487+0000] {processor.py:840} INFO - DAG(s) 'tutorial_dag' retrieved from /home/airflow/.local/lib/python3.12/site-packages/airflow/example_dags/tutorial_dag.py
[2024-07-31T12:37:57.508+0000] {logging_mixin.py:188} INFO - [2024-07-31T12:37:57.507+0000] {dag.py:3089} INFO - Sync 1 DAGs
[2024-07-31T12:37:57.526+0000] {logging_mixin.py:188} INFO - [2024-07-31T12:37:57.525+0000] {dag.py:3947} INFO - Setting next_dagrun for tutorial_dag to None, run_after=None
[2024-07-31T12:37:57.552+0000] {processor.py:183} INFO - Processing /home/airflow/.local/lib/python3.12/site-packages/airflow/example_dags/tutorial_dag.py took 0.079 seconds
[2024-07-31T12:38:28.164+0000] {processor.py:161} INFO - Started process (PID=3456) to work on /home/airflow/.local/lib/python3.12/site-packages/airflow/example_dags/tutorial_dag.py
[2024-07-31T12:38:28.169+0000] {processor.py:830} INFO - Processing file /home/airflow/.local/lib/python3.12/site-packages/airflow/example_dags/tutorial_dag.py for tasks to queue
[2024-07-31T12:38:28.173+0000] {logging_mixin.py:188} INFO - [2024-07-31T12:38:28.172+0000] {dagbag.py:545} INFO - Filling up the DagBag from /home/airflow/.local/lib/python3.12/site-packages/airflow/example_dags/tutorial_dag.py
[2024-07-31T12:38:28.185+0000] {processor.py:840} INFO - DAG(s) 'tutorial_dag' retrieved from /home/airflow/.local/lib/python3.12/site-packages/airflow/example_dags/tutorial_dag.py
[2024-07-31T12:38:28.269+0000] {logging_mixin.py:188} INFO - [2024-07-31T12:38:28.268+0000] {dag.py:3089} INFO - Sync 1 DAGs
[2024-07-31T12:38:28.304+0000] {logging_mixin.py:188} INFO - [2024-07-31T12:38:28.304+0000] {dag.py:3947} INFO - Setting next_dagrun for tutorial_dag to None, run_after=None
[2024-07-31T12:38:28.390+0000] {processor.py:183} INFO - Processing /home/airflow/.local/lib/python3.12/site-packages/airflow/example_dags/tutorial_dag.py took 0.237 seconds
[2024-07-31T16:44:31.463+0000] {processor.py:161} INFO - Started process (PID=113) to work on /home/airflow/.local/lib/python3.12/site-packages/airflow/example_dags/tutorial_dag.py
[2024-07-31T16:44:31.464+0000] {processor.py:830} INFO - Processing file /home/airflow/.local/lib/python3.12/site-packages/airflow/example_dags/tutorial_dag.py for tasks to queue
[2024-07-31T16:44:31.465+0000] {logging_mixin.py:188} INFO - [2024-07-31T16:44:31.464+0000] {dagbag.py:545} INFO - Filling up the DagBag from /home/airflow/.local/lib/python3.12/site-packages/airflow/example_dags/tutorial_dag.py
[2024-07-31T16:44:31.473+0000] {processor.py:840} INFO - DAG(s) 'tutorial_dag' retrieved from /home/airflow/.local/lib/python3.12/site-packages/airflow/example_dags/tutorial_dag.py
[2024-07-31T16:44:31.603+0000] {logging_mixin.py:188} INFO - [2024-07-31T16:44:31.603+0000] {dag.py:3089} INFO - Sync 1 DAGs
[2024-07-31T16:44:31.616+0000] {logging_mixin.py:188} INFO - [2024-07-31T16:44:31.615+0000] {dag.py:3947} INFO - Setting next_dagrun for tutorial_dag to None, run_after=None
[2024-07-31T16:44:31.640+0000] {processor.py:183} INFO - Processing /home/airflow/.local/lib/python3.12/site-packages/airflow/example_dags/tutorial_dag.py took 0.183 seconds
[2024-07-31T16:45:02.062+0000] {processor.py:161} INFO - Started process (PID=170) to work on /home/airflow/.local/lib/python3.12/site-packages/airflow/example_dags/tutorial_dag.py
[2024-07-31T16:45:02.063+0000] {processor.py:830} INFO - Processing file /home/airflow/.local/lib/python3.12/site-packages/airflow/example_dags/tutorial_dag.py for tasks to queue
[2024-07-31T16:45:02.064+0000] {logging_mixin.py:188} INFO - [2024-07-31T16:45:02.064+0000] {dagbag.py:545} INFO - Filling up the DagBag from /home/airflow/.local/lib/python3.12/site-packages/airflow/example_dags/tutorial_dag.py
[2024-07-31T16:45:02.076+0000] {processor.py:840} INFO - DAG(s) 'tutorial_dag' retrieved from /home/airflow/.local/lib/python3.12/site-packages/airflow/example_dags/tutorial_dag.py
[2024-07-31T16:45:02.133+0000] {logging_mixin.py:188} INFO - [2024-07-31T16:45:02.133+0000] {dag.py:3089} INFO - Sync 1 DAGs
[2024-07-31T16:45:02.183+0000] {logging_mixin.py:188} INFO - [2024-07-31T16:45:02.182+0000] {dag.py:3947} INFO - Setting next_dagrun for tutorial_dag to None, run_after=None
[2024-07-31T16:45:02.222+0000] {processor.py:183} INFO - Processing /home/airflow/.local/lib/python3.12/site-packages/airflow/example_dags/tutorial_dag.py took 0.172 seconds
[2024-07-31T16:45:32.312+0000] {processor.py:161} INFO - Started process (PID=228) to work on /home/airflow/.local/lib/python3.12/site-packages/airflow/example_dags/tutorial_dag.py
[2024-07-31T16:45:32.313+0000] {processor.py:830} INFO - Processing file /home/airflow/.local/lib/python3.12/site-packages/airflow/example_dags/tutorial_dag.py for tasks to queue
[2024-07-31T16:45:32.314+0000] {logging_mixin.py:188} INFO - [2024-07-31T16:45:32.313+0000] {dagbag.py:545} INFO - Filling up the DagBag from /home/airflow/.local/lib/python3.12/site-packages/airflow/example_dags/tutorial_dag.py
[2024-07-31T16:45:32.321+0000] {processor.py:840} INFO - DAG(s) 'tutorial_dag' retrieved from /home/airflow/.local/lib/python3.12/site-packages/airflow/example_dags/tutorial_dag.py
[2024-07-31T16:45:32.356+0000] {logging_mixin.py:188} INFO - [2024-07-31T16:45:32.356+0000] {dag.py:3089} INFO - Sync 1 DAGs
[2024-07-31T16:45:32.377+0000] {logging_mixin.py:188} INFO - [2024-07-31T16:45:32.376+0000] {dag.py:3947} INFO - Setting next_dagrun for tutorial_dag to None, run_after=None
[2024-07-31T16:45:32.412+0000] {processor.py:183} INFO - Processing /home/airflow/.local/lib/python3.12/site-packages/airflow/example_dags/tutorial_dag.py took 0.109 seconds
[2024-07-31T16:46:03.033+0000] {processor.py:161} INFO - Started process (PID=286) to work on /home/airflow/.local/lib/python3.12/site-packages/airflow/example_dags/tutorial_dag.py
[2024-07-31T16:46:03.034+0000] {processor.py:830} INFO - Processing file /home/airflow/.local/lib/python3.12/site-packages/airflow/example_dags/tutorial_dag.py for tasks to queue
[2024-07-31T16:46:03.034+0000] {logging_mixin.py:188} INFO - [2024-07-31T16:46:03.034+0000] {dagbag.py:545} INFO - Filling up the DagBag from /home/airflow/.local/lib/python3.12/site-packages/airflow/example_dags/tutorial_dag.py
[2024-07-31T16:46:03.039+0000] {processor.py:840} INFO - DAG(s) 'tutorial_dag' retrieved from /home/airflow/.local/lib/python3.12/site-packages/airflow/example_dags/tutorial_dag.py
[2024-07-31T16:46:03.064+0000] {logging_mixin.py:188} INFO - [2024-07-31T16:46:03.064+0000] {dag.py:3089} INFO - Sync 1 DAGs
[2024-07-31T16:46:03.082+0000] {logging_mixin.py:188} INFO - [2024-07-31T16:46:03.082+0000] {dag.py:3947} INFO - Setting next_dagrun for tutorial_dag to None, run_after=None
[2024-07-31T16:46:03.114+0000] {processor.py:183} INFO - Processing /home/airflow/.local/lib/python3.12/site-packages/airflow/example_dags/tutorial_dag.py took 0.088 seconds
[2024-07-31T21:22:57.136+0000] {processor.py:161} INFO - Started process (PID=106) to work on /home/airflow/.local/lib/python3.12/site-packages/airflow/example_dags/tutorial_dag.py
[2024-07-31T21:22:57.137+0000] {processor.py:830} INFO - Processing file /home/airflow/.local/lib/python3.12/site-packages/airflow/example_dags/tutorial_dag.py for tasks to queue
[2024-07-31T21:22:57.139+0000] {logging_mixin.py:188} INFO - [2024-07-31T21:22:57.138+0000] {dagbag.py:545} INFO - Filling up the DagBag from /home/airflow/.local/lib/python3.12/site-packages/airflow/example_dags/tutorial_dag.py
[2024-07-31T21:22:57.151+0000] {processor.py:840} INFO - DAG(s) 'tutorial_dag' retrieved from /home/airflow/.local/lib/python3.12/site-packages/airflow/example_dags/tutorial_dag.py
[2024-07-31T21:22:57.328+0000] {logging_mixin.py:188} INFO - [2024-07-31T21:22:57.327+0000] {dag.py:3089} INFO - Sync 1 DAGs
[2024-07-31T21:22:57.354+0000] {logging_mixin.py:188} INFO - [2024-07-31T21:22:57.353+0000] {dag.py:3947} INFO - Setting next_dagrun for tutorial_dag to None, run_after=None
[2024-07-31T21:22:57.382+0000] {processor.py:183} INFO - Processing /home/airflow/.local/lib/python3.12/site-packages/airflow/example_dags/tutorial_dag.py took 0.256 seconds
[2024-07-31T21:23:28.337+0000] {processor.py:161} INFO - Started process (PID=164) to work on /home/airflow/.local/lib/python3.12/site-packages/airflow/example_dags/tutorial_dag.py
[2024-07-31T21:23:28.339+0000] {processor.py:830} INFO - Processing file /home/airflow/.local/lib/python3.12/site-packages/airflow/example_dags/tutorial_dag.py for tasks to queue
[2024-07-31T21:23:28.342+0000] {logging_mixin.py:188} INFO - [2024-07-31T21:23:28.341+0000] {dagbag.py:545} INFO - Filling up the DagBag from /home/airflow/.local/lib/python3.12/site-packages/airflow/example_dags/tutorial_dag.py
[2024-07-31T21:23:28.353+0000] {processor.py:840} INFO - DAG(s) 'tutorial_dag' retrieved from /home/airflow/.local/lib/python3.12/site-packages/airflow/example_dags/tutorial_dag.py
[2024-07-31T21:23:28.405+0000] {logging_mixin.py:188} INFO - [2024-07-31T21:23:28.405+0000] {dag.py:3089} INFO - Sync 1 DAGs
[2024-07-31T21:23:28.444+0000] {logging_mixin.py:188} INFO - [2024-07-31T21:23:28.444+0000] {dag.py:3947} INFO - Setting next_dagrun for tutorial_dag to None, run_after=None
[2024-07-31T21:23:28.492+0000] {processor.py:183} INFO - Processing /home/airflow/.local/lib/python3.12/site-packages/airflow/example_dags/tutorial_dag.py took 0.166 seconds
[2024-07-31T21:24:06.999+0000] {processor.py:161} INFO - Started process (PID=222) to work on /home/airflow/.local/lib/python3.12/site-packages/airflow/example_dags/tutorial_dag.py
[2024-07-31T21:24:07.000+0000] {processor.py:830} INFO - Processing file /home/airflow/.local/lib/python3.12/site-packages/airflow/example_dags/tutorial_dag.py for tasks to queue
[2024-07-31T21:24:07.003+0000] {logging_mixin.py:188} INFO - [2024-07-31T21:24:07.003+0000] {dagbag.py:545} INFO - Filling up the DagBag from /home/airflow/.local/lib/python3.12/site-packages/airflow/example_dags/tutorial_dag.py
[2024-07-31T21:24:07.014+0000] {processor.py:840} INFO - DAG(s) 'tutorial_dag' retrieved from /home/airflow/.local/lib/python3.12/site-packages/airflow/example_dags/tutorial_dag.py
[2024-07-31T21:24:07.101+0000] {logging_mixin.py:188} INFO - [2024-07-31T21:24:07.100+0000] {dag.py:3089} INFO - Sync 1 DAGs
[2024-07-31T21:24:07.138+0000] {logging_mixin.py:188} INFO - [2024-07-31T21:24:07.137+0000] {dag.py:3947} INFO - Setting next_dagrun for tutorial_dag to None, run_after=None
[2024-07-31T21:24:07.280+0000] {processor.py:183} INFO - Processing /home/airflow/.local/lib/python3.12/site-packages/airflow/example_dags/tutorial_dag.py took 0.292 seconds
[2024-07-31T21:24:41.783+0000] {processor.py:161} INFO - Started process (PID=281) to work on /home/airflow/.local/lib/python3.12/site-packages/airflow/example_dags/tutorial_dag.py
[2024-07-31T21:24:41.793+0000] {processor.py:830} INFO - Processing file /home/airflow/.local/lib/python3.12/site-packages/airflow/example_dags/tutorial_dag.py for tasks to queue
[2024-07-31T21:24:41.813+0000] {logging_mixin.py:188} INFO - [2024-07-31T21:24:41.810+0000] {dagbag.py:545} INFO - Filling up the DagBag from /home/airflow/.local/lib/python3.12/site-packages/airflow/example_dags/tutorial_dag.py
[2024-07-31T21:24:41.889+0000] {processor.py:840} INFO - DAG(s) 'tutorial_dag' retrieved from /home/airflow/.local/lib/python3.12/site-packages/airflow/example_dags/tutorial_dag.py
[2024-07-31T21:24:42.534+0000] {logging_mixin.py:188} INFO - [2024-07-31T21:24:42.505+0000] {dag.py:3089} INFO - Sync 1 DAGs
[2024-07-31T21:24:42.614+0000] {logging_mixin.py:188} INFO - [2024-07-31T21:24:42.614+0000] {dag.py:3947} INFO - Setting next_dagrun for tutorial_dag to None, run_after=None
[2024-07-31T21:24:43.579+0000] {processor.py:183} INFO - Processing /home/airflow/.local/lib/python3.12/site-packages/airflow/example_dags/tutorial_dag.py took 1.882 seconds
[2024-07-31T21:25:13.722+0000] {processor.py:161} INFO - Started process (PID=339) to work on /home/airflow/.local/lib/python3.12/site-packages/airflow/example_dags/tutorial_dag.py
[2024-07-31T21:25:13.723+0000] {processor.py:830} INFO - Processing file /home/airflow/.local/lib/python3.12/site-packages/airflow/example_dags/tutorial_dag.py for tasks to queue
[2024-07-31T21:25:13.725+0000] {logging_mixin.py:188} INFO - [2024-07-31T21:25:13.724+0000] {dagbag.py:545} INFO - Filling up the DagBag from /home/airflow/.local/lib/python3.12/site-packages/airflow/example_dags/tutorial_dag.py
[2024-07-31T21:25:13.730+0000] {processor.py:840} INFO - DAG(s) 'tutorial_dag' retrieved from /home/airflow/.local/lib/python3.12/site-packages/airflow/example_dags/tutorial_dag.py
[2024-07-31T21:25:13.755+0000] {logging_mixin.py:188} INFO - [2024-07-31T21:25:13.755+0000] {dag.py:3089} INFO - Sync 1 DAGs
[2024-07-31T21:25:13.772+0000] {logging_mixin.py:188} INFO - [2024-07-31T21:25:13.772+0000] {dag.py:3947} INFO - Setting next_dagrun for tutorial_dag to None, run_after=None
[2024-07-31T21:25:13.801+0000] {processor.py:183} INFO - Processing /home/airflow/.local/lib/python3.12/site-packages/airflow/example_dags/tutorial_dag.py took 0.088 seconds
[2024-07-31T21:26:01.816+0000] {processor.py:161} INFO - Started process (PID=403) to work on /home/airflow/.local/lib/python3.12/site-packages/airflow/example_dags/tutorial_dag.py
[2024-07-31T21:26:01.817+0000] {processor.py:830} INFO - Processing file /home/airflow/.local/lib/python3.12/site-packages/airflow/example_dags/tutorial_dag.py for tasks to queue
[2024-07-31T21:26:01.819+0000] {logging_mixin.py:188} INFO - [2024-07-31T21:26:01.819+0000] {dagbag.py:545} INFO - Filling up the DagBag from /home/airflow/.local/lib/python3.12/site-packages/airflow/example_dags/tutorial_dag.py
[2024-07-31T21:26:01.825+0000] {processor.py:840} INFO - DAG(s) 'tutorial_dag' retrieved from /home/airflow/.local/lib/python3.12/site-packages/airflow/example_dags/tutorial_dag.py
[2024-07-31T21:26:01.852+0000] {logging_mixin.py:188} INFO - [2024-07-31T21:26:01.851+0000] {dag.py:3089} INFO - Sync 1 DAGs
[2024-07-31T21:26:01.868+0000] {logging_mixin.py:188} INFO - [2024-07-31T21:26:01.868+0000] {dag.py:3947} INFO - Setting next_dagrun for tutorial_dag to None, run_after=None
[2024-07-31T21:26:01.897+0000] {processor.py:183} INFO - Processing /home/airflow/.local/lib/python3.12/site-packages/airflow/example_dags/tutorial_dag.py took 0.088 seconds
[2024-07-31T21:26:32.865+0000] {processor.py:161} INFO - Started process (PID=461) to work on /home/airflow/.local/lib/python3.12/site-packages/airflow/example_dags/tutorial_dag.py
[2024-07-31T21:26:32.867+0000] {processor.py:830} INFO - Processing file /home/airflow/.local/lib/python3.12/site-packages/airflow/example_dags/tutorial_dag.py for tasks to queue
[2024-07-31T21:26:32.870+0000] {logging_mixin.py:188} INFO - [2024-07-31T21:26:32.870+0000] {dagbag.py:545} INFO - Filling up the DagBag from /home/airflow/.local/lib/python3.12/site-packages/airflow/example_dags/tutorial_dag.py
[2024-07-31T21:26:32.879+0000] {processor.py:840} INFO - DAG(s) 'tutorial_dag' retrieved from /home/airflow/.local/lib/python3.12/site-packages/airflow/example_dags/tutorial_dag.py
[2024-07-31T21:26:32.922+0000] {logging_mixin.py:188} INFO - [2024-07-31T21:26:32.921+0000] {dag.py:3089} INFO - Sync 1 DAGs
[2024-07-31T21:26:32.938+0000] {logging_mixin.py:188} INFO - [2024-07-31T21:26:32.937+0000] {dag.py:3947} INFO - Setting next_dagrun for tutorial_dag to None, run_after=None
[2024-07-31T21:26:32.964+0000] {processor.py:183} INFO - Processing /home/airflow/.local/lib/python3.12/site-packages/airflow/example_dags/tutorial_dag.py took 0.110 seconds
[2024-07-31T21:27:03.101+0000] {processor.py:161} INFO - Started process (PID=519) to work on /home/airflow/.local/lib/python3.12/site-packages/airflow/example_dags/tutorial_dag.py
[2024-07-31T21:27:03.103+0000] {processor.py:830} INFO - Processing file /home/airflow/.local/lib/python3.12/site-packages/airflow/example_dags/tutorial_dag.py for tasks to queue
[2024-07-31T21:27:03.106+0000] {logging_mixin.py:188} INFO - [2024-07-31T21:27:03.105+0000] {dagbag.py:545} INFO - Filling up the DagBag from /home/airflow/.local/lib/python3.12/site-packages/airflow/example_dags/tutorial_dag.py
[2024-07-31T21:27:03.115+0000] {processor.py:840} INFO - DAG(s) 'tutorial_dag' retrieved from /home/airflow/.local/lib/python3.12/site-packages/airflow/example_dags/tutorial_dag.py
[2024-07-31T21:27:03.150+0000] {logging_mixin.py:188} INFO - [2024-07-31T21:27:03.150+0000] {dag.py:3089} INFO - Sync 1 DAGs
[2024-07-31T21:27:03.170+0000] {logging_mixin.py:188} INFO - [2024-07-31T21:27:03.169+0000] {dag.py:3947} INFO - Setting next_dagrun for tutorial_dag to None, run_after=None
[2024-07-31T21:27:03.195+0000] {processor.py:183} INFO - Processing /home/airflow/.local/lib/python3.12/site-packages/airflow/example_dags/tutorial_dag.py took 0.105 seconds
[2024-07-31T21:27:33.797+0000] {processor.py:161} INFO - Started process (PID=577) to work on /home/airflow/.local/lib/python3.12/site-packages/airflow/example_dags/tutorial_dag.py
[2024-07-31T21:27:33.799+0000] {processor.py:830} INFO - Processing file /home/airflow/.local/lib/python3.12/site-packages/airflow/example_dags/tutorial_dag.py for tasks to queue
[2024-07-31T21:27:33.803+0000] {logging_mixin.py:188} INFO - [2024-07-31T21:27:33.803+0000] {dagbag.py:545} INFO - Filling up the DagBag from /home/airflow/.local/lib/python3.12/site-packages/airflow/example_dags/tutorial_dag.py
[2024-07-31T21:27:33.814+0000] {processor.py:840} INFO - DAG(s) 'tutorial_dag' retrieved from /home/airflow/.local/lib/python3.12/site-packages/airflow/example_dags/tutorial_dag.py
[2024-07-31T21:27:33.857+0000] {logging_mixin.py:188} INFO - [2024-07-31T21:27:33.857+0000] {dag.py:3089} INFO - Sync 1 DAGs
[2024-07-31T21:27:33.887+0000] {logging_mixin.py:188} INFO - [2024-07-31T21:27:33.887+0000] {dag.py:3947} INFO - Setting next_dagrun for tutorial_dag to None, run_after=None
[2024-07-31T21:27:33.919+0000] {processor.py:183} INFO - Processing /home/airflow/.local/lib/python3.12/site-packages/airflow/example_dags/tutorial_dag.py took 0.138 seconds
[2024-07-31T21:28:04.222+0000] {processor.py:161} INFO - Started process (PID=636) to work on /home/airflow/.local/lib/python3.12/site-packages/airflow/example_dags/tutorial_dag.py
[2024-07-31T21:28:04.224+0000] {processor.py:830} INFO - Processing file /home/airflow/.local/lib/python3.12/site-packages/airflow/example_dags/tutorial_dag.py for tasks to queue
[2024-07-31T21:28:04.227+0000] {logging_mixin.py:188} INFO - [2024-07-31T21:28:04.226+0000] {dagbag.py:545} INFO - Filling up the DagBag from /home/airflow/.local/lib/python3.12/site-packages/airflow/example_dags/tutorial_dag.py
[2024-07-31T21:28:04.232+0000] {processor.py:840} INFO - DAG(s) 'tutorial_dag' retrieved from /home/airflow/.local/lib/python3.12/site-packages/airflow/example_dags/tutorial_dag.py
[2024-07-31T21:28:04.259+0000] {logging_mixin.py:188} INFO - [2024-07-31T21:28:04.258+0000] {dag.py:3089} INFO - Sync 1 DAGs
[2024-07-31T21:28:04.275+0000] {logging_mixin.py:188} INFO - [2024-07-31T21:28:04.274+0000] {dag.py:3947} INFO - Setting next_dagrun for tutorial_dag to None, run_after=None
[2024-07-31T21:28:04.303+0000] {processor.py:183} INFO - Processing /home/airflow/.local/lib/python3.12/site-packages/airflow/example_dags/tutorial_dag.py took 0.088 seconds
[2024-07-31T21:29:02.764+0000] {processor.py:161} INFO - Started process (PID=694) to work on /home/airflow/.local/lib/python3.12/site-packages/airflow/example_dags/tutorial_dag.py
[2024-07-31T21:29:02.765+0000] {processor.py:830} INFO - Processing file /home/airflow/.local/lib/python3.12/site-packages/airflow/example_dags/tutorial_dag.py for tasks to queue
[2024-07-31T21:29:02.767+0000] {logging_mixin.py:188} INFO - [2024-07-31T21:29:02.767+0000] {dagbag.py:545} INFO - Filling up the DagBag from /home/airflow/.local/lib/python3.12/site-packages/airflow/example_dags/tutorial_dag.py
[2024-07-31T21:29:02.776+0000] {processor.py:840} INFO - DAG(s) 'tutorial_dag' retrieved from /home/airflow/.local/lib/python3.12/site-packages/airflow/example_dags/tutorial_dag.py
[2024-07-31T21:29:02.802+0000] {logging_mixin.py:188} INFO - [2024-07-31T21:29:02.802+0000] {dag.py:3089} INFO - Sync 1 DAGs
[2024-07-31T21:29:02.816+0000] {logging_mixin.py:188} INFO - [2024-07-31T21:29:02.816+0000] {dag.py:3947} INFO - Setting next_dagrun for tutorial_dag to None, run_after=None
[2024-07-31T21:29:02.846+0000] {processor.py:183} INFO - Processing /home/airflow/.local/lib/python3.12/site-packages/airflow/example_dags/tutorial_dag.py took 0.091 seconds
