[2024-07-31T12:08:52.974+0000] {processor.py:161} INFO - Started process (PID=92) to work on /home/airflow/.local/lib/python3.12/site-packages/airflow/example_dags/tutorial_objectstorage.py
[2024-07-31T12:08:52.974+0000] {processor.py:830} INFO - Processing file /home/airflow/.local/lib/python3.12/site-packages/airflow/example_dags/tutorial_objectstorage.py for tasks to queue
[2024-07-31T12:08:52.976+0000] {logging_mixin.py:188} INFO - [2024-07-31T12:08:52.976+0000] {dagbag.py:545} INFO - Filling up the DagBag from /home/airflow/.local/lib/python3.12/site-packages/airflow/example_dags/tutorial_objectstorage.py
[2024-07-31T12:08:52.985+0000] {processor.py:840} INFO - DAG(s) 'tutorial_objectstorage' retrieved from /home/airflow/.local/lib/python3.12/site-packages/airflow/example_dags/tutorial_objectstorage.py
[2024-07-31T12:08:53.112+0000] {logging_mixin.py:188} INFO - [2024-07-31T12:08:53.111+0000] {override.py:1858} INFO - Created Permission View: can delete on DAG:tutorial_objectstorage
[2024-07-31T12:08:53.121+0000] {logging_mixin.py:188} INFO - [2024-07-31T12:08:53.121+0000] {override.py:1858} INFO - Created Permission View: can read on DAG:tutorial_objectstorage
[2024-07-31T12:08:53.126+0000] {logging_mixin.py:188} INFO - [2024-07-31T12:08:53.125+0000] {override.py:1858} INFO - Created Permission View: can edit on DAG:tutorial_objectstorage
[2024-07-31T12:08:53.126+0000] {logging_mixin.py:188} INFO - [2024-07-31T12:08:53.126+0000] {dag.py:3089} INFO - Sync 1 DAGs
[2024-07-31T12:08:53.137+0000] {logging_mixin.py:188} INFO - [2024-07-31T12:08:53.136+0000] {dag.py:3111} INFO - Creating ORM DAG for tutorial_objectstorage
[2024-07-31T12:08:53.137+0000] {logging_mixin.py:188} INFO - [2024-07-31T12:08:53.137+0000] {dag.py:3947} INFO - Setting next_dagrun for tutorial_objectstorage to None, run_after=None
[2024-07-31T12:08:53.155+0000] {processor.py:183} INFO - Processing /home/airflow/.local/lib/python3.12/site-packages/airflow/example_dags/tutorial_objectstorage.py took 0.188 seconds
[2024-07-31T12:09:23.195+0000] {processor.py:161} INFO - Started process (PID=150) to work on /home/airflow/.local/lib/python3.12/site-packages/airflow/example_dags/tutorial_objectstorage.py
[2024-07-31T12:09:23.197+0000] {processor.py:830} INFO - Processing file /home/airflow/.local/lib/python3.12/site-packages/airflow/example_dags/tutorial_objectstorage.py for tasks to queue
[2024-07-31T12:09:23.199+0000] {logging_mixin.py:188} INFO - [2024-07-31T12:09:23.199+0000] {dagbag.py:545} INFO - Filling up the DagBag from /home/airflow/.local/lib/python3.12/site-packages/airflow/example_dags/tutorial_objectstorage.py
[2024-07-31T12:09:23.208+0000] {processor.py:840} INFO - DAG(s) 'tutorial_objectstorage' retrieved from /home/airflow/.local/lib/python3.12/site-packages/airflow/example_dags/tutorial_objectstorage.py
[2024-07-31T12:09:23.229+0000] {logging_mixin.py:188} INFO - [2024-07-31T12:09:23.229+0000] {dag.py:3089} INFO - Sync 1 DAGs
[2024-07-31T12:09:23.243+0000] {logging_mixin.py:188} INFO - [2024-07-31T12:09:23.242+0000] {dag.py:3947} INFO - Setting next_dagrun for tutorial_objectstorage to None, run_after=None
[2024-07-31T12:09:23.265+0000] {processor.py:183} INFO - Processing /home/airflow/.local/lib/python3.12/site-packages/airflow/example_dags/tutorial_objectstorage.py took 0.077 seconds
[2024-07-31T12:09:53.523+0000] {processor.py:161} INFO - Started process (PID=208) to work on /home/airflow/.local/lib/python3.12/site-packages/airflow/example_dags/tutorial_objectstorage.py
[2024-07-31T12:09:53.525+0000] {processor.py:830} INFO - Processing file /home/airflow/.local/lib/python3.12/site-packages/airflow/example_dags/tutorial_objectstorage.py for tasks to queue
[2024-07-31T12:09:53.526+0000] {logging_mixin.py:188} INFO - [2024-07-31T12:09:53.526+0000] {dagbag.py:545} INFO - Filling up the DagBag from /home/airflow/.local/lib/python3.12/site-packages/airflow/example_dags/tutorial_objectstorage.py
[2024-07-31T12:09:53.532+0000] {processor.py:840} INFO - DAG(s) 'tutorial_objectstorage' retrieved from /home/airflow/.local/lib/python3.12/site-packages/airflow/example_dags/tutorial_objectstorage.py
[2024-07-31T12:09:53.550+0000] {logging_mixin.py:188} INFO - [2024-07-31T12:09:53.549+0000] {dag.py:3089} INFO - Sync 1 DAGs
[2024-07-31T12:09:53.563+0000] {logging_mixin.py:188} INFO - [2024-07-31T12:09:53.563+0000] {dag.py:3947} INFO - Setting next_dagrun for tutorial_objectstorage to None, run_after=None
[2024-07-31T12:09:53.613+0000] {processor.py:183} INFO - Processing /home/airflow/.local/lib/python3.12/site-packages/airflow/example_dags/tutorial_objectstorage.py took 0.095 seconds
[2024-07-31T12:10:24.159+0000] {processor.py:161} INFO - Started process (PID=266) to work on /home/airflow/.local/lib/python3.12/site-packages/airflow/example_dags/tutorial_objectstorage.py
[2024-07-31T12:10:24.160+0000] {processor.py:830} INFO - Processing file /home/airflow/.local/lib/python3.12/site-packages/airflow/example_dags/tutorial_objectstorage.py for tasks to queue
[2024-07-31T12:10:24.161+0000] {logging_mixin.py:188} INFO - [2024-07-31T12:10:24.161+0000] {dagbag.py:545} INFO - Filling up the DagBag from /home/airflow/.local/lib/python3.12/site-packages/airflow/example_dags/tutorial_objectstorage.py
[2024-07-31T12:10:24.168+0000] {processor.py:840} INFO - DAG(s) 'tutorial_objectstorage' retrieved from /home/airflow/.local/lib/python3.12/site-packages/airflow/example_dags/tutorial_objectstorage.py
[2024-07-31T12:10:24.190+0000] {logging_mixin.py:188} INFO - [2024-07-31T12:10:24.189+0000] {dag.py:3089} INFO - Sync 1 DAGs
[2024-07-31T12:10:24.208+0000] {logging_mixin.py:188} INFO - [2024-07-31T12:10:24.207+0000] {dag.py:3947} INFO - Setting next_dagrun for tutorial_objectstorage to None, run_after=None
[2024-07-31T12:10:24.230+0000] {processor.py:183} INFO - Processing /home/airflow/.local/lib/python3.12/site-packages/airflow/example_dags/tutorial_objectstorage.py took 0.076 seconds
[2024-07-31T12:10:54.360+0000] {processor.py:161} INFO - Started process (PID=324) to work on /home/airflow/.local/lib/python3.12/site-packages/airflow/example_dags/tutorial_objectstorage.py
[2024-07-31T12:10:54.362+0000] {processor.py:830} INFO - Processing file /home/airflow/.local/lib/python3.12/site-packages/airflow/example_dags/tutorial_objectstorage.py for tasks to queue
[2024-07-31T12:10:54.363+0000] {logging_mixin.py:188} INFO - [2024-07-31T12:10:54.363+0000] {dagbag.py:545} INFO - Filling up the DagBag from /home/airflow/.local/lib/python3.12/site-packages/airflow/example_dags/tutorial_objectstorage.py
[2024-07-31T12:10:54.371+0000] {processor.py:840} INFO - DAG(s) 'tutorial_objectstorage' retrieved from /home/airflow/.local/lib/python3.12/site-packages/airflow/example_dags/tutorial_objectstorage.py
[2024-07-31T12:10:54.389+0000] {logging_mixin.py:188} INFO - [2024-07-31T12:10:54.389+0000] {dag.py:3089} INFO - Sync 1 DAGs
[2024-07-31T12:10:54.405+0000] {logging_mixin.py:188} INFO - [2024-07-31T12:10:54.405+0000] {dag.py:3947} INFO - Setting next_dagrun for tutorial_objectstorage to None, run_after=None
[2024-07-31T12:10:54.431+0000] {processor.py:183} INFO - Processing /home/airflow/.local/lib/python3.12/site-packages/airflow/example_dags/tutorial_objectstorage.py took 0.077 seconds
[2024-07-31T12:11:25.108+0000] {processor.py:161} INFO - Started process (PID=387) to work on /home/airflow/.local/lib/python3.12/site-packages/airflow/example_dags/tutorial_objectstorage.py
[2024-07-31T12:11:25.110+0000] {processor.py:830} INFO - Processing file /home/airflow/.local/lib/python3.12/site-packages/airflow/example_dags/tutorial_objectstorage.py for tasks to queue
[2024-07-31T12:11:25.112+0000] {logging_mixin.py:188} INFO - [2024-07-31T12:11:25.112+0000] {dagbag.py:545} INFO - Filling up the DagBag from /home/airflow/.local/lib/python3.12/site-packages/airflow/example_dags/tutorial_objectstorage.py
[2024-07-31T12:11:25.122+0000] {processor.py:840} INFO - DAG(s) 'tutorial_objectstorage' retrieved from /home/airflow/.local/lib/python3.12/site-packages/airflow/example_dags/tutorial_objectstorage.py
[2024-07-31T12:11:25.149+0000] {logging_mixin.py:188} INFO - [2024-07-31T12:11:25.149+0000] {dag.py:3089} INFO - Sync 1 DAGs
[2024-07-31T12:11:25.167+0000] {logging_mixin.py:188} INFO - [2024-07-31T12:11:25.167+0000] {dag.py:3947} INFO - Setting next_dagrun for tutorial_objectstorage to None, run_after=None
[2024-07-31T12:11:25.193+0000] {processor.py:183} INFO - Processing /home/airflow/.local/lib/python3.12/site-packages/airflow/example_dags/tutorial_objectstorage.py took 0.091 seconds
[2024-07-31T12:11:56.540+0000] {processor.py:161} INFO - Started process (PID=445) to work on /home/airflow/.local/lib/python3.12/site-packages/airflow/example_dags/tutorial_objectstorage.py
[2024-07-31T12:11:56.541+0000] {processor.py:830} INFO - Processing file /home/airflow/.local/lib/python3.12/site-packages/airflow/example_dags/tutorial_objectstorage.py for tasks to queue
[2024-07-31T12:11:56.543+0000] {logging_mixin.py:188} INFO - [2024-07-31T12:11:56.543+0000] {dagbag.py:545} INFO - Filling up the DagBag from /home/airflow/.local/lib/python3.12/site-packages/airflow/example_dags/tutorial_objectstorage.py
[2024-07-31T12:11:56.552+0000] {processor.py:840} INFO - DAG(s) 'tutorial_objectstorage' retrieved from /home/airflow/.local/lib/python3.12/site-packages/airflow/example_dags/tutorial_objectstorage.py
[2024-07-31T12:11:56.572+0000] {logging_mixin.py:188} INFO - [2024-07-31T12:11:56.571+0000] {dag.py:3089} INFO - Sync 1 DAGs
[2024-07-31T12:11:56.584+0000] {logging_mixin.py:188} INFO - [2024-07-31T12:11:56.584+0000] {dag.py:3947} INFO - Setting next_dagrun for tutorial_objectstorage to None, run_after=None
[2024-07-31T12:11:56.604+0000] {processor.py:183} INFO - Processing /home/airflow/.local/lib/python3.12/site-packages/airflow/example_dags/tutorial_objectstorage.py took 0.072 seconds
[2024-07-31T12:12:26.681+0000] {processor.py:161} INFO - Started process (PID=502) to work on /home/airflow/.local/lib/python3.12/site-packages/airflow/example_dags/tutorial_objectstorage.py
[2024-07-31T12:12:26.682+0000] {processor.py:830} INFO - Processing file /home/airflow/.local/lib/python3.12/site-packages/airflow/example_dags/tutorial_objectstorage.py for tasks to queue
[2024-07-31T12:12:26.684+0000] {logging_mixin.py:188} INFO - [2024-07-31T12:12:26.683+0000] {dagbag.py:545} INFO - Filling up the DagBag from /home/airflow/.local/lib/python3.12/site-packages/airflow/example_dags/tutorial_objectstorage.py
[2024-07-31T12:12:26.690+0000] {processor.py:840} INFO - DAG(s) 'tutorial_objectstorage' retrieved from /home/airflow/.local/lib/python3.12/site-packages/airflow/example_dags/tutorial_objectstorage.py
[2024-07-31T12:12:26.708+0000] {logging_mixin.py:188} INFO - [2024-07-31T12:12:26.708+0000] {dag.py:3089} INFO - Sync 1 DAGs
[2024-07-31T12:12:26.721+0000] {logging_mixin.py:188} INFO - [2024-07-31T12:12:26.721+0000] {dag.py:3947} INFO - Setting next_dagrun for tutorial_objectstorage to None, run_after=None
[2024-07-31T12:12:26.748+0000] {processor.py:183} INFO - Processing /home/airflow/.local/lib/python3.12/site-packages/airflow/example_dags/tutorial_objectstorage.py took 0.072 seconds
[2024-07-31T12:12:57.381+0000] {processor.py:161} INFO - Started process (PID=560) to work on /home/airflow/.local/lib/python3.12/site-packages/airflow/example_dags/tutorial_objectstorage.py
[2024-07-31T12:12:57.382+0000] {processor.py:830} INFO - Processing file /home/airflow/.local/lib/python3.12/site-packages/airflow/example_dags/tutorial_objectstorage.py for tasks to queue
[2024-07-31T12:12:57.384+0000] {logging_mixin.py:188} INFO - [2024-07-31T12:12:57.383+0000] {dagbag.py:545} INFO - Filling up the DagBag from /home/airflow/.local/lib/python3.12/site-packages/airflow/example_dags/tutorial_objectstorage.py
[2024-07-31T12:12:57.390+0000] {processor.py:840} INFO - DAG(s) 'tutorial_objectstorage' retrieved from /home/airflow/.local/lib/python3.12/site-packages/airflow/example_dags/tutorial_objectstorage.py
[2024-07-31T12:12:57.414+0000] {logging_mixin.py:188} INFO - [2024-07-31T12:12:57.413+0000] {dag.py:3089} INFO - Sync 1 DAGs
[2024-07-31T12:12:57.432+0000] {logging_mixin.py:188} INFO - [2024-07-31T12:12:57.431+0000] {dag.py:3947} INFO - Setting next_dagrun for tutorial_objectstorage to None, run_after=None
[2024-07-31T12:12:57.459+0000] {processor.py:183} INFO - Processing /home/airflow/.local/lib/python3.12/site-packages/airflow/example_dags/tutorial_objectstorage.py took 0.085 seconds
[2024-07-31T12:13:27.928+0000] {processor.py:161} INFO - Started process (PID=617) to work on /home/airflow/.local/lib/python3.12/site-packages/airflow/example_dags/tutorial_objectstorage.py
[2024-07-31T12:13:27.929+0000] {processor.py:830} INFO - Processing file /home/airflow/.local/lib/python3.12/site-packages/airflow/example_dags/tutorial_objectstorage.py for tasks to queue
[2024-07-31T12:13:27.931+0000] {logging_mixin.py:188} INFO - [2024-07-31T12:13:27.931+0000] {dagbag.py:545} INFO - Filling up the DagBag from /home/airflow/.local/lib/python3.12/site-packages/airflow/example_dags/tutorial_objectstorage.py
[2024-07-31T12:13:27.938+0000] {processor.py:840} INFO - DAG(s) 'tutorial_objectstorage' retrieved from /home/airflow/.local/lib/python3.12/site-packages/airflow/example_dags/tutorial_objectstorage.py
[2024-07-31T12:13:27.958+0000] {logging_mixin.py:188} INFO - [2024-07-31T12:13:27.958+0000] {dag.py:3089} INFO - Sync 1 DAGs
[2024-07-31T12:13:27.976+0000] {logging_mixin.py:188} INFO - [2024-07-31T12:13:27.975+0000] {dag.py:3947} INFO - Setting next_dagrun for tutorial_objectstorage to None, run_after=None
[2024-07-31T12:13:28.012+0000] {processor.py:183} INFO - Processing /home/airflow/.local/lib/python3.12/site-packages/airflow/example_dags/tutorial_objectstorage.py took 0.090 seconds
[2024-07-31T12:13:58.994+0000] {processor.py:161} INFO - Started process (PID=675) to work on /home/airflow/.local/lib/python3.12/site-packages/airflow/example_dags/tutorial_objectstorage.py
[2024-07-31T12:13:58.995+0000] {processor.py:830} INFO - Processing file /home/airflow/.local/lib/python3.12/site-packages/airflow/example_dags/tutorial_objectstorage.py for tasks to queue
[2024-07-31T12:13:58.997+0000] {logging_mixin.py:188} INFO - [2024-07-31T12:13:58.997+0000] {dagbag.py:545} INFO - Filling up the DagBag from /home/airflow/.local/lib/python3.12/site-packages/airflow/example_dags/tutorial_objectstorage.py
[2024-07-31T12:13:59.007+0000] {processor.py:840} INFO - DAG(s) 'tutorial_objectstorage' retrieved from /home/airflow/.local/lib/python3.12/site-packages/airflow/example_dags/tutorial_objectstorage.py
[2024-07-31T12:13:59.038+0000] {logging_mixin.py:188} INFO - [2024-07-31T12:13:59.037+0000] {dag.py:3089} INFO - Sync 1 DAGs
[2024-07-31T12:13:59.058+0000] {logging_mixin.py:188} INFO - [2024-07-31T12:13:59.058+0000] {dag.py:3947} INFO - Setting next_dagrun for tutorial_objectstorage to None, run_after=None
[2024-07-31T12:13:59.091+0000] {processor.py:183} INFO - Processing /home/airflow/.local/lib/python3.12/site-packages/airflow/example_dags/tutorial_objectstorage.py took 0.104 seconds
[2024-07-31T12:14:29.148+0000] {processor.py:161} INFO - Started process (PID=733) to work on /home/airflow/.local/lib/python3.12/site-packages/airflow/example_dags/tutorial_objectstorage.py
[2024-07-31T12:14:29.149+0000] {processor.py:830} INFO - Processing file /home/airflow/.local/lib/python3.12/site-packages/airflow/example_dags/tutorial_objectstorage.py for tasks to queue
[2024-07-31T12:14:29.151+0000] {logging_mixin.py:188} INFO - [2024-07-31T12:14:29.150+0000] {dagbag.py:545} INFO - Filling up the DagBag from /home/airflow/.local/lib/python3.12/site-packages/airflow/example_dags/tutorial_objectstorage.py
[2024-07-31T12:14:29.157+0000] {processor.py:840} INFO - DAG(s) 'tutorial_objectstorage' retrieved from /home/airflow/.local/lib/python3.12/site-packages/airflow/example_dags/tutorial_objectstorage.py
[2024-07-31T12:14:29.183+0000] {logging_mixin.py:188} INFO - [2024-07-31T12:14:29.183+0000] {dag.py:3089} INFO - Sync 1 DAGs
[2024-07-31T12:14:29.197+0000] {logging_mixin.py:188} INFO - [2024-07-31T12:14:29.197+0000] {dag.py:3947} INFO - Setting next_dagrun for tutorial_objectstorage to None, run_after=None
[2024-07-31T12:14:29.237+0000] {processor.py:183} INFO - Processing /home/airflow/.local/lib/python3.12/site-packages/airflow/example_dags/tutorial_objectstorage.py took 0.094 seconds
[2024-07-31T12:14:59.554+0000] {processor.py:161} INFO - Started process (PID=791) to work on /home/airflow/.local/lib/python3.12/site-packages/airflow/example_dags/tutorial_objectstorage.py
[2024-07-31T12:14:59.555+0000] {processor.py:830} INFO - Processing file /home/airflow/.local/lib/python3.12/site-packages/airflow/example_dags/tutorial_objectstorage.py for tasks to queue
[2024-07-31T12:14:59.557+0000] {logging_mixin.py:188} INFO - [2024-07-31T12:14:59.557+0000] {dagbag.py:545} INFO - Filling up the DagBag from /home/airflow/.local/lib/python3.12/site-packages/airflow/example_dags/tutorial_objectstorage.py
[2024-07-31T12:14:59.565+0000] {processor.py:840} INFO - DAG(s) 'tutorial_objectstorage' retrieved from /home/airflow/.local/lib/python3.12/site-packages/airflow/example_dags/tutorial_objectstorage.py
[2024-07-31T12:14:59.582+0000] {logging_mixin.py:188} INFO - [2024-07-31T12:14:59.581+0000] {dag.py:3089} INFO - Sync 1 DAGs
[2024-07-31T12:14:59.594+0000] {logging_mixin.py:188} INFO - [2024-07-31T12:14:59.594+0000] {dag.py:3947} INFO - Setting next_dagrun for tutorial_objectstorage to None, run_after=None
[2024-07-31T12:14:59.615+0000] {processor.py:183} INFO - Processing /home/airflow/.local/lib/python3.12/site-packages/airflow/example_dags/tutorial_objectstorage.py took 0.068 seconds
[2024-07-31T12:15:29.997+0000] {processor.py:161} INFO - Started process (PID=848) to work on /home/airflow/.local/lib/python3.12/site-packages/airflow/example_dags/tutorial_objectstorage.py
[2024-07-31T12:15:29.998+0000] {processor.py:830} INFO - Processing file /home/airflow/.local/lib/python3.12/site-packages/airflow/example_dags/tutorial_objectstorage.py for tasks to queue
[2024-07-31T12:15:30.001+0000] {logging_mixin.py:188} INFO - [2024-07-31T12:15:30.000+0000] {dagbag.py:545} INFO - Filling up the DagBag from /home/airflow/.local/lib/python3.12/site-packages/airflow/example_dags/tutorial_objectstorage.py
[2024-07-31T12:15:30.010+0000] {processor.py:840} INFO - DAG(s) 'tutorial_objectstorage' retrieved from /home/airflow/.local/lib/python3.12/site-packages/airflow/example_dags/tutorial_objectstorage.py
[2024-07-31T12:15:30.033+0000] {logging_mixin.py:188} INFO - [2024-07-31T12:15:30.033+0000] {dag.py:3089} INFO - Sync 1 DAGs
[2024-07-31T12:15:30.047+0000] {logging_mixin.py:188} INFO - [2024-07-31T12:15:30.046+0000] {dag.py:3947} INFO - Setting next_dagrun for tutorial_objectstorage to None, run_after=None
[2024-07-31T12:15:30.071+0000] {processor.py:183} INFO - Processing /home/airflow/.local/lib/python3.12/site-packages/airflow/example_dags/tutorial_objectstorage.py took 0.082 seconds
[2024-07-31T12:16:01.149+0000] {processor.py:161} INFO - Started process (PID=905) to work on /home/airflow/.local/lib/python3.12/site-packages/airflow/example_dags/tutorial_objectstorage.py
[2024-07-31T12:16:01.151+0000] {processor.py:830} INFO - Processing file /home/airflow/.local/lib/python3.12/site-packages/airflow/example_dags/tutorial_objectstorage.py for tasks to queue
[2024-07-31T12:16:01.153+0000] {logging_mixin.py:188} INFO - [2024-07-31T12:16:01.152+0000] {dagbag.py:545} INFO - Filling up the DagBag from /home/airflow/.local/lib/python3.12/site-packages/airflow/example_dags/tutorial_objectstorage.py
[2024-07-31T12:16:01.161+0000] {processor.py:840} INFO - DAG(s) 'tutorial_objectstorage' retrieved from /home/airflow/.local/lib/python3.12/site-packages/airflow/example_dags/tutorial_objectstorage.py
[2024-07-31T12:16:01.182+0000] {logging_mixin.py:188} INFO - [2024-07-31T12:16:01.181+0000] {dag.py:3089} INFO - Sync 1 DAGs
[2024-07-31T12:16:01.195+0000] {logging_mixin.py:188} INFO - [2024-07-31T12:16:01.195+0000] {dag.py:3947} INFO - Setting next_dagrun for tutorial_objectstorage to None, run_after=None
[2024-07-31T12:16:01.219+0000] {processor.py:183} INFO - Processing /home/airflow/.local/lib/python3.12/site-packages/airflow/example_dags/tutorial_objectstorage.py took 0.077 seconds
[2024-07-31T12:16:31.399+0000] {processor.py:161} INFO - Started process (PID=962) to work on /home/airflow/.local/lib/python3.12/site-packages/airflow/example_dags/tutorial_objectstorage.py
[2024-07-31T12:16:31.399+0000] {processor.py:830} INFO - Processing file /home/airflow/.local/lib/python3.12/site-packages/airflow/example_dags/tutorial_objectstorage.py for tasks to queue
[2024-07-31T12:16:31.401+0000] {logging_mixin.py:188} INFO - [2024-07-31T12:16:31.401+0000] {dagbag.py:545} INFO - Filling up the DagBag from /home/airflow/.local/lib/python3.12/site-packages/airflow/example_dags/tutorial_objectstorage.py
[2024-07-31T12:16:31.408+0000] {processor.py:840} INFO - DAG(s) 'tutorial_objectstorage' retrieved from /home/airflow/.local/lib/python3.12/site-packages/airflow/example_dags/tutorial_objectstorage.py
[2024-07-31T12:16:31.437+0000] {logging_mixin.py:188} INFO - [2024-07-31T12:16:31.437+0000] {dag.py:3089} INFO - Sync 1 DAGs
[2024-07-31T12:16:31.454+0000] {logging_mixin.py:188} INFO - [2024-07-31T12:16:31.454+0000] {dag.py:3947} INFO - Setting next_dagrun for tutorial_objectstorage to None, run_after=None
[2024-07-31T12:16:31.485+0000] {processor.py:183} INFO - Processing /home/airflow/.local/lib/python3.12/site-packages/airflow/example_dags/tutorial_objectstorage.py took 0.092 seconds
[2024-07-31T12:17:02.471+0000] {processor.py:161} INFO - Started process (PID=1019) to work on /home/airflow/.local/lib/python3.12/site-packages/airflow/example_dags/tutorial_objectstorage.py
[2024-07-31T12:17:02.472+0000] {processor.py:830} INFO - Processing file /home/airflow/.local/lib/python3.12/site-packages/airflow/example_dags/tutorial_objectstorage.py for tasks to queue
[2024-07-31T12:17:02.474+0000] {logging_mixin.py:188} INFO - [2024-07-31T12:17:02.474+0000] {dagbag.py:545} INFO - Filling up the DagBag from /home/airflow/.local/lib/python3.12/site-packages/airflow/example_dags/tutorial_objectstorage.py
[2024-07-31T12:17:02.482+0000] {processor.py:840} INFO - DAG(s) 'tutorial_objectstorage' retrieved from /home/airflow/.local/lib/python3.12/site-packages/airflow/example_dags/tutorial_objectstorage.py
[2024-07-31T12:17:02.507+0000] {logging_mixin.py:188} INFO - [2024-07-31T12:17:02.507+0000] {dag.py:3089} INFO - Sync 1 DAGs
[2024-07-31T12:17:02.524+0000] {logging_mixin.py:188} INFO - [2024-07-31T12:17:02.523+0000] {dag.py:3947} INFO - Setting next_dagrun for tutorial_objectstorage to None, run_after=None
[2024-07-31T12:17:02.548+0000] {processor.py:183} INFO - Processing /home/airflow/.local/lib/python3.12/site-packages/airflow/example_dags/tutorial_objectstorage.py took 0.084 seconds
[2024-07-31T12:17:33.449+0000] {processor.py:161} INFO - Started process (PID=1077) to work on /home/airflow/.local/lib/python3.12/site-packages/airflow/example_dags/tutorial_objectstorage.py
[2024-07-31T12:17:33.450+0000] {processor.py:830} INFO - Processing file /home/airflow/.local/lib/python3.12/site-packages/airflow/example_dags/tutorial_objectstorage.py for tasks to queue
[2024-07-31T12:17:33.451+0000] {logging_mixin.py:188} INFO - [2024-07-31T12:17:33.451+0000] {dagbag.py:545} INFO - Filling up the DagBag from /home/airflow/.local/lib/python3.12/site-packages/airflow/example_dags/tutorial_objectstorage.py
[2024-07-31T12:17:33.458+0000] {processor.py:840} INFO - DAG(s) 'tutorial_objectstorage' retrieved from /home/airflow/.local/lib/python3.12/site-packages/airflow/example_dags/tutorial_objectstorage.py
[2024-07-31T12:17:33.476+0000] {logging_mixin.py:188} INFO - [2024-07-31T12:17:33.476+0000] {dag.py:3089} INFO - Sync 1 DAGs
[2024-07-31T12:17:33.490+0000] {logging_mixin.py:188} INFO - [2024-07-31T12:17:33.490+0000] {dag.py:3947} INFO - Setting next_dagrun for tutorial_objectstorage to None, run_after=None
[2024-07-31T12:17:33.520+0000] {processor.py:183} INFO - Processing /home/airflow/.local/lib/python3.12/site-packages/airflow/example_dags/tutorial_objectstorage.py took 0.077 seconds
[2024-07-31T12:18:04.047+0000] {processor.py:161} INFO - Started process (PID=1135) to work on /home/airflow/.local/lib/python3.12/site-packages/airflow/example_dags/tutorial_objectstorage.py
[2024-07-31T12:18:04.047+0000] {processor.py:830} INFO - Processing file /home/airflow/.local/lib/python3.12/site-packages/airflow/example_dags/tutorial_objectstorage.py for tasks to queue
[2024-07-31T12:18:04.049+0000] {logging_mixin.py:188} INFO - [2024-07-31T12:18:04.048+0000] {dagbag.py:545} INFO - Filling up the DagBag from /home/airflow/.local/lib/python3.12/site-packages/airflow/example_dags/tutorial_objectstorage.py
[2024-07-31T12:18:04.055+0000] {processor.py:840} INFO - DAG(s) 'tutorial_objectstorage' retrieved from /home/airflow/.local/lib/python3.12/site-packages/airflow/example_dags/tutorial_objectstorage.py
[2024-07-31T12:18:04.075+0000] {logging_mixin.py:188} INFO - [2024-07-31T12:18:04.075+0000] {dag.py:3089} INFO - Sync 1 DAGs
[2024-07-31T12:18:04.087+0000] {logging_mixin.py:188} INFO - [2024-07-31T12:18:04.086+0000] {dag.py:3947} INFO - Setting next_dagrun for tutorial_objectstorage to None, run_after=None
[2024-07-31T12:18:04.107+0000] {processor.py:183} INFO - Processing /home/airflow/.local/lib/python3.12/site-packages/airflow/example_dags/tutorial_objectstorage.py took 0.065 seconds
[2024-07-31T12:18:34.592+0000] {processor.py:161} INFO - Started process (PID=1193) to work on /home/airflow/.local/lib/python3.12/site-packages/airflow/example_dags/tutorial_objectstorage.py
[2024-07-31T12:18:34.593+0000] {processor.py:830} INFO - Processing file /home/airflow/.local/lib/python3.12/site-packages/airflow/example_dags/tutorial_objectstorage.py for tasks to queue
[2024-07-31T12:18:34.594+0000] {logging_mixin.py:188} INFO - [2024-07-31T12:18:34.594+0000] {dagbag.py:545} INFO - Filling up the DagBag from /home/airflow/.local/lib/python3.12/site-packages/airflow/example_dags/tutorial_objectstorage.py
[2024-07-31T12:18:34.601+0000] {processor.py:840} INFO - DAG(s) 'tutorial_objectstorage' retrieved from /home/airflow/.local/lib/python3.12/site-packages/airflow/example_dags/tutorial_objectstorage.py
[2024-07-31T12:18:34.623+0000] {logging_mixin.py:188} INFO - [2024-07-31T12:18:34.623+0000] {dag.py:3089} INFO - Sync 1 DAGs
[2024-07-31T12:18:34.636+0000] {logging_mixin.py:188} INFO - [2024-07-31T12:18:34.636+0000] {dag.py:3947} INFO - Setting next_dagrun for tutorial_objectstorage to None, run_after=None
[2024-07-31T12:18:34.659+0000] {processor.py:183} INFO - Processing /home/airflow/.local/lib/python3.12/site-packages/airflow/example_dags/tutorial_objectstorage.py took 0.073 seconds
[2024-07-31T12:19:04.722+0000] {processor.py:161} INFO - Started process (PID=1250) to work on /home/airflow/.local/lib/python3.12/site-packages/airflow/example_dags/tutorial_objectstorage.py
[2024-07-31T12:19:04.723+0000] {processor.py:830} INFO - Processing file /home/airflow/.local/lib/python3.12/site-packages/airflow/example_dags/tutorial_objectstorage.py for tasks to queue
[2024-07-31T12:19:04.725+0000] {logging_mixin.py:188} INFO - [2024-07-31T12:19:04.725+0000] {dagbag.py:545} INFO - Filling up the DagBag from /home/airflow/.local/lib/python3.12/site-packages/airflow/example_dags/tutorial_objectstorage.py
[2024-07-31T12:19:04.733+0000] {processor.py:840} INFO - DAG(s) 'tutorial_objectstorage' retrieved from /home/airflow/.local/lib/python3.12/site-packages/airflow/example_dags/tutorial_objectstorage.py
[2024-07-31T12:19:04.752+0000] {logging_mixin.py:188} INFO - [2024-07-31T12:19:04.751+0000] {dag.py:3089} INFO - Sync 1 DAGs
[2024-07-31T12:19:04.768+0000] {logging_mixin.py:188} INFO - [2024-07-31T12:19:04.768+0000] {dag.py:3947} INFO - Setting next_dagrun for tutorial_objectstorage to None, run_after=None
[2024-07-31T12:19:04.792+0000] {processor.py:183} INFO - Processing /home/airflow/.local/lib/python3.12/site-packages/airflow/example_dags/tutorial_objectstorage.py took 0.074 seconds
[2024-07-31T12:19:34.977+0000] {processor.py:161} INFO - Started process (PID=1308) to work on /home/airflow/.local/lib/python3.12/site-packages/airflow/example_dags/tutorial_objectstorage.py
[2024-07-31T12:19:34.978+0000] {processor.py:830} INFO - Processing file /home/airflow/.local/lib/python3.12/site-packages/airflow/example_dags/tutorial_objectstorage.py for tasks to queue
[2024-07-31T12:19:34.980+0000] {logging_mixin.py:188} INFO - [2024-07-31T12:19:34.980+0000] {dagbag.py:545} INFO - Filling up the DagBag from /home/airflow/.local/lib/python3.12/site-packages/airflow/example_dags/tutorial_objectstorage.py
[2024-07-31T12:19:34.987+0000] {processor.py:840} INFO - DAG(s) 'tutorial_objectstorage' retrieved from /home/airflow/.local/lib/python3.12/site-packages/airflow/example_dags/tutorial_objectstorage.py
[2024-07-31T12:19:35.004+0000] {logging_mixin.py:188} INFO - [2024-07-31T12:19:35.004+0000] {dag.py:3089} INFO - Sync 1 DAGs
[2024-07-31T12:19:35.022+0000] {logging_mixin.py:188} INFO - [2024-07-31T12:19:35.022+0000] {dag.py:3947} INFO - Setting next_dagrun for tutorial_objectstorage to None, run_after=None
[2024-07-31T12:19:35.044+0000] {processor.py:183} INFO - Processing /home/airflow/.local/lib/python3.12/site-packages/airflow/example_dags/tutorial_objectstorage.py took 0.074 seconds
[2024-07-31T12:20:05.380+0000] {processor.py:161} INFO - Started process (PID=1366) to work on /home/airflow/.local/lib/python3.12/site-packages/airflow/example_dags/tutorial_objectstorage.py
[2024-07-31T12:20:05.380+0000] {processor.py:830} INFO - Processing file /home/airflow/.local/lib/python3.12/site-packages/airflow/example_dags/tutorial_objectstorage.py for tasks to queue
[2024-07-31T12:20:05.382+0000] {logging_mixin.py:188} INFO - [2024-07-31T12:20:05.382+0000] {dagbag.py:545} INFO - Filling up the DagBag from /home/airflow/.local/lib/python3.12/site-packages/airflow/example_dags/tutorial_objectstorage.py
[2024-07-31T12:20:05.389+0000] {processor.py:840} INFO - DAG(s) 'tutorial_objectstorage' retrieved from /home/airflow/.local/lib/python3.12/site-packages/airflow/example_dags/tutorial_objectstorage.py
[2024-07-31T12:20:05.411+0000] {logging_mixin.py:188} INFO - [2024-07-31T12:20:05.411+0000] {dag.py:3089} INFO - Sync 1 DAGs
[2024-07-31T12:20:05.427+0000] {logging_mixin.py:188} INFO - [2024-07-31T12:20:05.427+0000] {dag.py:3947} INFO - Setting next_dagrun for tutorial_objectstorage to None, run_after=None
[2024-07-31T12:20:05.449+0000] {processor.py:183} INFO - Processing /home/airflow/.local/lib/python3.12/site-packages/airflow/example_dags/tutorial_objectstorage.py took 0.074 seconds
[2024-07-31T12:20:35.771+0000] {processor.py:161} INFO - Started process (PID=1424) to work on /home/airflow/.local/lib/python3.12/site-packages/airflow/example_dags/tutorial_objectstorage.py
[2024-07-31T12:20:35.772+0000] {processor.py:830} INFO - Processing file /home/airflow/.local/lib/python3.12/site-packages/airflow/example_dags/tutorial_objectstorage.py for tasks to queue
[2024-07-31T12:20:35.773+0000] {logging_mixin.py:188} INFO - [2024-07-31T12:20:35.773+0000] {dagbag.py:545} INFO - Filling up the DagBag from /home/airflow/.local/lib/python3.12/site-packages/airflow/example_dags/tutorial_objectstorage.py
[2024-07-31T12:20:35.780+0000] {processor.py:840} INFO - DAG(s) 'tutorial_objectstorage' retrieved from /home/airflow/.local/lib/python3.12/site-packages/airflow/example_dags/tutorial_objectstorage.py
[2024-07-31T12:20:35.802+0000] {logging_mixin.py:188} INFO - [2024-07-31T12:20:35.802+0000] {dag.py:3089} INFO - Sync 1 DAGs
[2024-07-31T12:20:35.820+0000] {logging_mixin.py:188} INFO - [2024-07-31T12:20:35.820+0000] {dag.py:3947} INFO - Setting next_dagrun for tutorial_objectstorage to None, run_after=None
[2024-07-31T12:20:35.847+0000] {processor.py:183} INFO - Processing /home/airflow/.local/lib/python3.12/site-packages/airflow/example_dags/tutorial_objectstorage.py took 0.081 seconds
[2024-07-31T12:21:06.240+0000] {processor.py:161} INFO - Started process (PID=1482) to work on /home/airflow/.local/lib/python3.12/site-packages/airflow/example_dags/tutorial_objectstorage.py
[2024-07-31T12:21:06.240+0000] {processor.py:830} INFO - Processing file /home/airflow/.local/lib/python3.12/site-packages/airflow/example_dags/tutorial_objectstorage.py for tasks to queue
[2024-07-31T12:21:06.242+0000] {logging_mixin.py:188} INFO - [2024-07-31T12:21:06.241+0000] {dagbag.py:545} INFO - Filling up the DagBag from /home/airflow/.local/lib/python3.12/site-packages/airflow/example_dags/tutorial_objectstorage.py
[2024-07-31T12:21:06.248+0000] {processor.py:840} INFO - DAG(s) 'tutorial_objectstorage' retrieved from /home/airflow/.local/lib/python3.12/site-packages/airflow/example_dags/tutorial_objectstorage.py
[2024-07-31T12:21:06.265+0000] {logging_mixin.py:188} INFO - [2024-07-31T12:21:06.265+0000] {dag.py:3089} INFO - Sync 1 DAGs
[2024-07-31T12:21:06.276+0000] {logging_mixin.py:188} INFO - [2024-07-31T12:21:06.276+0000] {dag.py:3947} INFO - Setting next_dagrun for tutorial_objectstorage to None, run_after=None
[2024-07-31T12:21:06.299+0000] {processor.py:183} INFO - Processing /home/airflow/.local/lib/python3.12/site-packages/airflow/example_dags/tutorial_objectstorage.py took 0.064 seconds
[2024-07-31T12:21:36.475+0000] {processor.py:161} INFO - Started process (PID=1540) to work on /home/airflow/.local/lib/python3.12/site-packages/airflow/example_dags/tutorial_objectstorage.py
[2024-07-31T12:21:36.475+0000] {processor.py:830} INFO - Processing file /home/airflow/.local/lib/python3.12/site-packages/airflow/example_dags/tutorial_objectstorage.py for tasks to queue
[2024-07-31T12:21:36.477+0000] {logging_mixin.py:188} INFO - [2024-07-31T12:21:36.477+0000] {dagbag.py:545} INFO - Filling up the DagBag from /home/airflow/.local/lib/python3.12/site-packages/airflow/example_dags/tutorial_objectstorage.py
[2024-07-31T12:21:36.484+0000] {processor.py:840} INFO - DAG(s) 'tutorial_objectstorage' retrieved from /home/airflow/.local/lib/python3.12/site-packages/airflow/example_dags/tutorial_objectstorage.py
[2024-07-31T12:21:36.501+0000] {logging_mixin.py:188} INFO - [2024-07-31T12:21:36.501+0000] {dag.py:3089} INFO - Sync 1 DAGs
[2024-07-31T12:21:36.515+0000] {logging_mixin.py:188} INFO - [2024-07-31T12:21:36.515+0000] {dag.py:3947} INFO - Setting next_dagrun for tutorial_objectstorage to None, run_after=None
[2024-07-31T12:21:36.543+0000] {processor.py:183} INFO - Processing /home/airflow/.local/lib/python3.12/site-packages/airflow/example_dags/tutorial_objectstorage.py took 0.073 seconds
[2024-07-31T12:22:06.955+0000] {processor.py:161} INFO - Started process (PID=1598) to work on /home/airflow/.local/lib/python3.12/site-packages/airflow/example_dags/tutorial_objectstorage.py
[2024-07-31T12:22:06.956+0000] {processor.py:830} INFO - Processing file /home/airflow/.local/lib/python3.12/site-packages/airflow/example_dags/tutorial_objectstorage.py for tasks to queue
[2024-07-31T12:22:06.958+0000] {logging_mixin.py:188} INFO - [2024-07-31T12:22:06.957+0000] {dagbag.py:545} INFO - Filling up the DagBag from /home/airflow/.local/lib/python3.12/site-packages/airflow/example_dags/tutorial_objectstorage.py
[2024-07-31T12:22:06.965+0000] {processor.py:840} INFO - DAG(s) 'tutorial_objectstorage' retrieved from /home/airflow/.local/lib/python3.12/site-packages/airflow/example_dags/tutorial_objectstorage.py
[2024-07-31T12:22:06.993+0000] {logging_mixin.py:188} INFO - [2024-07-31T12:22:06.993+0000] {dag.py:3089} INFO - Sync 1 DAGs
[2024-07-31T12:22:07.014+0000] {logging_mixin.py:188} INFO - [2024-07-31T12:22:07.014+0000] {dag.py:3947} INFO - Setting next_dagrun for tutorial_objectstorage to None, run_after=None
[2024-07-31T12:22:07.051+0000] {processor.py:183} INFO - Processing /home/airflow/.local/lib/python3.12/site-packages/airflow/example_dags/tutorial_objectstorage.py took 0.103 seconds
[2024-07-31T12:22:37.494+0000] {processor.py:161} INFO - Started process (PID=1656) to work on /home/airflow/.local/lib/python3.12/site-packages/airflow/example_dags/tutorial_objectstorage.py
[2024-07-31T12:22:37.494+0000] {processor.py:830} INFO - Processing file /home/airflow/.local/lib/python3.12/site-packages/airflow/example_dags/tutorial_objectstorage.py for tasks to queue
[2024-07-31T12:22:37.496+0000] {logging_mixin.py:188} INFO - [2024-07-31T12:22:37.495+0000] {dagbag.py:545} INFO - Filling up the DagBag from /home/airflow/.local/lib/python3.12/site-packages/airflow/example_dags/tutorial_objectstorage.py
[2024-07-31T12:22:37.504+0000] {processor.py:840} INFO - DAG(s) 'tutorial_objectstorage' retrieved from /home/airflow/.local/lib/python3.12/site-packages/airflow/example_dags/tutorial_objectstorage.py
[2024-07-31T12:22:37.525+0000] {logging_mixin.py:188} INFO - [2024-07-31T12:22:37.524+0000] {dag.py:3089} INFO - Sync 1 DAGs
[2024-07-31T12:22:37.538+0000] {logging_mixin.py:188} INFO - [2024-07-31T12:22:37.538+0000] {dag.py:3947} INFO - Setting next_dagrun for tutorial_objectstorage to None, run_after=None
[2024-07-31T12:22:37.695+0000] {processor.py:183} INFO - Processing /home/airflow/.local/lib/python3.12/site-packages/airflow/example_dags/tutorial_objectstorage.py took 0.206 seconds
[2024-07-31T12:23:07.937+0000] {processor.py:161} INFO - Started process (PID=1713) to work on /home/airflow/.local/lib/python3.12/site-packages/airflow/example_dags/tutorial_objectstorage.py
[2024-07-31T12:23:07.938+0000] {processor.py:830} INFO - Processing file /home/airflow/.local/lib/python3.12/site-packages/airflow/example_dags/tutorial_objectstorage.py for tasks to queue
[2024-07-31T12:23:07.940+0000] {logging_mixin.py:188} INFO - [2024-07-31T12:23:07.940+0000] {dagbag.py:545} INFO - Filling up the DagBag from /home/airflow/.local/lib/python3.12/site-packages/airflow/example_dags/tutorial_objectstorage.py
[2024-07-31T12:23:07.946+0000] {processor.py:840} INFO - DAG(s) 'tutorial_objectstorage' retrieved from /home/airflow/.local/lib/python3.12/site-packages/airflow/example_dags/tutorial_objectstorage.py
[2024-07-31T12:23:07.972+0000] {logging_mixin.py:188} INFO - [2024-07-31T12:23:07.971+0000] {dag.py:3089} INFO - Sync 1 DAGs
[2024-07-31T12:23:07.986+0000] {logging_mixin.py:188} INFO - [2024-07-31T12:23:07.986+0000] {dag.py:3947} INFO - Setting next_dagrun for tutorial_objectstorage to None, run_after=None
[2024-07-31T12:23:08.019+0000] {processor.py:183} INFO - Processing /home/airflow/.local/lib/python3.12/site-packages/airflow/example_dags/tutorial_objectstorage.py took 0.087 seconds
[2024-07-31T12:23:38.118+0000] {processor.py:161} INFO - Started process (PID=1770) to work on /home/airflow/.local/lib/python3.12/site-packages/airflow/example_dags/tutorial_objectstorage.py
[2024-07-31T12:23:38.119+0000] {processor.py:830} INFO - Processing file /home/airflow/.local/lib/python3.12/site-packages/airflow/example_dags/tutorial_objectstorage.py for tasks to queue
[2024-07-31T12:23:38.121+0000] {logging_mixin.py:188} INFO - [2024-07-31T12:23:38.120+0000] {dagbag.py:545} INFO - Filling up the DagBag from /home/airflow/.local/lib/python3.12/site-packages/airflow/example_dags/tutorial_objectstorage.py
[2024-07-31T12:23:38.127+0000] {processor.py:840} INFO - DAG(s) 'tutorial_objectstorage' retrieved from /home/airflow/.local/lib/python3.12/site-packages/airflow/example_dags/tutorial_objectstorage.py
[2024-07-31T12:23:38.147+0000] {logging_mixin.py:188} INFO - [2024-07-31T12:23:38.146+0000] {dag.py:3089} INFO - Sync 1 DAGs
[2024-07-31T12:23:38.160+0000] {logging_mixin.py:188} INFO - [2024-07-31T12:23:38.160+0000] {dag.py:3947} INFO - Setting next_dagrun for tutorial_objectstorage to None, run_after=None
[2024-07-31T12:23:38.188+0000] {processor.py:183} INFO - Processing /home/airflow/.local/lib/python3.12/site-packages/airflow/example_dags/tutorial_objectstorage.py took 0.077 seconds
[2024-07-31T12:24:08.543+0000] {processor.py:161} INFO - Started process (PID=1828) to work on /home/airflow/.local/lib/python3.12/site-packages/airflow/example_dags/tutorial_objectstorage.py
[2024-07-31T12:24:08.545+0000] {processor.py:830} INFO - Processing file /home/airflow/.local/lib/python3.12/site-packages/airflow/example_dags/tutorial_objectstorage.py for tasks to queue
[2024-07-31T12:24:08.547+0000] {logging_mixin.py:188} INFO - [2024-07-31T12:24:08.547+0000] {dagbag.py:545} INFO - Filling up the DagBag from /home/airflow/.local/lib/python3.12/site-packages/airflow/example_dags/tutorial_objectstorage.py
[2024-07-31T12:24:08.559+0000] {processor.py:840} INFO - DAG(s) 'tutorial_objectstorage' retrieved from /home/airflow/.local/lib/python3.12/site-packages/airflow/example_dags/tutorial_objectstorage.py
[2024-07-31T12:24:08.586+0000] {logging_mixin.py:188} INFO - [2024-07-31T12:24:08.585+0000] {dag.py:3089} INFO - Sync 1 DAGs
[2024-07-31T12:24:08.601+0000] {logging_mixin.py:188} INFO - [2024-07-31T12:24:08.601+0000] {dag.py:3947} INFO - Setting next_dagrun for tutorial_objectstorage to None, run_after=None
[2024-07-31T12:24:08.626+0000] {processor.py:183} INFO - Processing /home/airflow/.local/lib/python3.12/site-packages/airflow/example_dags/tutorial_objectstorage.py took 0.091 seconds
[2024-07-31T12:24:38.749+0000] {processor.py:161} INFO - Started process (PID=1886) to work on /home/airflow/.local/lib/python3.12/site-packages/airflow/example_dags/tutorial_objectstorage.py
[2024-07-31T12:24:38.750+0000] {processor.py:830} INFO - Processing file /home/airflow/.local/lib/python3.12/site-packages/airflow/example_dags/tutorial_objectstorage.py for tasks to queue
[2024-07-31T12:24:38.753+0000] {logging_mixin.py:188} INFO - [2024-07-31T12:24:38.752+0000] {dagbag.py:545} INFO - Filling up the DagBag from /home/airflow/.local/lib/python3.12/site-packages/airflow/example_dags/tutorial_objectstorage.py
[2024-07-31T12:24:38.763+0000] {processor.py:840} INFO - DAG(s) 'tutorial_objectstorage' retrieved from /home/airflow/.local/lib/python3.12/site-packages/airflow/example_dags/tutorial_objectstorage.py
[2024-07-31T12:24:38.795+0000] {logging_mixin.py:188} INFO - [2024-07-31T12:24:38.795+0000] {dag.py:3089} INFO - Sync 1 DAGs
[2024-07-31T12:24:38.815+0000] {logging_mixin.py:188} INFO - [2024-07-31T12:24:38.814+0000] {dag.py:3947} INFO - Setting next_dagrun for tutorial_objectstorage to None, run_after=None
[2024-07-31T12:24:38.849+0000] {processor.py:183} INFO - Processing /home/airflow/.local/lib/python3.12/site-packages/airflow/example_dags/tutorial_objectstorage.py took 0.109 seconds
[2024-07-31T12:25:09.671+0000] {processor.py:161} INFO - Started process (PID=1945) to work on /home/airflow/.local/lib/python3.12/site-packages/airflow/example_dags/tutorial_objectstorage.py
[2024-07-31T12:25:09.672+0000] {processor.py:830} INFO - Processing file /home/airflow/.local/lib/python3.12/site-packages/airflow/example_dags/tutorial_objectstorage.py for tasks to queue
[2024-07-31T12:25:09.674+0000] {logging_mixin.py:188} INFO - [2024-07-31T12:25:09.673+0000] {dagbag.py:545} INFO - Filling up the DagBag from /home/airflow/.local/lib/python3.12/site-packages/airflow/example_dags/tutorial_objectstorage.py
[2024-07-31T12:25:09.682+0000] {processor.py:840} INFO - DAG(s) 'tutorial_objectstorage' retrieved from /home/airflow/.local/lib/python3.12/site-packages/airflow/example_dags/tutorial_objectstorage.py
[2024-07-31T12:25:09.703+0000] {logging_mixin.py:188} INFO - [2024-07-31T12:25:09.702+0000] {dag.py:3089} INFO - Sync 1 DAGs
[2024-07-31T12:25:09.721+0000] {logging_mixin.py:188} INFO - [2024-07-31T12:25:09.720+0000] {dag.py:3947} INFO - Setting next_dagrun for tutorial_objectstorage to None, run_after=None
[2024-07-31T12:25:09.753+0000] {processor.py:183} INFO - Processing /home/airflow/.local/lib/python3.12/site-packages/airflow/example_dags/tutorial_objectstorage.py took 0.089 seconds
[2024-07-31T12:25:40.499+0000] {processor.py:161} INFO - Started process (PID=2003) to work on /home/airflow/.local/lib/python3.12/site-packages/airflow/example_dags/tutorial_objectstorage.py
[2024-07-31T12:25:40.501+0000] {processor.py:830} INFO - Processing file /home/airflow/.local/lib/python3.12/site-packages/airflow/example_dags/tutorial_objectstorage.py for tasks to queue
[2024-07-31T12:25:40.502+0000] {logging_mixin.py:188} INFO - [2024-07-31T12:25:40.502+0000] {dagbag.py:545} INFO - Filling up the DagBag from /home/airflow/.local/lib/python3.12/site-packages/airflow/example_dags/tutorial_objectstorage.py
[2024-07-31T12:25:40.510+0000] {processor.py:840} INFO - DAG(s) 'tutorial_objectstorage' retrieved from /home/airflow/.local/lib/python3.12/site-packages/airflow/example_dags/tutorial_objectstorage.py
[2024-07-31T12:25:40.528+0000] {logging_mixin.py:188} INFO - [2024-07-31T12:25:40.528+0000] {dag.py:3089} INFO - Sync 1 DAGs
[2024-07-31T12:25:40.542+0000] {logging_mixin.py:188} INFO - [2024-07-31T12:25:40.541+0000] {dag.py:3947} INFO - Setting next_dagrun for tutorial_objectstorage to None, run_after=None
[2024-07-31T12:25:40.569+0000] {processor.py:183} INFO - Processing /home/airflow/.local/lib/python3.12/site-packages/airflow/example_dags/tutorial_objectstorage.py took 0.077 seconds
[2024-07-31T12:26:10.958+0000] {processor.py:161} INFO - Started process (PID=2061) to work on /home/airflow/.local/lib/python3.12/site-packages/airflow/example_dags/tutorial_objectstorage.py
[2024-07-31T12:26:10.959+0000] {processor.py:830} INFO - Processing file /home/airflow/.local/lib/python3.12/site-packages/airflow/example_dags/tutorial_objectstorage.py for tasks to queue
[2024-07-31T12:26:10.961+0000] {logging_mixin.py:188} INFO - [2024-07-31T12:26:10.961+0000] {dagbag.py:545} INFO - Filling up the DagBag from /home/airflow/.local/lib/python3.12/site-packages/airflow/example_dags/tutorial_objectstorage.py
[2024-07-31T12:26:10.970+0000] {processor.py:840} INFO - DAG(s) 'tutorial_objectstorage' retrieved from /home/airflow/.local/lib/python3.12/site-packages/airflow/example_dags/tutorial_objectstorage.py
[2024-07-31T12:26:10.995+0000] {logging_mixin.py:188} INFO - [2024-07-31T12:26:10.995+0000] {dag.py:3089} INFO - Sync 1 DAGs
[2024-07-31T12:26:11.013+0000] {logging_mixin.py:188} INFO - [2024-07-31T12:26:11.013+0000] {dag.py:3947} INFO - Setting next_dagrun for tutorial_objectstorage to None, run_after=None
[2024-07-31T12:26:11.044+0000] {processor.py:183} INFO - Processing /home/airflow/.local/lib/python3.12/site-packages/airflow/example_dags/tutorial_objectstorage.py took 0.095 seconds
[2024-07-31T12:26:41.792+0000] {processor.py:161} INFO - Started process (PID=2118) to work on /home/airflow/.local/lib/python3.12/site-packages/airflow/example_dags/tutorial_objectstorage.py
[2024-07-31T12:26:41.793+0000] {processor.py:830} INFO - Processing file /home/airflow/.local/lib/python3.12/site-packages/airflow/example_dags/tutorial_objectstorage.py for tasks to queue
[2024-07-31T12:26:41.795+0000] {logging_mixin.py:188} INFO - [2024-07-31T12:26:41.795+0000] {dagbag.py:545} INFO - Filling up the DagBag from /home/airflow/.local/lib/python3.12/site-packages/airflow/example_dags/tutorial_objectstorage.py
[2024-07-31T12:26:41.803+0000] {processor.py:840} INFO - DAG(s) 'tutorial_objectstorage' retrieved from /home/airflow/.local/lib/python3.12/site-packages/airflow/example_dags/tutorial_objectstorage.py
[2024-07-31T12:26:41.820+0000] {logging_mixin.py:188} INFO - [2024-07-31T12:26:41.819+0000] {dag.py:3089} INFO - Sync 1 DAGs
[2024-07-31T12:26:41.831+0000] {logging_mixin.py:188} INFO - [2024-07-31T12:26:41.831+0000] {dag.py:3947} INFO - Setting next_dagrun for tutorial_objectstorage to None, run_after=None
[2024-07-31T12:26:41.852+0000] {processor.py:183} INFO - Processing /home/airflow/.local/lib/python3.12/site-packages/airflow/example_dags/tutorial_objectstorage.py took 0.068 seconds
[2024-07-31T12:27:12.062+0000] {processor.py:161} INFO - Started process (PID=2176) to work on /home/airflow/.local/lib/python3.12/site-packages/airflow/example_dags/tutorial_objectstorage.py
[2024-07-31T12:27:12.062+0000] {processor.py:830} INFO - Processing file /home/airflow/.local/lib/python3.12/site-packages/airflow/example_dags/tutorial_objectstorage.py for tasks to queue
[2024-07-31T12:27:12.064+0000] {logging_mixin.py:188} INFO - [2024-07-31T12:27:12.064+0000] {dagbag.py:545} INFO - Filling up the DagBag from /home/airflow/.local/lib/python3.12/site-packages/airflow/example_dags/tutorial_objectstorage.py
[2024-07-31T12:27:12.073+0000] {processor.py:840} INFO - DAG(s) 'tutorial_objectstorage' retrieved from /home/airflow/.local/lib/python3.12/site-packages/airflow/example_dags/tutorial_objectstorage.py
[2024-07-31T12:27:12.094+0000] {logging_mixin.py:188} INFO - [2024-07-31T12:27:12.094+0000] {dag.py:3089} INFO - Sync 1 DAGs
[2024-07-31T12:27:12.108+0000] {logging_mixin.py:188} INFO - [2024-07-31T12:27:12.108+0000] {dag.py:3947} INFO - Setting next_dagrun for tutorial_objectstorage to None, run_after=None
[2024-07-31T12:27:12.133+0000] {processor.py:183} INFO - Processing /home/airflow/.local/lib/python3.12/site-packages/airflow/example_dags/tutorial_objectstorage.py took 0.077 seconds
[2024-07-31T12:27:42.740+0000] {processor.py:161} INFO - Started process (PID=2234) to work on /home/airflow/.local/lib/python3.12/site-packages/airflow/example_dags/tutorial_objectstorage.py
[2024-07-31T12:27:42.742+0000] {processor.py:830} INFO - Processing file /home/airflow/.local/lib/python3.12/site-packages/airflow/example_dags/tutorial_objectstorage.py for tasks to queue
[2024-07-31T12:27:42.744+0000] {logging_mixin.py:188} INFO - [2024-07-31T12:27:42.744+0000] {dagbag.py:545} INFO - Filling up the DagBag from /home/airflow/.local/lib/python3.12/site-packages/airflow/example_dags/tutorial_objectstorage.py
[2024-07-31T12:27:42.755+0000] {processor.py:840} INFO - DAG(s) 'tutorial_objectstorage' retrieved from /home/airflow/.local/lib/python3.12/site-packages/airflow/example_dags/tutorial_objectstorage.py
[2024-07-31T12:27:42.778+0000] {logging_mixin.py:188} INFO - [2024-07-31T12:27:42.777+0000] {dag.py:3089} INFO - Sync 1 DAGs
[2024-07-31T12:27:42.795+0000] {logging_mixin.py:188} INFO - [2024-07-31T12:27:42.795+0000] {dag.py:3947} INFO - Setting next_dagrun for tutorial_objectstorage to None, run_after=None
[2024-07-31T12:27:42.821+0000] {processor.py:183} INFO - Processing /home/airflow/.local/lib/python3.12/site-packages/airflow/example_dags/tutorial_objectstorage.py took 0.093 seconds
[2024-07-31T12:28:13.631+0000] {processor.py:161} INFO - Started process (PID=2292) to work on /home/airflow/.local/lib/python3.12/site-packages/airflow/example_dags/tutorial_objectstorage.py
[2024-07-31T12:28:13.632+0000] {processor.py:830} INFO - Processing file /home/airflow/.local/lib/python3.12/site-packages/airflow/example_dags/tutorial_objectstorage.py for tasks to queue
[2024-07-31T12:28:13.633+0000] {logging_mixin.py:188} INFO - [2024-07-31T12:28:13.633+0000] {dagbag.py:545} INFO - Filling up the DagBag from /home/airflow/.local/lib/python3.12/site-packages/airflow/example_dags/tutorial_objectstorage.py
[2024-07-31T12:28:13.644+0000] {processor.py:840} INFO - DAG(s) 'tutorial_objectstorage' retrieved from /home/airflow/.local/lib/python3.12/site-packages/airflow/example_dags/tutorial_objectstorage.py
[2024-07-31T12:28:13.670+0000] {logging_mixin.py:188} INFO - [2024-07-31T12:28:13.669+0000] {dag.py:3089} INFO - Sync 1 DAGs
[2024-07-31T12:28:13.692+0000] {logging_mixin.py:188} INFO - [2024-07-31T12:28:13.691+0000] {dag.py:3947} INFO - Setting next_dagrun for tutorial_objectstorage to None, run_after=None
[2024-07-31T12:28:13.726+0000] {processor.py:183} INFO - Processing /home/airflow/.local/lib/python3.12/site-packages/airflow/example_dags/tutorial_objectstorage.py took 0.101 seconds
[2024-07-31T12:28:44.092+0000] {processor.py:161} INFO - Started process (PID=2350) to work on /home/airflow/.local/lib/python3.12/site-packages/airflow/example_dags/tutorial_objectstorage.py
[2024-07-31T12:28:44.094+0000] {processor.py:830} INFO - Processing file /home/airflow/.local/lib/python3.12/site-packages/airflow/example_dags/tutorial_objectstorage.py for tasks to queue
[2024-07-31T12:28:44.096+0000] {logging_mixin.py:188} INFO - [2024-07-31T12:28:44.096+0000] {dagbag.py:545} INFO - Filling up the DagBag from /home/airflow/.local/lib/python3.12/site-packages/airflow/example_dags/tutorial_objectstorage.py
[2024-07-31T12:28:44.104+0000] {processor.py:840} INFO - DAG(s) 'tutorial_objectstorage' retrieved from /home/airflow/.local/lib/python3.12/site-packages/airflow/example_dags/tutorial_objectstorage.py
[2024-07-31T12:28:44.133+0000] {logging_mixin.py:188} INFO - [2024-07-31T12:28:44.132+0000] {dag.py:3089} INFO - Sync 1 DAGs
[2024-07-31T12:28:44.150+0000] {logging_mixin.py:188} INFO - [2024-07-31T12:28:44.149+0000] {dag.py:3947} INFO - Setting next_dagrun for tutorial_objectstorage to None, run_after=None
[2024-07-31T12:28:44.178+0000] {processor.py:183} INFO - Processing /home/airflow/.local/lib/python3.12/site-packages/airflow/example_dags/tutorial_objectstorage.py took 0.096 seconds
[2024-07-31T12:29:14.731+0000] {processor.py:161} INFO - Started process (PID=2408) to work on /home/airflow/.local/lib/python3.12/site-packages/airflow/example_dags/tutorial_objectstorage.py
[2024-07-31T12:29:14.733+0000] {processor.py:830} INFO - Processing file /home/airflow/.local/lib/python3.12/site-packages/airflow/example_dags/tutorial_objectstorage.py for tasks to queue
[2024-07-31T12:29:14.735+0000] {logging_mixin.py:188} INFO - [2024-07-31T12:29:14.735+0000] {dagbag.py:545} INFO - Filling up the DagBag from /home/airflow/.local/lib/python3.12/site-packages/airflow/example_dags/tutorial_objectstorage.py
[2024-07-31T12:29:14.743+0000] {processor.py:840} INFO - DAG(s) 'tutorial_objectstorage' retrieved from /home/airflow/.local/lib/python3.12/site-packages/airflow/example_dags/tutorial_objectstorage.py
[2024-07-31T12:29:14.767+0000] {logging_mixin.py:188} INFO - [2024-07-31T12:29:14.766+0000] {dag.py:3089} INFO - Sync 1 DAGs
[2024-07-31T12:29:14.781+0000] {logging_mixin.py:188} INFO - [2024-07-31T12:29:14.781+0000] {dag.py:3947} INFO - Setting next_dagrun for tutorial_objectstorage to None, run_after=None
[2024-07-31T12:29:14.808+0000] {processor.py:183} INFO - Processing /home/airflow/.local/lib/python3.12/site-packages/airflow/example_dags/tutorial_objectstorage.py took 0.083 seconds
[2024-07-31T12:29:45.324+0000] {processor.py:161} INFO - Started process (PID=2465) to work on /home/airflow/.local/lib/python3.12/site-packages/airflow/example_dags/tutorial_objectstorage.py
[2024-07-31T12:29:45.326+0000] {processor.py:830} INFO - Processing file /home/airflow/.local/lib/python3.12/site-packages/airflow/example_dags/tutorial_objectstorage.py for tasks to queue
[2024-07-31T12:29:45.328+0000] {logging_mixin.py:188} INFO - [2024-07-31T12:29:45.328+0000] {dagbag.py:545} INFO - Filling up the DagBag from /home/airflow/.local/lib/python3.12/site-packages/airflow/example_dags/tutorial_objectstorage.py
[2024-07-31T12:29:45.339+0000] {processor.py:840} INFO - DAG(s) 'tutorial_objectstorage' retrieved from /home/airflow/.local/lib/python3.12/site-packages/airflow/example_dags/tutorial_objectstorage.py
[2024-07-31T12:29:45.364+0000] {logging_mixin.py:188} INFO - [2024-07-31T12:29:45.364+0000] {dag.py:3089} INFO - Sync 1 DAGs
[2024-07-31T12:29:45.382+0000] {logging_mixin.py:188} INFO - [2024-07-31T12:29:45.382+0000] {dag.py:3947} INFO - Setting next_dagrun for tutorial_objectstorage to None, run_after=None
[2024-07-31T12:29:45.408+0000] {processor.py:183} INFO - Processing /home/airflow/.local/lib/python3.12/site-packages/airflow/example_dags/tutorial_objectstorage.py took 0.092 seconds
[2024-07-31T12:30:16.000+0000] {processor.py:161} INFO - Started process (PID=2523) to work on /home/airflow/.local/lib/python3.12/site-packages/airflow/example_dags/tutorial_objectstorage.py
[2024-07-31T12:30:16.001+0000] {processor.py:830} INFO - Processing file /home/airflow/.local/lib/python3.12/site-packages/airflow/example_dags/tutorial_objectstorage.py for tasks to queue
[2024-07-31T12:30:16.003+0000] {logging_mixin.py:188} INFO - [2024-07-31T12:30:16.002+0000] {dagbag.py:545} INFO - Filling up the DagBag from /home/airflow/.local/lib/python3.12/site-packages/airflow/example_dags/tutorial_objectstorage.py
[2024-07-31T12:30:16.011+0000] {processor.py:840} INFO - DAG(s) 'tutorial_objectstorage' retrieved from /home/airflow/.local/lib/python3.12/site-packages/airflow/example_dags/tutorial_objectstorage.py
[2024-07-31T12:30:16.038+0000] {logging_mixin.py:188} INFO - [2024-07-31T12:30:16.038+0000] {dag.py:3089} INFO - Sync 1 DAGs
[2024-07-31T12:30:16.054+0000] {logging_mixin.py:188} INFO - [2024-07-31T12:30:16.054+0000] {dag.py:3947} INFO - Setting next_dagrun for tutorial_objectstorage to None, run_after=None
[2024-07-31T12:30:16.083+0000] {processor.py:183} INFO - Processing /home/airflow/.local/lib/python3.12/site-packages/airflow/example_dags/tutorial_objectstorage.py took 0.090 seconds
[2024-07-31T12:30:46.568+0000] {processor.py:161} INFO - Started process (PID=2581) to work on /home/airflow/.local/lib/python3.12/site-packages/airflow/example_dags/tutorial_objectstorage.py
[2024-07-31T12:30:46.569+0000] {processor.py:830} INFO - Processing file /home/airflow/.local/lib/python3.12/site-packages/airflow/example_dags/tutorial_objectstorage.py for tasks to queue
[2024-07-31T12:30:46.571+0000] {logging_mixin.py:188} INFO - [2024-07-31T12:30:46.570+0000] {dagbag.py:545} INFO - Filling up the DagBag from /home/airflow/.local/lib/python3.12/site-packages/airflow/example_dags/tutorial_objectstorage.py
[2024-07-31T12:30:46.580+0000] {processor.py:840} INFO - DAG(s) 'tutorial_objectstorage' retrieved from /home/airflow/.local/lib/python3.12/site-packages/airflow/example_dags/tutorial_objectstorage.py
[2024-07-31T12:30:46.604+0000] {logging_mixin.py:188} INFO - [2024-07-31T12:30:46.604+0000] {dag.py:3089} INFO - Sync 1 DAGs
[2024-07-31T12:30:46.620+0000] {logging_mixin.py:188} INFO - [2024-07-31T12:30:46.620+0000] {dag.py:3947} INFO - Setting next_dagrun for tutorial_objectstorage to None, run_after=None
[2024-07-31T12:30:46.644+0000] {processor.py:183} INFO - Processing /home/airflow/.local/lib/python3.12/site-packages/airflow/example_dags/tutorial_objectstorage.py took 0.083 seconds
[2024-07-31T12:31:17.145+0000] {processor.py:161} INFO - Started process (PID=2638) to work on /home/airflow/.local/lib/python3.12/site-packages/airflow/example_dags/tutorial_objectstorage.py
[2024-07-31T12:31:17.146+0000] {processor.py:830} INFO - Processing file /home/airflow/.local/lib/python3.12/site-packages/airflow/example_dags/tutorial_objectstorage.py for tasks to queue
[2024-07-31T12:31:17.148+0000] {logging_mixin.py:188} INFO - [2024-07-31T12:31:17.147+0000] {dagbag.py:545} INFO - Filling up the DagBag from /home/airflow/.local/lib/python3.12/site-packages/airflow/example_dags/tutorial_objectstorage.py
[2024-07-31T12:31:17.162+0000] {processor.py:840} INFO - DAG(s) 'tutorial_objectstorage' retrieved from /home/airflow/.local/lib/python3.12/site-packages/airflow/example_dags/tutorial_objectstorage.py
[2024-07-31T12:31:17.203+0000] {logging_mixin.py:188} INFO - [2024-07-31T12:31:17.202+0000] {dag.py:3089} INFO - Sync 1 DAGs
[2024-07-31T12:31:17.226+0000] {logging_mixin.py:188} INFO - [2024-07-31T12:31:17.226+0000] {dag.py:3947} INFO - Setting next_dagrun for tutorial_objectstorage to None, run_after=None
[2024-07-31T12:31:17.267+0000] {processor.py:183} INFO - Processing /home/airflow/.local/lib/python3.12/site-packages/airflow/example_dags/tutorial_objectstorage.py took 0.131 seconds
[2024-07-31T12:31:47.629+0000] {processor.py:161} INFO - Started process (PID=2696) to work on /home/airflow/.local/lib/python3.12/site-packages/airflow/example_dags/tutorial_objectstorage.py
[2024-07-31T12:31:47.630+0000] {processor.py:830} INFO - Processing file /home/airflow/.local/lib/python3.12/site-packages/airflow/example_dags/tutorial_objectstorage.py for tasks to queue
[2024-07-31T12:31:47.632+0000] {logging_mixin.py:188} INFO - [2024-07-31T12:31:47.631+0000] {dagbag.py:545} INFO - Filling up the DagBag from /home/airflow/.local/lib/python3.12/site-packages/airflow/example_dags/tutorial_objectstorage.py
[2024-07-31T12:31:47.641+0000] {processor.py:840} INFO - DAG(s) 'tutorial_objectstorage' retrieved from /home/airflow/.local/lib/python3.12/site-packages/airflow/example_dags/tutorial_objectstorage.py
[2024-07-31T12:31:47.665+0000] {logging_mixin.py:188} INFO - [2024-07-31T12:31:47.665+0000] {dag.py:3089} INFO - Sync 1 DAGs
[2024-07-31T12:31:47.682+0000] {logging_mixin.py:188} INFO - [2024-07-31T12:31:47.681+0000] {dag.py:3947} INFO - Setting next_dagrun for tutorial_objectstorage to None, run_after=None
[2024-07-31T12:31:47.707+0000] {processor.py:183} INFO - Processing /home/airflow/.local/lib/python3.12/site-packages/airflow/example_dags/tutorial_objectstorage.py took 0.084 seconds
[2024-07-31T12:32:17.870+0000] {processor.py:161} INFO - Started process (PID=2754) to work on /home/airflow/.local/lib/python3.12/site-packages/airflow/example_dags/tutorial_objectstorage.py
[2024-07-31T12:32:17.871+0000] {processor.py:830} INFO - Processing file /home/airflow/.local/lib/python3.12/site-packages/airflow/example_dags/tutorial_objectstorage.py for tasks to queue
[2024-07-31T12:32:17.873+0000] {logging_mixin.py:188} INFO - [2024-07-31T12:32:17.873+0000] {dagbag.py:545} INFO - Filling up the DagBag from /home/airflow/.local/lib/python3.12/site-packages/airflow/example_dags/tutorial_objectstorage.py
[2024-07-31T12:32:17.882+0000] {processor.py:840} INFO - DAG(s) 'tutorial_objectstorage' retrieved from /home/airflow/.local/lib/python3.12/site-packages/airflow/example_dags/tutorial_objectstorage.py
[2024-07-31T12:32:17.909+0000] {logging_mixin.py:188} INFO - [2024-07-31T12:32:17.909+0000] {dag.py:3089} INFO - Sync 1 DAGs
[2024-07-31T12:32:17.928+0000] {logging_mixin.py:188} INFO - [2024-07-31T12:32:17.927+0000] {dag.py:3947} INFO - Setting next_dagrun for tutorial_objectstorage to None, run_after=None
[2024-07-31T12:32:17.962+0000] {processor.py:183} INFO - Processing /home/airflow/.local/lib/python3.12/site-packages/airflow/example_dags/tutorial_objectstorage.py took 0.100 seconds
[2024-07-31T12:32:48.334+0000] {processor.py:161} INFO - Started process (PID=2812) to work on /home/airflow/.local/lib/python3.12/site-packages/airflow/example_dags/tutorial_objectstorage.py
[2024-07-31T12:32:48.335+0000] {processor.py:830} INFO - Processing file /home/airflow/.local/lib/python3.12/site-packages/airflow/example_dags/tutorial_objectstorage.py for tasks to queue
[2024-07-31T12:32:48.338+0000] {logging_mixin.py:188} INFO - [2024-07-31T12:32:48.337+0000] {dagbag.py:545} INFO - Filling up the DagBag from /home/airflow/.local/lib/python3.12/site-packages/airflow/example_dags/tutorial_objectstorage.py
[2024-07-31T12:32:48.345+0000] {processor.py:840} INFO - DAG(s) 'tutorial_objectstorage' retrieved from /home/airflow/.local/lib/python3.12/site-packages/airflow/example_dags/tutorial_objectstorage.py
[2024-07-31T12:32:48.364+0000] {logging_mixin.py:188} INFO - [2024-07-31T12:32:48.363+0000] {dag.py:3089} INFO - Sync 1 DAGs
[2024-07-31T12:32:48.377+0000] {logging_mixin.py:188} INFO - [2024-07-31T12:32:48.377+0000] {dag.py:3947} INFO - Setting next_dagrun for tutorial_objectstorage to None, run_after=None
[2024-07-31T12:32:48.400+0000] {processor.py:183} INFO - Processing /home/airflow/.local/lib/python3.12/site-packages/airflow/example_dags/tutorial_objectstorage.py took 0.075 seconds
[2024-07-31T12:33:19.202+0000] {processor.py:161} INFO - Started process (PID=2870) to work on /home/airflow/.local/lib/python3.12/site-packages/airflow/example_dags/tutorial_objectstorage.py
[2024-07-31T12:33:19.202+0000] {processor.py:830} INFO - Processing file /home/airflow/.local/lib/python3.12/site-packages/airflow/example_dags/tutorial_objectstorage.py for tasks to queue
[2024-07-31T12:33:19.204+0000] {logging_mixin.py:188} INFO - [2024-07-31T12:33:19.204+0000] {dagbag.py:545} INFO - Filling up the DagBag from /home/airflow/.local/lib/python3.12/site-packages/airflow/example_dags/tutorial_objectstorage.py
[2024-07-31T12:33:19.210+0000] {processor.py:840} INFO - DAG(s) 'tutorial_objectstorage' retrieved from /home/airflow/.local/lib/python3.12/site-packages/airflow/example_dags/tutorial_objectstorage.py
[2024-07-31T12:33:19.234+0000] {logging_mixin.py:188} INFO - [2024-07-31T12:33:19.233+0000] {dag.py:3089} INFO - Sync 1 DAGs
[2024-07-31T12:33:19.246+0000] {logging_mixin.py:188} INFO - [2024-07-31T12:33:19.246+0000] {dag.py:3947} INFO - Setting next_dagrun for tutorial_objectstorage to None, run_after=None
[2024-07-31T12:33:19.274+0000] {processor.py:183} INFO - Processing /home/airflow/.local/lib/python3.12/site-packages/airflow/example_dags/tutorial_objectstorage.py took 0.077 seconds
[2024-07-31T12:33:49.691+0000] {processor.py:161} INFO - Started process (PID=2928) to work on /home/airflow/.local/lib/python3.12/site-packages/airflow/example_dags/tutorial_objectstorage.py
[2024-07-31T12:33:49.692+0000] {processor.py:830} INFO - Processing file /home/airflow/.local/lib/python3.12/site-packages/airflow/example_dags/tutorial_objectstorage.py for tasks to queue
[2024-07-31T12:33:49.695+0000] {logging_mixin.py:188} INFO - [2024-07-31T12:33:49.695+0000] {dagbag.py:545} INFO - Filling up the DagBag from /home/airflow/.local/lib/python3.12/site-packages/airflow/example_dags/tutorial_objectstorage.py
[2024-07-31T12:33:49.708+0000] {processor.py:840} INFO - DAG(s) 'tutorial_objectstorage' retrieved from /home/airflow/.local/lib/python3.12/site-packages/airflow/example_dags/tutorial_objectstorage.py
[2024-07-31T12:33:49.730+0000] {logging_mixin.py:188} INFO - [2024-07-31T12:33:49.730+0000] {dag.py:3089} INFO - Sync 1 DAGs
[2024-07-31T12:33:49.745+0000] {logging_mixin.py:188} INFO - [2024-07-31T12:33:49.745+0000] {dag.py:3947} INFO - Setting next_dagrun for tutorial_objectstorage to None, run_after=None
[2024-07-31T12:33:49.775+0000] {processor.py:183} INFO - Processing /home/airflow/.local/lib/python3.12/site-packages/airflow/example_dags/tutorial_objectstorage.py took 0.095 seconds
[2024-07-31T12:34:20.011+0000] {processor.py:161} INFO - Started process (PID=2986) to work on /home/airflow/.local/lib/python3.12/site-packages/airflow/example_dags/tutorial_objectstorage.py
[2024-07-31T12:34:20.012+0000] {processor.py:830} INFO - Processing file /home/airflow/.local/lib/python3.12/site-packages/airflow/example_dags/tutorial_objectstorage.py for tasks to queue
[2024-07-31T12:34:20.014+0000] {logging_mixin.py:188} INFO - [2024-07-31T12:34:20.014+0000] {dagbag.py:545} INFO - Filling up the DagBag from /home/airflow/.local/lib/python3.12/site-packages/airflow/example_dags/tutorial_objectstorage.py
[2024-07-31T12:34:20.024+0000] {processor.py:840} INFO - DAG(s) 'tutorial_objectstorage' retrieved from /home/airflow/.local/lib/python3.12/site-packages/airflow/example_dags/tutorial_objectstorage.py
[2024-07-31T12:34:20.046+0000] {logging_mixin.py:188} INFO - [2024-07-31T12:34:20.045+0000] {dag.py:3089} INFO - Sync 1 DAGs
[2024-07-31T12:34:20.066+0000] {logging_mixin.py:188} INFO - [2024-07-31T12:34:20.066+0000] {dag.py:3947} INFO - Setting next_dagrun for tutorial_objectstorage to None, run_after=None
[2024-07-31T12:34:20.099+0000] {processor.py:183} INFO - Processing /home/airflow/.local/lib/python3.12/site-packages/airflow/example_dags/tutorial_objectstorage.py took 0.094 seconds
[2024-07-31T12:34:50.215+0000] {processor.py:161} INFO - Started process (PID=3041) to work on /home/airflow/.local/lib/python3.12/site-packages/airflow/example_dags/tutorial_objectstorage.py
[2024-07-31T12:34:50.217+0000] {processor.py:830} INFO - Processing file /home/airflow/.local/lib/python3.12/site-packages/airflow/example_dags/tutorial_objectstorage.py for tasks to queue
[2024-07-31T12:34:50.219+0000] {logging_mixin.py:188} INFO - [2024-07-31T12:34:50.218+0000] {dagbag.py:545} INFO - Filling up the DagBag from /home/airflow/.local/lib/python3.12/site-packages/airflow/example_dags/tutorial_objectstorage.py
[2024-07-31T12:34:50.227+0000] {processor.py:840} INFO - DAG(s) 'tutorial_objectstorage' retrieved from /home/airflow/.local/lib/python3.12/site-packages/airflow/example_dags/tutorial_objectstorage.py
[2024-07-31T12:34:50.259+0000] {logging_mixin.py:188} INFO - [2024-07-31T12:34:50.258+0000] {dag.py:3089} INFO - Sync 1 DAGs
[2024-07-31T12:34:50.282+0000] {logging_mixin.py:188} INFO - [2024-07-31T12:34:50.282+0000] {dag.py:3947} INFO - Setting next_dagrun for tutorial_objectstorage to None, run_after=None
[2024-07-31T12:34:50.328+0000] {processor.py:183} INFO - Processing /home/airflow/.local/lib/python3.12/site-packages/airflow/example_dags/tutorial_objectstorage.py took 0.119 seconds
[2024-07-31T12:35:20.439+0000] {processor.py:161} INFO - Started process (PID=3098) to work on /home/airflow/.local/lib/python3.12/site-packages/airflow/example_dags/tutorial_objectstorage.py
[2024-07-31T12:35:20.441+0000] {processor.py:830} INFO - Processing file /home/airflow/.local/lib/python3.12/site-packages/airflow/example_dags/tutorial_objectstorage.py for tasks to queue
[2024-07-31T12:35:20.443+0000] {logging_mixin.py:188} INFO - [2024-07-31T12:35:20.443+0000] {dagbag.py:545} INFO - Filling up the DagBag from /home/airflow/.local/lib/python3.12/site-packages/airflow/example_dags/tutorial_objectstorage.py
[2024-07-31T12:35:20.451+0000] {processor.py:840} INFO - DAG(s) 'tutorial_objectstorage' retrieved from /home/airflow/.local/lib/python3.12/site-packages/airflow/example_dags/tutorial_objectstorage.py
[2024-07-31T12:35:20.470+0000] {logging_mixin.py:188} INFO - [2024-07-31T12:35:20.469+0000] {dag.py:3089} INFO - Sync 1 DAGs
[2024-07-31T12:35:20.485+0000] {logging_mixin.py:188} INFO - [2024-07-31T12:35:20.485+0000] {dag.py:3947} INFO - Setting next_dagrun for tutorial_objectstorage to None, run_after=None
[2024-07-31T12:35:20.511+0000] {processor.py:183} INFO - Processing /home/airflow/.local/lib/python3.12/site-packages/airflow/example_dags/tutorial_objectstorage.py took 0.077 seconds
[2024-07-31T12:35:50.853+0000] {processor.py:161} INFO - Started process (PID=3155) to work on /home/airflow/.local/lib/python3.12/site-packages/airflow/example_dags/tutorial_objectstorage.py
[2024-07-31T12:35:50.855+0000] {processor.py:830} INFO - Processing file /home/airflow/.local/lib/python3.12/site-packages/airflow/example_dags/tutorial_objectstorage.py for tasks to queue
[2024-07-31T12:35:50.857+0000] {logging_mixin.py:188} INFO - [2024-07-31T12:35:50.857+0000] {dagbag.py:545} INFO - Filling up the DagBag from /home/airflow/.local/lib/python3.12/site-packages/airflow/example_dags/tutorial_objectstorage.py
[2024-07-31T12:35:50.870+0000] {processor.py:840} INFO - DAG(s) 'tutorial_objectstorage' retrieved from /home/airflow/.local/lib/python3.12/site-packages/airflow/example_dags/tutorial_objectstorage.py
[2024-07-31T12:35:50.902+0000] {logging_mixin.py:188} INFO - [2024-07-31T12:35:50.901+0000] {dag.py:3089} INFO - Sync 1 DAGs
[2024-07-31T12:35:50.919+0000] {logging_mixin.py:188} INFO - [2024-07-31T12:35:50.919+0000] {dag.py:3947} INFO - Setting next_dagrun for tutorial_objectstorage to None, run_after=None
[2024-07-31T12:35:50.967+0000] {processor.py:183} INFO - Processing /home/airflow/.local/lib/python3.12/site-packages/airflow/example_dags/tutorial_objectstorage.py took 0.123 seconds
[2024-07-31T12:36:21.158+0000] {processor.py:161} INFO - Started process (PID=3212) to work on /home/airflow/.local/lib/python3.12/site-packages/airflow/example_dags/tutorial_objectstorage.py
[2024-07-31T12:36:21.159+0000] {processor.py:830} INFO - Processing file /home/airflow/.local/lib/python3.12/site-packages/airflow/example_dags/tutorial_objectstorage.py for tasks to queue
[2024-07-31T12:36:21.161+0000] {logging_mixin.py:188} INFO - [2024-07-31T12:36:21.160+0000] {dagbag.py:545} INFO - Filling up the DagBag from /home/airflow/.local/lib/python3.12/site-packages/airflow/example_dags/tutorial_objectstorage.py
[2024-07-31T12:36:21.171+0000] {processor.py:840} INFO - DAG(s) 'tutorial_objectstorage' retrieved from /home/airflow/.local/lib/python3.12/site-packages/airflow/example_dags/tutorial_objectstorage.py
[2024-07-31T12:36:21.200+0000] {logging_mixin.py:188} INFO - [2024-07-31T12:36:21.200+0000] {dag.py:3089} INFO - Sync 1 DAGs
[2024-07-31T12:36:21.221+0000] {logging_mixin.py:188} INFO - [2024-07-31T12:36:21.221+0000] {dag.py:3947} INFO - Setting next_dagrun for tutorial_objectstorage to None, run_after=None
[2024-07-31T12:36:21.265+0000] {processor.py:183} INFO - Processing /home/airflow/.local/lib/python3.12/site-packages/airflow/example_dags/tutorial_objectstorage.py took 0.115 seconds
[2024-07-31T12:36:51.540+0000] {processor.py:161} INFO - Started process (PID=3269) to work on /home/airflow/.local/lib/python3.12/site-packages/airflow/example_dags/tutorial_objectstorage.py
[2024-07-31T12:36:51.541+0000] {processor.py:830} INFO - Processing file /home/airflow/.local/lib/python3.12/site-packages/airflow/example_dags/tutorial_objectstorage.py for tasks to queue
[2024-07-31T12:36:51.543+0000] {logging_mixin.py:188} INFO - [2024-07-31T12:36:51.543+0000] {dagbag.py:545} INFO - Filling up the DagBag from /home/airflow/.local/lib/python3.12/site-packages/airflow/example_dags/tutorial_objectstorage.py
[2024-07-31T12:36:51.550+0000] {processor.py:840} INFO - DAG(s) 'tutorial_objectstorage' retrieved from /home/airflow/.local/lib/python3.12/site-packages/airflow/example_dags/tutorial_objectstorage.py
[2024-07-31T12:36:51.573+0000] {logging_mixin.py:188} INFO - [2024-07-31T12:36:51.572+0000] {dag.py:3089} INFO - Sync 1 DAGs
[2024-07-31T12:36:51.587+0000] {logging_mixin.py:188} INFO - [2024-07-31T12:36:51.586+0000] {dag.py:3947} INFO - Setting next_dagrun for tutorial_objectstorage to None, run_after=None
[2024-07-31T12:36:51.611+0000] {processor.py:183} INFO - Processing /home/airflow/.local/lib/python3.12/site-packages/airflow/example_dags/tutorial_objectstorage.py took 0.076 seconds
[2024-07-31T12:37:21.810+0000] {processor.py:161} INFO - Started process (PID=3327) to work on /home/airflow/.local/lib/python3.12/site-packages/airflow/example_dags/tutorial_objectstorage.py
[2024-07-31T12:37:21.810+0000] {processor.py:830} INFO - Processing file /home/airflow/.local/lib/python3.12/site-packages/airflow/example_dags/tutorial_objectstorage.py for tasks to queue
[2024-07-31T12:37:21.812+0000] {logging_mixin.py:188} INFO - [2024-07-31T12:37:21.812+0000] {dagbag.py:545} INFO - Filling up the DagBag from /home/airflow/.local/lib/python3.12/site-packages/airflow/example_dags/tutorial_objectstorage.py
[2024-07-31T12:37:21.820+0000] {processor.py:840} INFO - DAG(s) 'tutorial_objectstorage' retrieved from /home/airflow/.local/lib/python3.12/site-packages/airflow/example_dags/tutorial_objectstorage.py
[2024-07-31T12:37:21.840+0000] {logging_mixin.py:188} INFO - [2024-07-31T12:37:21.840+0000] {dag.py:3089} INFO - Sync 1 DAGs
[2024-07-31T12:37:21.855+0000] {logging_mixin.py:188} INFO - [2024-07-31T12:37:21.854+0000] {dag.py:3947} INFO - Setting next_dagrun for tutorial_objectstorage to None, run_after=None
[2024-07-31T12:37:21.886+0000] {processor.py:183} INFO - Processing /home/airflow/.local/lib/python3.12/site-packages/airflow/example_dags/tutorial_objectstorage.py took 0.081 seconds
[2024-07-31T12:37:52.621+0000] {processor.py:161} INFO - Started process (PID=3384) to work on /home/airflow/.local/lib/python3.12/site-packages/airflow/example_dags/tutorial_objectstorage.py
[2024-07-31T12:37:52.622+0000] {processor.py:830} INFO - Processing file /home/airflow/.local/lib/python3.12/site-packages/airflow/example_dags/tutorial_objectstorage.py for tasks to queue
[2024-07-31T12:37:52.624+0000] {logging_mixin.py:188} INFO - [2024-07-31T12:37:52.623+0000] {dagbag.py:545} INFO - Filling up the DagBag from /home/airflow/.local/lib/python3.12/site-packages/airflow/example_dags/tutorial_objectstorage.py
[2024-07-31T12:37:52.630+0000] {processor.py:840} INFO - DAG(s) 'tutorial_objectstorage' retrieved from /home/airflow/.local/lib/python3.12/site-packages/airflow/example_dags/tutorial_objectstorage.py
[2024-07-31T12:37:52.651+0000] {logging_mixin.py:188} INFO - [2024-07-31T12:37:52.650+0000] {dag.py:3089} INFO - Sync 1 DAGs
[2024-07-31T12:37:52.668+0000] {logging_mixin.py:188} INFO - [2024-07-31T12:37:52.668+0000] {dag.py:3947} INFO - Setting next_dagrun for tutorial_objectstorage to None, run_after=None
[2024-07-31T12:37:52.704+0000] {processor.py:183} INFO - Processing /home/airflow/.local/lib/python3.12/site-packages/airflow/example_dags/tutorial_objectstorage.py took 0.089 seconds
[2024-07-31T12:38:23.380+0000] {processor.py:161} INFO - Started process (PID=3442) to work on /home/airflow/.local/lib/python3.12/site-packages/airflow/example_dags/tutorial_objectstorage.py
[2024-07-31T12:38:23.381+0000] {processor.py:830} INFO - Processing file /home/airflow/.local/lib/python3.12/site-packages/airflow/example_dags/tutorial_objectstorage.py for tasks to queue
[2024-07-31T12:38:23.383+0000] {logging_mixin.py:188} INFO - [2024-07-31T12:38:23.382+0000] {dagbag.py:545} INFO - Filling up the DagBag from /home/airflow/.local/lib/python3.12/site-packages/airflow/example_dags/tutorial_objectstorage.py
[2024-07-31T12:38:23.394+0000] {processor.py:840} INFO - DAG(s) 'tutorial_objectstorage' retrieved from /home/airflow/.local/lib/python3.12/site-packages/airflow/example_dags/tutorial_objectstorage.py
[2024-07-31T12:38:23.423+0000] {logging_mixin.py:188} INFO - [2024-07-31T12:38:23.423+0000] {dag.py:3089} INFO - Sync 1 DAGs
[2024-07-31T12:38:23.445+0000] {logging_mixin.py:188} INFO - [2024-07-31T12:38:23.444+0000] {dag.py:3947} INFO - Setting next_dagrun for tutorial_objectstorage to None, run_after=None
[2024-07-31T12:38:23.481+0000] {processor.py:183} INFO - Processing /home/airflow/.local/lib/python3.12/site-packages/airflow/example_dags/tutorial_objectstorage.py took 0.110 seconds
[2024-07-31T16:44:29.705+0000] {processor.py:161} INFO - Started process (PID=101) to work on /home/airflow/.local/lib/python3.12/site-packages/airflow/example_dags/tutorial_objectstorage.py
[2024-07-31T16:44:29.705+0000] {processor.py:830} INFO - Processing file /home/airflow/.local/lib/python3.12/site-packages/airflow/example_dags/tutorial_objectstorage.py for tasks to queue
[2024-07-31T16:44:29.706+0000] {logging_mixin.py:188} INFO - [2024-07-31T16:44:29.706+0000] {dagbag.py:545} INFO - Filling up the DagBag from /home/airflow/.local/lib/python3.12/site-packages/airflow/example_dags/tutorial_objectstorage.py
[2024-07-31T16:44:29.716+0000] {processor.py:840} INFO - DAG(s) 'tutorial_objectstorage' retrieved from /home/airflow/.local/lib/python3.12/site-packages/airflow/example_dags/tutorial_objectstorage.py
[2024-07-31T16:44:29.824+0000] {logging_mixin.py:188} INFO - [2024-07-31T16:44:29.824+0000] {dag.py:3089} INFO - Sync 1 DAGs
[2024-07-31T16:44:29.834+0000] {logging_mixin.py:188} INFO - [2024-07-31T16:44:29.834+0000] {dag.py:3947} INFO - Setting next_dagrun for tutorial_objectstorage to None, run_after=None
[2024-07-31T16:44:29.857+0000] {processor.py:183} INFO - Processing /home/airflow/.local/lib/python3.12/site-packages/airflow/example_dags/tutorial_objectstorage.py took 0.157 seconds
[2024-07-31T16:45:00.154+0000] {processor.py:161} INFO - Started process (PID=158) to work on /home/airflow/.local/lib/python3.12/site-packages/airflow/example_dags/tutorial_objectstorage.py
[2024-07-31T16:45:00.161+0000] {processor.py:830} INFO - Processing file /home/airflow/.local/lib/python3.12/site-packages/airflow/example_dags/tutorial_objectstorage.py for tasks to queue
[2024-07-31T16:45:00.163+0000] {logging_mixin.py:188} INFO - [2024-07-31T16:45:00.162+0000] {dagbag.py:545} INFO - Filling up the DagBag from /home/airflow/.local/lib/python3.12/site-packages/airflow/example_dags/tutorial_objectstorage.py
[2024-07-31T16:45:00.197+0000] {processor.py:840} INFO - DAG(s) 'tutorial_objectstorage' retrieved from /home/airflow/.local/lib/python3.12/site-packages/airflow/example_dags/tutorial_objectstorage.py
[2024-07-31T16:45:00.282+0000] {logging_mixin.py:188} INFO - [2024-07-31T16:45:00.282+0000] {dag.py:3089} INFO - Sync 1 DAGs
[2024-07-31T16:45:00.317+0000] {logging_mixin.py:188} INFO - [2024-07-31T16:45:00.317+0000] {dag.py:3947} INFO - Setting next_dagrun for tutorial_objectstorage to None, run_after=None
[2024-07-31T16:45:00.383+0000] {processor.py:183} INFO - Processing /home/airflow/.local/lib/python3.12/site-packages/airflow/example_dags/tutorial_objectstorage.py took 0.266 seconds
[2024-07-31T16:45:30.538+0000] {processor.py:161} INFO - Started process (PID=216) to work on /home/airflow/.local/lib/python3.12/site-packages/airflow/example_dags/tutorial_objectstorage.py
[2024-07-31T16:45:30.539+0000] {processor.py:830} INFO - Processing file /home/airflow/.local/lib/python3.12/site-packages/airflow/example_dags/tutorial_objectstorage.py for tasks to queue
[2024-07-31T16:45:30.541+0000] {logging_mixin.py:188} INFO - [2024-07-31T16:45:30.540+0000] {dagbag.py:545} INFO - Filling up the DagBag from /home/airflow/.local/lib/python3.12/site-packages/airflow/example_dags/tutorial_objectstorage.py
[2024-07-31T16:45:30.556+0000] {processor.py:840} INFO - DAG(s) 'tutorial_objectstorage' retrieved from /home/airflow/.local/lib/python3.12/site-packages/airflow/example_dags/tutorial_objectstorage.py
[2024-07-31T16:45:30.598+0000] {logging_mixin.py:188} INFO - [2024-07-31T16:45:30.598+0000] {dag.py:3089} INFO - Sync 1 DAGs
[2024-07-31T16:45:30.621+0000] {logging_mixin.py:188} INFO - [2024-07-31T16:45:30.620+0000] {dag.py:3947} INFO - Setting next_dagrun for tutorial_objectstorage to None, run_after=None
[2024-07-31T16:45:30.696+0000] {processor.py:183} INFO - Processing /home/airflow/.local/lib/python3.12/site-packages/airflow/example_dags/tutorial_objectstorage.py took 0.175 seconds
[2024-07-31T16:46:01.265+0000] {processor.py:161} INFO - Started process (PID=274) to work on /home/airflow/.local/lib/python3.12/site-packages/airflow/example_dags/tutorial_objectstorage.py
[2024-07-31T16:46:01.266+0000] {processor.py:830} INFO - Processing file /home/airflow/.local/lib/python3.12/site-packages/airflow/example_dags/tutorial_objectstorage.py for tasks to queue
[2024-07-31T16:46:01.267+0000] {logging_mixin.py:188} INFO - [2024-07-31T16:46:01.266+0000] {dagbag.py:545} INFO - Filling up the DagBag from /home/airflow/.local/lib/python3.12/site-packages/airflow/example_dags/tutorial_objectstorage.py
[2024-07-31T16:46:01.276+0000] {processor.py:840} INFO - DAG(s) 'tutorial_objectstorage' retrieved from /home/airflow/.local/lib/python3.12/site-packages/airflow/example_dags/tutorial_objectstorage.py
[2024-07-31T16:46:01.300+0000] {logging_mixin.py:188} INFO - [2024-07-31T16:46:01.299+0000] {dag.py:3089} INFO - Sync 1 DAGs
[2024-07-31T16:46:01.313+0000] {logging_mixin.py:188} INFO - [2024-07-31T16:46:01.313+0000] {dag.py:3947} INFO - Setting next_dagrun for tutorial_objectstorage to None, run_after=None
[2024-07-31T16:46:01.336+0000] {processor.py:183} INFO - Processing /home/airflow/.local/lib/python3.12/site-packages/airflow/example_dags/tutorial_objectstorage.py took 0.080 seconds
